[2021-12-10 08:23:33,712] {processor.py:163} INFO - Started process (PID=120) to work on /home/airflow/.local/lib/python3.7/site-packages/airflow/example_dags/example_branch_datetime_operator.py
[2021-12-10 08:23:33,714] {processor.py:625} INFO - Processing file /home/airflow/.local/lib/python3.7/site-packages/airflow/example_dags/example_branch_datetime_operator.py for tasks to queue
[2021-12-10 08:23:33,714] {logging_mixin.py:109} INFO - [2021-12-10 08:23:33,714] {dagbag.py:500} INFO - Filling up the DagBag from /home/airflow/.local/lib/python3.7/site-packages/airflow/example_dags/example_branch_datetime_operator.py
[2021-12-10 08:23:33,753] {processor.py:637} INFO - DAG(s) dict_keys(['example_branch_datetime_operator_2']) retrieved from /home/airflow/.local/lib/python3.7/site-packages/airflow/example_dags/example_branch_datetime_operator.py
[2021-12-10 08:23:35,126] {logging_mixin.py:109} INFO - [2021-12-10 08:23:35,126] {providers_manager.py:156} WARNING - Exception when importing 'airflow.providers.google.leveldb.hooks.leveldb.LevelDBHook' from 'apache-airflow-providers-google' package: No module named 'plyvel'
[2021-12-10 08:23:35,592] {logging_mixin.py:109} INFO - [2021-12-10 08:23:35,592] {providers_manager.py:156} WARNING - Exception when importing 'airflow.providers.google.leveldb.hooks.leveldb.LevelDBHook' from 'apache-airflow-providers-google' package: No module named 'plyvel'
[2021-12-10 08:23:35,613] {logging_mixin.py:109} INFO - [2021-12-10 08:23:35,612] {manager.py:496} INFO - Created Permission View: can read on DAG:example_branch_datetime_operator_2
[2021-12-10 08:23:35,620] {logging_mixin.py:109} INFO - [2021-12-10 08:23:35,620] {manager.py:496} INFO - Created Permission View: can edit on DAG:example_branch_datetime_operator_2
[2021-12-10 08:23:35,623] {logging_mixin.py:109} INFO - [2021-12-10 08:23:35,620] {dag.py:2396} INFO - Sync 1 DAGs
[2021-12-10 08:23:35,630] {logging_mixin.py:109} INFO - [2021-12-10 08:23:35,629] {dag.py:2415} INFO - Creating ORM DAG for example_branch_datetime_operator_2
[2021-12-10 08:23:35,639] {logging_mixin.py:109} INFO - [2021-12-10 08:23:35,639] {dag.py:2928} INFO - Setting next_dagrun for example_branch_datetime_operator_2 to 2021-12-09 00:00:00+00:00
[2021-12-10 08:23:35,651] {processor.py:171} INFO - Processing /home/airflow/.local/lib/python3.7/site-packages/airflow/example_dags/example_branch_datetime_operator.py took 1.944 seconds
[2021-12-10 08:24:06,303] {processor.py:163} INFO - Started process (PID=365) to work on /home/airflow/.local/lib/python3.7/site-packages/airflow/example_dags/example_branch_datetime_operator.py
[2021-12-10 08:24:06,305] {processor.py:625} INFO - Processing file /home/airflow/.local/lib/python3.7/site-packages/airflow/example_dags/example_branch_datetime_operator.py for tasks to queue
[2021-12-10 08:24:06,306] {logging_mixin.py:109} INFO - [2021-12-10 08:24:06,306] {dagbag.py:500} INFO - Filling up the DagBag from /home/airflow/.local/lib/python3.7/site-packages/airflow/example_dags/example_branch_datetime_operator.py
[2021-12-10 08:24:06,336] {processor.py:637} INFO - DAG(s) dict_keys(['example_branch_datetime_operator_2']) retrieved from /home/airflow/.local/lib/python3.7/site-packages/airflow/example_dags/example_branch_datetime_operator.py
[2021-12-10 08:24:06,346] {logging_mixin.py:109} INFO - [2021-12-10 08:24:06,346] {dag.py:2396} INFO - Sync 1 DAGs
[2021-12-10 08:24:06,364] {logging_mixin.py:109} INFO - [2021-12-10 08:24:06,363] {dag.py:2928} INFO - Setting next_dagrun for example_branch_datetime_operator_2 to 2021-12-09 00:00:00+00:00
[2021-12-10 08:24:06,372] {processor.py:171} INFO - Processing /home/airflow/.local/lib/python3.7/site-packages/airflow/example_dags/example_branch_datetime_operator.py took 0.073 seconds
[2021-12-10 08:24:36,521] {processor.py:163} INFO - Started process (PID=426) to work on /home/airflow/.local/lib/python3.7/site-packages/airflow/example_dags/example_branch_datetime_operator.py
[2021-12-10 08:24:36,522] {processor.py:625} INFO - Processing file /home/airflow/.local/lib/python3.7/site-packages/airflow/example_dags/example_branch_datetime_operator.py for tasks to queue
[2021-12-10 08:24:36,523] {logging_mixin.py:109} INFO - [2021-12-10 08:24:36,522] {dagbag.py:500} INFO - Filling up the DagBag from /home/airflow/.local/lib/python3.7/site-packages/airflow/example_dags/example_branch_datetime_operator.py
[2021-12-10 08:24:36,551] {processor.py:637} INFO - DAG(s) dict_keys(['example_branch_datetime_operator_2']) retrieved from /home/airflow/.local/lib/python3.7/site-packages/airflow/example_dags/example_branch_datetime_operator.py
[2021-12-10 08:24:36,561] {logging_mixin.py:109} INFO - [2021-12-10 08:24:36,560] {dag.py:2396} INFO - Sync 1 DAGs
[2021-12-10 08:24:36,579] {logging_mixin.py:109} INFO - [2021-12-10 08:24:36,579] {dag.py:2928} INFO - Setting next_dagrun for example_branch_datetime_operator_2 to 2021-12-09 00:00:00+00:00
[2021-12-10 08:24:36,589] {processor.py:171} INFO - Processing /home/airflow/.local/lib/python3.7/site-packages/airflow/example_dags/example_branch_datetime_operator.py took 0.072 seconds
[2021-12-10 08:25:06,920] {processor.py:163} INFO - Started process (PID=478) to work on /home/airflow/.local/lib/python3.7/site-packages/airflow/example_dags/example_branch_datetime_operator.py
[2021-12-10 08:25:06,922] {processor.py:625} INFO - Processing file /home/airflow/.local/lib/python3.7/site-packages/airflow/example_dags/example_branch_datetime_operator.py for tasks to queue
[2021-12-10 08:25:06,922] {logging_mixin.py:109} INFO - [2021-12-10 08:25:06,922] {dagbag.py:500} INFO - Filling up the DagBag from /home/airflow/.local/lib/python3.7/site-packages/airflow/example_dags/example_branch_datetime_operator.py
[2021-12-10 08:25:06,951] {processor.py:637} INFO - DAG(s) dict_keys(['example_branch_datetime_operator_2']) retrieved from /home/airflow/.local/lib/python3.7/site-packages/airflow/example_dags/example_branch_datetime_operator.py
[2021-12-10 08:25:06,962] {logging_mixin.py:109} INFO - [2021-12-10 08:25:06,962] {dag.py:2396} INFO - Sync 1 DAGs
[2021-12-10 08:25:06,984] {logging_mixin.py:109} INFO - [2021-12-10 08:25:06,984] {dag.py:2928} INFO - Setting next_dagrun for example_branch_datetime_operator_2 to 2021-12-09 00:00:00+00:00
[2021-12-10 08:25:06,997] {processor.py:171} INFO - Processing /home/airflow/.local/lib/python3.7/site-packages/airflow/example_dags/example_branch_datetime_operator.py took 0.081 seconds
[2021-12-10 08:25:37,363] {processor.py:163} INFO - Started process (PID=531) to work on /home/airflow/.local/lib/python3.7/site-packages/airflow/example_dags/example_branch_datetime_operator.py
[2021-12-10 08:25:37,365] {processor.py:625} INFO - Processing file /home/airflow/.local/lib/python3.7/site-packages/airflow/example_dags/example_branch_datetime_operator.py for tasks to queue
[2021-12-10 08:25:37,365] {logging_mixin.py:109} INFO - [2021-12-10 08:25:37,365] {dagbag.py:500} INFO - Filling up the DagBag from /home/airflow/.local/lib/python3.7/site-packages/airflow/example_dags/example_branch_datetime_operator.py
[2021-12-10 08:25:37,396] {processor.py:637} INFO - DAG(s) dict_keys(['example_branch_datetime_operator_2']) retrieved from /home/airflow/.local/lib/python3.7/site-packages/airflow/example_dags/example_branch_datetime_operator.py
[2021-12-10 08:25:37,406] {logging_mixin.py:109} INFO - [2021-12-10 08:25:37,405] {dag.py:2396} INFO - Sync 1 DAGs
[2021-12-10 08:25:37,424] {logging_mixin.py:109} INFO - [2021-12-10 08:25:37,424] {dag.py:2928} INFO - Setting next_dagrun for example_branch_datetime_operator_2 to 2021-12-09 00:00:00+00:00
[2021-12-10 08:25:37,433] {processor.py:171} INFO - Processing /home/airflow/.local/lib/python3.7/site-packages/airflow/example_dags/example_branch_datetime_operator.py took 0.074 seconds
[2021-12-10 08:26:07,822] {processor.py:163} INFO - Started process (PID=593) to work on /home/airflow/.local/lib/python3.7/site-packages/airflow/example_dags/example_branch_datetime_operator.py
[2021-12-10 08:26:07,823] {processor.py:625} INFO - Processing file /home/airflow/.local/lib/python3.7/site-packages/airflow/example_dags/example_branch_datetime_operator.py for tasks to queue
[2021-12-10 08:26:07,824] {logging_mixin.py:109} INFO - [2021-12-10 08:26:07,824] {dagbag.py:500} INFO - Filling up the DagBag from /home/airflow/.local/lib/python3.7/site-packages/airflow/example_dags/example_branch_datetime_operator.py
[2021-12-10 08:26:07,855] {processor.py:637} INFO - DAG(s) dict_keys(['example_branch_datetime_operator_2']) retrieved from /home/airflow/.local/lib/python3.7/site-packages/airflow/example_dags/example_branch_datetime_operator.py
[2021-12-10 08:26:07,867] {logging_mixin.py:109} INFO - [2021-12-10 08:26:07,866] {dag.py:2396} INFO - Sync 1 DAGs
[2021-12-10 08:26:07,889] {logging_mixin.py:109} INFO - [2021-12-10 08:26:07,889] {dag.py:2928} INFO - Setting next_dagrun for example_branch_datetime_operator_2 to 2021-12-09 00:00:00+00:00
[2021-12-10 08:26:07,900] {processor.py:171} INFO - Processing /home/airflow/.local/lib/python3.7/site-packages/airflow/example_dags/example_branch_datetime_operator.py took 0.082 seconds
[2021-12-10 08:26:37,970] {processor.py:163} INFO - Started process (PID=645) to work on /home/airflow/.local/lib/python3.7/site-packages/airflow/example_dags/example_branch_datetime_operator.py
[2021-12-10 08:26:37,972] {processor.py:625} INFO - Processing file /home/airflow/.local/lib/python3.7/site-packages/airflow/example_dags/example_branch_datetime_operator.py for tasks to queue
[2021-12-10 08:26:37,973] {logging_mixin.py:109} INFO - [2021-12-10 08:26:37,972] {dagbag.py:500} INFO - Filling up the DagBag from /home/airflow/.local/lib/python3.7/site-packages/airflow/example_dags/example_branch_datetime_operator.py
[2021-12-10 08:26:38,001] {processor.py:637} INFO - DAG(s) dict_keys(['example_branch_datetime_operator_2']) retrieved from /home/airflow/.local/lib/python3.7/site-packages/airflow/example_dags/example_branch_datetime_operator.py
[2021-12-10 08:26:38,011] {logging_mixin.py:109} INFO - [2021-12-10 08:26:38,011] {dag.py:2396} INFO - Sync 1 DAGs
[2021-12-10 08:26:38,028] {logging_mixin.py:109} INFO - [2021-12-10 08:26:38,028] {dag.py:2928} INFO - Setting next_dagrun for example_branch_datetime_operator_2 to 2021-12-09 00:00:00+00:00
[2021-12-10 08:26:38,038] {processor.py:171} INFO - Processing /home/airflow/.local/lib/python3.7/site-packages/airflow/example_dags/example_branch_datetime_operator.py took 0.071 seconds
[2021-12-10 08:27:08,144] {processor.py:163} INFO - Started process (PID=709) to work on /home/airflow/.local/lib/python3.7/site-packages/airflow/example_dags/example_branch_datetime_operator.py
[2021-12-10 08:27:08,147] {processor.py:625} INFO - Processing file /home/airflow/.local/lib/python3.7/site-packages/airflow/example_dags/example_branch_datetime_operator.py for tasks to queue
[2021-12-10 08:27:08,147] {logging_mixin.py:109} INFO - [2021-12-10 08:27:08,147] {dagbag.py:500} INFO - Filling up the DagBag from /home/airflow/.local/lib/python3.7/site-packages/airflow/example_dags/example_branch_datetime_operator.py
[2021-12-10 08:27:08,184] {processor.py:637} INFO - DAG(s) dict_keys(['example_branch_datetime_operator_2']) retrieved from /home/airflow/.local/lib/python3.7/site-packages/airflow/example_dags/example_branch_datetime_operator.py
[2021-12-10 08:27:08,196] {logging_mixin.py:109} INFO - [2021-12-10 08:27:08,196] {dag.py:2396} INFO - Sync 1 DAGs
[2021-12-10 08:27:08,217] {logging_mixin.py:109} INFO - [2021-12-10 08:27:08,217] {dag.py:2928} INFO - Setting next_dagrun for example_branch_datetime_operator_2 to 2021-12-09 00:00:00+00:00
[2021-12-10 08:27:08,229] {processor.py:171} INFO - Processing /home/airflow/.local/lib/python3.7/site-packages/airflow/example_dags/example_branch_datetime_operator.py took 0.088 seconds
[2021-12-10 08:27:38,370] {processor.py:163} INFO - Started process (PID=762) to work on /home/airflow/.local/lib/python3.7/site-packages/airflow/example_dags/example_branch_datetime_operator.py
[2021-12-10 08:27:38,372] {processor.py:625} INFO - Processing file /home/airflow/.local/lib/python3.7/site-packages/airflow/example_dags/example_branch_datetime_operator.py for tasks to queue
[2021-12-10 08:27:38,373] {logging_mixin.py:109} INFO - [2021-12-10 08:27:38,372] {dagbag.py:500} INFO - Filling up the DagBag from /home/airflow/.local/lib/python3.7/site-packages/airflow/example_dags/example_branch_datetime_operator.py
[2021-12-10 08:27:38,402] {processor.py:637} INFO - DAG(s) dict_keys(['example_branch_datetime_operator_2']) retrieved from /home/airflow/.local/lib/python3.7/site-packages/airflow/example_dags/example_branch_datetime_operator.py
[2021-12-10 08:27:38,412] {logging_mixin.py:109} INFO - [2021-12-10 08:27:38,412] {dag.py:2396} INFO - Sync 1 DAGs
[2021-12-10 08:27:38,430] {logging_mixin.py:109} INFO - [2021-12-10 08:27:38,430] {dag.py:2928} INFO - Setting next_dagrun for example_branch_datetime_operator_2 to 2021-12-09 00:00:00+00:00
[2021-12-10 08:27:38,439] {processor.py:171} INFO - Processing /home/airflow/.local/lib/python3.7/site-packages/airflow/example_dags/example_branch_datetime_operator.py took 0.072 seconds
[2021-12-10 08:28:08,534] {processor.py:163} INFO - Started process (PID=814) to work on /home/airflow/.local/lib/python3.7/site-packages/airflow/example_dags/example_branch_datetime_operator.py
[2021-12-10 08:28:08,535] {processor.py:625} INFO - Processing file /home/airflow/.local/lib/python3.7/site-packages/airflow/example_dags/example_branch_datetime_operator.py for tasks to queue
[2021-12-10 08:28:08,535] {logging_mixin.py:109} INFO - [2021-12-10 08:28:08,535] {dagbag.py:500} INFO - Filling up the DagBag from /home/airflow/.local/lib/python3.7/site-packages/airflow/example_dags/example_branch_datetime_operator.py
[2021-12-10 08:28:08,565] {processor.py:637} INFO - DAG(s) dict_keys(['example_branch_datetime_operator_2']) retrieved from /home/airflow/.local/lib/python3.7/site-packages/airflow/example_dags/example_branch_datetime_operator.py
[2021-12-10 08:28:08,575] {logging_mixin.py:109} INFO - [2021-12-10 08:28:08,575] {dag.py:2396} INFO - Sync 1 DAGs
[2021-12-10 08:28:08,596] {logging_mixin.py:109} INFO - [2021-12-10 08:28:08,596] {dag.py:2928} INFO - Setting next_dagrun for example_branch_datetime_operator_2 to 2021-12-09 00:00:00+00:00
[2021-12-10 08:28:08,606] {processor.py:171} INFO - Processing /home/airflow/.local/lib/python3.7/site-packages/airflow/example_dags/example_branch_datetime_operator.py took 0.076 seconds
[2021-12-10 08:28:38,828] {processor.py:163} INFO - Started process (PID=875) to work on /home/airflow/.local/lib/python3.7/site-packages/airflow/example_dags/example_branch_datetime_operator.py
[2021-12-10 08:28:38,830] {processor.py:625} INFO - Processing file /home/airflow/.local/lib/python3.7/site-packages/airflow/example_dags/example_branch_datetime_operator.py for tasks to queue
[2021-12-10 08:28:38,830] {logging_mixin.py:109} INFO - [2021-12-10 08:28:38,830] {dagbag.py:500} INFO - Filling up the DagBag from /home/airflow/.local/lib/python3.7/site-packages/airflow/example_dags/example_branch_datetime_operator.py
[2021-12-10 08:28:38,859] {processor.py:637} INFO - DAG(s) dict_keys(['example_branch_datetime_operator_2']) retrieved from /home/airflow/.local/lib/python3.7/site-packages/airflow/example_dags/example_branch_datetime_operator.py
[2021-12-10 08:28:38,869] {logging_mixin.py:109} INFO - [2021-12-10 08:28:38,869] {dag.py:2396} INFO - Sync 1 DAGs
[2021-12-10 08:28:38,892] {logging_mixin.py:109} INFO - [2021-12-10 08:28:38,891] {dag.py:2928} INFO - Setting next_dagrun for example_branch_datetime_operator_2 to 2021-12-09 00:00:00+00:00
[2021-12-10 08:28:38,901] {processor.py:171} INFO - Processing /home/airflow/.local/lib/python3.7/site-packages/airflow/example_dags/example_branch_datetime_operator.py took 0.077 seconds
[2021-12-10 08:29:09,049] {processor.py:163} INFO - Started process (PID=927) to work on /home/airflow/.local/lib/python3.7/site-packages/airflow/example_dags/example_branch_datetime_operator.py
[2021-12-10 08:29:09,051] {processor.py:625} INFO - Processing file /home/airflow/.local/lib/python3.7/site-packages/airflow/example_dags/example_branch_datetime_operator.py for tasks to queue
[2021-12-10 08:29:09,051] {logging_mixin.py:109} INFO - [2021-12-10 08:29:09,051] {dagbag.py:500} INFO - Filling up the DagBag from /home/airflow/.local/lib/python3.7/site-packages/airflow/example_dags/example_branch_datetime_operator.py
[2021-12-10 08:29:09,081] {processor.py:637} INFO - DAG(s) dict_keys(['example_branch_datetime_operator_2']) retrieved from /home/airflow/.local/lib/python3.7/site-packages/airflow/example_dags/example_branch_datetime_operator.py
[2021-12-10 08:29:09,091] {logging_mixin.py:109} INFO - [2021-12-10 08:29:09,091] {dag.py:2396} INFO - Sync 1 DAGs
[2021-12-10 08:29:09,110] {logging_mixin.py:109} INFO - [2021-12-10 08:29:09,110] {dag.py:2928} INFO - Setting next_dagrun for example_branch_datetime_operator_2 to 2021-12-09 00:00:00+00:00
[2021-12-10 08:29:09,120] {processor.py:171} INFO - Processing /home/airflow/.local/lib/python3.7/site-packages/airflow/example_dags/example_branch_datetime_operator.py took 0.074 seconds
[2021-12-10 08:29:39,230] {processor.py:163} INFO - Started process (PID=989) to work on /home/airflow/.local/lib/python3.7/site-packages/airflow/example_dags/example_branch_datetime_operator.py
[2021-12-10 08:29:39,232] {processor.py:625} INFO - Processing file /home/airflow/.local/lib/python3.7/site-packages/airflow/example_dags/example_branch_datetime_operator.py for tasks to queue
[2021-12-10 08:29:39,233] {logging_mixin.py:109} INFO - [2021-12-10 08:29:39,232] {dagbag.py:500} INFO - Filling up the DagBag from /home/airflow/.local/lib/python3.7/site-packages/airflow/example_dags/example_branch_datetime_operator.py
[2021-12-10 08:29:39,260] {processor.py:637} INFO - DAG(s) dict_keys(['example_branch_datetime_operator_2']) retrieved from /home/airflow/.local/lib/python3.7/site-packages/airflow/example_dags/example_branch_datetime_operator.py
[2021-12-10 08:29:39,271] {logging_mixin.py:109} INFO - [2021-12-10 08:29:39,270] {dag.py:2396} INFO - Sync 1 DAGs
[2021-12-10 08:29:39,289] {logging_mixin.py:109} INFO - [2021-12-10 08:29:39,289] {dag.py:2928} INFO - Setting next_dagrun for example_branch_datetime_operator_2 to 2021-12-09 00:00:00+00:00
[2021-12-10 08:29:39,301] {processor.py:171} INFO - Processing /home/airflow/.local/lib/python3.7/site-packages/airflow/example_dags/example_branch_datetime_operator.py took 0.075 seconds
[2021-12-10 08:30:09,412] {processor.py:163} INFO - Started process (PID=1040) to work on /home/airflow/.local/lib/python3.7/site-packages/airflow/example_dags/example_branch_datetime_operator.py
[2021-12-10 08:30:09,414] {processor.py:625} INFO - Processing file /home/airflow/.local/lib/python3.7/site-packages/airflow/example_dags/example_branch_datetime_operator.py for tasks to queue
[2021-12-10 08:30:09,415] {logging_mixin.py:109} INFO - [2021-12-10 08:30:09,415] {dagbag.py:500} INFO - Filling up the DagBag from /home/airflow/.local/lib/python3.7/site-packages/airflow/example_dags/example_branch_datetime_operator.py
[2021-12-10 08:30:09,446] {processor.py:637} INFO - DAG(s) dict_keys(['example_branch_datetime_operator_2']) retrieved from /home/airflow/.local/lib/python3.7/site-packages/airflow/example_dags/example_branch_datetime_operator.py
[2021-12-10 08:30:09,456] {logging_mixin.py:109} INFO - [2021-12-10 08:30:09,456] {dag.py:2396} INFO - Sync 1 DAGs
[2021-12-10 08:30:09,477] {logging_mixin.py:109} INFO - [2021-12-10 08:30:09,477] {dag.py:2928} INFO - Setting next_dagrun for example_branch_datetime_operator_2 to 2021-12-09 00:00:00+00:00
[2021-12-10 08:30:09,487] {processor.py:171} INFO - Processing /home/airflow/.local/lib/python3.7/site-packages/airflow/example_dags/example_branch_datetime_operator.py took 0.079 seconds
[2021-12-10 08:30:39,576] {processor.py:163} INFO - Started process (PID=1093) to work on /home/airflow/.local/lib/python3.7/site-packages/airflow/example_dags/example_branch_datetime_operator.py
[2021-12-10 08:30:39,578] {processor.py:625} INFO - Processing file /home/airflow/.local/lib/python3.7/site-packages/airflow/example_dags/example_branch_datetime_operator.py for tasks to queue
[2021-12-10 08:30:39,579] {logging_mixin.py:109} INFO - [2021-12-10 08:30:39,579] {dagbag.py:500} INFO - Filling up the DagBag from /home/airflow/.local/lib/python3.7/site-packages/airflow/example_dags/example_branch_datetime_operator.py
[2021-12-10 08:30:39,607] {processor.py:637} INFO - DAG(s) dict_keys(['example_branch_datetime_operator_2']) retrieved from /home/airflow/.local/lib/python3.7/site-packages/airflow/example_dags/example_branch_datetime_operator.py
[2021-12-10 08:30:39,617] {logging_mixin.py:109} INFO - [2021-12-10 08:30:39,617] {dag.py:2396} INFO - Sync 1 DAGs
[2021-12-10 08:30:39,635] {logging_mixin.py:109} INFO - [2021-12-10 08:30:39,635] {dag.py:2928} INFO - Setting next_dagrun for example_branch_datetime_operator_2 to 2021-12-09 00:00:00+00:00
[2021-12-10 08:30:39,644] {processor.py:171} INFO - Processing /home/airflow/.local/lib/python3.7/site-packages/airflow/example_dags/example_branch_datetime_operator.py took 0.071 seconds
[2021-12-10 08:31:09,932] {processor.py:163} INFO - Started process (PID=1154) to work on /home/airflow/.local/lib/python3.7/site-packages/airflow/example_dags/example_branch_datetime_operator.py
[2021-12-10 08:31:09,934] {processor.py:625} INFO - Processing file /home/airflow/.local/lib/python3.7/site-packages/airflow/example_dags/example_branch_datetime_operator.py for tasks to queue
[2021-12-10 08:31:09,934] {logging_mixin.py:109} INFO - [2021-12-10 08:31:09,934] {dagbag.py:500} INFO - Filling up the DagBag from /home/airflow/.local/lib/python3.7/site-packages/airflow/example_dags/example_branch_datetime_operator.py
[2021-12-10 08:31:09,962] {processor.py:637} INFO - DAG(s) dict_keys(['example_branch_datetime_operator_2']) retrieved from /home/airflow/.local/lib/python3.7/site-packages/airflow/example_dags/example_branch_datetime_operator.py
[2021-12-10 08:31:09,972] {logging_mixin.py:109} INFO - [2021-12-10 08:31:09,972] {dag.py:2396} INFO - Sync 1 DAGs
[2021-12-10 08:31:09,991] {logging_mixin.py:109} INFO - [2021-12-10 08:31:09,990] {dag.py:2928} INFO - Setting next_dagrun for example_branch_datetime_operator_2 to 2021-12-09 00:00:00+00:00
[2021-12-10 08:31:10,000] {processor.py:171} INFO - Processing /home/airflow/.local/lib/python3.7/site-packages/airflow/example_dags/example_branch_datetime_operator.py took 0.071 seconds
[2021-12-10 08:31:40,150] {processor.py:163} INFO - Started process (PID=1207) to work on /home/airflow/.local/lib/python3.7/site-packages/airflow/example_dags/example_branch_datetime_operator.py
[2021-12-10 08:31:40,152] {processor.py:625} INFO - Processing file /home/airflow/.local/lib/python3.7/site-packages/airflow/example_dags/example_branch_datetime_operator.py for tasks to queue
[2021-12-10 08:31:40,152] {logging_mixin.py:109} INFO - [2021-12-10 08:31:40,152] {dagbag.py:500} INFO - Filling up the DagBag from /home/airflow/.local/lib/python3.7/site-packages/airflow/example_dags/example_branch_datetime_operator.py
[2021-12-10 08:31:40,183] {processor.py:637} INFO - DAG(s) dict_keys(['example_branch_datetime_operator_2']) retrieved from /home/airflow/.local/lib/python3.7/site-packages/airflow/example_dags/example_branch_datetime_operator.py
[2021-12-10 08:31:40,193] {logging_mixin.py:109} INFO - [2021-12-10 08:31:40,193] {dag.py:2396} INFO - Sync 1 DAGs
[2021-12-10 08:31:40,212] {logging_mixin.py:109} INFO - [2021-12-10 08:31:40,212] {dag.py:2928} INFO - Setting next_dagrun for example_branch_datetime_operator_2 to 2021-12-09 00:00:00+00:00
[2021-12-10 08:31:40,221] {processor.py:171} INFO - Processing /home/airflow/.local/lib/python3.7/site-packages/airflow/example_dags/example_branch_datetime_operator.py took 0.075 seconds
[2021-12-10 08:32:10,504] {processor.py:163} INFO - Started process (PID=1270) to work on /home/airflow/.local/lib/python3.7/site-packages/airflow/example_dags/example_branch_datetime_operator.py
[2021-12-10 08:32:10,506] {processor.py:625} INFO - Processing file /home/airflow/.local/lib/python3.7/site-packages/airflow/example_dags/example_branch_datetime_operator.py for tasks to queue
[2021-12-10 08:32:10,506] {logging_mixin.py:109} INFO - [2021-12-10 08:32:10,506] {dagbag.py:500} INFO - Filling up the DagBag from /home/airflow/.local/lib/python3.7/site-packages/airflow/example_dags/example_branch_datetime_operator.py
[2021-12-10 08:32:10,535] {processor.py:637} INFO - DAG(s) dict_keys(['example_branch_datetime_operator_2']) retrieved from /home/airflow/.local/lib/python3.7/site-packages/airflow/example_dags/example_branch_datetime_operator.py
[2021-12-10 08:32:10,546] {logging_mixin.py:109} INFO - [2021-12-10 08:32:10,546] {dag.py:2396} INFO - Sync 1 DAGs
[2021-12-10 08:32:10,566] {logging_mixin.py:109} INFO - [2021-12-10 08:32:10,566] {dag.py:2928} INFO - Setting next_dagrun for example_branch_datetime_operator_2 to 2021-12-09 00:00:00+00:00
[2021-12-10 08:32:10,576] {processor.py:171} INFO - Processing /home/airflow/.local/lib/python3.7/site-packages/airflow/example_dags/example_branch_datetime_operator.py took 0.076 seconds
[2021-12-10 08:32:40,999] {processor.py:163} INFO - Started process (PID=1322) to work on /home/airflow/.local/lib/python3.7/site-packages/airflow/example_dags/example_branch_datetime_operator.py
[2021-12-10 08:32:41,001] {processor.py:625} INFO - Processing file /home/airflow/.local/lib/python3.7/site-packages/airflow/example_dags/example_branch_datetime_operator.py for tasks to queue
[2021-12-10 08:32:41,001] {logging_mixin.py:109} INFO - [2021-12-10 08:32:41,001] {dagbag.py:500} INFO - Filling up the DagBag from /home/airflow/.local/lib/python3.7/site-packages/airflow/example_dags/example_branch_datetime_operator.py
[2021-12-10 08:32:41,029] {processor.py:637} INFO - DAG(s) dict_keys(['example_branch_datetime_operator_2']) retrieved from /home/airflow/.local/lib/python3.7/site-packages/airflow/example_dags/example_branch_datetime_operator.py
[2021-12-10 08:32:41,039] {logging_mixin.py:109} INFO - [2021-12-10 08:32:41,039] {dag.py:2396} INFO - Sync 1 DAGs
[2021-12-10 08:32:41,058] {logging_mixin.py:109} INFO - [2021-12-10 08:32:41,057] {dag.py:2928} INFO - Setting next_dagrun for example_branch_datetime_operator_2 to 2021-12-09 00:00:00+00:00
[2021-12-10 08:32:41,067] {processor.py:171} INFO - Processing /home/airflow/.local/lib/python3.7/site-packages/airflow/example_dags/example_branch_datetime_operator.py took 0.071 seconds
[2021-12-10 08:33:11,135] {processor.py:163} INFO - Started process (PID=1374) to work on /home/airflow/.local/lib/python3.7/site-packages/airflow/example_dags/example_branch_datetime_operator.py
[2021-12-10 08:33:11,136] {processor.py:625} INFO - Processing file /home/airflow/.local/lib/python3.7/site-packages/airflow/example_dags/example_branch_datetime_operator.py for tasks to queue
[2021-12-10 08:33:11,137] {logging_mixin.py:109} INFO - [2021-12-10 08:33:11,137] {dagbag.py:500} INFO - Filling up the DagBag from /home/airflow/.local/lib/python3.7/site-packages/airflow/example_dags/example_branch_datetime_operator.py
[2021-12-10 08:33:11,168] {processor.py:637} INFO - DAG(s) dict_keys(['example_branch_datetime_operator_2']) retrieved from /home/airflow/.local/lib/python3.7/site-packages/airflow/example_dags/example_branch_datetime_operator.py
[2021-12-10 08:33:11,182] {logging_mixin.py:109} INFO - [2021-12-10 08:33:11,182] {dag.py:2396} INFO - Sync 1 DAGs
[2021-12-10 08:33:11,203] {logging_mixin.py:109} INFO - [2021-12-10 08:33:11,203] {dag.py:2928} INFO - Setting next_dagrun for example_branch_datetime_operator_2 to 2021-12-09 00:00:00+00:00
[2021-12-10 08:33:11,213] {processor.py:171} INFO - Processing /home/airflow/.local/lib/python3.7/site-packages/airflow/example_dags/example_branch_datetime_operator.py took 0.081 seconds
[2021-12-10 08:33:41,337] {processor.py:163} INFO - Started process (PID=1435) to work on /home/airflow/.local/lib/python3.7/site-packages/airflow/example_dags/example_branch_datetime_operator.py
[2021-12-10 08:33:41,339] {processor.py:625} INFO - Processing file /home/airflow/.local/lib/python3.7/site-packages/airflow/example_dags/example_branch_datetime_operator.py for tasks to queue
[2021-12-10 08:33:41,339] {logging_mixin.py:109} INFO - [2021-12-10 08:33:41,339] {dagbag.py:500} INFO - Filling up the DagBag from /home/airflow/.local/lib/python3.7/site-packages/airflow/example_dags/example_branch_datetime_operator.py
[2021-12-10 08:33:41,370] {processor.py:637} INFO - DAG(s) dict_keys(['example_branch_datetime_operator_2']) retrieved from /home/airflow/.local/lib/python3.7/site-packages/airflow/example_dags/example_branch_datetime_operator.py
[2021-12-10 08:33:41,379] {logging_mixin.py:109} INFO - [2021-12-10 08:33:41,379] {dag.py:2396} INFO - Sync 1 DAGs
[2021-12-10 08:33:41,398] {logging_mixin.py:109} INFO - [2021-12-10 08:33:41,398] {dag.py:2928} INFO - Setting next_dagrun for example_branch_datetime_operator_2 to 2021-12-09 00:00:00+00:00
[2021-12-10 08:33:41,407] {processor.py:171} INFO - Processing /home/airflow/.local/lib/python3.7/site-packages/airflow/example_dags/example_branch_datetime_operator.py took 0.074 seconds
[2021-12-10 08:34:11,522] {processor.py:163} INFO - Started process (PID=1488) to work on /home/airflow/.local/lib/python3.7/site-packages/airflow/example_dags/example_branch_datetime_operator.py
[2021-12-10 08:34:11,524] {processor.py:625} INFO - Processing file /home/airflow/.local/lib/python3.7/site-packages/airflow/example_dags/example_branch_datetime_operator.py for tasks to queue
[2021-12-10 08:34:11,524] {logging_mixin.py:109} INFO - [2021-12-10 08:34:11,524] {dagbag.py:500} INFO - Filling up the DagBag from /home/airflow/.local/lib/python3.7/site-packages/airflow/example_dags/example_branch_datetime_operator.py
[2021-12-10 08:34:11,552] {processor.py:637} INFO - DAG(s) dict_keys(['example_branch_datetime_operator_2']) retrieved from /home/airflow/.local/lib/python3.7/site-packages/airflow/example_dags/example_branch_datetime_operator.py
[2021-12-10 08:34:11,561] {logging_mixin.py:109} INFO - [2021-12-10 08:34:11,561] {dag.py:2396} INFO - Sync 1 DAGs
[2021-12-10 08:34:11,580] {logging_mixin.py:109} INFO - [2021-12-10 08:34:11,580] {dag.py:2928} INFO - Setting next_dagrun for example_branch_datetime_operator_2 to 2021-12-09 00:00:00+00:00
[2021-12-10 08:34:11,589] {processor.py:171} INFO - Processing /home/airflow/.local/lib/python3.7/site-packages/airflow/example_dags/example_branch_datetime_operator.py took 0.070 seconds
[2021-12-10 08:34:41,962] {processor.py:163} INFO - Started process (PID=1549) to work on /home/airflow/.local/lib/python3.7/site-packages/airflow/example_dags/example_branch_datetime_operator.py
[2021-12-10 08:34:41,963] {processor.py:625} INFO - Processing file /home/airflow/.local/lib/python3.7/site-packages/airflow/example_dags/example_branch_datetime_operator.py for tasks to queue
[2021-12-10 08:34:41,964] {logging_mixin.py:109} INFO - [2021-12-10 08:34:41,964] {dagbag.py:500} INFO - Filling up the DagBag from /home/airflow/.local/lib/python3.7/site-packages/airflow/example_dags/example_branch_datetime_operator.py
[2021-12-10 08:34:41,991] {processor.py:637} INFO - DAG(s) dict_keys(['example_branch_datetime_operator_2']) retrieved from /home/airflow/.local/lib/python3.7/site-packages/airflow/example_dags/example_branch_datetime_operator.py
[2021-12-10 08:34:42,000] {logging_mixin.py:109} INFO - [2021-12-10 08:34:42,000] {dag.py:2396} INFO - Sync 1 DAGs
[2021-12-10 08:34:42,019] {logging_mixin.py:109} INFO - [2021-12-10 08:34:42,019] {dag.py:2928} INFO - Setting next_dagrun for example_branch_datetime_operator_2 to 2021-12-09 00:00:00+00:00
[2021-12-10 08:34:42,028] {processor.py:171} INFO - Processing /home/airflow/.local/lib/python3.7/site-packages/airflow/example_dags/example_branch_datetime_operator.py took 0.070 seconds
[2021-12-10 08:35:12,131] {processor.py:163} INFO - Started process (PID=1602) to work on /home/airflow/.local/lib/python3.7/site-packages/airflow/example_dags/example_branch_datetime_operator.py
[2021-12-10 08:35:12,133] {processor.py:625} INFO - Processing file /home/airflow/.local/lib/python3.7/site-packages/airflow/example_dags/example_branch_datetime_operator.py for tasks to queue
[2021-12-10 08:35:12,134] {logging_mixin.py:109} INFO - [2021-12-10 08:35:12,133] {dagbag.py:500} INFO - Filling up the DagBag from /home/airflow/.local/lib/python3.7/site-packages/airflow/example_dags/example_branch_datetime_operator.py
[2021-12-10 08:35:12,166] {processor.py:637} INFO - DAG(s) dict_keys(['example_branch_datetime_operator_2']) retrieved from /home/airflow/.local/lib/python3.7/site-packages/airflow/example_dags/example_branch_datetime_operator.py
[2021-12-10 08:35:12,175] {logging_mixin.py:109} INFO - [2021-12-10 08:35:12,175] {dag.py:2396} INFO - Sync 1 DAGs
[2021-12-10 08:35:12,193] {logging_mixin.py:109} INFO - [2021-12-10 08:35:12,193] {dag.py:2928} INFO - Setting next_dagrun for example_branch_datetime_operator_2 to 2021-12-09 00:00:00+00:00
[2021-12-10 08:35:12,202] {processor.py:171} INFO - Processing /home/airflow/.local/lib/python3.7/site-packages/airflow/example_dags/example_branch_datetime_operator.py took 0.074 seconds
[2021-12-10 08:35:42,731] {processor.py:163} INFO - Started process (PID=1655) to work on /home/airflow/.local/lib/python3.7/site-packages/airflow/example_dags/example_branch_datetime_operator.py
[2021-12-10 08:35:42,733] {processor.py:625} INFO - Processing file /home/airflow/.local/lib/python3.7/site-packages/airflow/example_dags/example_branch_datetime_operator.py for tasks to queue
[2021-12-10 08:35:42,734] {logging_mixin.py:109} INFO - [2021-12-10 08:35:42,734] {dagbag.py:500} INFO - Filling up the DagBag from /home/airflow/.local/lib/python3.7/site-packages/airflow/example_dags/example_branch_datetime_operator.py
[2021-12-10 08:35:42,790] {processor.py:637} INFO - DAG(s) dict_keys(['example_branch_datetime_operator_2']) retrieved from /home/airflow/.local/lib/python3.7/site-packages/airflow/example_dags/example_branch_datetime_operator.py
[2021-12-10 08:35:42,800] {logging_mixin.py:109} INFO - [2021-12-10 08:35:42,800] {dag.py:2396} INFO - Sync 1 DAGs
[2021-12-10 08:35:42,818] {logging_mixin.py:109} INFO - [2021-12-10 08:35:42,818] {dag.py:2928} INFO - Setting next_dagrun for example_branch_datetime_operator_2 to 2021-12-09 00:00:00+00:00
[2021-12-10 08:35:42,828] {processor.py:171} INFO - Processing /home/airflow/.local/lib/python3.7/site-packages/airflow/example_dags/example_branch_datetime_operator.py took 0.101 seconds
[2021-12-10 08:36:12,864] {processor.py:163} INFO - Started process (PID=1718) to work on /home/airflow/.local/lib/python3.7/site-packages/airflow/example_dags/example_branch_datetime_operator.py
[2021-12-10 08:36:12,866] {processor.py:625} INFO - Processing file /home/airflow/.local/lib/python3.7/site-packages/airflow/example_dags/example_branch_datetime_operator.py for tasks to queue
[2021-12-10 08:36:12,867] {logging_mixin.py:109} INFO - [2021-12-10 08:36:12,867] {dagbag.py:500} INFO - Filling up the DagBag from /home/airflow/.local/lib/python3.7/site-packages/airflow/example_dags/example_branch_datetime_operator.py
[2021-12-10 08:36:12,900] {processor.py:637} INFO - DAG(s) dict_keys(['example_branch_datetime_operator_2']) retrieved from /home/airflow/.local/lib/python3.7/site-packages/airflow/example_dags/example_branch_datetime_operator.py
[2021-12-10 08:36:12,911] {logging_mixin.py:109} INFO - [2021-12-10 08:36:12,911] {dag.py:2396} INFO - Sync 1 DAGs
[2021-12-10 08:36:12,930] {logging_mixin.py:109} INFO - [2021-12-10 08:36:12,929] {dag.py:2928} INFO - Setting next_dagrun for example_branch_datetime_operator_2 to 2021-12-09 00:00:00+00:00
[2021-12-10 08:36:12,941] {processor.py:171} INFO - Processing /home/airflow/.local/lib/python3.7/site-packages/airflow/example_dags/example_branch_datetime_operator.py took 0.081 seconds
[2021-12-10 08:36:43,333] {processor.py:163} INFO - Started process (PID=1770) to work on /home/airflow/.local/lib/python3.7/site-packages/airflow/example_dags/example_branch_datetime_operator.py
[2021-12-10 08:36:43,335] {processor.py:625} INFO - Processing file /home/airflow/.local/lib/python3.7/site-packages/airflow/example_dags/example_branch_datetime_operator.py for tasks to queue
[2021-12-10 08:36:43,336] {logging_mixin.py:109} INFO - [2021-12-10 08:36:43,336] {dagbag.py:500} INFO - Filling up the DagBag from /home/airflow/.local/lib/python3.7/site-packages/airflow/example_dags/example_branch_datetime_operator.py
[2021-12-10 08:36:43,364] {processor.py:637} INFO - DAG(s) dict_keys(['example_branch_datetime_operator_2']) retrieved from /home/airflow/.local/lib/python3.7/site-packages/airflow/example_dags/example_branch_datetime_operator.py
[2021-12-10 08:36:43,373] {logging_mixin.py:109} INFO - [2021-12-10 08:36:43,373] {dag.py:2396} INFO - Sync 1 DAGs
[2021-12-10 08:36:43,391] {logging_mixin.py:109} INFO - [2021-12-10 08:36:43,391] {dag.py:2928} INFO - Setting next_dagrun for example_branch_datetime_operator_2 to 2021-12-09 00:00:00+00:00
[2021-12-10 08:36:43,399] {processor.py:171} INFO - Processing /home/airflow/.local/lib/python3.7/site-packages/airflow/example_dags/example_branch_datetime_operator.py took 0.069 seconds
[2021-12-10 08:37:13,423] {processor.py:163} INFO - Started process (PID=1833) to work on /home/airflow/.local/lib/python3.7/site-packages/airflow/example_dags/example_branch_datetime_operator.py
[2021-12-10 08:37:13,426] {processor.py:625} INFO - Processing file /home/airflow/.local/lib/python3.7/site-packages/airflow/example_dags/example_branch_datetime_operator.py for tasks to queue
[2021-12-10 08:37:13,426] {logging_mixin.py:109} INFO - [2021-12-10 08:37:13,426] {dagbag.py:500} INFO - Filling up the DagBag from /home/airflow/.local/lib/python3.7/site-packages/airflow/example_dags/example_branch_datetime_operator.py
[2021-12-10 08:37:13,458] {processor.py:637} INFO - DAG(s) dict_keys(['example_branch_datetime_operator_2']) retrieved from /home/airflow/.local/lib/python3.7/site-packages/airflow/example_dags/example_branch_datetime_operator.py
[2021-12-10 08:37:13,472] {logging_mixin.py:109} INFO - [2021-12-10 08:37:13,472] {dag.py:2396} INFO - Sync 1 DAGs
[2021-12-10 08:37:13,492] {logging_mixin.py:109} INFO - [2021-12-10 08:37:13,492] {dag.py:2928} INFO - Setting next_dagrun for example_branch_datetime_operator_2 to 2021-12-09 00:00:00+00:00
[2021-12-10 08:37:13,504] {processor.py:171} INFO - Processing /home/airflow/.local/lib/python3.7/site-packages/airflow/example_dags/example_branch_datetime_operator.py took 0.085 seconds
[2021-12-10 08:37:44,294] {processor.py:163} INFO - Started process (PID=1884) to work on /home/airflow/.local/lib/python3.7/site-packages/airflow/example_dags/example_branch_datetime_operator.py
[2021-12-10 08:37:44,296] {processor.py:625} INFO - Processing file /home/airflow/.local/lib/python3.7/site-packages/airflow/example_dags/example_branch_datetime_operator.py for tasks to queue
[2021-12-10 08:37:44,297] {logging_mixin.py:109} INFO - [2021-12-10 08:37:44,297] {dagbag.py:500} INFO - Filling up the DagBag from /home/airflow/.local/lib/python3.7/site-packages/airflow/example_dags/example_branch_datetime_operator.py
[2021-12-10 08:37:44,331] {processor.py:637} INFO - DAG(s) dict_keys(['example_branch_datetime_operator_2']) retrieved from /home/airflow/.local/lib/python3.7/site-packages/airflow/example_dags/example_branch_datetime_operator.py
[2021-12-10 08:37:44,344] {logging_mixin.py:109} INFO - [2021-12-10 08:37:44,343] {dag.py:2396} INFO - Sync 1 DAGs
[2021-12-10 08:37:44,367] {logging_mixin.py:109} INFO - [2021-12-10 08:37:44,367] {dag.py:2928} INFO - Setting next_dagrun for example_branch_datetime_operator_2 to 2021-12-09 00:00:00+00:00
[2021-12-10 08:37:44,378] {processor.py:171} INFO - Processing /home/airflow/.local/lib/python3.7/site-packages/airflow/example_dags/example_branch_datetime_operator.py took 0.088 seconds
[2021-12-10 08:38:14,623] {processor.py:163} INFO - Started process (PID=1936) to work on /home/airflow/.local/lib/python3.7/site-packages/airflow/example_dags/example_branch_datetime_operator.py
[2021-12-10 08:38:14,625] {processor.py:625} INFO - Processing file /home/airflow/.local/lib/python3.7/site-packages/airflow/example_dags/example_branch_datetime_operator.py for tasks to queue
[2021-12-10 08:38:14,626] {logging_mixin.py:109} INFO - [2021-12-10 08:38:14,625] {dagbag.py:500} INFO - Filling up the DagBag from /home/airflow/.local/lib/python3.7/site-packages/airflow/example_dags/example_branch_datetime_operator.py
[2021-12-10 08:38:14,655] {processor.py:637} INFO - DAG(s) dict_keys(['example_branch_datetime_operator_2']) retrieved from /home/airflow/.local/lib/python3.7/site-packages/airflow/example_dags/example_branch_datetime_operator.py
[2021-12-10 08:38:14,665] {logging_mixin.py:109} INFO - [2021-12-10 08:38:14,665] {dag.py:2396} INFO - Sync 1 DAGs
[2021-12-10 08:38:14,685] {logging_mixin.py:109} INFO - [2021-12-10 08:38:14,684] {dag.py:2928} INFO - Setting next_dagrun for example_branch_datetime_operator_2 to 2021-12-09 00:00:00+00:00
[2021-12-10 08:38:14,694] {processor.py:171} INFO - Processing /home/airflow/.local/lib/python3.7/site-packages/airflow/example_dags/example_branch_datetime_operator.py took 0.075 seconds
[2021-12-10 08:38:45,011] {processor.py:163} INFO - Started process (PID=1997) to work on /home/airflow/.local/lib/python3.7/site-packages/airflow/example_dags/example_branch_datetime_operator.py
[2021-12-10 08:38:45,013] {processor.py:625} INFO - Processing file /home/airflow/.local/lib/python3.7/site-packages/airflow/example_dags/example_branch_datetime_operator.py for tasks to queue
[2021-12-10 08:38:45,013] {logging_mixin.py:109} INFO - [2021-12-10 08:38:45,013] {dagbag.py:500} INFO - Filling up the DagBag from /home/airflow/.local/lib/python3.7/site-packages/airflow/example_dags/example_branch_datetime_operator.py
[2021-12-10 08:38:45,045] {processor.py:637} INFO - DAG(s) dict_keys(['example_branch_datetime_operator_2']) retrieved from /home/airflow/.local/lib/python3.7/site-packages/airflow/example_dags/example_branch_datetime_operator.py
[2021-12-10 08:38:45,057] {logging_mixin.py:109} INFO - [2021-12-10 08:38:45,057] {dag.py:2396} INFO - Sync 1 DAGs
[2021-12-10 08:38:45,077] {logging_mixin.py:109} INFO - [2021-12-10 08:38:45,077] {dag.py:2928} INFO - Setting next_dagrun for example_branch_datetime_operator_2 to 2021-12-09 00:00:00+00:00
[2021-12-10 08:38:45,087] {processor.py:171} INFO - Processing /home/airflow/.local/lib/python3.7/site-packages/airflow/example_dags/example_branch_datetime_operator.py took 0.079 seconds
[2021-12-10 08:39:15,277] {processor.py:163} INFO - Started process (PID=2049) to work on /home/airflow/.local/lib/python3.7/site-packages/airflow/example_dags/example_branch_datetime_operator.py
[2021-12-10 08:39:15,279] {processor.py:625} INFO - Processing file /home/airflow/.local/lib/python3.7/site-packages/airflow/example_dags/example_branch_datetime_operator.py for tasks to queue
[2021-12-10 08:39:15,279] {logging_mixin.py:109} INFO - [2021-12-10 08:39:15,279] {dagbag.py:500} INFO - Filling up the DagBag from /home/airflow/.local/lib/python3.7/site-packages/airflow/example_dags/example_branch_datetime_operator.py
[2021-12-10 08:39:15,310] {processor.py:637} INFO - DAG(s) dict_keys(['example_branch_datetime_operator_2']) retrieved from /home/airflow/.local/lib/python3.7/site-packages/airflow/example_dags/example_branch_datetime_operator.py
[2021-12-10 08:39:15,320] {logging_mixin.py:109} INFO - [2021-12-10 08:39:15,320] {dag.py:2396} INFO - Sync 1 DAGs
[2021-12-10 08:39:15,338] {logging_mixin.py:109} INFO - [2021-12-10 08:39:15,338] {dag.py:2928} INFO - Setting next_dagrun for example_branch_datetime_operator_2 to 2021-12-09 00:00:00+00:00
[2021-12-10 08:39:15,347] {processor.py:171} INFO - Processing /home/airflow/.local/lib/python3.7/site-packages/airflow/example_dags/example_branch_datetime_operator.py took 0.074 seconds
[2021-12-10 08:39:45,421] {processor.py:163} INFO - Started process (PID=2112) to work on /home/airflow/.local/lib/python3.7/site-packages/airflow/example_dags/example_branch_datetime_operator.py
[2021-12-10 08:39:45,423] {processor.py:625} INFO - Processing file /home/airflow/.local/lib/python3.7/site-packages/airflow/example_dags/example_branch_datetime_operator.py for tasks to queue
[2021-12-10 08:39:45,423] {logging_mixin.py:109} INFO - [2021-12-10 08:39:45,423] {dagbag.py:500} INFO - Filling up the DagBag from /home/airflow/.local/lib/python3.7/site-packages/airflow/example_dags/example_branch_datetime_operator.py
[2021-12-10 08:39:45,453] {processor.py:637} INFO - DAG(s) dict_keys(['example_branch_datetime_operator_2']) retrieved from /home/airflow/.local/lib/python3.7/site-packages/airflow/example_dags/example_branch_datetime_operator.py
[2021-12-10 08:39:45,463] {logging_mixin.py:109} INFO - [2021-12-10 08:39:45,463] {dag.py:2396} INFO - Sync 1 DAGs
[2021-12-10 08:39:45,485] {logging_mixin.py:109} INFO - [2021-12-10 08:39:45,485] {dag.py:2928} INFO - Setting next_dagrun for example_branch_datetime_operator_2 to 2021-12-09 00:00:00+00:00
[2021-12-10 08:39:45,497] {processor.py:171} INFO - Processing /home/airflow/.local/lib/python3.7/site-packages/airflow/example_dags/example_branch_datetime_operator.py took 0.080 seconds
[2021-12-10 08:40:15,577] {processor.py:163} INFO - Started process (PID=2165) to work on /home/airflow/.local/lib/python3.7/site-packages/airflow/example_dags/example_branch_datetime_operator.py
[2021-12-10 08:40:15,579] {processor.py:625} INFO - Processing file /home/airflow/.local/lib/python3.7/site-packages/airflow/example_dags/example_branch_datetime_operator.py for tasks to queue
[2021-12-10 08:40:15,580] {logging_mixin.py:109} INFO - [2021-12-10 08:40:15,579] {dagbag.py:500} INFO - Filling up the DagBag from /home/airflow/.local/lib/python3.7/site-packages/airflow/example_dags/example_branch_datetime_operator.py
[2021-12-10 08:40:15,609] {processor.py:637} INFO - DAG(s) dict_keys(['example_branch_datetime_operator_2']) retrieved from /home/airflow/.local/lib/python3.7/site-packages/airflow/example_dags/example_branch_datetime_operator.py
[2021-12-10 08:40:15,619] {logging_mixin.py:109} INFO - [2021-12-10 08:40:15,618] {dag.py:2396} INFO - Sync 1 DAGs
[2021-12-10 08:40:15,639] {logging_mixin.py:109} INFO - [2021-12-10 08:40:15,639] {dag.py:2928} INFO - Setting next_dagrun for example_branch_datetime_operator_2 to 2021-12-09 00:00:00+00:00
[2021-12-10 08:40:15,648] {processor.py:171} INFO - Processing /home/airflow/.local/lib/python3.7/site-packages/airflow/example_dags/example_branch_datetime_operator.py took 0.075 seconds
[2021-12-10 08:40:45,906] {processor.py:163} INFO - Started process (PID=2217) to work on /home/airflow/.local/lib/python3.7/site-packages/airflow/example_dags/example_branch_datetime_operator.py
[2021-12-10 08:40:45,907] {processor.py:625} INFO - Processing file /home/airflow/.local/lib/python3.7/site-packages/airflow/example_dags/example_branch_datetime_operator.py for tasks to queue
[2021-12-10 08:40:45,908] {logging_mixin.py:109} INFO - [2021-12-10 08:40:45,908] {dagbag.py:500} INFO - Filling up the DagBag from /home/airflow/.local/lib/python3.7/site-packages/airflow/example_dags/example_branch_datetime_operator.py
[2021-12-10 08:40:45,938] {processor.py:637} INFO - DAG(s) dict_keys(['example_branch_datetime_operator_2']) retrieved from /home/airflow/.local/lib/python3.7/site-packages/airflow/example_dags/example_branch_datetime_operator.py
[2021-12-10 08:40:45,949] {logging_mixin.py:109} INFO - [2021-12-10 08:40:45,949] {dag.py:2396} INFO - Sync 1 DAGs
[2021-12-10 08:40:45,967] {logging_mixin.py:109} INFO - [2021-12-10 08:40:45,967] {dag.py:2928} INFO - Setting next_dagrun for example_branch_datetime_operator_2 to 2021-12-09 00:00:00+00:00
[2021-12-10 08:40:45,978] {processor.py:171} INFO - Processing /home/airflow/.local/lib/python3.7/site-packages/airflow/example_dags/example_branch_datetime_operator.py took 0.076 seconds
[2021-12-10 08:41:16,053] {processor.py:163} INFO - Started process (PID=2279) to work on /home/airflow/.local/lib/python3.7/site-packages/airflow/example_dags/example_branch_datetime_operator.py
[2021-12-10 08:41:16,055] {processor.py:625} INFO - Processing file /home/airflow/.local/lib/python3.7/site-packages/airflow/example_dags/example_branch_datetime_operator.py for tasks to queue
[2021-12-10 08:41:16,056] {logging_mixin.py:109} INFO - [2021-12-10 08:41:16,056] {dagbag.py:500} INFO - Filling up the DagBag from /home/airflow/.local/lib/python3.7/site-packages/airflow/example_dags/example_branch_datetime_operator.py
[2021-12-10 08:41:16,094] {processor.py:637} INFO - DAG(s) dict_keys(['example_branch_datetime_operator_2']) retrieved from /home/airflow/.local/lib/python3.7/site-packages/airflow/example_dags/example_branch_datetime_operator.py
[2021-12-10 08:41:16,110] {logging_mixin.py:109} INFO - [2021-12-10 08:41:16,110] {dag.py:2396} INFO - Sync 1 DAGs
[2021-12-10 08:41:16,135] {logging_mixin.py:109} INFO - [2021-12-10 08:41:16,135] {dag.py:2928} INFO - Setting next_dagrun for example_branch_datetime_operator_2 to 2021-12-09 00:00:00+00:00
[2021-12-10 08:41:16,149] {processor.py:171} INFO - Processing /home/airflow/.local/lib/python3.7/site-packages/airflow/example_dags/example_branch_datetime_operator.py took 0.100 seconds
[2021-12-10 08:41:46,455] {processor.py:163} INFO - Started process (PID=2331) to work on /home/airflow/.local/lib/python3.7/site-packages/airflow/example_dags/example_branch_datetime_operator.py
[2021-12-10 08:41:46,457] {processor.py:625} INFO - Processing file /home/airflow/.local/lib/python3.7/site-packages/airflow/example_dags/example_branch_datetime_operator.py for tasks to queue
[2021-12-10 08:41:46,457] {logging_mixin.py:109} INFO - [2021-12-10 08:41:46,457] {dagbag.py:500} INFO - Filling up the DagBag from /home/airflow/.local/lib/python3.7/site-packages/airflow/example_dags/example_branch_datetime_operator.py
[2021-12-10 08:41:46,487] {processor.py:637} INFO - DAG(s) dict_keys(['example_branch_datetime_operator_2']) retrieved from /home/airflow/.local/lib/python3.7/site-packages/airflow/example_dags/example_branch_datetime_operator.py
[2021-12-10 08:41:46,497] {logging_mixin.py:109} INFO - [2021-12-10 08:41:46,497] {dag.py:2396} INFO - Sync 1 DAGs
[2021-12-10 08:41:46,518] {logging_mixin.py:109} INFO - [2021-12-10 08:41:46,518] {dag.py:2928} INFO - Setting next_dagrun for example_branch_datetime_operator_2 to 2021-12-09 00:00:00+00:00
[2021-12-10 08:41:46,528] {processor.py:171} INFO - Processing /home/airflow/.local/lib/python3.7/site-packages/airflow/example_dags/example_branch_datetime_operator.py took 0.076 seconds
[2021-12-10 08:42:16,881] {processor.py:163} INFO - Started process (PID=2394) to work on /home/airflow/.local/lib/python3.7/site-packages/airflow/example_dags/example_branch_datetime_operator.py
[2021-12-10 08:42:16,883] {processor.py:625} INFO - Processing file /home/airflow/.local/lib/python3.7/site-packages/airflow/example_dags/example_branch_datetime_operator.py for tasks to queue
[2021-12-10 08:42:16,884] {logging_mixin.py:109} INFO - [2021-12-10 08:42:16,883] {dagbag.py:500} INFO - Filling up the DagBag from /home/airflow/.local/lib/python3.7/site-packages/airflow/example_dags/example_branch_datetime_operator.py
[2021-12-10 08:42:16,915] {processor.py:637} INFO - DAG(s) dict_keys(['example_branch_datetime_operator_2']) retrieved from /home/airflow/.local/lib/python3.7/site-packages/airflow/example_dags/example_branch_datetime_operator.py
[2021-12-10 08:42:16,928] {logging_mixin.py:109} INFO - [2021-12-10 08:42:16,928] {dag.py:2396} INFO - Sync 1 DAGs
[2021-12-10 08:42:16,952] {logging_mixin.py:109} INFO - [2021-12-10 08:42:16,951] {dag.py:2928} INFO - Setting next_dagrun for example_branch_datetime_operator_2 to 2021-12-09 00:00:00+00:00
[2021-12-10 08:42:16,962] {processor.py:171} INFO - Processing /home/airflow/.local/lib/python3.7/site-packages/airflow/example_dags/example_branch_datetime_operator.py took 0.084 seconds
[2021-12-10 08:42:47,749] {processor.py:163} INFO - Started process (PID=2446) to work on /home/airflow/.local/lib/python3.7/site-packages/airflow/example_dags/example_branch_datetime_operator.py
[2021-12-10 08:42:47,751] {processor.py:625} INFO - Processing file /home/airflow/.local/lib/python3.7/site-packages/airflow/example_dags/example_branch_datetime_operator.py for tasks to queue
[2021-12-10 08:42:47,751] {logging_mixin.py:109} INFO - [2021-12-10 08:42:47,751] {dagbag.py:500} INFO - Filling up the DagBag from /home/airflow/.local/lib/python3.7/site-packages/airflow/example_dags/example_branch_datetime_operator.py
[2021-12-10 08:42:47,783] {processor.py:637} INFO - DAG(s) dict_keys(['example_branch_datetime_operator_2']) retrieved from /home/airflow/.local/lib/python3.7/site-packages/airflow/example_dags/example_branch_datetime_operator.py
[2021-12-10 08:42:47,793] {logging_mixin.py:109} INFO - [2021-12-10 08:42:47,793] {dag.py:2396} INFO - Sync 1 DAGs
[2021-12-10 08:42:47,811] {logging_mixin.py:109} INFO - [2021-12-10 08:42:47,811] {dag.py:2928} INFO - Setting next_dagrun for example_branch_datetime_operator_2 to 2021-12-09 00:00:00+00:00
[2021-12-10 08:42:47,820] {processor.py:171} INFO - Processing /home/airflow/.local/lib/python3.7/site-packages/airflow/example_dags/example_branch_datetime_operator.py took 0.075 seconds
[2021-12-10 08:43:18,371] {processor.py:163} INFO - Started process (PID=2499) to work on /home/airflow/.local/lib/python3.7/site-packages/airflow/example_dags/example_branch_datetime_operator.py
[2021-12-10 08:43:18,373] {processor.py:625} INFO - Processing file /home/airflow/.local/lib/python3.7/site-packages/airflow/example_dags/example_branch_datetime_operator.py for tasks to queue
[2021-12-10 08:43:18,374] {logging_mixin.py:109} INFO - [2021-12-10 08:43:18,374] {dagbag.py:500} INFO - Filling up the DagBag from /home/airflow/.local/lib/python3.7/site-packages/airflow/example_dags/example_branch_datetime_operator.py
[2021-12-10 08:43:18,403] {processor.py:637} INFO - DAG(s) dict_keys(['example_branch_datetime_operator_2']) retrieved from /home/airflow/.local/lib/python3.7/site-packages/airflow/example_dags/example_branch_datetime_operator.py
[2021-12-10 08:43:18,412] {logging_mixin.py:109} INFO - [2021-12-10 08:43:18,412] {dag.py:2396} INFO - Sync 1 DAGs
[2021-12-10 08:43:18,431] {logging_mixin.py:109} INFO - [2021-12-10 08:43:18,430] {dag.py:2928} INFO - Setting next_dagrun for example_branch_datetime_operator_2 to 2021-12-09 00:00:00+00:00
[2021-12-10 08:43:18,440] {processor.py:171} INFO - Processing /home/airflow/.local/lib/python3.7/site-packages/airflow/example_dags/example_branch_datetime_operator.py took 0.073 seconds
[2021-12-10 08:43:48,473] {processor.py:163} INFO - Started process (PID=2559) to work on /home/airflow/.local/lib/python3.7/site-packages/airflow/example_dags/example_branch_datetime_operator.py
[2021-12-10 08:43:48,475] {processor.py:625} INFO - Processing file /home/airflow/.local/lib/python3.7/site-packages/airflow/example_dags/example_branch_datetime_operator.py for tasks to queue
[2021-12-10 08:43:48,476] {logging_mixin.py:109} INFO - [2021-12-10 08:43:48,476] {dagbag.py:500} INFO - Filling up the DagBag from /home/airflow/.local/lib/python3.7/site-packages/airflow/example_dags/example_branch_datetime_operator.py
[2021-12-10 08:43:48,507] {processor.py:637} INFO - DAG(s) dict_keys(['example_branch_datetime_operator_2']) retrieved from /home/airflow/.local/lib/python3.7/site-packages/airflow/example_dags/example_branch_datetime_operator.py
[2021-12-10 08:43:48,517] {logging_mixin.py:109} INFO - [2021-12-10 08:43:48,516] {dag.py:2396} INFO - Sync 1 DAGs
[2021-12-10 08:43:48,536] {logging_mixin.py:109} INFO - [2021-12-10 08:43:48,536] {dag.py:2928} INFO - Setting next_dagrun for example_branch_datetime_operator_2 to 2021-12-09 00:00:00+00:00
[2021-12-10 08:43:48,550] {processor.py:171} INFO - Processing /home/airflow/.local/lib/python3.7/site-packages/airflow/example_dags/example_branch_datetime_operator.py took 0.081 seconds
[2021-12-10 08:44:18,817] {processor.py:163} INFO - Started process (PID=2612) to work on /home/airflow/.local/lib/python3.7/site-packages/airflow/example_dags/example_branch_datetime_operator.py
[2021-12-10 08:44:18,819] {processor.py:625} INFO - Processing file /home/airflow/.local/lib/python3.7/site-packages/airflow/example_dags/example_branch_datetime_operator.py for tasks to queue
[2021-12-10 08:44:18,819] {logging_mixin.py:109} INFO - [2021-12-10 08:44:18,819] {dagbag.py:500} INFO - Filling up the DagBag from /home/airflow/.local/lib/python3.7/site-packages/airflow/example_dags/example_branch_datetime_operator.py
[2021-12-10 08:44:18,849] {processor.py:637} INFO - DAG(s) dict_keys(['example_branch_datetime_operator_2']) retrieved from /home/airflow/.local/lib/python3.7/site-packages/airflow/example_dags/example_branch_datetime_operator.py
[2021-12-10 08:44:18,860] {logging_mixin.py:109} INFO - [2021-12-10 08:44:18,860] {dag.py:2396} INFO - Sync 1 DAGs
[2021-12-10 08:44:18,879] {logging_mixin.py:109} INFO - [2021-12-10 08:44:18,879] {dag.py:2928} INFO - Setting next_dagrun for example_branch_datetime_operator_2 to 2021-12-09 00:00:00+00:00
[2021-12-10 08:44:18,888] {processor.py:171} INFO - Processing /home/airflow/.local/lib/python3.7/site-packages/airflow/example_dags/example_branch_datetime_operator.py took 0.075 seconds
[2021-12-10 08:44:49,587] {processor.py:163} INFO - Started process (PID=2675) to work on /home/airflow/.local/lib/python3.7/site-packages/airflow/example_dags/example_branch_datetime_operator.py
[2021-12-10 08:44:49,589] {processor.py:625} INFO - Processing file /home/airflow/.local/lib/python3.7/site-packages/airflow/example_dags/example_branch_datetime_operator.py for tasks to queue
[2021-12-10 08:44:49,590] {logging_mixin.py:109} INFO - [2021-12-10 08:44:49,590] {dagbag.py:500} INFO - Filling up the DagBag from /home/airflow/.local/lib/python3.7/site-packages/airflow/example_dags/example_branch_datetime_operator.py
[2021-12-10 08:44:49,622] {processor.py:637} INFO - DAG(s) dict_keys(['example_branch_datetime_operator_2']) retrieved from /home/airflow/.local/lib/python3.7/site-packages/airflow/example_dags/example_branch_datetime_operator.py
[2021-12-10 08:44:49,633] {logging_mixin.py:109} INFO - [2021-12-10 08:44:49,633] {dag.py:2396} INFO - Sync 1 DAGs
[2021-12-10 08:44:49,654] {logging_mixin.py:109} INFO - [2021-12-10 08:44:49,654] {dag.py:2928} INFO - Setting next_dagrun for example_branch_datetime_operator_2 to 2021-12-09 00:00:00+00:00
[2021-12-10 08:44:49,668] {processor.py:171} INFO - Processing /home/airflow/.local/lib/python3.7/site-packages/airflow/example_dags/example_branch_datetime_operator.py took 0.085 seconds
[2021-12-10 08:45:19,961] {processor.py:163} INFO - Started process (PID=2724) to work on /home/airflow/.local/lib/python3.7/site-packages/airflow/example_dags/example_branch_datetime_operator.py
[2021-12-10 08:45:19,963] {processor.py:625} INFO - Processing file /home/airflow/.local/lib/python3.7/site-packages/airflow/example_dags/example_branch_datetime_operator.py for tasks to queue
[2021-12-10 08:45:19,963] {logging_mixin.py:109} INFO - [2021-12-10 08:45:19,963] {dagbag.py:500} INFO - Filling up the DagBag from /home/airflow/.local/lib/python3.7/site-packages/airflow/example_dags/example_branch_datetime_operator.py
[2021-12-10 08:45:19,993] {processor.py:637} INFO - DAG(s) dict_keys(['example_branch_datetime_operator_2']) retrieved from /home/airflow/.local/lib/python3.7/site-packages/airflow/example_dags/example_branch_datetime_operator.py
[2021-12-10 08:45:20,004] {logging_mixin.py:109} INFO - [2021-12-10 08:45:20,004] {dag.py:2396} INFO - Sync 1 DAGs
[2021-12-10 08:45:20,028] {logging_mixin.py:109} INFO - [2021-12-10 08:45:20,028] {dag.py:2928} INFO - Setting next_dagrun for example_branch_datetime_operator_2 to 2021-12-09 00:00:00+00:00
[2021-12-10 08:45:20,039] {processor.py:171} INFO - Processing /home/airflow/.local/lib/python3.7/site-packages/airflow/example_dags/example_branch_datetime_operator.py took 0.082 seconds
[2021-12-10 08:45:50,060] {processor.py:163} INFO - Started process (PID=2775) to work on /home/airflow/.local/lib/python3.7/site-packages/airflow/example_dags/example_branch_datetime_operator.py
[2021-12-10 08:45:50,062] {processor.py:625} INFO - Processing file /home/airflow/.local/lib/python3.7/site-packages/airflow/example_dags/example_branch_datetime_operator.py for tasks to queue
[2021-12-10 08:45:50,062] {logging_mixin.py:109} INFO - [2021-12-10 08:45:50,062] {dagbag.py:500} INFO - Filling up the DagBag from /home/airflow/.local/lib/python3.7/site-packages/airflow/example_dags/example_branch_datetime_operator.py
[2021-12-10 08:45:50,095] {processor.py:637} INFO - DAG(s) dict_keys(['example_branch_datetime_operator_2']) retrieved from /home/airflow/.local/lib/python3.7/site-packages/airflow/example_dags/example_branch_datetime_operator.py
[2021-12-10 08:45:50,105] {logging_mixin.py:109} INFO - [2021-12-10 08:45:50,105] {dag.py:2396} INFO - Sync 1 DAGs
[2021-12-10 08:45:50,129] {logging_mixin.py:109} INFO - [2021-12-10 08:45:50,129] {dag.py:2928} INFO - Setting next_dagrun for example_branch_datetime_operator_2 to 2021-12-09 00:00:00+00:00
[2021-12-10 08:45:50,279] {processor.py:171} INFO - Processing /home/airflow/.local/lib/python3.7/site-packages/airflow/example_dags/example_branch_datetime_operator.py took 0.224 seconds
[2021-12-10 08:46:20,443] {processor.py:163} INFO - Started process (PID=2835) to work on /home/airflow/.local/lib/python3.7/site-packages/airflow/example_dags/example_branch_datetime_operator.py
[2021-12-10 08:46:20,445] {processor.py:625} INFO - Processing file /home/airflow/.local/lib/python3.7/site-packages/airflow/example_dags/example_branch_datetime_operator.py for tasks to queue
[2021-12-10 08:46:20,445] {logging_mixin.py:109} INFO - [2021-12-10 08:46:20,445] {dagbag.py:500} INFO - Filling up the DagBag from /home/airflow/.local/lib/python3.7/site-packages/airflow/example_dags/example_branch_datetime_operator.py
[2021-12-10 08:46:20,475] {processor.py:637} INFO - DAG(s) dict_keys(['example_branch_datetime_operator_2']) retrieved from /home/airflow/.local/lib/python3.7/site-packages/airflow/example_dags/example_branch_datetime_operator.py
[2021-12-10 08:46:20,486] {logging_mixin.py:109} INFO - [2021-12-10 08:46:20,486] {dag.py:2396} INFO - Sync 1 DAGs
[2021-12-10 08:46:20,504] {logging_mixin.py:109} INFO - [2021-12-10 08:46:20,504] {dag.py:2928} INFO - Setting next_dagrun for example_branch_datetime_operator_2 to 2021-12-09 00:00:00+00:00
[2021-12-10 08:46:20,623] {processor.py:171} INFO - Processing /home/airflow/.local/lib/python3.7/site-packages/airflow/example_dags/example_branch_datetime_operator.py took 0.184 seconds
[2021-12-10 08:46:50,768] {processor.py:163} INFO - Started process (PID=2886) to work on /home/airflow/.local/lib/python3.7/site-packages/airflow/example_dags/example_branch_datetime_operator.py
[2021-12-10 08:46:50,771] {processor.py:625} INFO - Processing file /home/airflow/.local/lib/python3.7/site-packages/airflow/example_dags/example_branch_datetime_operator.py for tasks to queue
[2021-12-10 08:46:50,772] {logging_mixin.py:109} INFO - [2021-12-10 08:46:50,772] {dagbag.py:500} INFO - Filling up the DagBag from /home/airflow/.local/lib/python3.7/site-packages/airflow/example_dags/example_branch_datetime_operator.py
[2021-12-10 08:46:50,803] {processor.py:637} INFO - DAG(s) dict_keys(['example_branch_datetime_operator_2']) retrieved from /home/airflow/.local/lib/python3.7/site-packages/airflow/example_dags/example_branch_datetime_operator.py
[2021-12-10 08:46:50,814] {logging_mixin.py:109} INFO - [2021-12-10 08:46:50,814] {dag.py:2396} INFO - Sync 1 DAGs
[2021-12-10 08:46:50,942] {logging_mixin.py:109} INFO - [2021-12-10 08:46:50,942] {dag.py:2928} INFO - Setting next_dagrun for example_branch_datetime_operator_2 to 2021-12-09 00:00:00+00:00
[2021-12-10 08:46:50,951] {processor.py:171} INFO - Processing /home/airflow/.local/lib/python3.7/site-packages/airflow/example_dags/example_branch_datetime_operator.py took 0.188 seconds
[2021-12-10 08:47:20,982] {processor.py:163} INFO - Started process (PID=2948) to work on /home/airflow/.local/lib/python3.7/site-packages/airflow/example_dags/example_branch_datetime_operator.py
[2021-12-10 08:47:20,983] {processor.py:625} INFO - Processing file /home/airflow/.local/lib/python3.7/site-packages/airflow/example_dags/example_branch_datetime_operator.py for tasks to queue
[2021-12-10 08:47:20,984] {logging_mixin.py:109} INFO - [2021-12-10 08:47:20,984] {dagbag.py:500} INFO - Filling up the DagBag from /home/airflow/.local/lib/python3.7/site-packages/airflow/example_dags/example_branch_datetime_operator.py
[2021-12-10 08:47:21,012] {processor.py:637} INFO - DAG(s) dict_keys(['example_branch_datetime_operator_2']) retrieved from /home/airflow/.local/lib/python3.7/site-packages/airflow/example_dags/example_branch_datetime_operator.py
[2021-12-10 08:47:21,023] {logging_mixin.py:109} INFO - [2021-12-10 08:47:21,023] {dag.py:2396} INFO - Sync 1 DAGs
[2021-12-10 08:47:21,141] {logging_mixin.py:109} INFO - [2021-12-10 08:47:21,141] {dag.py:2928} INFO - Setting next_dagrun for example_branch_datetime_operator_2 to 2021-12-09 00:00:00+00:00
[2021-12-10 08:47:21,150] {processor.py:171} INFO - Processing /home/airflow/.local/lib/python3.7/site-packages/airflow/example_dags/example_branch_datetime_operator.py took 0.171 seconds
