[2021-12-10 08:23:20,878] {processor.py:163} INFO - Started process (PID=40) to work on /home/airflow/.local/lib/python3.7/site-packages/airflow/example_dags/example_nested_branch_dag.py
[2021-12-10 08:23:20,884] {processor.py:625} INFO - Processing file /home/airflow/.local/lib/python3.7/site-packages/airflow/example_dags/example_nested_branch_dag.py for tasks to queue
[2021-12-10 08:23:20,884] {logging_mixin.py:109} INFO - [2021-12-10 08:23:20,884] {dagbag.py:500} INFO - Filling up the DagBag from /home/airflow/.local/lib/python3.7/site-packages/airflow/example_dags/example_nested_branch_dag.py
[2021-12-10 08:23:20,963] {processor.py:637} INFO - DAG(s) dict_keys(['example_nested_branch_dag']) retrieved from /home/airflow/.local/lib/python3.7/site-packages/airflow/example_dags/example_nested_branch_dag.py
[2021-12-10 08:23:25,425] {logging_mixin.py:109} INFO - [2021-12-10 08:23:25,425] {providers_manager.py:156} WARNING - Exception when importing 'airflow.providers.google.leveldb.hooks.leveldb.LevelDBHook' from 'apache-airflow-providers-google' package: No module named 'plyvel'
[2021-12-10 08:23:26,819] {logging_mixin.py:109} INFO - [2021-12-10 08:23:26,818] {providers_manager.py:156} WARNING - Exception when importing 'airflow.providers.google.leveldb.hooks.leveldb.LevelDBHook' from 'apache-airflow-providers-google' package: No module named 'plyvel'
[2021-12-10 08:23:26,839] {logging_mixin.py:109} INFO - [2021-12-10 08:23:26,839] {manager.py:496} INFO - Created Permission View: can read on DAG:example_nested_branch_dag
[2021-12-10 08:23:26,847] {logging_mixin.py:109} INFO - [2021-12-10 08:23:26,847] {manager.py:496} INFO - Created Permission View: can edit on DAG:example_nested_branch_dag
[2021-12-10 08:23:26,847] {logging_mixin.py:109} INFO - [2021-12-10 08:23:26,847] {dag.py:2396} INFO - Sync 1 DAGs
[2021-12-10 08:23:26,857] {logging_mixin.py:109} INFO - [2021-12-10 08:23:26,856] {dag.py:2415} INFO - Creating ORM DAG for example_nested_branch_dag
[2021-12-10 08:23:26,868] {logging_mixin.py:109} INFO - [2021-12-10 08:23:26,868] {dag.py:2928} INFO - Setting next_dagrun for example_nested_branch_dag to 2021-12-09 00:00:00+00:00
[2021-12-10 08:23:26,887] {processor.py:171} INFO - Processing /home/airflow/.local/lib/python3.7/site-packages/airflow/example_dags/example_nested_branch_dag.py took 6.012 seconds
[2021-12-10 08:23:57,424] {processor.py:163} INFO - Started process (PID=348) to work on /home/airflow/.local/lib/python3.7/site-packages/airflow/example_dags/example_nested_branch_dag.py
[2021-12-10 08:23:57,425] {processor.py:625} INFO - Processing file /home/airflow/.local/lib/python3.7/site-packages/airflow/example_dags/example_nested_branch_dag.py for tasks to queue
[2021-12-10 08:23:57,426] {logging_mixin.py:109} INFO - [2021-12-10 08:23:57,426] {dagbag.py:500} INFO - Filling up the DagBag from /home/airflow/.local/lib/python3.7/site-packages/airflow/example_dags/example_nested_branch_dag.py
[2021-12-10 08:23:57,469] {processor.py:637} INFO - DAG(s) dict_keys(['example_nested_branch_dag']) retrieved from /home/airflow/.local/lib/python3.7/site-packages/airflow/example_dags/example_nested_branch_dag.py
[2021-12-10 08:23:57,480] {logging_mixin.py:109} INFO - [2021-12-10 08:23:57,480] {dag.py:2396} INFO - Sync 1 DAGs
[2021-12-10 08:23:57,499] {logging_mixin.py:109} INFO - [2021-12-10 08:23:57,498] {dag.py:2928} INFO - Setting next_dagrun for example_nested_branch_dag to 2021-12-09 00:00:00+00:00
[2021-12-10 08:23:57,508] {processor.py:171} INFO - Processing /home/airflow/.local/lib/python3.7/site-packages/airflow/example_dags/example_nested_branch_dag.py took 0.088 seconds
[2021-12-10 08:24:27,763] {processor.py:163} INFO - Started process (PID=406) to work on /home/airflow/.local/lib/python3.7/site-packages/airflow/example_dags/example_nested_branch_dag.py
[2021-12-10 08:24:27,764] {processor.py:625} INFO - Processing file /home/airflow/.local/lib/python3.7/site-packages/airflow/example_dags/example_nested_branch_dag.py for tasks to queue
[2021-12-10 08:24:27,765] {logging_mixin.py:109} INFO - [2021-12-10 08:24:27,765] {dagbag.py:500} INFO - Filling up the DagBag from /home/airflow/.local/lib/python3.7/site-packages/airflow/example_dags/example_nested_branch_dag.py
[2021-12-10 08:24:27,795] {processor.py:637} INFO - DAG(s) dict_keys(['example_nested_branch_dag']) retrieved from /home/airflow/.local/lib/python3.7/site-packages/airflow/example_dags/example_nested_branch_dag.py
[2021-12-10 08:24:27,806] {logging_mixin.py:109} INFO - [2021-12-10 08:24:27,806] {dag.py:2396} INFO - Sync 1 DAGs
[2021-12-10 08:24:27,829] {logging_mixin.py:109} INFO - [2021-12-10 08:24:27,828] {dag.py:2928} INFO - Setting next_dagrun for example_nested_branch_dag to 2021-12-09 00:00:00+00:00
[2021-12-10 08:24:27,840] {processor.py:171} INFO - Processing /home/airflow/.local/lib/python3.7/site-packages/airflow/example_dags/example_nested_branch_dag.py took 0.080 seconds
[2021-12-10 08:24:58,183] {processor.py:163} INFO - Started process (PID=458) to work on /home/airflow/.local/lib/python3.7/site-packages/airflow/example_dags/example_nested_branch_dag.py
[2021-12-10 08:24:58,185] {processor.py:625} INFO - Processing file /home/airflow/.local/lib/python3.7/site-packages/airflow/example_dags/example_nested_branch_dag.py for tasks to queue
[2021-12-10 08:24:58,186] {logging_mixin.py:109} INFO - [2021-12-10 08:24:58,186] {dagbag.py:500} INFO - Filling up the DagBag from /home/airflow/.local/lib/python3.7/site-packages/airflow/example_dags/example_nested_branch_dag.py
[2021-12-10 08:24:58,222] {processor.py:637} INFO - DAG(s) dict_keys(['example_nested_branch_dag']) retrieved from /home/airflow/.local/lib/python3.7/site-packages/airflow/example_dags/example_nested_branch_dag.py
[2021-12-10 08:24:58,238] {logging_mixin.py:109} INFO - [2021-12-10 08:24:58,237] {dag.py:2396} INFO - Sync 1 DAGs
[2021-12-10 08:24:58,262] {logging_mixin.py:109} INFO - [2021-12-10 08:24:58,262] {dag.py:2928} INFO - Setting next_dagrun for example_nested_branch_dag to 2021-12-09 00:00:00+00:00
[2021-12-10 08:24:58,272] {processor.py:171} INFO - Processing /home/airflow/.local/lib/python3.7/site-packages/airflow/example_dags/example_nested_branch_dag.py took 0.093 seconds
[2021-12-10 08:25:28,526] {processor.py:163} INFO - Started process (PID=520) to work on /home/airflow/.local/lib/python3.7/site-packages/airflow/example_dags/example_nested_branch_dag.py
[2021-12-10 08:25:28,527] {processor.py:625} INFO - Processing file /home/airflow/.local/lib/python3.7/site-packages/airflow/example_dags/example_nested_branch_dag.py for tasks to queue
[2021-12-10 08:25:28,528] {logging_mixin.py:109} INFO - [2021-12-10 08:25:28,528] {dagbag.py:500} INFO - Filling up the DagBag from /home/airflow/.local/lib/python3.7/site-packages/airflow/example_dags/example_nested_branch_dag.py
[2021-12-10 08:25:28,559] {processor.py:637} INFO - DAG(s) dict_keys(['example_nested_branch_dag']) retrieved from /home/airflow/.local/lib/python3.7/site-packages/airflow/example_dags/example_nested_branch_dag.py
[2021-12-10 08:25:28,570] {logging_mixin.py:109} INFO - [2021-12-10 08:25:28,570] {dag.py:2396} INFO - Sync 1 DAGs
[2021-12-10 08:25:28,588] {logging_mixin.py:109} INFO - [2021-12-10 08:25:28,588] {dag.py:2928} INFO - Setting next_dagrun for example_nested_branch_dag to 2021-12-09 00:00:00+00:00
[2021-12-10 08:25:28,598] {processor.py:171} INFO - Processing /home/airflow/.local/lib/python3.7/site-packages/airflow/example_dags/example_nested_branch_dag.py took 0.076 seconds
[2021-12-10 08:25:58,923] {processor.py:163} INFO - Started process (PID=573) to work on /home/airflow/.local/lib/python3.7/site-packages/airflow/example_dags/example_nested_branch_dag.py
[2021-12-10 08:25:58,924] {processor.py:625} INFO - Processing file /home/airflow/.local/lib/python3.7/site-packages/airflow/example_dags/example_nested_branch_dag.py for tasks to queue
[2021-12-10 08:25:58,925] {logging_mixin.py:109} INFO - [2021-12-10 08:25:58,925] {dagbag.py:500} INFO - Filling up the DagBag from /home/airflow/.local/lib/python3.7/site-packages/airflow/example_dags/example_nested_branch_dag.py
[2021-12-10 08:25:58,955] {processor.py:637} INFO - DAG(s) dict_keys(['example_nested_branch_dag']) retrieved from /home/airflow/.local/lib/python3.7/site-packages/airflow/example_dags/example_nested_branch_dag.py
[2021-12-10 08:25:58,966] {logging_mixin.py:109} INFO - [2021-12-10 08:25:58,966] {dag.py:2396} INFO - Sync 1 DAGs
[2021-12-10 08:25:58,983] {logging_mixin.py:109} INFO - [2021-12-10 08:25:58,983] {dag.py:2928} INFO - Setting next_dagrun for example_nested_branch_dag to 2021-12-09 00:00:00+00:00
[2021-12-10 08:25:58,994] {processor.py:171} INFO - Processing /home/airflow/.local/lib/python3.7/site-packages/airflow/example_dags/example_nested_branch_dag.py took 0.075 seconds
[2021-12-10 08:26:29,438] {processor.py:163} INFO - Started process (PID=634) to work on /home/airflow/.local/lib/python3.7/site-packages/airflow/example_dags/example_nested_branch_dag.py
[2021-12-10 08:26:29,440] {processor.py:625} INFO - Processing file /home/airflow/.local/lib/python3.7/site-packages/airflow/example_dags/example_nested_branch_dag.py for tasks to queue
[2021-12-10 08:26:29,441] {logging_mixin.py:109} INFO - [2021-12-10 08:26:29,441] {dagbag.py:500} INFO - Filling up the DagBag from /home/airflow/.local/lib/python3.7/site-packages/airflow/example_dags/example_nested_branch_dag.py
[2021-12-10 08:26:29,472] {processor.py:637} INFO - DAG(s) dict_keys(['example_nested_branch_dag']) retrieved from /home/airflow/.local/lib/python3.7/site-packages/airflow/example_dags/example_nested_branch_dag.py
[2021-12-10 08:26:29,483] {logging_mixin.py:109} INFO - [2021-12-10 08:26:29,483] {dag.py:2396} INFO - Sync 1 DAGs
[2021-12-10 08:26:29,504] {logging_mixin.py:109} INFO - [2021-12-10 08:26:29,504] {dag.py:2928} INFO - Setting next_dagrun for example_nested_branch_dag to 2021-12-09 00:00:00+00:00
[2021-12-10 08:26:29,514] {processor.py:171} INFO - Processing /home/airflow/.local/lib/python3.7/site-packages/airflow/example_dags/example_nested_branch_dag.py took 0.080 seconds
[2021-12-10 08:26:59,657] {processor.py:163} INFO - Started process (PID=689) to work on /home/airflow/.local/lib/python3.7/site-packages/airflow/example_dags/example_nested_branch_dag.py
[2021-12-10 08:26:59,658] {processor.py:625} INFO - Processing file /home/airflow/.local/lib/python3.7/site-packages/airflow/example_dags/example_nested_branch_dag.py for tasks to queue
[2021-12-10 08:26:59,659] {logging_mixin.py:109} INFO - [2021-12-10 08:26:59,659] {dagbag.py:500} INFO - Filling up the DagBag from /home/airflow/.local/lib/python3.7/site-packages/airflow/example_dags/example_nested_branch_dag.py
[2021-12-10 08:26:59,691] {processor.py:637} INFO - DAG(s) dict_keys(['example_nested_branch_dag']) retrieved from /home/airflow/.local/lib/python3.7/site-packages/airflow/example_dags/example_nested_branch_dag.py
[2021-12-10 08:26:59,703] {logging_mixin.py:109} INFO - [2021-12-10 08:26:59,702] {dag.py:2396} INFO - Sync 1 DAGs
[2021-12-10 08:26:59,721] {logging_mixin.py:109} INFO - [2021-12-10 08:26:59,721] {dag.py:2928} INFO - Setting next_dagrun for example_nested_branch_dag to 2021-12-09 00:00:00+00:00
[2021-12-10 08:26:59,731] {processor.py:171} INFO - Processing /home/airflow/.local/lib/python3.7/site-packages/airflow/example_dags/example_nested_branch_dag.py took 0.078 seconds
[2021-12-10 08:27:29,862] {processor.py:163} INFO - Started process (PID=741) to work on /home/airflow/.local/lib/python3.7/site-packages/airflow/example_dags/example_nested_branch_dag.py
[2021-12-10 08:27:29,864] {processor.py:625} INFO - Processing file /home/airflow/.local/lib/python3.7/site-packages/airflow/example_dags/example_nested_branch_dag.py for tasks to queue
[2021-12-10 08:27:29,864] {logging_mixin.py:109} INFO - [2021-12-10 08:27:29,864] {dagbag.py:500} INFO - Filling up the DagBag from /home/airflow/.local/lib/python3.7/site-packages/airflow/example_dags/example_nested_branch_dag.py
[2021-12-10 08:27:29,898] {processor.py:637} INFO - DAG(s) dict_keys(['example_nested_branch_dag']) retrieved from /home/airflow/.local/lib/python3.7/site-packages/airflow/example_dags/example_nested_branch_dag.py
[2021-12-10 08:27:29,911] {logging_mixin.py:109} INFO - [2021-12-10 08:27:29,911] {dag.py:2396} INFO - Sync 1 DAGs
[2021-12-10 08:27:29,931] {logging_mixin.py:109} INFO - [2021-12-10 08:27:29,930] {dag.py:2928} INFO - Setting next_dagrun for example_nested_branch_dag to 2021-12-09 00:00:00+00:00
[2021-12-10 08:27:29,941] {processor.py:171} INFO - Processing /home/airflow/.local/lib/python3.7/site-packages/airflow/example_dags/example_nested_branch_dag.py took 0.083 seconds
[2021-12-10 08:28:00,068] {processor.py:163} INFO - Started process (PID=803) to work on /home/airflow/.local/lib/python3.7/site-packages/airflow/example_dags/example_nested_branch_dag.py
[2021-12-10 08:28:00,070] {processor.py:625} INFO - Processing file /home/airflow/.local/lib/python3.7/site-packages/airflow/example_dags/example_nested_branch_dag.py for tasks to queue
[2021-12-10 08:28:00,071] {logging_mixin.py:109} INFO - [2021-12-10 08:28:00,071] {dagbag.py:500} INFO - Filling up the DagBag from /home/airflow/.local/lib/python3.7/site-packages/airflow/example_dags/example_nested_branch_dag.py
[2021-12-10 08:28:00,105] {processor.py:637} INFO - DAG(s) dict_keys(['example_nested_branch_dag']) retrieved from /home/airflow/.local/lib/python3.7/site-packages/airflow/example_dags/example_nested_branch_dag.py
[2021-12-10 08:28:00,118] {logging_mixin.py:109} INFO - [2021-12-10 08:28:00,118] {dag.py:2396} INFO - Sync 1 DAGs
[2021-12-10 08:28:00,138] {logging_mixin.py:109} INFO - [2021-12-10 08:28:00,138] {dag.py:2928} INFO - Setting next_dagrun for example_nested_branch_dag to 2021-12-09 00:00:00+00:00
[2021-12-10 08:28:00,149] {processor.py:171} INFO - Processing /home/airflow/.local/lib/python3.7/site-packages/airflow/example_dags/example_nested_branch_dag.py took 0.085 seconds
[2021-12-10 08:28:30,305] {processor.py:163} INFO - Started process (PID=855) to work on /home/airflow/.local/lib/python3.7/site-packages/airflow/example_dags/example_nested_branch_dag.py
[2021-12-10 08:28:30,307] {processor.py:625} INFO - Processing file /home/airflow/.local/lib/python3.7/site-packages/airflow/example_dags/example_nested_branch_dag.py for tasks to queue
[2021-12-10 08:28:30,308] {logging_mixin.py:109} INFO - [2021-12-10 08:28:30,308] {dagbag.py:500} INFO - Filling up the DagBag from /home/airflow/.local/lib/python3.7/site-packages/airflow/example_dags/example_nested_branch_dag.py
[2021-12-10 08:28:30,343] {processor.py:637} INFO - DAG(s) dict_keys(['example_nested_branch_dag']) retrieved from /home/airflow/.local/lib/python3.7/site-packages/airflow/example_dags/example_nested_branch_dag.py
[2021-12-10 08:28:30,357] {logging_mixin.py:109} INFO - [2021-12-10 08:28:30,357] {dag.py:2396} INFO - Sync 1 DAGs
[2021-12-10 08:28:30,380] {logging_mixin.py:109} INFO - [2021-12-10 08:28:30,380] {dag.py:2928} INFO - Setting next_dagrun for example_nested_branch_dag to 2021-12-09 00:00:00+00:00
[2021-12-10 08:28:30,395] {processor.py:171} INFO - Processing /home/airflow/.local/lib/python3.7/site-packages/airflow/example_dags/example_nested_branch_dag.py took 0.093 seconds
[2021-12-10 08:29:00,602] {processor.py:163} INFO - Started process (PID=916) to work on /home/airflow/.local/lib/python3.7/site-packages/airflow/example_dags/example_nested_branch_dag.py
[2021-12-10 08:29:00,603] {processor.py:625} INFO - Processing file /home/airflow/.local/lib/python3.7/site-packages/airflow/example_dags/example_nested_branch_dag.py for tasks to queue
[2021-12-10 08:29:00,604] {logging_mixin.py:109} INFO - [2021-12-10 08:29:00,604] {dagbag.py:500} INFO - Filling up the DagBag from /home/airflow/.local/lib/python3.7/site-packages/airflow/example_dags/example_nested_branch_dag.py
[2021-12-10 08:29:00,634] {processor.py:637} INFO - DAG(s) dict_keys(['example_nested_branch_dag']) retrieved from /home/airflow/.local/lib/python3.7/site-packages/airflow/example_dags/example_nested_branch_dag.py
[2021-12-10 08:29:00,649] {logging_mixin.py:109} INFO - [2021-12-10 08:29:00,649] {dag.py:2396} INFO - Sync 1 DAGs
[2021-12-10 08:29:00,672] {logging_mixin.py:109} INFO - [2021-12-10 08:29:00,672] {dag.py:2928} INFO - Setting next_dagrun for example_nested_branch_dag to 2021-12-09 00:00:00+00:00
[2021-12-10 08:29:00,684] {processor.py:171} INFO - Processing /home/airflow/.local/lib/python3.7/site-packages/airflow/example_dags/example_nested_branch_dag.py took 0.085 seconds
[2021-12-10 08:29:31,388] {processor.py:163} INFO - Started process (PID=967) to work on /home/airflow/.local/lib/python3.7/site-packages/airflow/example_dags/example_nested_branch_dag.py
[2021-12-10 08:29:31,390] {processor.py:625} INFO - Processing file /home/airflow/.local/lib/python3.7/site-packages/airflow/example_dags/example_nested_branch_dag.py for tasks to queue
[2021-12-10 08:29:31,391] {logging_mixin.py:109} INFO - [2021-12-10 08:29:31,391] {dagbag.py:500} INFO - Filling up the DagBag from /home/airflow/.local/lib/python3.7/site-packages/airflow/example_dags/example_nested_branch_dag.py
[2021-12-10 08:29:31,422] {processor.py:637} INFO - DAG(s) dict_keys(['example_nested_branch_dag']) retrieved from /home/airflow/.local/lib/python3.7/site-packages/airflow/example_dags/example_nested_branch_dag.py
[2021-12-10 08:29:31,433] {logging_mixin.py:109} INFO - [2021-12-10 08:29:31,433] {dag.py:2396} INFO - Sync 1 DAGs
[2021-12-10 08:29:31,452] {logging_mixin.py:109} INFO - [2021-12-10 08:29:31,452] {dag.py:2928} INFO - Setting next_dagrun for example_nested_branch_dag to 2021-12-09 00:00:00+00:00
[2021-12-10 08:29:31,460] {processor.py:171} INFO - Processing /home/airflow/.local/lib/python3.7/site-packages/airflow/example_dags/example_nested_branch_dag.py took 0.075 seconds
[2021-12-10 08:30:01,859] {processor.py:163} INFO - Started process (PID=1020) to work on /home/airflow/.local/lib/python3.7/site-packages/airflow/example_dags/example_nested_branch_dag.py
[2021-12-10 08:30:01,860] {processor.py:625} INFO - Processing file /home/airflow/.local/lib/python3.7/site-packages/airflow/example_dags/example_nested_branch_dag.py for tasks to queue
[2021-12-10 08:30:01,861] {logging_mixin.py:109} INFO - [2021-12-10 08:30:01,861] {dagbag.py:500} INFO - Filling up the DagBag from /home/airflow/.local/lib/python3.7/site-packages/airflow/example_dags/example_nested_branch_dag.py
[2021-12-10 08:30:01,890] {processor.py:637} INFO - DAG(s) dict_keys(['example_nested_branch_dag']) retrieved from /home/airflow/.local/lib/python3.7/site-packages/airflow/example_dags/example_nested_branch_dag.py
[2021-12-10 08:30:01,901] {logging_mixin.py:109} INFO - [2021-12-10 08:30:01,901] {dag.py:2396} INFO - Sync 1 DAGs
[2021-12-10 08:30:01,920] {logging_mixin.py:109} INFO - [2021-12-10 08:30:01,920] {dag.py:2928} INFO - Setting next_dagrun for example_nested_branch_dag to 2021-12-09 00:00:00+00:00
[2021-12-10 08:30:01,931] {processor.py:171} INFO - Processing /home/airflow/.local/lib/python3.7/site-packages/airflow/example_dags/example_nested_branch_dag.py took 0.076 seconds
[2021-12-10 08:30:32,110] {processor.py:163} INFO - Started process (PID=1082) to work on /home/airflow/.local/lib/python3.7/site-packages/airflow/example_dags/example_nested_branch_dag.py
[2021-12-10 08:30:32,112] {processor.py:625} INFO - Processing file /home/airflow/.local/lib/python3.7/site-packages/airflow/example_dags/example_nested_branch_dag.py for tasks to queue
[2021-12-10 08:30:32,112] {logging_mixin.py:109} INFO - [2021-12-10 08:30:32,112] {dagbag.py:500} INFO - Filling up the DagBag from /home/airflow/.local/lib/python3.7/site-packages/airflow/example_dags/example_nested_branch_dag.py
[2021-12-10 08:30:32,142] {processor.py:637} INFO - DAG(s) dict_keys(['example_nested_branch_dag']) retrieved from /home/airflow/.local/lib/python3.7/site-packages/airflow/example_dags/example_nested_branch_dag.py
[2021-12-10 08:30:32,152] {logging_mixin.py:109} INFO - [2021-12-10 08:30:32,152] {dag.py:2396} INFO - Sync 1 DAGs
[2021-12-10 08:30:32,170] {logging_mixin.py:109} INFO - [2021-12-10 08:30:32,170] {dag.py:2928} INFO - Setting next_dagrun for example_nested_branch_dag to 2021-12-09 00:00:00+00:00
[2021-12-10 08:30:32,179] {processor.py:171} INFO - Processing /home/airflow/.local/lib/python3.7/site-packages/airflow/example_dags/example_nested_branch_dag.py took 0.073 seconds
[2021-12-10 08:31:02,248] {processor.py:163} INFO - Started process (PID=1133) to work on /home/airflow/.local/lib/python3.7/site-packages/airflow/example_dags/example_nested_branch_dag.py
[2021-12-10 08:31:02,249] {processor.py:625} INFO - Processing file /home/airflow/.local/lib/python3.7/site-packages/airflow/example_dags/example_nested_branch_dag.py for tasks to queue
[2021-12-10 08:31:02,250] {logging_mixin.py:109} INFO - [2021-12-10 08:31:02,250] {dagbag.py:500} INFO - Filling up the DagBag from /home/airflow/.local/lib/python3.7/site-packages/airflow/example_dags/example_nested_branch_dag.py
[2021-12-10 08:31:02,298] {processor.py:637} INFO - DAG(s) dict_keys(['example_nested_branch_dag']) retrieved from /home/airflow/.local/lib/python3.7/site-packages/airflow/example_dags/example_nested_branch_dag.py
[2021-12-10 08:31:02,310] {logging_mixin.py:109} INFO - [2021-12-10 08:31:02,309] {dag.py:2396} INFO - Sync 1 DAGs
[2021-12-10 08:31:02,330] {logging_mixin.py:109} INFO - [2021-12-10 08:31:02,329] {dag.py:2928} INFO - Setting next_dagrun for example_nested_branch_dag to 2021-12-09 00:00:00+00:00
[2021-12-10 08:31:02,342] {processor.py:171} INFO - Processing /home/airflow/.local/lib/python3.7/site-packages/airflow/example_dags/example_nested_branch_dag.py took 0.098 seconds
[2021-12-10 08:31:32,367] {processor.py:163} INFO - Started process (PID=1195) to work on /home/airflow/.local/lib/python3.7/site-packages/airflow/example_dags/example_nested_branch_dag.py
[2021-12-10 08:31:32,369] {processor.py:625} INFO - Processing file /home/airflow/.local/lib/python3.7/site-packages/airflow/example_dags/example_nested_branch_dag.py for tasks to queue
[2021-12-10 08:31:32,370] {logging_mixin.py:109} INFO - [2021-12-10 08:31:32,370] {dagbag.py:500} INFO - Filling up the DagBag from /home/airflow/.local/lib/python3.7/site-packages/airflow/example_dags/example_nested_branch_dag.py
[2021-12-10 08:31:32,399] {processor.py:637} INFO - DAG(s) dict_keys(['example_nested_branch_dag']) retrieved from /home/airflow/.local/lib/python3.7/site-packages/airflow/example_dags/example_nested_branch_dag.py
[2021-12-10 08:31:32,410] {logging_mixin.py:109} INFO - [2021-12-10 08:31:32,410] {dag.py:2396} INFO - Sync 1 DAGs
[2021-12-10 08:31:32,430] {logging_mixin.py:109} INFO - [2021-12-10 08:31:32,430] {dag.py:2928} INFO - Setting next_dagrun for example_nested_branch_dag to 2021-12-09 00:00:00+00:00
[2021-12-10 08:31:32,440] {processor.py:171} INFO - Processing /home/airflow/.local/lib/python3.7/site-packages/airflow/example_dags/example_nested_branch_dag.py took 0.076 seconds
[2021-12-10 08:32:02,817] {processor.py:163} INFO - Started process (PID=1248) to work on /home/airflow/.local/lib/python3.7/site-packages/airflow/example_dags/example_nested_branch_dag.py
[2021-12-10 08:32:02,821] {processor.py:625} INFO - Processing file /home/airflow/.local/lib/python3.7/site-packages/airflow/example_dags/example_nested_branch_dag.py for tasks to queue
[2021-12-10 08:32:02,822] {logging_mixin.py:109} INFO - [2021-12-10 08:32:02,822] {dagbag.py:500} INFO - Filling up the DagBag from /home/airflow/.local/lib/python3.7/site-packages/airflow/example_dags/example_nested_branch_dag.py
[2021-12-10 08:32:02,853] {processor.py:637} INFO - DAG(s) dict_keys(['example_nested_branch_dag']) retrieved from /home/airflow/.local/lib/python3.7/site-packages/airflow/example_dags/example_nested_branch_dag.py
[2021-12-10 08:32:02,865] {logging_mixin.py:109} INFO - [2021-12-10 08:32:02,865] {dag.py:2396} INFO - Sync 1 DAGs
[2021-12-10 08:32:02,883] {logging_mixin.py:109} INFO - [2021-12-10 08:32:02,883] {dag.py:2928} INFO - Setting next_dagrun for example_nested_branch_dag to 2021-12-09 00:00:00+00:00
[2021-12-10 08:32:02,893] {processor.py:171} INFO - Processing /home/airflow/.local/lib/python3.7/site-packages/airflow/example_dags/example_nested_branch_dag.py took 0.080 seconds
[2021-12-10 08:32:33,078] {processor.py:163} INFO - Started process (PID=1301) to work on /home/airflow/.local/lib/python3.7/site-packages/airflow/example_dags/example_nested_branch_dag.py
[2021-12-10 08:32:33,079] {processor.py:625} INFO - Processing file /home/airflow/.local/lib/python3.7/site-packages/airflow/example_dags/example_nested_branch_dag.py for tasks to queue
[2021-12-10 08:32:33,080] {logging_mixin.py:109} INFO - [2021-12-10 08:32:33,080] {dagbag.py:500} INFO - Filling up the DagBag from /home/airflow/.local/lib/python3.7/site-packages/airflow/example_dags/example_nested_branch_dag.py
[2021-12-10 08:32:33,110] {processor.py:637} INFO - DAG(s) dict_keys(['example_nested_branch_dag']) retrieved from /home/airflow/.local/lib/python3.7/site-packages/airflow/example_dags/example_nested_branch_dag.py
[2021-12-10 08:32:33,121] {logging_mixin.py:109} INFO - [2021-12-10 08:32:33,121] {dag.py:2396} INFO - Sync 1 DAGs
[2021-12-10 08:32:33,139] {logging_mixin.py:109} INFO - [2021-12-10 08:32:33,139] {dag.py:2928} INFO - Setting next_dagrun for example_nested_branch_dag to 2021-12-09 00:00:00+00:00
[2021-12-10 08:32:33,148] {processor.py:171} INFO - Processing /home/airflow/.local/lib/python3.7/site-packages/airflow/example_dags/example_nested_branch_dag.py took 0.074 seconds
[2021-12-10 08:33:03,241] {processor.py:163} INFO - Started process (PID=1362) to work on /home/airflow/.local/lib/python3.7/site-packages/airflow/example_dags/example_nested_branch_dag.py
[2021-12-10 08:33:03,243] {processor.py:625} INFO - Processing file /home/airflow/.local/lib/python3.7/site-packages/airflow/example_dags/example_nested_branch_dag.py for tasks to queue
[2021-12-10 08:33:03,244] {logging_mixin.py:109} INFO - [2021-12-10 08:33:03,243] {dagbag.py:500} INFO - Filling up the DagBag from /home/airflow/.local/lib/python3.7/site-packages/airflow/example_dags/example_nested_branch_dag.py
[2021-12-10 08:33:03,277] {processor.py:637} INFO - DAG(s) dict_keys(['example_nested_branch_dag']) retrieved from /home/airflow/.local/lib/python3.7/site-packages/airflow/example_dags/example_nested_branch_dag.py
[2021-12-10 08:33:03,288] {logging_mixin.py:109} INFO - [2021-12-10 08:33:03,288] {dag.py:2396} INFO - Sync 1 DAGs
[2021-12-10 08:33:03,308] {logging_mixin.py:109} INFO - [2021-12-10 08:33:03,308] {dag.py:2928} INFO - Setting next_dagrun for example_nested_branch_dag to 2021-12-09 00:00:00+00:00
[2021-12-10 08:33:03,318] {processor.py:171} INFO - Processing /home/airflow/.local/lib/python3.7/site-packages/airflow/example_dags/example_nested_branch_dag.py took 0.080 seconds
[2021-12-10 08:33:33,462] {processor.py:163} INFO - Started process (PID=1414) to work on /home/airflow/.local/lib/python3.7/site-packages/airflow/example_dags/example_nested_branch_dag.py
[2021-12-10 08:33:33,463] {processor.py:625} INFO - Processing file /home/airflow/.local/lib/python3.7/site-packages/airflow/example_dags/example_nested_branch_dag.py for tasks to queue
[2021-12-10 08:33:33,464] {logging_mixin.py:109} INFO - [2021-12-10 08:33:33,464] {dagbag.py:500} INFO - Filling up the DagBag from /home/airflow/.local/lib/python3.7/site-packages/airflow/example_dags/example_nested_branch_dag.py
[2021-12-10 08:33:33,495] {processor.py:637} INFO - DAG(s) dict_keys(['example_nested_branch_dag']) retrieved from /home/airflow/.local/lib/python3.7/site-packages/airflow/example_dags/example_nested_branch_dag.py
[2021-12-10 08:33:33,507] {logging_mixin.py:109} INFO - [2021-12-10 08:33:33,507] {dag.py:2396} INFO - Sync 1 DAGs
[2021-12-10 08:33:33,532] {logging_mixin.py:109} INFO - [2021-12-10 08:33:33,532] {dag.py:2928} INFO - Setting next_dagrun for example_nested_branch_dag to 2021-12-09 00:00:00+00:00
[2021-12-10 08:33:33,542] {processor.py:171} INFO - Processing /home/airflow/.local/lib/python3.7/site-packages/airflow/example_dags/example_nested_branch_dag.py took 0.084 seconds
[2021-12-10 08:34:03,694] {processor.py:163} INFO - Started process (PID=1476) to work on /home/airflow/.local/lib/python3.7/site-packages/airflow/example_dags/example_nested_branch_dag.py
[2021-12-10 08:34:03,695] {processor.py:625} INFO - Processing file /home/airflow/.local/lib/python3.7/site-packages/airflow/example_dags/example_nested_branch_dag.py for tasks to queue
[2021-12-10 08:34:03,696] {logging_mixin.py:109} INFO - [2021-12-10 08:34:03,696] {dagbag.py:500} INFO - Filling up the DagBag from /home/airflow/.local/lib/python3.7/site-packages/airflow/example_dags/example_nested_branch_dag.py
[2021-12-10 08:34:03,727] {processor.py:637} INFO - DAG(s) dict_keys(['example_nested_branch_dag']) retrieved from /home/airflow/.local/lib/python3.7/site-packages/airflow/example_dags/example_nested_branch_dag.py
[2021-12-10 08:34:03,738] {logging_mixin.py:109} INFO - [2021-12-10 08:34:03,738] {dag.py:2396} INFO - Sync 1 DAGs
[2021-12-10 08:34:03,757] {logging_mixin.py:109} INFO - [2021-12-10 08:34:03,757] {dag.py:2928} INFO - Setting next_dagrun for example_nested_branch_dag to 2021-12-09 00:00:00+00:00
[2021-12-10 08:34:03,766] {processor.py:171} INFO - Processing /home/airflow/.local/lib/python3.7/site-packages/airflow/example_dags/example_nested_branch_dag.py took 0.076 seconds
[2021-12-10 08:34:34,086] {processor.py:163} INFO - Started process (PID=1528) to work on /home/airflow/.local/lib/python3.7/site-packages/airflow/example_dags/example_nested_branch_dag.py
[2021-12-10 08:34:34,088] {processor.py:625} INFO - Processing file /home/airflow/.local/lib/python3.7/site-packages/airflow/example_dags/example_nested_branch_dag.py for tasks to queue
[2021-12-10 08:34:34,088] {logging_mixin.py:109} INFO - [2021-12-10 08:34:34,088] {dagbag.py:500} INFO - Filling up the DagBag from /home/airflow/.local/lib/python3.7/site-packages/airflow/example_dags/example_nested_branch_dag.py
[2021-12-10 08:34:34,117] {processor.py:637} INFO - DAG(s) dict_keys(['example_nested_branch_dag']) retrieved from /home/airflow/.local/lib/python3.7/site-packages/airflow/example_dags/example_nested_branch_dag.py
[2021-12-10 08:34:34,128] {logging_mixin.py:109} INFO - [2021-12-10 08:34:34,128] {dag.py:2396} INFO - Sync 1 DAGs
[2021-12-10 08:34:34,147] {logging_mixin.py:109} INFO - [2021-12-10 08:34:34,147] {dag.py:2928} INFO - Setting next_dagrun for example_nested_branch_dag to 2021-12-09 00:00:00+00:00
[2021-12-10 08:34:34,156] {processor.py:171} INFO - Processing /home/airflow/.local/lib/python3.7/site-packages/airflow/example_dags/example_nested_branch_dag.py took 0.074 seconds
[2021-12-10 08:35:04,270] {processor.py:163} INFO - Started process (PID=1579) to work on /home/airflow/.local/lib/python3.7/site-packages/airflow/example_dags/example_nested_branch_dag.py
[2021-12-10 08:35:04,272] {processor.py:625} INFO - Processing file /home/airflow/.local/lib/python3.7/site-packages/airflow/example_dags/example_nested_branch_dag.py for tasks to queue
[2021-12-10 08:35:04,273] {logging_mixin.py:109} INFO - [2021-12-10 08:35:04,273] {dagbag.py:500} INFO - Filling up the DagBag from /home/airflow/.local/lib/python3.7/site-packages/airflow/example_dags/example_nested_branch_dag.py
[2021-12-10 08:35:04,307] {processor.py:637} INFO - DAG(s) dict_keys(['example_nested_branch_dag']) retrieved from /home/airflow/.local/lib/python3.7/site-packages/airflow/example_dags/example_nested_branch_dag.py
[2021-12-10 08:35:04,318] {logging_mixin.py:109} INFO - [2021-12-10 08:35:04,318] {dag.py:2396} INFO - Sync 1 DAGs
[2021-12-10 08:35:04,337] {logging_mixin.py:109} INFO - [2021-12-10 08:35:04,337] {dag.py:2928} INFO - Setting next_dagrun for example_nested_branch_dag to 2021-12-09 00:00:00+00:00
[2021-12-10 08:35:04,346] {processor.py:171} INFO - Processing /home/airflow/.local/lib/python3.7/site-packages/airflow/example_dags/example_nested_branch_dag.py took 0.080 seconds
[2021-12-10 08:35:34,470] {processor.py:163} INFO - Started process (PID=1642) to work on /home/airflow/.local/lib/python3.7/site-packages/airflow/example_dags/example_nested_branch_dag.py
[2021-12-10 08:35:34,472] {processor.py:625} INFO - Processing file /home/airflow/.local/lib/python3.7/site-packages/airflow/example_dags/example_nested_branch_dag.py for tasks to queue
[2021-12-10 08:35:34,473] {logging_mixin.py:109} INFO - [2021-12-10 08:35:34,473] {dagbag.py:500} INFO - Filling up the DagBag from /home/airflow/.local/lib/python3.7/site-packages/airflow/example_dags/example_nested_branch_dag.py
[2021-12-10 08:35:34,507] {processor.py:637} INFO - DAG(s) dict_keys(['example_nested_branch_dag']) retrieved from /home/airflow/.local/lib/python3.7/site-packages/airflow/example_dags/example_nested_branch_dag.py
[2021-12-10 08:35:34,519] {logging_mixin.py:109} INFO - [2021-12-10 08:35:34,519] {dag.py:2396} INFO - Sync 1 DAGs
[2021-12-10 08:35:34,538] {logging_mixin.py:109} INFO - [2021-12-10 08:35:34,538] {dag.py:2928} INFO - Setting next_dagrun for example_nested_branch_dag to 2021-12-09 00:00:00+00:00
[2021-12-10 08:35:34,549] {processor.py:171} INFO - Processing /home/airflow/.local/lib/python3.7/site-packages/airflow/example_dags/example_nested_branch_dag.py took 0.083 seconds
[2021-12-10 08:36:04,973] {processor.py:163} INFO - Started process (PID=1695) to work on /home/airflow/.local/lib/python3.7/site-packages/airflow/example_dags/example_nested_branch_dag.py
[2021-12-10 08:36:04,975] {processor.py:625} INFO - Processing file /home/airflow/.local/lib/python3.7/site-packages/airflow/example_dags/example_nested_branch_dag.py for tasks to queue
[2021-12-10 08:36:04,975] {logging_mixin.py:109} INFO - [2021-12-10 08:36:04,975] {dagbag.py:500} INFO - Filling up the DagBag from /home/airflow/.local/lib/python3.7/site-packages/airflow/example_dags/example_nested_branch_dag.py
[2021-12-10 08:36:05,008] {processor.py:637} INFO - DAG(s) dict_keys(['example_nested_branch_dag']) retrieved from /home/airflow/.local/lib/python3.7/site-packages/airflow/example_dags/example_nested_branch_dag.py
[2021-12-10 08:36:05,023] {logging_mixin.py:109} INFO - [2021-12-10 08:36:05,023] {dag.py:2396} INFO - Sync 1 DAGs
[2021-12-10 08:36:05,047] {logging_mixin.py:109} INFO - [2021-12-10 08:36:05,046] {dag.py:2928} INFO - Setting next_dagrun for example_nested_branch_dag to 2021-12-09 00:00:00+00:00
[2021-12-10 08:36:05,057] {processor.py:171} INFO - Processing /home/airflow/.local/lib/python3.7/site-packages/airflow/example_dags/example_nested_branch_dag.py took 0.088 seconds
[2021-12-10 08:36:35,390] {processor.py:163} INFO - Started process (PID=1757) to work on /home/airflow/.local/lib/python3.7/site-packages/airflow/example_dags/example_nested_branch_dag.py
[2021-12-10 08:36:35,391] {processor.py:625} INFO - Processing file /home/airflow/.local/lib/python3.7/site-packages/airflow/example_dags/example_nested_branch_dag.py for tasks to queue
[2021-12-10 08:36:35,392] {logging_mixin.py:109} INFO - [2021-12-10 08:36:35,392] {dagbag.py:500} INFO - Filling up the DagBag from /home/airflow/.local/lib/python3.7/site-packages/airflow/example_dags/example_nested_branch_dag.py
[2021-12-10 08:36:35,424] {processor.py:637} INFO - DAG(s) dict_keys(['example_nested_branch_dag']) retrieved from /home/airflow/.local/lib/python3.7/site-packages/airflow/example_dags/example_nested_branch_dag.py
[2021-12-10 08:36:35,436] {logging_mixin.py:109} INFO - [2021-12-10 08:36:35,436] {dag.py:2396} INFO - Sync 1 DAGs
[2021-12-10 08:36:35,456] {logging_mixin.py:109} INFO - [2021-12-10 08:36:35,455] {dag.py:2928} INFO - Setting next_dagrun for example_nested_branch_dag to 2021-12-09 00:00:00+00:00
[2021-12-10 08:36:35,467] {processor.py:171} INFO - Processing /home/airflow/.local/lib/python3.7/site-packages/airflow/example_dags/example_nested_branch_dag.py took 0.082 seconds
[2021-12-10 08:37:05,568] {processor.py:163} INFO - Started process (PID=1810) to work on /home/airflow/.local/lib/python3.7/site-packages/airflow/example_dags/example_nested_branch_dag.py
[2021-12-10 08:37:05,570] {processor.py:625} INFO - Processing file /home/airflow/.local/lib/python3.7/site-packages/airflow/example_dags/example_nested_branch_dag.py for tasks to queue
[2021-12-10 08:37:05,571] {logging_mixin.py:109} INFO - [2021-12-10 08:37:05,570] {dagbag.py:500} INFO - Filling up the DagBag from /home/airflow/.local/lib/python3.7/site-packages/airflow/example_dags/example_nested_branch_dag.py
[2021-12-10 08:37:05,602] {processor.py:637} INFO - DAG(s) dict_keys(['example_nested_branch_dag']) retrieved from /home/airflow/.local/lib/python3.7/site-packages/airflow/example_dags/example_nested_branch_dag.py
[2021-12-10 08:37:05,615] {logging_mixin.py:109} INFO - [2021-12-10 08:37:05,615] {dag.py:2396} INFO - Sync 1 DAGs
[2021-12-10 08:37:05,636] {logging_mixin.py:109} INFO - [2021-12-10 08:37:05,636] {dag.py:2928} INFO - Setting next_dagrun for example_nested_branch_dag to 2021-12-09 00:00:00+00:00
[2021-12-10 08:37:05,647] {processor.py:171} INFO - Processing /home/airflow/.local/lib/python3.7/site-packages/airflow/example_dags/example_nested_branch_dag.py took 0.082 seconds
[2021-12-10 08:37:36,265] {processor.py:163} INFO - Started process (PID=1860) to work on /home/airflow/.local/lib/python3.7/site-packages/airflow/example_dags/example_nested_branch_dag.py
[2021-12-10 08:37:36,267] {processor.py:625} INFO - Processing file /home/airflow/.local/lib/python3.7/site-packages/airflow/example_dags/example_nested_branch_dag.py for tasks to queue
[2021-12-10 08:37:36,268] {logging_mixin.py:109} INFO - [2021-12-10 08:37:36,268] {dagbag.py:500} INFO - Filling up the DagBag from /home/airflow/.local/lib/python3.7/site-packages/airflow/example_dags/example_nested_branch_dag.py
[2021-12-10 08:37:36,301] {processor.py:637} INFO - DAG(s) dict_keys(['example_nested_branch_dag']) retrieved from /home/airflow/.local/lib/python3.7/site-packages/airflow/example_dags/example_nested_branch_dag.py
[2021-12-10 08:37:36,312] {logging_mixin.py:109} INFO - [2021-12-10 08:37:36,312] {dag.py:2396} INFO - Sync 1 DAGs
[2021-12-10 08:37:36,331] {logging_mixin.py:109} INFO - [2021-12-10 08:37:36,330] {dag.py:2928} INFO - Setting next_dagrun for example_nested_branch_dag to 2021-12-09 00:00:00+00:00
[2021-12-10 08:37:36,340] {processor.py:171} INFO - Processing /home/airflow/.local/lib/python3.7/site-packages/airflow/example_dags/example_nested_branch_dag.py took 0.079 seconds
[2021-12-10 08:38:06,455] {processor.py:163} INFO - Started process (PID=1921) to work on /home/airflow/.local/lib/python3.7/site-packages/airflow/example_dags/example_nested_branch_dag.py
[2021-12-10 08:38:06,457] {processor.py:625} INFO - Processing file /home/airflow/.local/lib/python3.7/site-packages/airflow/example_dags/example_nested_branch_dag.py for tasks to queue
[2021-12-10 08:38:06,458] {logging_mixin.py:109} INFO - [2021-12-10 08:38:06,457] {dagbag.py:500} INFO - Filling up the DagBag from /home/airflow/.local/lib/python3.7/site-packages/airflow/example_dags/example_nested_branch_dag.py
[2021-12-10 08:38:06,490] {processor.py:637} INFO - DAG(s) dict_keys(['example_nested_branch_dag']) retrieved from /home/airflow/.local/lib/python3.7/site-packages/airflow/example_dags/example_nested_branch_dag.py
[2021-12-10 08:38:06,501] {logging_mixin.py:109} INFO - [2021-12-10 08:38:06,501] {dag.py:2396} INFO - Sync 1 DAGs
[2021-12-10 08:38:06,520] {logging_mixin.py:109} INFO - [2021-12-10 08:38:06,520] {dag.py:2928} INFO - Setting next_dagrun for example_nested_branch_dag to 2021-12-09 00:00:00+00:00
[2021-12-10 08:38:06,530] {processor.py:171} INFO - Processing /home/airflow/.local/lib/python3.7/site-packages/airflow/example_dags/example_nested_branch_dag.py took 0.079 seconds
[2021-12-10 08:38:36,849] {processor.py:163} INFO - Started process (PID=1973) to work on /home/airflow/.local/lib/python3.7/site-packages/airflow/example_dags/example_nested_branch_dag.py
[2021-12-10 08:38:36,851] {processor.py:625} INFO - Processing file /home/airflow/.local/lib/python3.7/site-packages/airflow/example_dags/example_nested_branch_dag.py for tasks to queue
[2021-12-10 08:38:36,851] {logging_mixin.py:109} INFO - [2021-12-10 08:38:36,851] {dagbag.py:500} INFO - Filling up the DagBag from /home/airflow/.local/lib/python3.7/site-packages/airflow/example_dags/example_nested_branch_dag.py
[2021-12-10 08:38:36,881] {processor.py:637} INFO - DAG(s) dict_keys(['example_nested_branch_dag']) retrieved from /home/airflow/.local/lib/python3.7/site-packages/airflow/example_dags/example_nested_branch_dag.py
[2021-12-10 08:38:36,892] {logging_mixin.py:109} INFO - [2021-12-10 08:38:36,892] {dag.py:2396} INFO - Sync 1 DAGs
[2021-12-10 08:38:36,912] {logging_mixin.py:109} INFO - [2021-12-10 08:38:36,912] {dag.py:2928} INFO - Setting next_dagrun for example_nested_branch_dag to 2021-12-09 00:00:00+00:00
[2021-12-10 08:38:36,921] {processor.py:171} INFO - Processing /home/airflow/.local/lib/python3.7/site-packages/airflow/example_dags/example_nested_branch_dag.py took 0.076 seconds
[2021-12-10 08:39:07,263] {processor.py:163} INFO - Started process (PID=2034) to work on /home/airflow/.local/lib/python3.7/site-packages/airflow/example_dags/example_nested_branch_dag.py
[2021-12-10 08:39:07,265] {processor.py:625} INFO - Processing file /home/airflow/.local/lib/python3.7/site-packages/airflow/example_dags/example_nested_branch_dag.py for tasks to queue
[2021-12-10 08:39:07,266] {logging_mixin.py:109} INFO - [2021-12-10 08:39:07,266] {dagbag.py:500} INFO - Filling up the DagBag from /home/airflow/.local/lib/python3.7/site-packages/airflow/example_dags/example_nested_branch_dag.py
[2021-12-10 08:39:07,299] {processor.py:637} INFO - DAG(s) dict_keys(['example_nested_branch_dag']) retrieved from /home/airflow/.local/lib/python3.7/site-packages/airflow/example_dags/example_nested_branch_dag.py
[2021-12-10 08:39:07,311] {logging_mixin.py:109} INFO - [2021-12-10 08:39:07,310] {dag.py:2396} INFO - Sync 1 DAGs
[2021-12-10 08:39:07,332] {logging_mixin.py:109} INFO - [2021-12-10 08:39:07,332] {dag.py:2928} INFO - Setting next_dagrun for example_nested_branch_dag to 2021-12-09 00:00:00+00:00
[2021-12-10 08:39:07,343] {processor.py:171} INFO - Processing /home/airflow/.local/lib/python3.7/site-packages/airflow/example_dags/example_nested_branch_dag.py took 0.085 seconds
[2021-12-10 08:39:37,524] {processor.py:163} INFO - Started process (PID=2087) to work on /home/airflow/.local/lib/python3.7/site-packages/airflow/example_dags/example_nested_branch_dag.py
[2021-12-10 08:39:37,525] {processor.py:625} INFO - Processing file /home/airflow/.local/lib/python3.7/site-packages/airflow/example_dags/example_nested_branch_dag.py for tasks to queue
[2021-12-10 08:39:37,526] {logging_mixin.py:109} INFO - [2021-12-10 08:39:37,526] {dagbag.py:500} INFO - Filling up the DagBag from /home/airflow/.local/lib/python3.7/site-packages/airflow/example_dags/example_nested_branch_dag.py
[2021-12-10 08:39:37,557] {processor.py:637} INFO - DAG(s) dict_keys(['example_nested_branch_dag']) retrieved from /home/airflow/.local/lib/python3.7/site-packages/airflow/example_dags/example_nested_branch_dag.py
[2021-12-10 08:39:37,570] {logging_mixin.py:109} INFO - [2021-12-10 08:39:37,570] {dag.py:2396} INFO - Sync 1 DAGs
[2021-12-10 08:39:37,590] {logging_mixin.py:109} INFO - [2021-12-10 08:39:37,590] {dag.py:2928} INFO - Setting next_dagrun for example_nested_branch_dag to 2021-12-09 00:00:00+00:00
[2021-12-10 08:39:37,602] {processor.py:171} INFO - Processing /home/airflow/.local/lib/python3.7/site-packages/airflow/example_dags/example_nested_branch_dag.py took 0.081 seconds
[2021-12-10 08:40:07,734] {processor.py:163} INFO - Started process (PID=2141) to work on /home/airflow/.local/lib/python3.7/site-packages/airflow/example_dags/example_nested_branch_dag.py
[2021-12-10 08:40:07,736] {processor.py:625} INFO - Processing file /home/airflow/.local/lib/python3.7/site-packages/airflow/example_dags/example_nested_branch_dag.py for tasks to queue
[2021-12-10 08:40:07,736] {logging_mixin.py:109} INFO - [2021-12-10 08:40:07,736] {dagbag.py:500} INFO - Filling up the DagBag from /home/airflow/.local/lib/python3.7/site-packages/airflow/example_dags/example_nested_branch_dag.py
[2021-12-10 08:40:07,768] {processor.py:637} INFO - DAG(s) dict_keys(['example_nested_branch_dag']) retrieved from /home/airflow/.local/lib/python3.7/site-packages/airflow/example_dags/example_nested_branch_dag.py
[2021-12-10 08:40:07,781] {logging_mixin.py:109} INFO - [2021-12-10 08:40:07,781] {dag.py:2396} INFO - Sync 1 DAGs
[2021-12-10 08:40:07,803] {logging_mixin.py:109} INFO - [2021-12-10 08:40:07,803] {dag.py:2928} INFO - Setting next_dagrun for example_nested_branch_dag to 2021-12-09 00:00:00+00:00
[2021-12-10 08:40:07,812] {processor.py:171} INFO - Processing /home/airflow/.local/lib/python3.7/site-packages/airflow/example_dags/example_nested_branch_dag.py took 0.082 seconds
[2021-12-10 08:40:37,882] {processor.py:163} INFO - Started process (PID=2202) to work on /home/airflow/.local/lib/python3.7/site-packages/airflow/example_dags/example_nested_branch_dag.py
[2021-12-10 08:40:37,885] {processor.py:625} INFO - Processing file /home/airflow/.local/lib/python3.7/site-packages/airflow/example_dags/example_nested_branch_dag.py for tasks to queue
[2021-12-10 08:40:37,885] {logging_mixin.py:109} INFO - [2021-12-10 08:40:37,885] {dagbag.py:500} INFO - Filling up the DagBag from /home/airflow/.local/lib/python3.7/site-packages/airflow/example_dags/example_nested_branch_dag.py
[2021-12-10 08:40:37,916] {processor.py:637} INFO - DAG(s) dict_keys(['example_nested_branch_dag']) retrieved from /home/airflow/.local/lib/python3.7/site-packages/airflow/example_dags/example_nested_branch_dag.py
[2021-12-10 08:40:37,928] {logging_mixin.py:109} INFO - [2021-12-10 08:40:37,928] {dag.py:2396} INFO - Sync 1 DAGs
[2021-12-10 08:40:37,947] {logging_mixin.py:109} INFO - [2021-12-10 08:40:37,947] {dag.py:2928} INFO - Setting next_dagrun for example_nested_branch_dag to 2021-12-09 00:00:00+00:00
[2021-12-10 08:40:37,956] {processor.py:171} INFO - Processing /home/airflow/.local/lib/python3.7/site-packages/airflow/example_dags/example_nested_branch_dag.py took 0.078 seconds
[2021-12-10 08:41:08,139] {processor.py:163} INFO - Started process (PID=2255) to work on /home/airflow/.local/lib/python3.7/site-packages/airflow/example_dags/example_nested_branch_dag.py
[2021-12-10 08:41:08,140] {processor.py:625} INFO - Processing file /home/airflow/.local/lib/python3.7/site-packages/airflow/example_dags/example_nested_branch_dag.py for tasks to queue
[2021-12-10 08:41:08,141] {logging_mixin.py:109} INFO - [2021-12-10 08:41:08,141] {dagbag.py:500} INFO - Filling up the DagBag from /home/airflow/.local/lib/python3.7/site-packages/airflow/example_dags/example_nested_branch_dag.py
[2021-12-10 08:41:08,178] {processor.py:637} INFO - DAG(s) dict_keys(['example_nested_branch_dag']) retrieved from /home/airflow/.local/lib/python3.7/site-packages/airflow/example_dags/example_nested_branch_dag.py
[2021-12-10 08:41:08,191] {logging_mixin.py:109} INFO - [2021-12-10 08:41:08,191] {dag.py:2396} INFO - Sync 1 DAGs
[2021-12-10 08:41:08,217] {logging_mixin.py:109} INFO - [2021-12-10 08:41:08,217] {dag.py:2928} INFO - Setting next_dagrun for example_nested_branch_dag to 2021-12-09 00:00:00+00:00
[2021-12-10 08:41:08,229] {processor.py:171} INFO - Processing /home/airflow/.local/lib/python3.7/site-packages/airflow/example_dags/example_nested_branch_dag.py took 0.095 seconds
[2021-12-10 08:41:38,304] {processor.py:163} INFO - Started process (PID=2317) to work on /home/airflow/.local/lib/python3.7/site-packages/airflow/example_dags/example_nested_branch_dag.py
[2021-12-10 08:41:38,305] {processor.py:625} INFO - Processing file /home/airflow/.local/lib/python3.7/site-packages/airflow/example_dags/example_nested_branch_dag.py for tasks to queue
[2021-12-10 08:41:38,306] {logging_mixin.py:109} INFO - [2021-12-10 08:41:38,306] {dagbag.py:500} INFO - Filling up the DagBag from /home/airflow/.local/lib/python3.7/site-packages/airflow/example_dags/example_nested_branch_dag.py
[2021-12-10 08:41:38,336] {processor.py:637} INFO - DAG(s) dict_keys(['example_nested_branch_dag']) retrieved from /home/airflow/.local/lib/python3.7/site-packages/airflow/example_dags/example_nested_branch_dag.py
[2021-12-10 08:41:38,348] {logging_mixin.py:109} INFO - [2021-12-10 08:41:38,348] {dag.py:2396} INFO - Sync 1 DAGs
[2021-12-10 08:41:38,368] {logging_mixin.py:109} INFO - [2021-12-10 08:41:38,368] {dag.py:2928} INFO - Setting next_dagrun for example_nested_branch_dag to 2021-12-09 00:00:00+00:00
[2021-12-10 08:41:38,377] {processor.py:171} INFO - Processing /home/airflow/.local/lib/python3.7/site-packages/airflow/example_dags/example_nested_branch_dag.py took 0.077 seconds
[2021-12-10 08:42:08,762] {processor.py:163} INFO - Started process (PID=2371) to work on /home/airflow/.local/lib/python3.7/site-packages/airflow/example_dags/example_nested_branch_dag.py
[2021-12-10 08:42:08,764] {processor.py:625} INFO - Processing file /home/airflow/.local/lib/python3.7/site-packages/airflow/example_dags/example_nested_branch_dag.py for tasks to queue
[2021-12-10 08:42:08,764] {logging_mixin.py:109} INFO - [2021-12-10 08:42:08,764] {dagbag.py:500} INFO - Filling up the DagBag from /home/airflow/.local/lib/python3.7/site-packages/airflow/example_dags/example_nested_branch_dag.py
[2021-12-10 08:42:08,793] {processor.py:637} INFO - DAG(s) dict_keys(['example_nested_branch_dag']) retrieved from /home/airflow/.local/lib/python3.7/site-packages/airflow/example_dags/example_nested_branch_dag.py
[2021-12-10 08:42:08,803] {logging_mixin.py:109} INFO - [2021-12-10 08:42:08,803] {dag.py:2396} INFO - Sync 1 DAGs
[2021-12-10 08:42:08,821] {logging_mixin.py:109} INFO - [2021-12-10 08:42:08,820] {dag.py:2928} INFO - Setting next_dagrun for example_nested_branch_dag to 2021-12-09 00:00:00+00:00
[2021-12-10 08:42:08,830] {processor.py:171} INFO - Processing /home/airflow/.local/lib/python3.7/site-packages/airflow/example_dags/example_nested_branch_dag.py took 0.071 seconds
[2021-12-10 08:42:38,874] {processor.py:163} INFO - Started process (PID=2423) to work on /home/airflow/.local/lib/python3.7/site-packages/airflow/example_dags/example_nested_branch_dag.py
[2021-12-10 08:42:38,876] {processor.py:625} INFO - Processing file /home/airflow/.local/lib/python3.7/site-packages/airflow/example_dags/example_nested_branch_dag.py for tasks to queue
[2021-12-10 08:42:38,877] {logging_mixin.py:109} INFO - [2021-12-10 08:42:38,877] {dagbag.py:500} INFO - Filling up the DagBag from /home/airflow/.local/lib/python3.7/site-packages/airflow/example_dags/example_nested_branch_dag.py
[2021-12-10 08:42:38,911] {processor.py:637} INFO - DAG(s) dict_keys(['example_nested_branch_dag']) retrieved from /home/airflow/.local/lib/python3.7/site-packages/airflow/example_dags/example_nested_branch_dag.py
[2021-12-10 08:42:38,924] {logging_mixin.py:109} INFO - [2021-12-10 08:42:38,924] {dag.py:2396} INFO - Sync 1 DAGs
[2021-12-10 08:42:38,944] {logging_mixin.py:109} INFO - [2021-12-10 08:42:38,944] {dag.py:2928} INFO - Setting next_dagrun for example_nested_branch_dag to 2021-12-09 00:00:00+00:00
[2021-12-10 08:42:38,954] {processor.py:171} INFO - Processing /home/airflow/.local/lib/python3.7/site-packages/airflow/example_dags/example_nested_branch_dag.py took 0.085 seconds
[2021-12-10 08:43:09,260] {processor.py:163} INFO - Started process (PID=2485) to work on /home/airflow/.local/lib/python3.7/site-packages/airflow/example_dags/example_nested_branch_dag.py
[2021-12-10 08:43:09,263] {processor.py:625} INFO - Processing file /home/airflow/.local/lib/python3.7/site-packages/airflow/example_dags/example_nested_branch_dag.py for tasks to queue
[2021-12-10 08:43:09,264] {logging_mixin.py:109} INFO - [2021-12-10 08:43:09,263] {dagbag.py:500} INFO - Filling up the DagBag from /home/airflow/.local/lib/python3.7/site-packages/airflow/example_dags/example_nested_branch_dag.py
[2021-12-10 08:43:09,297] {processor.py:637} INFO - DAG(s) dict_keys(['example_nested_branch_dag']) retrieved from /home/airflow/.local/lib/python3.7/site-packages/airflow/example_dags/example_nested_branch_dag.py
[2021-12-10 08:43:09,309] {logging_mixin.py:109} INFO - [2021-12-10 08:43:09,309] {dag.py:2396} INFO - Sync 1 DAGs
[2021-12-10 08:43:09,328] {logging_mixin.py:109} INFO - [2021-12-10 08:43:09,328] {dag.py:2928} INFO - Setting next_dagrun for example_nested_branch_dag to 2021-12-09 00:00:00+00:00
[2021-12-10 08:43:09,339] {processor.py:171} INFO - Processing /home/airflow/.local/lib/python3.7/site-packages/airflow/example_dags/example_nested_branch_dag.py took 0.083 seconds
[2021-12-10 08:43:39,565] {processor.py:163} INFO - Started process (PID=2536) to work on /home/airflow/.local/lib/python3.7/site-packages/airflow/example_dags/example_nested_branch_dag.py
[2021-12-10 08:43:39,567] {processor.py:625} INFO - Processing file /home/airflow/.local/lib/python3.7/site-packages/airflow/example_dags/example_nested_branch_dag.py for tasks to queue
[2021-12-10 08:43:39,568] {logging_mixin.py:109} INFO - [2021-12-10 08:43:39,568] {dagbag.py:500} INFO - Filling up the DagBag from /home/airflow/.local/lib/python3.7/site-packages/airflow/example_dags/example_nested_branch_dag.py
[2021-12-10 08:43:39,598] {processor.py:637} INFO - DAG(s) dict_keys(['example_nested_branch_dag']) retrieved from /home/airflow/.local/lib/python3.7/site-packages/airflow/example_dags/example_nested_branch_dag.py
[2021-12-10 08:43:39,609] {logging_mixin.py:109} INFO - [2021-12-10 08:43:39,609] {dag.py:2396} INFO - Sync 1 DAGs
[2021-12-10 08:43:39,626] {logging_mixin.py:109} INFO - [2021-12-10 08:43:39,626] {dag.py:2928} INFO - Setting next_dagrun for example_nested_branch_dag to 2021-12-09 00:00:00+00:00
[2021-12-10 08:43:39,636] {processor.py:171} INFO - Processing /home/airflow/.local/lib/python3.7/site-packages/airflow/example_dags/example_nested_branch_dag.py took 0.075 seconds
[2021-12-10 08:44:09,900] {processor.py:163} INFO - Started process (PID=2598) to work on /home/airflow/.local/lib/python3.7/site-packages/airflow/example_dags/example_nested_branch_dag.py
[2021-12-10 08:44:09,902] {processor.py:625} INFO - Processing file /home/airflow/.local/lib/python3.7/site-packages/airflow/example_dags/example_nested_branch_dag.py for tasks to queue
[2021-12-10 08:44:09,902] {logging_mixin.py:109} INFO - [2021-12-10 08:44:09,902] {dagbag.py:500} INFO - Filling up the DagBag from /home/airflow/.local/lib/python3.7/site-packages/airflow/example_dags/example_nested_branch_dag.py
[2021-12-10 08:44:09,934] {processor.py:637} INFO - DAG(s) dict_keys(['example_nested_branch_dag']) retrieved from /home/airflow/.local/lib/python3.7/site-packages/airflow/example_dags/example_nested_branch_dag.py
[2021-12-10 08:44:09,946] {logging_mixin.py:109} INFO - [2021-12-10 08:44:09,946] {dag.py:2396} INFO - Sync 1 DAGs
[2021-12-10 08:44:09,970] {logging_mixin.py:109} INFO - [2021-12-10 08:44:09,969] {dag.py:2928} INFO - Setting next_dagrun for example_nested_branch_dag to 2021-12-09 00:00:00+00:00
[2021-12-10 08:44:09,984] {processor.py:171} INFO - Processing /home/airflow/.local/lib/python3.7/site-packages/airflow/example_dags/example_nested_branch_dag.py took 0.088 seconds
[2021-12-10 08:44:40,596] {processor.py:163} INFO - Started process (PID=2651) to work on /home/airflow/.local/lib/python3.7/site-packages/airflow/example_dags/example_nested_branch_dag.py
[2021-12-10 08:44:40,598] {processor.py:625} INFO - Processing file /home/airflow/.local/lib/python3.7/site-packages/airflow/example_dags/example_nested_branch_dag.py for tasks to queue
[2021-12-10 08:44:40,598] {logging_mixin.py:109} INFO - [2021-12-10 08:44:40,598] {dagbag.py:500} INFO - Filling up the DagBag from /home/airflow/.local/lib/python3.7/site-packages/airflow/example_dags/example_nested_branch_dag.py
[2021-12-10 08:44:40,631] {processor.py:637} INFO - DAG(s) dict_keys(['example_nested_branch_dag']) retrieved from /home/airflow/.local/lib/python3.7/site-packages/airflow/example_dags/example_nested_branch_dag.py
[2021-12-10 08:44:40,643] {logging_mixin.py:109} INFO - [2021-12-10 08:44:40,643] {dag.py:2396} INFO - Sync 1 DAGs
[2021-12-10 08:44:40,663] {logging_mixin.py:109} INFO - [2021-12-10 08:44:40,663] {dag.py:2928} INFO - Setting next_dagrun for example_nested_branch_dag to 2021-12-09 00:00:00+00:00
[2021-12-10 08:44:40,673] {processor.py:171} INFO - Processing /home/airflow/.local/lib/python3.7/site-packages/airflow/example_dags/example_nested_branch_dag.py took 0.081 seconds
[2021-12-10 08:45:11,167] {processor.py:163} INFO - Started process (PID=2704) to work on /home/airflow/.local/lib/python3.7/site-packages/airflow/example_dags/example_nested_branch_dag.py
[2021-12-10 08:45:11,169] {processor.py:625} INFO - Processing file /home/airflow/.local/lib/python3.7/site-packages/airflow/example_dags/example_nested_branch_dag.py for tasks to queue
[2021-12-10 08:45:11,170] {logging_mixin.py:109} INFO - [2021-12-10 08:45:11,169] {dagbag.py:500} INFO - Filling up the DagBag from /home/airflow/.local/lib/python3.7/site-packages/airflow/example_dags/example_nested_branch_dag.py
[2021-12-10 08:45:11,199] {processor.py:637} INFO - DAG(s) dict_keys(['example_nested_branch_dag']) retrieved from /home/airflow/.local/lib/python3.7/site-packages/airflow/example_dags/example_nested_branch_dag.py
[2021-12-10 08:45:11,210] {logging_mixin.py:109} INFO - [2021-12-10 08:45:11,210] {dag.py:2396} INFO - Sync 1 DAGs
[2021-12-10 08:45:11,228] {logging_mixin.py:109} INFO - [2021-12-10 08:45:11,228] {dag.py:2928} INFO - Setting next_dagrun for example_nested_branch_dag to 2021-12-09 00:00:00+00:00
[2021-12-10 08:45:11,237] {processor.py:171} INFO - Processing /home/airflow/.local/lib/python3.7/site-packages/airflow/example_dags/example_nested_branch_dag.py took 0.074 seconds
[2021-12-10 08:45:41,570] {processor.py:163} INFO - Started process (PID=2766) to work on /home/airflow/.local/lib/python3.7/site-packages/airflow/example_dags/example_nested_branch_dag.py
[2021-12-10 08:45:41,572] {processor.py:625} INFO - Processing file /home/airflow/.local/lib/python3.7/site-packages/airflow/example_dags/example_nested_branch_dag.py for tasks to queue
[2021-12-10 08:45:41,572] {logging_mixin.py:109} INFO - [2021-12-10 08:45:41,572] {dagbag.py:500} INFO - Filling up the DagBag from /home/airflow/.local/lib/python3.7/site-packages/airflow/example_dags/example_nested_branch_dag.py
[2021-12-10 08:45:41,601] {processor.py:637} INFO - DAG(s) dict_keys(['example_nested_branch_dag']) retrieved from /home/airflow/.local/lib/python3.7/site-packages/airflow/example_dags/example_nested_branch_dag.py
[2021-12-10 08:45:41,612] {logging_mixin.py:109} INFO - [2021-12-10 08:45:41,612] {dag.py:2396} INFO - Sync 1 DAGs
[2021-12-10 08:45:41,630] {logging_mixin.py:109} INFO - [2021-12-10 08:45:41,630] {dag.py:2928} INFO - Setting next_dagrun for example_nested_branch_dag to 2021-12-09 00:00:00+00:00
[2021-12-10 08:45:41,744] {processor.py:171} INFO - Processing /home/airflow/.local/lib/python3.7/site-packages/airflow/example_dags/example_nested_branch_dag.py took 0.178 seconds
[2021-12-10 08:46:11,942] {processor.py:163} INFO - Started process (PID=2818) to work on /home/airflow/.local/lib/python3.7/site-packages/airflow/example_dags/example_nested_branch_dag.py
[2021-12-10 08:46:11,944] {processor.py:625} INFO - Processing file /home/airflow/.local/lib/python3.7/site-packages/airflow/example_dags/example_nested_branch_dag.py for tasks to queue
[2021-12-10 08:46:11,944] {logging_mixin.py:109} INFO - [2021-12-10 08:46:11,944] {dagbag.py:500} INFO - Filling up the DagBag from /home/airflow/.local/lib/python3.7/site-packages/airflow/example_dags/example_nested_branch_dag.py
[2021-12-10 08:46:11,975] {processor.py:637} INFO - DAG(s) dict_keys(['example_nested_branch_dag']) retrieved from /home/airflow/.local/lib/python3.7/site-packages/airflow/example_dags/example_nested_branch_dag.py
[2021-12-10 08:46:11,985] {logging_mixin.py:109} INFO - [2021-12-10 08:46:11,985] {dag.py:2396} INFO - Sync 1 DAGs
[2021-12-10 08:46:12,113] {logging_mixin.py:109} INFO - [2021-12-10 08:46:12,113] {dag.py:2928} INFO - Setting next_dagrun for example_nested_branch_dag to 2021-12-09 00:00:00+00:00
[2021-12-10 08:46:12,122] {processor.py:171} INFO - Processing /home/airflow/.local/lib/python3.7/site-packages/airflow/example_dags/example_nested_branch_dag.py took 0.184 seconds
[2021-12-10 08:46:42,359] {processor.py:163} INFO - Started process (PID=2879) to work on /home/airflow/.local/lib/python3.7/site-packages/airflow/example_dags/example_nested_branch_dag.py
[2021-12-10 08:46:42,361] {processor.py:625} INFO - Processing file /home/airflow/.local/lib/python3.7/site-packages/airflow/example_dags/example_nested_branch_dag.py for tasks to queue
[2021-12-10 08:46:42,362] {logging_mixin.py:109} INFO - [2021-12-10 08:46:42,362] {dagbag.py:500} INFO - Filling up the DagBag from /home/airflow/.local/lib/python3.7/site-packages/airflow/example_dags/example_nested_branch_dag.py
[2021-12-10 08:46:42,395] {processor.py:637} INFO - DAG(s) dict_keys(['example_nested_branch_dag']) retrieved from /home/airflow/.local/lib/python3.7/site-packages/airflow/example_dags/example_nested_branch_dag.py
[2021-12-10 08:46:42,407] {logging_mixin.py:109} INFO - [2021-12-10 08:46:42,407] {dag.py:2396} INFO - Sync 1 DAGs
[2021-12-10 08:46:42,536] {logging_mixin.py:109} INFO - [2021-12-10 08:46:42,536] {dag.py:2928} INFO - Setting next_dagrun for example_nested_branch_dag to 2021-12-09 00:00:00+00:00
[2021-12-10 08:46:42,546] {processor.py:171} INFO - Processing /home/airflow/.local/lib/python3.7/site-packages/airflow/example_dags/example_nested_branch_dag.py took 0.190 seconds
[2021-12-10 08:47:13,183] {processor.py:163} INFO - Started process (PID=2931) to work on /home/airflow/.local/lib/python3.7/site-packages/airflow/example_dags/example_nested_branch_dag.py
[2021-12-10 08:47:13,185] {processor.py:625} INFO - Processing file /home/airflow/.local/lib/python3.7/site-packages/airflow/example_dags/example_nested_branch_dag.py for tasks to queue
[2021-12-10 08:47:13,185] {logging_mixin.py:109} INFO - [2021-12-10 08:47:13,185] {dagbag.py:500} INFO - Filling up the DagBag from /home/airflow/.local/lib/python3.7/site-packages/airflow/example_dags/example_nested_branch_dag.py
[2021-12-10 08:47:13,217] {processor.py:637} INFO - DAG(s) dict_keys(['example_nested_branch_dag']) retrieved from /home/airflow/.local/lib/python3.7/site-packages/airflow/example_dags/example_nested_branch_dag.py
[2021-12-10 08:47:13,228] {logging_mixin.py:109} INFO - [2021-12-10 08:47:13,228] {dag.py:2396} INFO - Sync 1 DAGs
[2021-12-10 08:47:13,359] {logging_mixin.py:109} INFO - [2021-12-10 08:47:13,359] {dag.py:2928} INFO - Setting next_dagrun for example_nested_branch_dag to 2021-12-09 00:00:00+00:00
[2021-12-10 08:47:13,368] {processor.py:171} INFO - Processing /home/airflow/.local/lib/python3.7/site-packages/airflow/example_dags/example_nested_branch_dag.py took 0.189 seconds
