[2021-12-10 08:23:44,183] {processor.py:163} INFO - Started process (PID=218) to work on /home/airflow/.local/lib/python3.7/site-packages/airflow/example_dags/example_task_group.py
[2021-12-10 08:23:44,184] {processor.py:625} INFO - Processing file /home/airflow/.local/lib/python3.7/site-packages/airflow/example_dags/example_task_group.py for tasks to queue
[2021-12-10 08:23:44,184] {logging_mixin.py:109} INFO - [2021-12-10 08:23:44,184] {dagbag.py:500} INFO - Filling up the DagBag from /home/airflow/.local/lib/python3.7/site-packages/airflow/example_dags/example_task_group.py
[2021-12-10 08:23:44,215] {processor.py:637} INFO - DAG(s) dict_keys(['example_task_group']) retrieved from /home/airflow/.local/lib/python3.7/site-packages/airflow/example_dags/example_task_group.py
[2021-12-10 08:23:45,629] {logging_mixin.py:109} INFO - [2021-12-10 08:23:45,629] {providers_manager.py:156} WARNING - Exception when importing 'airflow.providers.google.leveldb.hooks.leveldb.LevelDBHook' from 'apache-airflow-providers-google' package: No module named 'plyvel'
[2021-12-10 08:23:46,120] {logging_mixin.py:109} INFO - [2021-12-10 08:23:46,120] {providers_manager.py:156} WARNING - Exception when importing 'airflow.providers.google.leveldb.hooks.leveldb.LevelDBHook' from 'apache-airflow-providers-google' package: No module named 'plyvel'
[2021-12-10 08:23:46,141] {logging_mixin.py:109} INFO - [2021-12-10 08:23:46,141] {manager.py:496} INFO - Created Permission View: can read on DAG:example_task_group
[2021-12-10 08:23:46,151] {logging_mixin.py:109} INFO - [2021-12-10 08:23:46,150] {manager.py:496} INFO - Created Permission View: can edit on DAG:example_task_group
[2021-12-10 08:23:46,151] {logging_mixin.py:109} INFO - [2021-12-10 08:23:46,151] {dag.py:2396} INFO - Sync 1 DAGs
[2021-12-10 08:23:46,161] {logging_mixin.py:109} INFO - [2021-12-10 08:23:46,161] {dag.py:2415} INFO - Creating ORM DAG for example_task_group
[2021-12-10 08:23:46,169] {logging_mixin.py:109} INFO - [2021-12-10 08:23:46,169] {dag.py:2928} INFO - Setting next_dagrun for example_task_group to 2021-12-09T08:23:46.169539+00:00
[2021-12-10 08:23:46,182] {processor.py:171} INFO - Processing /home/airflow/.local/lib/python3.7/site-packages/airflow/example_dags/example_task_group.py took 2.003 seconds
[2021-12-10 08:24:16,986] {processor.py:163} INFO - Started process (PID=385) to work on /home/airflow/.local/lib/python3.7/site-packages/airflow/example_dags/example_task_group.py
[2021-12-10 08:24:16,987] {processor.py:625} INFO - Processing file /home/airflow/.local/lib/python3.7/site-packages/airflow/example_dags/example_task_group.py for tasks to queue
[2021-12-10 08:24:16,988] {logging_mixin.py:109} INFO - [2021-12-10 08:24:16,988] {dagbag.py:500} INFO - Filling up the DagBag from /home/airflow/.local/lib/python3.7/site-packages/airflow/example_dags/example_task_group.py
[2021-12-10 08:24:17,016] {processor.py:637} INFO - DAG(s) dict_keys(['example_task_group']) retrieved from /home/airflow/.local/lib/python3.7/site-packages/airflow/example_dags/example_task_group.py
[2021-12-10 08:24:17,027] {logging_mixin.py:109} INFO - [2021-12-10 08:24:17,027] {dag.py:2396} INFO - Sync 1 DAGs
[2021-12-10 08:24:17,044] {logging_mixin.py:109} INFO - [2021-12-10 08:24:17,044] {dag.py:2928} INFO - Setting next_dagrun for example_task_group to 2021-12-09T08:24:17.044489+00:00
[2021-12-10 08:24:17,054] {processor.py:171} INFO - Processing /home/airflow/.local/lib/python3.7/site-packages/airflow/example_dags/example_task_group.py took 0.071 seconds
[2021-12-10 08:24:47,318] {processor.py:163} INFO - Started process (PID=437) to work on /home/airflow/.local/lib/python3.7/site-packages/airflow/example_dags/example_task_group.py
[2021-12-10 08:24:47,320] {processor.py:625} INFO - Processing file /home/airflow/.local/lib/python3.7/site-packages/airflow/example_dags/example_task_group.py for tasks to queue
[2021-12-10 08:24:47,320] {logging_mixin.py:109} INFO - [2021-12-10 08:24:47,320] {dagbag.py:500} INFO - Filling up the DagBag from /home/airflow/.local/lib/python3.7/site-packages/airflow/example_dags/example_task_group.py
[2021-12-10 08:24:47,350] {processor.py:637} INFO - DAG(s) dict_keys(['example_task_group']) retrieved from /home/airflow/.local/lib/python3.7/site-packages/airflow/example_dags/example_task_group.py
[2021-12-10 08:24:47,362] {logging_mixin.py:109} INFO - [2021-12-10 08:24:47,362] {dag.py:2396} INFO - Sync 1 DAGs
[2021-12-10 08:24:47,382] {logging_mixin.py:109} INFO - [2021-12-10 08:24:47,382] {dag.py:2928} INFO - Setting next_dagrun for example_task_group to 2021-12-09T08:24:47.382114+00:00
[2021-12-10 08:24:47,394] {processor.py:171} INFO - Processing /home/airflow/.local/lib/python3.7/site-packages/airflow/example_dags/example_task_group.py took 0.080 seconds
[2021-12-10 08:25:17,745] {processor.py:163} INFO - Started process (PID=499) to work on /home/airflow/.local/lib/python3.7/site-packages/airflow/example_dags/example_task_group.py
[2021-12-10 08:25:17,747] {processor.py:625} INFO - Processing file /home/airflow/.local/lib/python3.7/site-packages/airflow/example_dags/example_task_group.py for tasks to queue
[2021-12-10 08:25:17,748] {logging_mixin.py:109} INFO - [2021-12-10 08:25:17,748] {dagbag.py:500} INFO - Filling up the DagBag from /home/airflow/.local/lib/python3.7/site-packages/airflow/example_dags/example_task_group.py
[2021-12-10 08:25:17,776] {processor.py:637} INFO - DAG(s) dict_keys(['example_task_group']) retrieved from /home/airflow/.local/lib/python3.7/site-packages/airflow/example_dags/example_task_group.py
[2021-12-10 08:25:17,787] {logging_mixin.py:109} INFO - [2021-12-10 08:25:17,787] {dag.py:2396} INFO - Sync 1 DAGs
[2021-12-10 08:25:17,804] {logging_mixin.py:109} INFO - [2021-12-10 08:25:17,803] {dag.py:2928} INFO - Setting next_dagrun for example_task_group to 2021-12-09T08:25:17.803688+00:00
[2021-12-10 08:25:17,813] {processor.py:171} INFO - Processing /home/airflow/.local/lib/python3.7/site-packages/airflow/example_dags/example_task_group.py took 0.071 seconds
[2021-12-10 08:25:48,124] {processor.py:163} INFO - Started process (PID=552) to work on /home/airflow/.local/lib/python3.7/site-packages/airflow/example_dags/example_task_group.py
[2021-12-10 08:25:48,126] {processor.py:625} INFO - Processing file /home/airflow/.local/lib/python3.7/site-packages/airflow/example_dags/example_task_group.py for tasks to queue
[2021-12-10 08:25:48,126] {logging_mixin.py:109} INFO - [2021-12-10 08:25:48,126] {dagbag.py:500} INFO - Filling up the DagBag from /home/airflow/.local/lib/python3.7/site-packages/airflow/example_dags/example_task_group.py
[2021-12-10 08:25:48,155] {processor.py:637} INFO - DAG(s) dict_keys(['example_task_group']) retrieved from /home/airflow/.local/lib/python3.7/site-packages/airflow/example_dags/example_task_group.py
[2021-12-10 08:25:48,167] {logging_mixin.py:109} INFO - [2021-12-10 08:25:48,166] {dag.py:2396} INFO - Sync 1 DAGs
[2021-12-10 08:25:48,184] {logging_mixin.py:109} INFO - [2021-12-10 08:25:48,184] {dag.py:2928} INFO - Setting next_dagrun for example_task_group to 2021-12-09T08:25:48.183799+00:00
[2021-12-10 08:25:48,194] {processor.py:171} INFO - Processing /home/airflow/.local/lib/python3.7/site-packages/airflow/example_dags/example_task_group.py took 0.074 seconds
[2021-12-10 08:26:18,659] {processor.py:163} INFO - Started process (PID=613) to work on /home/airflow/.local/lib/python3.7/site-packages/airflow/example_dags/example_task_group.py
[2021-12-10 08:26:18,660] {processor.py:625} INFO - Processing file /home/airflow/.local/lib/python3.7/site-packages/airflow/example_dags/example_task_group.py for tasks to queue
[2021-12-10 08:26:18,661] {logging_mixin.py:109} INFO - [2021-12-10 08:26:18,661] {dagbag.py:500} INFO - Filling up the DagBag from /home/airflow/.local/lib/python3.7/site-packages/airflow/example_dags/example_task_group.py
[2021-12-10 08:26:18,690] {processor.py:637} INFO - DAG(s) dict_keys(['example_task_group']) retrieved from /home/airflow/.local/lib/python3.7/site-packages/airflow/example_dags/example_task_group.py
[2021-12-10 08:26:18,701] {logging_mixin.py:109} INFO - [2021-12-10 08:26:18,701] {dag.py:2396} INFO - Sync 1 DAGs
[2021-12-10 08:26:18,718] {logging_mixin.py:109} INFO - [2021-12-10 08:26:18,718] {dag.py:2928} INFO - Setting next_dagrun for example_task_group to 2021-12-09T08:26:18.717955+00:00
[2021-12-10 08:26:18,728] {processor.py:171} INFO - Processing /home/airflow/.local/lib/python3.7/site-packages/airflow/example_dags/example_task_group.py took 0.073 seconds
[2021-12-10 08:26:48,784] {processor.py:163} INFO - Started process (PID=666) to work on /home/airflow/.local/lib/python3.7/site-packages/airflow/example_dags/example_task_group.py
[2021-12-10 08:26:48,786] {processor.py:625} INFO - Processing file /home/airflow/.local/lib/python3.7/site-packages/airflow/example_dags/example_task_group.py for tasks to queue
[2021-12-10 08:26:48,786] {logging_mixin.py:109} INFO - [2021-12-10 08:26:48,786] {dagbag.py:500} INFO - Filling up the DagBag from /home/airflow/.local/lib/python3.7/site-packages/airflow/example_dags/example_task_group.py
[2021-12-10 08:26:48,818] {processor.py:637} INFO - DAG(s) dict_keys(['example_task_group']) retrieved from /home/airflow/.local/lib/python3.7/site-packages/airflow/example_dags/example_task_group.py
[2021-12-10 08:26:48,831] {logging_mixin.py:109} INFO - [2021-12-10 08:26:48,831] {dag.py:2396} INFO - Sync 1 DAGs
[2021-12-10 08:26:48,849] {logging_mixin.py:109} INFO - [2021-12-10 08:26:48,849] {dag.py:2928} INFO - Setting next_dagrun for example_task_group to 2021-12-09T08:26:48.848984+00:00
[2021-12-10 08:26:48,859] {processor.py:171} INFO - Processing /home/airflow/.local/lib/python3.7/site-packages/airflow/example_dags/example_task_group.py took 0.079 seconds
[2021-12-10 08:27:19,804] {processor.py:163} INFO - Started process (PID=729) to work on /home/airflow/.local/lib/python3.7/site-packages/airflow/example_dags/example_task_group.py
[2021-12-10 08:27:19,805] {processor.py:625} INFO - Processing file /home/airflow/.local/lib/python3.7/site-packages/airflow/example_dags/example_task_group.py for tasks to queue
[2021-12-10 08:27:19,806] {logging_mixin.py:109} INFO - [2021-12-10 08:27:19,806] {dagbag.py:500} INFO - Filling up the DagBag from /home/airflow/.local/lib/python3.7/site-packages/airflow/example_dags/example_task_group.py
[2021-12-10 08:27:19,836] {processor.py:637} INFO - DAG(s) dict_keys(['example_task_group']) retrieved from /home/airflow/.local/lib/python3.7/site-packages/airflow/example_dags/example_task_group.py
[2021-12-10 08:27:19,849] {logging_mixin.py:109} INFO - [2021-12-10 08:27:19,849] {dag.py:2396} INFO - Sync 1 DAGs
[2021-12-10 08:27:19,870] {logging_mixin.py:109} INFO - [2021-12-10 08:27:19,870] {dag.py:2928} INFO - Setting next_dagrun for example_task_group to 2021-12-09T08:27:19.869779+00:00
[2021-12-10 08:27:19,880] {processor.py:171} INFO - Processing /home/airflow/.local/lib/python3.7/site-packages/airflow/example_dags/example_task_group.py took 0.080 seconds
[2021-12-10 08:27:50,123] {processor.py:163} INFO - Started process (PID=781) to work on /home/airflow/.local/lib/python3.7/site-packages/airflow/example_dags/example_task_group.py
[2021-12-10 08:27:50,124] {processor.py:625} INFO - Processing file /home/airflow/.local/lib/python3.7/site-packages/airflow/example_dags/example_task_group.py for tasks to queue
[2021-12-10 08:27:50,125] {logging_mixin.py:109} INFO - [2021-12-10 08:27:50,125] {dagbag.py:500} INFO - Filling up the DagBag from /home/airflow/.local/lib/python3.7/site-packages/airflow/example_dags/example_task_group.py
[2021-12-10 08:27:50,154] {processor.py:637} INFO - DAG(s) dict_keys(['example_task_group']) retrieved from /home/airflow/.local/lib/python3.7/site-packages/airflow/example_dags/example_task_group.py
[2021-12-10 08:27:50,168] {logging_mixin.py:109} INFO - [2021-12-10 08:27:50,168] {dag.py:2396} INFO - Sync 1 DAGs
[2021-12-10 08:27:50,189] {logging_mixin.py:109} INFO - [2021-12-10 08:27:50,189] {dag.py:2928} INFO - Setting next_dagrun for example_task_group to 2021-12-09T08:27:50.188957+00:00
[2021-12-10 08:27:50,199] {processor.py:171} INFO - Processing /home/airflow/.local/lib/python3.7/site-packages/airflow/example_dags/example_task_group.py took 0.080 seconds
[2021-12-10 08:28:21,232] {processor.py:163} INFO - Started process (PID=833) to work on /home/airflow/.local/lib/python3.7/site-packages/airflow/example_dags/example_task_group.py
[2021-12-10 08:28:21,234] {processor.py:625} INFO - Processing file /home/airflow/.local/lib/python3.7/site-packages/airflow/example_dags/example_task_group.py for tasks to queue
[2021-12-10 08:28:21,234] {logging_mixin.py:109} INFO - [2021-12-10 08:28:21,234] {dagbag.py:500} INFO - Filling up the DagBag from /home/airflow/.local/lib/python3.7/site-packages/airflow/example_dags/example_task_group.py
[2021-12-10 08:28:21,267] {processor.py:637} INFO - DAG(s) dict_keys(['example_task_group']) retrieved from /home/airflow/.local/lib/python3.7/site-packages/airflow/example_dags/example_task_group.py
[2021-12-10 08:28:21,278] {logging_mixin.py:109} INFO - [2021-12-10 08:28:21,278] {dag.py:2396} INFO - Sync 1 DAGs
[2021-12-10 08:28:21,295] {logging_mixin.py:109} INFO - [2021-12-10 08:28:21,295] {dag.py:2928} INFO - Setting next_dagrun for example_task_group to 2021-12-09T08:28:21.295046+00:00
[2021-12-10 08:28:21,305] {processor.py:171} INFO - Processing /home/airflow/.local/lib/python3.7/site-packages/airflow/example_dags/example_task_group.py took 0.077 seconds
[2021-12-10 08:28:51,676] {processor.py:163} INFO - Started process (PID=894) to work on /home/airflow/.local/lib/python3.7/site-packages/airflow/example_dags/example_task_group.py
[2021-12-10 08:28:51,677] {processor.py:625} INFO - Processing file /home/airflow/.local/lib/python3.7/site-packages/airflow/example_dags/example_task_group.py for tasks to queue
[2021-12-10 08:28:51,678] {logging_mixin.py:109} INFO - [2021-12-10 08:28:51,678] {dagbag.py:500} INFO - Filling up the DagBag from /home/airflow/.local/lib/python3.7/site-packages/airflow/example_dags/example_task_group.py
[2021-12-10 08:28:51,707] {processor.py:637} INFO - DAG(s) dict_keys(['example_task_group']) retrieved from /home/airflow/.local/lib/python3.7/site-packages/airflow/example_dags/example_task_group.py
[2021-12-10 08:28:51,718] {logging_mixin.py:109} INFO - [2021-12-10 08:28:51,718] {dag.py:2396} INFO - Sync 1 DAGs
[2021-12-10 08:28:51,735] {logging_mixin.py:109} INFO - [2021-12-10 08:28:51,735] {dag.py:2928} INFO - Setting next_dagrun for example_task_group to 2021-12-09T08:28:51.735259+00:00
[2021-12-10 08:28:51,745] {processor.py:171} INFO - Processing /home/airflow/.local/lib/python3.7/site-packages/airflow/example_dags/example_task_group.py took 0.073 seconds
[2021-12-10 08:29:22,789] {processor.py:163} INFO - Started process (PID=946) to work on /home/airflow/.local/lib/python3.7/site-packages/airflow/example_dags/example_task_group.py
[2021-12-10 08:29:22,791] {processor.py:625} INFO - Processing file /home/airflow/.local/lib/python3.7/site-packages/airflow/example_dags/example_task_group.py for tasks to queue
[2021-12-10 08:29:22,791] {logging_mixin.py:109} INFO - [2021-12-10 08:29:22,791] {dagbag.py:500} INFO - Filling up the DagBag from /home/airflow/.local/lib/python3.7/site-packages/airflow/example_dags/example_task_group.py
[2021-12-10 08:29:22,821] {processor.py:637} INFO - DAG(s) dict_keys(['example_task_group']) retrieved from /home/airflow/.local/lib/python3.7/site-packages/airflow/example_dags/example_task_group.py
[2021-12-10 08:29:22,833] {logging_mixin.py:109} INFO - [2021-12-10 08:29:22,832] {dag.py:2396} INFO - Sync 1 DAGs
[2021-12-10 08:29:22,849] {logging_mixin.py:109} INFO - [2021-12-10 08:29:22,849] {dag.py:2928} INFO - Setting next_dagrun for example_task_group to 2021-12-09T08:29:22.849108+00:00
[2021-12-10 08:29:22,858] {processor.py:171} INFO - Processing /home/airflow/.local/lib/python3.7/site-packages/airflow/example_dags/example_task_group.py took 0.073 seconds
[2021-12-10 08:29:54,024] {processor.py:163} INFO - Started process (PID=1008) to work on /home/airflow/.local/lib/python3.7/site-packages/airflow/example_dags/example_task_group.py
[2021-12-10 08:29:54,026] {processor.py:625} INFO - Processing file /home/airflow/.local/lib/python3.7/site-packages/airflow/example_dags/example_task_group.py for tasks to queue
[2021-12-10 08:29:54,026] {logging_mixin.py:109} INFO - [2021-12-10 08:29:54,026] {dagbag.py:500} INFO - Filling up the DagBag from /home/airflow/.local/lib/python3.7/site-packages/airflow/example_dags/example_task_group.py
[2021-12-10 08:29:54,056] {processor.py:637} INFO - DAG(s) dict_keys(['example_task_group']) retrieved from /home/airflow/.local/lib/python3.7/site-packages/airflow/example_dags/example_task_group.py
[2021-12-10 08:29:54,067] {logging_mixin.py:109} INFO - [2021-12-10 08:29:54,067] {dag.py:2396} INFO - Sync 1 DAGs
[2021-12-10 08:29:54,086] {logging_mixin.py:109} INFO - [2021-12-10 08:29:54,085] {dag.py:2928} INFO - Setting next_dagrun for example_task_group to 2021-12-09T08:29:54.085521+00:00
[2021-12-10 08:29:54,095] {processor.py:171} INFO - Processing /home/airflow/.local/lib/python3.7/site-packages/airflow/example_dags/example_task_group.py took 0.075 seconds
[2021-12-10 08:30:25,185] {processor.py:163} INFO - Started process (PID=1060) to work on /home/airflow/.local/lib/python3.7/site-packages/airflow/example_dags/example_task_group.py
[2021-12-10 08:30:25,187] {processor.py:625} INFO - Processing file /home/airflow/.local/lib/python3.7/site-packages/airflow/example_dags/example_task_group.py for tasks to queue
[2021-12-10 08:30:25,188] {logging_mixin.py:109} INFO - [2021-12-10 08:30:25,188] {dagbag.py:500} INFO - Filling up the DagBag from /home/airflow/.local/lib/python3.7/site-packages/airflow/example_dags/example_task_group.py
[2021-12-10 08:30:25,225] {processor.py:637} INFO - DAG(s) dict_keys(['example_task_group']) retrieved from /home/airflow/.local/lib/python3.7/site-packages/airflow/example_dags/example_task_group.py
[2021-12-10 08:30:25,238] {logging_mixin.py:109} INFO - [2021-12-10 08:30:25,238] {dag.py:2396} INFO - Sync 1 DAGs
[2021-12-10 08:30:25,260] {logging_mixin.py:109} INFO - [2021-12-10 08:30:25,260] {dag.py:2928} INFO - Setting next_dagrun for example_task_group to 2021-12-09T08:30:25.259678+00:00
[2021-12-10 08:30:25,274] {processor.py:171} INFO - Processing /home/airflow/.local/lib/python3.7/site-packages/airflow/example_dags/example_task_group.py took 0.094 seconds
[2021-12-10 08:30:56,459] {processor.py:163} INFO - Started process (PID=1122) to work on /home/airflow/.local/lib/python3.7/site-packages/airflow/example_dags/example_task_group.py
[2021-12-10 08:30:56,461] {processor.py:625} INFO - Processing file /home/airflow/.local/lib/python3.7/site-packages/airflow/example_dags/example_task_group.py for tasks to queue
[2021-12-10 08:30:56,461] {logging_mixin.py:109} INFO - [2021-12-10 08:30:56,461] {dagbag.py:500} INFO - Filling up the DagBag from /home/airflow/.local/lib/python3.7/site-packages/airflow/example_dags/example_task_group.py
[2021-12-10 08:30:56,492] {processor.py:637} INFO - DAG(s) dict_keys(['example_task_group']) retrieved from /home/airflow/.local/lib/python3.7/site-packages/airflow/example_dags/example_task_group.py
[2021-12-10 08:30:56,504] {logging_mixin.py:109} INFO - [2021-12-10 08:30:56,503] {dag.py:2396} INFO - Sync 1 DAGs
[2021-12-10 08:30:56,520] {logging_mixin.py:109} INFO - [2021-12-10 08:30:56,520] {dag.py:2928} INFO - Setting next_dagrun for example_task_group to 2021-12-09T08:30:56.520306+00:00
[2021-12-10 08:30:56,530] {processor.py:171} INFO - Processing /home/airflow/.local/lib/python3.7/site-packages/airflow/example_dags/example_task_group.py took 0.074 seconds
[2021-12-10 08:31:27,666] {processor.py:163} INFO - Started process (PID=1174) to work on /home/airflow/.local/lib/python3.7/site-packages/airflow/example_dags/example_task_group.py
[2021-12-10 08:31:27,668] {processor.py:625} INFO - Processing file /home/airflow/.local/lib/python3.7/site-packages/airflow/example_dags/example_task_group.py for tasks to queue
[2021-12-10 08:31:27,668] {logging_mixin.py:109} INFO - [2021-12-10 08:31:27,668] {dagbag.py:500} INFO - Filling up the DagBag from /home/airflow/.local/lib/python3.7/site-packages/airflow/example_dags/example_task_group.py
[2021-12-10 08:31:27,699] {processor.py:637} INFO - DAG(s) dict_keys(['example_task_group']) retrieved from /home/airflow/.local/lib/python3.7/site-packages/airflow/example_dags/example_task_group.py
[2021-12-10 08:31:27,711] {logging_mixin.py:109} INFO - [2021-12-10 08:31:27,711] {dag.py:2396} INFO - Sync 1 DAGs
[2021-12-10 08:31:27,729] {logging_mixin.py:109} INFO - [2021-12-10 08:31:27,729] {dag.py:2928} INFO - Setting next_dagrun for example_task_group to 2021-12-09T08:31:27.729270+00:00
[2021-12-10 08:31:27,739] {processor.py:171} INFO - Processing /home/airflow/.local/lib/python3.7/site-packages/airflow/example_dags/example_task_group.py took 0.077 seconds
[2021-12-10 08:31:58,947] {processor.py:163} INFO - Started process (PID=1237) to work on /home/airflow/.local/lib/python3.7/site-packages/airflow/example_dags/example_task_group.py
[2021-12-10 08:31:58,949] {processor.py:625} INFO - Processing file /home/airflow/.local/lib/python3.7/site-packages/airflow/example_dags/example_task_group.py for tasks to queue
[2021-12-10 08:31:58,949] {logging_mixin.py:109} INFO - [2021-12-10 08:31:58,949] {dagbag.py:500} INFO - Filling up the DagBag from /home/airflow/.local/lib/python3.7/site-packages/airflow/example_dags/example_task_group.py
[2021-12-10 08:31:58,979] {processor.py:637} INFO - DAG(s) dict_keys(['example_task_group']) retrieved from /home/airflow/.local/lib/python3.7/site-packages/airflow/example_dags/example_task_group.py
[2021-12-10 08:31:58,991] {logging_mixin.py:109} INFO - [2021-12-10 08:31:58,991] {dag.py:2396} INFO - Sync 1 DAGs
[2021-12-10 08:31:59,008] {logging_mixin.py:109} INFO - [2021-12-10 08:31:59,008] {dag.py:2928} INFO - Setting next_dagrun for example_task_group to 2021-12-09T08:31:59.008566+00:00
[2021-12-10 08:31:59,018] {processor.py:171} INFO - Processing /home/airflow/.local/lib/python3.7/site-packages/airflow/example_dags/example_task_group.py took 0.076 seconds
[2021-12-10 08:32:29,425] {processor.py:163} INFO - Started process (PID=1290) to work on /home/airflow/.local/lib/python3.7/site-packages/airflow/example_dags/example_task_group.py
[2021-12-10 08:32:29,427] {processor.py:625} INFO - Processing file /home/airflow/.local/lib/python3.7/site-packages/airflow/example_dags/example_task_group.py for tasks to queue
[2021-12-10 08:32:29,428] {logging_mixin.py:109} INFO - [2021-12-10 08:32:29,428] {dagbag.py:500} INFO - Filling up the DagBag from /home/airflow/.local/lib/python3.7/site-packages/airflow/example_dags/example_task_group.py
[2021-12-10 08:32:29,458] {processor.py:637} INFO - DAG(s) dict_keys(['example_task_group']) retrieved from /home/airflow/.local/lib/python3.7/site-packages/airflow/example_dags/example_task_group.py
[2021-12-10 08:32:29,470] {logging_mixin.py:109} INFO - [2021-12-10 08:32:29,470] {dag.py:2396} INFO - Sync 1 DAGs
[2021-12-10 08:32:29,487] {logging_mixin.py:109} INFO - [2021-12-10 08:32:29,487] {dag.py:2928} INFO - Setting next_dagrun for example_task_group to 2021-12-09T08:32:29.486979+00:00
[2021-12-10 08:32:29,498] {processor.py:171} INFO - Processing /home/airflow/.local/lib/python3.7/site-packages/airflow/example_dags/example_task_group.py took 0.076 seconds
[2021-12-10 08:32:59,533] {processor.py:163} INFO - Started process (PID=1341) to work on /home/airflow/.local/lib/python3.7/site-packages/airflow/example_dags/example_task_group.py
[2021-12-10 08:32:59,535] {processor.py:625} INFO - Processing file /home/airflow/.local/lib/python3.7/site-packages/airflow/example_dags/example_task_group.py for tasks to queue
[2021-12-10 08:32:59,536] {logging_mixin.py:109} INFO - [2021-12-10 08:32:59,536] {dagbag.py:500} INFO - Filling up the DagBag from /home/airflow/.local/lib/python3.7/site-packages/airflow/example_dags/example_task_group.py
[2021-12-10 08:32:59,568] {processor.py:637} INFO - DAG(s) dict_keys(['example_task_group']) retrieved from /home/airflow/.local/lib/python3.7/site-packages/airflow/example_dags/example_task_group.py
[2021-12-10 08:32:59,579] {logging_mixin.py:109} INFO - [2021-12-10 08:32:59,579] {dag.py:2396} INFO - Sync 1 DAGs
[2021-12-10 08:32:59,597] {logging_mixin.py:109} INFO - [2021-12-10 08:32:59,597] {dag.py:2928} INFO - Setting next_dagrun for example_task_group to 2021-12-09T08:32:59.596926+00:00
[2021-12-10 08:32:59,606] {processor.py:171} INFO - Processing /home/airflow/.local/lib/python3.7/site-packages/airflow/example_dags/example_task_group.py took 0.076 seconds
[2021-12-10 08:33:29,680] {processor.py:163} INFO - Started process (PID=1401) to work on /home/airflow/.local/lib/python3.7/site-packages/airflow/example_dags/example_task_group.py
[2021-12-10 08:33:29,681] {processor.py:625} INFO - Processing file /home/airflow/.local/lib/python3.7/site-packages/airflow/example_dags/example_task_group.py for tasks to queue
[2021-12-10 08:33:29,682] {logging_mixin.py:109} INFO - [2021-12-10 08:33:29,682] {dagbag.py:500} INFO - Filling up the DagBag from /home/airflow/.local/lib/python3.7/site-packages/airflow/example_dags/example_task_group.py
[2021-12-10 08:33:29,711] {processor.py:637} INFO - DAG(s) dict_keys(['example_task_group']) retrieved from /home/airflow/.local/lib/python3.7/site-packages/airflow/example_dags/example_task_group.py
[2021-12-10 08:33:29,724] {logging_mixin.py:109} INFO - [2021-12-10 08:33:29,723] {dag.py:2396} INFO - Sync 1 DAGs
[2021-12-10 08:33:29,741] {logging_mixin.py:109} INFO - [2021-12-10 08:33:29,741] {dag.py:2928} INFO - Setting next_dagrun for example_task_group to 2021-12-09T08:33:29.740913+00:00
[2021-12-10 08:33:29,751] {processor.py:171} INFO - Processing /home/airflow/.local/lib/python3.7/site-packages/airflow/example_dags/example_task_group.py took 0.075 seconds
[2021-12-10 08:33:59,854] {processor.py:163} INFO - Started process (PID=1453) to work on /home/airflow/.local/lib/python3.7/site-packages/airflow/example_dags/example_task_group.py
[2021-12-10 08:33:59,856] {processor.py:625} INFO - Processing file /home/airflow/.local/lib/python3.7/site-packages/airflow/example_dags/example_task_group.py for tasks to queue
[2021-12-10 08:33:59,856] {logging_mixin.py:109} INFO - [2021-12-10 08:33:59,856] {dagbag.py:500} INFO - Filling up the DagBag from /home/airflow/.local/lib/python3.7/site-packages/airflow/example_dags/example_task_group.py
[2021-12-10 08:33:59,885] {processor.py:637} INFO - DAG(s) dict_keys(['example_task_group']) retrieved from /home/airflow/.local/lib/python3.7/site-packages/airflow/example_dags/example_task_group.py
[2021-12-10 08:33:59,896] {logging_mixin.py:109} INFO - [2021-12-10 08:33:59,896] {dag.py:2396} INFO - Sync 1 DAGs
[2021-12-10 08:33:59,913] {logging_mixin.py:109} INFO - [2021-12-10 08:33:59,913] {dag.py:2928} INFO - Setting next_dagrun for example_task_group to 2021-12-09T08:33:59.913093+00:00
[2021-12-10 08:33:59,923] {processor.py:171} INFO - Processing /home/airflow/.local/lib/python3.7/site-packages/airflow/example_dags/example_task_group.py took 0.072 seconds
[2021-12-10 08:34:29,949] {processor.py:163} INFO - Started process (PID=1515) to work on /home/airflow/.local/lib/python3.7/site-packages/airflow/example_dags/example_task_group.py
[2021-12-10 08:34:29,951] {processor.py:625} INFO - Processing file /home/airflow/.local/lib/python3.7/site-packages/airflow/example_dags/example_task_group.py for tasks to queue
[2021-12-10 08:34:29,951] {logging_mixin.py:109} INFO - [2021-12-10 08:34:29,951] {dagbag.py:500} INFO - Filling up the DagBag from /home/airflow/.local/lib/python3.7/site-packages/airflow/example_dags/example_task_group.py
[2021-12-10 08:34:29,982] {processor.py:637} INFO - DAG(s) dict_keys(['example_task_group']) retrieved from /home/airflow/.local/lib/python3.7/site-packages/airflow/example_dags/example_task_group.py
[2021-12-10 08:34:29,995] {logging_mixin.py:109} INFO - [2021-12-10 08:34:29,995] {dag.py:2396} INFO - Sync 1 DAGs
[2021-12-10 08:34:30,013] {logging_mixin.py:109} INFO - [2021-12-10 08:34:30,013] {dag.py:2928} INFO - Setting next_dagrun for example_task_group to 2021-12-09T08:34:30.013364+00:00
[2021-12-10 08:34:30,023] {processor.py:171} INFO - Processing /home/airflow/.local/lib/python3.7/site-packages/airflow/example_dags/example_task_group.py took 0.078 seconds
[2021-12-10 08:35:00,410] {processor.py:163} INFO - Started process (PID=1567) to work on /home/airflow/.local/lib/python3.7/site-packages/airflow/example_dags/example_task_group.py
[2021-12-10 08:35:00,411] {processor.py:625} INFO - Processing file /home/airflow/.local/lib/python3.7/site-packages/airflow/example_dags/example_task_group.py for tasks to queue
[2021-12-10 08:35:00,412] {logging_mixin.py:109} INFO - [2021-12-10 08:35:00,412] {dagbag.py:500} INFO - Filling up the DagBag from /home/airflow/.local/lib/python3.7/site-packages/airflow/example_dags/example_task_group.py
[2021-12-10 08:35:00,442] {processor.py:637} INFO - DAG(s) dict_keys(['example_task_group']) retrieved from /home/airflow/.local/lib/python3.7/site-packages/airflow/example_dags/example_task_group.py
[2021-12-10 08:35:00,454] {logging_mixin.py:109} INFO - [2021-12-10 08:35:00,454] {dag.py:2396} INFO - Sync 1 DAGs
[2021-12-10 08:35:00,472] {logging_mixin.py:109} INFO - [2021-12-10 08:35:00,471] {dag.py:2928} INFO - Setting next_dagrun for example_task_group to 2021-12-09T08:35:00.471601+00:00
[2021-12-10 08:35:00,482] {processor.py:171} INFO - Processing /home/airflow/.local/lib/python3.7/site-packages/airflow/example_dags/example_task_group.py took 0.076 seconds
[2021-12-10 08:35:30,586] {processor.py:163} INFO - Started process (PID=1620) to work on /home/airflow/.local/lib/python3.7/site-packages/airflow/example_dags/example_task_group.py
[2021-12-10 08:35:30,588] {processor.py:625} INFO - Processing file /home/airflow/.local/lib/python3.7/site-packages/airflow/example_dags/example_task_group.py for tasks to queue
[2021-12-10 08:35:30,589] {logging_mixin.py:109} INFO - [2021-12-10 08:35:30,589] {dagbag.py:500} INFO - Filling up the DagBag from /home/airflow/.local/lib/python3.7/site-packages/airflow/example_dags/example_task_group.py
[2021-12-10 08:35:30,626] {processor.py:637} INFO - DAG(s) dict_keys(['example_task_group']) retrieved from /home/airflow/.local/lib/python3.7/site-packages/airflow/example_dags/example_task_group.py
[2021-12-10 08:35:30,638] {logging_mixin.py:109} INFO - [2021-12-10 08:35:30,638] {dag.py:2396} INFO - Sync 1 DAGs
[2021-12-10 08:35:30,656] {logging_mixin.py:109} INFO - [2021-12-10 08:35:30,656] {dag.py:2928} INFO - Setting next_dagrun for example_task_group to 2021-12-09T08:35:30.655783+00:00
[2021-12-10 08:35:30,666] {processor.py:171} INFO - Processing /home/airflow/.local/lib/python3.7/site-packages/airflow/example_dags/example_task_group.py took 0.083 seconds
[2021-12-10 08:36:01,159] {processor.py:163} INFO - Started process (PID=1683) to work on /home/airflow/.local/lib/python3.7/site-packages/airflow/example_dags/example_task_group.py
[2021-12-10 08:36:01,161] {processor.py:625} INFO - Processing file /home/airflow/.local/lib/python3.7/site-packages/airflow/example_dags/example_task_group.py for tasks to queue
[2021-12-10 08:36:01,162] {logging_mixin.py:109} INFO - [2021-12-10 08:36:01,162] {dagbag.py:500} INFO - Filling up the DagBag from /home/airflow/.local/lib/python3.7/site-packages/airflow/example_dags/example_task_group.py
[2021-12-10 08:36:01,193] {processor.py:637} INFO - DAG(s) dict_keys(['example_task_group']) retrieved from /home/airflow/.local/lib/python3.7/site-packages/airflow/example_dags/example_task_group.py
[2021-12-10 08:36:01,204] {logging_mixin.py:109} INFO - [2021-12-10 08:36:01,204] {dag.py:2396} INFO - Sync 1 DAGs
[2021-12-10 08:36:01,222] {logging_mixin.py:109} INFO - [2021-12-10 08:36:01,221] {dag.py:2928} INFO - Setting next_dagrun for example_task_group to 2021-12-09T08:36:01.221481+00:00
[2021-12-10 08:36:01,232] {processor.py:171} INFO - Processing /home/airflow/.local/lib/python3.7/site-packages/airflow/example_dags/example_task_group.py took 0.076 seconds
[2021-12-10 08:36:31,277] {processor.py:163} INFO - Started process (PID=1736) to work on /home/airflow/.local/lib/python3.7/site-packages/airflow/example_dags/example_task_group.py
[2021-12-10 08:36:31,279] {processor.py:625} INFO - Processing file /home/airflow/.local/lib/python3.7/site-packages/airflow/example_dags/example_task_group.py for tasks to queue
[2021-12-10 08:36:31,280] {logging_mixin.py:109} INFO - [2021-12-10 08:36:31,280] {dagbag.py:500} INFO - Filling up the DagBag from /home/airflow/.local/lib/python3.7/site-packages/airflow/example_dags/example_task_group.py
[2021-12-10 08:36:31,313] {processor.py:637} INFO - DAG(s) dict_keys(['example_task_group']) retrieved from /home/airflow/.local/lib/python3.7/site-packages/airflow/example_dags/example_task_group.py
[2021-12-10 08:36:31,325] {logging_mixin.py:109} INFO - [2021-12-10 08:36:31,325] {dag.py:2396} INFO - Sync 1 DAGs
[2021-12-10 08:36:31,345] {logging_mixin.py:109} INFO - [2021-12-10 08:36:31,345] {dag.py:2928} INFO - Setting next_dagrun for example_task_group to 2021-12-09T08:36:31.345124+00:00
[2021-12-10 08:36:31,356] {processor.py:171} INFO - Processing /home/airflow/.local/lib/python3.7/site-packages/airflow/example_dags/example_task_group.py took 0.082 seconds
[2021-12-10 08:37:01,735] {processor.py:163} INFO - Started process (PID=1798) to work on /home/airflow/.local/lib/python3.7/site-packages/airflow/example_dags/example_task_group.py
[2021-12-10 08:37:01,736] {processor.py:625} INFO - Processing file /home/airflow/.local/lib/python3.7/site-packages/airflow/example_dags/example_task_group.py for tasks to queue
[2021-12-10 08:37:01,737] {logging_mixin.py:109} INFO - [2021-12-10 08:37:01,737] {dagbag.py:500} INFO - Filling up the DagBag from /home/airflow/.local/lib/python3.7/site-packages/airflow/example_dags/example_task_group.py
[2021-12-10 08:37:01,767] {processor.py:637} INFO - DAG(s) dict_keys(['example_task_group']) retrieved from /home/airflow/.local/lib/python3.7/site-packages/airflow/example_dags/example_task_group.py
[2021-12-10 08:37:01,778] {logging_mixin.py:109} INFO - [2021-12-10 08:37:01,778] {dag.py:2396} INFO - Sync 1 DAGs
[2021-12-10 08:37:01,795] {logging_mixin.py:109} INFO - [2021-12-10 08:37:01,795] {dag.py:2928} INFO - Setting next_dagrun for example_task_group to 2021-12-09T08:37:01.794753+00:00
[2021-12-10 08:37:01,804] {processor.py:171} INFO - Processing /home/airflow/.local/lib/python3.7/site-packages/airflow/example_dags/example_task_group.py took 0.073 seconds
[2021-12-10 08:37:31,859] {processor.py:163} INFO - Started process (PID=1852) to work on /home/airflow/.local/lib/python3.7/site-packages/airflow/example_dags/example_task_group.py
[2021-12-10 08:37:31,860] {processor.py:625} INFO - Processing file /home/airflow/.local/lib/python3.7/site-packages/airflow/example_dags/example_task_group.py for tasks to queue
[2021-12-10 08:37:31,861] {logging_mixin.py:109} INFO - [2021-12-10 08:37:31,861] {dagbag.py:500} INFO - Filling up the DagBag from /home/airflow/.local/lib/python3.7/site-packages/airflow/example_dags/example_task_group.py
[2021-12-10 08:37:31,892] {processor.py:637} INFO - DAG(s) dict_keys(['example_task_group']) retrieved from /home/airflow/.local/lib/python3.7/site-packages/airflow/example_dags/example_task_group.py
[2021-12-10 08:37:31,904] {logging_mixin.py:109} INFO - [2021-12-10 08:37:31,904] {dag.py:2396} INFO - Sync 1 DAGs
[2021-12-10 08:37:31,922] {logging_mixin.py:109} INFO - [2021-12-10 08:37:31,922] {dag.py:2928} INFO - Setting next_dagrun for example_task_group to 2021-12-09T08:37:31.921701+00:00
[2021-12-10 08:37:31,932] {processor.py:171} INFO - Processing /home/airflow/.local/lib/python3.7/site-packages/airflow/example_dags/example_task_group.py took 0.078 seconds
[2021-12-10 08:38:02,126] {processor.py:163} INFO - Started process (PID=1904) to work on /home/airflow/.local/lib/python3.7/site-packages/airflow/example_dags/example_task_group.py
[2021-12-10 08:38:02,127] {processor.py:625} INFO - Processing file /home/airflow/.local/lib/python3.7/site-packages/airflow/example_dags/example_task_group.py for tasks to queue
[2021-12-10 08:38:02,128] {logging_mixin.py:109} INFO - [2021-12-10 08:38:02,128] {dagbag.py:500} INFO - Filling up the DagBag from /home/airflow/.local/lib/python3.7/site-packages/airflow/example_dags/example_task_group.py
[2021-12-10 08:38:02,159] {processor.py:637} INFO - DAG(s) dict_keys(['example_task_group']) retrieved from /home/airflow/.local/lib/python3.7/site-packages/airflow/example_dags/example_task_group.py
[2021-12-10 08:38:02,170] {logging_mixin.py:109} INFO - [2021-12-10 08:38:02,170] {dag.py:2396} INFO - Sync 1 DAGs
[2021-12-10 08:38:02,187] {logging_mixin.py:109} INFO - [2021-12-10 08:38:02,187] {dag.py:2928} INFO - Setting next_dagrun for example_task_group to 2021-12-09T08:38:02.186968+00:00
[2021-12-10 08:38:02,196] {processor.py:171} INFO - Processing /home/airflow/.local/lib/python3.7/site-packages/airflow/example_dags/example_task_group.py took 0.074 seconds
[2021-12-10 08:38:32,532] {processor.py:163} INFO - Started process (PID=1965) to work on /home/airflow/.local/lib/python3.7/site-packages/airflow/example_dags/example_task_group.py
[2021-12-10 08:38:32,534] {processor.py:625} INFO - Processing file /home/airflow/.local/lib/python3.7/site-packages/airflow/example_dags/example_task_group.py for tasks to queue
[2021-12-10 08:38:32,535] {logging_mixin.py:109} INFO - [2021-12-10 08:38:32,535] {dagbag.py:500} INFO - Filling up the DagBag from /home/airflow/.local/lib/python3.7/site-packages/airflow/example_dags/example_task_group.py
[2021-12-10 08:38:32,565] {processor.py:637} INFO - DAG(s) dict_keys(['example_task_group']) retrieved from /home/airflow/.local/lib/python3.7/site-packages/airflow/example_dags/example_task_group.py
[2021-12-10 08:38:32,577] {logging_mixin.py:109} INFO - [2021-12-10 08:38:32,577] {dag.py:2396} INFO - Sync 1 DAGs
[2021-12-10 08:38:32,594] {logging_mixin.py:109} INFO - [2021-12-10 08:38:32,594] {dag.py:2928} INFO - Setting next_dagrun for example_task_group to 2021-12-09T08:38:32.593829+00:00
[2021-12-10 08:38:32,603] {processor.py:171} INFO - Processing /home/airflow/.local/lib/python3.7/site-packages/airflow/example_dags/example_task_group.py took 0.075 seconds
[2021-12-10 08:39:02,845] {processor.py:163} INFO - Started process (PID=2017) to work on /home/airflow/.local/lib/python3.7/site-packages/airflow/example_dags/example_task_group.py
[2021-12-10 08:39:02,847] {processor.py:625} INFO - Processing file /home/airflow/.local/lib/python3.7/site-packages/airflow/example_dags/example_task_group.py for tasks to queue
[2021-12-10 08:39:02,847] {logging_mixin.py:109} INFO - [2021-12-10 08:39:02,847] {dagbag.py:500} INFO - Filling up the DagBag from /home/airflow/.local/lib/python3.7/site-packages/airflow/example_dags/example_task_group.py
[2021-12-10 08:39:02,878] {processor.py:637} INFO - DAG(s) dict_keys(['example_task_group']) retrieved from /home/airflow/.local/lib/python3.7/site-packages/airflow/example_dags/example_task_group.py
[2021-12-10 08:39:02,890] {logging_mixin.py:109} INFO - [2021-12-10 08:39:02,890] {dag.py:2396} INFO - Sync 1 DAGs
[2021-12-10 08:39:02,906] {logging_mixin.py:109} INFO - [2021-12-10 08:39:02,906] {dag.py:2928} INFO - Setting next_dagrun for example_task_group to 2021-12-09T08:39:02.906260+00:00
[2021-12-10 08:39:02,915] {processor.py:171} INFO - Processing /home/airflow/.local/lib/python3.7/site-packages/airflow/example_dags/example_task_group.py took 0.074 seconds
[2021-12-10 08:39:33,119] {processor.py:163} INFO - Started process (PID=2079) to work on /home/airflow/.local/lib/python3.7/site-packages/airflow/example_dags/example_task_group.py
[2021-12-10 08:39:33,121] {processor.py:625} INFO - Processing file /home/airflow/.local/lib/python3.7/site-packages/airflow/example_dags/example_task_group.py for tasks to queue
[2021-12-10 08:39:33,121] {logging_mixin.py:109} INFO - [2021-12-10 08:39:33,121] {dagbag.py:500} INFO - Filling up the DagBag from /home/airflow/.local/lib/python3.7/site-packages/airflow/example_dags/example_task_group.py
[2021-12-10 08:39:33,154] {processor.py:637} INFO - DAG(s) dict_keys(['example_task_group']) retrieved from /home/airflow/.local/lib/python3.7/site-packages/airflow/example_dags/example_task_group.py
[2021-12-10 08:39:33,168] {logging_mixin.py:109} INFO - [2021-12-10 08:39:33,168] {dag.py:2396} INFO - Sync 1 DAGs
[2021-12-10 08:39:33,186] {logging_mixin.py:109} INFO - [2021-12-10 08:39:33,186] {dag.py:2928} INFO - Setting next_dagrun for example_task_group to 2021-12-09T08:39:33.185797+00:00
[2021-12-10 08:39:33,196] {processor.py:171} INFO - Processing /home/airflow/.local/lib/python3.7/site-packages/airflow/example_dags/example_task_group.py took 0.081 seconds
[2021-12-10 08:40:03,252] {processor.py:163} INFO - Started process (PID=2133) to work on /home/airflow/.local/lib/python3.7/site-packages/airflow/example_dags/example_task_group.py
[2021-12-10 08:40:03,254] {processor.py:625} INFO - Processing file /home/airflow/.local/lib/python3.7/site-packages/airflow/example_dags/example_task_group.py for tasks to queue
[2021-12-10 08:40:03,254] {logging_mixin.py:109} INFO - [2021-12-10 08:40:03,254] {dagbag.py:500} INFO - Filling up the DagBag from /home/airflow/.local/lib/python3.7/site-packages/airflow/example_dags/example_task_group.py
[2021-12-10 08:40:03,284] {processor.py:637} INFO - DAG(s) dict_keys(['example_task_group']) retrieved from /home/airflow/.local/lib/python3.7/site-packages/airflow/example_dags/example_task_group.py
[2021-12-10 08:40:03,296] {logging_mixin.py:109} INFO - [2021-12-10 08:40:03,296] {dag.py:2396} INFO - Sync 1 DAGs
[2021-12-10 08:40:03,314] {logging_mixin.py:109} INFO - [2021-12-10 08:40:03,313] {dag.py:2928} INFO - Setting next_dagrun for example_task_group to 2021-12-09T08:40:03.313551+00:00
[2021-12-10 08:40:03,324] {processor.py:171} INFO - Processing /home/airflow/.local/lib/python3.7/site-packages/airflow/example_dags/example_task_group.py took 0.075 seconds
[2021-12-10 08:40:33,444] {processor.py:163} INFO - Started process (PID=2185) to work on /home/airflow/.local/lib/python3.7/site-packages/airflow/example_dags/example_task_group.py
[2021-12-10 08:40:33,445] {processor.py:625} INFO - Processing file /home/airflow/.local/lib/python3.7/site-packages/airflow/example_dags/example_task_group.py for tasks to queue
[2021-12-10 08:40:33,446] {logging_mixin.py:109} INFO - [2021-12-10 08:40:33,446] {dagbag.py:500} INFO - Filling up the DagBag from /home/airflow/.local/lib/python3.7/site-packages/airflow/example_dags/example_task_group.py
[2021-12-10 08:40:33,481] {processor.py:637} INFO - DAG(s) dict_keys(['example_task_group']) retrieved from /home/airflow/.local/lib/python3.7/site-packages/airflow/example_dags/example_task_group.py
[2021-12-10 08:40:33,495] {logging_mixin.py:109} INFO - [2021-12-10 08:40:33,495] {dag.py:2396} INFO - Sync 1 DAGs
[2021-12-10 08:40:33,515] {logging_mixin.py:109} INFO - [2021-12-10 08:40:33,515] {dag.py:2928} INFO - Setting next_dagrun for example_task_group to 2021-12-09T08:40:33.515234+00:00
[2021-12-10 08:40:33,526] {processor.py:171} INFO - Processing /home/airflow/.local/lib/python3.7/site-packages/airflow/example_dags/example_task_group.py took 0.086 seconds
[2021-12-10 08:41:03,722] {processor.py:163} INFO - Started process (PID=2247) to work on /home/airflow/.local/lib/python3.7/site-packages/airflow/example_dags/example_task_group.py
[2021-12-10 08:41:03,723] {processor.py:625} INFO - Processing file /home/airflow/.local/lib/python3.7/site-packages/airflow/example_dags/example_task_group.py for tasks to queue
[2021-12-10 08:41:03,724] {logging_mixin.py:109} INFO - [2021-12-10 08:41:03,724] {dagbag.py:500} INFO - Filling up the DagBag from /home/airflow/.local/lib/python3.7/site-packages/airflow/example_dags/example_task_group.py
[2021-12-10 08:41:03,756] {processor.py:637} INFO - DAG(s) dict_keys(['example_task_group']) retrieved from /home/airflow/.local/lib/python3.7/site-packages/airflow/example_dags/example_task_group.py
[2021-12-10 08:41:03,768] {logging_mixin.py:109} INFO - [2021-12-10 08:41:03,768] {dag.py:2396} INFO - Sync 1 DAGs
[2021-12-10 08:41:03,786] {logging_mixin.py:109} INFO - [2021-12-10 08:41:03,785] {dag.py:2928} INFO - Setting next_dagrun for example_task_group to 2021-12-09T08:41:03.785607+00:00
[2021-12-10 08:41:03,795] {processor.py:171} INFO - Processing /home/airflow/.local/lib/python3.7/site-packages/airflow/example_dags/example_task_group.py took 0.077 seconds
[2021-12-10 08:41:33,832] {processor.py:163} INFO - Started process (PID=2299) to work on /home/airflow/.local/lib/python3.7/site-packages/airflow/example_dags/example_task_group.py
[2021-12-10 08:41:33,833] {processor.py:625} INFO - Processing file /home/airflow/.local/lib/python3.7/site-packages/airflow/example_dags/example_task_group.py for tasks to queue
[2021-12-10 08:41:33,834] {logging_mixin.py:109} INFO - [2021-12-10 08:41:33,834] {dagbag.py:500} INFO - Filling up the DagBag from /home/airflow/.local/lib/python3.7/site-packages/airflow/example_dags/example_task_group.py
[2021-12-10 08:41:33,865] {processor.py:637} INFO - DAG(s) dict_keys(['example_task_group']) retrieved from /home/airflow/.local/lib/python3.7/site-packages/airflow/example_dags/example_task_group.py
[2021-12-10 08:41:33,877] {logging_mixin.py:109} INFO - [2021-12-10 08:41:33,876] {dag.py:2396} INFO - Sync 1 DAGs
[2021-12-10 08:41:33,895] {logging_mixin.py:109} INFO - [2021-12-10 08:41:33,895] {dag.py:2928} INFO - Setting next_dagrun for example_task_group to 2021-12-09T08:41:33.895537+00:00
[2021-12-10 08:41:33,906] {processor.py:171} INFO - Processing /home/airflow/.local/lib/python3.7/site-packages/airflow/example_dags/example_task_group.py took 0.078 seconds
[2021-12-10 08:42:04,373] {processor.py:163} INFO - Started process (PID=2363) to work on /home/airflow/.local/lib/python3.7/site-packages/airflow/example_dags/example_task_group.py
[2021-12-10 08:42:04,375] {processor.py:625} INFO - Processing file /home/airflow/.local/lib/python3.7/site-packages/airflow/example_dags/example_task_group.py for tasks to queue
[2021-12-10 08:42:04,376] {logging_mixin.py:109} INFO - [2021-12-10 08:42:04,376] {dagbag.py:500} INFO - Filling up the DagBag from /home/airflow/.local/lib/python3.7/site-packages/airflow/example_dags/example_task_group.py
[2021-12-10 08:42:04,414] {processor.py:637} INFO - DAG(s) dict_keys(['example_task_group']) retrieved from /home/airflow/.local/lib/python3.7/site-packages/airflow/example_dags/example_task_group.py
[2021-12-10 08:42:04,427] {logging_mixin.py:109} INFO - [2021-12-10 08:42:04,427] {dag.py:2396} INFO - Sync 1 DAGs
[2021-12-10 08:42:04,446] {logging_mixin.py:109} INFO - [2021-12-10 08:42:04,446] {dag.py:2928} INFO - Setting next_dagrun for example_task_group to 2021-12-09T08:42:04.446517+00:00
[2021-12-10 08:42:04,457] {processor.py:171} INFO - Processing /home/airflow/.local/lib/python3.7/site-packages/airflow/example_dags/example_task_group.py took 0.088 seconds
[2021-12-10 08:42:34,481] {processor.py:163} INFO - Started process (PID=2415) to work on /home/airflow/.local/lib/python3.7/site-packages/airflow/example_dags/example_task_group.py
[2021-12-10 08:42:34,482] {processor.py:625} INFO - Processing file /home/airflow/.local/lib/python3.7/site-packages/airflow/example_dags/example_task_group.py for tasks to queue
[2021-12-10 08:42:34,483] {logging_mixin.py:109} INFO - [2021-12-10 08:42:34,483] {dagbag.py:500} INFO - Filling up the DagBag from /home/airflow/.local/lib/python3.7/site-packages/airflow/example_dags/example_task_group.py
[2021-12-10 08:42:34,512] {processor.py:637} INFO - DAG(s) dict_keys(['example_task_group']) retrieved from /home/airflow/.local/lib/python3.7/site-packages/airflow/example_dags/example_task_group.py
[2021-12-10 08:42:34,524] {logging_mixin.py:109} INFO - [2021-12-10 08:42:34,524] {dag.py:2396} INFO - Sync 1 DAGs
[2021-12-10 08:42:34,543] {logging_mixin.py:109} INFO - [2021-12-10 08:42:34,542] {dag.py:2928} INFO - Setting next_dagrun for example_task_group to 2021-12-09T08:42:34.542556+00:00
[2021-12-10 08:42:34,554] {processor.py:171} INFO - Processing /home/airflow/.local/lib/python3.7/site-packages/airflow/example_dags/example_task_group.py took 0.077 seconds
[2021-12-10 08:43:04,834] {processor.py:163} INFO - Started process (PID=2468) to work on /home/airflow/.local/lib/python3.7/site-packages/airflow/example_dags/example_task_group.py
[2021-12-10 08:43:04,836] {processor.py:625} INFO - Processing file /home/airflow/.local/lib/python3.7/site-packages/airflow/example_dags/example_task_group.py for tasks to queue
[2021-12-10 08:43:04,837] {logging_mixin.py:109} INFO - [2021-12-10 08:43:04,836] {dagbag.py:500} INFO - Filling up the DagBag from /home/airflow/.local/lib/python3.7/site-packages/airflow/example_dags/example_task_group.py
[2021-12-10 08:43:04,866] {processor.py:637} INFO - DAG(s) dict_keys(['example_task_group']) retrieved from /home/airflow/.local/lib/python3.7/site-packages/airflow/example_dags/example_task_group.py
[2021-12-10 08:43:04,882] {logging_mixin.py:109} INFO - [2021-12-10 08:43:04,882] {dag.py:2396} INFO - Sync 1 DAGs
[2021-12-10 08:43:04,900] {logging_mixin.py:109} INFO - [2021-12-10 08:43:04,899] {dag.py:2928} INFO - Setting next_dagrun for example_task_group to 2021-12-09T08:43:04.899590+00:00
[2021-12-10 08:43:04,910] {processor.py:171} INFO - Processing /home/airflow/.local/lib/python3.7/site-packages/airflow/example_dags/example_task_group.py took 0.079 seconds
[2021-12-10 08:43:35,251] {processor.py:163} INFO - Started process (PID=2528) to work on /home/airflow/.local/lib/python3.7/site-packages/airflow/example_dags/example_task_group.py
[2021-12-10 08:43:35,253] {processor.py:625} INFO - Processing file /home/airflow/.local/lib/python3.7/site-packages/airflow/example_dags/example_task_group.py for tasks to queue
[2021-12-10 08:43:35,254] {logging_mixin.py:109} INFO - [2021-12-10 08:43:35,253] {dagbag.py:500} INFO - Filling up the DagBag from /home/airflow/.local/lib/python3.7/site-packages/airflow/example_dags/example_task_group.py
[2021-12-10 08:43:35,283] {processor.py:637} INFO - DAG(s) dict_keys(['example_task_group']) retrieved from /home/airflow/.local/lib/python3.7/site-packages/airflow/example_dags/example_task_group.py
[2021-12-10 08:43:35,295] {logging_mixin.py:109} INFO - [2021-12-10 08:43:35,294] {dag.py:2396} INFO - Sync 1 DAGs
[2021-12-10 08:43:35,312] {logging_mixin.py:109} INFO - [2021-12-10 08:43:35,312] {dag.py:2928} INFO - Setting next_dagrun for example_task_group to 2021-12-09T08:43:35.312101+00:00
[2021-12-10 08:43:35,322] {processor.py:171} INFO - Processing /home/airflow/.local/lib/python3.7/site-packages/airflow/example_dags/example_task_group.py took 0.074 seconds
[2021-12-10 08:44:05,488] {processor.py:163} INFO - Started process (PID=2580) to work on /home/airflow/.local/lib/python3.7/site-packages/airflow/example_dags/example_task_group.py
[2021-12-10 08:44:05,489] {processor.py:625} INFO - Processing file /home/airflow/.local/lib/python3.7/site-packages/airflow/example_dags/example_task_group.py for tasks to queue
[2021-12-10 08:44:05,490] {logging_mixin.py:109} INFO - [2021-12-10 08:44:05,489] {dagbag.py:500} INFO - Filling up the DagBag from /home/airflow/.local/lib/python3.7/site-packages/airflow/example_dags/example_task_group.py
[2021-12-10 08:44:05,521] {processor.py:637} INFO - DAG(s) dict_keys(['example_task_group']) retrieved from /home/airflow/.local/lib/python3.7/site-packages/airflow/example_dags/example_task_group.py
[2021-12-10 08:44:05,536] {logging_mixin.py:109} INFO - [2021-12-10 08:44:05,536] {dag.py:2396} INFO - Sync 1 DAGs
[2021-12-10 08:44:05,553] {logging_mixin.py:109} INFO - [2021-12-10 08:44:05,553] {dag.py:2928} INFO - Setting next_dagrun for example_task_group to 2021-12-09T08:44:05.553284+00:00
[2021-12-10 08:44:05,564] {processor.py:171} INFO - Processing /home/airflow/.local/lib/python3.7/site-packages/airflow/example_dags/example_task_group.py took 0.080 seconds
[2021-12-10 08:44:35,671] {processor.py:163} INFO - Started process (PID=2642) to work on /home/airflow/.local/lib/python3.7/site-packages/airflow/example_dags/example_task_group.py
[2021-12-10 08:44:35,672] {processor.py:625} INFO - Processing file /home/airflow/.local/lib/python3.7/site-packages/airflow/example_dags/example_task_group.py for tasks to queue
[2021-12-10 08:44:35,673] {logging_mixin.py:109} INFO - [2021-12-10 08:44:35,673] {dagbag.py:500} INFO - Filling up the DagBag from /home/airflow/.local/lib/python3.7/site-packages/airflow/example_dags/example_task_group.py
[2021-12-10 08:44:35,706] {processor.py:637} INFO - DAG(s) dict_keys(['example_task_group']) retrieved from /home/airflow/.local/lib/python3.7/site-packages/airflow/example_dags/example_task_group.py
[2021-12-10 08:44:35,718] {logging_mixin.py:109} INFO - [2021-12-10 08:44:35,718] {dag.py:2396} INFO - Sync 1 DAGs
[2021-12-10 08:44:35,738] {logging_mixin.py:109} INFO - [2021-12-10 08:44:35,737] {dag.py:2928} INFO - Setting next_dagrun for example_task_group to 2021-12-09T08:44:35.737661+00:00
[2021-12-10 08:44:35,747] {processor.py:171} INFO - Processing /home/airflow/.local/lib/python3.7/site-packages/airflow/example_dags/example_task_group.py took 0.081 seconds
[2021-12-10 08:45:06,731] {processor.py:163} INFO - Started process (PID=2695) to work on /home/airflow/.local/lib/python3.7/site-packages/airflow/example_dags/example_task_group.py
[2021-12-10 08:45:06,733] {processor.py:625} INFO - Processing file /home/airflow/.local/lib/python3.7/site-packages/airflow/example_dags/example_task_group.py for tasks to queue
[2021-12-10 08:45:06,733] {logging_mixin.py:109} INFO - [2021-12-10 08:45:06,733] {dagbag.py:500} INFO - Filling up the DagBag from /home/airflow/.local/lib/python3.7/site-packages/airflow/example_dags/example_task_group.py
[2021-12-10 08:45:06,766] {processor.py:637} INFO - DAG(s) dict_keys(['example_task_group']) retrieved from /home/airflow/.local/lib/python3.7/site-packages/airflow/example_dags/example_task_group.py
[2021-12-10 08:45:06,780] {logging_mixin.py:109} INFO - [2021-12-10 08:45:06,780] {dag.py:2396} INFO - Sync 1 DAGs
[2021-12-10 08:45:06,798] {logging_mixin.py:109} INFO - [2021-12-10 08:45:06,798] {dag.py:2928} INFO - Setting next_dagrun for example_task_group to 2021-12-09T08:45:06.797765+00:00
[2021-12-10 08:45:06,807] {processor.py:171} INFO - Processing /home/airflow/.local/lib/python3.7/site-packages/airflow/example_dags/example_task_group.py took 0.079 seconds
[2021-12-10 08:45:36,953] {processor.py:163} INFO - Started process (PID=2748) to work on /home/airflow/.local/lib/python3.7/site-packages/airflow/example_dags/example_task_group.py
[2021-12-10 08:45:36,954] {processor.py:625} INFO - Processing file /home/airflow/.local/lib/python3.7/site-packages/airflow/example_dags/example_task_group.py for tasks to queue
[2021-12-10 08:45:36,955] {logging_mixin.py:109} INFO - [2021-12-10 08:45:36,955] {dagbag.py:500} INFO - Filling up the DagBag from /home/airflow/.local/lib/python3.7/site-packages/airflow/example_dags/example_task_group.py
[2021-12-10 08:45:36,987] {processor.py:637} INFO - DAG(s) dict_keys(['example_task_group']) retrieved from /home/airflow/.local/lib/python3.7/site-packages/airflow/example_dags/example_task_group.py
[2021-12-10 08:45:37,001] {logging_mixin.py:109} INFO - [2021-12-10 08:45:37,001] {dag.py:2396} INFO - Sync 1 DAGs
[2021-12-10 08:45:37,020] {logging_mixin.py:109} INFO - [2021-12-10 08:45:37,020] {dag.py:2928} INFO - Setting next_dagrun for example_task_group to 2021-12-09T08:45:37.019775+00:00
[2021-12-10 08:45:37,032] {processor.py:171} INFO - Processing /home/airflow/.local/lib/python3.7/site-packages/airflow/example_dags/example_task_group.py took 0.083 seconds
[2021-12-10 08:46:07,704] {processor.py:163} INFO - Started process (PID=2809) to work on /home/airflow/.local/lib/python3.7/site-packages/airflow/example_dags/example_task_group.py
[2021-12-10 08:46:07,705] {processor.py:625} INFO - Processing file /home/airflow/.local/lib/python3.7/site-packages/airflow/example_dags/example_task_group.py for tasks to queue
[2021-12-10 08:46:07,706] {logging_mixin.py:109} INFO - [2021-12-10 08:46:07,706] {dagbag.py:500} INFO - Filling up the DagBag from /home/airflow/.local/lib/python3.7/site-packages/airflow/example_dags/example_task_group.py
[2021-12-10 08:46:07,734] {processor.py:637} INFO - DAG(s) dict_keys(['example_task_group']) retrieved from /home/airflow/.local/lib/python3.7/site-packages/airflow/example_dags/example_task_group.py
[2021-12-10 08:46:07,744] {logging_mixin.py:109} INFO - [2021-12-10 08:46:07,744] {dag.py:2396} INFO - Sync 1 DAGs
[2021-12-10 08:46:07,868] {logging_mixin.py:109} INFO - [2021-12-10 08:46:07,868] {dag.py:2928} INFO - Setting next_dagrun for example_task_group to 2021-12-09T08:46:07.867935+00:00
[2021-12-10 08:46:07,878] {processor.py:171} INFO - Processing /home/airflow/.local/lib/python3.7/site-packages/airflow/example_dags/example_task_group.py took 0.178 seconds
[2021-12-10 08:46:38,527] {processor.py:163} INFO - Started process (PID=2861) to work on /home/airflow/.local/lib/python3.7/site-packages/airflow/example_dags/example_task_group.py
[2021-12-10 08:46:38,529] {processor.py:625} INFO - Processing file /home/airflow/.local/lib/python3.7/site-packages/airflow/example_dags/example_task_group.py for tasks to queue
[2021-12-10 08:46:38,530] {logging_mixin.py:109} INFO - [2021-12-10 08:46:38,530] {dagbag.py:500} INFO - Filling up the DagBag from /home/airflow/.local/lib/python3.7/site-packages/airflow/example_dags/example_task_group.py
[2021-12-10 08:46:38,563] {processor.py:637} INFO - DAG(s) dict_keys(['example_task_group']) retrieved from /home/airflow/.local/lib/python3.7/site-packages/airflow/example_dags/example_task_group.py
[2021-12-10 08:46:38,576] {logging_mixin.py:109} INFO - [2021-12-10 08:46:38,576] {dag.py:2396} INFO - Sync 1 DAGs
[2021-12-10 08:46:38,705] {logging_mixin.py:109} INFO - [2021-12-10 08:46:38,705] {dag.py:2928} INFO - Setting next_dagrun for example_task_group to 2021-12-09T08:46:38.704769+00:00
[2021-12-10 08:46:38,719] {processor.py:171} INFO - Processing /home/airflow/.local/lib/python3.7/site-packages/airflow/example_dags/example_task_group.py took 0.195 seconds
[2021-12-10 08:47:09,382] {processor.py:163} INFO - Started process (PID=2922) to work on /home/airflow/.local/lib/python3.7/site-packages/airflow/example_dags/example_task_group.py
[2021-12-10 08:47:09,383] {processor.py:625} INFO - Processing file /home/airflow/.local/lib/python3.7/site-packages/airflow/example_dags/example_task_group.py for tasks to queue
[2021-12-10 08:47:09,384] {logging_mixin.py:109} INFO - [2021-12-10 08:47:09,384] {dagbag.py:500} INFO - Filling up the DagBag from /home/airflow/.local/lib/python3.7/site-packages/airflow/example_dags/example_task_group.py
[2021-12-10 08:47:09,417] {processor.py:637} INFO - DAG(s) dict_keys(['example_task_group']) retrieved from /home/airflow/.local/lib/python3.7/site-packages/airflow/example_dags/example_task_group.py
[2021-12-10 08:47:09,428] {logging_mixin.py:109} INFO - [2021-12-10 08:47:09,428] {dag.py:2396} INFO - Sync 1 DAGs
[2021-12-10 08:47:09,552] {logging_mixin.py:109} INFO - [2021-12-10 08:47:09,552] {dag.py:2928} INFO - Setting next_dagrun for example_task_group to 2021-12-09T08:47:09.552242+00:00
[2021-12-10 08:47:09,561] {processor.py:171} INFO - Processing /home/airflow/.local/lib/python3.7/site-packages/airflow/example_dags/example_task_group.py took 0.183 seconds
