[2021-12-10 08:23:32,197] {processor.py:163} INFO - Started process (PID=110) to work on /home/airflow/.local/lib/python3.7/site-packages/airflow/example_dags/example_external_task_marker_dag.py
[2021-12-10 08:23:32,198] {processor.py:625} INFO - Processing file /home/airflow/.local/lib/python3.7/site-packages/airflow/example_dags/example_external_task_marker_dag.py for tasks to queue
[2021-12-10 08:23:32,199] {logging_mixin.py:109} INFO - [2021-12-10 08:23:32,199] {dagbag.py:500} INFO - Filling up the DagBag from /home/airflow/.local/lib/python3.7/site-packages/airflow/example_dags/example_external_task_marker_dag.py
[2021-12-10 08:23:32,310] {processor.py:637} INFO - DAG(s) dict_keys(['example_external_task_marker_parent', 'example_external_task_marker_child']) retrieved from /home/airflow/.local/lib/python3.7/site-packages/airflow/example_dags/example_external_task_marker_dag.py
[2021-12-10 08:23:33,919] {logging_mixin.py:109} INFO - [2021-12-10 08:23:33,919] {providers_manager.py:156} WARNING - Exception when importing 'airflow.providers.google.leveldb.hooks.leveldb.LevelDBHook' from 'apache-airflow-providers-google' package: No module named 'plyvel'
[2021-12-10 08:23:34,429] {logging_mixin.py:109} INFO - [2021-12-10 08:23:34,429] {providers_manager.py:156} WARNING - Exception when importing 'airflow.providers.google.leveldb.hooks.leveldb.LevelDBHook' from 'apache-airflow-providers-google' package: No module named 'plyvel'
[2021-12-10 08:23:34,451] {logging_mixin.py:109} INFO - [2021-12-10 08:23:34,451] {manager.py:496} INFO - Created Permission View: can read on DAG:example_external_task_marker_parent
[2021-12-10 08:23:34,459] {logging_mixin.py:109} INFO - [2021-12-10 08:23:34,459] {manager.py:496} INFO - Created Permission View: can edit on DAG:example_external_task_marker_parent
[2021-12-10 08:23:34,481] {logging_mixin.py:109} INFO - [2021-12-10 08:23:34,481] {manager.py:496} INFO - Created Permission View: can read on DAG:example_external_task_marker_child
[2021-12-10 08:23:34,492] {logging_mixin.py:109} INFO - [2021-12-10 08:23:34,492] {manager.py:496} INFO - Created Permission View: can edit on DAG:example_external_task_marker_child
[2021-12-10 08:23:34,492] {logging_mixin.py:109} INFO - [2021-12-10 08:23:34,492] {dag.py:2396} INFO - Sync 2 DAGs
[2021-12-10 08:23:34,501] {logging_mixin.py:109} INFO - [2021-12-10 08:23:34,501] {dag.py:2415} INFO - Creating ORM DAG for example_external_task_marker_child
[2021-12-10 08:23:34,502] {logging_mixin.py:109} INFO - [2021-12-10 08:23:34,502] {dag.py:2415} INFO - Creating ORM DAG for example_external_task_marker_parent
[2021-12-10 08:23:34,511] {logging_mixin.py:109} INFO - [2021-12-10 08:23:34,511] {dag.py:2928} INFO - Setting next_dagrun for example_external_task_marker_child to None
[2021-12-10 08:23:34,512] {logging_mixin.py:109} INFO - [2021-12-10 08:23:34,512] {dag.py:2928} INFO - Setting next_dagrun for example_external_task_marker_parent to None
[2021-12-10 08:23:34,528] {processor.py:171} INFO - Processing /home/airflow/.local/lib/python3.7/site-packages/airflow/example_dags/example_external_task_marker_dag.py took 2.334 seconds
[2021-12-10 08:24:05,272] {processor.py:163} INFO - Started process (PID=364) to work on /home/airflow/.local/lib/python3.7/site-packages/airflow/example_dags/example_external_task_marker_dag.py
[2021-12-10 08:24:05,274] {processor.py:625} INFO - Processing file /home/airflow/.local/lib/python3.7/site-packages/airflow/example_dags/example_external_task_marker_dag.py for tasks to queue
[2021-12-10 08:24:05,275] {logging_mixin.py:109} INFO - [2021-12-10 08:24:05,275] {dagbag.py:500} INFO - Filling up the DagBag from /home/airflow/.local/lib/python3.7/site-packages/airflow/example_dags/example_external_task_marker_dag.py
[2021-12-10 08:24:05,302] {processor.py:637} INFO - DAG(s) dict_keys(['example_external_task_marker_parent', 'example_external_task_marker_child']) retrieved from /home/airflow/.local/lib/python3.7/site-packages/airflow/example_dags/example_external_task_marker_dag.py
[2021-12-10 08:24:05,316] {logging_mixin.py:109} INFO - [2021-12-10 08:24:05,316] {dag.py:2396} INFO - Sync 2 DAGs
[2021-12-10 08:24:05,333] {logging_mixin.py:109} INFO - [2021-12-10 08:24:05,332] {dag.py:2928} INFO - Setting next_dagrun for example_external_task_marker_child to None
[2021-12-10 08:24:05,333] {logging_mixin.py:109} INFO - [2021-12-10 08:24:05,333] {dag.py:2928} INFO - Setting next_dagrun for example_external_task_marker_parent to None
[2021-12-10 08:24:05,342] {processor.py:171} INFO - Processing /home/airflow/.local/lib/python3.7/site-packages/airflow/example_dags/example_external_task_marker_dag.py took 0.073 seconds
[2021-12-10 08:24:35,462] {processor.py:163} INFO - Started process (PID=425) to work on /home/airflow/.local/lib/python3.7/site-packages/airflow/example_dags/example_external_task_marker_dag.py
[2021-12-10 08:24:35,463] {processor.py:625} INFO - Processing file /home/airflow/.local/lib/python3.7/site-packages/airflow/example_dags/example_external_task_marker_dag.py for tasks to queue
[2021-12-10 08:24:35,464] {logging_mixin.py:109} INFO - [2021-12-10 08:24:35,464] {dagbag.py:500} INFO - Filling up the DagBag from /home/airflow/.local/lib/python3.7/site-packages/airflow/example_dags/example_external_task_marker_dag.py
[2021-12-10 08:24:35,491] {processor.py:637} INFO - DAG(s) dict_keys(['example_external_task_marker_parent', 'example_external_task_marker_child']) retrieved from /home/airflow/.local/lib/python3.7/site-packages/airflow/example_dags/example_external_task_marker_dag.py
[2021-12-10 08:24:35,504] {logging_mixin.py:109} INFO - [2021-12-10 08:24:35,504] {dag.py:2396} INFO - Sync 2 DAGs
[2021-12-10 08:24:35,519] {logging_mixin.py:109} INFO - [2021-12-10 08:24:35,519] {dag.py:2928} INFO - Setting next_dagrun for example_external_task_marker_child to None
[2021-12-10 08:24:35,520] {logging_mixin.py:109} INFO - [2021-12-10 08:24:35,520] {dag.py:2928} INFO - Setting next_dagrun for example_external_task_marker_parent to None
[2021-12-10 08:24:35,530] {processor.py:171} INFO - Processing /home/airflow/.local/lib/python3.7/site-packages/airflow/example_dags/example_external_task_marker_dag.py took 0.071 seconds
[2021-12-10 08:25:05,906] {processor.py:163} INFO - Started process (PID=477) to work on /home/airflow/.local/lib/python3.7/site-packages/airflow/example_dags/example_external_task_marker_dag.py
[2021-12-10 08:25:05,908] {processor.py:625} INFO - Processing file /home/airflow/.local/lib/python3.7/site-packages/airflow/example_dags/example_external_task_marker_dag.py for tasks to queue
[2021-12-10 08:25:05,909] {logging_mixin.py:109} INFO - [2021-12-10 08:25:05,909] {dagbag.py:500} INFO - Filling up the DagBag from /home/airflow/.local/lib/python3.7/site-packages/airflow/example_dags/example_external_task_marker_dag.py
[2021-12-10 08:25:05,936] {processor.py:637} INFO - DAG(s) dict_keys(['example_external_task_marker_parent', 'example_external_task_marker_child']) retrieved from /home/airflow/.local/lib/python3.7/site-packages/airflow/example_dags/example_external_task_marker_dag.py
[2021-12-10 08:25:05,949] {logging_mixin.py:109} INFO - [2021-12-10 08:25:05,948] {dag.py:2396} INFO - Sync 2 DAGs
[2021-12-10 08:25:05,965] {logging_mixin.py:109} INFO - [2021-12-10 08:25:05,965] {dag.py:2928} INFO - Setting next_dagrun for example_external_task_marker_child to None
[2021-12-10 08:25:05,965] {logging_mixin.py:109} INFO - [2021-12-10 08:25:05,965] {dag.py:2928} INFO - Setting next_dagrun for example_external_task_marker_parent to None
[2021-12-10 08:25:05,975] {processor.py:171} INFO - Processing /home/airflow/.local/lib/python3.7/site-packages/airflow/example_dags/example_external_task_marker_dag.py took 0.073 seconds
[2021-12-10 08:25:36,294] {processor.py:163} INFO - Started process (PID=530) to work on /home/airflow/.local/lib/python3.7/site-packages/airflow/example_dags/example_external_task_marker_dag.py
[2021-12-10 08:25:36,295] {processor.py:625} INFO - Processing file /home/airflow/.local/lib/python3.7/site-packages/airflow/example_dags/example_external_task_marker_dag.py for tasks to queue
[2021-12-10 08:25:36,296] {logging_mixin.py:109} INFO - [2021-12-10 08:25:36,296] {dagbag.py:500} INFO - Filling up the DagBag from /home/airflow/.local/lib/python3.7/site-packages/airflow/example_dags/example_external_task_marker_dag.py
[2021-12-10 08:25:36,326] {processor.py:637} INFO - DAG(s) dict_keys(['example_external_task_marker_parent', 'example_external_task_marker_child']) retrieved from /home/airflow/.local/lib/python3.7/site-packages/airflow/example_dags/example_external_task_marker_dag.py
[2021-12-10 08:25:36,340] {logging_mixin.py:109} INFO - [2021-12-10 08:25:36,340] {dag.py:2396} INFO - Sync 2 DAGs
[2021-12-10 08:25:36,358] {logging_mixin.py:109} INFO - [2021-12-10 08:25:36,357] {dag.py:2928} INFO - Setting next_dagrun for example_external_task_marker_child to None
[2021-12-10 08:25:36,358] {logging_mixin.py:109} INFO - [2021-12-10 08:25:36,358] {dag.py:2928} INFO - Setting next_dagrun for example_external_task_marker_parent to None
[2021-12-10 08:25:36,368] {processor.py:171} INFO - Processing /home/airflow/.local/lib/python3.7/site-packages/airflow/example_dags/example_external_task_marker_dag.py took 0.078 seconds
[2021-12-10 08:26:06,761] {processor.py:163} INFO - Started process (PID=592) to work on /home/airflow/.local/lib/python3.7/site-packages/airflow/example_dags/example_external_task_marker_dag.py
[2021-12-10 08:26:06,763] {processor.py:625} INFO - Processing file /home/airflow/.local/lib/python3.7/site-packages/airflow/example_dags/example_external_task_marker_dag.py for tasks to queue
[2021-12-10 08:26:06,764] {logging_mixin.py:109} INFO - [2021-12-10 08:26:06,763] {dagbag.py:500} INFO - Filling up the DagBag from /home/airflow/.local/lib/python3.7/site-packages/airflow/example_dags/example_external_task_marker_dag.py
[2021-12-10 08:26:06,789] {processor.py:637} INFO - DAG(s) dict_keys(['example_external_task_marker_parent', 'example_external_task_marker_child']) retrieved from /home/airflow/.local/lib/python3.7/site-packages/airflow/example_dags/example_external_task_marker_dag.py
[2021-12-10 08:26:06,802] {logging_mixin.py:109} INFO - [2021-12-10 08:26:06,802] {dag.py:2396} INFO - Sync 2 DAGs
[2021-12-10 08:26:06,818] {logging_mixin.py:109} INFO - [2021-12-10 08:26:06,818] {dag.py:2928} INFO - Setting next_dagrun for example_external_task_marker_child to None
[2021-12-10 08:26:06,818] {logging_mixin.py:109} INFO - [2021-12-10 08:26:06,818] {dag.py:2928} INFO - Setting next_dagrun for example_external_task_marker_parent to None
[2021-12-10 08:26:06,827] {processor.py:171} INFO - Processing /home/airflow/.local/lib/python3.7/site-packages/airflow/example_dags/example_external_task_marker_dag.py took 0.069 seconds
[2021-12-10 08:26:36,886] {processor.py:163} INFO - Started process (PID=644) to work on /home/airflow/.local/lib/python3.7/site-packages/airflow/example_dags/example_external_task_marker_dag.py
[2021-12-10 08:26:36,888] {processor.py:625} INFO - Processing file /home/airflow/.local/lib/python3.7/site-packages/airflow/example_dags/example_external_task_marker_dag.py for tasks to queue
[2021-12-10 08:26:36,889] {logging_mixin.py:109} INFO - [2021-12-10 08:26:36,888] {dagbag.py:500} INFO - Filling up the DagBag from /home/airflow/.local/lib/python3.7/site-packages/airflow/example_dags/example_external_task_marker_dag.py
[2021-12-10 08:26:36,919] {processor.py:637} INFO - DAG(s) dict_keys(['example_external_task_marker_parent', 'example_external_task_marker_child']) retrieved from /home/airflow/.local/lib/python3.7/site-packages/airflow/example_dags/example_external_task_marker_dag.py
[2021-12-10 08:26:36,937] {logging_mixin.py:109} INFO - [2021-12-10 08:26:36,937] {dag.py:2396} INFO - Sync 2 DAGs
[2021-12-10 08:26:36,959] {logging_mixin.py:109} INFO - [2021-12-10 08:26:36,958] {dag.py:2928} INFO - Setting next_dagrun for example_external_task_marker_child to None
[2021-12-10 08:26:36,959] {logging_mixin.py:109} INFO - [2021-12-10 08:26:36,959] {dag.py:2928} INFO - Setting next_dagrun for example_external_task_marker_parent to None
[2021-12-10 08:26:36,970] {processor.py:171} INFO - Processing /home/airflow/.local/lib/python3.7/site-packages/airflow/example_dags/example_external_task_marker_dag.py took 0.089 seconds
[2021-12-10 08:27:07,061] {processor.py:163} INFO - Started process (PID=708) to work on /home/airflow/.local/lib/python3.7/site-packages/airflow/example_dags/example_external_task_marker_dag.py
[2021-12-10 08:27:07,063] {processor.py:625} INFO - Processing file /home/airflow/.local/lib/python3.7/site-packages/airflow/example_dags/example_external_task_marker_dag.py for tasks to queue
[2021-12-10 08:27:07,064] {logging_mixin.py:109} INFO - [2021-12-10 08:27:07,064] {dagbag.py:500} INFO - Filling up the DagBag from /home/airflow/.local/lib/python3.7/site-packages/airflow/example_dags/example_external_task_marker_dag.py
[2021-12-10 08:27:07,091] {processor.py:637} INFO - DAG(s) dict_keys(['example_external_task_marker_parent', 'example_external_task_marker_child']) retrieved from /home/airflow/.local/lib/python3.7/site-packages/airflow/example_dags/example_external_task_marker_dag.py
[2021-12-10 08:27:07,105] {logging_mixin.py:109} INFO - [2021-12-10 08:27:07,105] {dag.py:2396} INFO - Sync 2 DAGs
[2021-12-10 08:27:07,123] {logging_mixin.py:109} INFO - [2021-12-10 08:27:07,123] {dag.py:2928} INFO - Setting next_dagrun for example_external_task_marker_child to None
[2021-12-10 08:27:07,123] {logging_mixin.py:109} INFO - [2021-12-10 08:27:07,123] {dag.py:2928} INFO - Setting next_dagrun for example_external_task_marker_parent to None
[2021-12-10 08:27:07,133] {processor.py:171} INFO - Processing /home/airflow/.local/lib/python3.7/site-packages/airflow/example_dags/example_external_task_marker_dag.py took 0.076 seconds
[2021-12-10 08:27:37,286] {processor.py:163} INFO - Started process (PID=761) to work on /home/airflow/.local/lib/python3.7/site-packages/airflow/example_dags/example_external_task_marker_dag.py
[2021-12-10 08:27:37,287] {processor.py:625} INFO - Processing file /home/airflow/.local/lib/python3.7/site-packages/airflow/example_dags/example_external_task_marker_dag.py for tasks to queue
[2021-12-10 08:27:37,288] {logging_mixin.py:109} INFO - [2021-12-10 08:27:37,288] {dagbag.py:500} INFO - Filling up the DagBag from /home/airflow/.local/lib/python3.7/site-packages/airflow/example_dags/example_external_task_marker_dag.py
[2021-12-10 08:27:37,316] {processor.py:637} INFO - DAG(s) dict_keys(['example_external_task_marker_parent', 'example_external_task_marker_child']) retrieved from /home/airflow/.local/lib/python3.7/site-packages/airflow/example_dags/example_external_task_marker_dag.py
[2021-12-10 08:27:37,330] {logging_mixin.py:109} INFO - [2021-12-10 08:27:37,330] {dag.py:2396} INFO - Sync 2 DAGs
[2021-12-10 08:27:37,348] {logging_mixin.py:109} INFO - [2021-12-10 08:27:37,348] {dag.py:2928} INFO - Setting next_dagrun for example_external_task_marker_child to None
[2021-12-10 08:27:37,348] {logging_mixin.py:109} INFO - [2021-12-10 08:27:37,348] {dag.py:2928} INFO - Setting next_dagrun for example_external_task_marker_parent to None
[2021-12-10 08:27:37,358] {processor.py:171} INFO - Processing /home/airflow/.local/lib/python3.7/site-packages/airflow/example_dags/example_external_task_marker_dag.py took 0.076 seconds
[2021-12-10 08:28:07,442] {processor.py:163} INFO - Started process (PID=813) to work on /home/airflow/.local/lib/python3.7/site-packages/airflow/example_dags/example_external_task_marker_dag.py
[2021-12-10 08:28:07,443] {processor.py:625} INFO - Processing file /home/airflow/.local/lib/python3.7/site-packages/airflow/example_dags/example_external_task_marker_dag.py for tasks to queue
[2021-12-10 08:28:07,444] {logging_mixin.py:109} INFO - [2021-12-10 08:28:07,444] {dagbag.py:500} INFO - Filling up the DagBag from /home/airflow/.local/lib/python3.7/site-packages/airflow/example_dags/example_external_task_marker_dag.py
[2021-12-10 08:28:07,477] {processor.py:637} INFO - DAG(s) dict_keys(['example_external_task_marker_parent', 'example_external_task_marker_child']) retrieved from /home/airflow/.local/lib/python3.7/site-packages/airflow/example_dags/example_external_task_marker_dag.py
[2021-12-10 08:28:07,493] {logging_mixin.py:109} INFO - [2021-12-10 08:28:07,493] {dag.py:2396} INFO - Sync 2 DAGs
[2021-12-10 08:28:07,510] {logging_mixin.py:109} INFO - [2021-12-10 08:28:07,510] {dag.py:2928} INFO - Setting next_dagrun for example_external_task_marker_child to None
[2021-12-10 08:28:07,511] {logging_mixin.py:109} INFO - [2021-12-10 08:28:07,511] {dag.py:2928} INFO - Setting next_dagrun for example_external_task_marker_parent to None
[2021-12-10 08:28:07,521] {processor.py:171} INFO - Processing /home/airflow/.local/lib/python3.7/site-packages/airflow/example_dags/example_external_task_marker_dag.py took 0.083 seconds
[2021-12-10 08:28:37,741] {processor.py:163} INFO - Started process (PID=874) to work on /home/airflow/.local/lib/python3.7/site-packages/airflow/example_dags/example_external_task_marker_dag.py
[2021-12-10 08:28:37,742] {processor.py:625} INFO - Processing file /home/airflow/.local/lib/python3.7/site-packages/airflow/example_dags/example_external_task_marker_dag.py for tasks to queue
[2021-12-10 08:28:37,743] {logging_mixin.py:109} INFO - [2021-12-10 08:28:37,743] {dagbag.py:500} INFO - Filling up the DagBag from /home/airflow/.local/lib/python3.7/site-packages/airflow/example_dags/example_external_task_marker_dag.py
[2021-12-10 08:28:37,771] {processor.py:637} INFO - DAG(s) dict_keys(['example_external_task_marker_parent', 'example_external_task_marker_child']) retrieved from /home/airflow/.local/lib/python3.7/site-packages/airflow/example_dags/example_external_task_marker_dag.py
[2021-12-10 08:28:37,786] {logging_mixin.py:109} INFO - [2021-12-10 08:28:37,786] {dag.py:2396} INFO - Sync 2 DAGs
[2021-12-10 08:28:37,804] {logging_mixin.py:109} INFO - [2021-12-10 08:28:37,803] {dag.py:2928} INFO - Setting next_dagrun for example_external_task_marker_child to None
[2021-12-10 08:28:37,804] {logging_mixin.py:109} INFO - [2021-12-10 08:28:37,804] {dag.py:2928} INFO - Setting next_dagrun for example_external_task_marker_parent to None
[2021-12-10 08:28:37,814] {processor.py:171} INFO - Processing /home/airflow/.local/lib/python3.7/site-packages/airflow/example_dags/example_external_task_marker_dag.py took 0.077 seconds
[2021-12-10 08:29:08,040] {processor.py:163} INFO - Started process (PID=926) to work on /home/airflow/.local/lib/python3.7/site-packages/airflow/example_dags/example_external_task_marker_dag.py
[2021-12-10 08:29:08,041] {processor.py:625} INFO - Processing file /home/airflow/.local/lib/python3.7/site-packages/airflow/example_dags/example_external_task_marker_dag.py for tasks to queue
[2021-12-10 08:29:08,042] {logging_mixin.py:109} INFO - [2021-12-10 08:29:08,042] {dagbag.py:500} INFO - Filling up the DagBag from /home/airflow/.local/lib/python3.7/site-packages/airflow/example_dags/example_external_task_marker_dag.py
[2021-12-10 08:29:08,072] {processor.py:637} INFO - DAG(s) dict_keys(['example_external_task_marker_parent', 'example_external_task_marker_child']) retrieved from /home/airflow/.local/lib/python3.7/site-packages/airflow/example_dags/example_external_task_marker_dag.py
[2021-12-10 08:29:08,085] {logging_mixin.py:109} INFO - [2021-12-10 08:29:08,085] {dag.py:2396} INFO - Sync 2 DAGs
[2021-12-10 08:29:08,102] {logging_mixin.py:109} INFO - [2021-12-10 08:29:08,102] {dag.py:2928} INFO - Setting next_dagrun for example_external_task_marker_child to None
[2021-12-10 08:29:08,102] {logging_mixin.py:109} INFO - [2021-12-10 08:29:08,102] {dag.py:2928} INFO - Setting next_dagrun for example_external_task_marker_parent to None
[2021-12-10 08:29:08,111] {processor.py:171} INFO - Processing /home/airflow/.local/lib/python3.7/site-packages/airflow/example_dags/example_external_task_marker_dag.py took 0.075 seconds
[2021-12-10 08:29:38,134] {processor.py:163} INFO - Started process (PID=977) to work on /home/airflow/.local/lib/python3.7/site-packages/airflow/example_dags/example_external_task_marker_dag.py
[2021-12-10 08:29:38,136] {processor.py:625} INFO - Processing file /home/airflow/.local/lib/python3.7/site-packages/airflow/example_dags/example_external_task_marker_dag.py for tasks to queue
[2021-12-10 08:29:38,137] {logging_mixin.py:109} INFO - [2021-12-10 08:29:38,137] {dagbag.py:500} INFO - Filling up the DagBag from /home/airflow/.local/lib/python3.7/site-packages/airflow/example_dags/example_external_task_marker_dag.py
[2021-12-10 08:29:38,165] {processor.py:637} INFO - DAG(s) dict_keys(['example_external_task_marker_parent', 'example_external_task_marker_child']) retrieved from /home/airflow/.local/lib/python3.7/site-packages/airflow/example_dags/example_external_task_marker_dag.py
[2021-12-10 08:29:38,179] {logging_mixin.py:109} INFO - [2021-12-10 08:29:38,179] {dag.py:2396} INFO - Sync 2 DAGs
[2021-12-10 08:29:38,197] {logging_mixin.py:109} INFO - [2021-12-10 08:29:38,197] {dag.py:2928} INFO - Setting next_dagrun for example_external_task_marker_child to None
[2021-12-10 08:29:38,197] {logging_mixin.py:109} INFO - [2021-12-10 08:29:38,197] {dag.py:2928} INFO - Setting next_dagrun for example_external_task_marker_parent to None
[2021-12-10 08:29:38,210] {processor.py:171} INFO - Processing /home/airflow/.local/lib/python3.7/site-packages/airflow/example_dags/example_external_task_marker_dag.py took 0.079 seconds
[2021-12-10 08:30:08,401] {processor.py:163} INFO - Started process (PID=1039) to work on /home/airflow/.local/lib/python3.7/site-packages/airflow/example_dags/example_external_task_marker_dag.py
[2021-12-10 08:30:08,403] {processor.py:625} INFO - Processing file /home/airflow/.local/lib/python3.7/site-packages/airflow/example_dags/example_external_task_marker_dag.py for tasks to queue
[2021-12-10 08:30:08,403] {logging_mixin.py:109} INFO - [2021-12-10 08:30:08,403] {dagbag.py:500} INFO - Filling up the DagBag from /home/airflow/.local/lib/python3.7/site-packages/airflow/example_dags/example_external_task_marker_dag.py
[2021-12-10 08:30:08,434] {processor.py:637} INFO - DAG(s) dict_keys(['example_external_task_marker_parent', 'example_external_task_marker_child']) retrieved from /home/airflow/.local/lib/python3.7/site-packages/airflow/example_dags/example_external_task_marker_dag.py
[2021-12-10 08:30:08,452] {logging_mixin.py:109} INFO - [2021-12-10 08:30:08,451] {dag.py:2396} INFO - Sync 2 DAGs
[2021-12-10 08:30:08,473] {logging_mixin.py:109} INFO - [2021-12-10 08:30:08,473] {dag.py:2928} INFO - Setting next_dagrun for example_external_task_marker_child to None
[2021-12-10 08:30:08,473] {logging_mixin.py:109} INFO - [2021-12-10 08:30:08,473] {dag.py:2928} INFO - Setting next_dagrun for example_external_task_marker_parent to None
[2021-12-10 08:30:08,485] {processor.py:171} INFO - Processing /home/airflow/.local/lib/python3.7/site-packages/airflow/example_dags/example_external_task_marker_dag.py took 0.088 seconds
[2021-12-10 08:30:38,560] {processor.py:163} INFO - Started process (PID=1092) to work on /home/airflow/.local/lib/python3.7/site-packages/airflow/example_dags/example_external_task_marker_dag.py
[2021-12-10 08:30:38,561] {processor.py:625} INFO - Processing file /home/airflow/.local/lib/python3.7/site-packages/airflow/example_dags/example_external_task_marker_dag.py for tasks to queue
[2021-12-10 08:30:38,562] {logging_mixin.py:109} INFO - [2021-12-10 08:30:38,562] {dagbag.py:500} INFO - Filling up the DagBag from /home/airflow/.local/lib/python3.7/site-packages/airflow/example_dags/example_external_task_marker_dag.py
[2021-12-10 08:30:38,589] {processor.py:637} INFO - DAG(s) dict_keys(['example_external_task_marker_parent', 'example_external_task_marker_child']) retrieved from /home/airflow/.local/lib/python3.7/site-packages/airflow/example_dags/example_external_task_marker_dag.py
[2021-12-10 08:30:38,602] {logging_mixin.py:109} INFO - [2021-12-10 08:30:38,602] {dag.py:2396} INFO - Sync 2 DAGs
[2021-12-10 08:30:38,619] {logging_mixin.py:109} INFO - [2021-12-10 08:30:38,619] {dag.py:2928} INFO - Setting next_dagrun for example_external_task_marker_child to None
[2021-12-10 08:30:38,620] {logging_mixin.py:109} INFO - [2021-12-10 08:30:38,620] {dag.py:2928} INFO - Setting next_dagrun for example_external_task_marker_parent to None
[2021-12-10 08:30:38,630] {processor.py:171} INFO - Processing /home/airflow/.local/lib/python3.7/site-packages/airflow/example_dags/example_external_task_marker_dag.py took 0.074 seconds
[2021-12-10 08:31:08,847] {processor.py:163} INFO - Started process (PID=1153) to work on /home/airflow/.local/lib/python3.7/site-packages/airflow/example_dags/example_external_task_marker_dag.py
[2021-12-10 08:31:08,849] {processor.py:625} INFO - Processing file /home/airflow/.local/lib/python3.7/site-packages/airflow/example_dags/example_external_task_marker_dag.py for tasks to queue
[2021-12-10 08:31:08,849] {logging_mixin.py:109} INFO - [2021-12-10 08:31:08,849] {dagbag.py:500} INFO - Filling up the DagBag from /home/airflow/.local/lib/python3.7/site-packages/airflow/example_dags/example_external_task_marker_dag.py
[2021-12-10 08:31:08,878] {processor.py:637} INFO - DAG(s) dict_keys(['example_external_task_marker_parent', 'example_external_task_marker_child']) retrieved from /home/airflow/.local/lib/python3.7/site-packages/airflow/example_dags/example_external_task_marker_dag.py
[2021-12-10 08:31:08,892] {logging_mixin.py:109} INFO - [2021-12-10 08:31:08,892] {dag.py:2396} INFO - Sync 2 DAGs
[2021-12-10 08:31:08,911] {logging_mixin.py:109} INFO - [2021-12-10 08:31:08,911] {dag.py:2928} INFO - Setting next_dagrun for example_external_task_marker_child to None
[2021-12-10 08:31:08,912] {logging_mixin.py:109} INFO - [2021-12-10 08:31:08,912] {dag.py:2928} INFO - Setting next_dagrun for example_external_task_marker_parent to None
[2021-12-10 08:31:08,922] {processor.py:171} INFO - Processing /home/airflow/.local/lib/python3.7/site-packages/airflow/example_dags/example_external_task_marker_dag.py took 0.078 seconds
[2021-12-10 08:31:39,064] {processor.py:163} INFO - Started process (PID=1206) to work on /home/airflow/.local/lib/python3.7/site-packages/airflow/example_dags/example_external_task_marker_dag.py
[2021-12-10 08:31:39,065] {processor.py:625} INFO - Processing file /home/airflow/.local/lib/python3.7/site-packages/airflow/example_dags/example_external_task_marker_dag.py for tasks to queue
[2021-12-10 08:31:39,066] {logging_mixin.py:109} INFO - [2021-12-10 08:31:39,066] {dagbag.py:500} INFO - Filling up the DagBag from /home/airflow/.local/lib/python3.7/site-packages/airflow/example_dags/example_external_task_marker_dag.py
[2021-12-10 08:31:39,095] {processor.py:637} INFO - DAG(s) dict_keys(['example_external_task_marker_parent', 'example_external_task_marker_child']) retrieved from /home/airflow/.local/lib/python3.7/site-packages/airflow/example_dags/example_external_task_marker_dag.py
[2021-12-10 08:31:39,107] {logging_mixin.py:109} INFO - [2021-12-10 08:31:39,107] {dag.py:2396} INFO - Sync 2 DAGs
[2021-12-10 08:31:39,124] {logging_mixin.py:109} INFO - [2021-12-10 08:31:39,124] {dag.py:2928} INFO - Setting next_dagrun for example_external_task_marker_child to None
[2021-12-10 08:31:39,124] {logging_mixin.py:109} INFO - [2021-12-10 08:31:39,124] {dag.py:2928} INFO - Setting next_dagrun for example_external_task_marker_parent to None
[2021-12-10 08:31:39,134] {processor.py:171} INFO - Processing /home/airflow/.local/lib/python3.7/site-packages/airflow/example_dags/example_external_task_marker_dag.py took 0.074 seconds
[2021-12-10 08:32:09,434] {processor.py:163} INFO - Started process (PID=1259) to work on /home/airflow/.local/lib/python3.7/site-packages/airflow/example_dags/example_external_task_marker_dag.py
[2021-12-10 08:32:09,435] {processor.py:625} INFO - Processing file /home/airflow/.local/lib/python3.7/site-packages/airflow/example_dags/example_external_task_marker_dag.py for tasks to queue
[2021-12-10 08:32:09,436] {logging_mixin.py:109} INFO - [2021-12-10 08:32:09,436] {dagbag.py:500} INFO - Filling up the DagBag from /home/airflow/.local/lib/python3.7/site-packages/airflow/example_dags/example_external_task_marker_dag.py
[2021-12-10 08:32:09,474] {processor.py:637} INFO - DAG(s) dict_keys(['example_external_task_marker_parent', 'example_external_task_marker_child']) retrieved from /home/airflow/.local/lib/python3.7/site-packages/airflow/example_dags/example_external_task_marker_dag.py
[2021-12-10 08:32:09,493] {logging_mixin.py:109} INFO - [2021-12-10 08:32:09,493] {dag.py:2396} INFO - Sync 2 DAGs
[2021-12-10 08:32:09,518] {logging_mixin.py:109} INFO - [2021-12-10 08:32:09,518] {dag.py:2928} INFO - Setting next_dagrun for example_external_task_marker_child to None
[2021-12-10 08:32:09,519] {logging_mixin.py:109} INFO - [2021-12-10 08:32:09,519] {dag.py:2928} INFO - Setting next_dagrun for example_external_task_marker_parent to None
[2021-12-10 08:32:09,531] {processor.py:171} INFO - Processing /home/airflow/.local/lib/python3.7/site-packages/airflow/example_dags/example_external_task_marker_dag.py took 0.102 seconds
[2021-12-10 08:32:39,917] {processor.py:163} INFO - Started process (PID=1321) to work on /home/airflow/.local/lib/python3.7/site-packages/airflow/example_dags/example_external_task_marker_dag.py
[2021-12-10 08:32:39,919] {processor.py:625} INFO - Processing file /home/airflow/.local/lib/python3.7/site-packages/airflow/example_dags/example_external_task_marker_dag.py for tasks to queue
[2021-12-10 08:32:39,919] {logging_mixin.py:109} INFO - [2021-12-10 08:32:39,919] {dagbag.py:500} INFO - Filling up the DagBag from /home/airflow/.local/lib/python3.7/site-packages/airflow/example_dags/example_external_task_marker_dag.py
[2021-12-10 08:32:39,946] {processor.py:637} INFO - DAG(s) dict_keys(['example_external_task_marker_parent', 'example_external_task_marker_child']) retrieved from /home/airflow/.local/lib/python3.7/site-packages/airflow/example_dags/example_external_task_marker_dag.py
[2021-12-10 08:32:39,960] {logging_mixin.py:109} INFO - [2021-12-10 08:32:39,960] {dag.py:2396} INFO - Sync 2 DAGs
[2021-12-10 08:32:39,976] {logging_mixin.py:109} INFO - [2021-12-10 08:32:39,976] {dag.py:2928} INFO - Setting next_dagrun for example_external_task_marker_child to None
[2021-12-10 08:32:39,977] {logging_mixin.py:109} INFO - [2021-12-10 08:32:39,977] {dag.py:2928} INFO - Setting next_dagrun for example_external_task_marker_parent to None
[2021-12-10 08:32:39,987] {processor.py:171} INFO - Processing /home/airflow/.local/lib/python3.7/site-packages/airflow/example_dags/example_external_task_marker_dag.py took 0.074 seconds
[2021-12-10 08:33:10,064] {processor.py:163} INFO - Started process (PID=1373) to work on /home/airflow/.local/lib/python3.7/site-packages/airflow/example_dags/example_external_task_marker_dag.py
[2021-12-10 08:33:10,066] {processor.py:625} INFO - Processing file /home/airflow/.local/lib/python3.7/site-packages/airflow/example_dags/example_external_task_marker_dag.py for tasks to queue
[2021-12-10 08:33:10,066] {logging_mixin.py:109} INFO - [2021-12-10 08:33:10,066] {dagbag.py:500} INFO - Filling up the DagBag from /home/airflow/.local/lib/python3.7/site-packages/airflow/example_dags/example_external_task_marker_dag.py
[2021-12-10 08:33:10,095] {processor.py:637} INFO - DAG(s) dict_keys(['example_external_task_marker_parent', 'example_external_task_marker_child']) retrieved from /home/airflow/.local/lib/python3.7/site-packages/airflow/example_dags/example_external_task_marker_dag.py
[2021-12-10 08:33:10,108] {logging_mixin.py:109} INFO - [2021-12-10 08:33:10,108] {dag.py:2396} INFO - Sync 2 DAGs
[2021-12-10 08:33:10,125] {logging_mixin.py:109} INFO - [2021-12-10 08:33:10,124] {dag.py:2928} INFO - Setting next_dagrun for example_external_task_marker_child to None
[2021-12-10 08:33:10,125] {logging_mixin.py:109} INFO - [2021-12-10 08:33:10,125] {dag.py:2928} INFO - Setting next_dagrun for example_external_task_marker_parent to None
[2021-12-10 08:33:10,134] {processor.py:171} INFO - Processing /home/airflow/.local/lib/python3.7/site-packages/airflow/example_dags/example_external_task_marker_dag.py took 0.073 seconds
[2021-12-10 08:33:40,257] {processor.py:163} INFO - Started process (PID=1434) to work on /home/airflow/.local/lib/python3.7/site-packages/airflow/example_dags/example_external_task_marker_dag.py
[2021-12-10 08:33:40,259] {processor.py:625} INFO - Processing file /home/airflow/.local/lib/python3.7/site-packages/airflow/example_dags/example_external_task_marker_dag.py for tasks to queue
[2021-12-10 08:33:40,259] {logging_mixin.py:109} INFO - [2021-12-10 08:33:40,259] {dagbag.py:500} INFO - Filling up the DagBag from /home/airflow/.local/lib/python3.7/site-packages/airflow/example_dags/example_external_task_marker_dag.py
[2021-12-10 08:33:40,288] {processor.py:637} INFO - DAG(s) dict_keys(['example_external_task_marker_parent', 'example_external_task_marker_child']) retrieved from /home/airflow/.local/lib/python3.7/site-packages/airflow/example_dags/example_external_task_marker_dag.py
[2021-12-10 08:33:40,303] {logging_mixin.py:109} INFO - [2021-12-10 08:33:40,303] {dag.py:2396} INFO - Sync 2 DAGs
[2021-12-10 08:33:40,319] {logging_mixin.py:109} INFO - [2021-12-10 08:33:40,319] {dag.py:2928} INFO - Setting next_dagrun for example_external_task_marker_child to None
[2021-12-10 08:33:40,319] {logging_mixin.py:109} INFO - [2021-12-10 08:33:40,319] {dag.py:2928} INFO - Setting next_dagrun for example_external_task_marker_parent to None
[2021-12-10 08:33:40,328] {processor.py:171} INFO - Processing /home/airflow/.local/lib/python3.7/site-packages/airflow/example_dags/example_external_task_marker_dag.py took 0.074 seconds
[2021-12-10 08:34:10,508] {processor.py:163} INFO - Started process (PID=1487) to work on /home/airflow/.local/lib/python3.7/site-packages/airflow/example_dags/example_external_task_marker_dag.py
[2021-12-10 08:34:10,510] {processor.py:625} INFO - Processing file /home/airflow/.local/lib/python3.7/site-packages/airflow/example_dags/example_external_task_marker_dag.py for tasks to queue
[2021-12-10 08:34:10,511] {logging_mixin.py:109} INFO - [2021-12-10 08:34:10,510] {dagbag.py:500} INFO - Filling up the DagBag from /home/airflow/.local/lib/python3.7/site-packages/airflow/example_dags/example_external_task_marker_dag.py
[2021-12-10 08:34:10,538] {processor.py:637} INFO - DAG(s) dict_keys(['example_external_task_marker_parent', 'example_external_task_marker_child']) retrieved from /home/airflow/.local/lib/python3.7/site-packages/airflow/example_dags/example_external_task_marker_dag.py
[2021-12-10 08:34:10,551] {logging_mixin.py:109} INFO - [2021-12-10 08:34:10,551] {dag.py:2396} INFO - Sync 2 DAGs
[2021-12-10 08:34:10,567] {logging_mixin.py:109} INFO - [2021-12-10 08:34:10,567] {dag.py:2928} INFO - Setting next_dagrun for example_external_task_marker_child to None
[2021-12-10 08:34:10,567] {logging_mixin.py:109} INFO - [2021-12-10 08:34:10,567] {dag.py:2928} INFO - Setting next_dagrun for example_external_task_marker_parent to None
[2021-12-10 08:34:10,578] {processor.py:171} INFO - Processing /home/airflow/.local/lib/python3.7/site-packages/airflow/example_dags/example_external_task_marker_dag.py took 0.073 seconds
[2021-12-10 08:34:40,883] {processor.py:163} INFO - Started process (PID=1539) to work on /home/airflow/.local/lib/python3.7/site-packages/airflow/example_dags/example_external_task_marker_dag.py
[2021-12-10 08:34:40,885] {processor.py:625} INFO - Processing file /home/airflow/.local/lib/python3.7/site-packages/airflow/example_dags/example_external_task_marker_dag.py for tasks to queue
[2021-12-10 08:34:40,885] {logging_mixin.py:109} INFO - [2021-12-10 08:34:40,885] {dagbag.py:500} INFO - Filling up the DagBag from /home/airflow/.local/lib/python3.7/site-packages/airflow/example_dags/example_external_task_marker_dag.py
[2021-12-10 08:34:40,916] {processor.py:637} INFO - DAG(s) dict_keys(['example_external_task_marker_parent', 'example_external_task_marker_child']) retrieved from /home/airflow/.local/lib/python3.7/site-packages/airflow/example_dags/example_external_task_marker_dag.py
[2021-12-10 08:34:40,929] {logging_mixin.py:109} INFO - [2021-12-10 08:34:40,929] {dag.py:2396} INFO - Sync 2 DAGs
[2021-12-10 08:34:40,946] {logging_mixin.py:109} INFO - [2021-12-10 08:34:40,946] {dag.py:2928} INFO - Setting next_dagrun for example_external_task_marker_child to None
[2021-12-10 08:34:40,946] {logging_mixin.py:109} INFO - [2021-12-10 08:34:40,946] {dag.py:2928} INFO - Setting next_dagrun for example_external_task_marker_parent to None
[2021-12-10 08:34:40,956] {processor.py:171} INFO - Processing /home/airflow/.local/lib/python3.7/site-packages/airflow/example_dags/example_external_task_marker_dag.py took 0.076 seconds
[2021-12-10 08:35:11,121] {processor.py:163} INFO - Started process (PID=1601) to work on /home/airflow/.local/lib/python3.7/site-packages/airflow/example_dags/example_external_task_marker_dag.py
[2021-12-10 08:35:11,125] {processor.py:625} INFO - Processing file /home/airflow/.local/lib/python3.7/site-packages/airflow/example_dags/example_external_task_marker_dag.py for tasks to queue
[2021-12-10 08:35:11,126] {logging_mixin.py:109} INFO - [2021-12-10 08:35:11,125] {dagbag.py:500} INFO - Filling up the DagBag from /home/airflow/.local/lib/python3.7/site-packages/airflow/example_dags/example_external_task_marker_dag.py
[2021-12-10 08:35:11,152] {processor.py:637} INFO - DAG(s) dict_keys(['example_external_task_marker_parent', 'example_external_task_marker_child']) retrieved from /home/airflow/.local/lib/python3.7/site-packages/airflow/example_dags/example_external_task_marker_dag.py
[2021-12-10 08:35:11,165] {logging_mixin.py:109} INFO - [2021-12-10 08:35:11,165] {dag.py:2396} INFO - Sync 2 DAGs
[2021-12-10 08:35:11,182] {logging_mixin.py:109} INFO - [2021-12-10 08:35:11,182] {dag.py:2928} INFO - Setting next_dagrun for example_external_task_marker_child to None
[2021-12-10 08:35:11,182] {logging_mixin.py:109} INFO - [2021-12-10 08:35:11,182] {dag.py:2928} INFO - Setting next_dagrun for example_external_task_marker_parent to None
[2021-12-10 08:35:11,192] {processor.py:171} INFO - Processing /home/airflow/.local/lib/python3.7/site-packages/airflow/example_dags/example_external_task_marker_dag.py took 0.074 seconds
[2021-12-10 08:35:41,696] {processor.py:163} INFO - Started process (PID=1654) to work on /home/airflow/.local/lib/python3.7/site-packages/airflow/example_dags/example_external_task_marker_dag.py
[2021-12-10 08:35:41,698] {processor.py:625} INFO - Processing file /home/airflow/.local/lib/python3.7/site-packages/airflow/example_dags/example_external_task_marker_dag.py for tasks to queue
[2021-12-10 08:35:41,698] {logging_mixin.py:109} INFO - [2021-12-10 08:35:41,698] {dagbag.py:500} INFO - Filling up the DagBag from /home/airflow/.local/lib/python3.7/site-packages/airflow/example_dags/example_external_task_marker_dag.py
[2021-12-10 08:35:41,730] {processor.py:637} INFO - DAG(s) dict_keys(['example_external_task_marker_parent', 'example_external_task_marker_child']) retrieved from /home/airflow/.local/lib/python3.7/site-packages/airflow/example_dags/example_external_task_marker_dag.py
[2021-12-10 08:35:41,749] {logging_mixin.py:109} INFO - [2021-12-10 08:35:41,749] {dag.py:2396} INFO - Sync 2 DAGs
[2021-12-10 08:35:41,773] {logging_mixin.py:109} INFO - [2021-12-10 08:35:41,772] {dag.py:2928} INFO - Setting next_dagrun for example_external_task_marker_child to None
[2021-12-10 08:35:41,773] {logging_mixin.py:109} INFO - [2021-12-10 08:35:41,773] {dag.py:2928} INFO - Setting next_dagrun for example_external_task_marker_parent to None
[2021-12-10 08:35:41,786] {processor.py:171} INFO - Processing /home/airflow/.local/lib/python3.7/site-packages/airflow/example_dags/example_external_task_marker_dag.py took 0.093 seconds
[2021-12-10 08:36:11,829] {processor.py:163} INFO - Started process (PID=1717) to work on /home/airflow/.local/lib/python3.7/site-packages/airflow/example_dags/example_external_task_marker_dag.py
[2021-12-10 08:36:11,830] {processor.py:625} INFO - Processing file /home/airflow/.local/lib/python3.7/site-packages/airflow/example_dags/example_external_task_marker_dag.py for tasks to queue
[2021-12-10 08:36:11,831] {logging_mixin.py:109} INFO - [2021-12-10 08:36:11,831] {dagbag.py:500} INFO - Filling up the DagBag from /home/airflow/.local/lib/python3.7/site-packages/airflow/example_dags/example_external_task_marker_dag.py
[2021-12-10 08:36:11,859] {processor.py:637} INFO - DAG(s) dict_keys(['example_external_task_marker_parent', 'example_external_task_marker_child']) retrieved from /home/airflow/.local/lib/python3.7/site-packages/airflow/example_dags/example_external_task_marker_dag.py
[2021-12-10 08:36:11,873] {logging_mixin.py:109} INFO - [2021-12-10 08:36:11,872] {dag.py:2396} INFO - Sync 2 DAGs
[2021-12-10 08:36:11,890] {logging_mixin.py:109} INFO - [2021-12-10 08:36:11,890] {dag.py:2928} INFO - Setting next_dagrun for example_external_task_marker_child to None
[2021-12-10 08:36:11,890] {logging_mixin.py:109} INFO - [2021-12-10 08:36:11,890] {dag.py:2928} INFO - Setting next_dagrun for example_external_task_marker_parent to None
[2021-12-10 08:36:11,900] {processor.py:171} INFO - Processing /home/airflow/.local/lib/python3.7/site-packages/airflow/example_dags/example_external_task_marker_dag.py took 0.075 seconds
[2021-12-10 08:36:42,242] {processor.py:163} INFO - Started process (PID=1768) to work on /home/airflow/.local/lib/python3.7/site-packages/airflow/example_dags/example_external_task_marker_dag.py
[2021-12-10 08:36:42,244] {processor.py:625} INFO - Processing file /home/airflow/.local/lib/python3.7/site-packages/airflow/example_dags/example_external_task_marker_dag.py for tasks to queue
[2021-12-10 08:36:42,244] {logging_mixin.py:109} INFO - [2021-12-10 08:36:42,244] {dagbag.py:500} INFO - Filling up the DagBag from /home/airflow/.local/lib/python3.7/site-packages/airflow/example_dags/example_external_task_marker_dag.py
[2021-12-10 08:36:42,271] {processor.py:637} INFO - DAG(s) dict_keys(['example_external_task_marker_parent', 'example_external_task_marker_child']) retrieved from /home/airflow/.local/lib/python3.7/site-packages/airflow/example_dags/example_external_task_marker_dag.py
[2021-12-10 08:36:42,285] {logging_mixin.py:109} INFO - [2021-12-10 08:36:42,285] {dag.py:2396} INFO - Sync 2 DAGs
[2021-12-10 08:36:42,301] {logging_mixin.py:109} INFO - [2021-12-10 08:36:42,301] {dag.py:2928} INFO - Setting next_dagrun for example_external_task_marker_child to None
[2021-12-10 08:36:42,301] {logging_mixin.py:109} INFO - [2021-12-10 08:36:42,301] {dag.py:2928} INFO - Setting next_dagrun for example_external_task_marker_parent to None
[2021-12-10 08:36:42,314] {processor.py:171} INFO - Processing /home/airflow/.local/lib/python3.7/site-packages/airflow/example_dags/example_external_task_marker_dag.py took 0.075 seconds
[2021-12-10 08:37:12,994] {processor.py:163} INFO - Started process (PID=1830) to work on /home/airflow/.local/lib/python3.7/site-packages/airflow/example_dags/example_external_task_marker_dag.py
[2021-12-10 08:37:12,996] {processor.py:625} INFO - Processing file /home/airflow/.local/lib/python3.7/site-packages/airflow/example_dags/example_external_task_marker_dag.py for tasks to queue
[2021-12-10 08:37:12,997] {logging_mixin.py:109} INFO - [2021-12-10 08:37:12,996] {dagbag.py:500} INFO - Filling up the DagBag from /home/airflow/.local/lib/python3.7/site-packages/airflow/example_dags/example_external_task_marker_dag.py
[2021-12-10 08:37:13,028] {processor.py:637} INFO - DAG(s) dict_keys(['example_external_task_marker_parent', 'example_external_task_marker_child']) retrieved from /home/airflow/.local/lib/python3.7/site-packages/airflow/example_dags/example_external_task_marker_dag.py
[2021-12-10 08:37:13,042] {logging_mixin.py:109} INFO - [2021-12-10 08:37:13,042] {dag.py:2396} INFO - Sync 2 DAGs
[2021-12-10 08:37:13,060] {logging_mixin.py:109} INFO - [2021-12-10 08:37:13,060] {dag.py:2928} INFO - Setting next_dagrun for example_external_task_marker_child to None
[2021-12-10 08:37:13,061] {logging_mixin.py:109} INFO - [2021-12-10 08:37:13,061] {dag.py:2928} INFO - Setting next_dagrun for example_external_task_marker_parent to None
[2021-12-10 08:37:13,072] {processor.py:171} INFO - Processing /home/airflow/.local/lib/python3.7/site-packages/airflow/example_dags/example_external_task_marker_dag.py took 0.081 seconds
[2021-12-10 08:37:43,286] {processor.py:163} INFO - Started process (PID=1883) to work on /home/airflow/.local/lib/python3.7/site-packages/airflow/example_dags/example_external_task_marker_dag.py
[2021-12-10 08:37:43,288] {processor.py:625} INFO - Processing file /home/airflow/.local/lib/python3.7/site-packages/airflow/example_dags/example_external_task_marker_dag.py for tasks to queue
[2021-12-10 08:37:43,289] {logging_mixin.py:109} INFO - [2021-12-10 08:37:43,289] {dagbag.py:500} INFO - Filling up the DagBag from /home/airflow/.local/lib/python3.7/site-packages/airflow/example_dags/example_external_task_marker_dag.py
[2021-12-10 08:37:43,320] {processor.py:637} INFO - DAG(s) dict_keys(['example_external_task_marker_parent', 'example_external_task_marker_child']) retrieved from /home/airflow/.local/lib/python3.7/site-packages/airflow/example_dags/example_external_task_marker_dag.py
[2021-12-10 08:37:43,333] {logging_mixin.py:109} INFO - [2021-12-10 08:37:43,333] {dag.py:2396} INFO - Sync 2 DAGs
[2021-12-10 08:37:43,350] {logging_mixin.py:109} INFO - [2021-12-10 08:37:43,350] {dag.py:2928} INFO - Setting next_dagrun for example_external_task_marker_child to None
[2021-12-10 08:37:43,351] {logging_mixin.py:109} INFO - [2021-12-10 08:37:43,351] {dag.py:2928} INFO - Setting next_dagrun for example_external_task_marker_parent to None
[2021-12-10 08:37:43,360] {processor.py:171} INFO - Processing /home/airflow/.local/lib/python3.7/site-packages/airflow/example_dags/example_external_task_marker_dag.py took 0.080 seconds
[2021-12-10 08:38:13,601] {processor.py:163} INFO - Started process (PID=1935) to work on /home/airflow/.local/lib/python3.7/site-packages/airflow/example_dags/example_external_task_marker_dag.py
[2021-12-10 08:38:13,603] {processor.py:625} INFO - Processing file /home/airflow/.local/lib/python3.7/site-packages/airflow/example_dags/example_external_task_marker_dag.py for tasks to queue
[2021-12-10 08:38:13,603] {logging_mixin.py:109} INFO - [2021-12-10 08:38:13,603] {dagbag.py:500} INFO - Filling up the DagBag from /home/airflow/.local/lib/python3.7/site-packages/airflow/example_dags/example_external_task_marker_dag.py
[2021-12-10 08:38:13,633] {processor.py:637} INFO - DAG(s) dict_keys(['example_external_task_marker_parent', 'example_external_task_marker_child']) retrieved from /home/airflow/.local/lib/python3.7/site-packages/airflow/example_dags/example_external_task_marker_dag.py
[2021-12-10 08:38:13,647] {logging_mixin.py:109} INFO - [2021-12-10 08:38:13,647] {dag.py:2396} INFO - Sync 2 DAGs
[2021-12-10 08:38:13,665] {logging_mixin.py:109} INFO - [2021-12-10 08:38:13,665] {dag.py:2928} INFO - Setting next_dagrun for example_external_task_marker_child to None
[2021-12-10 08:38:13,665] {logging_mixin.py:109} INFO - [2021-12-10 08:38:13,665] {dag.py:2928} INFO - Setting next_dagrun for example_external_task_marker_parent to None
[2021-12-10 08:38:13,675] {processor.py:171} INFO - Processing /home/airflow/.local/lib/python3.7/site-packages/airflow/example_dags/example_external_task_marker_dag.py took 0.078 seconds
[2021-12-10 08:38:43,990] {processor.py:163} INFO - Started process (PID=1996) to work on /home/airflow/.local/lib/python3.7/site-packages/airflow/example_dags/example_external_task_marker_dag.py
[2021-12-10 08:38:43,992] {processor.py:625} INFO - Processing file /home/airflow/.local/lib/python3.7/site-packages/airflow/example_dags/example_external_task_marker_dag.py for tasks to queue
[2021-12-10 08:38:43,992] {logging_mixin.py:109} INFO - [2021-12-10 08:38:43,992] {dagbag.py:500} INFO - Filling up the DagBag from /home/airflow/.local/lib/python3.7/site-packages/airflow/example_dags/example_external_task_marker_dag.py
[2021-12-10 08:38:44,024] {processor.py:637} INFO - DAG(s) dict_keys(['example_external_task_marker_parent', 'example_external_task_marker_child']) retrieved from /home/airflow/.local/lib/python3.7/site-packages/airflow/example_dags/example_external_task_marker_dag.py
[2021-12-10 08:38:44,039] {logging_mixin.py:109} INFO - [2021-12-10 08:38:44,039] {dag.py:2396} INFO - Sync 2 DAGs
[2021-12-10 08:38:44,057] {logging_mixin.py:109} INFO - [2021-12-10 08:38:44,057] {dag.py:2928} INFO - Setting next_dagrun for example_external_task_marker_child to None
[2021-12-10 08:38:44,057] {logging_mixin.py:109} INFO - [2021-12-10 08:38:44,057] {dag.py:2928} INFO - Setting next_dagrun for example_external_task_marker_parent to None
[2021-12-10 08:38:44,066] {processor.py:171} INFO - Processing /home/airflow/.local/lib/python3.7/site-packages/airflow/example_dags/example_external_task_marker_dag.py took 0.080 seconds
[2021-12-10 08:39:14,266] {processor.py:163} INFO - Started process (PID=2048) to work on /home/airflow/.local/lib/python3.7/site-packages/airflow/example_dags/example_external_task_marker_dag.py
[2021-12-10 08:39:14,268] {processor.py:625} INFO - Processing file /home/airflow/.local/lib/python3.7/site-packages/airflow/example_dags/example_external_task_marker_dag.py for tasks to queue
[2021-12-10 08:39:14,269] {logging_mixin.py:109} INFO - [2021-12-10 08:39:14,269] {dagbag.py:500} INFO - Filling up the DagBag from /home/airflow/.local/lib/python3.7/site-packages/airflow/example_dags/example_external_task_marker_dag.py
[2021-12-10 08:39:14,301] {processor.py:637} INFO - DAG(s) dict_keys(['example_external_task_marker_parent', 'example_external_task_marker_child']) retrieved from /home/airflow/.local/lib/python3.7/site-packages/airflow/example_dags/example_external_task_marker_dag.py
[2021-12-10 08:39:14,315] {logging_mixin.py:109} INFO - [2021-12-10 08:39:14,314] {dag.py:2396} INFO - Sync 2 DAGs
[2021-12-10 08:39:14,331] {logging_mixin.py:109} INFO - [2021-12-10 08:39:14,331] {dag.py:2928} INFO - Setting next_dagrun for example_external_task_marker_child to None
[2021-12-10 08:39:14,332] {logging_mixin.py:109} INFO - [2021-12-10 08:39:14,332] {dag.py:2928} INFO - Setting next_dagrun for example_external_task_marker_parent to None
[2021-12-10 08:39:14,341] {processor.py:171} INFO - Processing /home/airflow/.local/lib/python3.7/site-packages/airflow/example_dags/example_external_task_marker_dag.py took 0.079 seconds
[2021-12-10 08:39:44,416] {processor.py:163} INFO - Started process (PID=2107) to work on /home/airflow/.local/lib/python3.7/site-packages/airflow/example_dags/example_external_task_marker_dag.py
[2021-12-10 08:39:44,418] {processor.py:625} INFO - Processing file /home/airflow/.local/lib/python3.7/site-packages/airflow/example_dags/example_external_task_marker_dag.py for tasks to queue
[2021-12-10 08:39:44,419] {logging_mixin.py:109} INFO - [2021-12-10 08:39:44,419] {dagbag.py:500} INFO - Filling up the DagBag from /home/airflow/.local/lib/python3.7/site-packages/airflow/example_dags/example_external_task_marker_dag.py
[2021-12-10 08:39:44,452] {processor.py:637} INFO - DAG(s) dict_keys(['example_external_task_marker_parent', 'example_external_task_marker_child']) retrieved from /home/airflow/.local/lib/python3.7/site-packages/airflow/example_dags/example_external_task_marker_dag.py
[2021-12-10 08:39:44,466] {logging_mixin.py:109} INFO - [2021-12-10 08:39:44,466] {dag.py:2396} INFO - Sync 2 DAGs
[2021-12-10 08:39:44,484] {logging_mixin.py:109} INFO - [2021-12-10 08:39:44,484] {dag.py:2928} INFO - Setting next_dagrun for example_external_task_marker_child to None
[2021-12-10 08:39:44,484] {logging_mixin.py:109} INFO - [2021-12-10 08:39:44,484] {dag.py:2928} INFO - Setting next_dagrun for example_external_task_marker_parent to None
[2021-12-10 08:39:44,495] {processor.py:171} INFO - Processing /home/airflow/.local/lib/python3.7/site-packages/airflow/example_dags/example_external_task_marker_dag.py took 0.084 seconds
[2021-12-10 08:40:14,571] {processor.py:163} INFO - Started process (PID=2164) to work on /home/airflow/.local/lib/python3.7/site-packages/airflow/example_dags/example_external_task_marker_dag.py
[2021-12-10 08:40:14,572] {processor.py:625} INFO - Processing file /home/airflow/.local/lib/python3.7/site-packages/airflow/example_dags/example_external_task_marker_dag.py for tasks to queue
[2021-12-10 08:40:14,573] {logging_mixin.py:109} INFO - [2021-12-10 08:40:14,573] {dagbag.py:500} INFO - Filling up the DagBag from /home/airflow/.local/lib/python3.7/site-packages/airflow/example_dags/example_external_task_marker_dag.py
[2021-12-10 08:40:14,601] {processor.py:637} INFO - DAG(s) dict_keys(['example_external_task_marker_parent', 'example_external_task_marker_child']) retrieved from /home/airflow/.local/lib/python3.7/site-packages/airflow/example_dags/example_external_task_marker_dag.py
[2021-12-10 08:40:14,614] {logging_mixin.py:109} INFO - [2021-12-10 08:40:14,614] {dag.py:2396} INFO - Sync 2 DAGs
[2021-12-10 08:40:14,632] {logging_mixin.py:109} INFO - [2021-12-10 08:40:14,632] {dag.py:2928} INFO - Setting next_dagrun for example_external_task_marker_child to None
[2021-12-10 08:40:14,632] {logging_mixin.py:109} INFO - [2021-12-10 08:40:14,632] {dag.py:2928} INFO - Setting next_dagrun for example_external_task_marker_parent to None
[2021-12-10 08:40:14,642] {processor.py:171} INFO - Processing /home/airflow/.local/lib/python3.7/site-packages/airflow/example_dags/example_external_task_marker_dag.py took 0.075 seconds
[2021-12-10 08:40:44,811] {processor.py:163} INFO - Started process (PID=2215) to work on /home/airflow/.local/lib/python3.7/site-packages/airflow/example_dags/example_external_task_marker_dag.py
[2021-12-10 08:40:44,813] {processor.py:625} INFO - Processing file /home/airflow/.local/lib/python3.7/site-packages/airflow/example_dags/example_external_task_marker_dag.py for tasks to queue
[2021-12-10 08:40:44,813] {logging_mixin.py:109} INFO - [2021-12-10 08:40:44,813] {dagbag.py:500} INFO - Filling up the DagBag from /home/airflow/.local/lib/python3.7/site-packages/airflow/example_dags/example_external_task_marker_dag.py
[2021-12-10 08:40:44,843] {processor.py:637} INFO - DAG(s) dict_keys(['example_external_task_marker_parent', 'example_external_task_marker_child']) retrieved from /home/airflow/.local/lib/python3.7/site-packages/airflow/example_dags/example_external_task_marker_dag.py
[2021-12-10 08:40:44,859] {logging_mixin.py:109} INFO - [2021-12-10 08:40:44,858] {dag.py:2396} INFO - Sync 2 DAGs
[2021-12-10 08:40:44,876] {logging_mixin.py:109} INFO - [2021-12-10 08:40:44,876] {dag.py:2928} INFO - Setting next_dagrun for example_external_task_marker_child to None
[2021-12-10 08:40:44,876] {logging_mixin.py:109} INFO - [2021-12-10 08:40:44,876] {dag.py:2928} INFO - Setting next_dagrun for example_external_task_marker_parent to None
[2021-12-10 08:40:44,886] {processor.py:171} INFO - Processing /home/airflow/.local/lib/python3.7/site-packages/airflow/example_dags/example_external_task_marker_dag.py took 0.079 seconds
[2021-12-10 08:41:14,961] {processor.py:163} INFO - Started process (PID=2277) to work on /home/airflow/.local/lib/python3.7/site-packages/airflow/example_dags/example_external_task_marker_dag.py
[2021-12-10 08:41:14,962] {processor.py:625} INFO - Processing file /home/airflow/.local/lib/python3.7/site-packages/airflow/example_dags/example_external_task_marker_dag.py for tasks to queue
[2021-12-10 08:41:14,963] {logging_mixin.py:109} INFO - [2021-12-10 08:41:14,963] {dagbag.py:500} INFO - Filling up the DagBag from /home/airflow/.local/lib/python3.7/site-packages/airflow/example_dags/example_external_task_marker_dag.py
[2021-12-10 08:41:14,990] {processor.py:637} INFO - DAG(s) dict_keys(['example_external_task_marker_parent', 'example_external_task_marker_child']) retrieved from /home/airflow/.local/lib/python3.7/site-packages/airflow/example_dags/example_external_task_marker_dag.py
[2021-12-10 08:41:15,003] {logging_mixin.py:109} INFO - [2021-12-10 08:41:15,003] {dag.py:2396} INFO - Sync 2 DAGs
[2021-12-10 08:41:15,021] {logging_mixin.py:109} INFO - [2021-12-10 08:41:15,021] {dag.py:2928} INFO - Setting next_dagrun for example_external_task_marker_child to None
[2021-12-10 08:41:15,021] {logging_mixin.py:109} INFO - [2021-12-10 08:41:15,021] {dag.py:2928} INFO - Setting next_dagrun for example_external_task_marker_parent to None
[2021-12-10 08:41:15,031] {processor.py:171} INFO - Processing /home/airflow/.local/lib/python3.7/site-packages/airflow/example_dags/example_external_task_marker_dag.py took 0.074 seconds
[2021-12-10 08:41:45,427] {processor.py:163} INFO - Started process (PID=2330) to work on /home/airflow/.local/lib/python3.7/site-packages/airflow/example_dags/example_external_task_marker_dag.py
[2021-12-10 08:41:45,429] {processor.py:625} INFO - Processing file /home/airflow/.local/lib/python3.7/site-packages/airflow/example_dags/example_external_task_marker_dag.py for tasks to queue
[2021-12-10 08:41:45,429] {logging_mixin.py:109} INFO - [2021-12-10 08:41:45,429] {dagbag.py:500} INFO - Filling up the DagBag from /home/airflow/.local/lib/python3.7/site-packages/airflow/example_dags/example_external_task_marker_dag.py
[2021-12-10 08:41:45,457] {processor.py:637} INFO - DAG(s) dict_keys(['example_external_task_marker_parent', 'example_external_task_marker_child']) retrieved from /home/airflow/.local/lib/python3.7/site-packages/airflow/example_dags/example_external_task_marker_dag.py
[2021-12-10 08:41:45,471] {logging_mixin.py:109} INFO - [2021-12-10 08:41:45,471] {dag.py:2396} INFO - Sync 2 DAGs
[2021-12-10 08:41:45,488] {logging_mixin.py:109} INFO - [2021-12-10 08:41:45,488] {dag.py:2928} INFO - Setting next_dagrun for example_external_task_marker_child to None
[2021-12-10 08:41:45,488] {logging_mixin.py:109} INFO - [2021-12-10 08:41:45,488] {dag.py:2928} INFO - Setting next_dagrun for example_external_task_marker_parent to None
[2021-12-10 08:41:45,498] {processor.py:171} INFO - Processing /home/airflow/.local/lib/python3.7/site-packages/airflow/example_dags/example_external_task_marker_dag.py took 0.075 seconds
[2021-12-10 08:42:15,857] {processor.py:163} INFO - Started process (PID=2384) to work on /home/airflow/.local/lib/python3.7/site-packages/airflow/example_dags/example_external_task_marker_dag.py
[2021-12-10 08:42:15,859] {processor.py:625} INFO - Processing file /home/airflow/.local/lib/python3.7/site-packages/airflow/example_dags/example_external_task_marker_dag.py for tasks to queue
[2021-12-10 08:42:15,860] {logging_mixin.py:109} INFO - [2021-12-10 08:42:15,859] {dagbag.py:500} INFO - Filling up the DagBag from /home/airflow/.local/lib/python3.7/site-packages/airflow/example_dags/example_external_task_marker_dag.py
[2021-12-10 08:42:15,887] {processor.py:637} INFO - DAG(s) dict_keys(['example_external_task_marker_parent', 'example_external_task_marker_child']) retrieved from /home/airflow/.local/lib/python3.7/site-packages/airflow/example_dags/example_external_task_marker_dag.py
[2021-12-10 08:42:15,901] {logging_mixin.py:109} INFO - [2021-12-10 08:42:15,901] {dag.py:2396} INFO - Sync 2 DAGs
[2021-12-10 08:42:15,919] {logging_mixin.py:109} INFO - [2021-12-10 08:42:15,918] {dag.py:2928} INFO - Setting next_dagrun for example_external_task_marker_child to None
[2021-12-10 08:42:15,919] {logging_mixin.py:109} INFO - [2021-12-10 08:42:15,919] {dag.py:2928} INFO - Setting next_dagrun for example_external_task_marker_parent to None
[2021-12-10 08:42:15,929] {processor.py:171} INFO - Processing /home/airflow/.local/lib/python3.7/site-packages/airflow/example_dags/example_external_task_marker_dag.py took 0.076 seconds
[2021-12-10 08:42:46,729] {processor.py:163} INFO - Started process (PID=2445) to work on /home/airflow/.local/lib/python3.7/site-packages/airflow/example_dags/example_external_task_marker_dag.py
[2021-12-10 08:42:46,731] {processor.py:625} INFO - Processing file /home/airflow/.local/lib/python3.7/site-packages/airflow/example_dags/example_external_task_marker_dag.py for tasks to queue
[2021-12-10 08:42:46,732] {logging_mixin.py:109} INFO - [2021-12-10 08:42:46,732] {dagbag.py:500} INFO - Filling up the DagBag from /home/airflow/.local/lib/python3.7/site-packages/airflow/example_dags/example_external_task_marker_dag.py
[2021-12-10 08:42:46,761] {processor.py:637} INFO - DAG(s) dict_keys(['example_external_task_marker_parent', 'example_external_task_marker_child']) retrieved from /home/airflow/.local/lib/python3.7/site-packages/airflow/example_dags/example_external_task_marker_dag.py
[2021-12-10 08:42:46,776] {logging_mixin.py:109} INFO - [2021-12-10 08:42:46,776] {dag.py:2396} INFO - Sync 2 DAGs
[2021-12-10 08:42:46,793] {logging_mixin.py:109} INFO - [2021-12-10 08:42:46,793] {dag.py:2928} INFO - Setting next_dagrun for example_external_task_marker_child to None
[2021-12-10 08:42:46,793] {logging_mixin.py:109} INFO - [2021-12-10 08:42:46,793] {dag.py:2928} INFO - Setting next_dagrun for example_external_task_marker_parent to None
[2021-12-10 08:42:46,803] {processor.py:171} INFO - Processing /home/airflow/.local/lib/python3.7/site-packages/airflow/example_dags/example_external_task_marker_dag.py took 0.077 seconds
[2021-12-10 08:43:17,338] {processor.py:163} INFO - Started process (PID=2498) to work on /home/airflow/.local/lib/python3.7/site-packages/airflow/example_dags/example_external_task_marker_dag.py
[2021-12-10 08:43:17,345] {processor.py:625} INFO - Processing file /home/airflow/.local/lib/python3.7/site-packages/airflow/example_dags/example_external_task_marker_dag.py for tasks to queue
[2021-12-10 08:43:17,346] {logging_mixin.py:109} INFO - [2021-12-10 08:43:17,346] {dagbag.py:500} INFO - Filling up the DagBag from /home/airflow/.local/lib/python3.7/site-packages/airflow/example_dags/example_external_task_marker_dag.py
[2021-12-10 08:43:17,374] {processor.py:637} INFO - DAG(s) dict_keys(['example_external_task_marker_parent', 'example_external_task_marker_child']) retrieved from /home/airflow/.local/lib/python3.7/site-packages/airflow/example_dags/example_external_task_marker_dag.py
[2021-12-10 08:43:17,386] {logging_mixin.py:109} INFO - [2021-12-10 08:43:17,386] {dag.py:2396} INFO - Sync 2 DAGs
[2021-12-10 08:43:17,403] {logging_mixin.py:109} INFO - [2021-12-10 08:43:17,403] {dag.py:2928} INFO - Setting next_dagrun for example_external_task_marker_child to None
[2021-12-10 08:43:17,403] {logging_mixin.py:109} INFO - [2021-12-10 08:43:17,403] {dag.py:2928} INFO - Setting next_dagrun for example_external_task_marker_parent to None
[2021-12-10 08:43:17,413] {processor.py:171} INFO - Processing /home/airflow/.local/lib/python3.7/site-packages/airflow/example_dags/example_external_task_marker_dag.py took 0.078 seconds
[2021-12-10 08:43:47,454] {processor.py:163} INFO - Started process (PID=2558) to work on /home/airflow/.local/lib/python3.7/site-packages/airflow/example_dags/example_external_task_marker_dag.py
[2021-12-10 08:43:47,456] {processor.py:625} INFO - Processing file /home/airflow/.local/lib/python3.7/site-packages/airflow/example_dags/example_external_task_marker_dag.py for tasks to queue
[2021-12-10 08:43:47,456] {logging_mixin.py:109} INFO - [2021-12-10 08:43:47,456] {dagbag.py:500} INFO - Filling up the DagBag from /home/airflow/.local/lib/python3.7/site-packages/airflow/example_dags/example_external_task_marker_dag.py
[2021-12-10 08:43:47,485] {processor.py:637} INFO - DAG(s) dict_keys(['example_external_task_marker_parent', 'example_external_task_marker_child']) retrieved from /home/airflow/.local/lib/python3.7/site-packages/airflow/example_dags/example_external_task_marker_dag.py
[2021-12-10 08:43:47,500] {logging_mixin.py:109} INFO - [2021-12-10 08:43:47,500] {dag.py:2396} INFO - Sync 2 DAGs
[2021-12-10 08:43:47,519] {logging_mixin.py:109} INFO - [2021-12-10 08:43:47,519] {dag.py:2928} INFO - Setting next_dagrun for example_external_task_marker_child to None
[2021-12-10 08:43:47,520] {logging_mixin.py:109} INFO - [2021-12-10 08:43:47,520] {dag.py:2928} INFO - Setting next_dagrun for example_external_task_marker_parent to None
[2021-12-10 08:43:47,530] {processor.py:171} INFO - Processing /home/airflow/.local/lib/python3.7/site-packages/airflow/example_dags/example_external_task_marker_dag.py took 0.080 seconds
[2021-12-10 08:44:18,190] {processor.py:163} INFO - Started process (PID=2604) to work on /home/airflow/.local/lib/python3.7/site-packages/airflow/example_dags/example_external_task_marker_dag.py
[2021-12-10 08:44:18,191] {processor.py:625} INFO - Processing file /home/airflow/.local/lib/python3.7/site-packages/airflow/example_dags/example_external_task_marker_dag.py for tasks to queue
[2021-12-10 08:44:18,192] {logging_mixin.py:109} INFO - [2021-12-10 08:44:18,192] {dagbag.py:500} INFO - Filling up the DagBag from /home/airflow/.local/lib/python3.7/site-packages/airflow/example_dags/example_external_task_marker_dag.py
[2021-12-10 08:44:18,220] {processor.py:637} INFO - DAG(s) dict_keys(['example_external_task_marker_parent', 'example_external_task_marker_child']) retrieved from /home/airflow/.local/lib/python3.7/site-packages/airflow/example_dags/example_external_task_marker_dag.py
[2021-12-10 08:44:18,234] {logging_mixin.py:109} INFO - [2021-12-10 08:44:18,234] {dag.py:2396} INFO - Sync 2 DAGs
[2021-12-10 08:44:18,251] {logging_mixin.py:109} INFO - [2021-12-10 08:44:18,251] {dag.py:2928} INFO - Setting next_dagrun for example_external_task_marker_child to None
[2021-12-10 08:44:18,252] {logging_mixin.py:109} INFO - [2021-12-10 08:44:18,252] {dag.py:2928} INFO - Setting next_dagrun for example_external_task_marker_parent to None
[2021-12-10 08:44:18,261] {processor.py:171} INFO - Processing /home/airflow/.local/lib/python3.7/site-packages/airflow/example_dags/example_external_task_marker_dag.py took 0.075 seconds
[2021-12-10 08:44:48,907] {processor.py:163} INFO - Started process (PID=2667) to work on /home/airflow/.local/lib/python3.7/site-packages/airflow/example_dags/example_external_task_marker_dag.py
[2021-12-10 08:44:48,909] {processor.py:625} INFO - Processing file /home/airflow/.local/lib/python3.7/site-packages/airflow/example_dags/example_external_task_marker_dag.py for tasks to queue
[2021-12-10 08:44:48,910] {logging_mixin.py:109} INFO - [2021-12-10 08:44:48,910] {dagbag.py:500} INFO - Filling up the DagBag from /home/airflow/.local/lib/python3.7/site-packages/airflow/example_dags/example_external_task_marker_dag.py
[2021-12-10 08:44:48,940] {processor.py:637} INFO - DAG(s) dict_keys(['example_external_task_marker_parent', 'example_external_task_marker_child']) retrieved from /home/airflow/.local/lib/python3.7/site-packages/airflow/example_dags/example_external_task_marker_dag.py
[2021-12-10 08:44:48,955] {logging_mixin.py:109} INFO - [2021-12-10 08:44:48,955] {dag.py:2396} INFO - Sync 2 DAGs
[2021-12-10 08:44:48,975] {logging_mixin.py:109} INFO - [2021-12-10 08:44:48,975] {dag.py:2928} INFO - Setting next_dagrun for example_external_task_marker_child to None
[2021-12-10 08:44:48,975] {logging_mixin.py:109} INFO - [2021-12-10 08:44:48,975] {dag.py:2928} INFO - Setting next_dagrun for example_external_task_marker_parent to None
[2021-12-10 08:44:48,987] {processor.py:171} INFO - Processing /home/airflow/.local/lib/python3.7/site-packages/airflow/example_dags/example_external_task_marker_dag.py took 0.085 seconds
[2021-12-10 08:45:19,462] {processor.py:163} INFO - Started process (PID=2720) to work on /home/airflow/.local/lib/python3.7/site-packages/airflow/example_dags/example_external_task_marker_dag.py
[2021-12-10 08:45:19,464] {processor.py:625} INFO - Processing file /home/airflow/.local/lib/python3.7/site-packages/airflow/example_dags/example_external_task_marker_dag.py for tasks to queue
[2021-12-10 08:45:19,465] {logging_mixin.py:109} INFO - [2021-12-10 08:45:19,465] {dagbag.py:500} INFO - Filling up the DagBag from /home/airflow/.local/lib/python3.7/site-packages/airflow/example_dags/example_external_task_marker_dag.py
[2021-12-10 08:45:19,498] {processor.py:637} INFO - DAG(s) dict_keys(['example_external_task_marker_parent', 'example_external_task_marker_child']) retrieved from /home/airflow/.local/lib/python3.7/site-packages/airflow/example_dags/example_external_task_marker_dag.py
[2021-12-10 08:45:19,514] {logging_mixin.py:109} INFO - [2021-12-10 08:45:19,513] {dag.py:2396} INFO - Sync 2 DAGs
[2021-12-10 08:45:19,534] {logging_mixin.py:109} INFO - [2021-12-10 08:45:19,534] {dag.py:2928} INFO - Setting next_dagrun for example_external_task_marker_child to None
[2021-12-10 08:45:19,535] {logging_mixin.py:109} INFO - [2021-12-10 08:45:19,535] {dag.py:2928} INFO - Setting next_dagrun for example_external_task_marker_parent to None
[2021-12-10 08:45:19,547] {processor.py:171} INFO - Processing /home/airflow/.local/lib/python3.7/site-packages/airflow/example_dags/example_external_task_marker_dag.py took 0.090 seconds
[2021-12-10 08:45:49,876] {processor.py:163} INFO - Started process (PID=2772) to work on /home/airflow/.local/lib/python3.7/site-packages/airflow/example_dags/example_external_task_marker_dag.py
[2021-12-10 08:45:49,878] {processor.py:625} INFO - Processing file /home/airflow/.local/lib/python3.7/site-packages/airflow/example_dags/example_external_task_marker_dag.py for tasks to queue
[2021-12-10 08:45:49,879] {logging_mixin.py:109} INFO - [2021-12-10 08:45:49,879] {dagbag.py:500} INFO - Filling up the DagBag from /home/airflow/.local/lib/python3.7/site-packages/airflow/example_dags/example_external_task_marker_dag.py
[2021-12-10 08:45:49,906] {processor.py:637} INFO - DAG(s) dict_keys(['example_external_task_marker_parent', 'example_external_task_marker_child']) retrieved from /home/airflow/.local/lib/python3.7/site-packages/airflow/example_dags/example_external_task_marker_dag.py
[2021-12-10 08:45:49,921] {logging_mixin.py:109} INFO - [2021-12-10 08:45:49,921] {dag.py:2396} INFO - Sync 2 DAGs
[2021-12-10 08:45:49,939] {logging_mixin.py:109} INFO - [2021-12-10 08:45:49,939] {dag.py:2928} INFO - Setting next_dagrun for example_external_task_marker_child to None
[2021-12-10 08:45:49,939] {logging_mixin.py:109} INFO - [2021-12-10 08:45:49,939] {dag.py:2928} INFO - Setting next_dagrun for example_external_task_marker_parent to None
[2021-12-10 08:45:49,951] {processor.py:171} INFO - Processing /home/airflow/.local/lib/python3.7/site-packages/airflow/example_dags/example_external_task_marker_dag.py took 0.078 seconds
[2021-12-10 08:46:20,246] {processor.py:163} INFO - Started process (PID=2833) to work on /home/airflow/.local/lib/python3.7/site-packages/airflow/example_dags/example_external_task_marker_dag.py
[2021-12-10 08:46:20,248] {processor.py:625} INFO - Processing file /home/airflow/.local/lib/python3.7/site-packages/airflow/example_dags/example_external_task_marker_dag.py for tasks to queue
[2021-12-10 08:46:20,249] {logging_mixin.py:109} INFO - [2021-12-10 08:46:20,249] {dagbag.py:500} INFO - Filling up the DagBag from /home/airflow/.local/lib/python3.7/site-packages/airflow/example_dags/example_external_task_marker_dag.py
[2021-12-10 08:46:20,276] {processor.py:637} INFO - DAG(s) dict_keys(['example_external_task_marker_parent', 'example_external_task_marker_child']) retrieved from /home/airflow/.local/lib/python3.7/site-packages/airflow/example_dags/example_external_task_marker_dag.py
[2021-12-10 08:46:20,290] {logging_mixin.py:109} INFO - [2021-12-10 08:46:20,290] {dag.py:2396} INFO - Sync 2 DAGs
[2021-12-10 08:46:20,307] {logging_mixin.py:109} INFO - [2021-12-10 08:46:20,307] {dag.py:2928} INFO - Setting next_dagrun for example_external_task_marker_child to None
[2021-12-10 08:46:20,307] {logging_mixin.py:109} INFO - [2021-12-10 08:46:20,307] {dag.py:2928} INFO - Setting next_dagrun for example_external_task_marker_parent to None
[2021-12-10 08:46:20,424] {processor.py:171} INFO - Processing /home/airflow/.local/lib/python3.7/site-packages/airflow/example_dags/example_external_task_marker_dag.py took 0.182 seconds
[2021-12-10 08:46:50,761] {processor.py:163} INFO - Started process (PID=2885) to work on /home/airflow/.local/lib/python3.7/site-packages/airflow/example_dags/example_external_task_marker_dag.py
[2021-12-10 08:46:50,763] {processor.py:625} INFO - Processing file /home/airflow/.local/lib/python3.7/site-packages/airflow/example_dags/example_external_task_marker_dag.py for tasks to queue
[2021-12-10 08:46:50,763] {logging_mixin.py:109} INFO - [2021-12-10 08:46:50,763] {dagbag.py:500} INFO - Filling up the DagBag from /home/airflow/.local/lib/python3.7/site-packages/airflow/example_dags/example_external_task_marker_dag.py
[2021-12-10 08:46:50,792] {processor.py:637} INFO - DAG(s) dict_keys(['example_external_task_marker_parent', 'example_external_task_marker_child']) retrieved from /home/airflow/.local/lib/python3.7/site-packages/airflow/example_dags/example_external_task_marker_dag.py
[2021-12-10 08:46:50,806] {logging_mixin.py:109} INFO - [2021-12-10 08:46:50,805] {dag.py:2396} INFO - Sync 2 DAGs
[2021-12-10 08:46:50,932] {logging_mixin.py:109} INFO - [2021-12-10 08:46:50,932] {dag.py:2928} INFO - Setting next_dagrun for example_external_task_marker_child to None
[2021-12-10 08:46:50,932] {logging_mixin.py:109} INFO - [2021-12-10 08:46:50,932] {dag.py:2928} INFO - Setting next_dagrun for example_external_task_marker_parent to None
[2021-12-10 08:46:50,941] {processor.py:171} INFO - Processing /home/airflow/.local/lib/python3.7/site-packages/airflow/example_dags/example_external_task_marker_dag.py took 0.184 seconds
[2021-12-10 08:47:20,978] {processor.py:163} INFO - Started process (PID=2947) to work on /home/airflow/.local/lib/python3.7/site-packages/airflow/example_dags/example_external_task_marker_dag.py
[2021-12-10 08:47:20,980] {processor.py:625} INFO - Processing file /home/airflow/.local/lib/python3.7/site-packages/airflow/example_dags/example_external_task_marker_dag.py for tasks to queue
[2021-12-10 08:47:20,980] {logging_mixin.py:109} INFO - [2021-12-10 08:47:20,980] {dagbag.py:500} INFO - Filling up the DagBag from /home/airflow/.local/lib/python3.7/site-packages/airflow/example_dags/example_external_task_marker_dag.py
[2021-12-10 08:47:21,009] {processor.py:637} INFO - DAG(s) dict_keys(['example_external_task_marker_parent', 'example_external_task_marker_child']) retrieved from /home/airflow/.local/lib/python3.7/site-packages/airflow/example_dags/example_external_task_marker_dag.py
[2021-12-10 08:47:21,023] {logging_mixin.py:109} INFO - [2021-12-10 08:47:21,023] {dag.py:2396} INFO - Sync 2 DAGs
[2021-12-10 08:47:21,139] {logging_mixin.py:109} INFO - [2021-12-10 08:47:21,139] {dag.py:2928} INFO - Setting next_dagrun for example_external_task_marker_child to None
[2021-12-10 08:47:21,139] {logging_mixin.py:109} INFO - [2021-12-10 08:47:21,139] {dag.py:2928} INFO - Setting next_dagrun for example_external_task_marker_parent to None
[2021-12-10 08:47:21,147] {processor.py:171} INFO - Processing /home/airflow/.local/lib/python3.7/site-packages/airflow/example_dags/example_external_task_marker_dag.py took 0.173 seconds
