[2021-12-10 08:23:46,209] {processor.py:163} INFO - Started process (PID=245) to work on /home/airflow/.local/lib/python3.7/site-packages/airflow/example_dags/example_branch_day_of_week_operator.py
[2021-12-10 08:23:46,210] {processor.py:625} INFO - Processing file /home/airflow/.local/lib/python3.7/site-packages/airflow/example_dags/example_branch_day_of_week_operator.py for tasks to queue
[2021-12-10 08:23:46,211] {logging_mixin.py:109} INFO - [2021-12-10 08:23:46,211] {dagbag.py:500} INFO - Filling up the DagBag from /home/airflow/.local/lib/python3.7/site-packages/airflow/example_dags/example_branch_day_of_week_operator.py
[2021-12-10 08:23:46,245] {processor.py:637} INFO - DAG(s) dict_keys(['example_weekday_branch_operator']) retrieved from /home/airflow/.local/lib/python3.7/site-packages/airflow/example_dags/example_branch_day_of_week_operator.py
[2021-12-10 08:23:47,589] {logging_mixin.py:109} INFO - [2021-12-10 08:23:47,588] {providers_manager.py:156} WARNING - Exception when importing 'airflow.providers.google.leveldb.hooks.leveldb.LevelDBHook' from 'apache-airflow-providers-google' package: No module named 'plyvel'
[2021-12-10 08:23:48,066] {logging_mixin.py:109} INFO - [2021-12-10 08:23:48,066] {providers_manager.py:156} WARNING - Exception when importing 'airflow.providers.google.leveldb.hooks.leveldb.LevelDBHook' from 'apache-airflow-providers-google' package: No module named 'plyvel'
[2021-12-10 08:23:48,089] {logging_mixin.py:109} INFO - [2021-12-10 08:23:48,089] {manager.py:496} INFO - Created Permission View: can read on DAG:example_weekday_branch_operator
[2021-12-10 08:23:48,097] {logging_mixin.py:109} INFO - [2021-12-10 08:23:48,097] {manager.py:496} INFO - Created Permission View: can edit on DAG:example_weekday_branch_operator
[2021-12-10 08:23:48,099] {logging_mixin.py:109} INFO - [2021-12-10 08:23:48,097] {dag.py:2396} INFO - Sync 1 DAGs
[2021-12-10 08:23:48,106] {logging_mixin.py:109} INFO - [2021-12-10 08:23:48,106] {dag.py:2415} INFO - Creating ORM DAG for example_weekday_branch_operator
[2021-12-10 08:23:48,115] {logging_mixin.py:109} INFO - [2021-12-10 08:23:48,115] {dag.py:2928} INFO - Setting next_dagrun for example_weekday_branch_operator to 2021-12-09 00:00:00+00:00
[2021-12-10 08:23:48,129] {processor.py:171} INFO - Processing /home/airflow/.local/lib/python3.7/site-packages/airflow/example_dags/example_branch_day_of_week_operator.py took 1.923 seconds
[2021-12-10 08:24:19,075] {processor.py:163} INFO - Started process (PID=387) to work on /home/airflow/.local/lib/python3.7/site-packages/airflow/example_dags/example_branch_day_of_week_operator.py
[2021-12-10 08:24:19,076] {processor.py:625} INFO - Processing file /home/airflow/.local/lib/python3.7/site-packages/airflow/example_dags/example_branch_day_of_week_operator.py for tasks to queue
[2021-12-10 08:24:19,076] {logging_mixin.py:109} INFO - [2021-12-10 08:24:19,076] {dagbag.py:500} INFO - Filling up the DagBag from /home/airflow/.local/lib/python3.7/site-packages/airflow/example_dags/example_branch_day_of_week_operator.py
[2021-12-10 08:24:19,103] {processor.py:637} INFO - DAG(s) dict_keys(['example_weekday_branch_operator']) retrieved from /home/airflow/.local/lib/python3.7/site-packages/airflow/example_dags/example_branch_day_of_week_operator.py
[2021-12-10 08:24:19,113] {logging_mixin.py:109} INFO - [2021-12-10 08:24:19,113] {dag.py:2396} INFO - Sync 1 DAGs
[2021-12-10 08:24:19,130] {logging_mixin.py:109} INFO - [2021-12-10 08:24:19,130] {dag.py:2928} INFO - Setting next_dagrun for example_weekday_branch_operator to 2021-12-09 00:00:00+00:00
[2021-12-10 08:24:19,139] {processor.py:171} INFO - Processing /home/airflow/.local/lib/python3.7/site-packages/airflow/example_dags/example_branch_day_of_week_operator.py took 0.068 seconds
[2021-12-10 08:24:49,415] {processor.py:163} INFO - Started process (PID=448) to work on /home/airflow/.local/lib/python3.7/site-packages/airflow/example_dags/example_branch_day_of_week_operator.py
[2021-12-10 08:24:49,417] {processor.py:625} INFO - Processing file /home/airflow/.local/lib/python3.7/site-packages/airflow/example_dags/example_branch_day_of_week_operator.py for tasks to queue
[2021-12-10 08:24:49,418] {logging_mixin.py:109} INFO - [2021-12-10 08:24:49,418] {dagbag.py:500} INFO - Filling up the DagBag from /home/airflow/.local/lib/python3.7/site-packages/airflow/example_dags/example_branch_day_of_week_operator.py
[2021-12-10 08:24:49,451] {processor.py:637} INFO - DAG(s) dict_keys(['example_weekday_branch_operator']) retrieved from /home/airflow/.local/lib/python3.7/site-packages/airflow/example_dags/example_branch_day_of_week_operator.py
[2021-12-10 08:24:49,462] {logging_mixin.py:109} INFO - [2021-12-10 08:24:49,462] {dag.py:2396} INFO - Sync 1 DAGs
[2021-12-10 08:24:49,481] {logging_mixin.py:109} INFO - [2021-12-10 08:24:49,481] {dag.py:2928} INFO - Setting next_dagrun for example_weekday_branch_operator to 2021-12-09 00:00:00+00:00
[2021-12-10 08:24:49,490] {processor.py:171} INFO - Processing /home/airflow/.local/lib/python3.7/site-packages/airflow/example_dags/example_branch_day_of_week_operator.py took 0.078 seconds
[2021-12-10 08:25:19,835] {processor.py:163} INFO - Started process (PID=501) to work on /home/airflow/.local/lib/python3.7/site-packages/airflow/example_dags/example_branch_day_of_week_operator.py
[2021-12-10 08:25:19,836] {processor.py:625} INFO - Processing file /home/airflow/.local/lib/python3.7/site-packages/airflow/example_dags/example_branch_day_of_week_operator.py for tasks to queue
[2021-12-10 08:25:19,837] {logging_mixin.py:109} INFO - [2021-12-10 08:25:19,837] {dagbag.py:500} INFO - Filling up the DagBag from /home/airflow/.local/lib/python3.7/site-packages/airflow/example_dags/example_branch_day_of_week_operator.py
[2021-12-10 08:25:19,864] {processor.py:637} INFO - DAG(s) dict_keys(['example_weekday_branch_operator']) retrieved from /home/airflow/.local/lib/python3.7/site-packages/airflow/example_dags/example_branch_day_of_week_operator.py
[2021-12-10 08:25:19,875] {logging_mixin.py:109} INFO - [2021-12-10 08:25:19,875] {dag.py:2396} INFO - Sync 1 DAGs
[2021-12-10 08:25:19,893] {logging_mixin.py:109} INFO - [2021-12-10 08:25:19,893] {dag.py:2928} INFO - Setting next_dagrun for example_weekday_branch_operator to 2021-12-09 00:00:00+00:00
[2021-12-10 08:25:19,903] {processor.py:171} INFO - Processing /home/airflow/.local/lib/python3.7/site-packages/airflow/example_dags/example_branch_day_of_week_operator.py took 0.072 seconds
[2021-12-10 08:25:50,216] {processor.py:163} INFO - Started process (PID=554) to work on /home/airflow/.local/lib/python3.7/site-packages/airflow/example_dags/example_branch_day_of_week_operator.py
[2021-12-10 08:25:50,217] {processor.py:625} INFO - Processing file /home/airflow/.local/lib/python3.7/site-packages/airflow/example_dags/example_branch_day_of_week_operator.py for tasks to queue
[2021-12-10 08:25:50,218] {logging_mixin.py:109} INFO - [2021-12-10 08:25:50,218] {dagbag.py:500} INFO - Filling up the DagBag from /home/airflow/.local/lib/python3.7/site-packages/airflow/example_dags/example_branch_day_of_week_operator.py
[2021-12-10 08:25:50,261] {processor.py:637} INFO - DAG(s) dict_keys(['example_weekday_branch_operator']) retrieved from /home/airflow/.local/lib/python3.7/site-packages/airflow/example_dags/example_branch_day_of_week_operator.py
[2021-12-10 08:25:50,271] {logging_mixin.py:109} INFO - [2021-12-10 08:25:50,271] {dag.py:2396} INFO - Sync 1 DAGs
[2021-12-10 08:25:50,289] {logging_mixin.py:109} INFO - [2021-12-10 08:25:50,288] {dag.py:2928} INFO - Setting next_dagrun for example_weekday_branch_operator to 2021-12-09 00:00:00+00:00
[2021-12-10 08:25:50,298] {processor.py:171} INFO - Processing /home/airflow/.local/lib/python3.7/site-packages/airflow/example_dags/example_branch_day_of_week_operator.py took 0.086 seconds
[2021-12-10 08:26:20,749] {processor.py:163} INFO - Started process (PID=615) to work on /home/airflow/.local/lib/python3.7/site-packages/airflow/example_dags/example_branch_day_of_week_operator.py
[2021-12-10 08:26:20,751] {processor.py:625} INFO - Processing file /home/airflow/.local/lib/python3.7/site-packages/airflow/example_dags/example_branch_day_of_week_operator.py for tasks to queue
[2021-12-10 08:26:20,751] {logging_mixin.py:109} INFO - [2021-12-10 08:26:20,751] {dagbag.py:500} INFO - Filling up the DagBag from /home/airflow/.local/lib/python3.7/site-packages/airflow/example_dags/example_branch_day_of_week_operator.py
[2021-12-10 08:26:20,778] {processor.py:637} INFO - DAG(s) dict_keys(['example_weekday_branch_operator']) retrieved from /home/airflow/.local/lib/python3.7/site-packages/airflow/example_dags/example_branch_day_of_week_operator.py
[2021-12-10 08:26:20,787] {logging_mixin.py:109} INFO - [2021-12-10 08:26:20,787] {dag.py:2396} INFO - Sync 1 DAGs
[2021-12-10 08:26:20,805] {logging_mixin.py:109} INFO - [2021-12-10 08:26:20,804] {dag.py:2928} INFO - Setting next_dagrun for example_weekday_branch_operator to 2021-12-09 00:00:00+00:00
[2021-12-10 08:26:20,815] {processor.py:171} INFO - Processing /home/airflow/.local/lib/python3.7/site-packages/airflow/example_dags/example_branch_day_of_week_operator.py took 0.069 seconds
[2021-12-10 08:26:50,907] {processor.py:163} INFO - Started process (PID=668) to work on /home/airflow/.local/lib/python3.7/site-packages/airflow/example_dags/example_branch_day_of_week_operator.py
[2021-12-10 08:26:50,909] {processor.py:625} INFO - Processing file /home/airflow/.local/lib/python3.7/site-packages/airflow/example_dags/example_branch_day_of_week_operator.py for tasks to queue
[2021-12-10 08:26:50,909] {logging_mixin.py:109} INFO - [2021-12-10 08:26:50,909] {dagbag.py:500} INFO - Filling up the DagBag from /home/airflow/.local/lib/python3.7/site-packages/airflow/example_dags/example_branch_day_of_week_operator.py
[2021-12-10 08:26:50,940] {processor.py:637} INFO - DAG(s) dict_keys(['example_weekday_branch_operator']) retrieved from /home/airflow/.local/lib/python3.7/site-packages/airflow/example_dags/example_branch_day_of_week_operator.py
[2021-12-10 08:26:50,951] {logging_mixin.py:109} INFO - [2021-12-10 08:26:50,951] {dag.py:2396} INFO - Sync 1 DAGs
[2021-12-10 08:26:50,969] {logging_mixin.py:109} INFO - [2021-12-10 08:26:50,969] {dag.py:2928} INFO - Setting next_dagrun for example_weekday_branch_operator to 2021-12-09 00:00:00+00:00
[2021-12-10 08:26:50,979] {processor.py:171} INFO - Processing /home/airflow/.local/lib/python3.7/site-packages/airflow/example_dags/example_branch_day_of_week_operator.py took 0.075 seconds
[2021-12-10 08:27:21,261] {processor.py:163} INFO - Started process (PID=731) to work on /home/airflow/.local/lib/python3.7/site-packages/airflow/example_dags/example_branch_day_of_week_operator.py
[2021-12-10 08:27:21,262] {processor.py:625} INFO - Processing file /home/airflow/.local/lib/python3.7/site-packages/airflow/example_dags/example_branch_day_of_week_operator.py for tasks to queue
[2021-12-10 08:27:21,263] {logging_mixin.py:109} INFO - [2021-12-10 08:27:21,263] {dagbag.py:500} INFO - Filling up the DagBag from /home/airflow/.local/lib/python3.7/site-packages/airflow/example_dags/example_branch_day_of_week_operator.py
[2021-12-10 08:27:21,293] {processor.py:637} INFO - DAG(s) dict_keys(['example_weekday_branch_operator']) retrieved from /home/airflow/.local/lib/python3.7/site-packages/airflow/example_dags/example_branch_day_of_week_operator.py
[2021-12-10 08:27:21,302] {logging_mixin.py:109} INFO - [2021-12-10 08:27:21,302] {dag.py:2396} INFO - Sync 1 DAGs
[2021-12-10 08:27:21,320] {logging_mixin.py:109} INFO - [2021-12-10 08:27:21,320] {dag.py:2928} INFO - Setting next_dagrun for example_weekday_branch_operator to 2021-12-09 00:00:00+00:00
[2021-12-10 08:27:21,329] {processor.py:171} INFO - Processing /home/airflow/.local/lib/python3.7/site-packages/airflow/example_dags/example_branch_day_of_week_operator.py took 0.072 seconds
[2021-12-10 08:27:51,534] {processor.py:163} INFO - Started process (PID=784) to work on /home/airflow/.local/lib/python3.7/site-packages/airflow/example_dags/example_branch_day_of_week_operator.py
[2021-12-10 08:27:51,535] {processor.py:625} INFO - Processing file /home/airflow/.local/lib/python3.7/site-packages/airflow/example_dags/example_branch_day_of_week_operator.py for tasks to queue
[2021-12-10 08:27:51,536] {logging_mixin.py:109} INFO - [2021-12-10 08:27:51,536] {dagbag.py:500} INFO - Filling up the DagBag from /home/airflow/.local/lib/python3.7/site-packages/airflow/example_dags/example_branch_day_of_week_operator.py
[2021-12-10 08:27:51,566] {processor.py:637} INFO - DAG(s) dict_keys(['example_weekday_branch_operator']) retrieved from /home/airflow/.local/lib/python3.7/site-packages/airflow/example_dags/example_branch_day_of_week_operator.py
[2021-12-10 08:27:51,575] {logging_mixin.py:109} INFO - [2021-12-10 08:27:51,575] {dag.py:2396} INFO - Sync 1 DAGs
[2021-12-10 08:27:51,592] {logging_mixin.py:109} INFO - [2021-12-10 08:27:51,592] {dag.py:2928} INFO - Setting next_dagrun for example_weekday_branch_operator to 2021-12-09 00:00:00+00:00
[2021-12-10 08:27:51,601] {processor.py:171} INFO - Processing /home/airflow/.local/lib/python3.7/site-packages/airflow/example_dags/example_branch_day_of_week_operator.py took 0.071 seconds
[2021-12-10 08:28:22,358] {processor.py:163} INFO - Started process (PID=838) to work on /home/airflow/.local/lib/python3.7/site-packages/airflow/example_dags/example_branch_day_of_week_operator.py
[2021-12-10 08:28:22,360] {processor.py:625} INFO - Processing file /home/airflow/.local/lib/python3.7/site-packages/airflow/example_dags/example_branch_day_of_week_operator.py for tasks to queue
[2021-12-10 08:28:22,360] {logging_mixin.py:109} INFO - [2021-12-10 08:28:22,360] {dagbag.py:500} INFO - Filling up the DagBag from /home/airflow/.local/lib/python3.7/site-packages/airflow/example_dags/example_branch_day_of_week_operator.py
[2021-12-10 08:28:22,391] {processor.py:637} INFO - DAG(s) dict_keys(['example_weekday_branch_operator']) retrieved from /home/airflow/.local/lib/python3.7/site-packages/airflow/example_dags/example_branch_day_of_week_operator.py
[2021-12-10 08:28:22,402] {logging_mixin.py:109} INFO - [2021-12-10 08:28:22,402] {dag.py:2396} INFO - Sync 1 DAGs
[2021-12-10 08:28:22,421] {logging_mixin.py:109} INFO - [2021-12-10 08:28:22,421] {dag.py:2928} INFO - Setting next_dagrun for example_weekday_branch_operator to 2021-12-09 00:00:00+00:00
[2021-12-10 08:28:22,432] {processor.py:171} INFO - Processing /home/airflow/.local/lib/python3.7/site-packages/airflow/example_dags/example_branch_day_of_week_operator.py took 0.077 seconds
[2021-12-10 08:28:52,800] {processor.py:163} INFO - Started process (PID=897) to work on /home/airflow/.local/lib/python3.7/site-packages/airflow/example_dags/example_branch_day_of_week_operator.py
[2021-12-10 08:28:52,801] {processor.py:625} INFO - Processing file /home/airflow/.local/lib/python3.7/site-packages/airflow/example_dags/example_branch_day_of_week_operator.py for tasks to queue
[2021-12-10 08:28:52,802] {logging_mixin.py:109} INFO - [2021-12-10 08:28:52,801] {dagbag.py:500} INFO - Filling up the DagBag from /home/airflow/.local/lib/python3.7/site-packages/airflow/example_dags/example_branch_day_of_week_operator.py
[2021-12-10 08:28:52,833] {processor.py:637} INFO - DAG(s) dict_keys(['example_weekday_branch_operator']) retrieved from /home/airflow/.local/lib/python3.7/site-packages/airflow/example_dags/example_branch_day_of_week_operator.py
[2021-12-10 08:28:52,844] {logging_mixin.py:109} INFO - [2021-12-10 08:28:52,844] {dag.py:2396} INFO - Sync 1 DAGs
[2021-12-10 08:28:52,864] {logging_mixin.py:109} INFO - [2021-12-10 08:28:52,864] {dag.py:2928} INFO - Setting next_dagrun for example_weekday_branch_operator to 2021-12-09 00:00:00+00:00
[2021-12-10 08:28:52,873] {processor.py:171} INFO - Processing /home/airflow/.local/lib/python3.7/site-packages/airflow/example_dags/example_branch_day_of_week_operator.py took 0.079 seconds
[2021-12-10 08:29:22,910] {processor.py:163} INFO - Started process (PID=948) to work on /home/airflow/.local/lib/python3.7/site-packages/airflow/example_dags/example_branch_day_of_week_operator.py
[2021-12-10 08:29:22,911] {processor.py:625} INFO - Processing file /home/airflow/.local/lib/python3.7/site-packages/airflow/example_dags/example_branch_day_of_week_operator.py for tasks to queue
[2021-12-10 08:29:22,911] {logging_mixin.py:109} INFO - [2021-12-10 08:29:22,911] {dagbag.py:500} INFO - Filling up the DagBag from /home/airflow/.local/lib/python3.7/site-packages/airflow/example_dags/example_branch_day_of_week_operator.py
[2021-12-10 08:29:22,939] {processor.py:637} INFO - DAG(s) dict_keys(['example_weekday_branch_operator']) retrieved from /home/airflow/.local/lib/python3.7/site-packages/airflow/example_dags/example_branch_day_of_week_operator.py
[2021-12-10 08:29:22,948] {logging_mixin.py:109} INFO - [2021-12-10 08:29:22,948] {dag.py:2396} INFO - Sync 1 DAGs
[2021-12-10 08:29:22,965] {logging_mixin.py:109} INFO - [2021-12-10 08:29:22,965] {dag.py:2928} INFO - Setting next_dagrun for example_weekday_branch_operator to 2021-12-09 00:00:00+00:00
[2021-12-10 08:29:22,974] {processor.py:171} INFO - Processing /home/airflow/.local/lib/python3.7/site-packages/airflow/example_dags/example_branch_day_of_week_operator.py took 0.068 seconds
[2021-12-10 08:29:54,111] {processor.py:163} INFO - Started process (PID=1010) to work on /home/airflow/.local/lib/python3.7/site-packages/airflow/example_dags/example_branch_day_of_week_operator.py
[2021-12-10 08:29:54,113] {processor.py:625} INFO - Processing file /home/airflow/.local/lib/python3.7/site-packages/airflow/example_dags/example_branch_day_of_week_operator.py for tasks to queue
[2021-12-10 08:29:54,113] {logging_mixin.py:109} INFO - [2021-12-10 08:29:54,113] {dagbag.py:500} INFO - Filling up the DagBag from /home/airflow/.local/lib/python3.7/site-packages/airflow/example_dags/example_branch_day_of_week_operator.py
[2021-12-10 08:29:54,143] {processor.py:637} INFO - DAG(s) dict_keys(['example_weekday_branch_operator']) retrieved from /home/airflow/.local/lib/python3.7/site-packages/airflow/example_dags/example_branch_day_of_week_operator.py
[2021-12-10 08:29:54,154] {logging_mixin.py:109} INFO - [2021-12-10 08:29:54,153] {dag.py:2396} INFO - Sync 1 DAGs
[2021-12-10 08:29:54,173] {logging_mixin.py:109} INFO - [2021-12-10 08:29:54,172] {dag.py:2928} INFO - Setting next_dagrun for example_weekday_branch_operator to 2021-12-09 00:00:00+00:00
[2021-12-10 08:29:54,186] {processor.py:171} INFO - Processing /home/airflow/.local/lib/python3.7/site-packages/airflow/example_dags/example_branch_day_of_week_operator.py took 0.079 seconds
[2021-12-10 08:30:25,290] {processor.py:163} INFO - Started process (PID=1062) to work on /home/airflow/.local/lib/python3.7/site-packages/airflow/example_dags/example_branch_day_of_week_operator.py
[2021-12-10 08:30:25,292] {processor.py:625} INFO - Processing file /home/airflow/.local/lib/python3.7/site-packages/airflow/example_dags/example_branch_day_of_week_operator.py for tasks to queue
[2021-12-10 08:30:25,292] {logging_mixin.py:109} INFO - [2021-12-10 08:30:25,292] {dagbag.py:500} INFO - Filling up the DagBag from /home/airflow/.local/lib/python3.7/site-packages/airflow/example_dags/example_branch_day_of_week_operator.py
[2021-12-10 08:30:25,323] {processor.py:637} INFO - DAG(s) dict_keys(['example_weekday_branch_operator']) retrieved from /home/airflow/.local/lib/python3.7/site-packages/airflow/example_dags/example_branch_day_of_week_operator.py
[2021-12-10 08:30:25,333] {logging_mixin.py:109} INFO - [2021-12-10 08:30:25,333] {dag.py:2396} INFO - Sync 1 DAGs
[2021-12-10 08:30:25,353] {logging_mixin.py:109} INFO - [2021-12-10 08:30:25,353] {dag.py:2928} INFO - Setting next_dagrun for example_weekday_branch_operator to 2021-12-09 00:00:00+00:00
[2021-12-10 08:30:25,362] {processor.py:171} INFO - Processing /home/airflow/.local/lib/python3.7/site-packages/airflow/example_dags/example_branch_day_of_week_operator.py took 0.076 seconds
[2021-12-10 08:30:56,547] {processor.py:163} INFO - Started process (PID=1124) to work on /home/airflow/.local/lib/python3.7/site-packages/airflow/example_dags/example_branch_day_of_week_operator.py
[2021-12-10 08:30:56,548] {processor.py:625} INFO - Processing file /home/airflow/.local/lib/python3.7/site-packages/airflow/example_dags/example_branch_day_of_week_operator.py for tasks to queue
[2021-12-10 08:30:56,549] {logging_mixin.py:109} INFO - [2021-12-10 08:30:56,549] {dagbag.py:500} INFO - Filling up the DagBag from /home/airflow/.local/lib/python3.7/site-packages/airflow/example_dags/example_branch_day_of_week_operator.py
[2021-12-10 08:30:56,580] {processor.py:637} INFO - DAG(s) dict_keys(['example_weekday_branch_operator']) retrieved from /home/airflow/.local/lib/python3.7/site-packages/airflow/example_dags/example_branch_day_of_week_operator.py
[2021-12-10 08:30:56,592] {logging_mixin.py:109} INFO - [2021-12-10 08:30:56,592] {dag.py:2396} INFO - Sync 1 DAGs
[2021-12-10 08:30:56,613] {logging_mixin.py:109} INFO - [2021-12-10 08:30:56,613] {dag.py:2928} INFO - Setting next_dagrun for example_weekday_branch_operator to 2021-12-09 00:00:00+00:00
[2021-12-10 08:30:56,623] {processor.py:171} INFO - Processing /home/airflow/.local/lib/python3.7/site-packages/airflow/example_dags/example_branch_day_of_week_operator.py took 0.080 seconds
[2021-12-10 08:31:27,755] {processor.py:163} INFO - Started process (PID=1176) to work on /home/airflow/.local/lib/python3.7/site-packages/airflow/example_dags/example_branch_day_of_week_operator.py
[2021-12-10 08:31:27,756] {processor.py:625} INFO - Processing file /home/airflow/.local/lib/python3.7/site-packages/airflow/example_dags/example_branch_day_of_week_operator.py for tasks to queue
[2021-12-10 08:31:27,757] {logging_mixin.py:109} INFO - [2021-12-10 08:31:27,757] {dagbag.py:500} INFO - Filling up the DagBag from /home/airflow/.local/lib/python3.7/site-packages/airflow/example_dags/example_branch_day_of_week_operator.py
[2021-12-10 08:31:27,785] {processor.py:637} INFO - DAG(s) dict_keys(['example_weekday_branch_operator']) retrieved from /home/airflow/.local/lib/python3.7/site-packages/airflow/example_dags/example_branch_day_of_week_operator.py
[2021-12-10 08:31:27,795] {logging_mixin.py:109} INFO - [2021-12-10 08:31:27,795] {dag.py:2396} INFO - Sync 1 DAGs
[2021-12-10 08:31:27,813] {logging_mixin.py:109} INFO - [2021-12-10 08:31:27,813] {dag.py:2928} INFO - Setting next_dagrun for example_weekday_branch_operator to 2021-12-09 00:00:00+00:00
[2021-12-10 08:31:27,823] {processor.py:171} INFO - Processing /home/airflow/.local/lib/python3.7/site-packages/airflow/example_dags/example_branch_day_of_week_operator.py took 0.072 seconds
[2021-12-10 08:31:59,036] {processor.py:163} INFO - Started process (PID=1239) to work on /home/airflow/.local/lib/python3.7/site-packages/airflow/example_dags/example_branch_day_of_week_operator.py
[2021-12-10 08:31:59,037] {processor.py:625} INFO - Processing file /home/airflow/.local/lib/python3.7/site-packages/airflow/example_dags/example_branch_day_of_week_operator.py for tasks to queue
[2021-12-10 08:31:59,038] {logging_mixin.py:109} INFO - [2021-12-10 08:31:59,038] {dagbag.py:500} INFO - Filling up the DagBag from /home/airflow/.local/lib/python3.7/site-packages/airflow/example_dags/example_branch_day_of_week_operator.py
[2021-12-10 08:31:59,069] {processor.py:637} INFO - DAG(s) dict_keys(['example_weekday_branch_operator']) retrieved from /home/airflow/.local/lib/python3.7/site-packages/airflow/example_dags/example_branch_day_of_week_operator.py
[2021-12-10 08:31:59,081] {logging_mixin.py:109} INFO - [2021-12-10 08:31:59,081] {dag.py:2396} INFO - Sync 1 DAGs
[2021-12-10 08:31:59,104] {logging_mixin.py:109} INFO - [2021-12-10 08:31:59,104] {dag.py:2928} INFO - Setting next_dagrun for example_weekday_branch_operator to 2021-12-09 00:00:00+00:00
[2021-12-10 08:31:59,116] {processor.py:171} INFO - Processing /home/airflow/.local/lib/python3.7/site-packages/airflow/example_dags/example_branch_day_of_week_operator.py took 0.084 seconds
[2021-12-10 08:32:29,618] {processor.py:163} INFO - Started process (PID=1292) to work on /home/airflow/.local/lib/python3.7/site-packages/airflow/example_dags/example_branch_day_of_week_operator.py
[2021-12-10 08:32:29,620] {processor.py:625} INFO - Processing file /home/airflow/.local/lib/python3.7/site-packages/airflow/example_dags/example_branch_day_of_week_operator.py for tasks to queue
[2021-12-10 08:32:29,620] {logging_mixin.py:109} INFO - [2021-12-10 08:32:29,620] {dagbag.py:500} INFO - Filling up the DagBag from /home/airflow/.local/lib/python3.7/site-packages/airflow/example_dags/example_branch_day_of_week_operator.py
[2021-12-10 08:32:29,649] {processor.py:637} INFO - DAG(s) dict_keys(['example_weekday_branch_operator']) retrieved from /home/airflow/.local/lib/python3.7/site-packages/airflow/example_dags/example_branch_day_of_week_operator.py
[2021-12-10 08:32:29,659] {logging_mixin.py:109} INFO - [2021-12-10 08:32:29,659] {dag.py:2396} INFO - Sync 1 DAGs
[2021-12-10 08:32:29,677] {logging_mixin.py:109} INFO - [2021-12-10 08:32:29,677] {dag.py:2928} INFO - Setting next_dagrun for example_weekday_branch_operator to 2021-12-09 00:00:00+00:00
[2021-12-10 08:32:29,687] {processor.py:171} INFO - Processing /home/airflow/.local/lib/python3.7/site-packages/airflow/example_dags/example_branch_day_of_week_operator.py took 0.072 seconds
[2021-12-10 08:32:59,759] {processor.py:163} INFO - Started process (PID=1344) to work on /home/airflow/.local/lib/python3.7/site-packages/airflow/example_dags/example_branch_day_of_week_operator.py
[2021-12-10 08:32:59,761] {processor.py:625} INFO - Processing file /home/airflow/.local/lib/python3.7/site-packages/airflow/example_dags/example_branch_day_of_week_operator.py for tasks to queue
[2021-12-10 08:32:59,762] {logging_mixin.py:109} INFO - [2021-12-10 08:32:59,761] {dagbag.py:500} INFO - Filling up the DagBag from /home/airflow/.local/lib/python3.7/site-packages/airflow/example_dags/example_branch_day_of_week_operator.py
[2021-12-10 08:32:59,792] {processor.py:637} INFO - DAG(s) dict_keys(['example_weekday_branch_operator']) retrieved from /home/airflow/.local/lib/python3.7/site-packages/airflow/example_dags/example_branch_day_of_week_operator.py
[2021-12-10 08:32:59,802] {logging_mixin.py:109} INFO - [2021-12-10 08:32:59,802] {dag.py:2396} INFO - Sync 1 DAGs
[2021-12-10 08:32:59,820] {logging_mixin.py:109} INFO - [2021-12-10 08:32:59,820] {dag.py:2928} INFO - Setting next_dagrun for example_weekday_branch_operator to 2021-12-09 00:00:00+00:00
[2021-12-10 08:32:59,830] {processor.py:171} INFO - Processing /home/airflow/.local/lib/python3.7/site-packages/airflow/example_dags/example_branch_day_of_week_operator.py took 0.074 seconds
[2021-12-10 08:33:29,879] {processor.py:163} INFO - Started process (PID=1404) to work on /home/airflow/.local/lib/python3.7/site-packages/airflow/example_dags/example_branch_day_of_week_operator.py
[2021-12-10 08:33:29,881] {processor.py:625} INFO - Processing file /home/airflow/.local/lib/python3.7/site-packages/airflow/example_dags/example_branch_day_of_week_operator.py for tasks to queue
[2021-12-10 08:33:29,881] {logging_mixin.py:109} INFO - [2021-12-10 08:33:29,881] {dagbag.py:500} INFO - Filling up the DagBag from /home/airflow/.local/lib/python3.7/site-packages/airflow/example_dags/example_branch_day_of_week_operator.py
[2021-12-10 08:33:29,909] {processor.py:637} INFO - DAG(s) dict_keys(['example_weekday_branch_operator']) retrieved from /home/airflow/.local/lib/python3.7/site-packages/airflow/example_dags/example_branch_day_of_week_operator.py
[2021-12-10 08:33:29,919] {logging_mixin.py:109} INFO - [2021-12-10 08:33:29,919] {dag.py:2396} INFO - Sync 1 DAGs
[2021-12-10 08:33:29,936] {logging_mixin.py:109} INFO - [2021-12-10 08:33:29,936] {dag.py:2928} INFO - Setting next_dagrun for example_weekday_branch_operator to 2021-12-09 00:00:00+00:00
[2021-12-10 08:33:29,946] {processor.py:171} INFO - Processing /home/airflow/.local/lib/python3.7/site-packages/airflow/example_dags/example_branch_day_of_week_operator.py took 0.071 seconds
[2021-12-10 08:34:00,029] {processor.py:163} INFO - Started process (PID=1455) to work on /home/airflow/.local/lib/python3.7/site-packages/airflow/example_dags/example_branch_day_of_week_operator.py
[2021-12-10 08:34:00,031] {processor.py:625} INFO - Processing file /home/airflow/.local/lib/python3.7/site-packages/airflow/example_dags/example_branch_day_of_week_operator.py for tasks to queue
[2021-12-10 08:34:00,031] {logging_mixin.py:109} INFO - [2021-12-10 08:34:00,031] {dagbag.py:500} INFO - Filling up the DagBag from /home/airflow/.local/lib/python3.7/site-packages/airflow/example_dags/example_branch_day_of_week_operator.py
[2021-12-10 08:34:00,060] {processor.py:637} INFO - DAG(s) dict_keys(['example_weekday_branch_operator']) retrieved from /home/airflow/.local/lib/python3.7/site-packages/airflow/example_dags/example_branch_day_of_week_operator.py
[2021-12-10 08:34:00,070] {logging_mixin.py:109} INFO - [2021-12-10 08:34:00,070] {dag.py:2396} INFO - Sync 1 DAGs
[2021-12-10 08:34:00,088] {logging_mixin.py:109} INFO - [2021-12-10 08:34:00,088] {dag.py:2928} INFO - Setting next_dagrun for example_weekday_branch_operator to 2021-12-09 00:00:00+00:00
[2021-12-10 08:34:00,097] {processor.py:171} INFO - Processing /home/airflow/.local/lib/python3.7/site-packages/airflow/example_dags/example_branch_day_of_week_operator.py took 0.072 seconds
[2021-12-10 08:34:30,135] {processor.py:163} INFO - Started process (PID=1517) to work on /home/airflow/.local/lib/python3.7/site-packages/airflow/example_dags/example_branch_day_of_week_operator.py
[2021-12-10 08:34:30,136] {processor.py:625} INFO - Processing file /home/airflow/.local/lib/python3.7/site-packages/airflow/example_dags/example_branch_day_of_week_operator.py for tasks to queue
[2021-12-10 08:34:30,137] {logging_mixin.py:109} INFO - [2021-12-10 08:34:30,137] {dagbag.py:500} INFO - Filling up the DagBag from /home/airflow/.local/lib/python3.7/site-packages/airflow/example_dags/example_branch_day_of_week_operator.py
[2021-12-10 08:34:30,167] {processor.py:637} INFO - DAG(s) dict_keys(['example_weekday_branch_operator']) retrieved from /home/airflow/.local/lib/python3.7/site-packages/airflow/example_dags/example_branch_day_of_week_operator.py
[2021-12-10 08:34:30,177] {logging_mixin.py:109} INFO - [2021-12-10 08:34:30,177] {dag.py:2396} INFO - Sync 1 DAGs
[2021-12-10 08:34:30,196] {logging_mixin.py:109} INFO - [2021-12-10 08:34:30,195] {dag.py:2928} INFO - Setting next_dagrun for example_weekday_branch_operator to 2021-12-09 00:00:00+00:00
[2021-12-10 08:34:30,205] {processor.py:171} INFO - Processing /home/airflow/.local/lib/python3.7/site-packages/airflow/example_dags/example_branch_day_of_week_operator.py took 0.074 seconds
[2021-12-10 08:35:00,499] {processor.py:163} INFO - Started process (PID=1569) to work on /home/airflow/.local/lib/python3.7/site-packages/airflow/example_dags/example_branch_day_of_week_operator.py
[2021-12-10 08:35:00,500] {processor.py:625} INFO - Processing file /home/airflow/.local/lib/python3.7/site-packages/airflow/example_dags/example_branch_day_of_week_operator.py for tasks to queue
[2021-12-10 08:35:00,501] {logging_mixin.py:109} INFO - [2021-12-10 08:35:00,501] {dagbag.py:500} INFO - Filling up the DagBag from /home/airflow/.local/lib/python3.7/site-packages/airflow/example_dags/example_branch_day_of_week_operator.py
[2021-12-10 08:35:00,534] {processor.py:637} INFO - DAG(s) dict_keys(['example_weekday_branch_operator']) retrieved from /home/airflow/.local/lib/python3.7/site-packages/airflow/example_dags/example_branch_day_of_week_operator.py
[2021-12-10 08:35:00,548] {logging_mixin.py:109} INFO - [2021-12-10 08:35:00,547] {dag.py:2396} INFO - Sync 1 DAGs
[2021-12-10 08:35:00,572] {logging_mixin.py:109} INFO - [2021-12-10 08:35:00,572] {dag.py:2928} INFO - Setting next_dagrun for example_weekday_branch_operator to 2021-12-09 00:00:00+00:00
[2021-12-10 08:35:00,584] {processor.py:171} INFO - Processing /home/airflow/.local/lib/python3.7/site-packages/airflow/example_dags/example_branch_day_of_week_operator.py took 0.089 seconds
[2021-12-10 08:35:30,773] {processor.py:163} INFO - Started process (PID=1622) to work on /home/airflow/.local/lib/python3.7/site-packages/airflow/example_dags/example_branch_day_of_week_operator.py
[2021-12-10 08:35:30,775] {processor.py:625} INFO - Processing file /home/airflow/.local/lib/python3.7/site-packages/airflow/example_dags/example_branch_day_of_week_operator.py for tasks to queue
[2021-12-10 08:35:30,776] {logging_mixin.py:109} INFO - [2021-12-10 08:35:30,776] {dagbag.py:500} INFO - Filling up the DagBag from /home/airflow/.local/lib/python3.7/site-packages/airflow/example_dags/example_branch_day_of_week_operator.py
[2021-12-10 08:35:30,808] {processor.py:637} INFO - DAG(s) dict_keys(['example_weekday_branch_operator']) retrieved from /home/airflow/.local/lib/python3.7/site-packages/airflow/example_dags/example_branch_day_of_week_operator.py
[2021-12-10 08:35:30,818] {logging_mixin.py:109} INFO - [2021-12-10 08:35:30,818] {dag.py:2396} INFO - Sync 1 DAGs
[2021-12-10 08:35:30,838] {logging_mixin.py:109} INFO - [2021-12-10 08:35:30,838] {dag.py:2928} INFO - Setting next_dagrun for example_weekday_branch_operator to 2021-12-09 00:00:00+00:00
[2021-12-10 08:35:30,847] {processor.py:171} INFO - Processing /home/airflow/.local/lib/python3.7/site-packages/airflow/example_dags/example_branch_day_of_week_operator.py took 0.077 seconds
[2021-12-10 08:36:01,248] {processor.py:163} INFO - Started process (PID=1685) to work on /home/airflow/.local/lib/python3.7/site-packages/airflow/example_dags/example_branch_day_of_week_operator.py
[2021-12-10 08:36:01,249] {processor.py:625} INFO - Processing file /home/airflow/.local/lib/python3.7/site-packages/airflow/example_dags/example_branch_day_of_week_operator.py for tasks to queue
[2021-12-10 08:36:01,250] {logging_mixin.py:109} INFO - [2021-12-10 08:36:01,250] {dagbag.py:500} INFO - Filling up the DagBag from /home/airflow/.local/lib/python3.7/site-packages/airflow/example_dags/example_branch_day_of_week_operator.py
[2021-12-10 08:36:01,279] {processor.py:637} INFO - DAG(s) dict_keys(['example_weekday_branch_operator']) retrieved from /home/airflow/.local/lib/python3.7/site-packages/airflow/example_dags/example_branch_day_of_week_operator.py
[2021-12-10 08:36:01,290] {logging_mixin.py:109} INFO - [2021-12-10 08:36:01,289] {dag.py:2396} INFO - Sync 1 DAGs
[2021-12-10 08:36:01,307] {logging_mixin.py:109} INFO - [2021-12-10 08:36:01,307] {dag.py:2928} INFO - Setting next_dagrun for example_weekday_branch_operator to 2021-12-09 00:00:00+00:00
[2021-12-10 08:36:01,317] {processor.py:171} INFO - Processing /home/airflow/.local/lib/python3.7/site-packages/airflow/example_dags/example_branch_day_of_week_operator.py took 0.072 seconds
[2021-12-10 08:36:31,473] {processor.py:163} INFO - Started process (PID=1738) to work on /home/airflow/.local/lib/python3.7/site-packages/airflow/example_dags/example_branch_day_of_week_operator.py
[2021-12-10 08:36:31,474] {processor.py:625} INFO - Processing file /home/airflow/.local/lib/python3.7/site-packages/airflow/example_dags/example_branch_day_of_week_operator.py for tasks to queue
[2021-12-10 08:36:31,475] {logging_mixin.py:109} INFO - [2021-12-10 08:36:31,475] {dagbag.py:500} INFO - Filling up the DagBag from /home/airflow/.local/lib/python3.7/site-packages/airflow/example_dags/example_branch_day_of_week_operator.py
[2021-12-10 08:36:31,507] {processor.py:637} INFO - DAG(s) dict_keys(['example_weekday_branch_operator']) retrieved from /home/airflow/.local/lib/python3.7/site-packages/airflow/example_dags/example_branch_day_of_week_operator.py
[2021-12-10 08:36:31,519] {logging_mixin.py:109} INFO - [2021-12-10 08:36:31,519] {dag.py:2396} INFO - Sync 1 DAGs
[2021-12-10 08:36:31,539] {logging_mixin.py:109} INFO - [2021-12-10 08:36:31,539] {dag.py:2928} INFO - Setting next_dagrun for example_weekday_branch_operator to 2021-12-09 00:00:00+00:00
[2021-12-10 08:36:31,549] {processor.py:171} INFO - Processing /home/airflow/.local/lib/python3.7/site-packages/airflow/example_dags/example_branch_day_of_week_operator.py took 0.080 seconds
[2021-12-10 08:37:01,821] {processor.py:163} INFO - Started process (PID=1800) to work on /home/airflow/.local/lib/python3.7/site-packages/airflow/example_dags/example_branch_day_of_week_operator.py
[2021-12-10 08:37:01,822] {processor.py:625} INFO - Processing file /home/airflow/.local/lib/python3.7/site-packages/airflow/example_dags/example_branch_day_of_week_operator.py for tasks to queue
[2021-12-10 08:37:01,823] {logging_mixin.py:109} INFO - [2021-12-10 08:37:01,823] {dagbag.py:500} INFO - Filling up the DagBag from /home/airflow/.local/lib/python3.7/site-packages/airflow/example_dags/example_branch_day_of_week_operator.py
[2021-12-10 08:37:01,852] {processor.py:637} INFO - DAG(s) dict_keys(['example_weekday_branch_operator']) retrieved from /home/airflow/.local/lib/python3.7/site-packages/airflow/example_dags/example_branch_day_of_week_operator.py
[2021-12-10 08:37:01,863] {logging_mixin.py:109} INFO - [2021-12-10 08:37:01,863] {dag.py:2396} INFO - Sync 1 DAGs
[2021-12-10 08:37:01,881] {logging_mixin.py:109} INFO - [2021-12-10 08:37:01,881] {dag.py:2928} INFO - Setting next_dagrun for example_weekday_branch_operator to 2021-12-09 00:00:00+00:00
[2021-12-10 08:37:01,891] {processor.py:171} INFO - Processing /home/airflow/.local/lib/python3.7/site-packages/airflow/example_dags/example_branch_day_of_week_operator.py took 0.074 seconds
[2021-12-10 08:37:32,032] {processor.py:163} INFO - Started process (PID=1854) to work on /home/airflow/.local/lib/python3.7/site-packages/airflow/example_dags/example_branch_day_of_week_operator.py
[2021-12-10 08:37:32,034] {processor.py:625} INFO - Processing file /home/airflow/.local/lib/python3.7/site-packages/airflow/example_dags/example_branch_day_of_week_operator.py for tasks to queue
[2021-12-10 08:37:32,035] {logging_mixin.py:109} INFO - [2021-12-10 08:37:32,035] {dagbag.py:500} INFO - Filling up the DagBag from /home/airflow/.local/lib/python3.7/site-packages/airflow/example_dags/example_branch_day_of_week_operator.py
[2021-12-10 08:37:32,065] {processor.py:637} INFO - DAG(s) dict_keys(['example_weekday_branch_operator']) retrieved from /home/airflow/.local/lib/python3.7/site-packages/airflow/example_dags/example_branch_day_of_week_operator.py
[2021-12-10 08:37:32,076] {logging_mixin.py:109} INFO - [2021-12-10 08:37:32,076] {dag.py:2396} INFO - Sync 1 DAGs
[2021-12-10 08:37:32,095] {logging_mixin.py:109} INFO - [2021-12-10 08:37:32,095] {dag.py:2928} INFO - Setting next_dagrun for example_weekday_branch_operator to 2021-12-09 00:00:00+00:00
[2021-12-10 08:37:32,106] {processor.py:171} INFO - Processing /home/airflow/.local/lib/python3.7/site-packages/airflow/example_dags/example_branch_day_of_week_operator.py took 0.077 seconds
[2021-12-10 08:38:02,212] {processor.py:163} INFO - Started process (PID=1906) to work on /home/airflow/.local/lib/python3.7/site-packages/airflow/example_dags/example_branch_day_of_week_operator.py
[2021-12-10 08:38:02,213] {processor.py:625} INFO - Processing file /home/airflow/.local/lib/python3.7/site-packages/airflow/example_dags/example_branch_day_of_week_operator.py for tasks to queue
[2021-12-10 08:38:02,214] {logging_mixin.py:109} INFO - [2021-12-10 08:38:02,214] {dagbag.py:500} INFO - Filling up the DagBag from /home/airflow/.local/lib/python3.7/site-packages/airflow/example_dags/example_branch_day_of_week_operator.py
[2021-12-10 08:38:02,244] {processor.py:637} INFO - DAG(s) dict_keys(['example_weekday_branch_operator']) retrieved from /home/airflow/.local/lib/python3.7/site-packages/airflow/example_dags/example_branch_day_of_week_operator.py
[2021-12-10 08:38:02,255] {logging_mixin.py:109} INFO - [2021-12-10 08:38:02,254] {dag.py:2396} INFO - Sync 1 DAGs
[2021-12-10 08:38:02,273] {logging_mixin.py:109} INFO - [2021-12-10 08:38:02,273] {dag.py:2928} INFO - Setting next_dagrun for example_weekday_branch_operator to 2021-12-09 00:00:00+00:00
[2021-12-10 08:38:02,282] {processor.py:171} INFO - Processing /home/airflow/.local/lib/python3.7/site-packages/airflow/example_dags/example_branch_day_of_week_operator.py took 0.074 seconds
[2021-12-10 08:38:32,620] {processor.py:163} INFO - Started process (PID=1967) to work on /home/airflow/.local/lib/python3.7/site-packages/airflow/example_dags/example_branch_day_of_week_operator.py
[2021-12-10 08:38:32,621] {processor.py:625} INFO - Processing file /home/airflow/.local/lib/python3.7/site-packages/airflow/example_dags/example_branch_day_of_week_operator.py for tasks to queue
[2021-12-10 08:38:32,622] {logging_mixin.py:109} INFO - [2021-12-10 08:38:32,622] {dagbag.py:500} INFO - Filling up the DagBag from /home/airflow/.local/lib/python3.7/site-packages/airflow/example_dags/example_branch_day_of_week_operator.py
[2021-12-10 08:38:32,652] {processor.py:637} INFO - DAG(s) dict_keys(['example_weekday_branch_operator']) retrieved from /home/airflow/.local/lib/python3.7/site-packages/airflow/example_dags/example_branch_day_of_week_operator.py
[2021-12-10 08:38:32,663] {logging_mixin.py:109} INFO - [2021-12-10 08:38:32,663] {dag.py:2396} INFO - Sync 1 DAGs
[2021-12-10 08:38:32,681] {logging_mixin.py:109} INFO - [2021-12-10 08:38:32,681] {dag.py:2928} INFO - Setting next_dagrun for example_weekday_branch_operator to 2021-12-09 00:00:00+00:00
[2021-12-10 08:38:32,691] {processor.py:171} INFO - Processing /home/airflow/.local/lib/python3.7/site-packages/airflow/example_dags/example_branch_day_of_week_operator.py took 0.075 seconds
[2021-12-10 08:39:02,934] {processor.py:163} INFO - Started process (PID=2019) to work on /home/airflow/.local/lib/python3.7/site-packages/airflow/example_dags/example_branch_day_of_week_operator.py
[2021-12-10 08:39:02,935] {processor.py:625} INFO - Processing file /home/airflow/.local/lib/python3.7/site-packages/airflow/example_dags/example_branch_day_of_week_operator.py for tasks to queue
[2021-12-10 08:39:02,936] {logging_mixin.py:109} INFO - [2021-12-10 08:39:02,936] {dagbag.py:500} INFO - Filling up the DagBag from /home/airflow/.local/lib/python3.7/site-packages/airflow/example_dags/example_branch_day_of_week_operator.py
[2021-12-10 08:39:02,967] {processor.py:637} INFO - DAG(s) dict_keys(['example_weekday_branch_operator']) retrieved from /home/airflow/.local/lib/python3.7/site-packages/airflow/example_dags/example_branch_day_of_week_operator.py
[2021-12-10 08:39:02,980] {logging_mixin.py:109} INFO - [2021-12-10 08:39:02,979] {dag.py:2396} INFO - Sync 1 DAGs
[2021-12-10 08:39:03,002] {logging_mixin.py:109} INFO - [2021-12-10 08:39:03,002] {dag.py:2928} INFO - Setting next_dagrun for example_weekday_branch_operator to 2021-12-09 00:00:00+00:00
[2021-12-10 08:39:03,012] {processor.py:171} INFO - Processing /home/airflow/.local/lib/python3.7/site-packages/airflow/example_dags/example_branch_day_of_week_operator.py took 0.082 seconds
[2021-12-10 08:39:33,216] {processor.py:163} INFO - Started process (PID=2081) to work on /home/airflow/.local/lib/python3.7/site-packages/airflow/example_dags/example_branch_day_of_week_operator.py
[2021-12-10 08:39:33,217] {processor.py:625} INFO - Processing file /home/airflow/.local/lib/python3.7/site-packages/airflow/example_dags/example_branch_day_of_week_operator.py for tasks to queue
[2021-12-10 08:39:33,218] {logging_mixin.py:109} INFO - [2021-12-10 08:39:33,218] {dagbag.py:500} INFO - Filling up the DagBag from /home/airflow/.local/lib/python3.7/site-packages/airflow/example_dags/example_branch_day_of_week_operator.py
[2021-12-10 08:39:33,250] {processor.py:637} INFO - DAG(s) dict_keys(['example_weekday_branch_operator']) retrieved from /home/airflow/.local/lib/python3.7/site-packages/airflow/example_dags/example_branch_day_of_week_operator.py
[2021-12-10 08:39:33,261] {logging_mixin.py:109} INFO - [2021-12-10 08:39:33,261] {dag.py:2396} INFO - Sync 1 DAGs
[2021-12-10 08:39:33,282] {logging_mixin.py:109} INFO - [2021-12-10 08:39:33,282] {dag.py:2928} INFO - Setting next_dagrun for example_weekday_branch_operator to 2021-12-09 00:00:00+00:00
[2021-12-10 08:39:33,293] {processor.py:171} INFO - Processing /home/airflow/.local/lib/python3.7/site-packages/airflow/example_dags/example_branch_day_of_week_operator.py took 0.081 seconds
[2021-12-10 08:40:03,345] {processor.py:163} INFO - Started process (PID=2135) to work on /home/airflow/.local/lib/python3.7/site-packages/airflow/example_dags/example_branch_day_of_week_operator.py
[2021-12-10 08:40:03,346] {processor.py:625} INFO - Processing file /home/airflow/.local/lib/python3.7/site-packages/airflow/example_dags/example_branch_day_of_week_operator.py for tasks to queue
[2021-12-10 08:40:03,347] {logging_mixin.py:109} INFO - [2021-12-10 08:40:03,347] {dagbag.py:500} INFO - Filling up the DagBag from /home/airflow/.local/lib/python3.7/site-packages/airflow/example_dags/example_branch_day_of_week_operator.py
[2021-12-10 08:40:03,380] {processor.py:637} INFO - DAG(s) dict_keys(['example_weekday_branch_operator']) retrieved from /home/airflow/.local/lib/python3.7/site-packages/airflow/example_dags/example_branch_day_of_week_operator.py
[2021-12-10 08:40:03,389] {logging_mixin.py:109} INFO - [2021-12-10 08:40:03,389] {dag.py:2396} INFO - Sync 1 DAGs
[2021-12-10 08:40:03,407] {logging_mixin.py:109} INFO - [2021-12-10 08:40:03,407] {dag.py:2928} INFO - Setting next_dagrun for example_weekday_branch_operator to 2021-12-09 00:00:00+00:00
[2021-12-10 08:40:03,425] {processor.py:171} INFO - Processing /home/airflow/.local/lib/python3.7/site-packages/airflow/example_dags/example_branch_day_of_week_operator.py took 0.084 seconds
[2021-12-10 08:40:33,546] {processor.py:163} INFO - Started process (PID=2187) to work on /home/airflow/.local/lib/python3.7/site-packages/airflow/example_dags/example_branch_day_of_week_operator.py
[2021-12-10 08:40:33,548] {processor.py:625} INFO - Processing file /home/airflow/.local/lib/python3.7/site-packages/airflow/example_dags/example_branch_day_of_week_operator.py for tasks to queue
[2021-12-10 08:40:33,549] {logging_mixin.py:109} INFO - [2021-12-10 08:40:33,549] {dagbag.py:500} INFO - Filling up the DagBag from /home/airflow/.local/lib/python3.7/site-packages/airflow/example_dags/example_branch_day_of_week_operator.py
[2021-12-10 08:40:33,602] {processor.py:637} INFO - DAG(s) dict_keys(['example_weekday_branch_operator']) retrieved from /home/airflow/.local/lib/python3.7/site-packages/airflow/example_dags/example_branch_day_of_week_operator.py
[2021-12-10 08:40:33,614] {logging_mixin.py:109} INFO - [2021-12-10 08:40:33,614] {dag.py:2396} INFO - Sync 1 DAGs
[2021-12-10 08:40:33,635] {logging_mixin.py:109} INFO - [2021-12-10 08:40:33,635] {dag.py:2928} INFO - Setting next_dagrun for example_weekday_branch_operator to 2021-12-09 00:00:00+00:00
[2021-12-10 08:40:33,646] {processor.py:171} INFO - Processing /home/airflow/.local/lib/python3.7/site-packages/airflow/example_dags/example_branch_day_of_week_operator.py took 0.104 seconds
[2021-12-10 08:41:03,900] {processor.py:163} INFO - Started process (PID=2249) to work on /home/airflow/.local/lib/python3.7/site-packages/airflow/example_dags/example_branch_day_of_week_operator.py
[2021-12-10 08:41:03,901] {processor.py:625} INFO - Processing file /home/airflow/.local/lib/python3.7/site-packages/airflow/example_dags/example_branch_day_of_week_operator.py for tasks to queue
[2021-12-10 08:41:03,902] {logging_mixin.py:109} INFO - [2021-12-10 08:41:03,902] {dagbag.py:500} INFO - Filling up the DagBag from /home/airflow/.local/lib/python3.7/site-packages/airflow/example_dags/example_branch_day_of_week_operator.py
[2021-12-10 08:41:03,930] {processor.py:637} INFO - DAG(s) dict_keys(['example_weekday_branch_operator']) retrieved from /home/airflow/.local/lib/python3.7/site-packages/airflow/example_dags/example_branch_day_of_week_operator.py
[2021-12-10 08:41:03,940] {logging_mixin.py:109} INFO - [2021-12-10 08:41:03,940] {dag.py:2396} INFO - Sync 1 DAGs
[2021-12-10 08:41:03,957] {logging_mixin.py:109} INFO - [2021-12-10 08:41:03,957] {dag.py:2928} INFO - Setting next_dagrun for example_weekday_branch_operator to 2021-12-09 00:00:00+00:00
[2021-12-10 08:41:03,967] {processor.py:171} INFO - Processing /home/airflow/.local/lib/python3.7/site-packages/airflow/example_dags/example_branch_day_of_week_operator.py took 0.071 seconds
[2021-12-10 08:41:34,013] {processor.py:163} INFO - Started process (PID=2301) to work on /home/airflow/.local/lib/python3.7/site-packages/airflow/example_dags/example_branch_day_of_week_operator.py
[2021-12-10 08:41:34,015] {processor.py:625} INFO - Processing file /home/airflow/.local/lib/python3.7/site-packages/airflow/example_dags/example_branch_day_of_week_operator.py for tasks to queue
[2021-12-10 08:41:34,016] {logging_mixin.py:109} INFO - [2021-12-10 08:41:34,016] {dagbag.py:500} INFO - Filling up the DagBag from /home/airflow/.local/lib/python3.7/site-packages/airflow/example_dags/example_branch_day_of_week_operator.py
[2021-12-10 08:41:34,048] {processor.py:637} INFO - DAG(s) dict_keys(['example_weekday_branch_operator']) retrieved from /home/airflow/.local/lib/python3.7/site-packages/airflow/example_dags/example_branch_day_of_week_operator.py
[2021-12-10 08:41:34,058] {logging_mixin.py:109} INFO - [2021-12-10 08:41:34,058] {dag.py:2396} INFO - Sync 1 DAGs
[2021-12-10 08:41:34,077] {logging_mixin.py:109} INFO - [2021-12-10 08:41:34,077] {dag.py:2928} INFO - Setting next_dagrun for example_weekday_branch_operator to 2021-12-09 00:00:00+00:00
[2021-12-10 08:41:34,087] {processor.py:171} INFO - Processing /home/airflow/.local/lib/python3.7/site-packages/airflow/example_dags/example_branch_day_of_week_operator.py took 0.077 seconds
[2021-12-10 08:42:04,474] {processor.py:163} INFO - Started process (PID=2365) to work on /home/airflow/.local/lib/python3.7/site-packages/airflow/example_dags/example_branch_day_of_week_operator.py
[2021-12-10 08:42:04,476] {processor.py:625} INFO - Processing file /home/airflow/.local/lib/python3.7/site-packages/airflow/example_dags/example_branch_day_of_week_operator.py for tasks to queue
[2021-12-10 08:42:04,476] {logging_mixin.py:109} INFO - [2021-12-10 08:42:04,476] {dagbag.py:500} INFO - Filling up the DagBag from /home/airflow/.local/lib/python3.7/site-packages/airflow/example_dags/example_branch_day_of_week_operator.py
[2021-12-10 08:42:04,505] {processor.py:637} INFO - DAG(s) dict_keys(['example_weekday_branch_operator']) retrieved from /home/airflow/.local/lib/python3.7/site-packages/airflow/example_dags/example_branch_day_of_week_operator.py
[2021-12-10 08:42:04,515] {logging_mixin.py:109} INFO - [2021-12-10 08:42:04,515] {dag.py:2396} INFO - Sync 1 DAGs
[2021-12-10 08:42:04,532] {logging_mixin.py:109} INFO - [2021-12-10 08:42:04,532] {dag.py:2928} INFO - Setting next_dagrun for example_weekday_branch_operator to 2021-12-09 00:00:00+00:00
[2021-12-10 08:42:04,541] {processor.py:171} INFO - Processing /home/airflow/.local/lib/python3.7/site-packages/airflow/example_dags/example_branch_day_of_week_operator.py took 0.071 seconds
[2021-12-10 08:42:34,572] {processor.py:163} INFO - Started process (PID=2417) to work on /home/airflow/.local/lib/python3.7/site-packages/airflow/example_dags/example_branch_day_of_week_operator.py
[2021-12-10 08:42:34,573] {processor.py:625} INFO - Processing file /home/airflow/.local/lib/python3.7/site-packages/airflow/example_dags/example_branch_day_of_week_operator.py for tasks to queue
[2021-12-10 08:42:34,574] {logging_mixin.py:109} INFO - [2021-12-10 08:42:34,574] {dagbag.py:500} INFO - Filling up the DagBag from /home/airflow/.local/lib/python3.7/site-packages/airflow/example_dags/example_branch_day_of_week_operator.py
[2021-12-10 08:42:34,606] {processor.py:637} INFO - DAG(s) dict_keys(['example_weekday_branch_operator']) retrieved from /home/airflow/.local/lib/python3.7/site-packages/airflow/example_dags/example_branch_day_of_week_operator.py
[2021-12-10 08:42:34,619] {logging_mixin.py:109} INFO - [2021-12-10 08:42:34,619] {dag.py:2396} INFO - Sync 1 DAGs
[2021-12-10 08:42:34,641] {logging_mixin.py:109} INFO - [2021-12-10 08:42:34,640] {dag.py:2928} INFO - Setting next_dagrun for example_weekday_branch_operator to 2021-12-09 00:00:00+00:00
[2021-12-10 08:42:34,652] {processor.py:171} INFO - Processing /home/airflow/.local/lib/python3.7/site-packages/airflow/example_dags/example_branch_day_of_week_operator.py took 0.084 seconds
[2021-12-10 08:43:04,930] {processor.py:163} INFO - Started process (PID=2470) to work on /home/airflow/.local/lib/python3.7/site-packages/airflow/example_dags/example_branch_day_of_week_operator.py
[2021-12-10 08:43:04,934] {processor.py:625} INFO - Processing file /home/airflow/.local/lib/python3.7/site-packages/airflow/example_dags/example_branch_day_of_week_operator.py for tasks to queue
[2021-12-10 08:43:04,934] {logging_mixin.py:109} INFO - [2021-12-10 08:43:04,934] {dagbag.py:500} INFO - Filling up the DagBag from /home/airflow/.local/lib/python3.7/site-packages/airflow/example_dags/example_branch_day_of_week_operator.py
[2021-12-10 08:43:04,964] {processor.py:637} INFO - DAG(s) dict_keys(['example_weekday_branch_operator']) retrieved from /home/airflow/.local/lib/python3.7/site-packages/airflow/example_dags/example_branch_day_of_week_operator.py
[2021-12-10 08:43:04,974] {logging_mixin.py:109} INFO - [2021-12-10 08:43:04,974] {dag.py:2396} INFO - Sync 1 DAGs
[2021-12-10 08:43:04,993] {logging_mixin.py:109} INFO - [2021-12-10 08:43:04,993] {dag.py:2928} INFO - Setting next_dagrun for example_weekday_branch_operator to 2021-12-09 00:00:00+00:00
[2021-12-10 08:43:05,004] {processor.py:171} INFO - Processing /home/airflow/.local/lib/python3.7/site-packages/airflow/example_dags/example_branch_day_of_week_operator.py took 0.077 seconds
[2021-12-10 08:43:35,339] {processor.py:163} INFO - Started process (PID=2530) to work on /home/airflow/.local/lib/python3.7/site-packages/airflow/example_dags/example_branch_day_of_week_operator.py
[2021-12-10 08:43:35,341] {processor.py:625} INFO - Processing file /home/airflow/.local/lib/python3.7/site-packages/airflow/example_dags/example_branch_day_of_week_operator.py for tasks to queue
[2021-12-10 08:43:35,341] {logging_mixin.py:109} INFO - [2021-12-10 08:43:35,341] {dagbag.py:500} INFO - Filling up the DagBag from /home/airflow/.local/lib/python3.7/site-packages/airflow/example_dags/example_branch_day_of_week_operator.py
[2021-12-10 08:43:35,370] {processor.py:637} INFO - DAG(s) dict_keys(['example_weekday_branch_operator']) retrieved from /home/airflow/.local/lib/python3.7/site-packages/airflow/example_dags/example_branch_day_of_week_operator.py
[2021-12-10 08:43:35,380] {logging_mixin.py:109} INFO - [2021-12-10 08:43:35,380] {dag.py:2396} INFO - Sync 1 DAGs
[2021-12-10 08:43:35,397] {logging_mixin.py:109} INFO - [2021-12-10 08:43:35,397] {dag.py:2928} INFO - Setting next_dagrun for example_weekday_branch_operator to 2021-12-09 00:00:00+00:00
[2021-12-10 08:43:35,410] {processor.py:171} INFO - Processing /home/airflow/.local/lib/python3.7/site-packages/airflow/example_dags/example_branch_day_of_week_operator.py took 0.075 seconds
[2021-12-10 08:44:05,671] {processor.py:163} INFO - Started process (PID=2582) to work on /home/airflow/.local/lib/python3.7/site-packages/airflow/example_dags/example_branch_day_of_week_operator.py
[2021-12-10 08:44:05,672] {processor.py:625} INFO - Processing file /home/airflow/.local/lib/python3.7/site-packages/airflow/example_dags/example_branch_day_of_week_operator.py for tasks to queue
[2021-12-10 08:44:05,673] {logging_mixin.py:109} INFO - [2021-12-10 08:44:05,673] {dagbag.py:500} INFO - Filling up the DagBag from /home/airflow/.local/lib/python3.7/site-packages/airflow/example_dags/example_branch_day_of_week_operator.py
[2021-12-10 08:44:05,703] {processor.py:637} INFO - DAG(s) dict_keys(['example_weekday_branch_operator']) retrieved from /home/airflow/.local/lib/python3.7/site-packages/airflow/example_dags/example_branch_day_of_week_operator.py
[2021-12-10 08:44:05,713] {logging_mixin.py:109} INFO - [2021-12-10 08:44:05,713] {dag.py:2396} INFO - Sync 1 DAGs
[2021-12-10 08:44:05,734] {logging_mixin.py:109} INFO - [2021-12-10 08:44:05,734] {dag.py:2928} INFO - Setting next_dagrun for example_weekday_branch_operator to 2021-12-09 00:00:00+00:00
[2021-12-10 08:44:05,745] {processor.py:171} INFO - Processing /home/airflow/.local/lib/python3.7/site-packages/airflow/example_dags/example_branch_day_of_week_operator.py took 0.078 seconds
[2021-12-10 08:44:36,205] {processor.py:163} INFO - Started process (PID=2645) to work on /home/airflow/.local/lib/python3.7/site-packages/airflow/example_dags/example_branch_day_of_week_operator.py
[2021-12-10 08:44:36,206] {processor.py:625} INFO - Processing file /home/airflow/.local/lib/python3.7/site-packages/airflow/example_dags/example_branch_day_of_week_operator.py for tasks to queue
[2021-12-10 08:44:36,207] {logging_mixin.py:109} INFO - [2021-12-10 08:44:36,207] {dagbag.py:500} INFO - Filling up the DagBag from /home/airflow/.local/lib/python3.7/site-packages/airflow/example_dags/example_branch_day_of_week_operator.py
[2021-12-10 08:44:36,238] {processor.py:637} INFO - DAG(s) dict_keys(['example_weekday_branch_operator']) retrieved from /home/airflow/.local/lib/python3.7/site-packages/airflow/example_dags/example_branch_day_of_week_operator.py
[2021-12-10 08:44:36,249] {logging_mixin.py:109} INFO - [2021-12-10 08:44:36,249] {dag.py:2396} INFO - Sync 1 DAGs
[2021-12-10 08:44:36,268] {logging_mixin.py:109} INFO - [2021-12-10 08:44:36,268] {dag.py:2928} INFO - Setting next_dagrun for example_weekday_branch_operator to 2021-12-09 00:00:00+00:00
[2021-12-10 08:44:36,278] {processor.py:171} INFO - Processing /home/airflow/.local/lib/python3.7/site-packages/airflow/example_dags/example_branch_day_of_week_operator.py took 0.077 seconds
[2021-12-10 08:45:06,825] {processor.py:163} INFO - Started process (PID=2697) to work on /home/airflow/.local/lib/python3.7/site-packages/airflow/example_dags/example_branch_day_of_week_operator.py
[2021-12-10 08:45:06,827] {processor.py:625} INFO - Processing file /home/airflow/.local/lib/python3.7/site-packages/airflow/example_dags/example_branch_day_of_week_operator.py for tasks to queue
[2021-12-10 08:45:06,828] {logging_mixin.py:109} INFO - [2021-12-10 08:45:06,827] {dagbag.py:500} INFO - Filling up the DagBag from /home/airflow/.local/lib/python3.7/site-packages/airflow/example_dags/example_branch_day_of_week_operator.py
[2021-12-10 08:45:06,857] {processor.py:637} INFO - DAG(s) dict_keys(['example_weekday_branch_operator']) retrieved from /home/airflow/.local/lib/python3.7/site-packages/airflow/example_dags/example_branch_day_of_week_operator.py
[2021-12-10 08:45:06,868] {logging_mixin.py:109} INFO - [2021-12-10 08:45:06,868] {dag.py:2396} INFO - Sync 1 DAGs
[2021-12-10 08:45:06,890] {logging_mixin.py:109} INFO - [2021-12-10 08:45:06,890] {dag.py:2928} INFO - Setting next_dagrun for example_weekday_branch_operator to 2021-12-09 00:00:00+00:00
[2021-12-10 08:45:06,901] {processor.py:171} INFO - Processing /home/airflow/.local/lib/python3.7/site-packages/airflow/example_dags/example_branch_day_of_week_operator.py took 0.081 seconds
[2021-12-10 08:45:37,142] {processor.py:163} INFO - Started process (PID=2750) to work on /home/airflow/.local/lib/python3.7/site-packages/airflow/example_dags/example_branch_day_of_week_operator.py
[2021-12-10 08:45:37,144] {processor.py:625} INFO - Processing file /home/airflow/.local/lib/python3.7/site-packages/airflow/example_dags/example_branch_day_of_week_operator.py for tasks to queue
[2021-12-10 08:45:37,144] {logging_mixin.py:109} INFO - [2021-12-10 08:45:37,144] {dagbag.py:500} INFO - Filling up the DagBag from /home/airflow/.local/lib/python3.7/site-packages/airflow/example_dags/example_branch_day_of_week_operator.py
[2021-12-10 08:45:37,177] {processor.py:637} INFO - DAG(s) dict_keys(['example_weekday_branch_operator']) retrieved from /home/airflow/.local/lib/python3.7/site-packages/airflow/example_dags/example_branch_day_of_week_operator.py
[2021-12-10 08:45:37,187] {logging_mixin.py:109} INFO - [2021-12-10 08:45:37,187] {dag.py:2396} INFO - Sync 1 DAGs
[2021-12-10 08:45:37,210] {logging_mixin.py:109} INFO - [2021-12-10 08:45:37,210] {dag.py:2928} INFO - Setting next_dagrun for example_weekday_branch_operator to 2021-12-09 00:00:00+00:00
[2021-12-10 08:45:37,220] {processor.py:171} INFO - Processing /home/airflow/.local/lib/python3.7/site-packages/airflow/example_dags/example_branch_day_of_week_operator.py took 0.081 seconds
[2021-12-10 08:46:07,900] {processor.py:163} INFO - Started process (PID=2811) to work on /home/airflow/.local/lib/python3.7/site-packages/airflow/example_dags/example_branch_day_of_week_operator.py
[2021-12-10 08:46:07,901] {processor.py:625} INFO - Processing file /home/airflow/.local/lib/python3.7/site-packages/airflow/example_dags/example_branch_day_of_week_operator.py for tasks to queue
[2021-12-10 08:46:07,902] {logging_mixin.py:109} INFO - [2021-12-10 08:46:07,902] {dagbag.py:500} INFO - Filling up the DagBag from /home/airflow/.local/lib/python3.7/site-packages/airflow/example_dags/example_branch_day_of_week_operator.py
[2021-12-10 08:46:07,930] {processor.py:637} INFO - DAG(s) dict_keys(['example_weekday_branch_operator']) retrieved from /home/airflow/.local/lib/python3.7/site-packages/airflow/example_dags/example_branch_day_of_week_operator.py
[2021-12-10 08:46:07,940] {logging_mixin.py:109} INFO - [2021-12-10 08:46:07,940] {dag.py:2396} INFO - Sync 1 DAGs
[2021-12-10 08:46:07,959] {logging_mixin.py:109} INFO - [2021-12-10 08:46:07,959] {dag.py:2928} INFO - Setting next_dagrun for example_weekday_branch_operator to 2021-12-09 00:00:00+00:00
[2021-12-10 08:46:08,079] {processor.py:171} INFO - Processing /home/airflow/.local/lib/python3.7/site-packages/airflow/example_dags/example_branch_day_of_week_operator.py took 0.183 seconds
[2021-12-10 08:46:38,740] {processor.py:163} INFO - Started process (PID=2863) to work on /home/airflow/.local/lib/python3.7/site-packages/airflow/example_dags/example_branch_day_of_week_operator.py
[2021-12-10 08:46:38,742] {processor.py:625} INFO - Processing file /home/airflow/.local/lib/python3.7/site-packages/airflow/example_dags/example_branch_day_of_week_operator.py for tasks to queue
[2021-12-10 08:46:38,743] {logging_mixin.py:109} INFO - [2021-12-10 08:46:38,743] {dagbag.py:500} INFO - Filling up the DagBag from /home/airflow/.local/lib/python3.7/site-packages/airflow/example_dags/example_branch_day_of_week_operator.py
[2021-12-10 08:46:38,773] {processor.py:637} INFO - DAG(s) dict_keys(['example_weekday_branch_operator']) retrieved from /home/airflow/.local/lib/python3.7/site-packages/airflow/example_dags/example_branch_day_of_week_operator.py
[2021-12-10 08:46:38,782] {logging_mixin.py:109} INFO - [2021-12-10 08:46:38,782] {dag.py:2396} INFO - Sync 1 DAGs
[2021-12-10 08:46:38,914] {logging_mixin.py:109} INFO - [2021-12-10 08:46:38,914] {dag.py:2928} INFO - Setting next_dagrun for example_weekday_branch_operator to 2021-12-09 00:00:00+00:00
[2021-12-10 08:46:38,924] {processor.py:171} INFO - Processing /home/airflow/.local/lib/python3.7/site-packages/airflow/example_dags/example_branch_day_of_week_operator.py took 0.188 seconds
[2021-12-10 08:47:09,579] {processor.py:163} INFO - Started process (PID=2924) to work on /home/airflow/.local/lib/python3.7/site-packages/airflow/example_dags/example_branch_day_of_week_operator.py
[2021-12-10 08:47:09,581] {processor.py:625} INFO - Processing file /home/airflow/.local/lib/python3.7/site-packages/airflow/example_dags/example_branch_day_of_week_operator.py for tasks to queue
[2021-12-10 08:47:09,581] {logging_mixin.py:109} INFO - [2021-12-10 08:47:09,581] {dagbag.py:500} INFO - Filling up the DagBag from /home/airflow/.local/lib/python3.7/site-packages/airflow/example_dags/example_branch_day_of_week_operator.py
[2021-12-10 08:47:09,611] {processor.py:637} INFO - DAG(s) dict_keys(['example_weekday_branch_operator']) retrieved from /home/airflow/.local/lib/python3.7/site-packages/airflow/example_dags/example_branch_day_of_week_operator.py
[2021-12-10 08:47:09,623] {logging_mixin.py:109} INFO - [2021-12-10 08:47:09,623] {dag.py:2396} INFO - Sync 1 DAGs
[2021-12-10 08:47:09,748] {logging_mixin.py:109} INFO - [2021-12-10 08:47:09,748] {dag.py:2928} INFO - Setting next_dagrun for example_weekday_branch_operator to 2021-12-09 00:00:00+00:00
[2021-12-10 08:47:09,757] {processor.py:171} INFO - Processing /home/airflow/.local/lib/python3.7/site-packages/airflow/example_dags/example_branch_day_of_week_operator.py took 0.181 seconds
