[2021-12-10 08:23:55,194] {processor.py:163} INFO - Started process (PID=327) to work on /home/airflow/.local/lib/python3.7/site-packages/airflow/example_dags/example_task_group_decorator.py
[2021-12-10 08:23:55,195] {processor.py:625} INFO - Processing file /home/airflow/.local/lib/python3.7/site-packages/airflow/example_dags/example_task_group_decorator.py for tasks to queue
[2021-12-10 08:23:55,195] {logging_mixin.py:109} INFO - [2021-12-10 08:23:55,195] {dagbag.py:500} INFO - Filling up the DagBag from /home/airflow/.local/lib/python3.7/site-packages/airflow/example_dags/example_task_group_decorator.py
[2021-12-10 08:23:55,246] {processor.py:637} INFO - DAG(s) dict_keys(['example_task_group_decorator']) retrieved from /home/airflow/.local/lib/python3.7/site-packages/airflow/example_dags/example_task_group_decorator.py
[2021-12-10 08:23:56,664] {logging_mixin.py:109} INFO - [2021-12-10 08:23:56,664] {providers_manager.py:156} WARNING - Exception when importing 'airflow.providers.google.leveldb.hooks.leveldb.LevelDBHook' from 'apache-airflow-providers-google' package: No module named 'plyvel'
[2021-12-10 08:23:57,166] {logging_mixin.py:109} INFO - [2021-12-10 08:23:57,166] {providers_manager.py:156} WARNING - Exception when importing 'airflow.providers.google.leveldb.hooks.leveldb.LevelDBHook' from 'apache-airflow-providers-google' package: No module named 'plyvel'
[2021-12-10 08:23:57,191] {logging_mixin.py:109} INFO - [2021-12-10 08:23:57,191] {manager.py:496} INFO - Created Permission View: can read on DAG:example_task_group_decorator
[2021-12-10 08:23:57,199] {logging_mixin.py:109} INFO - [2021-12-10 08:23:57,199] {manager.py:496} INFO - Created Permission View: can edit on DAG:example_task_group_decorator
[2021-12-10 08:23:57,200] {logging_mixin.py:109} INFO - [2021-12-10 08:23:57,200] {dag.py:2396} INFO - Sync 1 DAGs
[2021-12-10 08:23:57,208] {logging_mixin.py:109} INFO - [2021-12-10 08:23:57,207] {dag.py:2415} INFO - Creating ORM DAG for example_task_group_decorator
[2021-12-10 08:23:57,216] {logging_mixin.py:109} INFO - [2021-12-10 08:23:57,216] {dag.py:2928} INFO - Setting next_dagrun for example_task_group_decorator to 2021-12-09T08:23:57.216350+00:00
[2021-12-10 08:23:57,229] {processor.py:171} INFO - Processing /home/airflow/.local/lib/python3.7/site-packages/airflow/example_dags/example_task_group_decorator.py took 2.039 seconds
[2021-12-10 08:24:27,841] {processor.py:163} INFO - Started process (PID=407) to work on /home/airflow/.local/lib/python3.7/site-packages/airflow/example_dags/example_task_group_decorator.py
[2021-12-10 08:24:27,843] {processor.py:625} INFO - Processing file /home/airflow/.local/lib/python3.7/site-packages/airflow/example_dags/example_task_group_decorator.py for tasks to queue
[2021-12-10 08:24:27,844] {logging_mixin.py:109} INFO - [2021-12-10 08:24:27,844] {dagbag.py:500} INFO - Filling up the DagBag from /home/airflow/.local/lib/python3.7/site-packages/airflow/example_dags/example_task_group_decorator.py
[2021-12-10 08:24:27,887] {processor.py:637} INFO - DAG(s) dict_keys(['example_task_group_decorator']) retrieved from /home/airflow/.local/lib/python3.7/site-packages/airflow/example_dags/example_task_group_decorator.py
[2021-12-10 08:24:28,205] {logging_mixin.py:109} INFO - [2021-12-10 08:24:28,205] {dag.py:2396} INFO - Sync 1 DAGs
[2021-12-10 08:24:28,220] {logging_mixin.py:109} INFO - [2021-12-10 08:24:28,220] {dag.py:2928} INFO - Setting next_dagrun for example_task_group_decorator to 2021-12-09T08:24:28.219944+00:00
[2021-12-10 08:24:28,232] {processor.py:171} INFO - Processing /home/airflow/.local/lib/python3.7/site-packages/airflow/example_dags/example_task_group_decorator.py took 0.394 seconds
[2021-12-10 08:24:58,307] {processor.py:163} INFO - Started process (PID=461) to work on /home/airflow/.local/lib/python3.7/site-packages/airflow/example_dags/example_task_group_decorator.py
[2021-12-10 08:24:58,308] {processor.py:625} INFO - Processing file /home/airflow/.local/lib/python3.7/site-packages/airflow/example_dags/example_task_group_decorator.py for tasks to queue
[2021-12-10 08:24:58,309] {logging_mixin.py:109} INFO - [2021-12-10 08:24:58,309] {dagbag.py:500} INFO - Filling up the DagBag from /home/airflow/.local/lib/python3.7/site-packages/airflow/example_dags/example_task_group_decorator.py
[2021-12-10 08:24:58,349] {processor.py:637} INFO - DAG(s) dict_keys(['example_task_group_decorator']) retrieved from /home/airflow/.local/lib/python3.7/site-packages/airflow/example_dags/example_task_group_decorator.py
[2021-12-10 08:24:58,661] {logging_mixin.py:109} INFO - [2021-12-10 08:24:58,661] {dag.py:2396} INFO - Sync 1 DAGs
[2021-12-10 08:24:58,675] {logging_mixin.py:109} INFO - [2021-12-10 08:24:58,675] {dag.py:2928} INFO - Setting next_dagrun for example_task_group_decorator to 2021-12-09T08:24:58.675226+00:00
[2021-12-10 08:24:58,686] {processor.py:171} INFO - Processing /home/airflow/.local/lib/python3.7/site-packages/airflow/example_dags/example_task_group_decorator.py took 0.383 seconds
[2021-12-10 08:25:29,655] {processor.py:163} INFO - Started process (PID=523) to work on /home/airflow/.local/lib/python3.7/site-packages/airflow/example_dags/example_task_group_decorator.py
[2021-12-10 08:25:29,657] {processor.py:625} INFO - Processing file /home/airflow/.local/lib/python3.7/site-packages/airflow/example_dags/example_task_group_decorator.py for tasks to queue
[2021-12-10 08:25:29,657] {logging_mixin.py:109} INFO - [2021-12-10 08:25:29,657] {dagbag.py:500} INFO - Filling up the DagBag from /home/airflow/.local/lib/python3.7/site-packages/airflow/example_dags/example_task_group_decorator.py
[2021-12-10 08:25:29,699] {processor.py:637} INFO - DAG(s) dict_keys(['example_task_group_decorator']) retrieved from /home/airflow/.local/lib/python3.7/site-packages/airflow/example_dags/example_task_group_decorator.py
[2021-12-10 08:25:30,019] {logging_mixin.py:109} INFO - [2021-12-10 08:25:30,019] {dag.py:2396} INFO - Sync 1 DAGs
[2021-12-10 08:25:30,032] {logging_mixin.py:109} INFO - [2021-12-10 08:25:30,032] {dag.py:2928} INFO - Setting next_dagrun for example_task_group_decorator to 2021-12-09T08:25:30.032503+00:00
[2021-12-10 08:25:30,044] {processor.py:171} INFO - Processing /home/airflow/.local/lib/python3.7/site-packages/airflow/example_dags/example_task_group_decorator.py took 0.392 seconds
[2021-12-10 08:26:00,146] {processor.py:163} INFO - Started process (PID=577) to work on /home/airflow/.local/lib/python3.7/site-packages/airflow/example_dags/example_task_group_decorator.py
[2021-12-10 08:26:00,147] {processor.py:625} INFO - Processing file /home/airflow/.local/lib/python3.7/site-packages/airflow/example_dags/example_task_group_decorator.py for tasks to queue
[2021-12-10 08:26:00,148] {logging_mixin.py:109} INFO - [2021-12-10 08:26:00,148] {dagbag.py:500} INFO - Filling up the DagBag from /home/airflow/.local/lib/python3.7/site-packages/airflow/example_dags/example_task_group_decorator.py
[2021-12-10 08:26:00,187] {processor.py:637} INFO - DAG(s) dict_keys(['example_task_group_decorator']) retrieved from /home/airflow/.local/lib/python3.7/site-packages/airflow/example_dags/example_task_group_decorator.py
[2021-12-10 08:26:00,508] {logging_mixin.py:109} INFO - [2021-12-10 08:26:00,508] {dag.py:2396} INFO - Sync 1 DAGs
[2021-12-10 08:26:00,522] {logging_mixin.py:109} INFO - [2021-12-10 08:26:00,522] {dag.py:2928} INFO - Setting next_dagrun for example_task_group_decorator to 2021-12-09T08:26:00.522209+00:00
[2021-12-10 08:26:00,533] {processor.py:171} INFO - Processing /home/airflow/.local/lib/python3.7/site-packages/airflow/example_dags/example_task_group_decorator.py took 0.391 seconds
[2021-12-10 08:26:30,557] {processor.py:163} INFO - Started process (PID=637) to work on /home/airflow/.local/lib/python3.7/site-packages/airflow/example_dags/example_task_group_decorator.py
[2021-12-10 08:26:30,558] {processor.py:625} INFO - Processing file /home/airflow/.local/lib/python3.7/site-packages/airflow/example_dags/example_task_group_decorator.py for tasks to queue
[2021-12-10 08:26:30,559] {logging_mixin.py:109} INFO - [2021-12-10 08:26:30,559] {dagbag.py:500} INFO - Filling up the DagBag from /home/airflow/.local/lib/python3.7/site-packages/airflow/example_dags/example_task_group_decorator.py
[2021-12-10 08:26:30,602] {processor.py:637} INFO - DAG(s) dict_keys(['example_task_group_decorator']) retrieved from /home/airflow/.local/lib/python3.7/site-packages/airflow/example_dags/example_task_group_decorator.py
[2021-12-10 08:26:30,921] {logging_mixin.py:109} INFO - [2021-12-10 08:26:30,921] {dag.py:2396} INFO - Sync 1 DAGs
[2021-12-10 08:26:30,936] {logging_mixin.py:109} INFO - [2021-12-10 08:26:30,936] {dag.py:2928} INFO - Setting next_dagrun for example_task_group_decorator to 2021-12-09T08:26:30.936124+00:00
[2021-12-10 08:26:30,947] {processor.py:171} INFO - Processing /home/airflow/.local/lib/python3.7/site-packages/airflow/example_dags/example_task_group_decorator.py took 0.395 seconds
[2021-12-10 08:27:01,872] {processor.py:163} INFO - Started process (PID=695) to work on /home/airflow/.local/lib/python3.7/site-packages/airflow/example_dags/example_task_group_decorator.py
[2021-12-10 08:27:01,874] {processor.py:625} INFO - Processing file /home/airflow/.local/lib/python3.7/site-packages/airflow/example_dags/example_task_group_decorator.py for tasks to queue
[2021-12-10 08:27:01,874] {logging_mixin.py:109} INFO - [2021-12-10 08:27:01,874] {dagbag.py:500} INFO - Filling up the DagBag from /home/airflow/.local/lib/python3.7/site-packages/airflow/example_dags/example_task_group_decorator.py
[2021-12-10 08:27:01,917] {processor.py:637} INFO - DAG(s) dict_keys(['example_task_group_decorator']) retrieved from /home/airflow/.local/lib/python3.7/site-packages/airflow/example_dags/example_task_group_decorator.py
[2021-12-10 08:27:02,245] {logging_mixin.py:109} INFO - [2021-12-10 08:27:02,245] {dag.py:2396} INFO - Sync 1 DAGs
[2021-12-10 08:27:02,259] {logging_mixin.py:109} INFO - [2021-12-10 08:27:02,259] {dag.py:2928} INFO - Setting next_dagrun for example_task_group_decorator to 2021-12-09T08:27:02.258993+00:00
[2021-12-10 08:27:02,270] {processor.py:171} INFO - Processing /home/airflow/.local/lib/python3.7/site-packages/airflow/example_dags/example_task_group_decorator.py took 0.401 seconds
[2021-12-10 08:27:33,126] {processor.py:163} INFO - Started process (PID=757) to work on /home/airflow/.local/lib/python3.7/site-packages/airflow/example_dags/example_task_group_decorator.py
[2021-12-10 08:27:33,128] {processor.py:625} INFO - Processing file /home/airflow/.local/lib/python3.7/site-packages/airflow/example_dags/example_task_group_decorator.py for tasks to queue
[2021-12-10 08:27:33,129] {logging_mixin.py:109} INFO - [2021-12-10 08:27:33,129] {dagbag.py:500} INFO - Filling up the DagBag from /home/airflow/.local/lib/python3.7/site-packages/airflow/example_dags/example_task_group_decorator.py
[2021-12-10 08:27:33,171] {processor.py:637} INFO - DAG(s) dict_keys(['example_task_group_decorator']) retrieved from /home/airflow/.local/lib/python3.7/site-packages/airflow/example_dags/example_task_group_decorator.py
[2021-12-10 08:27:33,534] {logging_mixin.py:109} INFO - [2021-12-10 08:27:33,534] {dag.py:2396} INFO - Sync 1 DAGs
[2021-12-10 08:27:33,548] {logging_mixin.py:109} INFO - [2021-12-10 08:27:33,548] {dag.py:2928} INFO - Setting next_dagrun for example_task_group_decorator to 2021-12-09T08:27:33.548441+00:00
[2021-12-10 08:27:33,560] {processor.py:171} INFO - Processing /home/airflow/.local/lib/python3.7/site-packages/airflow/example_dags/example_task_group_decorator.py took 0.438 seconds
[2021-12-10 08:28:04,343] {processor.py:163} INFO - Started process (PID=810) to work on /home/airflow/.local/lib/python3.7/site-packages/airflow/example_dags/example_task_group_decorator.py
[2021-12-10 08:28:04,344] {processor.py:625} INFO - Processing file /home/airflow/.local/lib/python3.7/site-packages/airflow/example_dags/example_task_group_decorator.py for tasks to queue
[2021-12-10 08:28:04,344] {logging_mixin.py:109} INFO - [2021-12-10 08:28:04,344] {dagbag.py:500} INFO - Filling up the DagBag from /home/airflow/.local/lib/python3.7/site-packages/airflow/example_dags/example_task_group_decorator.py
[2021-12-10 08:28:04,390] {processor.py:637} INFO - DAG(s) dict_keys(['example_task_group_decorator']) retrieved from /home/airflow/.local/lib/python3.7/site-packages/airflow/example_dags/example_task_group_decorator.py
[2021-12-10 08:28:04,711] {logging_mixin.py:109} INFO - [2021-12-10 08:28:04,711] {dag.py:2396} INFO - Sync 1 DAGs
[2021-12-10 08:28:04,727] {logging_mixin.py:109} INFO - [2021-12-10 08:28:04,727] {dag.py:2928} INFO - Setting next_dagrun for example_task_group_decorator to 2021-12-09T08:28:04.726997+00:00
[2021-12-10 08:28:04,738] {processor.py:171} INFO - Processing /home/airflow/.local/lib/python3.7/site-packages/airflow/example_dags/example_task_group_decorator.py took 0.399 seconds
[2021-12-10 08:28:35,631] {processor.py:163} INFO - Started process (PID=872) to work on /home/airflow/.local/lib/python3.7/site-packages/airflow/example_dags/example_task_group_decorator.py
[2021-12-10 08:28:35,633] {processor.py:625} INFO - Processing file /home/airflow/.local/lib/python3.7/site-packages/airflow/example_dags/example_task_group_decorator.py for tasks to queue
[2021-12-10 08:28:35,634] {logging_mixin.py:109} INFO - [2021-12-10 08:28:35,633] {dagbag.py:500} INFO - Filling up the DagBag from /home/airflow/.local/lib/python3.7/site-packages/airflow/example_dags/example_task_group_decorator.py
[2021-12-10 08:28:35,687] {processor.py:637} INFO - DAG(s) dict_keys(['example_task_group_decorator']) retrieved from /home/airflow/.local/lib/python3.7/site-packages/airflow/example_dags/example_task_group_decorator.py
[2021-12-10 08:28:36,022] {logging_mixin.py:109} INFO - [2021-12-10 08:28:36,022] {dag.py:2396} INFO - Sync 1 DAGs
[2021-12-10 08:28:36,039] {logging_mixin.py:109} INFO - [2021-12-10 08:28:36,039] {dag.py:2928} INFO - Setting next_dagrun for example_task_group_decorator to 2021-12-09T08:28:36.039603+00:00
[2021-12-10 08:28:36,052] {processor.py:171} INFO - Processing /home/airflow/.local/lib/python3.7/site-packages/airflow/example_dags/example_task_group_decorator.py took 0.426 seconds
[2021-12-10 08:29:06,952] {processor.py:163} INFO - Started process (PID=925) to work on /home/airflow/.local/lib/python3.7/site-packages/airflow/example_dags/example_task_group_decorator.py
[2021-12-10 08:29:06,953] {processor.py:625} INFO - Processing file /home/airflow/.local/lib/python3.7/site-packages/airflow/example_dags/example_task_group_decorator.py for tasks to queue
[2021-12-10 08:29:06,953] {logging_mixin.py:109} INFO - [2021-12-10 08:29:06,953] {dagbag.py:500} INFO - Filling up the DagBag from /home/airflow/.local/lib/python3.7/site-packages/airflow/example_dags/example_task_group_decorator.py
[2021-12-10 08:29:06,999] {processor.py:637} INFO - DAG(s) dict_keys(['example_task_group_decorator']) retrieved from /home/airflow/.local/lib/python3.7/site-packages/airflow/example_dags/example_task_group_decorator.py
[2021-12-10 08:29:07,332] {logging_mixin.py:109} INFO - [2021-12-10 08:29:07,332] {dag.py:2396} INFO - Sync 1 DAGs
[2021-12-10 08:29:07,346] {logging_mixin.py:109} INFO - [2021-12-10 08:29:07,346] {dag.py:2928} INFO - Setting next_dagrun for example_task_group_decorator to 2021-12-09T08:29:07.346110+00:00
[2021-12-10 08:29:07,357] {processor.py:171} INFO - Processing /home/airflow/.local/lib/python3.7/site-packages/airflow/example_dags/example_task_group_decorator.py took 0.409 seconds
[2021-12-10 08:29:38,139] {processor.py:163} INFO - Started process (PID=978) to work on /home/airflow/.local/lib/python3.7/site-packages/airflow/example_dags/example_task_group_decorator.py
[2021-12-10 08:29:38,142] {processor.py:625} INFO - Processing file /home/airflow/.local/lib/python3.7/site-packages/airflow/example_dags/example_task_group_decorator.py for tasks to queue
[2021-12-10 08:29:38,143] {logging_mixin.py:109} INFO - [2021-12-10 08:29:38,143] {dagbag.py:500} INFO - Filling up the DagBag from /home/airflow/.local/lib/python3.7/site-packages/airflow/example_dags/example_task_group_decorator.py
[2021-12-10 08:29:38,188] {processor.py:637} INFO - DAG(s) dict_keys(['example_task_group_decorator']) retrieved from /home/airflow/.local/lib/python3.7/site-packages/airflow/example_dags/example_task_group_decorator.py
[2021-12-10 08:29:38,507] {logging_mixin.py:109} INFO - [2021-12-10 08:29:38,507] {dag.py:2396} INFO - Sync 1 DAGs
[2021-12-10 08:29:38,521] {logging_mixin.py:109} INFO - [2021-12-10 08:29:38,521] {dag.py:2928} INFO - Setting next_dagrun for example_task_group_decorator to 2021-12-09T08:29:38.521061+00:00
[2021-12-10 08:29:38,535] {processor.py:171} INFO - Processing /home/airflow/.local/lib/python3.7/site-packages/airflow/example_dags/example_task_group_decorator.py took 0.400 seconds
[2021-12-10 08:30:09,417] {processor.py:163} INFO - Started process (PID=1041) to work on /home/airflow/.local/lib/python3.7/site-packages/airflow/example_dags/example_task_group_decorator.py
[2021-12-10 08:30:09,420] {processor.py:625} INFO - Processing file /home/airflow/.local/lib/python3.7/site-packages/airflow/example_dags/example_task_group_decorator.py for tasks to queue
[2021-12-10 08:30:09,420] {logging_mixin.py:109} INFO - [2021-12-10 08:30:09,420] {dagbag.py:500} INFO - Filling up the DagBag from /home/airflow/.local/lib/python3.7/site-packages/airflow/example_dags/example_task_group_decorator.py
[2021-12-10 08:30:09,482] {processor.py:637} INFO - DAG(s) dict_keys(['example_task_group_decorator']) retrieved from /home/airflow/.local/lib/python3.7/site-packages/airflow/example_dags/example_task_group_decorator.py
[2021-12-10 08:30:09,808] {logging_mixin.py:109} INFO - [2021-12-10 08:30:09,808] {dag.py:2396} INFO - Sync 1 DAGs
[2021-12-10 08:30:09,827] {logging_mixin.py:109} INFO - [2021-12-10 08:30:09,826] {dag.py:2928} INFO - Setting next_dagrun for example_task_group_decorator to 2021-12-09T08:30:09.826693+00:00
[2021-12-10 08:30:09,839] {processor.py:171} INFO - Processing /home/airflow/.local/lib/python3.7/site-packages/airflow/example_dags/example_task_group_decorator.py took 0.426 seconds
[2021-12-10 08:30:40,655] {processor.py:163} INFO - Started process (PID=1095) to work on /home/airflow/.local/lib/python3.7/site-packages/airflow/example_dags/example_task_group_decorator.py
[2021-12-10 08:30:40,656] {processor.py:625} INFO - Processing file /home/airflow/.local/lib/python3.7/site-packages/airflow/example_dags/example_task_group_decorator.py for tasks to queue
[2021-12-10 08:30:40,657] {logging_mixin.py:109} INFO - [2021-12-10 08:30:40,657] {dagbag.py:500} INFO - Filling up the DagBag from /home/airflow/.local/lib/python3.7/site-packages/airflow/example_dags/example_task_group_decorator.py
[2021-12-10 08:30:40,701] {processor.py:637} INFO - DAG(s) dict_keys(['example_task_group_decorator']) retrieved from /home/airflow/.local/lib/python3.7/site-packages/airflow/example_dags/example_task_group_decorator.py
[2021-12-10 08:30:41,049] {logging_mixin.py:109} INFO - [2021-12-10 08:30:41,049] {dag.py:2396} INFO - Sync 1 DAGs
[2021-12-10 08:30:41,070] {logging_mixin.py:109} INFO - [2021-12-10 08:30:41,070] {dag.py:2928} INFO - Setting next_dagrun for example_task_group_decorator to 2021-12-09T08:30:41.070028+00:00
[2021-12-10 08:30:41,084] {processor.py:171} INFO - Processing /home/airflow/.local/lib/python3.7/site-packages/airflow/example_dags/example_task_group_decorator.py took 0.432 seconds
[2021-12-10 08:31:12,108] {processor.py:163} INFO - Started process (PID=1158) to work on /home/airflow/.local/lib/python3.7/site-packages/airflow/example_dags/example_task_group_decorator.py
[2021-12-10 08:31:12,110] {processor.py:625} INFO - Processing file /home/airflow/.local/lib/python3.7/site-packages/airflow/example_dags/example_task_group_decorator.py for tasks to queue
[2021-12-10 08:31:12,110] {logging_mixin.py:109} INFO - [2021-12-10 08:31:12,110] {dagbag.py:500} INFO - Filling up the DagBag from /home/airflow/.local/lib/python3.7/site-packages/airflow/example_dags/example_task_group_decorator.py
[2021-12-10 08:31:12,153] {processor.py:637} INFO - DAG(s) dict_keys(['example_task_group_decorator']) retrieved from /home/airflow/.local/lib/python3.7/site-packages/airflow/example_dags/example_task_group_decorator.py
[2021-12-10 08:31:12,463] {logging_mixin.py:109} INFO - [2021-12-10 08:31:12,463] {dag.py:2396} INFO - Sync 1 DAGs
[2021-12-10 08:31:12,478] {logging_mixin.py:109} INFO - [2021-12-10 08:31:12,477] {dag.py:2928} INFO - Setting next_dagrun for example_task_group_decorator to 2021-12-09T08:31:12.477671+00:00
[2021-12-10 08:31:12,489] {processor.py:171} INFO - Processing /home/airflow/.local/lib/python3.7/site-packages/airflow/example_dags/example_task_group_decorator.py took 0.384 seconds
[2021-12-10 08:31:43,268] {processor.py:163} INFO - Started process (PID=1211) to work on /home/airflow/.local/lib/python3.7/site-packages/airflow/example_dags/example_task_group_decorator.py
[2021-12-10 08:31:43,269] {processor.py:625} INFO - Processing file /home/airflow/.local/lib/python3.7/site-packages/airflow/example_dags/example_task_group_decorator.py for tasks to queue
[2021-12-10 08:31:43,270] {logging_mixin.py:109} INFO - [2021-12-10 08:31:43,270] {dagbag.py:500} INFO - Filling up the DagBag from /home/airflow/.local/lib/python3.7/site-packages/airflow/example_dags/example_task_group_decorator.py
[2021-12-10 08:31:43,313] {processor.py:637} INFO - DAG(s) dict_keys(['example_task_group_decorator']) retrieved from /home/airflow/.local/lib/python3.7/site-packages/airflow/example_dags/example_task_group_decorator.py
[2021-12-10 08:31:43,632] {logging_mixin.py:109} INFO - [2021-12-10 08:31:43,632] {dag.py:2396} INFO - Sync 1 DAGs
[2021-12-10 08:31:43,648] {logging_mixin.py:109} INFO - [2021-12-10 08:31:43,648] {dag.py:2928} INFO - Setting next_dagrun for example_task_group_decorator to 2021-12-09T08:31:43.648254+00:00
[2021-12-10 08:31:43,662] {processor.py:171} INFO - Processing /home/airflow/.local/lib/python3.7/site-packages/airflow/example_dags/example_task_group_decorator.py took 0.398 seconds
[2021-12-10 08:32:13,695] {processor.py:163} INFO - Started process (PID=1274) to work on /home/airflow/.local/lib/python3.7/site-packages/airflow/example_dags/example_task_group_decorator.py
[2021-12-10 08:32:13,696] {processor.py:625} INFO - Processing file /home/airflow/.local/lib/python3.7/site-packages/airflow/example_dags/example_task_group_decorator.py for tasks to queue
[2021-12-10 08:32:13,697] {logging_mixin.py:109} INFO - [2021-12-10 08:32:13,697] {dagbag.py:500} INFO - Filling up the DagBag from /home/airflow/.local/lib/python3.7/site-packages/airflow/example_dags/example_task_group_decorator.py
[2021-12-10 08:32:13,738] {processor.py:637} INFO - DAG(s) dict_keys(['example_task_group_decorator']) retrieved from /home/airflow/.local/lib/python3.7/site-packages/airflow/example_dags/example_task_group_decorator.py
[2021-12-10 08:32:14,063] {logging_mixin.py:109} INFO - [2021-12-10 08:32:14,063] {dag.py:2396} INFO - Sync 1 DAGs
[2021-12-10 08:32:14,078] {logging_mixin.py:109} INFO - [2021-12-10 08:32:14,078] {dag.py:2928} INFO - Setting next_dagrun for example_task_group_decorator to 2021-12-09T08:32:14.078080+00:00
[2021-12-10 08:32:14,088] {processor.py:171} INFO - Processing /home/airflow/.local/lib/python3.7/site-packages/airflow/example_dags/example_task_group_decorator.py took 0.397 seconds
[2021-12-10 08:32:44,177] {processor.py:163} INFO - Started process (PID=1326) to work on /home/airflow/.local/lib/python3.7/site-packages/airflow/example_dags/example_task_group_decorator.py
[2021-12-10 08:32:44,178] {processor.py:625} INFO - Processing file /home/airflow/.local/lib/python3.7/site-packages/airflow/example_dags/example_task_group_decorator.py for tasks to queue
[2021-12-10 08:32:44,179] {logging_mixin.py:109} INFO - [2021-12-10 08:32:44,179] {dagbag.py:500} INFO - Filling up the DagBag from /home/airflow/.local/lib/python3.7/site-packages/airflow/example_dags/example_task_group_decorator.py
[2021-12-10 08:32:44,218] {processor.py:637} INFO - DAG(s) dict_keys(['example_task_group_decorator']) retrieved from /home/airflow/.local/lib/python3.7/site-packages/airflow/example_dags/example_task_group_decorator.py
[2021-12-10 08:32:44,532] {logging_mixin.py:109} INFO - [2021-12-10 08:32:44,531] {dag.py:2396} INFO - Sync 1 DAGs
[2021-12-10 08:32:44,545] {logging_mixin.py:109} INFO - [2021-12-10 08:32:44,545] {dag.py:2928} INFO - Setting next_dagrun for example_task_group_decorator to 2021-12-09T08:32:44.545569+00:00
[2021-12-10 08:32:44,556] {processor.py:171} INFO - Processing /home/airflow/.local/lib/python3.7/site-packages/airflow/example_dags/example_task_group_decorator.py took 0.384 seconds
[2021-12-10 08:33:15,441] {processor.py:163} INFO - Started process (PID=1389) to work on /home/airflow/.local/lib/python3.7/site-packages/airflow/example_dags/example_task_group_decorator.py
[2021-12-10 08:33:15,442] {processor.py:625} INFO - Processing file /home/airflow/.local/lib/python3.7/site-packages/airflow/example_dags/example_task_group_decorator.py for tasks to queue
[2021-12-10 08:33:15,443] {logging_mixin.py:109} INFO - [2021-12-10 08:33:15,443] {dagbag.py:500} INFO - Filling up the DagBag from /home/airflow/.local/lib/python3.7/site-packages/airflow/example_dags/example_task_group_decorator.py
[2021-12-10 08:33:15,486] {processor.py:637} INFO - DAG(s) dict_keys(['example_task_group_decorator']) retrieved from /home/airflow/.local/lib/python3.7/site-packages/airflow/example_dags/example_task_group_decorator.py
[2021-12-10 08:33:15,806] {logging_mixin.py:109} INFO - [2021-12-10 08:33:15,806] {dag.py:2396} INFO - Sync 1 DAGs
[2021-12-10 08:33:15,820] {logging_mixin.py:109} INFO - [2021-12-10 08:33:15,820] {dag.py:2928} INFO - Setting next_dagrun for example_task_group_decorator to 2021-12-09T08:33:15.819872+00:00
[2021-12-10 08:33:15,831] {processor.py:171} INFO - Processing /home/airflow/.local/lib/python3.7/site-packages/airflow/example_dags/example_task_group_decorator.py took 0.394 seconds
[2021-12-10 08:33:46,552] {processor.py:163} INFO - Started process (PID=1441) to work on /home/airflow/.local/lib/python3.7/site-packages/airflow/example_dags/example_task_group_decorator.py
[2021-12-10 08:33:46,553] {processor.py:625} INFO - Processing file /home/airflow/.local/lib/python3.7/site-packages/airflow/example_dags/example_task_group_decorator.py for tasks to queue
[2021-12-10 08:33:46,554] {logging_mixin.py:109} INFO - [2021-12-10 08:33:46,554] {dagbag.py:500} INFO - Filling up the DagBag from /home/airflow/.local/lib/python3.7/site-packages/airflow/example_dags/example_task_group_decorator.py
[2021-12-10 08:33:46,597] {processor.py:637} INFO - DAG(s) dict_keys(['example_task_group_decorator']) retrieved from /home/airflow/.local/lib/python3.7/site-packages/airflow/example_dags/example_task_group_decorator.py
[2021-12-10 08:33:46,920] {logging_mixin.py:109} INFO - [2021-12-10 08:33:46,920] {dag.py:2396} INFO - Sync 1 DAGs
[2021-12-10 08:33:46,936] {logging_mixin.py:109} INFO - [2021-12-10 08:33:46,936] {dag.py:2928} INFO - Setting next_dagrun for example_task_group_decorator to 2021-12-09T08:33:46.936514+00:00
[2021-12-10 08:33:46,950] {processor.py:171} INFO - Processing /home/airflow/.local/lib/python3.7/site-packages/airflow/example_dags/example_task_group_decorator.py took 0.402 seconds
[2021-12-10 08:34:17,803] {processor.py:163} INFO - Started process (PID=1503) to work on /home/airflow/.local/lib/python3.7/site-packages/airflow/example_dags/example_task_group_decorator.py
[2021-12-10 08:34:17,804] {processor.py:625} INFO - Processing file /home/airflow/.local/lib/python3.7/site-packages/airflow/example_dags/example_task_group_decorator.py for tasks to queue
[2021-12-10 08:34:17,805] {logging_mixin.py:109} INFO - [2021-12-10 08:34:17,805] {dagbag.py:500} INFO - Filling up the DagBag from /home/airflow/.local/lib/python3.7/site-packages/airflow/example_dags/example_task_group_decorator.py
[2021-12-10 08:34:17,845] {processor.py:637} INFO - DAG(s) dict_keys(['example_task_group_decorator']) retrieved from /home/airflow/.local/lib/python3.7/site-packages/airflow/example_dags/example_task_group_decorator.py
[2021-12-10 08:34:18,150] {logging_mixin.py:109} INFO - [2021-12-10 08:34:18,150] {dag.py:2396} INFO - Sync 1 DAGs
[2021-12-10 08:34:18,164] {logging_mixin.py:109} INFO - [2021-12-10 08:34:18,164] {dag.py:2928} INFO - Setting next_dagrun for example_task_group_decorator to 2021-12-09T08:34:18.163786+00:00
[2021-12-10 08:34:18,179] {processor.py:171} INFO - Processing /home/airflow/.local/lib/python3.7/site-packages/airflow/example_dags/example_task_group_decorator.py took 0.380 seconds
[2021-12-10 08:34:48,250] {processor.py:163} INFO - Started process (PID=1555) to work on /home/airflow/.local/lib/python3.7/site-packages/airflow/example_dags/example_task_group_decorator.py
[2021-12-10 08:34:48,252] {processor.py:625} INFO - Processing file /home/airflow/.local/lib/python3.7/site-packages/airflow/example_dags/example_task_group_decorator.py for tasks to queue
[2021-12-10 08:34:48,253] {logging_mixin.py:109} INFO - [2021-12-10 08:34:48,252] {dagbag.py:500} INFO - Filling up the DagBag from /home/airflow/.local/lib/python3.7/site-packages/airflow/example_dags/example_task_group_decorator.py
[2021-12-10 08:34:48,296] {processor.py:637} INFO - DAG(s) dict_keys(['example_task_group_decorator']) retrieved from /home/airflow/.local/lib/python3.7/site-packages/airflow/example_dags/example_task_group_decorator.py
[2021-12-10 08:34:48,606] {logging_mixin.py:109} INFO - [2021-12-10 08:34:48,606] {dag.py:2396} INFO - Sync 1 DAGs
[2021-12-10 08:34:48,619] {logging_mixin.py:109} INFO - [2021-12-10 08:34:48,619] {dag.py:2928} INFO - Setting next_dagrun for example_task_group_decorator to 2021-12-09T08:34:48.619558+00:00
[2021-12-10 08:34:48,630] {processor.py:171} INFO - Processing /home/airflow/.local/lib/python3.7/site-packages/airflow/example_dags/example_task_group_decorator.py took 0.383 seconds
[2021-12-10 08:35:19,418] {processor.py:163} INFO - Started process (PID=1617) to work on /home/airflow/.local/lib/python3.7/site-packages/airflow/example_dags/example_task_group_decorator.py
[2021-12-10 08:35:19,420] {processor.py:625} INFO - Processing file /home/airflow/.local/lib/python3.7/site-packages/airflow/example_dags/example_task_group_decorator.py for tasks to queue
[2021-12-10 08:35:19,421] {logging_mixin.py:109} INFO - [2021-12-10 08:35:19,421] {dagbag.py:500} INFO - Filling up the DagBag from /home/airflow/.local/lib/python3.7/site-packages/airflow/example_dags/example_task_group_decorator.py
[2021-12-10 08:35:19,474] {processor.py:637} INFO - DAG(s) dict_keys(['example_task_group_decorator']) retrieved from /home/airflow/.local/lib/python3.7/site-packages/airflow/example_dags/example_task_group_decorator.py
[2021-12-10 08:35:19,792] {logging_mixin.py:109} INFO - [2021-12-10 08:35:19,792] {dag.py:2396} INFO - Sync 1 DAGs
[2021-12-10 08:35:19,809] {logging_mixin.py:109} INFO - [2021-12-10 08:35:19,809] {dag.py:2928} INFO - Setting next_dagrun for example_task_group_decorator to 2021-12-09T08:35:19.808700+00:00
[2021-12-10 08:35:19,822] {processor.py:171} INFO - Processing /home/airflow/.local/lib/python3.7/site-packages/airflow/example_dags/example_task_group_decorator.py took 0.407 seconds
[2021-12-10 08:35:50,036] {processor.py:163} INFO - Started process (PID=1671) to work on /home/airflow/.local/lib/python3.7/site-packages/airflow/example_dags/example_task_group_decorator.py
[2021-12-10 08:35:50,037] {processor.py:625} INFO - Processing file /home/airflow/.local/lib/python3.7/site-packages/airflow/example_dags/example_task_group_decorator.py for tasks to queue
[2021-12-10 08:35:50,038] {logging_mixin.py:109} INFO - [2021-12-10 08:35:50,038] {dagbag.py:500} INFO - Filling up the DagBag from /home/airflow/.local/lib/python3.7/site-packages/airflow/example_dags/example_task_group_decorator.py
[2021-12-10 08:35:50,078] {processor.py:637} INFO - DAG(s) dict_keys(['example_task_group_decorator']) retrieved from /home/airflow/.local/lib/python3.7/site-packages/airflow/example_dags/example_task_group_decorator.py
[2021-12-10 08:35:50,389] {logging_mixin.py:109} INFO - [2021-12-10 08:35:50,389] {dag.py:2396} INFO - Sync 1 DAGs
[2021-12-10 08:35:50,403] {logging_mixin.py:109} INFO - [2021-12-10 08:35:50,403] {dag.py:2928} INFO - Setting next_dagrun for example_task_group_decorator to 2021-12-09T08:35:50.403454+00:00
[2021-12-10 08:35:50,415] {processor.py:171} INFO - Processing /home/airflow/.local/lib/python3.7/site-packages/airflow/example_dags/example_task_group_decorator.py took 0.383 seconds
[2021-12-10 08:36:21,089] {processor.py:163} INFO - Started process (PID=1724) to work on /home/airflow/.local/lib/python3.7/site-packages/airflow/example_dags/example_task_group_decorator.py
[2021-12-10 08:36:21,091] {processor.py:625} INFO - Processing file /home/airflow/.local/lib/python3.7/site-packages/airflow/example_dags/example_task_group_decorator.py for tasks to queue
[2021-12-10 08:36:21,092] {logging_mixin.py:109} INFO - [2021-12-10 08:36:21,092] {dagbag.py:500} INFO - Filling up the DagBag from /home/airflow/.local/lib/python3.7/site-packages/airflow/example_dags/example_task_group_decorator.py
[2021-12-10 08:36:21,136] {processor.py:637} INFO - DAG(s) dict_keys(['example_task_group_decorator']) retrieved from /home/airflow/.local/lib/python3.7/site-packages/airflow/example_dags/example_task_group_decorator.py
[2021-12-10 08:36:21,465] {logging_mixin.py:109} INFO - [2021-12-10 08:36:21,465] {dag.py:2396} INFO - Sync 1 DAGs
[2021-12-10 08:36:21,478] {logging_mixin.py:109} INFO - [2021-12-10 08:36:21,478] {dag.py:2928} INFO - Setting next_dagrun for example_task_group_decorator to 2021-12-09T08:36:21.478522+00:00
[2021-12-10 08:36:21,491] {processor.py:171} INFO - Processing /home/airflow/.local/lib/python3.7/site-packages/airflow/example_dags/example_task_group_decorator.py took 0.405 seconds
[2021-12-10 08:36:51,541] {processor.py:163} INFO - Started process (PID=1786) to work on /home/airflow/.local/lib/python3.7/site-packages/airflow/example_dags/example_task_group_decorator.py
[2021-12-10 08:36:51,543] {processor.py:625} INFO - Processing file /home/airflow/.local/lib/python3.7/site-packages/airflow/example_dags/example_task_group_decorator.py for tasks to queue
[2021-12-10 08:36:51,543] {logging_mixin.py:109} INFO - [2021-12-10 08:36:51,543] {dagbag.py:500} INFO - Filling up the DagBag from /home/airflow/.local/lib/python3.7/site-packages/airflow/example_dags/example_task_group_decorator.py
[2021-12-10 08:36:51,592] {processor.py:637} INFO - DAG(s) dict_keys(['example_task_group_decorator']) retrieved from /home/airflow/.local/lib/python3.7/site-packages/airflow/example_dags/example_task_group_decorator.py
[2021-12-10 08:36:51,899] {logging_mixin.py:109} INFO - [2021-12-10 08:36:51,899] {dag.py:2396} INFO - Sync 1 DAGs
[2021-12-10 08:36:51,913] {logging_mixin.py:109} INFO - [2021-12-10 08:36:51,913] {dag.py:2928} INFO - Setting next_dagrun for example_task_group_decorator to 2021-12-09T08:36:51.912957+00:00
[2021-12-10 08:36:51,924] {processor.py:171} INFO - Processing /home/airflow/.local/lib/python3.7/site-packages/airflow/example_dags/example_task_group_decorator.py took 0.388 seconds
[2021-12-10 08:37:22,665] {processor.py:163} INFO - Started process (PID=1839) to work on /home/airflow/.local/lib/python3.7/site-packages/airflow/example_dags/example_task_group_decorator.py
[2021-12-10 08:37:22,666] {processor.py:625} INFO - Processing file /home/airflow/.local/lib/python3.7/site-packages/airflow/example_dags/example_task_group_decorator.py for tasks to queue
[2021-12-10 08:37:22,667] {logging_mixin.py:109} INFO - [2021-12-10 08:37:22,667] {dagbag.py:500} INFO - Filling up the DagBag from /home/airflow/.local/lib/python3.7/site-packages/airflow/example_dags/example_task_group_decorator.py
[2021-12-10 08:37:22,708] {processor.py:637} INFO - DAG(s) dict_keys(['example_task_group_decorator']) retrieved from /home/airflow/.local/lib/python3.7/site-packages/airflow/example_dags/example_task_group_decorator.py
[2021-12-10 08:37:23,023] {logging_mixin.py:109} INFO - [2021-12-10 08:37:23,023] {dag.py:2396} INFO - Sync 1 DAGs
[2021-12-10 08:37:23,038] {logging_mixin.py:109} INFO - [2021-12-10 08:37:23,037] {dag.py:2928} INFO - Setting next_dagrun for example_task_group_decorator to 2021-12-09T08:37:23.037730+00:00
[2021-12-10 08:37:23,050] {processor.py:171} INFO - Processing /home/airflow/.local/lib/python3.7/site-packages/airflow/example_dags/example_task_group_decorator.py took 0.389 seconds
[2021-12-10 08:37:53,997] {processor.py:163} INFO - Started process (PID=1901) to work on /home/airflow/.local/lib/python3.7/site-packages/airflow/example_dags/example_task_group_decorator.py
[2021-12-10 08:37:53,999] {processor.py:625} INFO - Processing file /home/airflow/.local/lib/python3.7/site-packages/airflow/example_dags/example_task_group_decorator.py for tasks to queue
[2021-12-10 08:37:53,999] {logging_mixin.py:109} INFO - [2021-12-10 08:37:53,999] {dagbag.py:500} INFO - Filling up the DagBag from /home/airflow/.local/lib/python3.7/site-packages/airflow/example_dags/example_task_group_decorator.py
[2021-12-10 08:37:54,042] {processor.py:637} INFO - DAG(s) dict_keys(['example_task_group_decorator']) retrieved from /home/airflow/.local/lib/python3.7/site-packages/airflow/example_dags/example_task_group_decorator.py
[2021-12-10 08:37:54,357] {logging_mixin.py:109} INFO - [2021-12-10 08:37:54,356] {dag.py:2396} INFO - Sync 1 DAGs
[2021-12-10 08:37:54,371] {logging_mixin.py:109} INFO - [2021-12-10 08:37:54,371] {dag.py:2928} INFO - Setting next_dagrun for example_task_group_decorator to 2021-12-09T08:37:54.371039+00:00
[2021-12-10 08:37:54,382] {processor.py:171} INFO - Processing /home/airflow/.local/lib/python3.7/site-packages/airflow/example_dags/example_task_group_decorator.py took 0.388 seconds
[2021-12-10 08:38:24,404] {processor.py:163} INFO - Started process (PID=1953) to work on /home/airflow/.local/lib/python3.7/site-packages/airflow/example_dags/example_task_group_decorator.py
[2021-12-10 08:38:24,406] {processor.py:625} INFO - Processing file /home/airflow/.local/lib/python3.7/site-packages/airflow/example_dags/example_task_group_decorator.py for tasks to queue
[2021-12-10 08:38:24,407] {logging_mixin.py:109} INFO - [2021-12-10 08:38:24,407] {dagbag.py:500} INFO - Filling up the DagBag from /home/airflow/.local/lib/python3.7/site-packages/airflow/example_dags/example_task_group_decorator.py
[2021-12-10 08:38:24,447] {processor.py:637} INFO - DAG(s) dict_keys(['example_task_group_decorator']) retrieved from /home/airflow/.local/lib/python3.7/site-packages/airflow/example_dags/example_task_group_decorator.py
[2021-12-10 08:38:24,759] {logging_mixin.py:109} INFO - [2021-12-10 08:38:24,758] {dag.py:2396} INFO - Sync 1 DAGs
[2021-12-10 08:38:24,773] {logging_mixin.py:109} INFO - [2021-12-10 08:38:24,773] {dag.py:2928} INFO - Setting next_dagrun for example_task_group_decorator to 2021-12-09T08:38:24.772926+00:00
[2021-12-10 08:38:24,784] {processor.py:171} INFO - Processing /home/airflow/.local/lib/python3.7/site-packages/airflow/example_dags/example_task_group_decorator.py took 0.384 seconds
[2021-12-10 08:38:55,729] {processor.py:163} INFO - Started process (PID=2014) to work on /home/airflow/.local/lib/python3.7/site-packages/airflow/example_dags/example_task_group_decorator.py
[2021-12-10 08:38:55,730] {processor.py:625} INFO - Processing file /home/airflow/.local/lib/python3.7/site-packages/airflow/example_dags/example_task_group_decorator.py for tasks to queue
[2021-12-10 08:38:55,731] {logging_mixin.py:109} INFO - [2021-12-10 08:38:55,731] {dagbag.py:500} INFO - Filling up the DagBag from /home/airflow/.local/lib/python3.7/site-packages/airflow/example_dags/example_task_group_decorator.py
[2021-12-10 08:38:55,772] {processor.py:637} INFO - DAG(s) dict_keys(['example_task_group_decorator']) retrieved from /home/airflow/.local/lib/python3.7/site-packages/airflow/example_dags/example_task_group_decorator.py
[2021-12-10 08:38:56,107] {logging_mixin.py:109} INFO - [2021-12-10 08:38:56,107] {dag.py:2396} INFO - Sync 1 DAGs
[2021-12-10 08:38:56,123] {logging_mixin.py:109} INFO - [2021-12-10 08:38:56,123] {dag.py:2928} INFO - Setting next_dagrun for example_task_group_decorator to 2021-12-09T08:38:56.123618+00:00
[2021-12-10 08:38:56,134] {processor.py:171} INFO - Processing /home/airflow/.local/lib/python3.7/site-packages/airflow/example_dags/example_task_group_decorator.py took 0.410 seconds
[2021-12-10 08:39:27,000] {processor.py:163} INFO - Started process (PID=2066) to work on /home/airflow/.local/lib/python3.7/site-packages/airflow/example_dags/example_task_group_decorator.py
[2021-12-10 08:39:27,002] {processor.py:625} INFO - Processing file /home/airflow/.local/lib/python3.7/site-packages/airflow/example_dags/example_task_group_decorator.py for tasks to queue
[2021-12-10 08:39:27,002] {logging_mixin.py:109} INFO - [2021-12-10 08:39:27,002] {dagbag.py:500} INFO - Filling up the DagBag from /home/airflow/.local/lib/python3.7/site-packages/airflow/example_dags/example_task_group_decorator.py
[2021-12-10 08:39:27,061] {processor.py:637} INFO - DAG(s) dict_keys(['example_task_group_decorator']) retrieved from /home/airflow/.local/lib/python3.7/site-packages/airflow/example_dags/example_task_group_decorator.py
[2021-12-10 08:39:27,385] {logging_mixin.py:109} INFO - [2021-12-10 08:39:27,385] {dag.py:2396} INFO - Sync 1 DAGs
[2021-12-10 08:39:27,400] {logging_mixin.py:109} INFO - [2021-12-10 08:39:27,400] {dag.py:2928} INFO - Setting next_dagrun for example_task_group_decorator to 2021-12-09T08:39:27.399927+00:00
[2021-12-10 08:39:27,411] {processor.py:171} INFO - Processing /home/airflow/.local/lib/python3.7/site-packages/airflow/example_dags/example_task_group_decorator.py took 0.415 seconds
[2021-12-10 08:39:58,088] {processor.py:163} INFO - Started process (PID=2130) to work on /home/airflow/.local/lib/python3.7/site-packages/airflow/example_dags/example_task_group_decorator.py
[2021-12-10 08:39:58,090] {processor.py:625} INFO - Processing file /home/airflow/.local/lib/python3.7/site-packages/airflow/example_dags/example_task_group_decorator.py for tasks to queue
[2021-12-10 08:39:58,090] {logging_mixin.py:109} INFO - [2021-12-10 08:39:58,090] {dagbag.py:500} INFO - Filling up the DagBag from /home/airflow/.local/lib/python3.7/site-packages/airflow/example_dags/example_task_group_decorator.py
[2021-12-10 08:39:58,146] {processor.py:637} INFO - DAG(s) dict_keys(['example_task_group_decorator']) retrieved from /home/airflow/.local/lib/python3.7/site-packages/airflow/example_dags/example_task_group_decorator.py
[2021-12-10 08:39:58,489] {logging_mixin.py:109} INFO - [2021-12-10 08:39:58,489] {dag.py:2396} INFO - Sync 1 DAGs
[2021-12-10 08:39:58,503] {logging_mixin.py:109} INFO - [2021-12-10 08:39:58,503] {dag.py:2928} INFO - Setting next_dagrun for example_task_group_decorator to 2021-12-09T08:39:58.503099+00:00
[2021-12-10 08:39:58,514] {processor.py:171} INFO - Processing /home/airflow/.local/lib/python3.7/site-packages/airflow/example_dags/example_task_group_decorator.py took 0.431 seconds
[2021-12-10 08:40:28,899] {processor.py:163} INFO - Started process (PID=2182) to work on /home/airflow/.local/lib/python3.7/site-packages/airflow/example_dags/example_task_group_decorator.py
[2021-12-10 08:40:28,901] {processor.py:625} INFO - Processing file /home/airflow/.local/lib/python3.7/site-packages/airflow/example_dags/example_task_group_decorator.py for tasks to queue
[2021-12-10 08:40:28,902] {logging_mixin.py:109} INFO - [2021-12-10 08:40:28,902] {dagbag.py:500} INFO - Filling up the DagBag from /home/airflow/.local/lib/python3.7/site-packages/airflow/example_dags/example_task_group_decorator.py
[2021-12-10 08:40:28,949] {processor.py:637} INFO - DAG(s) dict_keys(['example_task_group_decorator']) retrieved from /home/airflow/.local/lib/python3.7/site-packages/airflow/example_dags/example_task_group_decorator.py
[2021-12-10 08:40:29,299] {logging_mixin.py:109} INFO - [2021-12-10 08:40:29,299] {dag.py:2396} INFO - Sync 1 DAGs
[2021-12-10 08:40:29,316] {logging_mixin.py:109} INFO - [2021-12-10 08:40:29,316] {dag.py:2928} INFO - Setting next_dagrun for example_task_group_decorator to 2021-12-09T08:40:29.316315+00:00
[2021-12-10 08:40:29,330] {processor.py:171} INFO - Processing /home/airflow/.local/lib/python3.7/site-packages/airflow/example_dags/example_task_group_decorator.py took 0.434 seconds
[2021-12-10 08:40:59,567] {processor.py:163} INFO - Started process (PID=2234) to work on /home/airflow/.local/lib/python3.7/site-packages/airflow/example_dags/example_task_group_decorator.py
[2021-12-10 08:40:59,569] {processor.py:625} INFO - Processing file /home/airflow/.local/lib/python3.7/site-packages/airflow/example_dags/example_task_group_decorator.py for tasks to queue
[2021-12-10 08:40:59,569] {logging_mixin.py:109} INFO - [2021-12-10 08:40:59,569] {dagbag.py:500} INFO - Filling up the DagBag from /home/airflow/.local/lib/python3.7/site-packages/airflow/example_dags/example_task_group_decorator.py
[2021-12-10 08:40:59,614] {processor.py:637} INFO - DAG(s) dict_keys(['example_task_group_decorator']) retrieved from /home/airflow/.local/lib/python3.7/site-packages/airflow/example_dags/example_task_group_decorator.py
[2021-12-10 08:40:59,927] {logging_mixin.py:109} INFO - [2021-12-10 08:40:59,927] {dag.py:2396} INFO - Sync 1 DAGs
[2021-12-10 08:40:59,941] {logging_mixin.py:109} INFO - [2021-12-10 08:40:59,941] {dag.py:2928} INFO - Setting next_dagrun for example_task_group_decorator to 2021-12-09T08:40:59.940966+00:00
[2021-12-10 08:40:59,952] {processor.py:171} INFO - Processing /home/airflow/.local/lib/python3.7/site-packages/airflow/example_dags/example_task_group_decorator.py took 0.389 seconds
[2021-12-10 08:41:30,722] {processor.py:163} INFO - Started process (PID=2296) to work on /home/airflow/.local/lib/python3.7/site-packages/airflow/example_dags/example_task_group_decorator.py
[2021-12-10 08:41:30,724] {processor.py:625} INFO - Processing file /home/airflow/.local/lib/python3.7/site-packages/airflow/example_dags/example_task_group_decorator.py for tasks to queue
[2021-12-10 08:41:30,724] {logging_mixin.py:109} INFO - [2021-12-10 08:41:30,724] {dagbag.py:500} INFO - Filling up the DagBag from /home/airflow/.local/lib/python3.7/site-packages/airflow/example_dags/example_task_group_decorator.py
[2021-12-10 08:41:30,771] {processor.py:637} INFO - DAG(s) dict_keys(['example_task_group_decorator']) retrieved from /home/airflow/.local/lib/python3.7/site-packages/airflow/example_dags/example_task_group_decorator.py
[2021-12-10 08:41:31,086] {logging_mixin.py:109} INFO - [2021-12-10 08:41:31,086] {dag.py:2396} INFO - Sync 1 DAGs
[2021-12-10 08:41:31,100] {logging_mixin.py:109} INFO - [2021-12-10 08:41:31,100] {dag.py:2928} INFO - Setting next_dagrun for example_task_group_decorator to 2021-12-09T08:41:31.100455+00:00
[2021-12-10 08:41:31,112] {processor.py:171} INFO - Processing /home/airflow/.local/lib/python3.7/site-packages/airflow/example_dags/example_task_group_decorator.py took 0.393 seconds
[2021-12-10 08:42:01,205] {processor.py:163} INFO - Started process (PID=2351) to work on /home/airflow/.local/lib/python3.7/site-packages/airflow/example_dags/example_task_group_decorator.py
[2021-12-10 08:42:01,208] {processor.py:625} INFO - Processing file /home/airflow/.local/lib/python3.7/site-packages/airflow/example_dags/example_task_group_decorator.py for tasks to queue
[2021-12-10 08:42:01,208] {logging_mixin.py:109} INFO - [2021-12-10 08:42:01,208] {dagbag.py:500} INFO - Filling up the DagBag from /home/airflow/.local/lib/python3.7/site-packages/airflow/example_dags/example_task_group_decorator.py
[2021-12-10 08:42:01,259] {processor.py:637} INFO - DAG(s) dict_keys(['example_task_group_decorator']) retrieved from /home/airflow/.local/lib/python3.7/site-packages/airflow/example_dags/example_task_group_decorator.py
[2021-12-10 08:42:01,611] {logging_mixin.py:109} INFO - [2021-12-10 08:42:01,611] {dag.py:2396} INFO - Sync 1 DAGs
[2021-12-10 08:42:01,631] {logging_mixin.py:109} INFO - [2021-12-10 08:42:01,631] {dag.py:2928} INFO - Setting next_dagrun for example_task_group_decorator to 2021-12-09T08:42:01.630714+00:00
[2021-12-10 08:42:01,645] {processor.py:171} INFO - Processing /home/airflow/.local/lib/python3.7/site-packages/airflow/example_dags/example_task_group_decorator.py took 0.444 seconds
[2021-12-10 08:42:31,985] {processor.py:163} INFO - Started process (PID=2412) to work on /home/airflow/.local/lib/python3.7/site-packages/airflow/example_dags/example_task_group_decorator.py
[2021-12-10 08:42:31,987] {processor.py:625} INFO - Processing file /home/airflow/.local/lib/python3.7/site-packages/airflow/example_dags/example_task_group_decorator.py for tasks to queue
[2021-12-10 08:42:31,988] {logging_mixin.py:109} INFO - [2021-12-10 08:42:31,988] {dagbag.py:500} INFO - Filling up the DagBag from /home/airflow/.local/lib/python3.7/site-packages/airflow/example_dags/example_task_group_decorator.py
[2021-12-10 08:42:32,030] {processor.py:637} INFO - DAG(s) dict_keys(['example_task_group_decorator']) retrieved from /home/airflow/.local/lib/python3.7/site-packages/airflow/example_dags/example_task_group_decorator.py
[2021-12-10 08:42:32,338] {logging_mixin.py:109} INFO - [2021-12-10 08:42:32,338] {dag.py:2396} INFO - Sync 1 DAGs
[2021-12-10 08:42:32,353] {logging_mixin.py:109} INFO - [2021-12-10 08:42:32,353] {dag.py:2928} INFO - Setting next_dagrun for example_task_group_decorator to 2021-12-09T08:42:32.352987+00:00
[2021-12-10 08:42:32,366] {processor.py:171} INFO - Processing /home/airflow/.local/lib/python3.7/site-packages/airflow/example_dags/example_task_group_decorator.py took 0.385 seconds
[2021-12-10 08:43:02,714] {processor.py:163} INFO - Started process (PID=2465) to work on /home/airflow/.local/lib/python3.7/site-packages/airflow/example_dags/example_task_group_decorator.py
[2021-12-10 08:43:02,715] {processor.py:625} INFO - Processing file /home/airflow/.local/lib/python3.7/site-packages/airflow/example_dags/example_task_group_decorator.py for tasks to queue
[2021-12-10 08:43:02,716] {logging_mixin.py:109} INFO - [2021-12-10 08:43:02,716] {dagbag.py:500} INFO - Filling up the DagBag from /home/airflow/.local/lib/python3.7/site-packages/airflow/example_dags/example_task_group_decorator.py
[2021-12-10 08:43:02,758] {processor.py:637} INFO - DAG(s) dict_keys(['example_task_group_decorator']) retrieved from /home/airflow/.local/lib/python3.7/site-packages/airflow/example_dags/example_task_group_decorator.py
[2021-12-10 08:43:03,080] {logging_mixin.py:109} INFO - [2021-12-10 08:43:03,080] {dag.py:2396} INFO - Sync 1 DAGs
[2021-12-10 08:43:03,093] {logging_mixin.py:109} INFO - [2021-12-10 08:43:03,093] {dag.py:2928} INFO - Setting next_dagrun for example_task_group_decorator to 2021-12-09T08:43:03.093065+00:00
[2021-12-10 08:43:03,106] {processor.py:171} INFO - Processing /home/airflow/.local/lib/python3.7/site-packages/airflow/example_dags/example_task_group_decorator.py took 0.396 seconds
[2021-12-10 08:43:33,154] {processor.py:163} INFO - Started process (PID=2525) to work on /home/airflow/.local/lib/python3.7/site-packages/airflow/example_dags/example_task_group_decorator.py
[2021-12-10 08:43:33,156] {processor.py:625} INFO - Processing file /home/airflow/.local/lib/python3.7/site-packages/airflow/example_dags/example_task_group_decorator.py for tasks to queue
[2021-12-10 08:43:33,156] {logging_mixin.py:109} INFO - [2021-12-10 08:43:33,156] {dagbag.py:500} INFO - Filling up the DagBag from /home/airflow/.local/lib/python3.7/site-packages/airflow/example_dags/example_task_group_decorator.py
[2021-12-10 08:43:33,201] {processor.py:637} INFO - DAG(s) dict_keys(['example_task_group_decorator']) retrieved from /home/airflow/.local/lib/python3.7/site-packages/airflow/example_dags/example_task_group_decorator.py
[2021-12-10 08:43:33,545] {logging_mixin.py:109} INFO - [2021-12-10 08:43:33,545] {dag.py:2396} INFO - Sync 1 DAGs
[2021-12-10 08:43:33,560] {logging_mixin.py:109} INFO - [2021-12-10 08:43:33,560] {dag.py:2928} INFO - Setting next_dagrun for example_task_group_decorator to 2021-12-09T08:43:33.559837+00:00
[2021-12-10 08:43:33,572] {processor.py:171} INFO - Processing /home/airflow/.local/lib/python3.7/site-packages/airflow/example_dags/example_task_group_decorator.py took 0.422 seconds
[2021-12-10 08:44:04,372] {processor.py:163} INFO - Started process (PID=2577) to work on /home/airflow/.local/lib/python3.7/site-packages/airflow/example_dags/example_task_group_decorator.py
[2021-12-10 08:44:04,374] {processor.py:625} INFO - Processing file /home/airflow/.local/lib/python3.7/site-packages/airflow/example_dags/example_task_group_decorator.py for tasks to queue
[2021-12-10 08:44:04,375] {logging_mixin.py:109} INFO - [2021-12-10 08:44:04,375] {dagbag.py:500} INFO - Filling up the DagBag from /home/airflow/.local/lib/python3.7/site-packages/airflow/example_dags/example_task_group_decorator.py
[2021-12-10 08:44:04,417] {processor.py:637} INFO - DAG(s) dict_keys(['example_task_group_decorator']) retrieved from /home/airflow/.local/lib/python3.7/site-packages/airflow/example_dags/example_task_group_decorator.py
[2021-12-10 08:44:04,738] {logging_mixin.py:109} INFO - [2021-12-10 08:44:04,738] {dag.py:2396} INFO - Sync 1 DAGs
[2021-12-10 08:44:04,752] {logging_mixin.py:109} INFO - [2021-12-10 08:44:04,752] {dag.py:2928} INFO - Setting next_dagrun for example_task_group_decorator to 2021-12-09T08:44:04.752354+00:00
[2021-12-10 08:44:04,763] {processor.py:171} INFO - Processing /home/airflow/.local/lib/python3.7/site-packages/airflow/example_dags/example_task_group_decorator.py took 0.394 seconds
[2021-12-10 08:44:35,763] {processor.py:163} INFO - Started process (PID=2643) to work on /home/airflow/.local/lib/python3.7/site-packages/airflow/example_dags/example_task_group_decorator.py
[2021-12-10 08:44:35,765] {processor.py:625} INFO - Processing file /home/airflow/.local/lib/python3.7/site-packages/airflow/example_dags/example_task_group_decorator.py for tasks to queue
[2021-12-10 08:44:35,766] {logging_mixin.py:109} INFO - [2021-12-10 08:44:35,766] {dagbag.py:500} INFO - Filling up the DagBag from /home/airflow/.local/lib/python3.7/site-packages/airflow/example_dags/example_task_group_decorator.py
[2021-12-10 08:44:35,809] {processor.py:637} INFO - DAG(s) dict_keys(['example_task_group_decorator']) retrieved from /home/airflow/.local/lib/python3.7/site-packages/airflow/example_dags/example_task_group_decorator.py
[2021-12-10 08:44:36,152] {logging_mixin.py:109} INFO - [2021-12-10 08:44:36,152] {dag.py:2396} INFO - Sync 1 DAGs
[2021-12-10 08:44:36,168] {logging_mixin.py:109} INFO - [2021-12-10 08:44:36,167] {dag.py:2928} INFO - Setting next_dagrun for example_task_group_decorator to 2021-12-09T08:44:36.167631+00:00
[2021-12-10 08:44:36,181] {processor.py:171} INFO - Processing /home/airflow/.local/lib/python3.7/site-packages/airflow/example_dags/example_task_group_decorator.py took 0.422 seconds
[2021-12-10 08:45:07,103] {processor.py:163} INFO - Started process (PID=2702) to work on /home/airflow/.local/lib/python3.7/site-packages/airflow/example_dags/example_task_group_decorator.py
[2021-12-10 08:45:07,105] {processor.py:625} INFO - Processing file /home/airflow/.local/lib/python3.7/site-packages/airflow/example_dags/example_task_group_decorator.py for tasks to queue
[2021-12-10 08:45:07,105] {logging_mixin.py:109} INFO - [2021-12-10 08:45:07,105] {dagbag.py:500} INFO - Filling up the DagBag from /home/airflow/.local/lib/python3.7/site-packages/airflow/example_dags/example_task_group_decorator.py
[2021-12-10 08:45:07,152] {processor.py:637} INFO - DAG(s) dict_keys(['example_task_group_decorator']) retrieved from /home/airflow/.local/lib/python3.7/site-packages/airflow/example_dags/example_task_group_decorator.py
[2021-12-10 08:45:07,472] {logging_mixin.py:109} INFO - [2021-12-10 08:45:07,472] {dag.py:2396} INFO - Sync 1 DAGs
[2021-12-10 08:45:07,488] {logging_mixin.py:109} INFO - [2021-12-10 08:45:07,488] {dag.py:2928} INFO - Setting next_dagrun for example_task_group_decorator to 2021-12-09T08:45:07.487988+00:00
[2021-12-10 08:45:07,499] {processor.py:171} INFO - Processing /home/airflow/.local/lib/python3.7/site-packages/airflow/example_dags/example_task_group_decorator.py took 0.400 seconds
[2021-12-10 08:45:37,552] {processor.py:163} INFO - Started process (PID=2761) to work on /home/airflow/.local/lib/python3.7/site-packages/airflow/example_dags/example_task_group_decorator.py
[2021-12-10 08:45:37,553] {processor.py:625} INFO - Processing file /home/airflow/.local/lib/python3.7/site-packages/airflow/example_dags/example_task_group_decorator.py for tasks to queue
[2021-12-10 08:45:37,554] {logging_mixin.py:109} INFO - [2021-12-10 08:45:37,554] {dagbag.py:500} INFO - Filling up the DagBag from /home/airflow/.local/lib/python3.7/site-packages/airflow/example_dags/example_task_group_decorator.py
[2021-12-10 08:45:37,595] {processor.py:637} INFO - DAG(s) dict_keys(['example_task_group_decorator']) retrieved from /home/airflow/.local/lib/python3.7/site-packages/airflow/example_dags/example_task_group_decorator.py
[2021-12-10 08:45:37,914] {logging_mixin.py:109} INFO - [2021-12-10 08:45:37,914] {dag.py:2396} INFO - Sync 1 DAGs
[2021-12-10 08:45:37,930] {logging_mixin.py:109} INFO - [2021-12-10 08:45:37,930] {dag.py:2928} INFO - Setting next_dagrun for example_task_group_decorator to 2021-12-09T08:45:37.930305+00:00
[2021-12-10 08:45:37,942] {processor.py:171} INFO - Processing /home/airflow/.local/lib/python3.7/site-packages/airflow/example_dags/example_task_group_decorator.py took 0.394 seconds
[2021-12-10 08:46:08,515] {processor.py:163} INFO - Started process (PID=2816) to work on /home/airflow/.local/lib/python3.7/site-packages/airflow/example_dags/example_task_group_decorator.py
[2021-12-10 08:46:08,517] {processor.py:625} INFO - Processing file /home/airflow/.local/lib/python3.7/site-packages/airflow/example_dags/example_task_group_decorator.py for tasks to queue
[2021-12-10 08:46:08,518] {logging_mixin.py:109} INFO - [2021-12-10 08:46:08,518] {dagbag.py:500} INFO - Filling up the DagBag from /home/airflow/.local/lib/python3.7/site-packages/airflow/example_dags/example_task_group_decorator.py
[2021-12-10 08:46:08,561] {processor.py:637} INFO - DAG(s) dict_keys(['example_task_group_decorator']) retrieved from /home/airflow/.local/lib/python3.7/site-packages/airflow/example_dags/example_task_group_decorator.py
[2021-12-10 08:46:08,883] {logging_mixin.py:109} INFO - [2021-12-10 08:46:08,883] {dag.py:2396} INFO - Sync 1 DAGs
[2021-12-10 08:46:08,899] {logging_mixin.py:109} INFO - [2021-12-10 08:46:08,899] {dag.py:2928} INFO - Setting next_dagrun for example_task_group_decorator to 2021-12-09T08:46:08.899050+00:00
[2021-12-10 08:46:08,911] {processor.py:171} INFO - Processing /home/airflow/.local/lib/python3.7/site-packages/airflow/example_dags/example_task_group_decorator.py took 0.400 seconds
[2021-12-10 08:46:39,182] {processor.py:163} INFO - Started process (PID=2868) to work on /home/airflow/.local/lib/python3.7/site-packages/airflow/example_dags/example_task_group_decorator.py
[2021-12-10 08:46:39,184] {processor.py:625} INFO - Processing file /home/airflow/.local/lib/python3.7/site-packages/airflow/example_dags/example_task_group_decorator.py for tasks to queue
[2021-12-10 08:46:39,184] {logging_mixin.py:109} INFO - [2021-12-10 08:46:39,184] {dagbag.py:500} INFO - Filling up the DagBag from /home/airflow/.local/lib/python3.7/site-packages/airflow/example_dags/example_task_group_decorator.py
[2021-12-10 08:46:39,230] {processor.py:637} INFO - DAG(s) dict_keys(['example_task_group_decorator']) retrieved from /home/airflow/.local/lib/python3.7/site-packages/airflow/example_dags/example_task_group_decorator.py
[2021-12-10 08:46:39,560] {logging_mixin.py:109} INFO - [2021-12-10 08:46:39,560] {dag.py:2396} INFO - Sync 1 DAGs
[2021-12-10 08:46:39,580] {logging_mixin.py:109} INFO - [2021-12-10 08:46:39,580] {dag.py:2928} INFO - Setting next_dagrun for example_task_group_decorator to 2021-12-09T08:46:39.580152+00:00
[2021-12-10 08:46:39,592] {processor.py:171} INFO - Processing /home/airflow/.local/lib/python3.7/site-packages/airflow/example_dags/example_task_group_decorator.py took 0.414 seconds
[2021-12-10 08:47:10,015] {processor.py:163} INFO - Started process (PID=2929) to work on /home/airflow/.local/lib/python3.7/site-packages/airflow/example_dags/example_task_group_decorator.py
[2021-12-10 08:47:10,017] {processor.py:625} INFO - Processing file /home/airflow/.local/lib/python3.7/site-packages/airflow/example_dags/example_task_group_decorator.py for tasks to queue
[2021-12-10 08:47:10,018] {logging_mixin.py:109} INFO - [2021-12-10 08:47:10,018] {dagbag.py:500} INFO - Filling up the DagBag from /home/airflow/.local/lib/python3.7/site-packages/airflow/example_dags/example_task_group_decorator.py
[2021-12-10 08:47:10,166] {processor.py:637} INFO - DAG(s) dict_keys(['example_task_group_decorator']) retrieved from /home/airflow/.local/lib/python3.7/site-packages/airflow/example_dags/example_task_group_decorator.py
[2021-12-10 08:47:10,370] {logging_mixin.py:109} INFO - [2021-12-10 08:47:10,369] {dag.py:2396} INFO - Sync 1 DAGs
[2021-12-10 08:47:10,383] {logging_mixin.py:109} INFO - [2021-12-10 08:47:10,383] {dag.py:2928} INFO - Setting next_dagrun for example_task_group_decorator to 2021-12-09T08:47:10.382971+00:00
[2021-12-10 08:47:10,393] {processor.py:171} INFO - Processing /home/airflow/.local/lib/python3.7/site-packages/airflow/example_dags/example_task_group_decorator.py took 0.382 seconds
