[2021-12-10 08:23:49,415] {processor.py:163} INFO - Started process (PID=273) to work on /home/airflow/.local/lib/python3.7/site-packages/airflow/example_dags/example_latest_only_with_trigger.py
[2021-12-10 08:23:49,417] {processor.py:625} INFO - Processing file /home/airflow/.local/lib/python3.7/site-packages/airflow/example_dags/example_latest_only_with_trigger.py for tasks to queue
[2021-12-10 08:23:49,418] {logging_mixin.py:109} INFO - [2021-12-10 08:23:49,417] {dagbag.py:500} INFO - Filling up the DagBag from /home/airflow/.local/lib/python3.7/site-packages/airflow/example_dags/example_latest_only_with_trigger.py
[2021-12-10 08:23:49,450] {processor.py:637} INFO - DAG(s) dict_keys(['latest_only_with_trigger']) retrieved from /home/airflow/.local/lib/python3.7/site-packages/airflow/example_dags/example_latest_only_with_trigger.py
[2021-12-10 08:23:50,764] {logging_mixin.py:109} INFO - [2021-12-10 08:23:50,764] {providers_manager.py:156} WARNING - Exception when importing 'airflow.providers.google.leveldb.hooks.leveldb.LevelDBHook' from 'apache-airflow-providers-google' package: No module named 'plyvel'
[2021-12-10 08:23:51,236] {logging_mixin.py:109} INFO - [2021-12-10 08:23:51,236] {providers_manager.py:156} WARNING - Exception when importing 'airflow.providers.google.leveldb.hooks.leveldb.LevelDBHook' from 'apache-airflow-providers-google' package: No module named 'plyvel'
[2021-12-10 08:23:51,259] {logging_mixin.py:109} INFO - [2021-12-10 08:23:51,259] {manager.py:496} INFO - Created Permission View: can read on DAG:latest_only_with_trigger
[2021-12-10 08:23:51,267] {logging_mixin.py:109} INFO - [2021-12-10 08:23:51,267] {manager.py:496} INFO - Created Permission View: can edit on DAG:latest_only_with_trigger
[2021-12-10 08:23:51,267] {logging_mixin.py:109} INFO - [2021-12-10 08:23:51,267] {dag.py:2396} INFO - Sync 1 DAGs
[2021-12-10 08:23:51,276] {logging_mixin.py:109} INFO - [2021-12-10 08:23:51,276] {dag.py:2415} INFO - Creating ORM DAG for latest_only_with_trigger
[2021-12-10 08:23:51,285] {logging_mixin.py:109} INFO - [2021-12-10 08:23:51,284] {dag.py:2928} INFO - Setting next_dagrun for latest_only_with_trigger to 2021-12-10T04:23:51.284695+00:00
[2021-12-10 08:23:51,296] {processor.py:171} INFO - Processing /home/airflow/.local/lib/python3.7/site-packages/airflow/example_dags/example_latest_only_with_trigger.py took 1.885 seconds
[2021-12-10 08:24:21,542] {processor.py:163} INFO - Started process (PID=390) to work on /home/airflow/.local/lib/python3.7/site-packages/airflow/example_dags/example_latest_only_with_trigger.py
[2021-12-10 08:24:21,544] {processor.py:625} INFO - Processing file /home/airflow/.local/lib/python3.7/site-packages/airflow/example_dags/example_latest_only_with_trigger.py for tasks to queue
[2021-12-10 08:24:21,544] {logging_mixin.py:109} INFO - [2021-12-10 08:24:21,544] {dagbag.py:500} INFO - Filling up the DagBag from /home/airflow/.local/lib/python3.7/site-packages/airflow/example_dags/example_latest_only_with_trigger.py
[2021-12-10 08:24:21,573] {processor.py:637} INFO - DAG(s) dict_keys(['latest_only_with_trigger']) retrieved from /home/airflow/.local/lib/python3.7/site-packages/airflow/example_dags/example_latest_only_with_trigger.py
[2021-12-10 08:24:21,584] {logging_mixin.py:109} INFO - [2021-12-10 08:24:21,584] {dag.py:2396} INFO - Sync 1 DAGs
[2021-12-10 08:24:21,601] {logging_mixin.py:109} INFO - [2021-12-10 08:24:21,601] {dag.py:2928} INFO - Setting next_dagrun for latest_only_with_trigger to 2021-12-10T04:24:21.601363+00:00
[2021-12-10 08:24:21,611] {processor.py:171} INFO - Processing /home/airflow/.local/lib/python3.7/site-packages/airflow/example_dags/example_latest_only_with_trigger.py took 0.073 seconds
[2021-12-10 08:24:51,959] {processor.py:163} INFO - Started process (PID=451) to work on /home/airflow/.local/lib/python3.7/site-packages/airflow/example_dags/example_latest_only_with_trigger.py
[2021-12-10 08:24:51,960] {processor.py:625} INFO - Processing file /home/airflow/.local/lib/python3.7/site-packages/airflow/example_dags/example_latest_only_with_trigger.py for tasks to queue
[2021-12-10 08:24:51,961] {logging_mixin.py:109} INFO - [2021-12-10 08:24:51,961] {dagbag.py:500} INFO - Filling up the DagBag from /home/airflow/.local/lib/python3.7/site-packages/airflow/example_dags/example_latest_only_with_trigger.py
[2021-12-10 08:24:51,988] {processor.py:637} INFO - DAG(s) dict_keys(['latest_only_with_trigger']) retrieved from /home/airflow/.local/lib/python3.7/site-packages/airflow/example_dags/example_latest_only_with_trigger.py
[2021-12-10 08:24:51,999] {logging_mixin.py:109} INFO - [2021-12-10 08:24:51,999] {dag.py:2396} INFO - Sync 1 DAGs
[2021-12-10 08:24:52,015] {logging_mixin.py:109} INFO - [2021-12-10 08:24:52,015] {dag.py:2928} INFO - Setting next_dagrun for latest_only_with_trigger to 2021-12-10T04:24:52.015049+00:00
[2021-12-10 08:24:52,024] {processor.py:171} INFO - Processing /home/airflow/.local/lib/python3.7/site-packages/airflow/example_dags/example_latest_only_with_trigger.py took 0.069 seconds
[2021-12-10 08:25:22,317] {processor.py:163} INFO - Started process (PID=504) to work on /home/airflow/.local/lib/python3.7/site-packages/airflow/example_dags/example_latest_only_with_trigger.py
[2021-12-10 08:25:22,319] {processor.py:625} INFO - Processing file /home/airflow/.local/lib/python3.7/site-packages/airflow/example_dags/example_latest_only_with_trigger.py for tasks to queue
[2021-12-10 08:25:22,319] {logging_mixin.py:109} INFO - [2021-12-10 08:25:22,319] {dagbag.py:500} INFO - Filling up the DagBag from /home/airflow/.local/lib/python3.7/site-packages/airflow/example_dags/example_latest_only_with_trigger.py
[2021-12-10 08:25:22,345] {processor.py:637} INFO - DAG(s) dict_keys(['latest_only_with_trigger']) retrieved from /home/airflow/.local/lib/python3.7/site-packages/airflow/example_dags/example_latest_only_with_trigger.py
[2021-12-10 08:25:22,355] {logging_mixin.py:109} INFO - [2021-12-10 08:25:22,355] {dag.py:2396} INFO - Sync 1 DAGs
[2021-12-10 08:25:22,372] {logging_mixin.py:109} INFO - [2021-12-10 08:25:22,371] {dag.py:2928} INFO - Setting next_dagrun for latest_only_with_trigger to 2021-12-10T04:25:22.371649+00:00
[2021-12-10 08:25:22,381] {processor.py:171} INFO - Processing /home/airflow/.local/lib/python3.7/site-packages/airflow/example_dags/example_latest_only_with_trigger.py took 0.067 seconds
[2021-12-10 08:25:52,721] {processor.py:163} INFO - Started process (PID=566) to work on /home/airflow/.local/lib/python3.7/site-packages/airflow/example_dags/example_latest_only_with_trigger.py
[2021-12-10 08:25:52,723] {processor.py:625} INFO - Processing file /home/airflow/.local/lib/python3.7/site-packages/airflow/example_dags/example_latest_only_with_trigger.py for tasks to queue
[2021-12-10 08:25:52,723] {logging_mixin.py:109} INFO - [2021-12-10 08:25:52,723] {dagbag.py:500} INFO - Filling up the DagBag from /home/airflow/.local/lib/python3.7/site-packages/airflow/example_dags/example_latest_only_with_trigger.py
[2021-12-10 08:25:52,753] {processor.py:637} INFO - DAG(s) dict_keys(['latest_only_with_trigger']) retrieved from /home/airflow/.local/lib/python3.7/site-packages/airflow/example_dags/example_latest_only_with_trigger.py
[2021-12-10 08:25:52,764] {logging_mixin.py:109} INFO - [2021-12-10 08:25:52,764] {dag.py:2396} INFO - Sync 1 DAGs
[2021-12-10 08:25:52,781] {logging_mixin.py:109} INFO - [2021-12-10 08:25:52,781] {dag.py:2928} INFO - Setting next_dagrun for latest_only_with_trigger to 2021-12-10T04:25:52.780873+00:00
[2021-12-10 08:25:52,790] {processor.py:171} INFO - Processing /home/airflow/.local/lib/python3.7/site-packages/airflow/example_dags/example_latest_only_with_trigger.py took 0.073 seconds
[2021-12-10 08:26:22,841] {processor.py:163} INFO - Started process (PID=618) to work on /home/airflow/.local/lib/python3.7/site-packages/airflow/example_dags/example_latest_only_with_trigger.py
[2021-12-10 08:26:22,843] {processor.py:625} INFO - Processing file /home/airflow/.local/lib/python3.7/site-packages/airflow/example_dags/example_latest_only_with_trigger.py for tasks to queue
[2021-12-10 08:26:22,844] {logging_mixin.py:109} INFO - [2021-12-10 08:26:22,843] {dagbag.py:500} INFO - Filling up the DagBag from /home/airflow/.local/lib/python3.7/site-packages/airflow/example_dags/example_latest_only_with_trigger.py
[2021-12-10 08:26:22,874] {processor.py:637} INFO - DAG(s) dict_keys(['latest_only_with_trigger']) retrieved from /home/airflow/.local/lib/python3.7/site-packages/airflow/example_dags/example_latest_only_with_trigger.py
[2021-12-10 08:26:22,887] {logging_mixin.py:109} INFO - [2021-12-10 08:26:22,887] {dag.py:2396} INFO - Sync 1 DAGs
[2021-12-10 08:26:22,907] {logging_mixin.py:109} INFO - [2021-12-10 08:26:22,907] {dag.py:2928} INFO - Setting next_dagrun for latest_only_with_trigger to 2021-12-10T04:26:22.907119+00:00
[2021-12-10 08:26:22,919] {processor.py:171} INFO - Processing /home/airflow/.local/lib/python3.7/site-packages/airflow/example_dags/example_latest_only_with_trigger.py took 0.081 seconds
[2021-12-10 08:26:53,003] {processor.py:163} INFO - Started process (PID=670) to work on /home/airflow/.local/lib/python3.7/site-packages/airflow/example_dags/example_latest_only_with_trigger.py
[2021-12-10 08:26:53,004] {processor.py:625} INFO - Processing file /home/airflow/.local/lib/python3.7/site-packages/airflow/example_dags/example_latest_only_with_trigger.py for tasks to queue
[2021-12-10 08:26:53,005] {logging_mixin.py:109} INFO - [2021-12-10 08:26:53,005] {dagbag.py:500} INFO - Filling up the DagBag from /home/airflow/.local/lib/python3.7/site-packages/airflow/example_dags/example_latest_only_with_trigger.py
[2021-12-10 08:26:53,039] {processor.py:637} INFO - DAG(s) dict_keys(['latest_only_with_trigger']) retrieved from /home/airflow/.local/lib/python3.7/site-packages/airflow/example_dags/example_latest_only_with_trigger.py
[2021-12-10 08:26:53,051] {logging_mixin.py:109} INFO - [2021-12-10 08:26:53,051] {dag.py:2396} INFO - Sync 1 DAGs
[2021-12-10 08:26:53,069] {logging_mixin.py:109} INFO - [2021-12-10 08:26:53,069] {dag.py:2928} INFO - Setting next_dagrun for latest_only_with_trigger to 2021-12-10T04:26:53.069202+00:00
[2021-12-10 08:26:53,080] {processor.py:171} INFO - Processing /home/airflow/.local/lib/python3.7/site-packages/airflow/example_dags/example_latest_only_with_trigger.py took 0.083 seconds
[2021-12-10 08:27:23,356] {processor.py:163} INFO - Started process (PID=733) to work on /home/airflow/.local/lib/python3.7/site-packages/airflow/example_dags/example_latest_only_with_trigger.py
[2021-12-10 08:27:23,358] {processor.py:625} INFO - Processing file /home/airflow/.local/lib/python3.7/site-packages/airflow/example_dags/example_latest_only_with_trigger.py for tasks to queue
[2021-12-10 08:27:23,358] {logging_mixin.py:109} INFO - [2021-12-10 08:27:23,358] {dagbag.py:500} INFO - Filling up the DagBag from /home/airflow/.local/lib/python3.7/site-packages/airflow/example_dags/example_latest_only_with_trigger.py
[2021-12-10 08:27:23,386] {processor.py:637} INFO - DAG(s) dict_keys(['latest_only_with_trigger']) retrieved from /home/airflow/.local/lib/python3.7/site-packages/airflow/example_dags/example_latest_only_with_trigger.py
[2021-12-10 08:27:23,397] {logging_mixin.py:109} INFO - [2021-12-10 08:27:23,396] {dag.py:2396} INFO - Sync 1 DAGs
[2021-12-10 08:27:23,414] {logging_mixin.py:109} INFO - [2021-12-10 08:27:23,413] {dag.py:2928} INFO - Setting next_dagrun for latest_only_with_trigger to 2021-12-10T04:27:23.413615+00:00
[2021-12-10 08:27:23,423] {processor.py:171} INFO - Processing /home/airflow/.local/lib/python3.7/site-packages/airflow/example_dags/example_latest_only_with_trigger.py took 0.072 seconds
[2021-12-10 08:27:53,548] {processor.py:163} INFO - Started process (PID=786) to work on /home/airflow/.local/lib/python3.7/site-packages/airflow/example_dags/example_latest_only_with_trigger.py
[2021-12-10 08:27:53,550] {processor.py:625} INFO - Processing file /home/airflow/.local/lib/python3.7/site-packages/airflow/example_dags/example_latest_only_with_trigger.py for tasks to queue
[2021-12-10 08:27:53,551] {logging_mixin.py:109} INFO - [2021-12-10 08:27:53,550] {dagbag.py:500} INFO - Filling up the DagBag from /home/airflow/.local/lib/python3.7/site-packages/airflow/example_dags/example_latest_only_with_trigger.py
[2021-12-10 08:27:53,579] {processor.py:637} INFO - DAG(s) dict_keys(['latest_only_with_trigger']) retrieved from /home/airflow/.local/lib/python3.7/site-packages/airflow/example_dags/example_latest_only_with_trigger.py
[2021-12-10 08:27:53,590] {logging_mixin.py:109} INFO - [2021-12-10 08:27:53,590] {dag.py:2396} INFO - Sync 1 DAGs
[2021-12-10 08:27:53,607] {logging_mixin.py:109} INFO - [2021-12-10 08:27:53,607] {dag.py:2928} INFO - Setting next_dagrun for latest_only_with_trigger to 2021-12-10T04:27:53.607044+00:00
[2021-12-10 08:27:53,616] {processor.py:171} INFO - Processing /home/airflow/.local/lib/python3.7/site-packages/airflow/example_dags/example_latest_only_with_trigger.py took 0.072 seconds
[2021-12-10 08:28:23,747] {processor.py:163} INFO - Started process (PID=847) to work on /home/airflow/.local/lib/python3.7/site-packages/airflow/example_dags/example_latest_only_with_trigger.py
[2021-12-10 08:28:23,748] {processor.py:625} INFO - Processing file /home/airflow/.local/lib/python3.7/site-packages/airflow/example_dags/example_latest_only_with_trigger.py for tasks to queue
[2021-12-10 08:28:23,749] {logging_mixin.py:109} INFO - [2021-12-10 08:28:23,749] {dagbag.py:500} INFO - Filling up the DagBag from /home/airflow/.local/lib/python3.7/site-packages/airflow/example_dags/example_latest_only_with_trigger.py
[2021-12-10 08:28:23,776] {processor.py:637} INFO - DAG(s) dict_keys(['latest_only_with_trigger']) retrieved from /home/airflow/.local/lib/python3.7/site-packages/airflow/example_dags/example_latest_only_with_trigger.py
[2021-12-10 08:28:23,787] {logging_mixin.py:109} INFO - [2021-12-10 08:28:23,786] {dag.py:2396} INFO - Sync 1 DAGs
[2021-12-10 08:28:23,803] {logging_mixin.py:109} INFO - [2021-12-10 08:28:23,803] {dag.py:2928} INFO - Setting next_dagrun for latest_only_with_trigger to 2021-12-10T04:28:23.803297+00:00
[2021-12-10 08:28:23,813] {processor.py:171} INFO - Processing /home/airflow/.local/lib/python3.7/site-packages/airflow/example_dags/example_latest_only_with_trigger.py took 0.071 seconds
[2021-12-10 08:28:53,986] {processor.py:163} INFO - Started process (PID=899) to work on /home/airflow/.local/lib/python3.7/site-packages/airflow/example_dags/example_latest_only_with_trigger.py
[2021-12-10 08:28:53,987] {processor.py:625} INFO - Processing file /home/airflow/.local/lib/python3.7/site-packages/airflow/example_dags/example_latest_only_with_trigger.py for tasks to queue
[2021-12-10 08:28:53,987] {logging_mixin.py:109} INFO - [2021-12-10 08:28:53,987] {dagbag.py:500} INFO - Filling up the DagBag from /home/airflow/.local/lib/python3.7/site-packages/airflow/example_dags/example_latest_only_with_trigger.py
[2021-12-10 08:28:54,017] {processor.py:637} INFO - DAG(s) dict_keys(['latest_only_with_trigger']) retrieved from /home/airflow/.local/lib/python3.7/site-packages/airflow/example_dags/example_latest_only_with_trigger.py
[2021-12-10 08:28:54,030] {logging_mixin.py:109} INFO - [2021-12-10 08:28:54,030] {dag.py:2396} INFO - Sync 1 DAGs
[2021-12-10 08:28:54,049] {logging_mixin.py:109} INFO - [2021-12-10 08:28:54,049] {dag.py:2928} INFO - Setting next_dagrun for latest_only_with_trigger to 2021-12-10T04:28:54.048810+00:00
[2021-12-10 08:28:54,059] {processor.py:171} INFO - Processing /home/airflow/.local/lib/python3.7/site-packages/airflow/example_dags/example_latest_only_with_trigger.py took 0.077 seconds
[2021-12-10 08:29:24,086] {processor.py:163} INFO - Started process (PID=951) to work on /home/airflow/.local/lib/python3.7/site-packages/airflow/example_dags/example_latest_only_with_trigger.py
[2021-12-10 08:29:24,087] {processor.py:625} INFO - Processing file /home/airflow/.local/lib/python3.7/site-packages/airflow/example_dags/example_latest_only_with_trigger.py for tasks to queue
[2021-12-10 08:29:24,088] {logging_mixin.py:109} INFO - [2021-12-10 08:29:24,088] {dagbag.py:500} INFO - Filling up the DagBag from /home/airflow/.local/lib/python3.7/site-packages/airflow/example_dags/example_latest_only_with_trigger.py
[2021-12-10 08:29:24,122] {processor.py:637} INFO - DAG(s) dict_keys(['latest_only_with_trigger']) retrieved from /home/airflow/.local/lib/python3.7/site-packages/airflow/example_dags/example_latest_only_with_trigger.py
[2021-12-10 08:29:24,137] {logging_mixin.py:109} INFO - [2021-12-10 08:29:24,137] {dag.py:2396} INFO - Sync 1 DAGs
[2021-12-10 08:29:24,160] {logging_mixin.py:109} INFO - [2021-12-10 08:29:24,160] {dag.py:2928} INFO - Setting next_dagrun for latest_only_with_trigger to 2021-12-10T04:29:24.160465+00:00
[2021-12-10 08:29:24,171] {processor.py:171} INFO - Processing /home/airflow/.local/lib/python3.7/site-packages/airflow/example_dags/example_latest_only_with_trigger.py took 0.091 seconds
[2021-12-10 08:29:54,204] {processor.py:163} INFO - Started process (PID=1012) to work on /home/airflow/.local/lib/python3.7/site-packages/airflow/example_dags/example_latest_only_with_trigger.py
[2021-12-10 08:29:54,206] {processor.py:625} INFO - Processing file /home/airflow/.local/lib/python3.7/site-packages/airflow/example_dags/example_latest_only_with_trigger.py for tasks to queue
[2021-12-10 08:29:54,207] {logging_mixin.py:109} INFO - [2021-12-10 08:29:54,207] {dagbag.py:500} INFO - Filling up the DagBag from /home/airflow/.local/lib/python3.7/site-packages/airflow/example_dags/example_latest_only_with_trigger.py
[2021-12-10 08:29:54,234] {processor.py:637} INFO - DAG(s) dict_keys(['latest_only_with_trigger']) retrieved from /home/airflow/.local/lib/python3.7/site-packages/airflow/example_dags/example_latest_only_with_trigger.py
[2021-12-10 08:29:54,244] {logging_mixin.py:109} INFO - [2021-12-10 08:29:54,244] {dag.py:2396} INFO - Sync 1 DAGs
[2021-12-10 08:29:54,261] {logging_mixin.py:109} INFO - [2021-12-10 08:29:54,261] {dag.py:2928} INFO - Setting next_dagrun for latest_only_with_trigger to 2021-12-10T04:29:54.261197+00:00
[2021-12-10 08:29:54,271] {processor.py:171} INFO - Processing /home/airflow/.local/lib/python3.7/site-packages/airflow/example_dags/example_latest_only_with_trigger.py took 0.071 seconds
[2021-12-10 08:30:25,383] {processor.py:163} INFO - Started process (PID=1064) to work on /home/airflow/.local/lib/python3.7/site-packages/airflow/example_dags/example_latest_only_with_trigger.py
[2021-12-10 08:30:25,385] {processor.py:625} INFO - Processing file /home/airflow/.local/lib/python3.7/site-packages/airflow/example_dags/example_latest_only_with_trigger.py for tasks to queue
[2021-12-10 08:30:25,386] {logging_mixin.py:109} INFO - [2021-12-10 08:30:25,386] {dagbag.py:500} INFO - Filling up the DagBag from /home/airflow/.local/lib/python3.7/site-packages/airflow/example_dags/example_latest_only_with_trigger.py
[2021-12-10 08:30:25,416] {processor.py:637} INFO - DAG(s) dict_keys(['latest_only_with_trigger']) retrieved from /home/airflow/.local/lib/python3.7/site-packages/airflow/example_dags/example_latest_only_with_trigger.py
[2021-12-10 08:30:25,427] {logging_mixin.py:109} INFO - [2021-12-10 08:30:25,427] {dag.py:2396} INFO - Sync 1 DAGs
[2021-12-10 08:30:25,449] {logging_mixin.py:109} INFO - [2021-12-10 08:30:25,449] {dag.py:2928} INFO - Setting next_dagrun for latest_only_with_trigger to 2021-12-10T04:30:25.448846+00:00
[2021-12-10 08:30:25,460] {processor.py:171} INFO - Processing /home/airflow/.local/lib/python3.7/site-packages/airflow/example_dags/example_latest_only_with_trigger.py took 0.081 seconds
[2021-12-10 08:30:56,639] {processor.py:163} INFO - Started process (PID=1126) to work on /home/airflow/.local/lib/python3.7/site-packages/airflow/example_dags/example_latest_only_with_trigger.py
[2021-12-10 08:30:56,641] {processor.py:625} INFO - Processing file /home/airflow/.local/lib/python3.7/site-packages/airflow/example_dags/example_latest_only_with_trigger.py for tasks to queue
[2021-12-10 08:30:56,642] {logging_mixin.py:109} INFO - [2021-12-10 08:30:56,641] {dagbag.py:500} INFO - Filling up the DagBag from /home/airflow/.local/lib/python3.7/site-packages/airflow/example_dags/example_latest_only_with_trigger.py
[2021-12-10 08:30:56,670] {processor.py:637} INFO - DAG(s) dict_keys(['latest_only_with_trigger']) retrieved from /home/airflow/.local/lib/python3.7/site-packages/airflow/example_dags/example_latest_only_with_trigger.py
[2021-12-10 08:30:56,681] {logging_mixin.py:109} INFO - [2021-12-10 08:30:56,681] {dag.py:2396} INFO - Sync 1 DAGs
[2021-12-10 08:30:56,700] {logging_mixin.py:109} INFO - [2021-12-10 08:30:56,700] {dag.py:2928} INFO - Setting next_dagrun for latest_only_with_trigger to 2021-12-10T04:30:56.700013+00:00
[2021-12-10 08:30:56,710] {processor.py:171} INFO - Processing /home/airflow/.local/lib/python3.7/site-packages/airflow/example_dags/example_latest_only_with_trigger.py took 0.074 seconds
[2021-12-10 08:31:27,842] {processor.py:163} INFO - Started process (PID=1178) to work on /home/airflow/.local/lib/python3.7/site-packages/airflow/example_dags/example_latest_only_with_trigger.py
[2021-12-10 08:31:27,844] {processor.py:625} INFO - Processing file /home/airflow/.local/lib/python3.7/site-packages/airflow/example_dags/example_latest_only_with_trigger.py for tasks to queue
[2021-12-10 08:31:27,845] {logging_mixin.py:109} INFO - [2021-12-10 08:31:27,845] {dagbag.py:500} INFO - Filling up the DagBag from /home/airflow/.local/lib/python3.7/site-packages/airflow/example_dags/example_latest_only_with_trigger.py
[2021-12-10 08:31:27,871] {processor.py:637} INFO - DAG(s) dict_keys(['latest_only_with_trigger']) retrieved from /home/airflow/.local/lib/python3.7/site-packages/airflow/example_dags/example_latest_only_with_trigger.py
[2021-12-10 08:31:27,881] {logging_mixin.py:109} INFO - [2021-12-10 08:31:27,881] {dag.py:2396} INFO - Sync 1 DAGs
[2021-12-10 08:31:27,898] {logging_mixin.py:109} INFO - [2021-12-10 08:31:27,897] {dag.py:2928} INFO - Setting next_dagrun for latest_only_with_trigger to 2021-12-10T04:31:27.897588+00:00
[2021-12-10 08:31:27,907] {processor.py:171} INFO - Processing /home/airflow/.local/lib/python3.7/site-packages/airflow/example_dags/example_latest_only_with_trigger.py took 0.068 seconds
[2021-12-10 08:31:59,134] {processor.py:163} INFO - Started process (PID=1241) to work on /home/airflow/.local/lib/python3.7/site-packages/airflow/example_dags/example_latest_only_with_trigger.py
[2021-12-10 08:31:59,136] {processor.py:625} INFO - Processing file /home/airflow/.local/lib/python3.7/site-packages/airflow/example_dags/example_latest_only_with_trigger.py for tasks to queue
[2021-12-10 08:31:59,137] {logging_mixin.py:109} INFO - [2021-12-10 08:31:59,137] {dagbag.py:500} INFO - Filling up the DagBag from /home/airflow/.local/lib/python3.7/site-packages/airflow/example_dags/example_latest_only_with_trigger.py
[2021-12-10 08:31:59,164] {processor.py:637} INFO - DAG(s) dict_keys(['latest_only_with_trigger']) retrieved from /home/airflow/.local/lib/python3.7/site-packages/airflow/example_dags/example_latest_only_with_trigger.py
[2021-12-10 08:31:59,174] {logging_mixin.py:109} INFO - [2021-12-10 08:31:59,173] {dag.py:2396} INFO - Sync 1 DAGs
[2021-12-10 08:31:59,191] {logging_mixin.py:109} INFO - [2021-12-10 08:31:59,191] {dag.py:2928} INFO - Setting next_dagrun for latest_only_with_trigger to 2021-12-10T04:31:59.191188+00:00
[2021-12-10 08:31:59,202] {processor.py:171} INFO - Processing /home/airflow/.local/lib/python3.7/site-packages/airflow/example_dags/example_latest_only_with_trigger.py took 0.072 seconds
[2021-12-10 08:32:29,703] {processor.py:163} INFO - Started process (PID=1294) to work on /home/airflow/.local/lib/python3.7/site-packages/airflow/example_dags/example_latest_only_with_trigger.py
[2021-12-10 08:32:29,705] {processor.py:625} INFO - Processing file /home/airflow/.local/lib/python3.7/site-packages/airflow/example_dags/example_latest_only_with_trigger.py for tasks to queue
[2021-12-10 08:32:29,705] {logging_mixin.py:109} INFO - [2021-12-10 08:32:29,705] {dagbag.py:500} INFO - Filling up the DagBag from /home/airflow/.local/lib/python3.7/site-packages/airflow/example_dags/example_latest_only_with_trigger.py
[2021-12-10 08:32:29,732] {processor.py:637} INFO - DAG(s) dict_keys(['latest_only_with_trigger']) retrieved from /home/airflow/.local/lib/python3.7/site-packages/airflow/example_dags/example_latest_only_with_trigger.py
[2021-12-10 08:32:29,743] {logging_mixin.py:109} INFO - [2021-12-10 08:32:29,743] {dag.py:2396} INFO - Sync 1 DAGs
[2021-12-10 08:32:29,760] {logging_mixin.py:109} INFO - [2021-12-10 08:32:29,760] {dag.py:2928} INFO - Setting next_dagrun for latest_only_with_trigger to 2021-12-10T04:32:29.759916+00:00
[2021-12-10 08:32:29,769] {processor.py:171} INFO - Processing /home/airflow/.local/lib/python3.7/site-packages/airflow/example_dags/example_latest_only_with_trigger.py took 0.070 seconds
[2021-12-10 08:32:59,935] {processor.py:163} INFO - Started process (PID=1346) to work on /home/airflow/.local/lib/python3.7/site-packages/airflow/example_dags/example_latest_only_with_trigger.py
[2021-12-10 08:32:59,937] {processor.py:625} INFO - Processing file /home/airflow/.local/lib/python3.7/site-packages/airflow/example_dags/example_latest_only_with_trigger.py for tasks to queue
[2021-12-10 08:32:59,938] {logging_mixin.py:109} INFO - [2021-12-10 08:32:59,937] {dagbag.py:500} INFO - Filling up the DagBag from /home/airflow/.local/lib/python3.7/site-packages/airflow/example_dags/example_latest_only_with_trigger.py
[2021-12-10 08:32:59,968] {processor.py:637} INFO - DAG(s) dict_keys(['latest_only_with_trigger']) retrieved from /home/airflow/.local/lib/python3.7/site-packages/airflow/example_dags/example_latest_only_with_trigger.py
[2021-12-10 08:32:59,978] {logging_mixin.py:109} INFO - [2021-12-10 08:32:59,978] {dag.py:2396} INFO - Sync 1 DAGs
[2021-12-10 08:32:59,995] {logging_mixin.py:109} INFO - [2021-12-10 08:32:59,995] {dag.py:2928} INFO - Setting next_dagrun for latest_only_with_trigger to 2021-12-10T04:32:59.995427+00:00
[2021-12-10 08:33:00,007] {processor.py:171} INFO - Processing /home/airflow/.local/lib/python3.7/site-packages/airflow/example_dags/example_latest_only_with_trigger.py took 0.077 seconds
[2021-12-10 08:33:30,054] {processor.py:163} INFO - Started process (PID=1406) to work on /home/airflow/.local/lib/python3.7/site-packages/airflow/example_dags/example_latest_only_with_trigger.py
[2021-12-10 08:33:30,056] {processor.py:625} INFO - Processing file /home/airflow/.local/lib/python3.7/site-packages/airflow/example_dags/example_latest_only_with_trigger.py for tasks to queue
[2021-12-10 08:33:30,057] {logging_mixin.py:109} INFO - [2021-12-10 08:33:30,057] {dagbag.py:500} INFO - Filling up the DagBag from /home/airflow/.local/lib/python3.7/site-packages/airflow/example_dags/example_latest_only_with_trigger.py
[2021-12-10 08:33:30,084] {processor.py:637} INFO - DAG(s) dict_keys(['latest_only_with_trigger']) retrieved from /home/airflow/.local/lib/python3.7/site-packages/airflow/example_dags/example_latest_only_with_trigger.py
[2021-12-10 08:33:30,095] {logging_mixin.py:109} INFO - [2021-12-10 08:33:30,095] {dag.py:2396} INFO - Sync 1 DAGs
[2021-12-10 08:33:30,112] {logging_mixin.py:109} INFO - [2021-12-10 08:33:30,111] {dag.py:2928} INFO - Setting next_dagrun for latest_only_with_trigger to 2021-12-10T04:33:30.111628+00:00
[2021-12-10 08:33:30,122] {processor.py:171} INFO - Processing /home/airflow/.local/lib/python3.7/site-packages/airflow/example_dags/example_latest_only_with_trigger.py took 0.071 seconds
[2021-12-10 08:34:00,204] {processor.py:163} INFO - Started process (PID=1458) to work on /home/airflow/.local/lib/python3.7/site-packages/airflow/example_dags/example_latest_only_with_trigger.py
[2021-12-10 08:34:00,206] {processor.py:625} INFO - Processing file /home/airflow/.local/lib/python3.7/site-packages/airflow/example_dags/example_latest_only_with_trigger.py for tasks to queue
[2021-12-10 08:34:00,207] {logging_mixin.py:109} INFO - [2021-12-10 08:34:00,207] {dagbag.py:500} INFO - Filling up the DagBag from /home/airflow/.local/lib/python3.7/site-packages/airflow/example_dags/example_latest_only_with_trigger.py
[2021-12-10 08:34:00,236] {processor.py:637} INFO - DAG(s) dict_keys(['latest_only_with_trigger']) retrieved from /home/airflow/.local/lib/python3.7/site-packages/airflow/example_dags/example_latest_only_with_trigger.py
[2021-12-10 08:34:00,247] {logging_mixin.py:109} INFO - [2021-12-10 08:34:00,247] {dag.py:2396} INFO - Sync 1 DAGs
[2021-12-10 08:34:00,264] {logging_mixin.py:109} INFO - [2021-12-10 08:34:00,264] {dag.py:2928} INFO - Setting next_dagrun for latest_only_with_trigger to 2021-12-10T04:34:00.264421+00:00
[2021-12-10 08:34:00,274] {processor.py:171} INFO - Processing /home/airflow/.local/lib/python3.7/site-packages/airflow/example_dags/example_latest_only_with_trigger.py took 0.074 seconds
[2021-12-10 08:34:30,312] {processor.py:163} INFO - Started process (PID=1519) to work on /home/airflow/.local/lib/python3.7/site-packages/airflow/example_dags/example_latest_only_with_trigger.py
[2021-12-10 08:34:30,313] {processor.py:625} INFO - Processing file /home/airflow/.local/lib/python3.7/site-packages/airflow/example_dags/example_latest_only_with_trigger.py for tasks to queue
[2021-12-10 08:34:30,314] {logging_mixin.py:109} INFO - [2021-12-10 08:34:30,314] {dagbag.py:500} INFO - Filling up the DagBag from /home/airflow/.local/lib/python3.7/site-packages/airflow/example_dags/example_latest_only_with_trigger.py
[2021-12-10 08:34:30,346] {processor.py:637} INFO - DAG(s) dict_keys(['latest_only_with_trigger']) retrieved from /home/airflow/.local/lib/python3.7/site-packages/airflow/example_dags/example_latest_only_with_trigger.py
[2021-12-10 08:34:30,359] {logging_mixin.py:109} INFO - [2021-12-10 08:34:30,358] {dag.py:2396} INFO - Sync 1 DAGs
[2021-12-10 08:34:30,377] {logging_mixin.py:109} INFO - [2021-12-10 08:34:30,377] {dag.py:2928} INFO - Setting next_dagrun for latest_only_with_trigger to 2021-12-10T04:34:30.377074+00:00
[2021-12-10 08:34:30,387] {processor.py:171} INFO - Processing /home/airflow/.local/lib/python3.7/site-packages/airflow/example_dags/example_latest_only_with_trigger.py took 0.079 seconds
[2021-12-10 08:35:00,605] {processor.py:163} INFO - Started process (PID=1571) to work on /home/airflow/.local/lib/python3.7/site-packages/airflow/example_dags/example_latest_only_with_trigger.py
[2021-12-10 08:35:00,607] {processor.py:625} INFO - Processing file /home/airflow/.local/lib/python3.7/site-packages/airflow/example_dags/example_latest_only_with_trigger.py for tasks to queue
[2021-12-10 08:35:00,608] {logging_mixin.py:109} INFO - [2021-12-10 08:35:00,608] {dagbag.py:500} INFO - Filling up the DagBag from /home/airflow/.local/lib/python3.7/site-packages/airflow/example_dags/example_latest_only_with_trigger.py
[2021-12-10 08:35:00,642] {processor.py:637} INFO - DAG(s) dict_keys(['latest_only_with_trigger']) retrieved from /home/airflow/.local/lib/python3.7/site-packages/airflow/example_dags/example_latest_only_with_trigger.py
[2021-12-10 08:35:00,658] {logging_mixin.py:109} INFO - [2021-12-10 08:35:00,658] {dag.py:2396} INFO - Sync 1 DAGs
[2021-12-10 08:35:00,680] {logging_mixin.py:109} INFO - [2021-12-10 08:35:00,680] {dag.py:2928} INFO - Setting next_dagrun for latest_only_with_trigger to 2021-12-10T04:35:00.680048+00:00
[2021-12-10 08:35:00,690] {processor.py:171} INFO - Processing /home/airflow/.local/lib/python3.7/site-packages/airflow/example_dags/example_latest_only_with_trigger.py took 0.090 seconds
[2021-12-10 08:35:30,864] {processor.py:163} INFO - Started process (PID=1624) to work on /home/airflow/.local/lib/python3.7/site-packages/airflow/example_dags/example_latest_only_with_trigger.py
[2021-12-10 08:35:30,865] {processor.py:625} INFO - Processing file /home/airflow/.local/lib/python3.7/site-packages/airflow/example_dags/example_latest_only_with_trigger.py for tasks to queue
[2021-12-10 08:35:30,866] {logging_mixin.py:109} INFO - [2021-12-10 08:35:30,866] {dagbag.py:500} INFO - Filling up the DagBag from /home/airflow/.local/lib/python3.7/site-packages/airflow/example_dags/example_latest_only_with_trigger.py
[2021-12-10 08:35:30,895] {processor.py:637} INFO - DAG(s) dict_keys(['latest_only_with_trigger']) retrieved from /home/airflow/.local/lib/python3.7/site-packages/airflow/example_dags/example_latest_only_with_trigger.py
[2021-12-10 08:35:30,907] {logging_mixin.py:109} INFO - [2021-12-10 08:35:30,907] {dag.py:2396} INFO - Sync 1 DAGs
[2021-12-10 08:35:30,924] {logging_mixin.py:109} INFO - [2021-12-10 08:35:30,924] {dag.py:2928} INFO - Setting next_dagrun for latest_only_with_trigger to 2021-12-10T04:35:30.923932+00:00
[2021-12-10 08:35:30,934] {processor.py:171} INFO - Processing /home/airflow/.local/lib/python3.7/site-packages/airflow/example_dags/example_latest_only_with_trigger.py took 0.074 seconds
[2021-12-10 08:36:01,333] {processor.py:163} INFO - Started process (PID=1687) to work on /home/airflow/.local/lib/python3.7/site-packages/airflow/example_dags/example_latest_only_with_trigger.py
[2021-12-10 08:36:01,335] {processor.py:625} INFO - Processing file /home/airflow/.local/lib/python3.7/site-packages/airflow/example_dags/example_latest_only_with_trigger.py for tasks to queue
[2021-12-10 08:36:01,336] {logging_mixin.py:109} INFO - [2021-12-10 08:36:01,336] {dagbag.py:500} INFO - Filling up the DagBag from /home/airflow/.local/lib/python3.7/site-packages/airflow/example_dags/example_latest_only_with_trigger.py
[2021-12-10 08:36:01,368] {processor.py:637} INFO - DAG(s) dict_keys(['latest_only_with_trigger']) retrieved from /home/airflow/.local/lib/python3.7/site-packages/airflow/example_dags/example_latest_only_with_trigger.py
[2021-12-10 08:36:01,380] {logging_mixin.py:109} INFO - [2021-12-10 08:36:01,380] {dag.py:2396} INFO - Sync 1 DAGs
[2021-12-10 08:36:01,398] {logging_mixin.py:109} INFO - [2021-12-10 08:36:01,398] {dag.py:2928} INFO - Setting next_dagrun for latest_only_with_trigger to 2021-12-10T04:36:01.398204+00:00
[2021-12-10 08:36:01,408] {processor.py:171} INFO - Processing /home/airflow/.local/lib/python3.7/site-packages/airflow/example_dags/example_latest_only_with_trigger.py took 0.078 seconds
[2021-12-10 08:36:31,586] {processor.py:163} INFO - Started process (PID=1740) to work on /home/airflow/.local/lib/python3.7/site-packages/airflow/example_dags/example_latest_only_with_trigger.py
[2021-12-10 08:36:31,588] {processor.py:625} INFO - Processing file /home/airflow/.local/lib/python3.7/site-packages/airflow/example_dags/example_latest_only_with_trigger.py for tasks to queue
[2021-12-10 08:36:31,588] {logging_mixin.py:109} INFO - [2021-12-10 08:36:31,588] {dagbag.py:500} INFO - Filling up the DagBag from /home/airflow/.local/lib/python3.7/site-packages/airflow/example_dags/example_latest_only_with_trigger.py
[2021-12-10 08:36:31,620] {processor.py:637} INFO - DAG(s) dict_keys(['latest_only_with_trigger']) retrieved from /home/airflow/.local/lib/python3.7/site-packages/airflow/example_dags/example_latest_only_with_trigger.py
[2021-12-10 08:36:31,631] {logging_mixin.py:109} INFO - [2021-12-10 08:36:31,630] {dag.py:2396} INFO - Sync 1 DAGs
[2021-12-10 08:36:31,649] {logging_mixin.py:109} INFO - [2021-12-10 08:36:31,649] {dag.py:2928} INFO - Setting next_dagrun for latest_only_with_trigger to 2021-12-10T04:36:31.648913+00:00
[2021-12-10 08:36:31,659] {processor.py:171} INFO - Processing /home/airflow/.local/lib/python3.7/site-packages/airflow/example_dags/example_latest_only_with_trigger.py took 0.077 seconds
[2021-12-10 08:37:01,908] {processor.py:163} INFO - Started process (PID=1802) to work on /home/airflow/.local/lib/python3.7/site-packages/airflow/example_dags/example_latest_only_with_trigger.py
[2021-12-10 08:37:01,909] {processor.py:625} INFO - Processing file /home/airflow/.local/lib/python3.7/site-packages/airflow/example_dags/example_latest_only_with_trigger.py for tasks to queue
[2021-12-10 08:37:01,910] {logging_mixin.py:109} INFO - [2021-12-10 08:37:01,910] {dagbag.py:500} INFO - Filling up the DagBag from /home/airflow/.local/lib/python3.7/site-packages/airflow/example_dags/example_latest_only_with_trigger.py
[2021-12-10 08:37:01,940] {processor.py:637} INFO - DAG(s) dict_keys(['latest_only_with_trigger']) retrieved from /home/airflow/.local/lib/python3.7/site-packages/airflow/example_dags/example_latest_only_with_trigger.py
[2021-12-10 08:37:01,952] {logging_mixin.py:109} INFO - [2021-12-10 08:37:01,952] {dag.py:2396} INFO - Sync 1 DAGs
[2021-12-10 08:37:01,970] {logging_mixin.py:109} INFO - [2021-12-10 08:37:01,970] {dag.py:2928} INFO - Setting next_dagrun for latest_only_with_trigger to 2021-12-10T04:37:01.970095+00:00
[2021-12-10 08:37:01,982] {processor.py:171} INFO - Processing /home/airflow/.local/lib/python3.7/site-packages/airflow/example_dags/example_latest_only_with_trigger.py took 0.078 seconds
[2021-12-10 08:37:32,124] {processor.py:163} INFO - Started process (PID=1856) to work on /home/airflow/.local/lib/python3.7/site-packages/airflow/example_dags/example_latest_only_with_trigger.py
[2021-12-10 08:37:32,126] {processor.py:625} INFO - Processing file /home/airflow/.local/lib/python3.7/site-packages/airflow/example_dags/example_latest_only_with_trigger.py for tasks to queue
[2021-12-10 08:37:32,127] {logging_mixin.py:109} INFO - [2021-12-10 08:37:32,127] {dagbag.py:500} INFO - Filling up the DagBag from /home/airflow/.local/lib/python3.7/site-packages/airflow/example_dags/example_latest_only_with_trigger.py
[2021-12-10 08:37:32,159] {processor.py:637} INFO - DAG(s) dict_keys(['latest_only_with_trigger']) retrieved from /home/airflow/.local/lib/python3.7/site-packages/airflow/example_dags/example_latest_only_with_trigger.py
[2021-12-10 08:37:32,171] {logging_mixin.py:109} INFO - [2021-12-10 08:37:32,171] {dag.py:2396} INFO - Sync 1 DAGs
[2021-12-10 08:37:32,190] {logging_mixin.py:109} INFO - [2021-12-10 08:37:32,190] {dag.py:2928} INFO - Setting next_dagrun for latest_only_with_trigger to 2021-12-10T04:37:32.189734+00:00
[2021-12-10 08:37:32,202] {processor.py:171} INFO - Processing /home/airflow/.local/lib/python3.7/site-packages/airflow/example_dags/example_latest_only_with_trigger.py took 0.081 seconds
[2021-12-10 08:38:02,298] {processor.py:163} INFO - Started process (PID=1908) to work on /home/airflow/.local/lib/python3.7/site-packages/airflow/example_dags/example_latest_only_with_trigger.py
[2021-12-10 08:38:02,300] {processor.py:625} INFO - Processing file /home/airflow/.local/lib/python3.7/site-packages/airflow/example_dags/example_latest_only_with_trigger.py for tasks to queue
[2021-12-10 08:38:02,301] {logging_mixin.py:109} INFO - [2021-12-10 08:38:02,300] {dagbag.py:500} INFO - Filling up the DagBag from /home/airflow/.local/lib/python3.7/site-packages/airflow/example_dags/example_latest_only_with_trigger.py
[2021-12-10 08:38:02,329] {processor.py:637} INFO - DAG(s) dict_keys(['latest_only_with_trigger']) retrieved from /home/airflow/.local/lib/python3.7/site-packages/airflow/example_dags/example_latest_only_with_trigger.py
[2021-12-10 08:38:02,339] {logging_mixin.py:109} INFO - [2021-12-10 08:38:02,339] {dag.py:2396} INFO - Sync 1 DAGs
[2021-12-10 08:38:02,356] {logging_mixin.py:109} INFO - [2021-12-10 08:38:02,356] {dag.py:2928} INFO - Setting next_dagrun for latest_only_with_trigger to 2021-12-10T04:38:02.355767+00:00
[2021-12-10 08:38:02,367] {processor.py:171} INFO - Processing /home/airflow/.local/lib/python3.7/site-packages/airflow/example_dags/example_latest_only_with_trigger.py took 0.073 seconds
[2021-12-10 08:38:32,709] {processor.py:163} INFO - Started process (PID=1969) to work on /home/airflow/.local/lib/python3.7/site-packages/airflow/example_dags/example_latest_only_with_trigger.py
[2021-12-10 08:38:32,711] {processor.py:625} INFO - Processing file /home/airflow/.local/lib/python3.7/site-packages/airflow/example_dags/example_latest_only_with_trigger.py for tasks to queue
[2021-12-10 08:38:32,711] {logging_mixin.py:109} INFO - [2021-12-10 08:38:32,711] {dagbag.py:500} INFO - Filling up the DagBag from /home/airflow/.local/lib/python3.7/site-packages/airflow/example_dags/example_latest_only_with_trigger.py
[2021-12-10 08:38:32,740] {processor.py:637} INFO - DAG(s) dict_keys(['latest_only_with_trigger']) retrieved from /home/airflow/.local/lib/python3.7/site-packages/airflow/example_dags/example_latest_only_with_trigger.py
[2021-12-10 08:38:32,750] {logging_mixin.py:109} INFO - [2021-12-10 08:38:32,750] {dag.py:2396} INFO - Sync 1 DAGs
[2021-12-10 08:38:32,767] {logging_mixin.py:109} INFO - [2021-12-10 08:38:32,766] {dag.py:2928} INFO - Setting next_dagrun for latest_only_with_trigger to 2021-12-10T04:38:32.766661+00:00
[2021-12-10 08:38:32,779] {processor.py:171} INFO - Processing /home/airflow/.local/lib/python3.7/site-packages/airflow/example_dags/example_latest_only_with_trigger.py took 0.074 seconds
[2021-12-10 08:39:03,126] {processor.py:163} INFO - Started process (PID=2021) to work on /home/airflow/.local/lib/python3.7/site-packages/airflow/example_dags/example_latest_only_with_trigger.py
[2021-12-10 08:39:03,127] {processor.py:625} INFO - Processing file /home/airflow/.local/lib/python3.7/site-packages/airflow/example_dags/example_latest_only_with_trigger.py for tasks to queue
[2021-12-10 08:39:03,128] {logging_mixin.py:109} INFO - [2021-12-10 08:39:03,128] {dagbag.py:500} INFO - Filling up the DagBag from /home/airflow/.local/lib/python3.7/site-packages/airflow/example_dags/example_latest_only_with_trigger.py
[2021-12-10 08:39:03,156] {processor.py:637} INFO - DAG(s) dict_keys(['latest_only_with_trigger']) retrieved from /home/airflow/.local/lib/python3.7/site-packages/airflow/example_dags/example_latest_only_with_trigger.py
[2021-12-10 08:39:03,167] {logging_mixin.py:109} INFO - [2021-12-10 08:39:03,166] {dag.py:2396} INFO - Sync 1 DAGs
[2021-12-10 08:39:03,183] {logging_mixin.py:109} INFO - [2021-12-10 08:39:03,183] {dag.py:2928} INFO - Setting next_dagrun for latest_only_with_trigger to 2021-12-10T04:39:03.183463+00:00
[2021-12-10 08:39:03,193] {processor.py:171} INFO - Processing /home/airflow/.local/lib/python3.7/site-packages/airflow/example_dags/example_latest_only_with_trigger.py took 0.071 seconds
[2021-12-10 08:39:33,310] {processor.py:163} INFO - Started process (PID=2083) to work on /home/airflow/.local/lib/python3.7/site-packages/airflow/example_dags/example_latest_only_with_trigger.py
[2021-12-10 08:39:33,312] {processor.py:625} INFO - Processing file /home/airflow/.local/lib/python3.7/site-packages/airflow/example_dags/example_latest_only_with_trigger.py for tasks to queue
[2021-12-10 08:39:33,313] {logging_mixin.py:109} INFO - [2021-12-10 08:39:33,312] {dagbag.py:500} INFO - Filling up the DagBag from /home/airflow/.local/lib/python3.7/site-packages/airflow/example_dags/example_latest_only_with_trigger.py
[2021-12-10 08:39:33,340] {processor.py:637} INFO - DAG(s) dict_keys(['latest_only_with_trigger']) retrieved from /home/airflow/.local/lib/python3.7/site-packages/airflow/example_dags/example_latest_only_with_trigger.py
[2021-12-10 08:39:33,351] {logging_mixin.py:109} INFO - [2021-12-10 08:39:33,351] {dag.py:2396} INFO - Sync 1 DAGs
[2021-12-10 08:39:33,367] {logging_mixin.py:109} INFO - [2021-12-10 08:39:33,367] {dag.py:2928} INFO - Setting next_dagrun for latest_only_with_trigger to 2021-12-10T04:39:33.367515+00:00
[2021-12-10 08:39:33,378] {processor.py:171} INFO - Processing /home/airflow/.local/lib/python3.7/site-packages/airflow/example_dags/example_latest_only_with_trigger.py took 0.071 seconds
[2021-12-10 08:40:03,534] {processor.py:163} INFO - Started process (PID=2137) to work on /home/airflow/.local/lib/python3.7/site-packages/airflow/example_dags/example_latest_only_with_trigger.py
[2021-12-10 08:40:03,535] {processor.py:625} INFO - Processing file /home/airflow/.local/lib/python3.7/site-packages/airflow/example_dags/example_latest_only_with_trigger.py for tasks to queue
[2021-12-10 08:40:03,536] {logging_mixin.py:109} INFO - [2021-12-10 08:40:03,536] {dagbag.py:500} INFO - Filling up the DagBag from /home/airflow/.local/lib/python3.7/site-packages/airflow/example_dags/example_latest_only_with_trigger.py
[2021-12-10 08:40:03,565] {processor.py:637} INFO - DAG(s) dict_keys(['latest_only_with_trigger']) retrieved from /home/airflow/.local/lib/python3.7/site-packages/airflow/example_dags/example_latest_only_with_trigger.py
[2021-12-10 08:40:03,576] {logging_mixin.py:109} INFO - [2021-12-10 08:40:03,576] {dag.py:2396} INFO - Sync 1 DAGs
[2021-12-10 08:40:03,594] {logging_mixin.py:109} INFO - [2021-12-10 08:40:03,593] {dag.py:2928} INFO - Setting next_dagrun for latest_only_with_trigger to 2021-12-10T04:40:03.593565+00:00
[2021-12-10 08:40:03,605] {processor.py:171} INFO - Processing /home/airflow/.local/lib/python3.7/site-packages/airflow/example_dags/example_latest_only_with_trigger.py took 0.076 seconds
[2021-12-10 08:40:33,671] {processor.py:163} INFO - Started process (PID=2189) to work on /home/airflow/.local/lib/python3.7/site-packages/airflow/example_dags/example_latest_only_with_trigger.py
[2021-12-10 08:40:33,673] {processor.py:625} INFO - Processing file /home/airflow/.local/lib/python3.7/site-packages/airflow/example_dags/example_latest_only_with_trigger.py for tasks to queue
[2021-12-10 08:40:33,674] {logging_mixin.py:109} INFO - [2021-12-10 08:40:33,674] {dagbag.py:500} INFO - Filling up the DagBag from /home/airflow/.local/lib/python3.7/site-packages/airflow/example_dags/example_latest_only_with_trigger.py
[2021-12-10 08:40:33,706] {processor.py:637} INFO - DAG(s) dict_keys(['latest_only_with_trigger']) retrieved from /home/airflow/.local/lib/python3.7/site-packages/airflow/example_dags/example_latest_only_with_trigger.py
[2021-12-10 08:40:33,717] {logging_mixin.py:109} INFO - [2021-12-10 08:40:33,717] {dag.py:2396} INFO - Sync 1 DAGs
[2021-12-10 08:40:33,735] {logging_mixin.py:109} INFO - [2021-12-10 08:40:33,735] {dag.py:2928} INFO - Setting next_dagrun for latest_only_with_trigger to 2021-12-10T04:40:33.735240+00:00
[2021-12-10 08:40:33,747] {processor.py:171} INFO - Processing /home/airflow/.local/lib/python3.7/site-packages/airflow/example_dags/example_latest_only_with_trigger.py took 0.080 seconds
[2021-12-10 08:41:03,983] {processor.py:163} INFO - Started process (PID=2251) to work on /home/airflow/.local/lib/python3.7/site-packages/airflow/example_dags/example_latest_only_with_trigger.py
[2021-12-10 08:41:03,985] {processor.py:625} INFO - Processing file /home/airflow/.local/lib/python3.7/site-packages/airflow/example_dags/example_latest_only_with_trigger.py for tasks to queue
[2021-12-10 08:41:03,985] {logging_mixin.py:109} INFO - [2021-12-10 08:41:03,985] {dagbag.py:500} INFO - Filling up the DagBag from /home/airflow/.local/lib/python3.7/site-packages/airflow/example_dags/example_latest_only_with_trigger.py
[2021-12-10 08:41:04,016] {processor.py:637} INFO - DAG(s) dict_keys(['latest_only_with_trigger']) retrieved from /home/airflow/.local/lib/python3.7/site-packages/airflow/example_dags/example_latest_only_with_trigger.py
[2021-12-10 08:41:04,029] {logging_mixin.py:109} INFO - [2021-12-10 08:41:04,029] {dag.py:2396} INFO - Sync 1 DAGs
[2021-12-10 08:41:04,050] {logging_mixin.py:109} INFO - [2021-12-10 08:41:04,050] {dag.py:2928} INFO - Setting next_dagrun for latest_only_with_trigger to 2021-12-10T04:41:04.050138+00:00
[2021-12-10 08:41:04,063] {processor.py:171} INFO - Processing /home/airflow/.local/lib/python3.7/site-packages/airflow/example_dags/example_latest_only_with_trigger.py took 0.084 seconds
[2021-12-10 08:41:34,104] {processor.py:163} INFO - Started process (PID=2303) to work on /home/airflow/.local/lib/python3.7/site-packages/airflow/example_dags/example_latest_only_with_trigger.py
[2021-12-10 08:41:34,105] {processor.py:625} INFO - Processing file /home/airflow/.local/lib/python3.7/site-packages/airflow/example_dags/example_latest_only_with_trigger.py for tasks to queue
[2021-12-10 08:41:34,106] {logging_mixin.py:109} INFO - [2021-12-10 08:41:34,106] {dagbag.py:500} INFO - Filling up the DagBag from /home/airflow/.local/lib/python3.7/site-packages/airflow/example_dags/example_latest_only_with_trigger.py
[2021-12-10 08:41:34,133] {processor.py:637} INFO - DAG(s) dict_keys(['latest_only_with_trigger']) retrieved from /home/airflow/.local/lib/python3.7/site-packages/airflow/example_dags/example_latest_only_with_trigger.py
[2021-12-10 08:41:34,143] {logging_mixin.py:109} INFO - [2021-12-10 08:41:34,143] {dag.py:2396} INFO - Sync 1 DAGs
[2021-12-10 08:41:34,161] {logging_mixin.py:109} INFO - [2021-12-10 08:41:34,161] {dag.py:2928} INFO - Setting next_dagrun for latest_only_with_trigger to 2021-12-10T04:41:34.161220+00:00
[2021-12-10 08:41:34,172] {processor.py:171} INFO - Processing /home/airflow/.local/lib/python3.7/site-packages/airflow/example_dags/example_latest_only_with_trigger.py took 0.072 seconds
[2021-12-10 08:42:04,560] {processor.py:163} INFO - Started process (PID=2367) to work on /home/airflow/.local/lib/python3.7/site-packages/airflow/example_dags/example_latest_only_with_trigger.py
[2021-12-10 08:42:04,562] {processor.py:625} INFO - Processing file /home/airflow/.local/lib/python3.7/site-packages/airflow/example_dags/example_latest_only_with_trigger.py for tasks to queue
[2021-12-10 08:42:04,563] {logging_mixin.py:109} INFO - [2021-12-10 08:42:04,562] {dagbag.py:500} INFO - Filling up the DagBag from /home/airflow/.local/lib/python3.7/site-packages/airflow/example_dags/example_latest_only_with_trigger.py
[2021-12-10 08:42:04,590] {processor.py:637} INFO - DAG(s) dict_keys(['latest_only_with_trigger']) retrieved from /home/airflow/.local/lib/python3.7/site-packages/airflow/example_dags/example_latest_only_with_trigger.py
[2021-12-10 08:42:04,600] {logging_mixin.py:109} INFO - [2021-12-10 08:42:04,600] {dag.py:2396} INFO - Sync 1 DAGs
[2021-12-10 08:42:04,617] {logging_mixin.py:109} INFO - [2021-12-10 08:42:04,617] {dag.py:2928} INFO - Setting next_dagrun for latest_only_with_trigger to 2021-12-10T04:42:04.616910+00:00
[2021-12-10 08:42:04,627] {processor.py:171} INFO - Processing /home/airflow/.local/lib/python3.7/site-packages/airflow/example_dags/example_latest_only_with_trigger.py took 0.070 seconds
[2021-12-10 08:42:34,674] {processor.py:163} INFO - Started process (PID=2419) to work on /home/airflow/.local/lib/python3.7/site-packages/airflow/example_dags/example_latest_only_with_trigger.py
[2021-12-10 08:42:34,675] {processor.py:625} INFO - Processing file /home/airflow/.local/lib/python3.7/site-packages/airflow/example_dags/example_latest_only_with_trigger.py for tasks to queue
[2021-12-10 08:42:34,676] {logging_mixin.py:109} INFO - [2021-12-10 08:42:34,675] {dagbag.py:500} INFO - Filling up the DagBag from /home/airflow/.local/lib/python3.7/site-packages/airflow/example_dags/example_latest_only_with_trigger.py
[2021-12-10 08:42:34,703] {processor.py:637} INFO - DAG(s) dict_keys(['latest_only_with_trigger']) retrieved from /home/airflow/.local/lib/python3.7/site-packages/airflow/example_dags/example_latest_only_with_trigger.py
[2021-12-10 08:42:34,713] {logging_mixin.py:109} INFO - [2021-12-10 08:42:34,713] {dag.py:2396} INFO - Sync 1 DAGs
[2021-12-10 08:42:34,730] {logging_mixin.py:109} INFO - [2021-12-10 08:42:34,730] {dag.py:2928} INFO - Setting next_dagrun for latest_only_with_trigger to 2021-12-10T04:42:34.729981+00:00
[2021-12-10 08:42:34,741] {processor.py:171} INFO - Processing /home/airflow/.local/lib/python3.7/site-packages/airflow/example_dags/example_latest_only_with_trigger.py took 0.071 seconds
[2021-12-10 08:43:05,119] {processor.py:163} INFO - Started process (PID=2472) to work on /home/airflow/.local/lib/python3.7/site-packages/airflow/example_dags/example_latest_only_with_trigger.py
[2021-12-10 08:43:05,121] {processor.py:625} INFO - Processing file /home/airflow/.local/lib/python3.7/site-packages/airflow/example_dags/example_latest_only_with_trigger.py for tasks to queue
[2021-12-10 08:43:05,121] {logging_mixin.py:109} INFO - [2021-12-10 08:43:05,121] {dagbag.py:500} INFO - Filling up the DagBag from /home/airflow/.local/lib/python3.7/site-packages/airflow/example_dags/example_latest_only_with_trigger.py
[2021-12-10 08:43:05,149] {processor.py:637} INFO - DAG(s) dict_keys(['latest_only_with_trigger']) retrieved from /home/airflow/.local/lib/python3.7/site-packages/airflow/example_dags/example_latest_only_with_trigger.py
[2021-12-10 08:43:05,160] {logging_mixin.py:109} INFO - [2021-12-10 08:43:05,160] {dag.py:2396} INFO - Sync 1 DAGs
[2021-12-10 08:43:05,178] {logging_mixin.py:109} INFO - [2021-12-10 08:43:05,178] {dag.py:2928} INFO - Setting next_dagrun for latest_only_with_trigger to 2021-12-10T04:43:05.177975+00:00
[2021-12-10 08:43:05,188] {processor.py:171} INFO - Processing /home/airflow/.local/lib/python3.7/site-packages/airflow/example_dags/example_latest_only_with_trigger.py took 0.073 seconds
[2021-12-10 08:43:35,427] {processor.py:163} INFO - Started process (PID=2532) to work on /home/airflow/.local/lib/python3.7/site-packages/airflow/example_dags/example_latest_only_with_trigger.py
[2021-12-10 08:43:35,429] {processor.py:625} INFO - Processing file /home/airflow/.local/lib/python3.7/site-packages/airflow/example_dags/example_latest_only_with_trigger.py for tasks to queue
[2021-12-10 08:43:35,429] {logging_mixin.py:109} INFO - [2021-12-10 08:43:35,429] {dagbag.py:500} INFO - Filling up the DagBag from /home/airflow/.local/lib/python3.7/site-packages/airflow/example_dags/example_latest_only_with_trigger.py
[2021-12-10 08:43:35,457] {processor.py:637} INFO - DAG(s) dict_keys(['latest_only_with_trigger']) retrieved from /home/airflow/.local/lib/python3.7/site-packages/airflow/example_dags/example_latest_only_with_trigger.py
[2021-12-10 08:43:35,468] {logging_mixin.py:109} INFO - [2021-12-10 08:43:35,468] {dag.py:2396} INFO - Sync 1 DAGs
[2021-12-10 08:43:35,486] {logging_mixin.py:109} INFO - [2021-12-10 08:43:35,485] {dag.py:2928} INFO - Setting next_dagrun for latest_only_with_trigger to 2021-12-10T04:43:35.485644+00:00
[2021-12-10 08:43:35,496] {processor.py:171} INFO - Processing /home/airflow/.local/lib/python3.7/site-packages/airflow/example_dags/example_latest_only_with_trigger.py took 0.073 seconds
[2021-12-10 08:44:05,762] {processor.py:163} INFO - Started process (PID=2584) to work on /home/airflow/.local/lib/python3.7/site-packages/airflow/example_dags/example_latest_only_with_trigger.py
[2021-12-10 08:44:05,763] {processor.py:625} INFO - Processing file /home/airflow/.local/lib/python3.7/site-packages/airflow/example_dags/example_latest_only_with_trigger.py for tasks to queue
[2021-12-10 08:44:05,764] {logging_mixin.py:109} INFO - [2021-12-10 08:44:05,764] {dagbag.py:500} INFO - Filling up the DagBag from /home/airflow/.local/lib/python3.7/site-packages/airflow/example_dags/example_latest_only_with_trigger.py
[2021-12-10 08:44:05,793] {processor.py:637} INFO - DAG(s) dict_keys(['latest_only_with_trigger']) retrieved from /home/airflow/.local/lib/python3.7/site-packages/airflow/example_dags/example_latest_only_with_trigger.py
[2021-12-10 08:44:05,804] {logging_mixin.py:109} INFO - [2021-12-10 08:44:05,804] {dag.py:2396} INFO - Sync 1 DAGs
[2021-12-10 08:44:05,821] {logging_mixin.py:109} INFO - [2021-12-10 08:44:05,821] {dag.py:2928} INFO - Setting next_dagrun for latest_only_with_trigger to 2021-12-10T04:44:05.821095+00:00
[2021-12-10 08:44:05,831] {processor.py:171} INFO - Processing /home/airflow/.local/lib/python3.7/site-packages/airflow/example_dags/example_latest_only_with_trigger.py took 0.073 seconds
[2021-12-10 08:44:36,387] {processor.py:163} INFO - Started process (PID=2647) to work on /home/airflow/.local/lib/python3.7/site-packages/airflow/example_dags/example_latest_only_with_trigger.py
[2021-12-10 08:44:36,389] {processor.py:625} INFO - Processing file /home/airflow/.local/lib/python3.7/site-packages/airflow/example_dags/example_latest_only_with_trigger.py for tasks to queue
[2021-12-10 08:44:36,389] {logging_mixin.py:109} INFO - [2021-12-10 08:44:36,389] {dagbag.py:500} INFO - Filling up the DagBag from /home/airflow/.local/lib/python3.7/site-packages/airflow/example_dags/example_latest_only_with_trigger.py
[2021-12-10 08:44:36,421] {processor.py:637} INFO - DAG(s) dict_keys(['latest_only_with_trigger']) retrieved from /home/airflow/.local/lib/python3.7/site-packages/airflow/example_dags/example_latest_only_with_trigger.py
[2021-12-10 08:44:36,432] {logging_mixin.py:109} INFO - [2021-12-10 08:44:36,432] {dag.py:2396} INFO - Sync 1 DAGs
[2021-12-10 08:44:36,449] {logging_mixin.py:109} INFO - [2021-12-10 08:44:36,449] {dag.py:2928} INFO - Setting next_dagrun for latest_only_with_trigger to 2021-12-10T04:44:36.449059+00:00
[2021-12-10 08:44:36,459] {processor.py:171} INFO - Processing /home/airflow/.local/lib/python3.7/site-packages/airflow/example_dags/example_latest_only_with_trigger.py took 0.077 seconds
[2021-12-10 08:45:06,919] {processor.py:163} INFO - Started process (PID=2699) to work on /home/airflow/.local/lib/python3.7/site-packages/airflow/example_dags/example_latest_only_with_trigger.py
[2021-12-10 08:45:06,924] {processor.py:625} INFO - Processing file /home/airflow/.local/lib/python3.7/site-packages/airflow/example_dags/example_latest_only_with_trigger.py for tasks to queue
[2021-12-10 08:45:06,924] {logging_mixin.py:109} INFO - [2021-12-10 08:45:06,924] {dagbag.py:500} INFO - Filling up the DagBag from /home/airflow/.local/lib/python3.7/site-packages/airflow/example_dags/example_latest_only_with_trigger.py
[2021-12-10 08:45:06,953] {processor.py:637} INFO - DAG(s) dict_keys(['latest_only_with_trigger']) retrieved from /home/airflow/.local/lib/python3.7/site-packages/airflow/example_dags/example_latest_only_with_trigger.py
[2021-12-10 08:45:06,964] {logging_mixin.py:109} INFO - [2021-12-10 08:45:06,964] {dag.py:2396} INFO - Sync 1 DAGs
[2021-12-10 08:45:06,982] {logging_mixin.py:109} INFO - [2021-12-10 08:45:06,982] {dag.py:2928} INFO - Setting next_dagrun for latest_only_with_trigger to 2021-12-10T04:45:06.982342+00:00
[2021-12-10 08:45:06,993] {processor.py:171} INFO - Processing /home/airflow/.local/lib/python3.7/site-packages/airflow/example_dags/example_latest_only_with_trigger.py took 0.078 seconds
[2021-12-10 08:45:37,238] {processor.py:163} INFO - Started process (PID=2752) to work on /home/airflow/.local/lib/python3.7/site-packages/airflow/example_dags/example_latest_only_with_trigger.py
[2021-12-10 08:45:37,239] {processor.py:625} INFO - Processing file /home/airflow/.local/lib/python3.7/site-packages/airflow/example_dags/example_latest_only_with_trigger.py for tasks to queue
[2021-12-10 08:45:37,240] {logging_mixin.py:109} INFO - [2021-12-10 08:45:37,240] {dagbag.py:500} INFO - Filling up the DagBag from /home/airflow/.local/lib/python3.7/site-packages/airflow/example_dags/example_latest_only_with_trigger.py
[2021-12-10 08:45:37,269] {processor.py:637} INFO - DAG(s) dict_keys(['latest_only_with_trigger']) retrieved from /home/airflow/.local/lib/python3.7/site-packages/airflow/example_dags/example_latest_only_with_trigger.py
[2021-12-10 08:45:37,281] {logging_mixin.py:109} INFO - [2021-12-10 08:45:37,281] {dag.py:2396} INFO - Sync 1 DAGs
[2021-12-10 08:45:37,300] {logging_mixin.py:109} INFO - [2021-12-10 08:45:37,299] {dag.py:2928} INFO - Setting next_dagrun for latest_only_with_trigger to 2021-12-10T04:45:37.299654+00:00
[2021-12-10 08:45:37,310] {processor.py:171} INFO - Processing /home/airflow/.local/lib/python3.7/site-packages/airflow/example_dags/example_latest_only_with_trigger.py took 0.076 seconds
[2021-12-10 08:46:08,295] {processor.py:163} INFO - Started process (PID=2813) to work on /home/airflow/.local/lib/python3.7/site-packages/airflow/example_dags/example_latest_only_with_trigger.py
[2021-12-10 08:46:08,296] {processor.py:625} INFO - Processing file /home/airflow/.local/lib/python3.7/site-packages/airflow/example_dags/example_latest_only_with_trigger.py for tasks to queue
[2021-12-10 08:46:08,297] {logging_mixin.py:109} INFO - [2021-12-10 08:46:08,297] {dagbag.py:500} INFO - Filling up the DagBag from /home/airflow/.local/lib/python3.7/site-packages/airflow/example_dags/example_latest_only_with_trigger.py
[2021-12-10 08:46:08,324] {processor.py:637} INFO - DAG(s) dict_keys(['latest_only_with_trigger']) retrieved from /home/airflow/.local/lib/python3.7/site-packages/airflow/example_dags/example_latest_only_with_trigger.py
[2021-12-10 08:46:08,335] {logging_mixin.py:109} INFO - [2021-12-10 08:46:08,335] {dag.py:2396} INFO - Sync 1 DAGs
[2021-12-10 08:46:08,352] {logging_mixin.py:109} INFO - [2021-12-10 08:46:08,352] {dag.py:2928} INFO - Setting next_dagrun for latest_only_with_trigger to 2021-12-10T04:46:08.352360+00:00
[2021-12-10 08:46:08,362] {processor.py:171} INFO - Processing /home/airflow/.local/lib/python3.7/site-packages/airflow/example_dags/example_latest_only_with_trigger.py took 0.071 seconds
[2021-12-10 08:46:38,945] {processor.py:163} INFO - Started process (PID=2865) to work on /home/airflow/.local/lib/python3.7/site-packages/airflow/example_dags/example_latest_only_with_trigger.py
[2021-12-10 08:46:38,947] {processor.py:625} INFO - Processing file /home/airflow/.local/lib/python3.7/site-packages/airflow/example_dags/example_latest_only_with_trigger.py for tasks to queue
[2021-12-10 08:46:38,947] {logging_mixin.py:109} INFO - [2021-12-10 08:46:38,947] {dagbag.py:500} INFO - Filling up the DagBag from /home/airflow/.local/lib/python3.7/site-packages/airflow/example_dags/example_latest_only_with_trigger.py
[2021-12-10 08:46:38,978] {processor.py:637} INFO - DAG(s) dict_keys(['latest_only_with_trigger']) retrieved from /home/airflow/.local/lib/python3.7/site-packages/airflow/example_dags/example_latest_only_with_trigger.py
[2021-12-10 08:46:38,989] {logging_mixin.py:109} INFO - [2021-12-10 08:46:38,989] {dag.py:2396} INFO - Sync 1 DAGs
[2021-12-10 08:46:39,006] {logging_mixin.py:109} INFO - [2021-12-10 08:46:39,006] {dag.py:2928} INFO - Setting next_dagrun for latest_only_with_trigger to 2021-12-10T04:46:39.006419+00:00
[2021-12-10 08:46:39,124] {processor.py:171} INFO - Processing /home/airflow/.local/lib/python3.7/site-packages/airflow/example_dags/example_latest_only_with_trigger.py took 0.183 seconds
[2021-12-10 08:47:09,776] {processor.py:163} INFO - Started process (PID=2926) to work on /home/airflow/.local/lib/python3.7/site-packages/airflow/example_dags/example_latest_only_with_trigger.py
[2021-12-10 08:47:09,778] {processor.py:625} INFO - Processing file /home/airflow/.local/lib/python3.7/site-packages/airflow/example_dags/example_latest_only_with_trigger.py for tasks to queue
[2021-12-10 08:47:09,778] {logging_mixin.py:109} INFO - [2021-12-10 08:47:09,778] {dagbag.py:500} INFO - Filling up the DagBag from /home/airflow/.local/lib/python3.7/site-packages/airflow/example_dags/example_latest_only_with_trigger.py
[2021-12-10 08:47:09,806] {processor.py:637} INFO - DAG(s) dict_keys(['latest_only_with_trigger']) retrieved from /home/airflow/.local/lib/python3.7/site-packages/airflow/example_dags/example_latest_only_with_trigger.py
[2021-12-10 08:47:09,820] {logging_mixin.py:109} INFO - [2021-12-10 08:47:09,820] {dag.py:2396} INFO - Sync 1 DAGs
[2021-12-10 08:47:09,941] {logging_mixin.py:109} INFO - [2021-12-10 08:47:09,941] {dag.py:2928} INFO - Setting next_dagrun for latest_only_with_trigger to 2021-12-10T04:47:09.941043+00:00
[2021-12-10 08:47:09,949] {processor.py:171} INFO - Processing /home/airflow/.local/lib/python3.7/site-packages/airflow/example_dags/example_latest_only_with_trigger.py took 0.177 seconds
