[2021-12-10 08:23:37,550] {processor.py:163} INFO - Started process (PID=156) to work on /home/airflow/.local/lib/python3.7/site-packages/airflow/example_dags/example_skip_dag.py
[2021-12-10 08:23:37,551] {processor.py:625} INFO - Processing file /home/airflow/.local/lib/python3.7/site-packages/airflow/example_dags/example_skip_dag.py for tasks to queue
[2021-12-10 08:23:37,552] {logging_mixin.py:109} INFO - [2021-12-10 08:23:37,552] {dagbag.py:500} INFO - Filling up the DagBag from /home/airflow/.local/lib/python3.7/site-packages/airflow/example_dags/example_skip_dag.py
[2021-12-10 08:23:37,581] {processor.py:637} INFO - DAG(s) dict_keys(['example_skip_dag']) retrieved from /home/airflow/.local/lib/python3.7/site-packages/airflow/example_dags/example_skip_dag.py
[2021-12-10 08:23:38,933] {logging_mixin.py:109} INFO - [2021-12-10 08:23:38,933] {providers_manager.py:156} WARNING - Exception when importing 'airflow.providers.google.leveldb.hooks.leveldb.LevelDBHook' from 'apache-airflow-providers-google' package: No module named 'plyvel'
[2021-12-10 08:23:39,423] {logging_mixin.py:109} INFO - [2021-12-10 08:23:39,423] {providers_manager.py:156} WARNING - Exception when importing 'airflow.providers.google.leveldb.hooks.leveldb.LevelDBHook' from 'apache-airflow-providers-google' package: No module named 'plyvel'
[2021-12-10 08:23:39,445] {logging_mixin.py:109} INFO - [2021-12-10 08:23:39,445] {manager.py:496} INFO - Created Permission View: can read on DAG:example_skip_dag
[2021-12-10 08:23:39,454] {logging_mixin.py:109} INFO - [2021-12-10 08:23:39,454] {manager.py:496} INFO - Created Permission View: can edit on DAG:example_skip_dag
[2021-12-10 08:23:39,454] {logging_mixin.py:109} INFO - [2021-12-10 08:23:39,454] {dag.py:2396} INFO - Sync 1 DAGs
[2021-12-10 08:23:39,464] {logging_mixin.py:109} INFO - [2021-12-10 08:23:39,463] {dag.py:2415} INFO - Creating ORM DAG for example_skip_dag
[2021-12-10 08:23:39,472] {logging_mixin.py:109} INFO - [2021-12-10 08:23:39,472] {dag.py:2928} INFO - Setting next_dagrun for example_skip_dag to 2021-12-09T08:23:39.472071+00:00
[2021-12-10 08:23:39,484] {processor.py:171} INFO - Processing /home/airflow/.local/lib/python3.7/site-packages/airflow/example_dags/example_skip_dag.py took 1.937 seconds
[2021-12-10 08:24:10,479] {processor.py:163} INFO - Started process (PID=378) to work on /home/airflow/.local/lib/python3.7/site-packages/airflow/example_dags/example_skip_dag.py
[2021-12-10 08:24:10,481] {processor.py:625} INFO - Processing file /home/airflow/.local/lib/python3.7/site-packages/airflow/example_dags/example_skip_dag.py for tasks to queue
[2021-12-10 08:24:10,481] {logging_mixin.py:109} INFO - [2021-12-10 08:24:10,481] {dagbag.py:500} INFO - Filling up the DagBag from /home/airflow/.local/lib/python3.7/site-packages/airflow/example_dags/example_skip_dag.py
[2021-12-10 08:24:10,507] {processor.py:637} INFO - DAG(s) dict_keys(['example_skip_dag']) retrieved from /home/airflow/.local/lib/python3.7/site-packages/airflow/example_dags/example_skip_dag.py
[2021-12-10 08:24:10,518] {logging_mixin.py:109} INFO - [2021-12-10 08:24:10,518] {dag.py:2396} INFO - Sync 1 DAGs
[2021-12-10 08:24:10,536] {logging_mixin.py:109} INFO - [2021-12-10 08:24:10,535] {dag.py:2928} INFO - Setting next_dagrun for example_skip_dag to 2021-12-09T08:24:10.535638+00:00
[2021-12-10 08:24:10,545] {processor.py:171} INFO - Processing /home/airflow/.local/lib/python3.7/site-packages/airflow/example_dags/example_skip_dag.py took 0.070 seconds
[2021-12-10 08:24:40,696] {processor.py:163} INFO - Started process (PID=430) to work on /home/airflow/.local/lib/python3.7/site-packages/airflow/example_dags/example_skip_dag.py
[2021-12-10 08:24:40,698] {processor.py:625} INFO - Processing file /home/airflow/.local/lib/python3.7/site-packages/airflow/example_dags/example_skip_dag.py for tasks to queue
[2021-12-10 08:24:40,699] {logging_mixin.py:109} INFO - [2021-12-10 08:24:40,698] {dagbag.py:500} INFO - Filling up the DagBag from /home/airflow/.local/lib/python3.7/site-packages/airflow/example_dags/example_skip_dag.py
[2021-12-10 08:24:40,745] {processor.py:637} INFO - DAG(s) dict_keys(['example_skip_dag']) retrieved from /home/airflow/.local/lib/python3.7/site-packages/airflow/example_dags/example_skip_dag.py
[2021-12-10 08:24:40,759] {logging_mixin.py:109} INFO - [2021-12-10 08:24:40,759] {dag.py:2396} INFO - Sync 1 DAGs
[2021-12-10 08:24:40,775] {logging_mixin.py:109} INFO - [2021-12-10 08:24:40,775] {dag.py:2928} INFO - Setting next_dagrun for example_skip_dag to 2021-12-09T08:24:40.775272+00:00
[2021-12-10 08:24:40,788] {processor.py:171} INFO - Processing /home/airflow/.local/lib/python3.7/site-packages/airflow/example_dags/example_skip_dag.py took 0.094 seconds
[2021-12-10 08:25:11,117] {processor.py:163} INFO - Started process (PID=482) to work on /home/airflow/.local/lib/python3.7/site-packages/airflow/example_dags/example_skip_dag.py
[2021-12-10 08:25:11,119] {processor.py:625} INFO - Processing file /home/airflow/.local/lib/python3.7/site-packages/airflow/example_dags/example_skip_dag.py for tasks to queue
[2021-12-10 08:25:11,120] {logging_mixin.py:109} INFO - [2021-12-10 08:25:11,119] {dagbag.py:500} INFO - Filling up the DagBag from /home/airflow/.local/lib/python3.7/site-packages/airflow/example_dags/example_skip_dag.py
[2021-12-10 08:25:11,146] {processor.py:637} INFO - DAG(s) dict_keys(['example_skip_dag']) retrieved from /home/airflow/.local/lib/python3.7/site-packages/airflow/example_dags/example_skip_dag.py
[2021-12-10 08:25:11,157] {logging_mixin.py:109} INFO - [2021-12-10 08:25:11,156] {dag.py:2396} INFO - Sync 1 DAGs
[2021-12-10 08:25:11,173] {logging_mixin.py:109} INFO - [2021-12-10 08:25:11,173] {dag.py:2928} INFO - Setting next_dagrun for example_skip_dag to 2021-12-09T08:25:11.172870+00:00
[2021-12-10 08:25:11,183] {processor.py:171} INFO - Processing /home/airflow/.local/lib/python3.7/site-packages/airflow/example_dags/example_skip_dag.py took 0.069 seconds
[2021-12-10 08:25:41,547] {processor.py:163} INFO - Started process (PID=545) to work on /home/airflow/.local/lib/python3.7/site-packages/airflow/example_dags/example_skip_dag.py
[2021-12-10 08:25:41,548] {processor.py:625} INFO - Processing file /home/airflow/.local/lib/python3.7/site-packages/airflow/example_dags/example_skip_dag.py for tasks to queue
[2021-12-10 08:25:41,549] {logging_mixin.py:109} INFO - [2021-12-10 08:25:41,549] {dagbag.py:500} INFO - Filling up the DagBag from /home/airflow/.local/lib/python3.7/site-packages/airflow/example_dags/example_skip_dag.py
[2021-12-10 08:25:41,575] {processor.py:637} INFO - DAG(s) dict_keys(['example_skip_dag']) retrieved from /home/airflow/.local/lib/python3.7/site-packages/airflow/example_dags/example_skip_dag.py
[2021-12-10 08:25:41,586] {logging_mixin.py:109} INFO - [2021-12-10 08:25:41,585] {dag.py:2396} INFO - Sync 1 DAGs
[2021-12-10 08:25:41,603] {logging_mixin.py:109} INFO - [2021-12-10 08:25:41,602] {dag.py:2928} INFO - Setting next_dagrun for example_skip_dag to 2021-12-09T08:25:41.602363+00:00
[2021-12-10 08:25:41,613] {processor.py:171} INFO - Processing /home/airflow/.local/lib/python3.7/site-packages/airflow/example_dags/example_skip_dag.py took 0.070 seconds
[2021-12-10 08:26:12,023] {processor.py:163} INFO - Started process (PID=597) to work on /home/airflow/.local/lib/python3.7/site-packages/airflow/example_dags/example_skip_dag.py
[2021-12-10 08:26:12,025] {processor.py:625} INFO - Processing file /home/airflow/.local/lib/python3.7/site-packages/airflow/example_dags/example_skip_dag.py for tasks to queue
[2021-12-10 08:26:12,025] {logging_mixin.py:109} INFO - [2021-12-10 08:26:12,025] {dagbag.py:500} INFO - Filling up the DagBag from /home/airflow/.local/lib/python3.7/site-packages/airflow/example_dags/example_skip_dag.py
[2021-12-10 08:26:12,052] {processor.py:637} INFO - DAG(s) dict_keys(['example_skip_dag']) retrieved from /home/airflow/.local/lib/python3.7/site-packages/airflow/example_dags/example_skip_dag.py
[2021-12-10 08:26:12,063] {logging_mixin.py:109} INFO - [2021-12-10 08:26:12,063] {dag.py:2396} INFO - Sync 1 DAGs
[2021-12-10 08:26:12,079] {logging_mixin.py:109} INFO - [2021-12-10 08:26:12,079] {dag.py:2928} INFO - Setting next_dagrun for example_skip_dag to 2021-12-09T08:26:12.079363+00:00
[2021-12-10 08:26:12,088] {processor.py:171} INFO - Processing /home/airflow/.local/lib/python3.7/site-packages/airflow/example_dags/example_skip_dag.py took 0.069 seconds
[2021-12-10 08:26:42,156] {processor.py:163} INFO - Started process (PID=659) to work on /home/airflow/.local/lib/python3.7/site-packages/airflow/example_dags/example_skip_dag.py
[2021-12-10 08:26:42,157] {processor.py:625} INFO - Processing file /home/airflow/.local/lib/python3.7/site-packages/airflow/example_dags/example_skip_dag.py for tasks to queue
[2021-12-10 08:26:42,158] {logging_mixin.py:109} INFO - [2021-12-10 08:26:42,158] {dagbag.py:500} INFO - Filling up the DagBag from /home/airflow/.local/lib/python3.7/site-packages/airflow/example_dags/example_skip_dag.py
[2021-12-10 08:26:42,185] {processor.py:637} INFO - DAG(s) dict_keys(['example_skip_dag']) retrieved from /home/airflow/.local/lib/python3.7/site-packages/airflow/example_dags/example_skip_dag.py
[2021-12-10 08:26:42,198] {logging_mixin.py:109} INFO - [2021-12-10 08:26:42,198] {dag.py:2396} INFO - Sync 1 DAGs
[2021-12-10 08:26:42,216] {logging_mixin.py:109} INFO - [2021-12-10 08:26:42,216] {dag.py:2928} INFO - Setting next_dagrun for example_skip_dag to 2021-12-09T08:26:42.216375+00:00
[2021-12-10 08:26:42,229] {processor.py:171} INFO - Processing /home/airflow/.local/lib/python3.7/site-packages/airflow/example_dags/example_skip_dag.py took 0.077 seconds
[2021-12-10 08:27:12,264] {processor.py:163} INFO - Started process (PID=713) to work on /home/airflow/.local/lib/python3.7/site-packages/airflow/example_dags/example_skip_dag.py
[2021-12-10 08:27:12,265] {processor.py:625} INFO - Processing file /home/airflow/.local/lib/python3.7/site-packages/airflow/example_dags/example_skip_dag.py for tasks to queue
[2021-12-10 08:27:12,266] {logging_mixin.py:109} INFO - [2021-12-10 08:27:12,266] {dagbag.py:500} INFO - Filling up the DagBag from /home/airflow/.local/lib/python3.7/site-packages/airflow/example_dags/example_skip_dag.py
[2021-12-10 08:27:12,293] {processor.py:637} INFO - DAG(s) dict_keys(['example_skip_dag']) retrieved from /home/airflow/.local/lib/python3.7/site-packages/airflow/example_dags/example_skip_dag.py
[2021-12-10 08:27:12,304] {logging_mixin.py:109} INFO - [2021-12-10 08:27:12,304] {dag.py:2396} INFO - Sync 1 DAGs
[2021-12-10 08:27:12,320] {logging_mixin.py:109} INFO - [2021-12-10 08:27:12,320] {dag.py:2928} INFO - Setting next_dagrun for example_skip_dag to 2021-12-09T08:27:12.320298+00:00
[2021-12-10 08:27:12,330] {processor.py:171} INFO - Processing /home/airflow/.local/lib/python3.7/site-packages/airflow/example_dags/example_skip_dag.py took 0.069 seconds
[2021-12-10 08:27:42,561] {processor.py:163} INFO - Started process (PID=766) to work on /home/airflow/.local/lib/python3.7/site-packages/airflow/example_dags/example_skip_dag.py
[2021-12-10 08:27:42,562] {processor.py:625} INFO - Processing file /home/airflow/.local/lib/python3.7/site-packages/airflow/example_dags/example_skip_dag.py for tasks to queue
[2021-12-10 08:27:42,563] {logging_mixin.py:109} INFO - [2021-12-10 08:27:42,563] {dagbag.py:500} INFO - Filling up the DagBag from /home/airflow/.local/lib/python3.7/site-packages/airflow/example_dags/example_skip_dag.py
[2021-12-10 08:27:42,590] {processor.py:637} INFO - DAG(s) dict_keys(['example_skip_dag']) retrieved from /home/airflow/.local/lib/python3.7/site-packages/airflow/example_dags/example_skip_dag.py
[2021-12-10 08:27:42,601] {logging_mixin.py:109} INFO - [2021-12-10 08:27:42,601] {dag.py:2396} INFO - Sync 1 DAGs
[2021-12-10 08:27:42,618] {logging_mixin.py:109} INFO - [2021-12-10 08:27:42,618] {dag.py:2928} INFO - Setting next_dagrun for example_skip_dag to 2021-12-09T08:27:42.617786+00:00
[2021-12-10 08:27:42,628] {processor.py:171} INFO - Processing /home/airflow/.local/lib/python3.7/site-packages/airflow/example_dags/example_skip_dag.py took 0.070 seconds
[2021-12-10 08:28:12,656] {processor.py:163} INFO - Started process (PID=827) to work on /home/airflow/.local/lib/python3.7/site-packages/airflow/example_dags/example_skip_dag.py
[2021-12-10 08:28:12,657] {processor.py:625} INFO - Processing file /home/airflow/.local/lib/python3.7/site-packages/airflow/example_dags/example_skip_dag.py for tasks to queue
[2021-12-10 08:28:12,658] {logging_mixin.py:109} INFO - [2021-12-10 08:28:12,658] {dagbag.py:500} INFO - Filling up the DagBag from /home/airflow/.local/lib/python3.7/site-packages/airflow/example_dags/example_skip_dag.py
[2021-12-10 08:28:12,686] {processor.py:637} INFO - DAG(s) dict_keys(['example_skip_dag']) retrieved from /home/airflow/.local/lib/python3.7/site-packages/airflow/example_dags/example_skip_dag.py
[2021-12-10 08:28:12,698] {logging_mixin.py:109} INFO - [2021-12-10 08:28:12,697] {dag.py:2396} INFO - Sync 1 DAGs
[2021-12-10 08:28:12,716] {logging_mixin.py:109} INFO - [2021-12-10 08:28:12,716] {dag.py:2928} INFO - Setting next_dagrun for example_skip_dag to 2021-12-09T08:28:12.715992+00:00
[2021-12-10 08:28:12,726] {processor.py:171} INFO - Processing /home/airflow/.local/lib/python3.7/site-packages/airflow/example_dags/example_skip_dag.py took 0.074 seconds
[2021-12-10 08:28:43,023] {processor.py:163} INFO - Started process (PID=879) to work on /home/airflow/.local/lib/python3.7/site-packages/airflow/example_dags/example_skip_dag.py
[2021-12-10 08:28:43,024] {processor.py:625} INFO - Processing file /home/airflow/.local/lib/python3.7/site-packages/airflow/example_dags/example_skip_dag.py for tasks to queue
[2021-12-10 08:28:43,025] {logging_mixin.py:109} INFO - [2021-12-10 08:28:43,025] {dagbag.py:500} INFO - Filling up the DagBag from /home/airflow/.local/lib/python3.7/site-packages/airflow/example_dags/example_skip_dag.py
[2021-12-10 08:28:43,052] {processor.py:637} INFO - DAG(s) dict_keys(['example_skip_dag']) retrieved from /home/airflow/.local/lib/python3.7/site-packages/airflow/example_dags/example_skip_dag.py
[2021-12-10 08:28:43,063] {logging_mixin.py:109} INFO - [2021-12-10 08:28:43,063] {dag.py:2396} INFO - Sync 1 DAGs
[2021-12-10 08:28:43,081] {logging_mixin.py:109} INFO - [2021-12-10 08:28:43,080] {dag.py:2928} INFO - Setting next_dagrun for example_skip_dag to 2021-12-09T08:28:43.080583+00:00
[2021-12-10 08:28:43,091] {processor.py:171} INFO - Processing /home/airflow/.local/lib/python3.7/site-packages/airflow/example_dags/example_skip_dag.py took 0.072 seconds
[2021-12-10 08:29:13,245] {processor.py:163} INFO - Started process (PID=940) to work on /home/airflow/.local/lib/python3.7/site-packages/airflow/example_dags/example_skip_dag.py
[2021-12-10 08:29:13,247] {processor.py:625} INFO - Processing file /home/airflow/.local/lib/python3.7/site-packages/airflow/example_dags/example_skip_dag.py for tasks to queue
[2021-12-10 08:29:13,247] {logging_mixin.py:109} INFO - [2021-12-10 08:29:13,247] {dagbag.py:500} INFO - Filling up the DagBag from /home/airflow/.local/lib/python3.7/site-packages/airflow/example_dags/example_skip_dag.py
[2021-12-10 08:29:13,281] {processor.py:637} INFO - DAG(s) dict_keys(['example_skip_dag']) retrieved from /home/airflow/.local/lib/python3.7/site-packages/airflow/example_dags/example_skip_dag.py
[2021-12-10 08:29:13,292] {logging_mixin.py:109} INFO - [2021-12-10 08:29:13,292] {dag.py:2396} INFO - Sync 1 DAGs
[2021-12-10 08:29:13,313] {logging_mixin.py:109} INFO - [2021-12-10 08:29:13,313] {dag.py:2928} INFO - Setting next_dagrun for example_skip_dag to 2021-12-09T08:29:13.313062+00:00
[2021-12-10 08:29:13,323] {processor.py:171} INFO - Processing /home/airflow/.local/lib/python3.7/site-packages/airflow/example_dags/example_skip_dag.py took 0.081 seconds
[2021-12-10 08:29:43,414] {processor.py:163} INFO - Started process (PID=993) to work on /home/airflow/.local/lib/python3.7/site-packages/airflow/example_dags/example_skip_dag.py
[2021-12-10 08:29:43,417] {processor.py:625} INFO - Processing file /home/airflow/.local/lib/python3.7/site-packages/airflow/example_dags/example_skip_dag.py for tasks to queue
[2021-12-10 08:29:43,418] {logging_mixin.py:109} INFO - [2021-12-10 08:29:43,418] {dagbag.py:500} INFO - Filling up the DagBag from /home/airflow/.local/lib/python3.7/site-packages/airflow/example_dags/example_skip_dag.py
[2021-12-10 08:29:43,444] {processor.py:637} INFO - DAG(s) dict_keys(['example_skip_dag']) retrieved from /home/airflow/.local/lib/python3.7/site-packages/airflow/example_dags/example_skip_dag.py
[2021-12-10 08:29:43,457] {logging_mixin.py:109} INFO - [2021-12-10 08:29:43,456] {dag.py:2396} INFO - Sync 1 DAGs
[2021-12-10 08:29:43,476] {logging_mixin.py:109} INFO - [2021-12-10 08:29:43,476] {dag.py:2928} INFO - Setting next_dagrun for example_skip_dag to 2021-12-09T08:29:43.475957+00:00
[2021-12-10 08:29:43,489] {processor.py:171} INFO - Processing /home/airflow/.local/lib/python3.7/site-packages/airflow/example_dags/example_skip_dag.py took 0.079 seconds
[2021-12-10 08:30:13,614] {processor.py:163} INFO - Started process (PID=1045) to work on /home/airflow/.local/lib/python3.7/site-packages/airflow/example_dags/example_skip_dag.py
[2021-12-10 08:30:13,616] {processor.py:625} INFO - Processing file /home/airflow/.local/lib/python3.7/site-packages/airflow/example_dags/example_skip_dag.py for tasks to queue
[2021-12-10 08:30:13,617] {logging_mixin.py:109} INFO - [2021-12-10 08:30:13,617] {dagbag.py:500} INFO - Filling up the DagBag from /home/airflow/.local/lib/python3.7/site-packages/airflow/example_dags/example_skip_dag.py
[2021-12-10 08:30:13,648] {processor.py:637} INFO - DAG(s) dict_keys(['example_skip_dag']) retrieved from /home/airflow/.local/lib/python3.7/site-packages/airflow/example_dags/example_skip_dag.py
[2021-12-10 08:30:13,662] {logging_mixin.py:109} INFO - [2021-12-10 08:30:13,662] {dag.py:2396} INFO - Sync 1 DAGs
[2021-12-10 08:30:13,681] {logging_mixin.py:109} INFO - [2021-12-10 08:30:13,681] {dag.py:2928} INFO - Setting next_dagrun for example_skip_dag to 2021-12-09T08:30:13.681410+00:00
[2021-12-10 08:30:13,694] {processor.py:171} INFO - Processing /home/airflow/.local/lib/python3.7/site-packages/airflow/example_dags/example_skip_dag.py took 0.084 seconds
[2021-12-10 08:30:43,826] {processor.py:163} INFO - Started process (PID=1107) to work on /home/airflow/.local/lib/python3.7/site-packages/airflow/example_dags/example_skip_dag.py
[2021-12-10 08:30:43,828] {processor.py:625} INFO - Processing file /home/airflow/.local/lib/python3.7/site-packages/airflow/example_dags/example_skip_dag.py for tasks to queue
[2021-12-10 08:30:43,829] {logging_mixin.py:109} INFO - [2021-12-10 08:30:43,828] {dagbag.py:500} INFO - Filling up the DagBag from /home/airflow/.local/lib/python3.7/site-packages/airflow/example_dags/example_skip_dag.py
[2021-12-10 08:30:43,858] {processor.py:637} INFO - DAG(s) dict_keys(['example_skip_dag']) retrieved from /home/airflow/.local/lib/python3.7/site-packages/airflow/example_dags/example_skip_dag.py
[2021-12-10 08:30:43,869] {logging_mixin.py:109} INFO - [2021-12-10 08:30:43,869] {dag.py:2396} INFO - Sync 1 DAGs
[2021-12-10 08:30:43,888] {logging_mixin.py:109} INFO - [2021-12-10 08:30:43,887] {dag.py:2928} INFO - Setting next_dagrun for example_skip_dag to 2021-12-09T08:30:43.887527+00:00
[2021-12-10 08:30:43,897] {processor.py:171} INFO - Processing /home/airflow/.local/lib/python3.7/site-packages/airflow/example_dags/example_skip_dag.py took 0.075 seconds
[2021-12-10 08:31:14,123] {processor.py:163} INFO - Started process (PID=1159) to work on /home/airflow/.local/lib/python3.7/site-packages/airflow/example_dags/example_skip_dag.py
[2021-12-10 08:31:14,124] {processor.py:625} INFO - Processing file /home/airflow/.local/lib/python3.7/site-packages/airflow/example_dags/example_skip_dag.py for tasks to queue
[2021-12-10 08:31:14,125] {logging_mixin.py:109} INFO - [2021-12-10 08:31:14,125] {dagbag.py:500} INFO - Filling up the DagBag from /home/airflow/.local/lib/python3.7/site-packages/airflow/example_dags/example_skip_dag.py
[2021-12-10 08:31:14,152] {processor.py:637} INFO - DAG(s) dict_keys(['example_skip_dag']) retrieved from /home/airflow/.local/lib/python3.7/site-packages/airflow/example_dags/example_skip_dag.py
[2021-12-10 08:31:14,164] {logging_mixin.py:109} INFO - [2021-12-10 08:31:14,164] {dag.py:2396} INFO - Sync 1 DAGs
[2021-12-10 08:31:14,182] {logging_mixin.py:109} INFO - [2021-12-10 08:31:14,182] {dag.py:2928} INFO - Setting next_dagrun for example_skip_dag to 2021-12-09T08:31:14.181978+00:00
[2021-12-10 08:31:14,191] {processor.py:171} INFO - Processing /home/airflow/.local/lib/python3.7/site-packages/airflow/example_dags/example_skip_dag.py took 0.072 seconds
[2021-12-10 08:31:44,278] {processor.py:163} INFO - Started process (PID=1212) to work on /home/airflow/.local/lib/python3.7/site-packages/airflow/example_dags/example_skip_dag.py
[2021-12-10 08:31:44,280] {processor.py:625} INFO - Processing file /home/airflow/.local/lib/python3.7/site-packages/airflow/example_dags/example_skip_dag.py for tasks to queue
[2021-12-10 08:31:44,281] {logging_mixin.py:109} INFO - [2021-12-10 08:31:44,281] {dagbag.py:500} INFO - Filling up the DagBag from /home/airflow/.local/lib/python3.7/site-packages/airflow/example_dags/example_skip_dag.py
[2021-12-10 08:31:44,314] {processor.py:637} INFO - DAG(s) dict_keys(['example_skip_dag']) retrieved from /home/airflow/.local/lib/python3.7/site-packages/airflow/example_dags/example_skip_dag.py
[2021-12-10 08:31:44,326] {logging_mixin.py:109} INFO - [2021-12-10 08:31:44,326] {dag.py:2396} INFO - Sync 1 DAGs
[2021-12-10 08:31:44,344] {logging_mixin.py:109} INFO - [2021-12-10 08:31:44,344] {dag.py:2928} INFO - Setting next_dagrun for example_skip_dag to 2021-12-09T08:31:44.344309+00:00
[2021-12-10 08:31:44,355] {processor.py:171} INFO - Processing /home/airflow/.local/lib/python3.7/site-packages/airflow/example_dags/example_skip_dag.py took 0.081 seconds
[2021-12-10 08:32:14,704] {processor.py:163} INFO - Started process (PID=1275) to work on /home/airflow/.local/lib/python3.7/site-packages/airflow/example_dags/example_skip_dag.py
[2021-12-10 08:32:14,705] {processor.py:625} INFO - Processing file /home/airflow/.local/lib/python3.7/site-packages/airflow/example_dags/example_skip_dag.py for tasks to queue
[2021-12-10 08:32:14,706] {logging_mixin.py:109} INFO - [2021-12-10 08:32:14,706] {dagbag.py:500} INFO - Filling up the DagBag from /home/airflow/.local/lib/python3.7/site-packages/airflow/example_dags/example_skip_dag.py
[2021-12-10 08:32:14,732] {processor.py:637} INFO - DAG(s) dict_keys(['example_skip_dag']) retrieved from /home/airflow/.local/lib/python3.7/site-packages/airflow/example_dags/example_skip_dag.py
[2021-12-10 08:32:14,744] {logging_mixin.py:109} INFO - [2021-12-10 08:32:14,744] {dag.py:2396} INFO - Sync 1 DAGs
[2021-12-10 08:32:14,762] {logging_mixin.py:109} INFO - [2021-12-10 08:32:14,762] {dag.py:2928} INFO - Setting next_dagrun for example_skip_dag to 2021-12-09T08:32:14.761852+00:00
[2021-12-10 08:32:14,772] {processor.py:171} INFO - Processing /home/airflow/.local/lib/python3.7/site-packages/airflow/example_dags/example_skip_dag.py took 0.072 seconds
[2021-12-10 08:32:45,199] {processor.py:163} INFO - Started process (PID=1327) to work on /home/airflow/.local/lib/python3.7/site-packages/airflow/example_dags/example_skip_dag.py
[2021-12-10 08:32:45,204] {processor.py:625} INFO - Processing file /home/airflow/.local/lib/python3.7/site-packages/airflow/example_dags/example_skip_dag.py for tasks to queue
[2021-12-10 08:32:45,204] {logging_mixin.py:109} INFO - [2021-12-10 08:32:45,204] {dagbag.py:500} INFO - Filling up the DagBag from /home/airflow/.local/lib/python3.7/site-packages/airflow/example_dags/example_skip_dag.py
[2021-12-10 08:32:45,233] {processor.py:637} INFO - DAG(s) dict_keys(['example_skip_dag']) retrieved from /home/airflow/.local/lib/python3.7/site-packages/airflow/example_dags/example_skip_dag.py
[2021-12-10 08:32:45,248] {logging_mixin.py:109} INFO - [2021-12-10 08:32:45,248] {dag.py:2396} INFO - Sync 1 DAGs
[2021-12-10 08:32:45,269] {logging_mixin.py:109} INFO - [2021-12-10 08:32:45,268] {dag.py:2928} INFO - Setting next_dagrun for example_skip_dag to 2021-12-09T08:32:45.268530+00:00
[2021-12-10 08:32:45,280] {processor.py:171} INFO - Processing /home/airflow/.local/lib/python3.7/site-packages/airflow/example_dags/example_skip_dag.py took 0.084 seconds
[2021-12-10 08:33:15,349] {processor.py:163} INFO - Started process (PID=1387) to work on /home/airflow/.local/lib/python3.7/site-packages/airflow/example_dags/example_skip_dag.py
[2021-12-10 08:33:15,351] {processor.py:625} INFO - Processing file /home/airflow/.local/lib/python3.7/site-packages/airflow/example_dags/example_skip_dag.py for tasks to queue
[2021-12-10 08:33:15,352] {logging_mixin.py:109} INFO - [2021-12-10 08:33:15,352] {dagbag.py:500} INFO - Filling up the DagBag from /home/airflow/.local/lib/python3.7/site-packages/airflow/example_dags/example_skip_dag.py
[2021-12-10 08:33:15,382] {processor.py:637} INFO - DAG(s) dict_keys(['example_skip_dag']) retrieved from /home/airflow/.local/lib/python3.7/site-packages/airflow/example_dags/example_skip_dag.py
[2021-12-10 08:33:15,394] {logging_mixin.py:109} INFO - [2021-12-10 08:33:15,394] {dag.py:2396} INFO - Sync 1 DAGs
[2021-12-10 08:33:15,413] {logging_mixin.py:109} INFO - [2021-12-10 08:33:15,413] {dag.py:2928} INFO - Setting next_dagrun for example_skip_dag to 2021-12-09T08:33:15.413099+00:00
[2021-12-10 08:33:15,424] {processor.py:171} INFO - Processing /home/airflow/.local/lib/python3.7/site-packages/airflow/example_dags/example_skip_dag.py took 0.078 seconds
[2021-12-10 08:33:45,538] {processor.py:163} INFO - Started process (PID=1439) to work on /home/airflow/.local/lib/python3.7/site-packages/airflow/example_dags/example_skip_dag.py
[2021-12-10 08:33:45,540] {processor.py:625} INFO - Processing file /home/airflow/.local/lib/python3.7/site-packages/airflow/example_dags/example_skip_dag.py for tasks to queue
[2021-12-10 08:33:45,540] {logging_mixin.py:109} INFO - [2021-12-10 08:33:45,540] {dagbag.py:500} INFO - Filling up the DagBag from /home/airflow/.local/lib/python3.7/site-packages/airflow/example_dags/example_skip_dag.py
[2021-12-10 08:33:45,568] {processor.py:637} INFO - DAG(s) dict_keys(['example_skip_dag']) retrieved from /home/airflow/.local/lib/python3.7/site-packages/airflow/example_dags/example_skip_dag.py
[2021-12-10 08:33:45,579] {logging_mixin.py:109} INFO - [2021-12-10 08:33:45,579] {dag.py:2396} INFO - Sync 1 DAGs
[2021-12-10 08:33:45,595] {logging_mixin.py:109} INFO - [2021-12-10 08:33:45,595] {dag.py:2928} INFO - Setting next_dagrun for example_skip_dag to 2021-12-09T08:33:45.594735+00:00
[2021-12-10 08:33:45,605] {processor.py:171} INFO - Processing /home/airflow/.local/lib/python3.7/site-packages/airflow/example_dags/example_skip_dag.py took 0.071 seconds
[2021-12-10 08:34:15,704] {processor.py:163} INFO - Started process (PID=1492) to work on /home/airflow/.local/lib/python3.7/site-packages/airflow/example_dags/example_skip_dag.py
[2021-12-10 08:34:15,706] {processor.py:625} INFO - Processing file /home/airflow/.local/lib/python3.7/site-packages/airflow/example_dags/example_skip_dag.py for tasks to queue
[2021-12-10 08:34:15,706] {logging_mixin.py:109} INFO - [2021-12-10 08:34:15,706] {dagbag.py:500} INFO - Filling up the DagBag from /home/airflow/.local/lib/python3.7/site-packages/airflow/example_dags/example_skip_dag.py
[2021-12-10 08:34:15,733] {processor.py:637} INFO - DAG(s) dict_keys(['example_skip_dag']) retrieved from /home/airflow/.local/lib/python3.7/site-packages/airflow/example_dags/example_skip_dag.py
[2021-12-10 08:34:15,744] {logging_mixin.py:109} INFO - [2021-12-10 08:34:15,744] {dag.py:2396} INFO - Sync 1 DAGs
[2021-12-10 08:34:15,760] {logging_mixin.py:109} INFO - [2021-12-10 08:34:15,760] {dag.py:2928} INFO - Setting next_dagrun for example_skip_dag to 2021-12-09T08:34:15.760348+00:00
[2021-12-10 08:34:15,770] {processor.py:171} INFO - Processing /home/airflow/.local/lib/python3.7/site-packages/airflow/example_dags/example_skip_dag.py took 0.069 seconds
[2021-12-10 08:34:46,144] {processor.py:163} INFO - Started process (PID=1553) to work on /home/airflow/.local/lib/python3.7/site-packages/airflow/example_dags/example_skip_dag.py
[2021-12-10 08:34:46,146] {processor.py:625} INFO - Processing file /home/airflow/.local/lib/python3.7/site-packages/airflow/example_dags/example_skip_dag.py for tasks to queue
[2021-12-10 08:34:46,147] {logging_mixin.py:109} INFO - [2021-12-10 08:34:46,147] {dagbag.py:500} INFO - Filling up the DagBag from /home/airflow/.local/lib/python3.7/site-packages/airflow/example_dags/example_skip_dag.py
[2021-12-10 08:34:46,179] {processor.py:637} INFO - DAG(s) dict_keys(['example_skip_dag']) retrieved from /home/airflow/.local/lib/python3.7/site-packages/airflow/example_dags/example_skip_dag.py
[2021-12-10 08:34:46,190] {logging_mixin.py:109} INFO - [2021-12-10 08:34:46,190] {dag.py:2396} INFO - Sync 1 DAGs
[2021-12-10 08:34:46,208] {logging_mixin.py:109} INFO - [2021-12-10 08:34:46,208] {dag.py:2928} INFO - Setting next_dagrun for example_skip_dag to 2021-12-09T08:34:46.207876+00:00
[2021-12-10 08:34:46,218] {processor.py:171} INFO - Processing /home/airflow/.local/lib/python3.7/site-packages/airflow/example_dags/example_skip_dag.py took 0.078 seconds
[2021-12-10 08:35:16,314] {processor.py:163} INFO - Started process (PID=1606) to work on /home/airflow/.local/lib/python3.7/site-packages/airflow/example_dags/example_skip_dag.py
[2021-12-10 08:35:16,316] {processor.py:625} INFO - Processing file /home/airflow/.local/lib/python3.7/site-packages/airflow/example_dags/example_skip_dag.py for tasks to queue
[2021-12-10 08:35:16,317] {logging_mixin.py:109} INFO - [2021-12-10 08:35:16,317] {dagbag.py:500} INFO - Filling up the DagBag from /home/airflow/.local/lib/python3.7/site-packages/airflow/example_dags/example_skip_dag.py
[2021-12-10 08:35:16,345] {processor.py:637} INFO - DAG(s) dict_keys(['example_skip_dag']) retrieved from /home/airflow/.local/lib/python3.7/site-packages/airflow/example_dags/example_skip_dag.py
[2021-12-10 08:35:16,357] {logging_mixin.py:109} INFO - [2021-12-10 08:35:16,356] {dag.py:2396} INFO - Sync 1 DAGs
[2021-12-10 08:35:16,373] {logging_mixin.py:109} INFO - [2021-12-10 08:35:16,373] {dag.py:2928} INFO - Setting next_dagrun for example_skip_dag to 2021-12-09T08:35:16.372970+00:00
[2021-12-10 08:35:16,383] {processor.py:171} INFO - Processing /home/airflow/.local/lib/python3.7/site-packages/airflow/example_dags/example_skip_dag.py took 0.072 seconds
[2021-12-10 08:35:46,942] {processor.py:163} INFO - Started process (PID=1669) to work on /home/airflow/.local/lib/python3.7/site-packages/airflow/example_dags/example_skip_dag.py
[2021-12-10 08:35:46,944] {processor.py:625} INFO - Processing file /home/airflow/.local/lib/python3.7/site-packages/airflow/example_dags/example_skip_dag.py for tasks to queue
[2021-12-10 08:35:46,945] {logging_mixin.py:109} INFO - [2021-12-10 08:35:46,945] {dagbag.py:500} INFO - Filling up the DagBag from /home/airflow/.local/lib/python3.7/site-packages/airflow/example_dags/example_skip_dag.py
[2021-12-10 08:35:46,974] {processor.py:637} INFO - DAG(s) dict_keys(['example_skip_dag']) retrieved from /home/airflow/.local/lib/python3.7/site-packages/airflow/example_dags/example_skip_dag.py
[2021-12-10 08:35:46,989] {logging_mixin.py:109} INFO - [2021-12-10 08:35:46,989] {dag.py:2396} INFO - Sync 1 DAGs
[2021-12-10 08:35:47,005] {logging_mixin.py:109} INFO - [2021-12-10 08:35:47,005] {dag.py:2928} INFO - Setting next_dagrun for example_skip_dag to 2021-12-09T08:35:47.005532+00:00
[2021-12-10 08:35:47,015] {processor.py:171} INFO - Processing /home/airflow/.local/lib/python3.7/site-packages/airflow/example_dags/example_skip_dag.py took 0.076 seconds
[2021-12-10 08:36:17,068] {processor.py:163} INFO - Started process (PID=1722) to work on /home/airflow/.local/lib/python3.7/site-packages/airflow/example_dags/example_skip_dag.py
[2021-12-10 08:36:17,070] {processor.py:625} INFO - Processing file /home/airflow/.local/lib/python3.7/site-packages/airflow/example_dags/example_skip_dag.py for tasks to queue
[2021-12-10 08:36:17,071] {logging_mixin.py:109} INFO - [2021-12-10 08:36:17,071] {dagbag.py:500} INFO - Filling up the DagBag from /home/airflow/.local/lib/python3.7/site-packages/airflow/example_dags/example_skip_dag.py
[2021-12-10 08:36:17,098] {processor.py:637} INFO - DAG(s) dict_keys(['example_skip_dag']) retrieved from /home/airflow/.local/lib/python3.7/site-packages/airflow/example_dags/example_skip_dag.py
[2021-12-10 08:36:17,109] {logging_mixin.py:109} INFO - [2021-12-10 08:36:17,108] {dag.py:2396} INFO - Sync 1 DAGs
[2021-12-10 08:36:17,124] {logging_mixin.py:109} INFO - [2021-12-10 08:36:17,124] {dag.py:2928} INFO - Setting next_dagrun for example_skip_dag to 2021-12-09T08:36:17.124500+00:00
[2021-12-10 08:36:17,134] {processor.py:171} INFO - Processing /home/airflow/.local/lib/python3.7/site-packages/airflow/example_dags/example_skip_dag.py took 0.069 seconds
[2021-12-10 08:36:47,518] {processor.py:163} INFO - Started process (PID=1784) to work on /home/airflow/.local/lib/python3.7/site-packages/airflow/example_dags/example_skip_dag.py
[2021-12-10 08:36:47,520] {processor.py:625} INFO - Processing file /home/airflow/.local/lib/python3.7/site-packages/airflow/example_dags/example_skip_dag.py for tasks to queue
[2021-12-10 08:36:47,520] {logging_mixin.py:109} INFO - [2021-12-10 08:36:47,520] {dagbag.py:500} INFO - Filling up the DagBag from /home/airflow/.local/lib/python3.7/site-packages/airflow/example_dags/example_skip_dag.py
[2021-12-10 08:36:47,547] {processor.py:637} INFO - DAG(s) dict_keys(['example_skip_dag']) retrieved from /home/airflow/.local/lib/python3.7/site-packages/airflow/example_dags/example_skip_dag.py
[2021-12-10 08:36:47,559] {logging_mixin.py:109} INFO - [2021-12-10 08:36:47,559] {dag.py:2396} INFO - Sync 1 DAGs
[2021-12-10 08:36:47,576] {logging_mixin.py:109} INFO - [2021-12-10 08:36:47,576] {dag.py:2928} INFO - Setting next_dagrun for example_skip_dag to 2021-12-09T08:36:47.575839+00:00
[2021-12-10 08:36:47,586] {processor.py:171} INFO - Processing /home/airflow/.local/lib/python3.7/site-packages/airflow/example_dags/example_skip_dag.py took 0.073 seconds
[2021-12-10 08:37:17,641] {processor.py:163} INFO - Started process (PID=1837) to work on /home/airflow/.local/lib/python3.7/site-packages/airflow/example_dags/example_skip_dag.py
[2021-12-10 08:37:17,643] {processor.py:625} INFO - Processing file /home/airflow/.local/lib/python3.7/site-packages/airflow/example_dags/example_skip_dag.py for tasks to queue
[2021-12-10 08:37:17,644] {logging_mixin.py:109} INFO - [2021-12-10 08:37:17,644] {dagbag.py:500} INFO - Filling up the DagBag from /home/airflow/.local/lib/python3.7/site-packages/airflow/example_dags/example_skip_dag.py
[2021-12-10 08:37:17,672] {processor.py:637} INFO - DAG(s) dict_keys(['example_skip_dag']) retrieved from /home/airflow/.local/lib/python3.7/site-packages/airflow/example_dags/example_skip_dag.py
[2021-12-10 08:37:17,683] {logging_mixin.py:109} INFO - [2021-12-10 08:37:17,683] {dag.py:2396} INFO - Sync 1 DAGs
[2021-12-10 08:37:17,700] {logging_mixin.py:109} INFO - [2021-12-10 08:37:17,700] {dag.py:2928} INFO - Setting next_dagrun for example_skip_dag to 2021-12-09T08:37:17.700341+00:00
[2021-12-10 08:37:17,711] {processor.py:171} INFO - Processing /home/airflow/.local/lib/python3.7/site-packages/airflow/example_dags/example_skip_dag.py took 0.074 seconds
[2021-12-10 08:37:47,885] {processor.py:163} INFO - Started process (PID=1890) to work on /home/airflow/.local/lib/python3.7/site-packages/airflow/example_dags/example_skip_dag.py
[2021-12-10 08:37:47,887] {processor.py:625} INFO - Processing file /home/airflow/.local/lib/python3.7/site-packages/airflow/example_dags/example_skip_dag.py for tasks to queue
[2021-12-10 08:37:47,888] {logging_mixin.py:109} INFO - [2021-12-10 08:37:47,888] {dagbag.py:500} INFO - Filling up the DagBag from /home/airflow/.local/lib/python3.7/site-packages/airflow/example_dags/example_skip_dag.py
[2021-12-10 08:37:47,914] {processor.py:637} INFO - DAG(s) dict_keys(['example_skip_dag']) retrieved from /home/airflow/.local/lib/python3.7/site-packages/airflow/example_dags/example_skip_dag.py
[2021-12-10 08:37:47,926] {logging_mixin.py:109} INFO - [2021-12-10 08:37:47,925] {dag.py:2396} INFO - Sync 1 DAGs
[2021-12-10 08:37:47,942] {logging_mixin.py:109} INFO - [2021-12-10 08:37:47,942] {dag.py:2928} INFO - Setting next_dagrun for example_skip_dag to 2021-12-09T08:37:47.942306+00:00
[2021-12-10 08:37:47,953] {processor.py:171} INFO - Processing /home/airflow/.local/lib/python3.7/site-packages/airflow/example_dags/example_skip_dag.py took 0.071 seconds
[2021-12-10 08:38:18,302] {processor.py:163} INFO - Started process (PID=1951) to work on /home/airflow/.local/lib/python3.7/site-packages/airflow/example_dags/example_skip_dag.py
[2021-12-10 08:38:18,304] {processor.py:625} INFO - Processing file /home/airflow/.local/lib/python3.7/site-packages/airflow/example_dags/example_skip_dag.py for tasks to queue
[2021-12-10 08:38:18,305] {logging_mixin.py:109} INFO - [2021-12-10 08:38:18,305] {dagbag.py:500} INFO - Filling up the DagBag from /home/airflow/.local/lib/python3.7/site-packages/airflow/example_dags/example_skip_dag.py
[2021-12-10 08:38:18,334] {processor.py:637} INFO - DAG(s) dict_keys(['example_skip_dag']) retrieved from /home/airflow/.local/lib/python3.7/site-packages/airflow/example_dags/example_skip_dag.py
[2021-12-10 08:38:18,345] {logging_mixin.py:109} INFO - [2021-12-10 08:38:18,345] {dag.py:2396} INFO - Sync 1 DAGs
[2021-12-10 08:38:18,364] {logging_mixin.py:109} INFO - [2021-12-10 08:38:18,363] {dag.py:2928} INFO - Setting next_dagrun for example_skip_dag to 2021-12-09T08:38:18.363621+00:00
[2021-12-10 08:38:18,377] {processor.py:171} INFO - Processing /home/airflow/.local/lib/python3.7/site-packages/airflow/example_dags/example_skip_dag.py took 0.078 seconds
[2021-12-10 08:38:48,611] {processor.py:163} INFO - Started process (PID=2003) to work on /home/airflow/.local/lib/python3.7/site-packages/airflow/example_dags/example_skip_dag.py
[2021-12-10 08:38:48,612] {processor.py:625} INFO - Processing file /home/airflow/.local/lib/python3.7/site-packages/airflow/example_dags/example_skip_dag.py for tasks to queue
[2021-12-10 08:38:48,613] {logging_mixin.py:109} INFO - [2021-12-10 08:38:48,613] {dagbag.py:500} INFO - Filling up the DagBag from /home/airflow/.local/lib/python3.7/site-packages/airflow/example_dags/example_skip_dag.py
[2021-12-10 08:38:48,641] {processor.py:637} INFO - DAG(s) dict_keys(['example_skip_dag']) retrieved from /home/airflow/.local/lib/python3.7/site-packages/airflow/example_dags/example_skip_dag.py
[2021-12-10 08:38:48,652] {logging_mixin.py:109} INFO - [2021-12-10 08:38:48,652] {dag.py:2396} INFO - Sync 1 DAGs
[2021-12-10 08:38:48,669] {logging_mixin.py:109} INFO - [2021-12-10 08:38:48,669] {dag.py:2928} INFO - Setting next_dagrun for example_skip_dag to 2021-12-09T08:38:48.669410+00:00
[2021-12-10 08:38:48,680] {processor.py:171} INFO - Processing /home/airflow/.local/lib/python3.7/site-packages/airflow/example_dags/example_skip_dag.py took 0.073 seconds
[2021-12-10 08:39:18,877] {processor.py:163} INFO - Started process (PID=2055) to work on /home/airflow/.local/lib/python3.7/site-packages/airflow/example_dags/example_skip_dag.py
[2021-12-10 08:39:18,879] {processor.py:625} INFO - Processing file /home/airflow/.local/lib/python3.7/site-packages/airflow/example_dags/example_skip_dag.py for tasks to queue
[2021-12-10 08:39:18,879] {logging_mixin.py:109} INFO - [2021-12-10 08:39:18,879] {dagbag.py:500} INFO - Filling up the DagBag from /home/airflow/.local/lib/python3.7/site-packages/airflow/example_dags/example_skip_dag.py
[2021-12-10 08:39:18,907] {processor.py:637} INFO - DAG(s) dict_keys(['example_skip_dag']) retrieved from /home/airflow/.local/lib/python3.7/site-packages/airflow/example_dags/example_skip_dag.py
[2021-12-10 08:39:18,920] {logging_mixin.py:109} INFO - [2021-12-10 08:39:18,920] {dag.py:2396} INFO - Sync 1 DAGs
[2021-12-10 08:39:18,938] {logging_mixin.py:109} INFO - [2021-12-10 08:39:18,938] {dag.py:2928} INFO - Setting next_dagrun for example_skip_dag to 2021-12-09T08:39:18.937992+00:00
[2021-12-10 08:39:18,950] {processor.py:171} INFO - Processing /home/airflow/.local/lib/python3.7/site-packages/airflow/example_dags/example_skip_dag.py took 0.076 seconds
[2021-12-10 08:39:49,040] {processor.py:163} INFO - Started process (PID=2118) to work on /home/airflow/.local/lib/python3.7/site-packages/airflow/example_dags/example_skip_dag.py
[2021-12-10 08:39:49,042] {processor.py:625} INFO - Processing file /home/airflow/.local/lib/python3.7/site-packages/airflow/example_dags/example_skip_dag.py for tasks to queue
[2021-12-10 08:39:49,043] {logging_mixin.py:109} INFO - [2021-12-10 08:39:49,042] {dagbag.py:500} INFO - Filling up the DagBag from /home/airflow/.local/lib/python3.7/site-packages/airflow/example_dags/example_skip_dag.py
[2021-12-10 08:39:49,071] {processor.py:637} INFO - DAG(s) dict_keys(['example_skip_dag']) retrieved from /home/airflow/.local/lib/python3.7/site-packages/airflow/example_dags/example_skip_dag.py
[2021-12-10 08:39:49,083] {logging_mixin.py:109} INFO - [2021-12-10 08:39:49,083] {dag.py:2396} INFO - Sync 1 DAGs
[2021-12-10 08:39:49,101] {logging_mixin.py:109} INFO - [2021-12-10 08:39:49,100] {dag.py:2928} INFO - Setting next_dagrun for example_skip_dag to 2021-12-09T08:39:49.100619+00:00
[2021-12-10 08:39:49,110] {processor.py:171} INFO - Processing /home/airflow/.local/lib/python3.7/site-packages/airflow/example_dags/example_skip_dag.py took 0.074 seconds
[2021-12-10 08:40:19,779] {processor.py:163} INFO - Started process (PID=2169) to work on /home/airflow/.local/lib/python3.7/site-packages/airflow/example_dags/example_skip_dag.py
[2021-12-10 08:40:19,781] {processor.py:625} INFO - Processing file /home/airflow/.local/lib/python3.7/site-packages/airflow/example_dags/example_skip_dag.py for tasks to queue
[2021-12-10 08:40:19,782] {logging_mixin.py:109} INFO - [2021-12-10 08:40:19,781] {dagbag.py:500} INFO - Filling up the DagBag from /home/airflow/.local/lib/python3.7/site-packages/airflow/example_dags/example_skip_dag.py
[2021-12-10 08:40:19,810] {processor.py:637} INFO - DAG(s) dict_keys(['example_skip_dag']) retrieved from /home/airflow/.local/lib/python3.7/site-packages/airflow/example_dags/example_skip_dag.py
[2021-12-10 08:40:19,821] {logging_mixin.py:109} INFO - [2021-12-10 08:40:19,821] {dag.py:2396} INFO - Sync 1 DAGs
[2021-12-10 08:40:19,838] {logging_mixin.py:109} INFO - [2021-12-10 08:40:19,838] {dag.py:2928} INFO - Setting next_dagrun for example_skip_dag to 2021-12-09T08:40:19.837945+00:00
[2021-12-10 08:40:19,848] {processor.py:171} INFO - Processing /home/airflow/.local/lib/python3.7/site-packages/airflow/example_dags/example_skip_dag.py took 0.072 seconds
[2021-12-10 08:40:50,104] {processor.py:163} INFO - Started process (PID=2230) to work on /home/airflow/.local/lib/python3.7/site-packages/airflow/example_dags/example_skip_dag.py
[2021-12-10 08:40:50,106] {processor.py:625} INFO - Processing file /home/airflow/.local/lib/python3.7/site-packages/airflow/example_dags/example_skip_dag.py for tasks to queue
[2021-12-10 08:40:50,107] {logging_mixin.py:109} INFO - [2021-12-10 08:40:50,107] {dagbag.py:500} INFO - Filling up the DagBag from /home/airflow/.local/lib/python3.7/site-packages/airflow/example_dags/example_skip_dag.py
[2021-12-10 08:40:50,140] {processor.py:637} INFO - DAG(s) dict_keys(['example_skip_dag']) retrieved from /home/airflow/.local/lib/python3.7/site-packages/airflow/example_dags/example_skip_dag.py
[2021-12-10 08:40:50,155] {logging_mixin.py:109} INFO - [2021-12-10 08:40:50,155] {dag.py:2396} INFO - Sync 1 DAGs
[2021-12-10 08:40:50,177] {logging_mixin.py:109} INFO - [2021-12-10 08:40:50,177] {dag.py:2928} INFO - Setting next_dagrun for example_skip_dag to 2021-12-09T08:40:50.177279+00:00
[2021-12-10 08:40:50,189] {processor.py:171} INFO - Processing /home/airflow/.local/lib/python3.7/site-packages/airflow/example_dags/example_skip_dag.py took 0.090 seconds
[2021-12-10 08:41:20,274] {processor.py:163} INFO - Started process (PID=2283) to work on /home/airflow/.local/lib/python3.7/site-packages/airflow/example_dags/example_skip_dag.py
[2021-12-10 08:41:20,275] {processor.py:625} INFO - Processing file /home/airflow/.local/lib/python3.7/site-packages/airflow/example_dags/example_skip_dag.py for tasks to queue
[2021-12-10 08:41:20,276] {logging_mixin.py:109} INFO - [2021-12-10 08:41:20,276] {dagbag.py:500} INFO - Filling up the DagBag from /home/airflow/.local/lib/python3.7/site-packages/airflow/example_dags/example_skip_dag.py
[2021-12-10 08:41:20,302] {processor.py:637} INFO - DAG(s) dict_keys(['example_skip_dag']) retrieved from /home/airflow/.local/lib/python3.7/site-packages/airflow/example_dags/example_skip_dag.py
[2021-12-10 08:41:20,313] {logging_mixin.py:109} INFO - [2021-12-10 08:41:20,313] {dag.py:2396} INFO - Sync 1 DAGs
[2021-12-10 08:41:20,330] {logging_mixin.py:109} INFO - [2021-12-10 08:41:20,330] {dag.py:2928} INFO - Setting next_dagrun for example_skip_dag to 2021-12-09T08:41:20.330043+00:00
[2021-12-10 08:41:20,340] {processor.py:171} INFO - Processing /home/airflow/.local/lib/python3.7/site-packages/airflow/example_dags/example_skip_dag.py took 0.069 seconds
[2021-12-10 08:41:50,654] {processor.py:163} INFO - Started process (PID=2336) to work on /home/airflow/.local/lib/python3.7/site-packages/airflow/example_dags/example_skip_dag.py
[2021-12-10 08:41:50,656] {processor.py:625} INFO - Processing file /home/airflow/.local/lib/python3.7/site-packages/airflow/example_dags/example_skip_dag.py for tasks to queue
[2021-12-10 08:41:50,656] {logging_mixin.py:109} INFO - [2021-12-10 08:41:50,656] {dagbag.py:500} INFO - Filling up the DagBag from /home/airflow/.local/lib/python3.7/site-packages/airflow/example_dags/example_skip_dag.py
[2021-12-10 08:41:50,689] {processor.py:637} INFO - DAG(s) dict_keys(['example_skip_dag']) retrieved from /home/airflow/.local/lib/python3.7/site-packages/airflow/example_dags/example_skip_dag.py
[2021-12-10 08:41:50,702] {logging_mixin.py:109} INFO - [2021-12-10 08:41:50,702] {dag.py:2396} INFO - Sync 1 DAGs
[2021-12-10 08:41:50,723] {logging_mixin.py:109} INFO - [2021-12-10 08:41:50,723] {dag.py:2928} INFO - Setting next_dagrun for example_skip_dag to 2021-12-09T08:41:50.723429+00:00
[2021-12-10 08:41:50,736] {processor.py:171} INFO - Processing /home/airflow/.local/lib/python3.7/site-packages/airflow/example_dags/example_skip_dag.py took 0.086 seconds
[2021-12-10 08:42:21,092] {processor.py:163} INFO - Started process (PID=2399) to work on /home/airflow/.local/lib/python3.7/site-packages/airflow/example_dags/example_skip_dag.py
[2021-12-10 08:42:21,094] {processor.py:625} INFO - Processing file /home/airflow/.local/lib/python3.7/site-packages/airflow/example_dags/example_skip_dag.py for tasks to queue
[2021-12-10 08:42:21,095] {logging_mixin.py:109} INFO - [2021-12-10 08:42:21,095] {dagbag.py:500} INFO - Filling up the DagBag from /home/airflow/.local/lib/python3.7/site-packages/airflow/example_dags/example_skip_dag.py
[2021-12-10 08:42:21,123] {processor.py:637} INFO - DAG(s) dict_keys(['example_skip_dag']) retrieved from /home/airflow/.local/lib/python3.7/site-packages/airflow/example_dags/example_skip_dag.py
[2021-12-10 08:42:21,135] {logging_mixin.py:109} INFO - [2021-12-10 08:42:21,135] {dag.py:2396} INFO - Sync 1 DAGs
[2021-12-10 08:42:21,152] {logging_mixin.py:109} INFO - [2021-12-10 08:42:21,152] {dag.py:2928} INFO - Setting next_dagrun for example_skip_dag to 2021-12-09T08:42:21.151897+00:00
[2021-12-10 08:42:21,161] {processor.py:171} INFO - Processing /home/airflow/.local/lib/python3.7/site-packages/airflow/example_dags/example_skip_dag.py took 0.072 seconds
[2021-12-10 08:42:51,247] {processor.py:163} INFO - Started process (PID=2451) to work on /home/airflow/.local/lib/python3.7/site-packages/airflow/example_dags/example_skip_dag.py
[2021-12-10 08:42:51,249] {processor.py:625} INFO - Processing file /home/airflow/.local/lib/python3.7/site-packages/airflow/example_dags/example_skip_dag.py for tasks to queue
[2021-12-10 08:42:51,250] {logging_mixin.py:109} INFO - [2021-12-10 08:42:51,249] {dagbag.py:500} INFO - Filling up the DagBag from /home/airflow/.local/lib/python3.7/site-packages/airflow/example_dags/example_skip_dag.py
[2021-12-10 08:42:51,278] {processor.py:637} INFO - DAG(s) dict_keys(['example_skip_dag']) retrieved from /home/airflow/.local/lib/python3.7/site-packages/airflow/example_dags/example_skip_dag.py
[2021-12-10 08:42:51,291] {logging_mixin.py:109} INFO - [2021-12-10 08:42:51,291] {dag.py:2396} INFO - Sync 1 DAGs
[2021-12-10 08:42:51,308] {logging_mixin.py:109} INFO - [2021-12-10 08:42:51,307] {dag.py:2928} INFO - Setting next_dagrun for example_skip_dag to 2021-12-09T08:42:51.307443+00:00
[2021-12-10 08:42:51,318] {processor.py:171} INFO - Processing /home/airflow/.local/lib/python3.7/site-packages/airflow/example_dags/example_skip_dag.py took 0.075 seconds
[2021-12-10 08:43:21,606] {processor.py:163} INFO - Started process (PID=2513) to work on /home/airflow/.local/lib/python3.7/site-packages/airflow/example_dags/example_skip_dag.py
[2021-12-10 08:43:21,608] {processor.py:625} INFO - Processing file /home/airflow/.local/lib/python3.7/site-packages/airflow/example_dags/example_skip_dag.py for tasks to queue
[2021-12-10 08:43:21,609] {logging_mixin.py:109} INFO - [2021-12-10 08:43:21,608] {dagbag.py:500} INFO - Filling up the DagBag from /home/airflow/.local/lib/python3.7/site-packages/airflow/example_dags/example_skip_dag.py
[2021-12-10 08:43:21,638] {processor.py:637} INFO - DAG(s) dict_keys(['example_skip_dag']) retrieved from /home/airflow/.local/lib/python3.7/site-packages/airflow/example_dags/example_skip_dag.py
[2021-12-10 08:43:21,650] {logging_mixin.py:109} INFO - [2021-12-10 08:43:21,650] {dag.py:2396} INFO - Sync 1 DAGs
[2021-12-10 08:43:21,668] {logging_mixin.py:109} INFO - [2021-12-10 08:43:21,668] {dag.py:2928} INFO - Setting next_dagrun for example_skip_dag to 2021-12-09T08:43:21.667954+00:00
[2021-12-10 08:43:21,679] {processor.py:171} INFO - Processing /home/airflow/.local/lib/python3.7/site-packages/airflow/example_dags/example_skip_dag.py took 0.077 seconds
[2021-12-10 08:43:51,784] {processor.py:163} INFO - Started process (PID=2564) to work on /home/airflow/.local/lib/python3.7/site-packages/airflow/example_dags/example_skip_dag.py
[2021-12-10 08:43:51,785] {processor.py:625} INFO - Processing file /home/airflow/.local/lib/python3.7/site-packages/airflow/example_dags/example_skip_dag.py for tasks to queue
[2021-12-10 08:43:51,786] {logging_mixin.py:109} INFO - [2021-12-10 08:43:51,786] {dagbag.py:500} INFO - Filling up the DagBag from /home/airflow/.local/lib/python3.7/site-packages/airflow/example_dags/example_skip_dag.py
[2021-12-10 08:43:51,816] {processor.py:637} INFO - DAG(s) dict_keys(['example_skip_dag']) retrieved from /home/airflow/.local/lib/python3.7/site-packages/airflow/example_dags/example_skip_dag.py
[2021-12-10 08:43:51,832] {logging_mixin.py:109} INFO - [2021-12-10 08:43:51,832] {dag.py:2396} INFO - Sync 1 DAGs
[2021-12-10 08:43:51,858] {logging_mixin.py:109} INFO - [2021-12-10 08:43:51,858] {dag.py:2928} INFO - Setting next_dagrun for example_skip_dag to 2021-12-09T08:43:51.857785+00:00
[2021-12-10 08:43:51,873] {processor.py:171} INFO - Processing /home/airflow/.local/lib/python3.7/site-packages/airflow/example_dags/example_skip_dag.py took 0.093 seconds
[2021-12-10 08:44:22,037] {processor.py:163} INFO - Started process (PID=2624) to work on /home/airflow/.local/lib/python3.7/site-packages/airflow/example_dags/example_skip_dag.py
[2021-12-10 08:44:22,039] {processor.py:625} INFO - Processing file /home/airflow/.local/lib/python3.7/site-packages/airflow/example_dags/example_skip_dag.py for tasks to queue
[2021-12-10 08:44:22,040] {logging_mixin.py:109} INFO - [2021-12-10 08:44:22,040] {dagbag.py:500} INFO - Filling up the DagBag from /home/airflow/.local/lib/python3.7/site-packages/airflow/example_dags/example_skip_dag.py
[2021-12-10 08:44:22,074] {processor.py:637} INFO - DAG(s) dict_keys(['example_skip_dag']) retrieved from /home/airflow/.local/lib/python3.7/site-packages/airflow/example_dags/example_skip_dag.py
[2021-12-10 08:44:22,085] {logging_mixin.py:109} INFO - [2021-12-10 08:44:22,085] {dag.py:2396} INFO - Sync 1 DAGs
[2021-12-10 08:44:22,102] {logging_mixin.py:109} INFO - [2021-12-10 08:44:22,101] {dag.py:2928} INFO - Setting next_dagrun for example_skip_dag to 2021-12-09T08:44:22.101640+00:00
[2021-12-10 08:44:22,112] {processor.py:171} INFO - Processing /home/airflow/.local/lib/python3.7/site-packages/airflow/example_dags/example_skip_dag.py took 0.080 seconds
[2021-12-10 08:44:52,175] {processor.py:163} INFO - Started process (PID=2680) to work on /home/airflow/.local/lib/python3.7/site-packages/airflow/example_dags/example_skip_dag.py
[2021-12-10 08:44:52,177] {processor.py:625} INFO - Processing file /home/airflow/.local/lib/python3.7/site-packages/airflow/example_dags/example_skip_dag.py for tasks to queue
[2021-12-10 08:44:52,178] {logging_mixin.py:109} INFO - [2021-12-10 08:44:52,177] {dagbag.py:500} INFO - Filling up the DagBag from /home/airflow/.local/lib/python3.7/site-packages/airflow/example_dags/example_skip_dag.py
[2021-12-10 08:44:52,207] {processor.py:637} INFO - DAG(s) dict_keys(['example_skip_dag']) retrieved from /home/airflow/.local/lib/python3.7/site-packages/airflow/example_dags/example_skip_dag.py
[2021-12-10 08:44:52,218] {logging_mixin.py:109} INFO - [2021-12-10 08:44:52,218] {dag.py:2396} INFO - Sync 1 DAGs
[2021-12-10 08:44:52,235] {logging_mixin.py:109} INFO - [2021-12-10 08:44:52,235] {dag.py:2928} INFO - Setting next_dagrun for example_skip_dag to 2021-12-09T08:44:52.235483+00:00
[2021-12-10 08:44:52,247] {processor.py:171} INFO - Processing /home/airflow/.local/lib/python3.7/site-packages/airflow/example_dags/example_skip_dag.py took 0.076 seconds
[2021-12-10 08:45:22,386] {processor.py:163} INFO - Started process (PID=2733) to work on /home/airflow/.local/lib/python3.7/site-packages/airflow/example_dags/example_skip_dag.py
[2021-12-10 08:45:22,388] {processor.py:625} INFO - Processing file /home/airflow/.local/lib/python3.7/site-packages/airflow/example_dags/example_skip_dag.py for tasks to queue
[2021-12-10 08:45:22,389] {logging_mixin.py:109} INFO - [2021-12-10 08:45:22,388] {dagbag.py:500} INFO - Filling up the DagBag from /home/airflow/.local/lib/python3.7/site-packages/airflow/example_dags/example_skip_dag.py
[2021-12-10 08:45:22,417] {processor.py:637} INFO - DAG(s) dict_keys(['example_skip_dag']) retrieved from /home/airflow/.local/lib/python3.7/site-packages/airflow/example_dags/example_skip_dag.py
[2021-12-10 08:45:22,429] {logging_mixin.py:109} INFO - [2021-12-10 08:45:22,429] {dag.py:2396} INFO - Sync 1 DAGs
[2021-12-10 08:45:22,452] {logging_mixin.py:109} INFO - [2021-12-10 08:45:22,452] {dag.py:2928} INFO - Setting next_dagrun for example_skip_dag to 2021-12-09T08:45:22.452180+00:00
[2021-12-10 08:45:22,465] {processor.py:171} INFO - Processing /home/airflow/.local/lib/python3.7/site-packages/airflow/example_dags/example_skip_dag.py took 0.082 seconds
[2021-12-10 08:45:52,950] {processor.py:163} INFO - Started process (PID=2794) to work on /home/airflow/.local/lib/python3.7/site-packages/airflow/example_dags/example_skip_dag.py
[2021-12-10 08:45:52,954] {processor.py:625} INFO - Processing file /home/airflow/.local/lib/python3.7/site-packages/airflow/example_dags/example_skip_dag.py for tasks to queue
[2021-12-10 08:45:52,955] {logging_mixin.py:109} INFO - [2021-12-10 08:45:52,954] {dagbag.py:500} INFO - Filling up the DagBag from /home/airflow/.local/lib/python3.7/site-packages/airflow/example_dags/example_skip_dag.py
[2021-12-10 08:45:52,981] {processor.py:637} INFO - DAG(s) dict_keys(['example_skip_dag']) retrieved from /home/airflow/.local/lib/python3.7/site-packages/airflow/example_dags/example_skip_dag.py
[2021-12-10 08:45:52,993] {logging_mixin.py:109} INFO - [2021-12-10 08:45:52,993] {dag.py:2396} INFO - Sync 1 DAGs
[2021-12-10 08:45:53,010] {logging_mixin.py:109} INFO - [2021-12-10 08:45:53,010] {dag.py:2928} INFO - Setting next_dagrun for example_skip_dag to 2021-12-09T08:45:53.010186+00:00
[2021-12-10 08:45:53,021] {processor.py:171} INFO - Processing /home/airflow/.local/lib/python3.7/site-packages/airflow/example_dags/example_skip_dag.py took 0.074 seconds
[2021-12-10 08:46:23,062] {processor.py:163} INFO - Started process (PID=2846) to work on /home/airflow/.local/lib/python3.7/site-packages/airflow/example_dags/example_skip_dag.py
[2021-12-10 08:46:23,063] {processor.py:625} INFO - Processing file /home/airflow/.local/lib/python3.7/site-packages/airflow/example_dags/example_skip_dag.py for tasks to queue
[2021-12-10 08:46:23,064] {logging_mixin.py:109} INFO - [2021-12-10 08:46:23,064] {dagbag.py:500} INFO - Filling up the DagBag from /home/airflow/.local/lib/python3.7/site-packages/airflow/example_dags/example_skip_dag.py
[2021-12-10 08:46:23,094] {processor.py:637} INFO - DAG(s) dict_keys(['example_skip_dag']) retrieved from /home/airflow/.local/lib/python3.7/site-packages/airflow/example_dags/example_skip_dag.py
[2021-12-10 08:46:23,109] {logging_mixin.py:109} INFO - [2021-12-10 08:46:23,109] {dag.py:2396} INFO - Sync 1 DAGs
[2021-12-10 08:46:23,135] {logging_mixin.py:109} INFO - [2021-12-10 08:46:23,135] {dag.py:2928} INFO - Setting next_dagrun for example_skip_dag to 2021-12-09T08:46:23.134679+00:00
[2021-12-10 08:46:23,147] {processor.py:171} INFO - Processing /home/airflow/.local/lib/python3.7/site-packages/airflow/example_dags/example_skip_dag.py took 0.089 seconds
[2021-12-10 08:46:53,519] {processor.py:163} INFO - Started process (PID=2907) to work on /home/airflow/.local/lib/python3.7/site-packages/airflow/example_dags/example_skip_dag.py
[2021-12-10 08:46:53,521] {processor.py:625} INFO - Processing file /home/airflow/.local/lib/python3.7/site-packages/airflow/example_dags/example_skip_dag.py for tasks to queue
[2021-12-10 08:46:53,521] {logging_mixin.py:109} INFO - [2021-12-10 08:46:53,521] {dagbag.py:500} INFO - Filling up the DagBag from /home/airflow/.local/lib/python3.7/site-packages/airflow/example_dags/example_skip_dag.py
[2021-12-10 08:46:53,552] {processor.py:637} INFO - DAG(s) dict_keys(['example_skip_dag']) retrieved from /home/airflow/.local/lib/python3.7/site-packages/airflow/example_dags/example_skip_dag.py
[2021-12-10 08:46:53,563] {logging_mixin.py:109} INFO - [2021-12-10 08:46:53,563] {dag.py:2396} INFO - Sync 1 DAGs
[2021-12-10 08:46:53,581] {logging_mixin.py:109} INFO - [2021-12-10 08:46:53,581] {dag.py:2928} INFO - Setting next_dagrun for example_skip_dag to 2021-12-09T08:46:53.581140+00:00
[2021-12-10 08:46:53,701] {processor.py:171} INFO - Processing /home/airflow/.local/lib/python3.7/site-packages/airflow/example_dags/example_skip_dag.py took 0.186 seconds
[2021-12-10 08:47:24,249] {processor.py:163} INFO - Started process (PID=2959) to work on /home/airflow/.local/lib/python3.7/site-packages/airflow/example_dags/example_skip_dag.py
[2021-12-10 08:47:24,251] {processor.py:625} INFO - Processing file /home/airflow/.local/lib/python3.7/site-packages/airflow/example_dags/example_skip_dag.py for tasks to queue
[2021-12-10 08:47:24,252] {logging_mixin.py:109} INFO - [2021-12-10 08:47:24,251] {dagbag.py:500} INFO - Filling up the DagBag from /home/airflow/.local/lib/python3.7/site-packages/airflow/example_dags/example_skip_dag.py
[2021-12-10 08:47:24,280] {processor.py:637} INFO - DAG(s) dict_keys(['example_skip_dag']) retrieved from /home/airflow/.local/lib/python3.7/site-packages/airflow/example_dags/example_skip_dag.py
[2021-12-10 08:47:24,293] {logging_mixin.py:109} INFO - [2021-12-10 08:47:24,293] {dag.py:2396} INFO - Sync 1 DAGs
[2021-12-10 08:47:24,416] {logging_mixin.py:109} INFO - [2021-12-10 08:47:24,416] {dag.py:2928} INFO - Setting next_dagrun for example_skip_dag to 2021-12-09T08:47:24.416537+00:00
[2021-12-10 08:47:24,427] {processor.py:171} INFO - Processing /home/airflow/.local/lib/python3.7/site-packages/airflow/example_dags/example_skip_dag.py took 0.181 seconds
