[2021-12-10 08:23:45,393] {processor.py:163} INFO - Started process (PID=237) to work on /home/airflow/.local/lib/python3.7/site-packages/airflow/example_dags/example_kubernetes_executor_config.py
[2021-12-10 08:23:45,394] {processor.py:625} INFO - Processing file /home/airflow/.local/lib/python3.7/site-packages/airflow/example_dags/example_kubernetes_executor_config.py for tasks to queue
[2021-12-10 08:23:45,395] {logging_mixin.py:109} INFO - [2021-12-10 08:23:45,395] {dagbag.py:500} INFO - Filling up the DagBag from /home/airflow/.local/lib/python3.7/site-packages/airflow/example_dags/example_kubernetes_executor_config.py
[2021-12-10 08:23:45,426] {processor.py:637} INFO - DAG(s) dict_keys(['example_kubernetes_executor_config']) retrieved from /home/airflow/.local/lib/python3.7/site-packages/airflow/example_dags/example_kubernetes_executor_config.py
[2021-12-10 08:23:46,806] {logging_mixin.py:109} INFO - [2021-12-10 08:23:46,805] {providers_manager.py:156} WARNING - Exception when importing 'airflow.providers.google.leveldb.hooks.leveldb.LevelDBHook' from 'apache-airflow-providers-google' package: No module named 'plyvel'
[2021-12-10 08:23:47,286] {logging_mixin.py:109} INFO - [2021-12-10 08:23:47,286] {providers_manager.py:156} WARNING - Exception when importing 'airflow.providers.google.leveldb.hooks.leveldb.LevelDBHook' from 'apache-airflow-providers-google' package: No module named 'plyvel'
[2021-12-10 08:23:47,313] {logging_mixin.py:109} INFO - [2021-12-10 08:23:47,313] {manager.py:496} INFO - Created Permission View: can read on DAG:example_kubernetes_executor_config
[2021-12-10 08:23:47,322] {logging_mixin.py:109} INFO - [2021-12-10 08:23:47,322] {manager.py:496} INFO - Created Permission View: can edit on DAG:example_kubernetes_executor_config
[2021-12-10 08:23:47,323] {logging_mixin.py:109} INFO - [2021-12-10 08:23:47,323] {dag.py:2396} INFO - Sync 1 DAGs
[2021-12-10 08:23:47,331] {logging_mixin.py:109} INFO - [2021-12-10 08:23:47,330] {dag.py:2415} INFO - Creating ORM DAG for example_kubernetes_executor_config
[2021-12-10 08:23:47,339] {logging_mixin.py:109} INFO - [2021-12-10 08:23:47,339] {dag.py:2928} INFO - Setting next_dagrun for example_kubernetes_executor_config to None
[2021-12-10 08:23:47,353] {processor.py:171} INFO - Processing /home/airflow/.local/lib/python3.7/site-packages/airflow/example_dags/example_kubernetes_executor_config.py took 1.963 seconds
[2021-12-10 08:24:17,994] {processor.py:163} INFO - Started process (PID=386) to work on /home/airflow/.local/lib/python3.7/site-packages/airflow/example_dags/example_kubernetes_executor_config.py
[2021-12-10 08:24:17,995] {processor.py:625} INFO - Processing file /home/airflow/.local/lib/python3.7/site-packages/airflow/example_dags/example_kubernetes_executor_config.py for tasks to queue
[2021-12-10 08:24:17,995] {logging_mixin.py:109} INFO - [2021-12-10 08:24:17,995] {dagbag.py:500} INFO - Filling up the DagBag from /home/airflow/.local/lib/python3.7/site-packages/airflow/example_dags/example_kubernetes_executor_config.py
[2021-12-10 08:24:18,027] {processor.py:637} INFO - DAG(s) dict_keys(['example_kubernetes_executor_config']) retrieved from /home/airflow/.local/lib/python3.7/site-packages/airflow/example_dags/example_kubernetes_executor_config.py
[2021-12-10 08:24:18,040] {logging_mixin.py:109} INFO - [2021-12-10 08:24:18,040] {dag.py:2396} INFO - Sync 1 DAGs
[2021-12-10 08:24:18,058] {logging_mixin.py:109} INFO - [2021-12-10 08:24:18,058] {dag.py:2928} INFO - Setting next_dagrun for example_kubernetes_executor_config to None
[2021-12-10 08:24:18,068] {processor.py:171} INFO - Processing /home/airflow/.local/lib/python3.7/site-packages/airflow/example_dags/example_kubernetes_executor_config.py took 0.078 seconds
[2021-12-10 08:24:48,400] {processor.py:163} INFO - Started process (PID=447) to work on /home/airflow/.local/lib/python3.7/site-packages/airflow/example_dags/example_kubernetes_executor_config.py
[2021-12-10 08:24:48,402] {processor.py:625} INFO - Processing file /home/airflow/.local/lib/python3.7/site-packages/airflow/example_dags/example_kubernetes_executor_config.py for tasks to queue
[2021-12-10 08:24:48,402] {logging_mixin.py:109} INFO - [2021-12-10 08:24:48,402] {dagbag.py:500} INFO - Filling up the DagBag from /home/airflow/.local/lib/python3.7/site-packages/airflow/example_dags/example_kubernetes_executor_config.py
[2021-12-10 08:24:48,431] {processor.py:637} INFO - DAG(s) dict_keys(['example_kubernetes_executor_config']) retrieved from /home/airflow/.local/lib/python3.7/site-packages/airflow/example_dags/example_kubernetes_executor_config.py
[2021-12-10 08:24:48,444] {logging_mixin.py:109} INFO - [2021-12-10 08:24:48,444] {dag.py:2396} INFO - Sync 1 DAGs
[2021-12-10 08:24:48,460] {logging_mixin.py:109} INFO - [2021-12-10 08:24:48,460] {dag.py:2928} INFO - Setting next_dagrun for example_kubernetes_executor_config to None
[2021-12-10 08:24:48,469] {processor.py:171} INFO - Processing /home/airflow/.local/lib/python3.7/site-packages/airflow/example_dags/example_kubernetes_executor_config.py took 0.073 seconds
[2021-12-10 08:25:18,753] {processor.py:163} INFO - Started process (PID=500) to work on /home/airflow/.local/lib/python3.7/site-packages/airflow/example_dags/example_kubernetes_executor_config.py
[2021-12-10 08:25:18,754] {processor.py:625} INFO - Processing file /home/airflow/.local/lib/python3.7/site-packages/airflow/example_dags/example_kubernetes_executor_config.py for tasks to queue
[2021-12-10 08:25:18,755] {logging_mixin.py:109} INFO - [2021-12-10 08:25:18,755] {dagbag.py:500} INFO - Filling up the DagBag from /home/airflow/.local/lib/python3.7/site-packages/airflow/example_dags/example_kubernetes_executor_config.py
[2021-12-10 08:25:18,785] {processor.py:637} INFO - DAG(s) dict_keys(['example_kubernetes_executor_config']) retrieved from /home/airflow/.local/lib/python3.7/site-packages/airflow/example_dags/example_kubernetes_executor_config.py
[2021-12-10 08:25:18,798] {logging_mixin.py:109} INFO - [2021-12-10 08:25:18,798] {dag.py:2396} INFO - Sync 1 DAGs
[2021-12-10 08:25:18,815] {logging_mixin.py:109} INFO - [2021-12-10 08:25:18,815] {dag.py:2928} INFO - Setting next_dagrun for example_kubernetes_executor_config to None
[2021-12-10 08:25:18,825] {processor.py:171} INFO - Processing /home/airflow/.local/lib/python3.7/site-packages/airflow/example_dags/example_kubernetes_executor_config.py took 0.076 seconds
[2021-12-10 08:25:49,133] {processor.py:163} INFO - Started process (PID=553) to work on /home/airflow/.local/lib/python3.7/site-packages/airflow/example_dags/example_kubernetes_executor_config.py
[2021-12-10 08:25:49,135] {processor.py:625} INFO - Processing file /home/airflow/.local/lib/python3.7/site-packages/airflow/example_dags/example_kubernetes_executor_config.py for tasks to queue
[2021-12-10 08:25:49,136] {logging_mixin.py:109} INFO - [2021-12-10 08:25:49,136] {dagbag.py:500} INFO - Filling up the DagBag from /home/airflow/.local/lib/python3.7/site-packages/airflow/example_dags/example_kubernetes_executor_config.py
[2021-12-10 08:25:49,173] {processor.py:637} INFO - DAG(s) dict_keys(['example_kubernetes_executor_config']) retrieved from /home/airflow/.local/lib/python3.7/site-packages/airflow/example_dags/example_kubernetes_executor_config.py
[2021-12-10 08:25:49,185] {logging_mixin.py:109} INFO - [2021-12-10 08:25:49,185] {dag.py:2396} INFO - Sync 1 DAGs
[2021-12-10 08:25:49,201] {logging_mixin.py:109} INFO - [2021-12-10 08:25:49,201] {dag.py:2928} INFO - Setting next_dagrun for example_kubernetes_executor_config to None
[2021-12-10 08:25:49,210] {processor.py:171} INFO - Processing /home/airflow/.local/lib/python3.7/site-packages/airflow/example_dags/example_kubernetes_executor_config.py took 0.082 seconds
[2021-12-10 08:26:19,666] {processor.py:163} INFO - Started process (PID=614) to work on /home/airflow/.local/lib/python3.7/site-packages/airflow/example_dags/example_kubernetes_executor_config.py
[2021-12-10 08:26:19,677] {processor.py:625} INFO - Processing file /home/airflow/.local/lib/python3.7/site-packages/airflow/example_dags/example_kubernetes_executor_config.py for tasks to queue
[2021-12-10 08:26:19,678] {logging_mixin.py:109} INFO - [2021-12-10 08:26:19,678] {dagbag.py:500} INFO - Filling up the DagBag from /home/airflow/.local/lib/python3.7/site-packages/airflow/example_dags/example_kubernetes_executor_config.py
[2021-12-10 08:26:19,710] {processor.py:637} INFO - DAG(s) dict_keys(['example_kubernetes_executor_config']) retrieved from /home/airflow/.local/lib/python3.7/site-packages/airflow/example_dags/example_kubernetes_executor_config.py
[2021-12-10 08:26:19,727] {logging_mixin.py:109} INFO - [2021-12-10 08:26:19,727] {dag.py:2396} INFO - Sync 1 DAGs
[2021-12-10 08:26:19,747] {logging_mixin.py:109} INFO - [2021-12-10 08:26:19,747] {dag.py:2928} INFO - Setting next_dagrun for example_kubernetes_executor_config to None
[2021-12-10 08:26:19,764] {processor.py:171} INFO - Processing /home/airflow/.local/lib/python3.7/site-packages/airflow/example_dags/example_kubernetes_executor_config.py took 0.101 seconds
[2021-12-10 08:26:49,880] {processor.py:163} INFO - Started process (PID=667) to work on /home/airflow/.local/lib/python3.7/site-packages/airflow/example_dags/example_kubernetes_executor_config.py
[2021-12-10 08:26:49,882] {processor.py:625} INFO - Processing file /home/airflow/.local/lib/python3.7/site-packages/airflow/example_dags/example_kubernetes_executor_config.py for tasks to queue
[2021-12-10 08:26:49,883] {logging_mixin.py:109} INFO - [2021-12-10 08:26:49,883] {dagbag.py:500} INFO - Filling up the DagBag from /home/airflow/.local/lib/python3.7/site-packages/airflow/example_dags/example_kubernetes_executor_config.py
[2021-12-10 08:26:49,918] {processor.py:637} INFO - DAG(s) dict_keys(['example_kubernetes_executor_config']) retrieved from /home/airflow/.local/lib/python3.7/site-packages/airflow/example_dags/example_kubernetes_executor_config.py
[2021-12-10 08:26:49,937] {logging_mixin.py:109} INFO - [2021-12-10 08:26:49,937] {dag.py:2396} INFO - Sync 1 DAGs
[2021-12-10 08:26:49,956] {logging_mixin.py:109} INFO - [2021-12-10 08:26:49,956] {dag.py:2928} INFO - Setting next_dagrun for example_kubernetes_executor_config to None
[2021-12-10 08:26:49,966] {processor.py:171} INFO - Processing /home/airflow/.local/lib/python3.7/site-packages/airflow/example_dags/example_kubernetes_executor_config.py took 0.090 seconds
[2021-12-10 08:27:20,254] {processor.py:163} INFO - Started process (PID=730) to work on /home/airflow/.local/lib/python3.7/site-packages/airflow/example_dags/example_kubernetes_executor_config.py
[2021-12-10 08:27:20,255] {processor.py:625} INFO - Processing file /home/airflow/.local/lib/python3.7/site-packages/airflow/example_dags/example_kubernetes_executor_config.py for tasks to queue
[2021-12-10 08:27:20,256] {logging_mixin.py:109} INFO - [2021-12-10 08:27:20,256] {dagbag.py:500} INFO - Filling up the DagBag from /home/airflow/.local/lib/python3.7/site-packages/airflow/example_dags/example_kubernetes_executor_config.py
[2021-12-10 08:27:20,286] {processor.py:637} INFO - DAG(s) dict_keys(['example_kubernetes_executor_config']) retrieved from /home/airflow/.local/lib/python3.7/site-packages/airflow/example_dags/example_kubernetes_executor_config.py
[2021-12-10 08:27:20,299] {logging_mixin.py:109} INFO - [2021-12-10 08:27:20,299] {dag.py:2396} INFO - Sync 1 DAGs
[2021-12-10 08:27:20,316] {logging_mixin.py:109} INFO - [2021-12-10 08:27:20,316] {dag.py:2928} INFO - Setting next_dagrun for example_kubernetes_executor_config to None
[2021-12-10 08:27:20,325] {processor.py:171} INFO - Processing /home/airflow/.local/lib/python3.7/site-packages/airflow/example_dags/example_kubernetes_executor_config.py took 0.075 seconds
[2021-12-10 08:27:51,150] {processor.py:163} INFO - Started process (PID=783) to work on /home/airflow/.local/lib/python3.7/site-packages/airflow/example_dags/example_kubernetes_executor_config.py
[2021-12-10 08:27:51,151] {processor.py:625} INFO - Processing file /home/airflow/.local/lib/python3.7/site-packages/airflow/example_dags/example_kubernetes_executor_config.py for tasks to queue
[2021-12-10 08:27:51,152] {logging_mixin.py:109} INFO - [2021-12-10 08:27:51,152] {dagbag.py:500} INFO - Filling up the DagBag from /home/airflow/.local/lib/python3.7/site-packages/airflow/example_dags/example_kubernetes_executor_config.py
[2021-12-10 08:27:51,180] {processor.py:637} INFO - DAG(s) dict_keys(['example_kubernetes_executor_config']) retrieved from /home/airflow/.local/lib/python3.7/site-packages/airflow/example_dags/example_kubernetes_executor_config.py
[2021-12-10 08:27:51,192] {logging_mixin.py:109} INFO - [2021-12-10 08:27:51,192] {dag.py:2396} INFO - Sync 1 DAGs
[2021-12-10 08:27:51,208] {logging_mixin.py:109} INFO - [2021-12-10 08:27:51,208] {dag.py:2928} INFO - Setting next_dagrun for example_kubernetes_executor_config to None
[2021-12-10 08:27:51,217] {processor.py:171} INFO - Processing /home/airflow/.local/lib/python3.7/site-packages/airflow/example_dags/example_kubernetes_executor_config.py took 0.071 seconds
[2021-12-10 08:28:21,317] {processor.py:163} INFO - Started process (PID=834) to work on /home/airflow/.local/lib/python3.7/site-packages/airflow/example_dags/example_kubernetes_executor_config.py
[2021-12-10 08:28:21,318] {processor.py:625} INFO - Processing file /home/airflow/.local/lib/python3.7/site-packages/airflow/example_dags/example_kubernetes_executor_config.py for tasks to queue
[2021-12-10 08:28:21,319] {logging_mixin.py:109} INFO - [2021-12-10 08:28:21,319] {dagbag.py:500} INFO - Filling up the DagBag from /home/airflow/.local/lib/python3.7/site-packages/airflow/example_dags/example_kubernetes_executor_config.py
[2021-12-10 08:28:21,348] {processor.py:637} INFO - DAG(s) dict_keys(['example_kubernetes_executor_config']) retrieved from /home/airflow/.local/lib/python3.7/site-packages/airflow/example_dags/example_kubernetes_executor_config.py
[2021-12-10 08:28:21,361] {logging_mixin.py:109} INFO - [2021-12-10 08:28:21,361] {dag.py:2396} INFO - Sync 1 DAGs
[2021-12-10 08:28:21,378] {logging_mixin.py:109} INFO - [2021-12-10 08:28:21,378] {dag.py:2928} INFO - Setting next_dagrun for example_kubernetes_executor_config to None
[2021-12-10 08:28:21,387] {processor.py:171} INFO - Processing /home/airflow/.local/lib/python3.7/site-packages/airflow/example_dags/example_kubernetes_executor_config.py took 0.076 seconds
[2021-12-10 08:28:51,785] {processor.py:163} INFO - Started process (PID=895) to work on /home/airflow/.local/lib/python3.7/site-packages/airflow/example_dags/example_kubernetes_executor_config.py
[2021-12-10 08:28:51,786] {processor.py:625} INFO - Processing file /home/airflow/.local/lib/python3.7/site-packages/airflow/example_dags/example_kubernetes_executor_config.py for tasks to queue
[2021-12-10 08:28:51,786] {logging_mixin.py:109} INFO - [2021-12-10 08:28:51,786] {dagbag.py:500} INFO - Filling up the DagBag from /home/airflow/.local/lib/python3.7/site-packages/airflow/example_dags/example_kubernetes_executor_config.py
[2021-12-10 08:28:51,819] {processor.py:637} INFO - DAG(s) dict_keys(['example_kubernetes_executor_config']) retrieved from /home/airflow/.local/lib/python3.7/site-packages/airflow/example_dags/example_kubernetes_executor_config.py
[2021-12-10 08:28:51,833] {logging_mixin.py:109} INFO - [2021-12-10 08:28:51,833] {dag.py:2396} INFO - Sync 1 DAGs
[2021-12-10 08:28:51,850] {logging_mixin.py:109} INFO - [2021-12-10 08:28:51,850] {dag.py:2928} INFO - Setting next_dagrun for example_kubernetes_executor_config to None
[2021-12-10 08:28:51,859] {processor.py:171} INFO - Processing /home/airflow/.local/lib/python3.7/site-packages/airflow/example_dags/example_kubernetes_executor_config.py took 0.078 seconds
[2021-12-10 08:29:22,821] {processor.py:163} INFO - Started process (PID=947) to work on /home/airflow/.local/lib/python3.7/site-packages/airflow/example_dags/example_kubernetes_executor_config.py
[2021-12-10 08:29:22,822] {processor.py:625} INFO - Processing file /home/airflow/.local/lib/python3.7/site-packages/airflow/example_dags/example_kubernetes_executor_config.py for tasks to queue
[2021-12-10 08:29:22,823] {logging_mixin.py:109} INFO - [2021-12-10 08:29:22,823] {dagbag.py:500} INFO - Filling up the DagBag from /home/airflow/.local/lib/python3.7/site-packages/airflow/example_dags/example_kubernetes_executor_config.py
[2021-12-10 08:29:22,853] {processor.py:637} INFO - DAG(s) dict_keys(['example_kubernetes_executor_config']) retrieved from /home/airflow/.local/lib/python3.7/site-packages/airflow/example_dags/example_kubernetes_executor_config.py
[2021-12-10 08:29:22,866] {logging_mixin.py:109} INFO - [2021-12-10 08:29:22,866] {dag.py:2396} INFO - Sync 1 DAGs
[2021-12-10 08:29:22,882] {logging_mixin.py:109} INFO - [2021-12-10 08:29:22,882] {dag.py:2928} INFO - Setting next_dagrun for example_kubernetes_executor_config to None
[2021-12-10 08:29:22,893] {processor.py:171} INFO - Processing /home/airflow/.local/lib/python3.7/site-packages/airflow/example_dags/example_kubernetes_executor_config.py took 0.076 seconds
[2021-12-10 08:29:54,039] {processor.py:163} INFO - Started process (PID=1009) to work on /home/airflow/.local/lib/python3.7/site-packages/airflow/example_dags/example_kubernetes_executor_config.py
[2021-12-10 08:29:54,041] {processor.py:625} INFO - Processing file /home/airflow/.local/lib/python3.7/site-packages/airflow/example_dags/example_kubernetes_executor_config.py for tasks to queue
[2021-12-10 08:29:54,041] {logging_mixin.py:109} INFO - [2021-12-10 08:29:54,041] {dagbag.py:500} INFO - Filling up the DagBag from /home/airflow/.local/lib/python3.7/site-packages/airflow/example_dags/example_kubernetes_executor_config.py
[2021-12-10 08:29:54,072] {processor.py:637} INFO - DAG(s) dict_keys(['example_kubernetes_executor_config']) retrieved from /home/airflow/.local/lib/python3.7/site-packages/airflow/example_dags/example_kubernetes_executor_config.py
[2021-12-10 08:29:54,086] {logging_mixin.py:109} INFO - [2021-12-10 08:29:54,086] {dag.py:2396} INFO - Sync 1 DAGs
[2021-12-10 08:29:54,104] {logging_mixin.py:109} INFO - [2021-12-10 08:29:54,104] {dag.py:2928} INFO - Setting next_dagrun for example_kubernetes_executor_config to None
[2021-12-10 08:29:54,113] {processor.py:171} INFO - Processing /home/airflow/.local/lib/python3.7/site-packages/airflow/example_dags/example_kubernetes_executor_config.py took 0.079 seconds
[2021-12-10 08:30:25,198] {processor.py:163} INFO - Started process (PID=1061) to work on /home/airflow/.local/lib/python3.7/site-packages/airflow/example_dags/example_kubernetes_executor_config.py
[2021-12-10 08:30:25,199] {processor.py:625} INFO - Processing file /home/airflow/.local/lib/python3.7/site-packages/airflow/example_dags/example_kubernetes_executor_config.py for tasks to queue
[2021-12-10 08:30:25,200] {logging_mixin.py:109} INFO - [2021-12-10 08:30:25,200] {dagbag.py:500} INFO - Filling up the DagBag from /home/airflow/.local/lib/python3.7/site-packages/airflow/example_dags/example_kubernetes_executor_config.py
[2021-12-10 08:30:25,231] {processor.py:637} INFO - DAG(s) dict_keys(['example_kubernetes_executor_config']) retrieved from /home/airflow/.local/lib/python3.7/site-packages/airflow/example_dags/example_kubernetes_executor_config.py
[2021-12-10 08:30:25,246] {logging_mixin.py:109} INFO - [2021-12-10 08:30:25,246] {dag.py:2396} INFO - Sync 1 DAGs
[2021-12-10 08:30:25,265] {logging_mixin.py:109} INFO - [2021-12-10 08:30:25,265] {dag.py:2928} INFO - Setting next_dagrun for example_kubernetes_executor_config to None
[2021-12-10 08:30:25,275] {processor.py:171} INFO - Processing /home/airflow/.local/lib/python3.7/site-packages/airflow/example_dags/example_kubernetes_executor_config.py took 0.081 seconds
[2021-12-10 08:30:56,471] {processor.py:163} INFO - Started process (PID=1123) to work on /home/airflow/.local/lib/python3.7/site-packages/airflow/example_dags/example_kubernetes_executor_config.py
[2021-12-10 08:30:56,473] {processor.py:625} INFO - Processing file /home/airflow/.local/lib/python3.7/site-packages/airflow/example_dags/example_kubernetes_executor_config.py for tasks to queue
[2021-12-10 08:30:56,474] {logging_mixin.py:109} INFO - [2021-12-10 08:30:56,474] {dagbag.py:500} INFO - Filling up the DagBag from /home/airflow/.local/lib/python3.7/site-packages/airflow/example_dags/example_kubernetes_executor_config.py
[2021-12-10 08:30:56,506] {processor.py:637} INFO - DAG(s) dict_keys(['example_kubernetes_executor_config']) retrieved from /home/airflow/.local/lib/python3.7/site-packages/airflow/example_dags/example_kubernetes_executor_config.py
[2021-12-10 08:30:56,519] {logging_mixin.py:109} INFO - [2021-12-10 08:30:56,518] {dag.py:2396} INFO - Sync 1 DAGs
[2021-12-10 08:30:56,536] {logging_mixin.py:109} INFO - [2021-12-10 08:30:56,536] {dag.py:2928} INFO - Setting next_dagrun for example_kubernetes_executor_config to None
[2021-12-10 08:30:56,545] {processor.py:171} INFO - Processing /home/airflow/.local/lib/python3.7/site-packages/airflow/example_dags/example_kubernetes_executor_config.py took 0.079 seconds
[2021-12-10 08:31:27,676] {processor.py:163} INFO - Started process (PID=1175) to work on /home/airflow/.local/lib/python3.7/site-packages/airflow/example_dags/example_kubernetes_executor_config.py
[2021-12-10 08:31:27,678] {processor.py:625} INFO - Processing file /home/airflow/.local/lib/python3.7/site-packages/airflow/example_dags/example_kubernetes_executor_config.py for tasks to queue
[2021-12-10 08:31:27,678] {logging_mixin.py:109} INFO - [2021-12-10 08:31:27,678] {dagbag.py:500} INFO - Filling up the DagBag from /home/airflow/.local/lib/python3.7/site-packages/airflow/example_dags/example_kubernetes_executor_config.py
[2021-12-10 08:31:27,708] {processor.py:637} INFO - DAG(s) dict_keys(['example_kubernetes_executor_config']) retrieved from /home/airflow/.local/lib/python3.7/site-packages/airflow/example_dags/example_kubernetes_executor_config.py
[2021-12-10 08:31:27,722] {logging_mixin.py:109} INFO - [2021-12-10 08:31:27,722] {dag.py:2396} INFO - Sync 1 DAGs
[2021-12-10 08:31:27,738] {logging_mixin.py:109} INFO - [2021-12-10 08:31:27,738] {dag.py:2928} INFO - Setting next_dagrun for example_kubernetes_executor_config to None
[2021-12-10 08:31:27,747] {processor.py:171} INFO - Processing /home/airflow/.local/lib/python3.7/site-packages/airflow/example_dags/example_kubernetes_executor_config.py took 0.074 seconds
[2021-12-10 08:31:58,993] {processor.py:163} INFO - Started process (PID=1238) to work on /home/airflow/.local/lib/python3.7/site-packages/airflow/example_dags/example_kubernetes_executor_config.py
[2021-12-10 08:31:58,994] {processor.py:625} INFO - Processing file /home/airflow/.local/lib/python3.7/site-packages/airflow/example_dags/example_kubernetes_executor_config.py for tasks to queue
[2021-12-10 08:31:58,995] {logging_mixin.py:109} INFO - [2021-12-10 08:31:58,995] {dagbag.py:500} INFO - Filling up the DagBag from /home/airflow/.local/lib/python3.7/site-packages/airflow/example_dags/example_kubernetes_executor_config.py
[2021-12-10 08:31:59,026] {processor.py:637} INFO - DAG(s) dict_keys(['example_kubernetes_executor_config']) retrieved from /home/airflow/.local/lib/python3.7/site-packages/airflow/example_dags/example_kubernetes_executor_config.py
[2021-12-10 08:31:59,042] {logging_mixin.py:109} INFO - [2021-12-10 08:31:59,042] {dag.py:2396} INFO - Sync 1 DAGs
[2021-12-10 08:31:59,062] {logging_mixin.py:109} INFO - [2021-12-10 08:31:59,062] {dag.py:2928} INFO - Setting next_dagrun for example_kubernetes_executor_config to None
[2021-12-10 08:31:59,075] {processor.py:171} INFO - Processing /home/airflow/.local/lib/python3.7/site-packages/airflow/example_dags/example_kubernetes_executor_config.py took 0.087 seconds
[2021-12-10 08:32:29,514] {processor.py:163} INFO - Started process (PID=1291) to work on /home/airflow/.local/lib/python3.7/site-packages/airflow/example_dags/example_kubernetes_executor_config.py
[2021-12-10 08:32:29,516] {processor.py:625} INFO - Processing file /home/airflow/.local/lib/python3.7/site-packages/airflow/example_dags/example_kubernetes_executor_config.py for tasks to queue
[2021-12-10 08:32:29,516] {logging_mixin.py:109} INFO - [2021-12-10 08:32:29,516] {dagbag.py:500} INFO - Filling up the DagBag from /home/airflow/.local/lib/python3.7/site-packages/airflow/example_dags/example_kubernetes_executor_config.py
[2021-12-10 08:32:29,548] {processor.py:637} INFO - DAG(s) dict_keys(['example_kubernetes_executor_config']) retrieved from /home/airflow/.local/lib/python3.7/site-packages/airflow/example_dags/example_kubernetes_executor_config.py
[2021-12-10 08:32:29,567] {logging_mixin.py:109} INFO - [2021-12-10 08:32:29,567] {dag.py:2396} INFO - Sync 1 DAGs
[2021-12-10 08:32:29,592] {logging_mixin.py:109} INFO - [2021-12-10 08:32:29,591] {dag.py:2928} INFO - Setting next_dagrun for example_kubernetes_executor_config to None
[2021-12-10 08:32:29,603] {processor.py:171} INFO - Processing /home/airflow/.local/lib/python3.7/site-packages/airflow/example_dags/example_kubernetes_executor_config.py took 0.092 seconds
[2021-12-10 08:32:59,622] {processor.py:163} INFO - Started process (PID=1342) to work on /home/airflow/.local/lib/python3.7/site-packages/airflow/example_dags/example_kubernetes_executor_config.py
[2021-12-10 08:32:59,624] {processor.py:625} INFO - Processing file /home/airflow/.local/lib/python3.7/site-packages/airflow/example_dags/example_kubernetes_executor_config.py for tasks to queue
[2021-12-10 08:32:59,625] {logging_mixin.py:109} INFO - [2021-12-10 08:32:59,625] {dagbag.py:500} INFO - Filling up the DagBag from /home/airflow/.local/lib/python3.7/site-packages/airflow/example_dags/example_kubernetes_executor_config.py
[2021-12-10 08:32:59,655] {processor.py:637} INFO - DAG(s) dict_keys(['example_kubernetes_executor_config']) retrieved from /home/airflow/.local/lib/python3.7/site-packages/airflow/example_dags/example_kubernetes_executor_config.py
[2021-12-10 08:32:59,669] {logging_mixin.py:109} INFO - [2021-12-10 08:32:59,669] {dag.py:2396} INFO - Sync 1 DAGs
[2021-12-10 08:32:59,688] {logging_mixin.py:109} INFO - [2021-12-10 08:32:59,688] {dag.py:2928} INFO - Setting next_dagrun for example_kubernetes_executor_config to None
[2021-12-10 08:32:59,698] {processor.py:171} INFO - Processing /home/airflow/.local/lib/python3.7/site-packages/airflow/example_dags/example_kubernetes_executor_config.py took 0.079 seconds
[2021-12-10 08:33:29,771] {processor.py:163} INFO - Started process (PID=1403) to work on /home/airflow/.local/lib/python3.7/site-packages/airflow/example_dags/example_kubernetes_executor_config.py
[2021-12-10 08:33:29,773] {processor.py:625} INFO - Processing file /home/airflow/.local/lib/python3.7/site-packages/airflow/example_dags/example_kubernetes_executor_config.py for tasks to queue
[2021-12-10 08:33:29,774] {logging_mixin.py:109} INFO - [2021-12-10 08:33:29,774] {dagbag.py:500} INFO - Filling up the DagBag from /home/airflow/.local/lib/python3.7/site-packages/airflow/example_dags/example_kubernetes_executor_config.py
[2021-12-10 08:33:29,815] {processor.py:637} INFO - DAG(s) dict_keys(['example_kubernetes_executor_config']) retrieved from /home/airflow/.local/lib/python3.7/site-packages/airflow/example_dags/example_kubernetes_executor_config.py
[2021-12-10 08:33:29,830] {logging_mixin.py:109} INFO - [2021-12-10 08:33:29,830] {dag.py:2396} INFO - Sync 1 DAGs
[2021-12-10 08:33:29,848] {logging_mixin.py:109} INFO - [2021-12-10 08:33:29,848] {dag.py:2928} INFO - Setting next_dagrun for example_kubernetes_executor_config to None
[2021-12-10 08:33:29,860] {processor.py:171} INFO - Processing /home/airflow/.local/lib/python3.7/site-packages/airflow/example_dags/example_kubernetes_executor_config.py took 0.093 seconds
[2021-12-10 08:33:59,939] {processor.py:163} INFO - Started process (PID=1454) to work on /home/airflow/.local/lib/python3.7/site-packages/airflow/example_dags/example_kubernetes_executor_config.py
[2021-12-10 08:33:59,941] {processor.py:625} INFO - Processing file /home/airflow/.local/lib/python3.7/site-packages/airflow/example_dags/example_kubernetes_executor_config.py for tasks to queue
[2021-12-10 08:33:59,941] {logging_mixin.py:109} INFO - [2021-12-10 08:33:59,941] {dagbag.py:500} INFO - Filling up the DagBag from /home/airflow/.local/lib/python3.7/site-packages/airflow/example_dags/example_kubernetes_executor_config.py
[2021-12-10 08:33:59,971] {processor.py:637} INFO - DAG(s) dict_keys(['example_kubernetes_executor_config']) retrieved from /home/airflow/.local/lib/python3.7/site-packages/airflow/example_dags/example_kubernetes_executor_config.py
[2021-12-10 08:33:59,984] {logging_mixin.py:109} INFO - [2021-12-10 08:33:59,984] {dag.py:2396} INFO - Sync 1 DAGs
[2021-12-10 08:34:00,002] {logging_mixin.py:109} INFO - [2021-12-10 08:34:00,002] {dag.py:2928} INFO - Setting next_dagrun for example_kubernetes_executor_config to None
[2021-12-10 08:34:00,012] {processor.py:171} INFO - Processing /home/airflow/.local/lib/python3.7/site-packages/airflow/example_dags/example_kubernetes_executor_config.py took 0.077 seconds
[2021-12-10 08:34:30,041] {processor.py:163} INFO - Started process (PID=1516) to work on /home/airflow/.local/lib/python3.7/site-packages/airflow/example_dags/example_kubernetes_executor_config.py
[2021-12-10 08:34:30,043] {processor.py:625} INFO - Processing file /home/airflow/.local/lib/python3.7/site-packages/airflow/example_dags/example_kubernetes_executor_config.py for tasks to queue
[2021-12-10 08:34:30,043] {logging_mixin.py:109} INFO - [2021-12-10 08:34:30,043] {dagbag.py:500} INFO - Filling up the DagBag from /home/airflow/.local/lib/python3.7/site-packages/airflow/example_dags/example_kubernetes_executor_config.py
[2021-12-10 08:34:30,074] {processor.py:637} INFO - DAG(s) dict_keys(['example_kubernetes_executor_config']) retrieved from /home/airflow/.local/lib/python3.7/site-packages/airflow/example_dags/example_kubernetes_executor_config.py
[2021-12-10 08:34:30,091] {logging_mixin.py:109} INFO - [2021-12-10 08:34:30,091] {dag.py:2396} INFO - Sync 1 DAGs
[2021-12-10 08:34:30,109] {logging_mixin.py:109} INFO - [2021-12-10 08:34:30,109] {dag.py:2928} INFO - Setting next_dagrun for example_kubernetes_executor_config to None
[2021-12-10 08:34:30,118] {processor.py:171} INFO - Processing /home/airflow/.local/lib/python3.7/site-packages/airflow/example_dags/example_kubernetes_executor_config.py took 0.082 seconds
[2021-12-10 08:35:00,419] {processor.py:163} INFO - Started process (PID=1568) to work on /home/airflow/.local/lib/python3.7/site-packages/airflow/example_dags/example_kubernetes_executor_config.py
[2021-12-10 08:35:00,421] {processor.py:625} INFO - Processing file /home/airflow/.local/lib/python3.7/site-packages/airflow/example_dags/example_kubernetes_executor_config.py for tasks to queue
[2021-12-10 08:35:00,422] {logging_mixin.py:109} INFO - [2021-12-10 08:35:00,422] {dagbag.py:500} INFO - Filling up the DagBag from /home/airflow/.local/lib/python3.7/site-packages/airflow/example_dags/example_kubernetes_executor_config.py
[2021-12-10 08:35:00,458] {processor.py:637} INFO - DAG(s) dict_keys(['example_kubernetes_executor_config']) retrieved from /home/airflow/.local/lib/python3.7/site-packages/airflow/example_dags/example_kubernetes_executor_config.py
[2021-12-10 08:35:00,472] {logging_mixin.py:109} INFO - [2021-12-10 08:35:00,472] {dag.py:2396} INFO - Sync 1 DAGs
[2021-12-10 08:35:00,491] {logging_mixin.py:109} INFO - [2021-12-10 08:35:00,491] {dag.py:2928} INFO - Setting next_dagrun for example_kubernetes_executor_config to None
[2021-12-10 08:35:00,502] {processor.py:171} INFO - Processing /home/airflow/.local/lib/python3.7/site-packages/airflow/example_dags/example_kubernetes_executor_config.py took 0.087 seconds
[2021-12-10 08:35:30,681] {processor.py:163} INFO - Started process (PID=1621) to work on /home/airflow/.local/lib/python3.7/site-packages/airflow/example_dags/example_kubernetes_executor_config.py
[2021-12-10 08:35:30,683] {processor.py:625} INFO - Processing file /home/airflow/.local/lib/python3.7/site-packages/airflow/example_dags/example_kubernetes_executor_config.py for tasks to queue
[2021-12-10 08:35:30,684] {logging_mixin.py:109} INFO - [2021-12-10 08:35:30,683] {dagbag.py:500} INFO - Filling up the DagBag from /home/airflow/.local/lib/python3.7/site-packages/airflow/example_dags/example_kubernetes_executor_config.py
[2021-12-10 08:35:30,716] {processor.py:637} INFO - DAG(s) dict_keys(['example_kubernetes_executor_config']) retrieved from /home/airflow/.local/lib/python3.7/site-packages/airflow/example_dags/example_kubernetes_executor_config.py
[2021-12-10 08:35:30,731] {logging_mixin.py:109} INFO - [2021-12-10 08:35:30,730] {dag.py:2396} INFO - Sync 1 DAGs
[2021-12-10 08:35:30,747] {logging_mixin.py:109} INFO - [2021-12-10 08:35:30,747] {dag.py:2928} INFO - Setting next_dagrun for example_kubernetes_executor_config to None
[2021-12-10 08:35:30,757] {processor.py:171} INFO - Processing /home/airflow/.local/lib/python3.7/site-packages/airflow/example_dags/example_kubernetes_executor_config.py took 0.079 seconds
[2021-12-10 08:36:01,164] {processor.py:163} INFO - Started process (PID=1684) to work on /home/airflow/.local/lib/python3.7/site-packages/airflow/example_dags/example_kubernetes_executor_config.py
[2021-12-10 08:36:01,166] {processor.py:625} INFO - Processing file /home/airflow/.local/lib/python3.7/site-packages/airflow/example_dags/example_kubernetes_executor_config.py for tasks to queue
[2021-12-10 08:36:01,167] {logging_mixin.py:109} INFO - [2021-12-10 08:36:01,167] {dagbag.py:500} INFO - Filling up the DagBag from /home/airflow/.local/lib/python3.7/site-packages/airflow/example_dags/example_kubernetes_executor_config.py
[2021-12-10 08:36:01,199] {processor.py:637} INFO - DAG(s) dict_keys(['example_kubernetes_executor_config']) retrieved from /home/airflow/.local/lib/python3.7/site-packages/airflow/example_dags/example_kubernetes_executor_config.py
[2021-12-10 08:36:01,212] {logging_mixin.py:109} INFO - [2021-12-10 08:36:01,212] {dag.py:2396} INFO - Sync 1 DAGs
[2021-12-10 08:36:01,229] {logging_mixin.py:109} INFO - [2021-12-10 08:36:01,229] {dag.py:2928} INFO - Setting next_dagrun for example_kubernetes_executor_config to None
[2021-12-10 08:36:01,239] {processor.py:171} INFO - Processing /home/airflow/.local/lib/python3.7/site-packages/airflow/example_dags/example_kubernetes_executor_config.py took 0.079 seconds
[2021-12-10 08:36:31,371] {processor.py:163} INFO - Started process (PID=1737) to work on /home/airflow/.local/lib/python3.7/site-packages/airflow/example_dags/example_kubernetes_executor_config.py
[2021-12-10 08:36:31,372] {processor.py:625} INFO - Processing file /home/airflow/.local/lib/python3.7/site-packages/airflow/example_dags/example_kubernetes_executor_config.py for tasks to queue
[2021-12-10 08:36:31,373] {logging_mixin.py:109} INFO - [2021-12-10 08:36:31,373] {dagbag.py:500} INFO - Filling up the DagBag from /home/airflow/.local/lib/python3.7/site-packages/airflow/example_dags/example_kubernetes_executor_config.py
[2021-12-10 08:36:31,404] {processor.py:637} INFO - DAG(s) dict_keys(['example_kubernetes_executor_config']) retrieved from /home/airflow/.local/lib/python3.7/site-packages/airflow/example_dags/example_kubernetes_executor_config.py
[2021-12-10 08:36:31,421] {logging_mixin.py:109} INFO - [2021-12-10 08:36:31,421] {dag.py:2396} INFO - Sync 1 DAGs
[2021-12-10 08:36:31,444] {logging_mixin.py:109} INFO - [2021-12-10 08:36:31,444] {dag.py:2928} INFO - Setting next_dagrun for example_kubernetes_executor_config to None
[2021-12-10 08:36:31,455] {processor.py:171} INFO - Processing /home/airflow/.local/lib/python3.7/site-packages/airflow/example_dags/example_kubernetes_executor_config.py took 0.087 seconds
[2021-12-10 08:37:01,743] {processor.py:163} INFO - Started process (PID=1799) to work on /home/airflow/.local/lib/python3.7/site-packages/airflow/example_dags/example_kubernetes_executor_config.py
[2021-12-10 08:37:01,745] {processor.py:625} INFO - Processing file /home/airflow/.local/lib/python3.7/site-packages/airflow/example_dags/example_kubernetes_executor_config.py for tasks to queue
[2021-12-10 08:37:01,746] {logging_mixin.py:109} INFO - [2021-12-10 08:37:01,746] {dagbag.py:500} INFO - Filling up the DagBag from /home/airflow/.local/lib/python3.7/site-packages/airflow/example_dags/example_kubernetes_executor_config.py
[2021-12-10 08:37:01,776] {processor.py:637} INFO - DAG(s) dict_keys(['example_kubernetes_executor_config']) retrieved from /home/airflow/.local/lib/python3.7/site-packages/airflow/example_dags/example_kubernetes_executor_config.py
[2021-12-10 08:37:01,789] {logging_mixin.py:109} INFO - [2021-12-10 08:37:01,789] {dag.py:2396} INFO - Sync 1 DAGs
[2021-12-10 08:37:01,806] {logging_mixin.py:109} INFO - [2021-12-10 08:37:01,806] {dag.py:2928} INFO - Setting next_dagrun for example_kubernetes_executor_config to None
[2021-12-10 08:37:01,815] {processor.py:171} INFO - Processing /home/airflow/.local/lib/python3.7/site-packages/airflow/example_dags/example_kubernetes_executor_config.py took 0.077 seconds
[2021-12-10 08:37:31,948] {processor.py:163} INFO - Started process (PID=1853) to work on /home/airflow/.local/lib/python3.7/site-packages/airflow/example_dags/example_kubernetes_executor_config.py
[2021-12-10 08:37:31,949] {processor.py:625} INFO - Processing file /home/airflow/.local/lib/python3.7/site-packages/airflow/example_dags/example_kubernetes_executor_config.py for tasks to queue
[2021-12-10 08:37:31,950] {logging_mixin.py:109} INFO - [2021-12-10 08:37:31,950] {dagbag.py:500} INFO - Filling up the DagBag from /home/airflow/.local/lib/python3.7/site-packages/airflow/example_dags/example_kubernetes_executor_config.py
[2021-12-10 08:37:31,979] {processor.py:637} INFO - DAG(s) dict_keys(['example_kubernetes_executor_config']) retrieved from /home/airflow/.local/lib/python3.7/site-packages/airflow/example_dags/example_kubernetes_executor_config.py
[2021-12-10 08:37:31,992] {logging_mixin.py:109} INFO - [2021-12-10 08:37:31,992] {dag.py:2396} INFO - Sync 1 DAGs
[2021-12-10 08:37:32,008] {logging_mixin.py:109} INFO - [2021-12-10 08:37:32,008] {dag.py:2928} INFO - Setting next_dagrun for example_kubernetes_executor_config to None
[2021-12-10 08:37:32,016] {processor.py:171} INFO - Processing /home/airflow/.local/lib/python3.7/site-packages/airflow/example_dags/example_kubernetes_executor_config.py took 0.073 seconds
[2021-12-10 08:38:02,145] {processor.py:163} INFO - Started process (PID=1905) to work on /home/airflow/.local/lib/python3.7/site-packages/airflow/example_dags/example_kubernetes_executor_config.py
[2021-12-10 08:38:02,147] {processor.py:625} INFO - Processing file /home/airflow/.local/lib/python3.7/site-packages/airflow/example_dags/example_kubernetes_executor_config.py for tasks to queue
[2021-12-10 08:38:02,148] {logging_mixin.py:109} INFO - [2021-12-10 08:38:02,147] {dagbag.py:500} INFO - Filling up the DagBag from /home/airflow/.local/lib/python3.7/site-packages/airflow/example_dags/example_kubernetes_executor_config.py
[2021-12-10 08:38:02,178] {processor.py:637} INFO - DAG(s) dict_keys(['example_kubernetes_executor_config']) retrieved from /home/airflow/.local/lib/python3.7/site-packages/airflow/example_dags/example_kubernetes_executor_config.py
[2021-12-10 08:38:02,191] {logging_mixin.py:109} INFO - [2021-12-10 08:38:02,191] {dag.py:2396} INFO - Sync 1 DAGs
[2021-12-10 08:38:02,208] {logging_mixin.py:109} INFO - [2021-12-10 08:38:02,208] {dag.py:2928} INFO - Setting next_dagrun for example_kubernetes_executor_config to None
[2021-12-10 08:38:02,217] {processor.py:171} INFO - Processing /home/airflow/.local/lib/python3.7/site-packages/airflow/example_dags/example_kubernetes_executor_config.py took 0.076 seconds
[2021-12-10 08:38:32,542] {processor.py:163} INFO - Started process (PID=1966) to work on /home/airflow/.local/lib/python3.7/site-packages/airflow/example_dags/example_kubernetes_executor_config.py
[2021-12-10 08:38:32,544] {processor.py:625} INFO - Processing file /home/airflow/.local/lib/python3.7/site-packages/airflow/example_dags/example_kubernetes_executor_config.py for tasks to queue
[2021-12-10 08:38:32,544] {logging_mixin.py:109} INFO - [2021-12-10 08:38:32,544] {dagbag.py:500} INFO - Filling up the DagBag from /home/airflow/.local/lib/python3.7/site-packages/airflow/example_dags/example_kubernetes_executor_config.py
[2021-12-10 08:38:32,574] {processor.py:637} INFO - DAG(s) dict_keys(['example_kubernetes_executor_config']) retrieved from /home/airflow/.local/lib/python3.7/site-packages/airflow/example_dags/example_kubernetes_executor_config.py
[2021-12-10 08:38:32,587] {logging_mixin.py:109} INFO - [2021-12-10 08:38:32,586] {dag.py:2396} INFO - Sync 1 DAGs
[2021-12-10 08:38:32,602] {logging_mixin.py:109} INFO - [2021-12-10 08:38:32,602] {dag.py:2928} INFO - Setting next_dagrun for example_kubernetes_executor_config to None
[2021-12-10 08:38:32,611] {processor.py:171} INFO - Processing /home/airflow/.local/lib/python3.7/site-packages/airflow/example_dags/example_kubernetes_executor_config.py took 0.073 seconds
[2021-12-10 08:39:02,930] {processor.py:163} INFO - Started process (PID=2018) to work on /home/airflow/.local/lib/python3.7/site-packages/airflow/example_dags/example_kubernetes_executor_config.py
[2021-12-10 08:39:02,932] {processor.py:625} INFO - Processing file /home/airflow/.local/lib/python3.7/site-packages/airflow/example_dags/example_kubernetes_executor_config.py for tasks to queue
[2021-12-10 08:39:02,933] {logging_mixin.py:109} INFO - [2021-12-10 08:39:02,933] {dagbag.py:500} INFO - Filling up the DagBag from /home/airflow/.local/lib/python3.7/site-packages/airflow/example_dags/example_kubernetes_executor_config.py
[2021-12-10 08:39:02,965] {processor.py:637} INFO - DAG(s) dict_keys(['example_kubernetes_executor_config']) retrieved from /home/airflow/.local/lib/python3.7/site-packages/airflow/example_dags/example_kubernetes_executor_config.py
[2021-12-10 08:39:02,981] {logging_mixin.py:109} INFO - [2021-12-10 08:39:02,981] {dag.py:2396} INFO - Sync 1 DAGs
[2021-12-10 08:39:03,001] {logging_mixin.py:109} INFO - [2021-12-10 08:39:03,001] {dag.py:2928} INFO - Setting next_dagrun for example_kubernetes_executor_config to None
[2021-12-10 08:39:03,011] {processor.py:171} INFO - Processing /home/airflow/.local/lib/python3.7/site-packages/airflow/example_dags/example_kubernetes_executor_config.py took 0.085 seconds
[2021-12-10 08:39:33,212] {processor.py:163} INFO - Started process (PID=2080) to work on /home/airflow/.local/lib/python3.7/site-packages/airflow/example_dags/example_kubernetes_executor_config.py
[2021-12-10 08:39:33,214] {processor.py:625} INFO - Processing file /home/airflow/.local/lib/python3.7/site-packages/airflow/example_dags/example_kubernetes_executor_config.py for tasks to queue
[2021-12-10 08:39:33,214] {logging_mixin.py:109} INFO - [2021-12-10 08:39:33,214] {dagbag.py:500} INFO - Filling up the DagBag from /home/airflow/.local/lib/python3.7/site-packages/airflow/example_dags/example_kubernetes_executor_config.py
[2021-12-10 08:39:33,246] {processor.py:637} INFO - DAG(s) dict_keys(['example_kubernetes_executor_config']) retrieved from /home/airflow/.local/lib/python3.7/site-packages/airflow/example_dags/example_kubernetes_executor_config.py
[2021-12-10 08:39:33,260] {logging_mixin.py:109} INFO - [2021-12-10 08:39:33,260] {dag.py:2396} INFO - Sync 1 DAGs
[2021-12-10 08:39:33,278] {logging_mixin.py:109} INFO - [2021-12-10 08:39:33,278] {dag.py:2928} INFO - Setting next_dagrun for example_kubernetes_executor_config to None
[2021-12-10 08:39:33,288] {processor.py:171} INFO - Processing /home/airflow/.local/lib/python3.7/site-packages/airflow/example_dags/example_kubernetes_executor_config.py took 0.080 seconds
[2021-12-10 08:40:03,340] {processor.py:163} INFO - Started process (PID=2134) to work on /home/airflow/.local/lib/python3.7/site-packages/airflow/example_dags/example_kubernetes_executor_config.py
[2021-12-10 08:40:03,342] {processor.py:625} INFO - Processing file /home/airflow/.local/lib/python3.7/site-packages/airflow/example_dags/example_kubernetes_executor_config.py for tasks to queue
[2021-12-10 08:40:03,343] {logging_mixin.py:109} INFO - [2021-12-10 08:40:03,343] {dagbag.py:500} INFO - Filling up the DagBag from /home/airflow/.local/lib/python3.7/site-packages/airflow/example_dags/example_kubernetes_executor_config.py
[2021-12-10 08:40:03,375] {processor.py:637} INFO - DAG(s) dict_keys(['example_kubernetes_executor_config']) retrieved from /home/airflow/.local/lib/python3.7/site-packages/airflow/example_dags/example_kubernetes_executor_config.py
[2021-12-10 08:40:03,388] {logging_mixin.py:109} INFO - [2021-12-10 08:40:03,388] {dag.py:2396} INFO - Sync 1 DAGs
[2021-12-10 08:40:03,405] {logging_mixin.py:109} INFO - [2021-12-10 08:40:03,405] {dag.py:2928} INFO - Setting next_dagrun for example_kubernetes_executor_config to None
[2021-12-10 08:40:03,422] {processor.py:171} INFO - Processing /home/airflow/.local/lib/python3.7/site-packages/airflow/example_dags/example_kubernetes_executor_config.py took 0.085 seconds
[2021-12-10 08:40:33,453] {processor.py:163} INFO - Started process (PID=2186) to work on /home/airflow/.local/lib/python3.7/site-packages/airflow/example_dags/example_kubernetes_executor_config.py
[2021-12-10 08:40:33,455] {processor.py:625} INFO - Processing file /home/airflow/.local/lib/python3.7/site-packages/airflow/example_dags/example_kubernetes_executor_config.py for tasks to queue
[2021-12-10 08:40:33,456] {logging_mixin.py:109} INFO - [2021-12-10 08:40:33,456] {dagbag.py:500} INFO - Filling up the DagBag from /home/airflow/.local/lib/python3.7/site-packages/airflow/example_dags/example_kubernetes_executor_config.py
[2021-12-10 08:40:33,489] {processor.py:637} INFO - DAG(s) dict_keys(['example_kubernetes_executor_config']) retrieved from /home/airflow/.local/lib/python3.7/site-packages/airflow/example_dags/example_kubernetes_executor_config.py
[2021-12-10 08:40:33,506] {logging_mixin.py:109} INFO - [2021-12-10 08:40:33,505] {dag.py:2396} INFO - Sync 1 DAGs
[2021-12-10 08:40:33,523] {logging_mixin.py:109} INFO - [2021-12-10 08:40:33,523] {dag.py:2928} INFO - Setting next_dagrun for example_kubernetes_executor_config to None
[2021-12-10 08:40:33,534] {processor.py:171} INFO - Processing /home/airflow/.local/lib/python3.7/site-packages/airflow/example_dags/example_kubernetes_executor_config.py took 0.084 seconds
[2021-12-10 08:41:03,814] {processor.py:163} INFO - Started process (PID=2248) to work on /home/airflow/.local/lib/python3.7/site-packages/airflow/example_dags/example_kubernetes_executor_config.py
[2021-12-10 08:41:03,816] {processor.py:625} INFO - Processing file /home/airflow/.local/lib/python3.7/site-packages/airflow/example_dags/example_kubernetes_executor_config.py for tasks to queue
[2021-12-10 08:41:03,816] {logging_mixin.py:109} INFO - [2021-12-10 08:41:03,816] {dagbag.py:500} INFO - Filling up the DagBag from /home/airflow/.local/lib/python3.7/site-packages/airflow/example_dags/example_kubernetes_executor_config.py
[2021-12-10 08:41:03,847] {processor.py:637} INFO - DAG(s) dict_keys(['example_kubernetes_executor_config']) retrieved from /home/airflow/.local/lib/python3.7/site-packages/airflow/example_dags/example_kubernetes_executor_config.py
[2021-12-10 08:41:03,859] {logging_mixin.py:109} INFO - [2021-12-10 08:41:03,859] {dag.py:2396} INFO - Sync 1 DAGs
[2021-12-10 08:41:03,875] {logging_mixin.py:109} INFO - [2021-12-10 08:41:03,875] {dag.py:2928} INFO - Setting next_dagrun for example_kubernetes_executor_config to None
[2021-12-10 08:41:03,884] {processor.py:171} INFO - Processing /home/airflow/.local/lib/python3.7/site-packages/airflow/example_dags/example_kubernetes_executor_config.py took 0.073 seconds
[2021-12-10 08:41:33,923] {processor.py:163} INFO - Started process (PID=2300) to work on /home/airflow/.local/lib/python3.7/site-packages/airflow/example_dags/example_kubernetes_executor_config.py
[2021-12-10 08:41:33,925] {processor.py:625} INFO - Processing file /home/airflow/.local/lib/python3.7/site-packages/airflow/example_dags/example_kubernetes_executor_config.py for tasks to queue
[2021-12-10 08:41:33,925] {logging_mixin.py:109} INFO - [2021-12-10 08:41:33,925] {dagbag.py:500} INFO - Filling up the DagBag from /home/airflow/.local/lib/python3.7/site-packages/airflow/example_dags/example_kubernetes_executor_config.py
[2021-12-10 08:41:33,957] {processor.py:637} INFO - DAG(s) dict_keys(['example_kubernetes_executor_config']) retrieved from /home/airflow/.local/lib/python3.7/site-packages/airflow/example_dags/example_kubernetes_executor_config.py
[2021-12-10 08:41:33,970] {logging_mixin.py:109} INFO - [2021-12-10 08:41:33,970] {dag.py:2396} INFO - Sync 1 DAGs
[2021-12-10 08:41:33,988] {logging_mixin.py:109} INFO - [2021-12-10 08:41:33,987] {dag.py:2928} INFO - Setting next_dagrun for example_kubernetes_executor_config to None
[2021-12-10 08:41:33,997] {processor.py:171} INFO - Processing /home/airflow/.local/lib/python3.7/site-packages/airflow/example_dags/example_kubernetes_executor_config.py took 0.077 seconds
[2021-12-10 08:42:04,384] {processor.py:163} INFO - Started process (PID=2364) to work on /home/airflow/.local/lib/python3.7/site-packages/airflow/example_dags/example_kubernetes_executor_config.py
[2021-12-10 08:42:04,386] {processor.py:625} INFO - Processing file /home/airflow/.local/lib/python3.7/site-packages/airflow/example_dags/example_kubernetes_executor_config.py for tasks to queue
[2021-12-10 08:42:04,386] {logging_mixin.py:109} INFO - [2021-12-10 08:42:04,386] {dagbag.py:500} INFO - Filling up the DagBag from /home/airflow/.local/lib/python3.7/site-packages/airflow/example_dags/example_kubernetes_executor_config.py
[2021-12-10 08:42:04,418] {processor.py:637} INFO - DAG(s) dict_keys(['example_kubernetes_executor_config']) retrieved from /home/airflow/.local/lib/python3.7/site-packages/airflow/example_dags/example_kubernetes_executor_config.py
[2021-12-10 08:42:04,431] {logging_mixin.py:109} INFO - [2021-12-10 08:42:04,431] {dag.py:2396} INFO - Sync 1 DAGs
[2021-12-10 08:42:04,448] {logging_mixin.py:109} INFO - [2021-12-10 08:42:04,448] {dag.py:2928} INFO - Setting next_dagrun for example_kubernetes_executor_config to None
[2021-12-10 08:42:04,458] {processor.py:171} INFO - Processing /home/airflow/.local/lib/python3.7/site-packages/airflow/example_dags/example_kubernetes_executor_config.py took 0.077 seconds
[2021-12-10 08:42:34,489] {processor.py:163} INFO - Started process (PID=2416) to work on /home/airflow/.local/lib/python3.7/site-packages/airflow/example_dags/example_kubernetes_executor_config.py
[2021-12-10 08:42:34,492] {processor.py:625} INFO - Processing file /home/airflow/.local/lib/python3.7/site-packages/airflow/example_dags/example_kubernetes_executor_config.py for tasks to queue
[2021-12-10 08:42:34,492] {logging_mixin.py:109} INFO - [2021-12-10 08:42:34,492] {dagbag.py:500} INFO - Filling up the DagBag from /home/airflow/.local/lib/python3.7/site-packages/airflow/example_dags/example_kubernetes_executor_config.py
[2021-12-10 08:42:34,529] {processor.py:637} INFO - DAG(s) dict_keys(['example_kubernetes_executor_config']) retrieved from /home/airflow/.local/lib/python3.7/site-packages/airflow/example_dags/example_kubernetes_executor_config.py
[2021-12-10 08:42:34,545] {logging_mixin.py:109} INFO - [2021-12-10 08:42:34,544] {dag.py:2396} INFO - Sync 1 DAGs
[2021-12-10 08:42:34,562] {logging_mixin.py:109} INFO - [2021-12-10 08:42:34,562] {dag.py:2928} INFO - Setting next_dagrun for example_kubernetes_executor_config to None
[2021-12-10 08:42:34,574] {processor.py:171} INFO - Processing /home/airflow/.local/lib/python3.7/site-packages/airflow/example_dags/example_kubernetes_executor_config.py took 0.089 seconds
[2021-12-10 08:43:04,926] {processor.py:163} INFO - Started process (PID=2469) to work on /home/airflow/.local/lib/python3.7/site-packages/airflow/example_dags/example_kubernetes_executor_config.py
[2021-12-10 08:43:04,928] {processor.py:625} INFO - Processing file /home/airflow/.local/lib/python3.7/site-packages/airflow/example_dags/example_kubernetes_executor_config.py for tasks to queue
[2021-12-10 08:43:04,928] {logging_mixin.py:109} INFO - [2021-12-10 08:43:04,928] {dagbag.py:500} INFO - Filling up the DagBag from /home/airflow/.local/lib/python3.7/site-packages/airflow/example_dags/example_kubernetes_executor_config.py
[2021-12-10 08:43:04,960] {processor.py:637} INFO - DAG(s) dict_keys(['example_kubernetes_executor_config']) retrieved from /home/airflow/.local/lib/python3.7/site-packages/airflow/example_dags/example_kubernetes_executor_config.py
[2021-12-10 08:43:04,973] {logging_mixin.py:109} INFO - [2021-12-10 08:43:04,973] {dag.py:2396} INFO - Sync 1 DAGs
[2021-12-10 08:43:04,991] {logging_mixin.py:109} INFO - [2021-12-10 08:43:04,991] {dag.py:2928} INFO - Setting next_dagrun for example_kubernetes_executor_config to None
[2021-12-10 08:43:05,001] {processor.py:171} INFO - Processing /home/airflow/.local/lib/python3.7/site-packages/airflow/example_dags/example_kubernetes_executor_config.py took 0.078 seconds
[2021-12-10 08:43:35,259] {processor.py:163} INFO - Started process (PID=2529) to work on /home/airflow/.local/lib/python3.7/site-packages/airflow/example_dags/example_kubernetes_executor_config.py
[2021-12-10 08:43:35,261] {processor.py:625} INFO - Processing file /home/airflow/.local/lib/python3.7/site-packages/airflow/example_dags/example_kubernetes_executor_config.py for tasks to queue
[2021-12-10 08:43:35,262] {logging_mixin.py:109} INFO - [2021-12-10 08:43:35,262] {dagbag.py:500} INFO - Filling up the DagBag from /home/airflow/.local/lib/python3.7/site-packages/airflow/example_dags/example_kubernetes_executor_config.py
[2021-12-10 08:43:35,293] {processor.py:637} INFO - DAG(s) dict_keys(['example_kubernetes_executor_config']) retrieved from /home/airflow/.local/lib/python3.7/site-packages/airflow/example_dags/example_kubernetes_executor_config.py
[2021-12-10 08:43:35,306] {logging_mixin.py:109} INFO - [2021-12-10 08:43:35,306] {dag.py:2396} INFO - Sync 1 DAGs
[2021-12-10 08:43:35,322] {logging_mixin.py:109} INFO - [2021-12-10 08:43:35,322] {dag.py:2928} INFO - Setting next_dagrun for example_kubernetes_executor_config to None
[2021-12-10 08:43:35,331] {processor.py:171} INFO - Processing /home/airflow/.local/lib/python3.7/site-packages/airflow/example_dags/example_kubernetes_executor_config.py took 0.075 seconds
[2021-12-10 08:44:05,580] {processor.py:163} INFO - Started process (PID=2581) to work on /home/airflow/.local/lib/python3.7/site-packages/airflow/example_dags/example_kubernetes_executor_config.py
[2021-12-10 08:44:05,581] {processor.py:625} INFO - Processing file /home/airflow/.local/lib/python3.7/site-packages/airflow/example_dags/example_kubernetes_executor_config.py for tasks to queue
[2021-12-10 08:44:05,582] {logging_mixin.py:109} INFO - [2021-12-10 08:44:05,582] {dagbag.py:500} INFO - Filling up the DagBag from /home/airflow/.local/lib/python3.7/site-packages/airflow/example_dags/example_kubernetes_executor_config.py
[2021-12-10 08:44:05,613] {processor.py:637} INFO - DAG(s) dict_keys(['example_kubernetes_executor_config']) retrieved from /home/airflow/.local/lib/python3.7/site-packages/airflow/example_dags/example_kubernetes_executor_config.py
[2021-12-10 08:44:05,626] {logging_mixin.py:109} INFO - [2021-12-10 08:44:05,626] {dag.py:2396} INFO - Sync 1 DAGs
[2021-12-10 08:44:05,643] {logging_mixin.py:109} INFO - [2021-12-10 08:44:05,643] {dag.py:2928} INFO - Setting next_dagrun for example_kubernetes_executor_config to None
[2021-12-10 08:44:05,653] {processor.py:171} INFO - Processing /home/airflow/.local/lib/python3.7/site-packages/airflow/example_dags/example_kubernetes_executor_config.py took 0.077 seconds
[2021-12-10 08:44:36,200] {processor.py:163} INFO - Started process (PID=2644) to work on /home/airflow/.local/lib/python3.7/site-packages/airflow/example_dags/example_kubernetes_executor_config.py
[2021-12-10 08:44:36,202] {processor.py:625} INFO - Processing file /home/airflow/.local/lib/python3.7/site-packages/airflow/example_dags/example_kubernetes_executor_config.py for tasks to queue
[2021-12-10 08:44:36,203] {logging_mixin.py:109} INFO - [2021-12-10 08:44:36,203] {dagbag.py:500} INFO - Filling up the DagBag from /home/airflow/.local/lib/python3.7/site-packages/airflow/example_dags/example_kubernetes_executor_config.py
[2021-12-10 08:44:36,239] {processor.py:637} INFO - DAG(s) dict_keys(['example_kubernetes_executor_config']) retrieved from /home/airflow/.local/lib/python3.7/site-packages/airflow/example_dags/example_kubernetes_executor_config.py
[2021-12-10 08:44:36,253] {logging_mixin.py:109} INFO - [2021-12-10 08:44:36,252] {dag.py:2396} INFO - Sync 1 DAGs
[2021-12-10 08:44:36,270] {logging_mixin.py:109} INFO - [2021-12-10 08:44:36,270] {dag.py:2928} INFO - Setting next_dagrun for example_kubernetes_executor_config to None
[2021-12-10 08:44:36,279] {processor.py:171} INFO - Processing /home/airflow/.local/lib/python3.7/site-packages/airflow/example_dags/example_kubernetes_executor_config.py took 0.082 seconds
[2021-12-10 08:45:06,738] {processor.py:163} INFO - Started process (PID=2696) to work on /home/airflow/.local/lib/python3.7/site-packages/airflow/example_dags/example_kubernetes_executor_config.py
[2021-12-10 08:45:06,740] {processor.py:625} INFO - Processing file /home/airflow/.local/lib/python3.7/site-packages/airflow/example_dags/example_kubernetes_executor_config.py for tasks to queue
[2021-12-10 08:45:06,740] {logging_mixin.py:109} INFO - [2021-12-10 08:45:06,740] {dagbag.py:500} INFO - Filling up the DagBag from /home/airflow/.local/lib/python3.7/site-packages/airflow/example_dags/example_kubernetes_executor_config.py
[2021-12-10 08:45:06,772] {processor.py:637} INFO - DAG(s) dict_keys(['example_kubernetes_executor_config']) retrieved from /home/airflow/.local/lib/python3.7/site-packages/airflow/example_dags/example_kubernetes_executor_config.py
[2021-12-10 08:45:06,787] {logging_mixin.py:109} INFO - [2021-12-10 08:45:06,787] {dag.py:2396} INFO - Sync 1 DAGs
[2021-12-10 08:45:06,804] {logging_mixin.py:109} INFO - [2021-12-10 08:45:06,804] {dag.py:2928} INFO - Setting next_dagrun for example_kubernetes_executor_config to None
[2021-12-10 08:45:06,813] {processor.py:171} INFO - Processing /home/airflow/.local/lib/python3.7/site-packages/airflow/example_dags/example_kubernetes_executor_config.py took 0.079 seconds
[2021-12-10 08:45:37,048] {processor.py:163} INFO - Started process (PID=2749) to work on /home/airflow/.local/lib/python3.7/site-packages/airflow/example_dags/example_kubernetes_executor_config.py
[2021-12-10 08:45:37,050] {processor.py:625} INFO - Processing file /home/airflow/.local/lib/python3.7/site-packages/airflow/example_dags/example_kubernetes_executor_config.py for tasks to queue
[2021-12-10 08:45:37,051] {logging_mixin.py:109} INFO - [2021-12-10 08:45:37,051] {dagbag.py:500} INFO - Filling up the DagBag from /home/airflow/.local/lib/python3.7/site-packages/airflow/example_dags/example_kubernetes_executor_config.py
[2021-12-10 08:45:37,082] {processor.py:637} INFO - DAG(s) dict_keys(['example_kubernetes_executor_config']) retrieved from /home/airflow/.local/lib/python3.7/site-packages/airflow/example_dags/example_kubernetes_executor_config.py
[2021-12-10 08:45:37,097] {logging_mixin.py:109} INFO - [2021-12-10 08:45:37,097] {dag.py:2396} INFO - Sync 1 DAGs
[2021-12-10 08:45:37,115] {logging_mixin.py:109} INFO - [2021-12-10 08:45:37,115] {dag.py:2928} INFO - Setting next_dagrun for example_kubernetes_executor_config to None
[2021-12-10 08:45:37,124] {processor.py:171} INFO - Processing /home/airflow/.local/lib/python3.7/site-packages/airflow/example_dags/example_kubernetes_executor_config.py took 0.080 seconds
[2021-12-10 08:46:07,897] {processor.py:163} INFO - Started process (PID=2810) to work on /home/airflow/.local/lib/python3.7/site-packages/airflow/example_dags/example_kubernetes_executor_config.py
[2021-12-10 08:46:07,899] {processor.py:625} INFO - Processing file /home/airflow/.local/lib/python3.7/site-packages/airflow/example_dags/example_kubernetes_executor_config.py for tasks to queue
[2021-12-10 08:46:07,899] {logging_mixin.py:109} INFO - [2021-12-10 08:46:07,899] {dagbag.py:500} INFO - Filling up the DagBag from /home/airflow/.local/lib/python3.7/site-packages/airflow/example_dags/example_kubernetes_executor_config.py
[2021-12-10 08:46:07,932] {processor.py:637} INFO - DAG(s) dict_keys(['example_kubernetes_executor_config']) retrieved from /home/airflow/.local/lib/python3.7/site-packages/airflow/example_dags/example_kubernetes_executor_config.py
[2021-12-10 08:46:07,948] {logging_mixin.py:109} INFO - [2021-12-10 08:46:07,948] {dag.py:2396} INFO - Sync 1 DAGs
[2021-12-10 08:46:08,074] {logging_mixin.py:109} INFO - [2021-12-10 08:46:08,073] {dag.py:2928} INFO - Setting next_dagrun for example_kubernetes_executor_config to None
[2021-12-10 08:46:08,082] {processor.py:171} INFO - Processing /home/airflow/.local/lib/python3.7/site-packages/airflow/example_dags/example_kubernetes_executor_config.py took 0.190 seconds
[2021-12-10 08:46:38,537] {processor.py:163} INFO - Started process (PID=2862) to work on /home/airflow/.local/lib/python3.7/site-packages/airflow/example_dags/example_kubernetes_executor_config.py
[2021-12-10 08:46:38,539] {processor.py:625} INFO - Processing file /home/airflow/.local/lib/python3.7/site-packages/airflow/example_dags/example_kubernetes_executor_config.py for tasks to queue
[2021-12-10 08:46:38,540] {logging_mixin.py:109} INFO - [2021-12-10 08:46:38,540] {dagbag.py:500} INFO - Filling up the DagBag from /home/airflow/.local/lib/python3.7/site-packages/airflow/example_dags/example_kubernetes_executor_config.py
[2021-12-10 08:46:38,577] {processor.py:637} INFO - DAG(s) dict_keys(['example_kubernetes_executor_config']) retrieved from /home/airflow/.local/lib/python3.7/site-packages/airflow/example_dags/example_kubernetes_executor_config.py
[2021-12-10 08:46:38,598] {logging_mixin.py:109} INFO - [2021-12-10 08:46:38,598] {dag.py:2396} INFO - Sync 1 DAGs
[2021-12-10 08:46:38,725] {logging_mixin.py:109} INFO - [2021-12-10 08:46:38,725] {dag.py:2928} INFO - Setting next_dagrun for example_kubernetes_executor_config to None
[2021-12-10 08:46:38,736] {processor.py:171} INFO - Processing /home/airflow/.local/lib/python3.7/site-packages/airflow/example_dags/example_kubernetes_executor_config.py took 0.203 seconds
[2021-12-10 08:47:09,399] {processor.py:163} INFO - Started process (PID=2923) to work on /home/airflow/.local/lib/python3.7/site-packages/airflow/example_dags/example_kubernetes_executor_config.py
[2021-12-10 08:47:09,401] {processor.py:625} INFO - Processing file /home/airflow/.local/lib/python3.7/site-packages/airflow/example_dags/example_kubernetes_executor_config.py for tasks to queue
[2021-12-10 08:47:09,402] {logging_mixin.py:109} INFO - [2021-12-10 08:47:09,402] {dagbag.py:500} INFO - Filling up the DagBag from /home/airflow/.local/lib/python3.7/site-packages/airflow/example_dags/example_kubernetes_executor_config.py
[2021-12-10 08:47:09,432] {processor.py:637} INFO - DAG(s) dict_keys(['example_kubernetes_executor_config']) retrieved from /home/airflow/.local/lib/python3.7/site-packages/airflow/example_dags/example_kubernetes_executor_config.py
[2021-12-10 08:47:09,444] {logging_mixin.py:109} INFO - [2021-12-10 08:47:09,444] {dag.py:2396} INFO - Sync 1 DAGs
[2021-12-10 08:47:09,561] {logging_mixin.py:109} INFO - [2021-12-10 08:47:09,561] {dag.py:2928} INFO - Setting next_dagrun for example_kubernetes_executor_config to None
[2021-12-10 08:47:09,571] {processor.py:171} INFO - Processing /home/airflow/.local/lib/python3.7/site-packages/airflow/example_dags/example_kubernetes_executor_config.py took 0.175 seconds
