[2021-12-10 08:23:43,327] {processor.py:163} INFO - Started process (PID=210) to work on /home/airflow/.local/lib/python3.7/site-packages/airflow/example_dags/example_python_operator.py
[2021-12-10 08:23:43,328] {processor.py:625} INFO - Processing file /home/airflow/.local/lib/python3.7/site-packages/airflow/example_dags/example_python_operator.py for tasks to queue
[2021-12-10 08:23:43,329] {logging_mixin.py:109} INFO - [2021-12-10 08:23:43,329] {dagbag.py:500} INFO - Filling up the DagBag from /home/airflow/.local/lib/python3.7/site-packages/airflow/example_dags/example_python_operator.py
[2021-12-10 08:23:43,357] {processor.py:637} INFO - DAG(s) dict_keys(['example_python_operator']) retrieved from /home/airflow/.local/lib/python3.7/site-packages/airflow/example_dags/example_python_operator.py
[2021-12-10 08:23:44,824] {logging_mixin.py:109} INFO - [2021-12-10 08:23:44,824] {providers_manager.py:156} WARNING - Exception when importing 'airflow.providers.google.leveldb.hooks.leveldb.LevelDBHook' from 'apache-airflow-providers-google' package: No module named 'plyvel'
[2021-12-10 08:23:45,309] {logging_mixin.py:109} INFO - [2021-12-10 08:23:45,309] {providers_manager.py:156} WARNING - Exception when importing 'airflow.providers.google.leveldb.hooks.leveldb.LevelDBHook' from 'apache-airflow-providers-google' package: No module named 'plyvel'
[2021-12-10 08:23:45,330] {logging_mixin.py:109} INFO - [2021-12-10 08:23:45,330] {manager.py:496} INFO - Created Permission View: can read on DAG:example_python_operator
[2021-12-10 08:23:45,340] {logging_mixin.py:109} INFO - [2021-12-10 08:23:45,340] {manager.py:496} INFO - Created Permission View: can edit on DAG:example_python_operator
[2021-12-10 08:23:45,340] {logging_mixin.py:109} INFO - [2021-12-10 08:23:45,340] {dag.py:2396} INFO - Sync 1 DAGs
[2021-12-10 08:23:45,350] {logging_mixin.py:109} INFO - [2021-12-10 08:23:45,350] {dag.py:2415} INFO - Creating ORM DAG for example_python_operator
[2021-12-10 08:23:45,358] {logging_mixin.py:109} INFO - [2021-12-10 08:23:45,358] {dag.py:2928} INFO - Setting next_dagrun for example_python_operator to None
[2021-12-10 08:23:45,369] {processor.py:171} INFO - Processing /home/airflow/.local/lib/python3.7/site-packages/airflow/example_dags/example_python_operator.py took 2.045 seconds
[2021-12-10 08:24:15,981] {processor.py:163} INFO - Started process (PID=384) to work on /home/airflow/.local/lib/python3.7/site-packages/airflow/example_dags/example_python_operator.py
[2021-12-10 08:24:15,983] {processor.py:625} INFO - Processing file /home/airflow/.local/lib/python3.7/site-packages/airflow/example_dags/example_python_operator.py for tasks to queue
[2021-12-10 08:24:15,983] {logging_mixin.py:109} INFO - [2021-12-10 08:24:15,983] {dagbag.py:500} INFO - Filling up the DagBag from /home/airflow/.local/lib/python3.7/site-packages/airflow/example_dags/example_python_operator.py
[2021-12-10 08:24:16,017] {processor.py:637} INFO - DAG(s) dict_keys(['example_python_operator']) retrieved from /home/airflow/.local/lib/python3.7/site-packages/airflow/example_dags/example_python_operator.py
[2021-12-10 08:24:16,027] {logging_mixin.py:109} INFO - [2021-12-10 08:24:16,027] {dag.py:2396} INFO - Sync 1 DAGs
[2021-12-10 08:24:16,045] {logging_mixin.py:109} INFO - [2021-12-10 08:24:16,045] {dag.py:2928} INFO - Setting next_dagrun for example_python_operator to None
[2021-12-10 08:24:16,056] {processor.py:171} INFO - Processing /home/airflow/.local/lib/python3.7/site-packages/airflow/example_dags/example_python_operator.py took 0.079 seconds
[2021-12-10 08:24:46,311] {processor.py:163} INFO - Started process (PID=436) to work on /home/airflow/.local/lib/python3.7/site-packages/airflow/example_dags/example_python_operator.py
[2021-12-10 08:24:46,313] {processor.py:625} INFO - Processing file /home/airflow/.local/lib/python3.7/site-packages/airflow/example_dags/example_python_operator.py for tasks to queue
[2021-12-10 08:24:46,314] {logging_mixin.py:109} INFO - [2021-12-10 08:24:46,314] {dagbag.py:500} INFO - Filling up the DagBag from /home/airflow/.local/lib/python3.7/site-packages/airflow/example_dags/example_python_operator.py
[2021-12-10 08:24:46,344] {processor.py:637} INFO - DAG(s) dict_keys(['example_python_operator']) retrieved from /home/airflow/.local/lib/python3.7/site-packages/airflow/example_dags/example_python_operator.py
[2021-12-10 08:24:46,354] {logging_mixin.py:109} INFO - [2021-12-10 08:24:46,354] {dag.py:2396} INFO - Sync 1 DAGs
[2021-12-10 08:24:46,371] {logging_mixin.py:109} INFO - [2021-12-10 08:24:46,371] {dag.py:2928} INFO - Setting next_dagrun for example_python_operator to None
[2021-12-10 08:24:46,379] {processor.py:171} INFO - Processing /home/airflow/.local/lib/python3.7/site-packages/airflow/example_dags/example_python_operator.py took 0.072 seconds
[2021-12-10 08:25:16,742] {processor.py:163} INFO - Started process (PID=498) to work on /home/airflow/.local/lib/python3.7/site-packages/airflow/example_dags/example_python_operator.py
[2021-12-10 08:25:16,744] {processor.py:625} INFO - Processing file /home/airflow/.local/lib/python3.7/site-packages/airflow/example_dags/example_python_operator.py for tasks to queue
[2021-12-10 08:25:16,745] {logging_mixin.py:109} INFO - [2021-12-10 08:25:16,745] {dagbag.py:500} INFO - Filling up the DagBag from /home/airflow/.local/lib/python3.7/site-packages/airflow/example_dags/example_python_operator.py
[2021-12-10 08:25:16,777] {processor.py:637} INFO - DAG(s) dict_keys(['example_python_operator']) retrieved from /home/airflow/.local/lib/python3.7/site-packages/airflow/example_dags/example_python_operator.py
[2021-12-10 08:25:16,788] {logging_mixin.py:109} INFO - [2021-12-10 08:25:16,788] {dag.py:2396} INFO - Sync 1 DAGs
[2021-12-10 08:25:16,804] {logging_mixin.py:109} INFO - [2021-12-10 08:25:16,804] {dag.py:2928} INFO - Setting next_dagrun for example_python_operator to None
[2021-12-10 08:25:16,813] {processor.py:171} INFO - Processing /home/airflow/.local/lib/python3.7/site-packages/airflow/example_dags/example_python_operator.py took 0.076 seconds
[2021-12-10 08:25:47,036] {processor.py:163} INFO - Started process (PID=551) to work on /home/airflow/.local/lib/python3.7/site-packages/airflow/example_dags/example_python_operator.py
[2021-12-10 08:25:47,037] {processor.py:625} INFO - Processing file /home/airflow/.local/lib/python3.7/site-packages/airflow/example_dags/example_python_operator.py for tasks to queue
[2021-12-10 08:25:47,038] {logging_mixin.py:109} INFO - [2021-12-10 08:25:47,038] {dagbag.py:500} INFO - Filling up the DagBag from /home/airflow/.local/lib/python3.7/site-packages/airflow/example_dags/example_python_operator.py
[2021-12-10 08:25:47,067] {processor.py:637} INFO - DAG(s) dict_keys(['example_python_operator']) retrieved from /home/airflow/.local/lib/python3.7/site-packages/airflow/example_dags/example_python_operator.py
[2021-12-10 08:25:47,077] {logging_mixin.py:109} INFO - [2021-12-10 08:25:47,077] {dag.py:2396} INFO - Sync 1 DAGs
[2021-12-10 08:25:47,094] {logging_mixin.py:109} INFO - [2021-12-10 08:25:47,094] {dag.py:2928} INFO - Setting next_dagrun for example_python_operator to None
[2021-12-10 08:25:47,104] {processor.py:171} INFO - Processing /home/airflow/.local/lib/python3.7/site-packages/airflow/example_dags/example_python_operator.py took 0.072 seconds
[2021-12-10 08:26:17,571] {processor.py:163} INFO - Started process (PID=612) to work on /home/airflow/.local/lib/python3.7/site-packages/airflow/example_dags/example_python_operator.py
[2021-12-10 08:26:17,572] {processor.py:625} INFO - Processing file /home/airflow/.local/lib/python3.7/site-packages/airflow/example_dags/example_python_operator.py for tasks to queue
[2021-12-10 08:26:17,573] {logging_mixin.py:109} INFO - [2021-12-10 08:26:17,573] {dagbag.py:500} INFO - Filling up the DagBag from /home/airflow/.local/lib/python3.7/site-packages/airflow/example_dags/example_python_operator.py
[2021-12-10 08:26:17,600] {processor.py:637} INFO - DAG(s) dict_keys(['example_python_operator']) retrieved from /home/airflow/.local/lib/python3.7/site-packages/airflow/example_dags/example_python_operator.py
[2021-12-10 08:26:17,611] {logging_mixin.py:109} INFO - [2021-12-10 08:26:17,611] {dag.py:2396} INFO - Sync 1 DAGs
[2021-12-10 08:26:17,630] {logging_mixin.py:109} INFO - [2021-12-10 08:26:17,630] {dag.py:2928} INFO - Setting next_dagrun for example_python_operator to None
[2021-12-10 08:26:17,640] {processor.py:171} INFO - Processing /home/airflow/.local/lib/python3.7/site-packages/airflow/example_dags/example_python_operator.py took 0.073 seconds
[2021-12-10 08:26:47,674] {processor.py:163} INFO - Started process (PID=664) to work on /home/airflow/.local/lib/python3.7/site-packages/airflow/example_dags/example_python_operator.py
[2021-12-10 08:26:47,676] {processor.py:625} INFO - Processing file /home/airflow/.local/lib/python3.7/site-packages/airflow/example_dags/example_python_operator.py for tasks to queue
[2021-12-10 08:26:47,677] {logging_mixin.py:109} INFO - [2021-12-10 08:26:47,676] {dagbag.py:500} INFO - Filling up the DagBag from /home/airflow/.local/lib/python3.7/site-packages/airflow/example_dags/example_python_operator.py
[2021-12-10 08:26:47,706] {processor.py:637} INFO - DAG(s) dict_keys(['example_python_operator']) retrieved from /home/airflow/.local/lib/python3.7/site-packages/airflow/example_dags/example_python_operator.py
[2021-12-10 08:26:47,717] {logging_mixin.py:109} INFO - [2021-12-10 08:26:47,717] {dag.py:2396} INFO - Sync 1 DAGs
[2021-12-10 08:26:47,737] {logging_mixin.py:109} INFO - [2021-12-10 08:26:47,737] {dag.py:2928} INFO - Setting next_dagrun for example_python_operator to None
[2021-12-10 08:26:47,747] {processor.py:171} INFO - Processing /home/airflow/.local/lib/python3.7/site-packages/airflow/example_dags/example_python_operator.py took 0.076 seconds
[2021-12-10 08:27:18,733] {processor.py:163} INFO - Started process (PID=718) to work on /home/airflow/.local/lib/python3.7/site-packages/airflow/example_dags/example_python_operator.py
[2021-12-10 08:27:18,734] {processor.py:625} INFO - Processing file /home/airflow/.local/lib/python3.7/site-packages/airflow/example_dags/example_python_operator.py for tasks to queue
[2021-12-10 08:27:18,735] {logging_mixin.py:109} INFO - [2021-12-10 08:27:18,735] {dagbag.py:500} INFO - Filling up the DagBag from /home/airflow/.local/lib/python3.7/site-packages/airflow/example_dags/example_python_operator.py
[2021-12-10 08:27:18,763] {processor.py:637} INFO - DAG(s) dict_keys(['example_python_operator']) retrieved from /home/airflow/.local/lib/python3.7/site-packages/airflow/example_dags/example_python_operator.py
[2021-12-10 08:27:18,773] {logging_mixin.py:109} INFO - [2021-12-10 08:27:18,773] {dag.py:2396} INFO - Sync 1 DAGs
[2021-12-10 08:27:18,790] {logging_mixin.py:109} INFO - [2021-12-10 08:27:18,790] {dag.py:2928} INFO - Setting next_dagrun for example_python_operator to None
[2021-12-10 08:27:18,800] {processor.py:171} INFO - Processing /home/airflow/.local/lib/python3.7/site-packages/airflow/example_dags/example_python_operator.py took 0.070 seconds
[2021-12-10 08:27:50,055] {processor.py:163} INFO - Started process (PID=780) to work on /home/airflow/.local/lib/python3.7/site-packages/airflow/example_dags/example_python_operator.py
[2021-12-10 08:27:50,057] {processor.py:625} INFO - Processing file /home/airflow/.local/lib/python3.7/site-packages/airflow/example_dags/example_python_operator.py for tasks to queue
[2021-12-10 08:27:50,057] {logging_mixin.py:109} INFO - [2021-12-10 08:27:50,057] {dagbag.py:500} INFO - Filling up the DagBag from /home/airflow/.local/lib/python3.7/site-packages/airflow/example_dags/example_python_operator.py
[2021-12-10 08:27:50,085] {processor.py:637} INFO - DAG(s) dict_keys(['example_python_operator']) retrieved from /home/airflow/.local/lib/python3.7/site-packages/airflow/example_dags/example_python_operator.py
[2021-12-10 08:27:50,095] {logging_mixin.py:109} INFO - [2021-12-10 08:27:50,095] {dag.py:2396} INFO - Sync 1 DAGs
[2021-12-10 08:27:50,113] {logging_mixin.py:109} INFO - [2021-12-10 08:27:50,112] {dag.py:2928} INFO - Setting next_dagrun for example_python_operator to None
[2021-12-10 08:27:50,125] {processor.py:171} INFO - Processing /home/airflow/.local/lib/python3.7/site-packages/airflow/example_dags/example_python_operator.py took 0.073 seconds
[2021-12-10 08:28:21,227] {processor.py:163} INFO - Started process (PID=832) to work on /home/airflow/.local/lib/python3.7/site-packages/airflow/example_dags/example_python_operator.py
[2021-12-10 08:28:21,229] {processor.py:625} INFO - Processing file /home/airflow/.local/lib/python3.7/site-packages/airflow/example_dags/example_python_operator.py for tasks to queue
[2021-12-10 08:28:21,229] {logging_mixin.py:109} INFO - [2021-12-10 08:28:21,229] {dagbag.py:500} INFO - Filling up the DagBag from /home/airflow/.local/lib/python3.7/site-packages/airflow/example_dags/example_python_operator.py
[2021-12-10 08:28:21,258] {processor.py:637} INFO - DAG(s) dict_keys(['example_python_operator']) retrieved from /home/airflow/.local/lib/python3.7/site-packages/airflow/example_dags/example_python_operator.py
[2021-12-10 08:28:21,269] {logging_mixin.py:109} INFO - [2021-12-10 08:28:21,269] {dag.py:2396} INFO - Sync 1 DAGs
[2021-12-10 08:28:21,288] {logging_mixin.py:109} INFO - [2021-12-10 08:28:21,288] {dag.py:2928} INFO - Setting next_dagrun for example_python_operator to None
[2021-12-10 08:28:21,297] {processor.py:171} INFO - Processing /home/airflow/.local/lib/python3.7/site-packages/airflow/example_dags/example_python_operator.py took 0.074 seconds
[2021-12-10 08:28:51,592] {processor.py:163} INFO - Started process (PID=893) to work on /home/airflow/.local/lib/python3.7/site-packages/airflow/example_dags/example_python_operator.py
[2021-12-10 08:28:51,593] {processor.py:625} INFO - Processing file /home/airflow/.local/lib/python3.7/site-packages/airflow/example_dags/example_python_operator.py for tasks to queue
[2021-12-10 08:28:51,594] {logging_mixin.py:109} INFO - [2021-12-10 08:28:51,593] {dagbag.py:500} INFO - Filling up the DagBag from /home/airflow/.local/lib/python3.7/site-packages/airflow/example_dags/example_python_operator.py
[2021-12-10 08:28:51,621] {processor.py:637} INFO - DAG(s) dict_keys(['example_python_operator']) retrieved from /home/airflow/.local/lib/python3.7/site-packages/airflow/example_dags/example_python_operator.py
[2021-12-10 08:28:51,632] {logging_mixin.py:109} INFO - [2021-12-10 08:28:51,632] {dag.py:2396} INFO - Sync 1 DAGs
[2021-12-10 08:28:51,648] {logging_mixin.py:109} INFO - [2021-12-10 08:28:51,648] {dag.py:2928} INFO - Setting next_dagrun for example_python_operator to None
[2021-12-10 08:28:51,658] {processor.py:171} INFO - Processing /home/airflow/.local/lib/python3.7/site-packages/airflow/example_dags/example_python_operator.py took 0.069 seconds
[2021-12-10 08:29:22,738] {processor.py:163} INFO - Started process (PID=945) to work on /home/airflow/.local/lib/python3.7/site-packages/airflow/example_dags/example_python_operator.py
[2021-12-10 08:29:22,739] {processor.py:625} INFO - Processing file /home/airflow/.local/lib/python3.7/site-packages/airflow/example_dags/example_python_operator.py for tasks to queue
[2021-12-10 08:29:22,740] {logging_mixin.py:109} INFO - [2021-12-10 08:29:22,740] {dagbag.py:500} INFO - Filling up the DagBag from /home/airflow/.local/lib/python3.7/site-packages/airflow/example_dags/example_python_operator.py
[2021-12-10 08:29:22,767] {processor.py:637} INFO - DAG(s) dict_keys(['example_python_operator']) retrieved from /home/airflow/.local/lib/python3.7/site-packages/airflow/example_dags/example_python_operator.py
[2021-12-10 08:29:22,779] {logging_mixin.py:109} INFO - [2021-12-10 08:29:22,779] {dag.py:2396} INFO - Sync 1 DAGs
[2021-12-10 08:29:22,796] {logging_mixin.py:109} INFO - [2021-12-10 08:29:22,796] {dag.py:2928} INFO - Setting next_dagrun for example_python_operator to None
[2021-12-10 08:29:22,805] {processor.py:171} INFO - Processing /home/airflow/.local/lib/python3.7/site-packages/airflow/example_dags/example_python_operator.py took 0.071 seconds
[2021-12-10 08:29:53,949] {processor.py:163} INFO - Started process (PID=1007) to work on /home/airflow/.local/lib/python3.7/site-packages/airflow/example_dags/example_python_operator.py
[2021-12-10 08:29:53,950] {processor.py:625} INFO - Processing file /home/airflow/.local/lib/python3.7/site-packages/airflow/example_dags/example_python_operator.py for tasks to queue
[2021-12-10 08:29:53,951] {logging_mixin.py:109} INFO - [2021-12-10 08:29:53,951] {dagbag.py:500} INFO - Filling up the DagBag from /home/airflow/.local/lib/python3.7/site-packages/airflow/example_dags/example_python_operator.py
[2021-12-10 08:29:53,979] {processor.py:637} INFO - DAG(s) dict_keys(['example_python_operator']) retrieved from /home/airflow/.local/lib/python3.7/site-packages/airflow/example_dags/example_python_operator.py
[2021-12-10 08:29:53,990] {logging_mixin.py:109} INFO - [2021-12-10 08:29:53,990] {dag.py:2396} INFO - Sync 1 DAGs
[2021-12-10 08:29:54,008] {logging_mixin.py:109} INFO - [2021-12-10 08:29:54,007] {dag.py:2928} INFO - Setting next_dagrun for example_python_operator to None
[2021-12-10 08:29:54,016] {processor.py:171} INFO - Processing /home/airflow/.local/lib/python3.7/site-packages/airflow/example_dags/example_python_operator.py took 0.071 seconds
[2021-12-10 08:30:25,101] {processor.py:163} INFO - Started process (PID=1059) to work on /home/airflow/.local/lib/python3.7/site-packages/airflow/example_dags/example_python_operator.py
[2021-12-10 08:30:25,103] {processor.py:625} INFO - Processing file /home/airflow/.local/lib/python3.7/site-packages/airflow/example_dags/example_python_operator.py for tasks to queue
[2021-12-10 08:30:25,104] {logging_mixin.py:109} INFO - [2021-12-10 08:30:25,104] {dagbag.py:500} INFO - Filling up the DagBag from /home/airflow/.local/lib/python3.7/site-packages/airflow/example_dags/example_python_operator.py
[2021-12-10 08:30:25,139] {processor.py:637} INFO - DAG(s) dict_keys(['example_python_operator']) retrieved from /home/airflow/.local/lib/python3.7/site-packages/airflow/example_dags/example_python_operator.py
[2021-12-10 08:30:25,151] {logging_mixin.py:109} INFO - [2021-12-10 08:30:25,151] {dag.py:2396} INFO - Sync 1 DAGs
[2021-12-10 08:30:25,170] {logging_mixin.py:109} INFO - [2021-12-10 08:30:25,170] {dag.py:2928} INFO - Setting next_dagrun for example_python_operator to None
[2021-12-10 08:30:25,180] {processor.py:171} INFO - Processing /home/airflow/.local/lib/python3.7/site-packages/airflow/example_dags/example_python_operator.py took 0.083 seconds
[2021-12-10 08:30:56,384] {processor.py:163} INFO - Started process (PID=1121) to work on /home/airflow/.local/lib/python3.7/site-packages/airflow/example_dags/example_python_operator.py
[2021-12-10 08:30:56,386] {processor.py:625} INFO - Processing file /home/airflow/.local/lib/python3.7/site-packages/airflow/example_dags/example_python_operator.py for tasks to queue
[2021-12-10 08:30:56,386] {logging_mixin.py:109} INFO - [2021-12-10 08:30:56,386] {dagbag.py:500} INFO - Filling up the DagBag from /home/airflow/.local/lib/python3.7/site-packages/airflow/example_dags/example_python_operator.py
[2021-12-10 08:30:56,414] {processor.py:637} INFO - DAG(s) dict_keys(['example_python_operator']) retrieved from /home/airflow/.local/lib/python3.7/site-packages/airflow/example_dags/example_python_operator.py
[2021-12-10 08:30:56,426] {logging_mixin.py:109} INFO - [2021-12-10 08:30:56,426] {dag.py:2396} INFO - Sync 1 DAGs
[2021-12-10 08:30:56,443] {logging_mixin.py:109} INFO - [2021-12-10 08:30:56,443] {dag.py:2928} INFO - Setting next_dagrun for example_python_operator to None
[2021-12-10 08:30:56,452] {processor.py:171} INFO - Processing /home/airflow/.local/lib/python3.7/site-packages/airflow/example_dags/example_python_operator.py took 0.073 seconds
[2021-12-10 08:31:27,594] {processor.py:163} INFO - Started process (PID=1173) to work on /home/airflow/.local/lib/python3.7/site-packages/airflow/example_dags/example_python_operator.py
[2021-12-10 08:31:27,596] {processor.py:625} INFO - Processing file /home/airflow/.local/lib/python3.7/site-packages/airflow/example_dags/example_python_operator.py for tasks to queue
[2021-12-10 08:31:27,597] {logging_mixin.py:109} INFO - [2021-12-10 08:31:27,597] {dagbag.py:500} INFO - Filling up the DagBag from /home/airflow/.local/lib/python3.7/site-packages/airflow/example_dags/example_python_operator.py
[2021-12-10 08:31:27,625] {processor.py:637} INFO - DAG(s) dict_keys(['example_python_operator']) retrieved from /home/airflow/.local/lib/python3.7/site-packages/airflow/example_dags/example_python_operator.py
[2021-12-10 08:31:27,635] {logging_mixin.py:109} INFO - [2021-12-10 08:31:27,635] {dag.py:2396} INFO - Sync 1 DAGs
[2021-12-10 08:31:27,652] {logging_mixin.py:109} INFO - [2021-12-10 08:31:27,652] {dag.py:2928} INFO - Setting next_dagrun for example_python_operator to None
[2021-12-10 08:31:27,661] {processor.py:171} INFO - Processing /home/airflow/.local/lib/python3.7/site-packages/airflow/example_dags/example_python_operator.py took 0.070 seconds
[2021-12-10 08:31:58,897] {processor.py:163} INFO - Started process (PID=1236) to work on /home/airflow/.local/lib/python3.7/site-packages/airflow/example_dags/example_python_operator.py
[2021-12-10 08:31:58,899] {processor.py:625} INFO - Processing file /home/airflow/.local/lib/python3.7/site-packages/airflow/example_dags/example_python_operator.py for tasks to queue
[2021-12-10 08:31:58,900] {logging_mixin.py:109} INFO - [2021-12-10 08:31:58,899] {dagbag.py:500} INFO - Filling up the DagBag from /home/airflow/.local/lib/python3.7/site-packages/airflow/example_dags/example_python_operator.py
[2021-12-10 08:31:58,933] {processor.py:637} INFO - DAG(s) dict_keys(['example_python_operator']) retrieved from /home/airflow/.local/lib/python3.7/site-packages/airflow/example_dags/example_python_operator.py
[2021-12-10 08:31:58,948] {logging_mixin.py:109} INFO - [2021-12-10 08:31:58,948] {dag.py:2396} INFO - Sync 1 DAGs
[2021-12-10 08:31:58,965] {logging_mixin.py:109} INFO - [2021-12-10 08:31:58,965] {dag.py:2928} INFO - Setting next_dagrun for example_python_operator to None
[2021-12-10 08:31:58,975] {processor.py:171} INFO - Processing /home/airflow/.local/lib/python3.7/site-packages/airflow/example_dags/example_python_operator.py took 0.081 seconds
[2021-12-10 08:32:29,339] {processor.py:163} INFO - Started process (PID=1289) to work on /home/airflow/.local/lib/python3.7/site-packages/airflow/example_dags/example_python_operator.py
[2021-12-10 08:32:29,340] {processor.py:625} INFO - Processing file /home/airflow/.local/lib/python3.7/site-packages/airflow/example_dags/example_python_operator.py for tasks to queue
[2021-12-10 08:32:29,341] {logging_mixin.py:109} INFO - [2021-12-10 08:32:29,341] {dagbag.py:500} INFO - Filling up the DagBag from /home/airflow/.local/lib/python3.7/site-packages/airflow/example_dags/example_python_operator.py
[2021-12-10 08:32:29,372] {processor.py:637} INFO - DAG(s) dict_keys(['example_python_operator']) retrieved from /home/airflow/.local/lib/python3.7/site-packages/airflow/example_dags/example_python_operator.py
[2021-12-10 08:32:29,383] {logging_mixin.py:109} INFO - [2021-12-10 08:32:29,383] {dag.py:2396} INFO - Sync 1 DAGs
[2021-12-10 08:32:29,400] {logging_mixin.py:109} INFO - [2021-12-10 08:32:29,399] {dag.py:2928} INFO - Setting next_dagrun for example_python_operator to None
[2021-12-10 08:32:29,409] {processor.py:171} INFO - Processing /home/airflow/.local/lib/python3.7/site-packages/airflow/example_dags/example_python_operator.py took 0.075 seconds
[2021-12-10 08:32:59,447] {processor.py:163} INFO - Started process (PID=1340) to work on /home/airflow/.local/lib/python3.7/site-packages/airflow/example_dags/example_python_operator.py
[2021-12-10 08:32:59,449] {processor.py:625} INFO - Processing file /home/airflow/.local/lib/python3.7/site-packages/airflow/example_dags/example_python_operator.py for tasks to queue
[2021-12-10 08:32:59,449] {logging_mixin.py:109} INFO - [2021-12-10 08:32:59,449] {dagbag.py:500} INFO - Filling up the DagBag from /home/airflow/.local/lib/python3.7/site-packages/airflow/example_dags/example_python_operator.py
[2021-12-10 08:32:59,479] {processor.py:637} INFO - DAG(s) dict_keys(['example_python_operator']) retrieved from /home/airflow/.local/lib/python3.7/site-packages/airflow/example_dags/example_python_operator.py
[2021-12-10 08:32:59,491] {logging_mixin.py:109} INFO - [2021-12-10 08:32:59,491] {dag.py:2396} INFO - Sync 1 DAGs
[2021-12-10 08:32:59,508] {logging_mixin.py:109} INFO - [2021-12-10 08:32:59,508] {dag.py:2928} INFO - Setting next_dagrun for example_python_operator to None
[2021-12-10 08:32:59,517] {processor.py:171} INFO - Processing /home/airflow/.local/lib/python3.7/site-packages/airflow/example_dags/example_python_operator.py took 0.073 seconds
[2021-12-10 08:33:29,583] {processor.py:163} INFO - Started process (PID=1400) to work on /home/airflow/.local/lib/python3.7/site-packages/airflow/example_dags/example_python_operator.py
[2021-12-10 08:33:29,585] {processor.py:625} INFO - Processing file /home/airflow/.local/lib/python3.7/site-packages/airflow/example_dags/example_python_operator.py for tasks to queue
[2021-12-10 08:33:29,585] {logging_mixin.py:109} INFO - [2021-12-10 08:33:29,585] {dagbag.py:500} INFO - Filling up the DagBag from /home/airflow/.local/lib/python3.7/site-packages/airflow/example_dags/example_python_operator.py
[2021-12-10 08:33:29,616] {processor.py:637} INFO - DAG(s) dict_keys(['example_python_operator']) retrieved from /home/airflow/.local/lib/python3.7/site-packages/airflow/example_dags/example_python_operator.py
[2021-12-10 08:33:29,634] {logging_mixin.py:109} INFO - [2021-12-10 08:33:29,633] {dag.py:2396} INFO - Sync 1 DAGs
[2021-12-10 08:33:29,655] {logging_mixin.py:109} INFO - [2021-12-10 08:33:29,655] {dag.py:2928} INFO - Setting next_dagrun for example_python_operator to None
[2021-12-10 08:33:29,664] {processor.py:171} INFO - Processing /home/airflow/.local/lib/python3.7/site-packages/airflow/example_dags/example_python_operator.py took 0.085 seconds
[2021-12-10 08:33:59,768] {processor.py:163} INFO - Started process (PID=1452) to work on /home/airflow/.local/lib/python3.7/site-packages/airflow/example_dags/example_python_operator.py
[2021-12-10 08:33:59,769] {processor.py:625} INFO - Processing file /home/airflow/.local/lib/python3.7/site-packages/airflow/example_dags/example_python_operator.py for tasks to queue
[2021-12-10 08:33:59,770] {logging_mixin.py:109} INFO - [2021-12-10 08:33:59,770] {dagbag.py:500} INFO - Filling up the DagBag from /home/airflow/.local/lib/python3.7/site-packages/airflow/example_dags/example_python_operator.py
[2021-12-10 08:33:59,802] {processor.py:637} INFO - DAG(s) dict_keys(['example_python_operator']) retrieved from /home/airflow/.local/lib/python3.7/site-packages/airflow/example_dags/example_python_operator.py
[2021-12-10 08:33:59,813] {logging_mixin.py:109} INFO - [2021-12-10 08:33:59,812] {dag.py:2396} INFO - Sync 1 DAGs
[2021-12-10 08:33:59,830] {logging_mixin.py:109} INFO - [2021-12-10 08:33:59,830] {dag.py:2928} INFO - Setting next_dagrun for example_python_operator to None
[2021-12-10 08:33:59,838] {processor.py:171} INFO - Processing /home/airflow/.local/lib/python3.7/site-packages/airflow/example_dags/example_python_operator.py took 0.075 seconds
[2021-12-10 08:34:29,861] {processor.py:163} INFO - Started process (PID=1514) to work on /home/airflow/.local/lib/python3.7/site-packages/airflow/example_dags/example_python_operator.py
[2021-12-10 08:34:29,862] {processor.py:625} INFO - Processing file /home/airflow/.local/lib/python3.7/site-packages/airflow/example_dags/example_python_operator.py for tasks to queue
[2021-12-10 08:34:29,863] {logging_mixin.py:109} INFO - [2021-12-10 08:34:29,863] {dagbag.py:500} INFO - Filling up the DagBag from /home/airflow/.local/lib/python3.7/site-packages/airflow/example_dags/example_python_operator.py
[2021-12-10 08:34:29,921] {processor.py:637} INFO - DAG(s) dict_keys(['example_python_operator']) retrieved from /home/airflow/.local/lib/python3.7/site-packages/airflow/example_dags/example_python_operator.py
[2021-12-10 08:34:29,933] {logging_mixin.py:109} INFO - [2021-12-10 08:34:29,932] {dag.py:2396} INFO - Sync 1 DAGs
[2021-12-10 08:34:29,950] {logging_mixin.py:109} INFO - [2021-12-10 08:34:29,950] {dag.py:2928} INFO - Setting next_dagrun for example_python_operator to None
[2021-12-10 08:34:29,962] {processor.py:171} INFO - Processing /home/airflow/.local/lib/python3.7/site-packages/airflow/example_dags/example_python_operator.py took 0.105 seconds
[2021-12-10 08:35:00,311] {processor.py:163} INFO - Started process (PID=1566) to work on /home/airflow/.local/lib/python3.7/site-packages/airflow/example_dags/example_python_operator.py
[2021-12-10 08:35:00,312] {processor.py:625} INFO - Processing file /home/airflow/.local/lib/python3.7/site-packages/airflow/example_dags/example_python_operator.py for tasks to queue
[2021-12-10 08:35:00,313] {logging_mixin.py:109} INFO - [2021-12-10 08:35:00,313] {dagbag.py:500} INFO - Filling up the DagBag from /home/airflow/.local/lib/python3.7/site-packages/airflow/example_dags/example_python_operator.py
[2021-12-10 08:35:00,354] {processor.py:637} INFO - DAG(s) dict_keys(['example_python_operator']) retrieved from /home/airflow/.local/lib/python3.7/site-packages/airflow/example_dags/example_python_operator.py
[2021-12-10 08:35:00,368] {logging_mixin.py:109} INFO - [2021-12-10 08:35:00,368] {dag.py:2396} INFO - Sync 1 DAGs
[2021-12-10 08:35:00,387] {logging_mixin.py:109} INFO - [2021-12-10 08:35:00,387] {dag.py:2928} INFO - Setting next_dagrun for example_python_operator to None
[2021-12-10 08:35:00,399] {processor.py:171} INFO - Processing /home/airflow/.local/lib/python3.7/site-packages/airflow/example_dags/example_python_operator.py took 0.092 seconds
[2021-12-10 08:35:30,487] {processor.py:163} INFO - Started process (PID=1619) to work on /home/airflow/.local/lib/python3.7/site-packages/airflow/example_dags/example_python_operator.py
[2021-12-10 08:35:30,488] {processor.py:625} INFO - Processing file /home/airflow/.local/lib/python3.7/site-packages/airflow/example_dags/example_python_operator.py for tasks to queue
[2021-12-10 08:35:30,489] {logging_mixin.py:109} INFO - [2021-12-10 08:35:30,489] {dagbag.py:500} INFO - Filling up the DagBag from /home/airflow/.local/lib/python3.7/site-packages/airflow/example_dags/example_python_operator.py
[2021-12-10 08:35:30,522] {processor.py:637} INFO - DAG(s) dict_keys(['example_python_operator']) retrieved from /home/airflow/.local/lib/python3.7/site-packages/airflow/example_dags/example_python_operator.py
[2021-12-10 08:35:30,534] {logging_mixin.py:109} INFO - [2021-12-10 08:35:30,534] {dag.py:2396} INFO - Sync 1 DAGs
[2021-12-10 08:35:30,553] {logging_mixin.py:109} INFO - [2021-12-10 08:35:30,553] {dag.py:2928} INFO - Setting next_dagrun for example_python_operator to None
[2021-12-10 08:35:30,566] {processor.py:171} INFO - Processing /home/airflow/.local/lib/python3.7/site-packages/airflow/example_dags/example_python_operator.py took 0.083 seconds
[2021-12-10 08:36:01,074] {processor.py:163} INFO - Started process (PID=1682) to work on /home/airflow/.local/lib/python3.7/site-packages/airflow/example_dags/example_python_operator.py
[2021-12-10 08:36:01,076] {processor.py:625} INFO - Processing file /home/airflow/.local/lib/python3.7/site-packages/airflow/example_dags/example_python_operator.py for tasks to queue
[2021-12-10 08:36:01,076] {logging_mixin.py:109} INFO - [2021-12-10 08:36:01,076] {dagbag.py:500} INFO - Filling up the DagBag from /home/airflow/.local/lib/python3.7/site-packages/airflow/example_dags/example_python_operator.py
[2021-12-10 08:36:01,106] {processor.py:637} INFO - DAG(s) dict_keys(['example_python_operator']) retrieved from /home/airflow/.local/lib/python3.7/site-packages/airflow/example_dags/example_python_operator.py
[2021-12-10 08:36:01,116] {logging_mixin.py:109} INFO - [2021-12-10 08:36:01,116] {dag.py:2396} INFO - Sync 1 DAGs
[2021-12-10 08:36:01,133] {logging_mixin.py:109} INFO - [2021-12-10 08:36:01,133] {dag.py:2928} INFO - Setting next_dagrun for example_python_operator to None
[2021-12-10 08:36:01,142] {processor.py:171} INFO - Processing /home/airflow/.local/lib/python3.7/site-packages/airflow/example_dags/example_python_operator.py took 0.072 seconds
[2021-12-10 08:36:31,186] {processor.py:163} INFO - Started process (PID=1735) to work on /home/airflow/.local/lib/python3.7/site-packages/airflow/example_dags/example_python_operator.py
[2021-12-10 08:36:31,188] {processor.py:625} INFO - Processing file /home/airflow/.local/lib/python3.7/site-packages/airflow/example_dags/example_python_operator.py for tasks to queue
[2021-12-10 08:36:31,189] {logging_mixin.py:109} INFO - [2021-12-10 08:36:31,188] {dagbag.py:500} INFO - Filling up the DagBag from /home/airflow/.local/lib/python3.7/site-packages/airflow/example_dags/example_python_operator.py
[2021-12-10 08:36:31,219] {processor.py:637} INFO - DAG(s) dict_keys(['example_python_operator']) retrieved from /home/airflow/.local/lib/python3.7/site-packages/airflow/example_dags/example_python_operator.py
[2021-12-10 08:36:31,230] {logging_mixin.py:109} INFO - [2021-12-10 08:36:31,230] {dag.py:2396} INFO - Sync 1 DAGs
[2021-12-10 08:36:31,247] {logging_mixin.py:109} INFO - [2021-12-10 08:36:31,247] {dag.py:2928} INFO - Setting next_dagrun for example_python_operator to None
[2021-12-10 08:36:31,259] {processor.py:171} INFO - Processing /home/airflow/.local/lib/python3.7/site-packages/airflow/example_dags/example_python_operator.py took 0.077 seconds
[2021-12-10 08:37:01,649] {processor.py:163} INFO - Started process (PID=1797) to work on /home/airflow/.local/lib/python3.7/site-packages/airflow/example_dags/example_python_operator.py
[2021-12-10 08:37:01,650] {processor.py:625} INFO - Processing file /home/airflow/.local/lib/python3.7/site-packages/airflow/example_dags/example_python_operator.py for tasks to queue
[2021-12-10 08:37:01,651] {logging_mixin.py:109} INFO - [2021-12-10 08:37:01,651] {dagbag.py:500} INFO - Filling up the DagBag from /home/airflow/.local/lib/python3.7/site-packages/airflow/example_dags/example_python_operator.py
[2021-12-10 08:37:01,683] {processor.py:637} INFO - DAG(s) dict_keys(['example_python_operator']) retrieved from /home/airflow/.local/lib/python3.7/site-packages/airflow/example_dags/example_python_operator.py
[2021-12-10 08:37:01,694] {logging_mixin.py:109} INFO - [2021-12-10 08:37:01,694] {dag.py:2396} INFO - Sync 1 DAGs
[2021-12-10 08:37:01,713] {logging_mixin.py:109} INFO - [2021-12-10 08:37:01,713] {dag.py:2928} INFO - Setting next_dagrun for example_python_operator to None
[2021-12-10 08:37:01,724] {processor.py:171} INFO - Processing /home/airflow/.local/lib/python3.7/site-packages/airflow/example_dags/example_python_operator.py took 0.079 seconds
[2021-12-10 08:37:31,771] {processor.py:163} INFO - Started process (PID=1851) to work on /home/airflow/.local/lib/python3.7/site-packages/airflow/example_dags/example_python_operator.py
[2021-12-10 08:37:31,772] {processor.py:625} INFO - Processing file /home/airflow/.local/lib/python3.7/site-packages/airflow/example_dags/example_python_operator.py for tasks to queue
[2021-12-10 08:37:31,773] {logging_mixin.py:109} INFO - [2021-12-10 08:37:31,772] {dagbag.py:500} INFO - Filling up the DagBag from /home/airflow/.local/lib/python3.7/site-packages/airflow/example_dags/example_python_operator.py
[2021-12-10 08:37:31,802] {processor.py:637} INFO - DAG(s) dict_keys(['example_python_operator']) retrieved from /home/airflow/.local/lib/python3.7/site-packages/airflow/example_dags/example_python_operator.py
[2021-12-10 08:37:31,813] {logging_mixin.py:109} INFO - [2021-12-10 08:37:31,813] {dag.py:2396} INFO - Sync 1 DAGs
[2021-12-10 08:37:31,830] {logging_mixin.py:109} INFO - [2021-12-10 08:37:31,830] {dag.py:2928} INFO - Setting next_dagrun for example_python_operator to None
[2021-12-10 08:37:31,840] {processor.py:171} INFO - Processing /home/airflow/.local/lib/python3.7/site-packages/airflow/example_dags/example_python_operator.py took 0.073 seconds
[2021-12-10 08:38:02,037] {processor.py:163} INFO - Started process (PID=1903) to work on /home/airflow/.local/lib/python3.7/site-packages/airflow/example_dags/example_python_operator.py
[2021-12-10 08:38:02,039] {processor.py:625} INFO - Processing file /home/airflow/.local/lib/python3.7/site-packages/airflow/example_dags/example_python_operator.py for tasks to queue
[2021-12-10 08:38:02,039] {logging_mixin.py:109} INFO - [2021-12-10 08:38:02,039] {dagbag.py:500} INFO - Filling up the DagBag from /home/airflow/.local/lib/python3.7/site-packages/airflow/example_dags/example_python_operator.py
[2021-12-10 08:38:02,079] {processor.py:637} INFO - DAG(s) dict_keys(['example_python_operator']) retrieved from /home/airflow/.local/lib/python3.7/site-packages/airflow/example_dags/example_python_operator.py
[2021-12-10 08:38:02,093] {logging_mixin.py:109} INFO - [2021-12-10 08:38:02,093] {dag.py:2396} INFO - Sync 1 DAGs
[2021-12-10 08:38:02,113] {logging_mixin.py:109} INFO - [2021-12-10 08:38:02,113] {dag.py:2928} INFO - Setting next_dagrun for example_python_operator to None
[2021-12-10 08:38:02,125] {processor.py:171} INFO - Processing /home/airflow/.local/lib/python3.7/site-packages/airflow/example_dags/example_python_operator.py took 0.092 seconds
[2021-12-10 08:38:32,440] {processor.py:163} INFO - Started process (PID=1964) to work on /home/airflow/.local/lib/python3.7/site-packages/airflow/example_dags/example_python_operator.py
[2021-12-10 08:38:32,442] {processor.py:625} INFO - Processing file /home/airflow/.local/lib/python3.7/site-packages/airflow/example_dags/example_python_operator.py for tasks to queue
[2021-12-10 08:38:32,442] {logging_mixin.py:109} INFO - [2021-12-10 08:38:32,442] {dagbag.py:500} INFO - Filling up the DagBag from /home/airflow/.local/lib/python3.7/site-packages/airflow/example_dags/example_python_operator.py
[2021-12-10 08:38:32,471] {processor.py:637} INFO - DAG(s) dict_keys(['example_python_operator']) retrieved from /home/airflow/.local/lib/python3.7/site-packages/airflow/example_dags/example_python_operator.py
[2021-12-10 08:38:32,482] {logging_mixin.py:109} INFO - [2021-12-10 08:38:32,482] {dag.py:2396} INFO - Sync 1 DAGs
[2021-12-10 08:38:32,504] {logging_mixin.py:109} INFO - [2021-12-10 08:38:32,504] {dag.py:2928} INFO - Setting next_dagrun for example_python_operator to None
[2021-12-10 08:38:32,515] {processor.py:171} INFO - Processing /home/airflow/.local/lib/python3.7/site-packages/airflow/example_dags/example_python_operator.py took 0.079 seconds
[2021-12-10 08:39:02,768] {processor.py:163} INFO - Started process (PID=2016) to work on /home/airflow/.local/lib/python3.7/site-packages/airflow/example_dags/example_python_operator.py
[2021-12-10 08:39:02,769] {processor.py:625} INFO - Processing file /home/airflow/.local/lib/python3.7/site-packages/airflow/example_dags/example_python_operator.py for tasks to queue
[2021-12-10 08:39:02,770] {logging_mixin.py:109} INFO - [2021-12-10 08:39:02,770] {dagbag.py:500} INFO - Filling up the DagBag from /home/airflow/.local/lib/python3.7/site-packages/airflow/example_dags/example_python_operator.py
[2021-12-10 08:39:02,796] {processor.py:637} INFO - DAG(s) dict_keys(['example_python_operator']) retrieved from /home/airflow/.local/lib/python3.7/site-packages/airflow/example_dags/example_python_operator.py
[2021-12-10 08:39:02,806] {logging_mixin.py:109} INFO - [2021-12-10 08:39:02,806] {dag.py:2396} INFO - Sync 1 DAGs
[2021-12-10 08:39:02,822] {logging_mixin.py:109} INFO - [2021-12-10 08:39:02,822] {dag.py:2928} INFO - Setting next_dagrun for example_python_operator to None
[2021-12-10 08:39:02,830] {processor.py:171} INFO - Processing /home/airflow/.local/lib/python3.7/site-packages/airflow/example_dags/example_python_operator.py took 0.066 seconds
[2021-12-10 08:39:33,035] {processor.py:163} INFO - Started process (PID=2078) to work on /home/airflow/.local/lib/python3.7/site-packages/airflow/example_dags/example_python_operator.py
[2021-12-10 08:39:33,036] {processor.py:625} INFO - Processing file /home/airflow/.local/lib/python3.7/site-packages/airflow/example_dags/example_python_operator.py for tasks to queue
[2021-12-10 08:39:33,037] {logging_mixin.py:109} INFO - [2021-12-10 08:39:33,037] {dagbag.py:500} INFO - Filling up the DagBag from /home/airflow/.local/lib/python3.7/site-packages/airflow/example_dags/example_python_operator.py
[2021-12-10 08:39:33,066] {processor.py:637} INFO - DAG(s) dict_keys(['example_python_operator']) retrieved from /home/airflow/.local/lib/python3.7/site-packages/airflow/example_dags/example_python_operator.py
[2021-12-10 08:39:33,077] {logging_mixin.py:109} INFO - [2021-12-10 08:39:33,077] {dag.py:2396} INFO - Sync 1 DAGs
[2021-12-10 08:39:33,093] {logging_mixin.py:109} INFO - [2021-12-10 08:39:33,093] {dag.py:2928} INFO - Setting next_dagrun for example_python_operator to None
[2021-12-10 08:39:33,102] {processor.py:171} INFO - Processing /home/airflow/.local/lib/python3.7/site-packages/airflow/example_dags/example_python_operator.py took 0.072 seconds
[2021-12-10 08:40:03,168] {processor.py:163} INFO - Started process (PID=2132) to work on /home/airflow/.local/lib/python3.7/site-packages/airflow/example_dags/example_python_operator.py
[2021-12-10 08:40:03,169] {processor.py:625} INFO - Processing file /home/airflow/.local/lib/python3.7/site-packages/airflow/example_dags/example_python_operator.py for tasks to queue
[2021-12-10 08:40:03,170] {logging_mixin.py:109} INFO - [2021-12-10 08:40:03,170] {dagbag.py:500} INFO - Filling up the DagBag from /home/airflow/.local/lib/python3.7/site-packages/airflow/example_dags/example_python_operator.py
[2021-12-10 08:40:03,200] {processor.py:637} INFO - DAG(s) dict_keys(['example_python_operator']) retrieved from /home/airflow/.local/lib/python3.7/site-packages/airflow/example_dags/example_python_operator.py
[2021-12-10 08:40:03,210] {logging_mixin.py:109} INFO - [2021-12-10 08:40:03,210] {dag.py:2396} INFO - Sync 1 DAGs
[2021-12-10 08:40:03,228] {logging_mixin.py:109} INFO - [2021-12-10 08:40:03,228] {dag.py:2928} INFO - Setting next_dagrun for example_python_operator to None
[2021-12-10 08:40:03,239] {processor.py:171} INFO - Processing /home/airflow/.local/lib/python3.7/site-packages/airflow/example_dags/example_python_operator.py took 0.075 seconds
[2021-12-10 08:40:33,352] {processor.py:163} INFO - Started process (PID=2184) to work on /home/airflow/.local/lib/python3.7/site-packages/airflow/example_dags/example_python_operator.py
[2021-12-10 08:40:33,353] {processor.py:625} INFO - Processing file /home/airflow/.local/lib/python3.7/site-packages/airflow/example_dags/example_python_operator.py for tasks to queue
[2021-12-10 08:40:33,354] {logging_mixin.py:109} INFO - [2021-12-10 08:40:33,354] {dagbag.py:500} INFO - Filling up the DagBag from /home/airflow/.local/lib/python3.7/site-packages/airflow/example_dags/example_python_operator.py
[2021-12-10 08:40:33,387] {processor.py:637} INFO - DAG(s) dict_keys(['example_python_operator']) retrieved from /home/airflow/.local/lib/python3.7/site-packages/airflow/example_dags/example_python_operator.py
[2021-12-10 08:40:33,398] {logging_mixin.py:109} INFO - [2021-12-10 08:40:33,397] {dag.py:2396} INFO - Sync 1 DAGs
[2021-12-10 08:40:33,417] {logging_mixin.py:109} INFO - [2021-12-10 08:40:33,417] {dag.py:2928} INFO - Setting next_dagrun for example_python_operator to None
[2021-12-10 08:40:33,432] {processor.py:171} INFO - Processing /home/airflow/.local/lib/python3.7/site-packages/airflow/example_dags/example_python_operator.py took 0.084 seconds
[2021-12-10 08:41:03,606] {processor.py:163} INFO - Started process (PID=2246) to work on /home/airflow/.local/lib/python3.7/site-packages/airflow/example_dags/example_python_operator.py
[2021-12-10 08:41:03,608] {processor.py:625} INFO - Processing file /home/airflow/.local/lib/python3.7/site-packages/airflow/example_dags/example_python_operator.py for tasks to queue
[2021-12-10 08:41:03,609] {logging_mixin.py:109} INFO - [2021-12-10 08:41:03,609] {dagbag.py:500} INFO - Filling up the DagBag from /home/airflow/.local/lib/python3.7/site-packages/airflow/example_dags/example_python_operator.py
[2021-12-10 08:41:03,667] {processor.py:637} INFO - DAG(s) dict_keys(['example_python_operator']) retrieved from /home/airflow/.local/lib/python3.7/site-packages/airflow/example_dags/example_python_operator.py
[2021-12-10 08:41:03,678] {logging_mixin.py:109} INFO - [2021-12-10 08:41:03,678] {dag.py:2396} INFO - Sync 1 DAGs
[2021-12-10 08:41:03,695] {logging_mixin.py:109} INFO - [2021-12-10 08:41:03,695] {dag.py:2928} INFO - Setting next_dagrun for example_python_operator to None
[2021-12-10 08:41:03,705] {processor.py:171} INFO - Processing /home/airflow/.local/lib/python3.7/site-packages/airflow/example_dags/example_python_operator.py took 0.102 seconds
[2021-12-10 08:41:33,751] {processor.py:163} INFO - Started process (PID=2298) to work on /home/airflow/.local/lib/python3.7/site-packages/airflow/example_dags/example_python_operator.py
[2021-12-10 08:41:33,753] {processor.py:625} INFO - Processing file /home/airflow/.local/lib/python3.7/site-packages/airflow/example_dags/example_python_operator.py for tasks to queue
[2021-12-10 08:41:33,753] {logging_mixin.py:109} INFO - [2021-12-10 08:41:33,753] {dagbag.py:500} INFO - Filling up the DagBag from /home/airflow/.local/lib/python3.7/site-packages/airflow/example_dags/example_python_operator.py
[2021-12-10 08:41:33,782] {processor.py:637} INFO - DAG(s) dict_keys(['example_python_operator']) retrieved from /home/airflow/.local/lib/python3.7/site-packages/airflow/example_dags/example_python_operator.py
[2021-12-10 08:41:33,793] {logging_mixin.py:109} INFO - [2021-12-10 08:41:33,793] {dag.py:2396} INFO - Sync 1 DAGs
[2021-12-10 08:41:33,810] {logging_mixin.py:109} INFO - [2021-12-10 08:41:33,810] {dag.py:2928} INFO - Setting next_dagrun for example_python_operator to None
[2021-12-10 08:41:33,819] {processor.py:171} INFO - Processing /home/airflow/.local/lib/python3.7/site-packages/airflow/example_dags/example_python_operator.py took 0.072 seconds
[2021-12-10 08:42:04,282] {processor.py:163} INFO - Started process (PID=2362) to work on /home/airflow/.local/lib/python3.7/site-packages/airflow/example_dags/example_python_operator.py
[2021-12-10 08:42:04,284] {processor.py:625} INFO - Processing file /home/airflow/.local/lib/python3.7/site-packages/airflow/example_dags/example_python_operator.py for tasks to queue
[2021-12-10 08:42:04,284] {logging_mixin.py:109} INFO - [2021-12-10 08:42:04,284] {dagbag.py:500} INFO - Filling up the DagBag from /home/airflow/.local/lib/python3.7/site-packages/airflow/example_dags/example_python_operator.py
[2021-12-10 08:42:04,324] {processor.py:637} INFO - DAG(s) dict_keys(['example_python_operator']) retrieved from /home/airflow/.local/lib/python3.7/site-packages/airflow/example_dags/example_python_operator.py
[2021-12-10 08:42:04,336] {logging_mixin.py:109} INFO - [2021-12-10 08:42:04,336] {dag.py:2396} INFO - Sync 1 DAGs
[2021-12-10 08:42:04,355] {logging_mixin.py:109} INFO - [2021-12-10 08:42:04,355] {dag.py:2928} INFO - Setting next_dagrun for example_python_operator to None
[2021-12-10 08:42:04,366] {processor.py:171} INFO - Processing /home/airflow/.local/lib/python3.7/site-packages/airflow/example_dags/example_python_operator.py took 0.087 seconds
[2021-12-10 08:42:34,396] {processor.py:163} INFO - Started process (PID=2414) to work on /home/airflow/.local/lib/python3.7/site-packages/airflow/example_dags/example_python_operator.py
[2021-12-10 08:42:34,398] {processor.py:625} INFO - Processing file /home/airflow/.local/lib/python3.7/site-packages/airflow/example_dags/example_python_operator.py for tasks to queue
[2021-12-10 08:42:34,398] {logging_mixin.py:109} INFO - [2021-12-10 08:42:34,398] {dagbag.py:500} INFO - Filling up the DagBag from /home/airflow/.local/lib/python3.7/site-packages/airflow/example_dags/example_python_operator.py
[2021-12-10 08:42:34,430] {processor.py:637} INFO - DAG(s) dict_keys(['example_python_operator']) retrieved from /home/airflow/.local/lib/python3.7/site-packages/airflow/example_dags/example_python_operator.py
[2021-12-10 08:42:34,443] {logging_mixin.py:109} INFO - [2021-12-10 08:42:34,443] {dag.py:2396} INFO - Sync 1 DAGs
[2021-12-10 08:42:34,461] {logging_mixin.py:109} INFO - [2021-12-10 08:42:34,461] {dag.py:2928} INFO - Setting next_dagrun for example_python_operator to None
[2021-12-10 08:42:34,471] {processor.py:171} INFO - Processing /home/airflow/.local/lib/python3.7/site-packages/airflow/example_dags/example_python_operator.py took 0.079 seconds
[2021-12-10 08:43:04,731] {processor.py:163} INFO - Started process (PID=2467) to work on /home/airflow/.local/lib/python3.7/site-packages/airflow/example_dags/example_python_operator.py
[2021-12-10 08:43:04,733] {processor.py:625} INFO - Processing file /home/airflow/.local/lib/python3.7/site-packages/airflow/example_dags/example_python_operator.py for tasks to queue
[2021-12-10 08:43:04,734] {logging_mixin.py:109} INFO - [2021-12-10 08:43:04,733] {dagbag.py:500} INFO - Filling up the DagBag from /home/airflow/.local/lib/python3.7/site-packages/airflow/example_dags/example_python_operator.py
[2021-12-10 08:43:04,762] {processor.py:637} INFO - DAG(s) dict_keys(['example_python_operator']) retrieved from /home/airflow/.local/lib/python3.7/site-packages/airflow/example_dags/example_python_operator.py
[2021-12-10 08:43:04,773] {logging_mixin.py:109} INFO - [2021-12-10 08:43:04,773] {dag.py:2396} INFO - Sync 1 DAGs
[2021-12-10 08:43:04,790] {logging_mixin.py:109} INFO - [2021-12-10 08:43:04,790] {dag.py:2928} INFO - Setting next_dagrun for example_python_operator to None
[2021-12-10 08:43:04,800] {processor.py:171} INFO - Processing /home/airflow/.local/lib/python3.7/site-packages/airflow/example_dags/example_python_operator.py took 0.074 seconds
[2021-12-10 08:43:35,171] {processor.py:163} INFO - Started process (PID=2527) to work on /home/airflow/.local/lib/python3.7/site-packages/airflow/example_dags/example_python_operator.py
[2021-12-10 08:43:35,173] {processor.py:625} INFO - Processing file /home/airflow/.local/lib/python3.7/site-packages/airflow/example_dags/example_python_operator.py for tasks to queue
[2021-12-10 08:43:35,173] {logging_mixin.py:109} INFO - [2021-12-10 08:43:35,173] {dagbag.py:500} INFO - Filling up the DagBag from /home/airflow/.local/lib/python3.7/site-packages/airflow/example_dags/example_python_operator.py
[2021-12-10 08:43:35,203] {processor.py:637} INFO - DAG(s) dict_keys(['example_python_operator']) retrieved from /home/airflow/.local/lib/python3.7/site-packages/airflow/example_dags/example_python_operator.py
[2021-12-10 08:43:35,215] {logging_mixin.py:109} INFO - [2021-12-10 08:43:35,215] {dag.py:2396} INFO - Sync 1 DAGs
[2021-12-10 08:43:35,231] {logging_mixin.py:109} INFO - [2021-12-10 08:43:35,231] {dag.py:2928} INFO - Setting next_dagrun for example_python_operator to None
[2021-12-10 08:43:35,241] {processor.py:171} INFO - Processing /home/airflow/.local/lib/python3.7/site-packages/airflow/example_dags/example_python_operator.py took 0.074 seconds
[2021-12-10 08:44:05,386] {processor.py:163} INFO - Started process (PID=2579) to work on /home/airflow/.local/lib/python3.7/site-packages/airflow/example_dags/example_python_operator.py
[2021-12-10 08:44:05,388] {processor.py:625} INFO - Processing file /home/airflow/.local/lib/python3.7/site-packages/airflow/example_dags/example_python_operator.py for tasks to queue
[2021-12-10 08:44:05,389] {logging_mixin.py:109} INFO - [2021-12-10 08:44:05,388] {dagbag.py:500} INFO - Filling up the DagBag from /home/airflow/.local/lib/python3.7/site-packages/airflow/example_dags/example_python_operator.py
[2021-12-10 08:44:05,434] {processor.py:637} INFO - DAG(s) dict_keys(['example_python_operator']) retrieved from /home/airflow/.local/lib/python3.7/site-packages/airflow/example_dags/example_python_operator.py
[2021-12-10 08:44:05,444] {logging_mixin.py:109} INFO - [2021-12-10 08:44:05,444] {dag.py:2396} INFO - Sync 1 DAGs
[2021-12-10 08:44:05,461] {logging_mixin.py:109} INFO - [2021-12-10 08:44:05,461] {dag.py:2928} INFO - Setting next_dagrun for example_python_operator to None
[2021-12-10 08:44:05,471] {processor.py:171} INFO - Processing /home/airflow/.local/lib/python3.7/site-packages/airflow/example_dags/example_python_operator.py took 0.089 seconds
[2021-12-10 08:44:35,587] {processor.py:163} INFO - Started process (PID=2641) to work on /home/airflow/.local/lib/python3.7/site-packages/airflow/example_dags/example_python_operator.py
[2021-12-10 08:44:35,588] {processor.py:625} INFO - Processing file /home/airflow/.local/lib/python3.7/site-packages/airflow/example_dags/example_python_operator.py for tasks to queue
[2021-12-10 08:44:35,589] {logging_mixin.py:109} INFO - [2021-12-10 08:44:35,589] {dagbag.py:500} INFO - Filling up the DagBag from /home/airflow/.local/lib/python3.7/site-packages/airflow/example_dags/example_python_operator.py
[2021-12-10 08:44:35,617] {processor.py:637} INFO - DAG(s) dict_keys(['example_python_operator']) retrieved from /home/airflow/.local/lib/python3.7/site-packages/airflow/example_dags/example_python_operator.py
[2021-12-10 08:44:35,628] {logging_mixin.py:109} INFO - [2021-12-10 08:44:35,628] {dag.py:2396} INFO - Sync 1 DAGs
[2021-12-10 08:44:35,645] {logging_mixin.py:109} INFO - [2021-12-10 08:44:35,645] {dag.py:2928} INFO - Setting next_dagrun for example_python_operator to None
[2021-12-10 08:44:35,653] {processor.py:171} INFO - Processing /home/airflow/.local/lib/python3.7/site-packages/airflow/example_dags/example_python_operator.py took 0.070 seconds
[2021-12-10 08:45:06,652] {processor.py:163} INFO - Started process (PID=2694) to work on /home/airflow/.local/lib/python3.7/site-packages/airflow/example_dags/example_python_operator.py
[2021-12-10 08:45:06,654] {processor.py:625} INFO - Processing file /home/airflow/.local/lib/python3.7/site-packages/airflow/example_dags/example_python_operator.py for tasks to queue
[2021-12-10 08:45:06,655] {logging_mixin.py:109} INFO - [2021-12-10 08:45:06,655] {dagbag.py:500} INFO - Filling up the DagBag from /home/airflow/.local/lib/python3.7/site-packages/airflow/example_dags/example_python_operator.py
[2021-12-10 08:45:06,684] {processor.py:637} INFO - DAG(s) dict_keys(['example_python_operator']) retrieved from /home/airflow/.local/lib/python3.7/site-packages/airflow/example_dags/example_python_operator.py
[2021-12-10 08:45:06,695] {logging_mixin.py:109} INFO - [2021-12-10 08:45:06,695] {dag.py:2396} INFO - Sync 1 DAGs
[2021-12-10 08:45:06,712] {logging_mixin.py:109} INFO - [2021-12-10 08:45:06,712] {dag.py:2928} INFO - Setting next_dagrun for example_python_operator to None
[2021-12-10 08:45:06,721] {processor.py:171} INFO - Processing /home/airflow/.local/lib/python3.7/site-packages/airflow/example_dags/example_python_operator.py took 0.073 seconds
[2021-12-10 08:45:36,868] {processor.py:163} INFO - Started process (PID=2747) to work on /home/airflow/.local/lib/python3.7/site-packages/airflow/example_dags/example_python_operator.py
[2021-12-10 08:45:36,869] {processor.py:625} INFO - Processing file /home/airflow/.local/lib/python3.7/site-packages/airflow/example_dags/example_python_operator.py for tasks to queue
[2021-12-10 08:45:36,870] {logging_mixin.py:109} INFO - [2021-12-10 08:45:36,870] {dagbag.py:500} INFO - Filling up the DagBag from /home/airflow/.local/lib/python3.7/site-packages/airflow/example_dags/example_python_operator.py
[2021-12-10 08:45:36,900] {processor.py:637} INFO - DAG(s) dict_keys(['example_python_operator']) retrieved from /home/airflow/.local/lib/python3.7/site-packages/airflow/example_dags/example_python_operator.py
[2021-12-10 08:45:36,911] {logging_mixin.py:109} INFO - [2021-12-10 08:45:36,911] {dag.py:2396} INFO - Sync 1 DAGs
[2021-12-10 08:45:36,928] {logging_mixin.py:109} INFO - [2021-12-10 08:45:36,928] {dag.py:2928} INFO - Setting next_dagrun for example_python_operator to None
[2021-12-10 08:45:36,937] {processor.py:171} INFO - Processing /home/airflow/.local/lib/python3.7/site-packages/airflow/example_dags/example_python_operator.py took 0.073 seconds
[2021-12-10 08:46:07,508] {processor.py:163} INFO - Started process (PID=2808) to work on /home/airflow/.local/lib/python3.7/site-packages/airflow/example_dags/example_python_operator.py
[2021-12-10 08:46:07,510] {processor.py:625} INFO - Processing file /home/airflow/.local/lib/python3.7/site-packages/airflow/example_dags/example_python_operator.py for tasks to queue
[2021-12-10 08:46:07,510] {logging_mixin.py:109} INFO - [2021-12-10 08:46:07,510] {dagbag.py:500} INFO - Filling up the DagBag from /home/airflow/.local/lib/python3.7/site-packages/airflow/example_dags/example_python_operator.py
[2021-12-10 08:46:07,539] {processor.py:637} INFO - DAG(s) dict_keys(['example_python_operator']) retrieved from /home/airflow/.local/lib/python3.7/site-packages/airflow/example_dags/example_python_operator.py
[2021-12-10 08:46:07,550] {logging_mixin.py:109} INFO - [2021-12-10 08:46:07,550] {dag.py:2396} INFO - Sync 1 DAGs
[2021-12-10 08:46:07,568] {logging_mixin.py:109} INFO - [2021-12-10 08:46:07,567] {dag.py:2928} INFO - Setting next_dagrun for example_python_operator to None
[2021-12-10 08:46:07,686] {processor.py:171} INFO - Processing /home/airflow/.local/lib/python3.7/site-packages/airflow/example_dags/example_python_operator.py took 0.182 seconds
[2021-12-10 08:46:38,322] {processor.py:163} INFO - Started process (PID=2860) to work on /home/airflow/.local/lib/python3.7/site-packages/airflow/example_dags/example_python_operator.py
[2021-12-10 08:46:38,323] {processor.py:625} INFO - Processing file /home/airflow/.local/lib/python3.7/site-packages/airflow/example_dags/example_python_operator.py for tasks to queue
[2021-12-10 08:46:38,324] {logging_mixin.py:109} INFO - [2021-12-10 08:46:38,324] {dagbag.py:500} INFO - Filling up the DagBag from /home/airflow/.local/lib/python3.7/site-packages/airflow/example_dags/example_python_operator.py
[2021-12-10 08:46:38,356] {processor.py:637} INFO - DAG(s) dict_keys(['example_python_operator']) retrieved from /home/airflow/.local/lib/python3.7/site-packages/airflow/example_dags/example_python_operator.py
[2021-12-10 08:46:38,367] {logging_mixin.py:109} INFO - [2021-12-10 08:46:38,367] {dag.py:2396} INFO - Sync 1 DAGs
[2021-12-10 08:46:38,503] {logging_mixin.py:109} INFO - [2021-12-10 08:46:38,503] {dag.py:2928} INFO - Setting next_dagrun for example_python_operator to None
[2021-12-10 08:46:38,516] {processor.py:171} INFO - Processing /home/airflow/.local/lib/python3.7/site-packages/airflow/example_dags/example_python_operator.py took 0.199 seconds
[2021-12-10 08:47:09,194] {processor.py:163} INFO - Started process (PID=2921) to work on /home/airflow/.local/lib/python3.7/site-packages/airflow/example_dags/example_python_operator.py
[2021-12-10 08:47:09,196] {processor.py:625} INFO - Processing file /home/airflow/.local/lib/python3.7/site-packages/airflow/example_dags/example_python_operator.py for tasks to queue
[2021-12-10 08:47:09,196] {logging_mixin.py:109} INFO - [2021-12-10 08:47:09,196] {dagbag.py:500} INFO - Filling up the DagBag from /home/airflow/.local/lib/python3.7/site-packages/airflow/example_dags/example_python_operator.py
[2021-12-10 08:47:09,225] {processor.py:637} INFO - DAG(s) dict_keys(['example_python_operator']) retrieved from /home/airflow/.local/lib/python3.7/site-packages/airflow/example_dags/example_python_operator.py
[2021-12-10 08:47:09,239] {logging_mixin.py:109} INFO - [2021-12-10 08:47:09,239] {dag.py:2396} INFO - Sync 1 DAGs
[2021-12-10 08:47:09,372] {logging_mixin.py:109} INFO - [2021-12-10 08:47:09,372] {dag.py:2928} INFO - Setting next_dagrun for example_python_operator to None
[2021-12-10 08:47:09,381] {processor.py:171} INFO - Processing /home/airflow/.local/lib/python3.7/site-packages/airflow/example_dags/example_python_operator.py took 0.190 seconds
