[2021-12-10 08:23:29,027] {processor.py:163} INFO - Started process (PID=75) to work on /home/airflow/.local/lib/python3.7/site-packages/airflow/example_dags/example_trigger_target_dag.py
[2021-12-10 08:23:29,028] {processor.py:625} INFO - Processing file /home/airflow/.local/lib/python3.7/site-packages/airflow/example_dags/example_trigger_target_dag.py for tasks to queue
[2021-12-10 08:23:29,028] {logging_mixin.py:109} INFO - [2021-12-10 08:23:29,028] {dagbag.py:500} INFO - Filling up the DagBag from /home/airflow/.local/lib/python3.7/site-packages/airflow/example_dags/example_trigger_target_dag.py
[2021-12-10 08:23:29,056] {processor.py:637} INFO - DAG(s) dict_keys(['example_trigger_target_dag']) retrieved from /home/airflow/.local/lib/python3.7/site-packages/airflow/example_dags/example_trigger_target_dag.py
[2021-12-10 08:23:30,598] {logging_mixin.py:109} INFO - [2021-12-10 08:23:30,598] {providers_manager.py:156} WARNING - Exception when importing 'airflow.providers.google.leveldb.hooks.leveldb.LevelDBHook' from 'apache-airflow-providers-google' package: No module named 'plyvel'
[2021-12-10 08:23:31,113] {logging_mixin.py:109} INFO - [2021-12-10 08:23:31,113] {providers_manager.py:156} WARNING - Exception when importing 'airflow.providers.google.leveldb.hooks.leveldb.LevelDBHook' from 'apache-airflow-providers-google' package: No module named 'plyvel'
[2021-12-10 08:23:31,136] {logging_mixin.py:109} INFO - [2021-12-10 08:23:31,135] {manager.py:496} INFO - Created Permission View: can read on DAG:example_trigger_target_dag
[2021-12-10 08:23:31,145] {logging_mixin.py:109} INFO - [2021-12-10 08:23:31,145] {manager.py:496} INFO - Created Permission View: can edit on DAG:example_trigger_target_dag
[2021-12-10 08:23:31,148] {logging_mixin.py:109} INFO - [2021-12-10 08:23:31,145] {dag.py:2396} INFO - Sync 1 DAGs
[2021-12-10 08:23:31,157] {logging_mixin.py:109} INFO - [2021-12-10 08:23:31,156] {dag.py:2415} INFO - Creating ORM DAG for example_trigger_target_dag
[2021-12-10 08:23:31,166] {logging_mixin.py:109} INFO - [2021-12-10 08:23:31,166] {dag.py:2928} INFO - Setting next_dagrun for example_trigger_target_dag to None
[2021-12-10 08:23:31,179] {processor.py:171} INFO - Processing /home/airflow/.local/lib/python3.7/site-packages/airflow/example_dags/example_trigger_target_dag.py took 2.155 seconds
[2021-12-10 08:24:02,108] {processor.py:163} INFO - Started process (PID=361) to work on /home/airflow/.local/lib/python3.7/site-packages/airflow/example_dags/example_trigger_target_dag.py
[2021-12-10 08:24:02,110] {processor.py:625} INFO - Processing file /home/airflow/.local/lib/python3.7/site-packages/airflow/example_dags/example_trigger_target_dag.py for tasks to queue
[2021-12-10 08:24:02,110] {logging_mixin.py:109} INFO - [2021-12-10 08:24:02,110] {dagbag.py:500} INFO - Filling up the DagBag from /home/airflow/.local/lib/python3.7/site-packages/airflow/example_dags/example_trigger_target_dag.py
[2021-12-10 08:24:02,138] {processor.py:637} INFO - DAG(s) dict_keys(['example_trigger_target_dag']) retrieved from /home/airflow/.local/lib/python3.7/site-packages/airflow/example_dags/example_trigger_target_dag.py
[2021-12-10 08:24:02,147] {logging_mixin.py:109} INFO - [2021-12-10 08:24:02,147] {dag.py:2396} INFO - Sync 1 DAGs
[2021-12-10 08:24:02,162] {logging_mixin.py:109} INFO - [2021-12-10 08:24:02,162] {dag.py:2928} INFO - Setting next_dagrun for example_trigger_target_dag to None
[2021-12-10 08:24:02,170] {processor.py:171} INFO - Processing /home/airflow/.local/lib/python3.7/site-packages/airflow/example_dags/example_trigger_target_dag.py took 0.066 seconds
[2021-12-10 08:24:32,345] {processor.py:163} INFO - Started process (PID=413) to work on /home/airflow/.local/lib/python3.7/site-packages/airflow/example_dags/example_trigger_target_dag.py
[2021-12-10 08:24:32,346] {processor.py:625} INFO - Processing file /home/airflow/.local/lib/python3.7/site-packages/airflow/example_dags/example_trigger_target_dag.py for tasks to queue
[2021-12-10 08:24:32,347] {logging_mixin.py:109} INFO - [2021-12-10 08:24:32,347] {dagbag.py:500} INFO - Filling up the DagBag from /home/airflow/.local/lib/python3.7/site-packages/airflow/example_dags/example_trigger_target_dag.py
[2021-12-10 08:24:32,374] {processor.py:637} INFO - DAG(s) dict_keys(['example_trigger_target_dag']) retrieved from /home/airflow/.local/lib/python3.7/site-packages/airflow/example_dags/example_trigger_target_dag.py
[2021-12-10 08:24:32,383] {logging_mixin.py:109} INFO - [2021-12-10 08:24:32,383] {dag.py:2396} INFO - Sync 1 DAGs
[2021-12-10 08:24:32,399] {logging_mixin.py:109} INFO - [2021-12-10 08:24:32,399] {dag.py:2928} INFO - Setting next_dagrun for example_trigger_target_dag to None
[2021-12-10 08:24:32,408] {processor.py:171} INFO - Processing /home/airflow/.local/lib/python3.7/site-packages/airflow/example_dags/example_trigger_target_dag.py took 0.066 seconds
[2021-12-10 08:25:02,727] {processor.py:163} INFO - Started process (PID=474) to work on /home/airflow/.local/lib/python3.7/site-packages/airflow/example_dags/example_trigger_target_dag.py
[2021-12-10 08:25:02,729] {processor.py:625} INFO - Processing file /home/airflow/.local/lib/python3.7/site-packages/airflow/example_dags/example_trigger_target_dag.py for tasks to queue
[2021-12-10 08:25:02,729] {logging_mixin.py:109} INFO - [2021-12-10 08:25:02,729] {dagbag.py:500} INFO - Filling up the DagBag from /home/airflow/.local/lib/python3.7/site-packages/airflow/example_dags/example_trigger_target_dag.py
[2021-12-10 08:25:02,758] {processor.py:637} INFO - DAG(s) dict_keys(['example_trigger_target_dag']) retrieved from /home/airflow/.local/lib/python3.7/site-packages/airflow/example_dags/example_trigger_target_dag.py
[2021-12-10 08:25:02,769] {logging_mixin.py:109} INFO - [2021-12-10 08:25:02,769] {dag.py:2396} INFO - Sync 1 DAGs
[2021-12-10 08:25:02,789] {logging_mixin.py:109} INFO - [2021-12-10 08:25:02,789] {dag.py:2928} INFO - Setting next_dagrun for example_trigger_target_dag to None
[2021-12-10 08:25:02,800] {processor.py:171} INFO - Processing /home/airflow/.local/lib/python3.7/site-packages/airflow/example_dags/example_trigger_target_dag.py took 0.076 seconds
[2021-12-10 08:25:33,161] {processor.py:163} INFO - Started process (PID=527) to work on /home/airflow/.local/lib/python3.7/site-packages/airflow/example_dags/example_trigger_target_dag.py
[2021-12-10 08:25:33,163] {processor.py:625} INFO - Processing file /home/airflow/.local/lib/python3.7/site-packages/airflow/example_dags/example_trigger_target_dag.py for tasks to queue
[2021-12-10 08:25:33,163] {logging_mixin.py:109} INFO - [2021-12-10 08:25:33,163] {dagbag.py:500} INFO - Filling up the DagBag from /home/airflow/.local/lib/python3.7/site-packages/airflow/example_dags/example_trigger_target_dag.py
[2021-12-10 08:25:33,196] {processor.py:637} INFO - DAG(s) dict_keys(['example_trigger_target_dag']) retrieved from /home/airflow/.local/lib/python3.7/site-packages/airflow/example_dags/example_trigger_target_dag.py
[2021-12-10 08:25:33,206] {logging_mixin.py:109} INFO - [2021-12-10 08:25:33,206] {dag.py:2396} INFO - Sync 1 DAGs
[2021-12-10 08:25:33,223] {logging_mixin.py:109} INFO - [2021-12-10 08:25:33,223] {dag.py:2928} INFO - Setting next_dagrun for example_trigger_target_dag to None
[2021-12-10 08:25:33,232] {processor.py:171} INFO - Processing /home/airflow/.local/lib/python3.7/site-packages/airflow/example_dags/example_trigger_target_dag.py took 0.076 seconds
[2021-12-10 08:26:03,639] {processor.py:163} INFO - Started process (PID=589) to work on /home/airflow/.local/lib/python3.7/site-packages/airflow/example_dags/example_trigger_target_dag.py
[2021-12-10 08:26:03,641] {processor.py:625} INFO - Processing file /home/airflow/.local/lib/python3.7/site-packages/airflow/example_dags/example_trigger_target_dag.py for tasks to queue
[2021-12-10 08:26:03,641] {logging_mixin.py:109} INFO - [2021-12-10 08:26:03,641] {dagbag.py:500} INFO - Filling up the DagBag from /home/airflow/.local/lib/python3.7/site-packages/airflow/example_dags/example_trigger_target_dag.py
[2021-12-10 08:26:03,671] {processor.py:637} INFO - DAG(s) dict_keys(['example_trigger_target_dag']) retrieved from /home/airflow/.local/lib/python3.7/site-packages/airflow/example_dags/example_trigger_target_dag.py
[2021-12-10 08:26:03,681] {logging_mixin.py:109} INFO - [2021-12-10 08:26:03,681] {dag.py:2396} INFO - Sync 1 DAGs
[2021-12-10 08:26:03,698] {logging_mixin.py:109} INFO - [2021-12-10 08:26:03,698] {dag.py:2928} INFO - Setting next_dagrun for example_trigger_target_dag to None
[2021-12-10 08:26:03,708] {processor.py:171} INFO - Processing /home/airflow/.local/lib/python3.7/site-packages/airflow/example_dags/example_trigger_target_dag.py took 0.072 seconds
[2021-12-10 08:26:33,785] {processor.py:163} INFO - Started process (PID=641) to work on /home/airflow/.local/lib/python3.7/site-packages/airflow/example_dags/example_trigger_target_dag.py
[2021-12-10 08:26:33,787] {processor.py:625} INFO - Processing file /home/airflow/.local/lib/python3.7/site-packages/airflow/example_dags/example_trigger_target_dag.py for tasks to queue
[2021-12-10 08:26:33,787] {logging_mixin.py:109} INFO - [2021-12-10 08:26:33,787] {dagbag.py:500} INFO - Filling up the DagBag from /home/airflow/.local/lib/python3.7/site-packages/airflow/example_dags/example_trigger_target_dag.py
[2021-12-10 08:26:33,821] {processor.py:637} INFO - DAG(s) dict_keys(['example_trigger_target_dag']) retrieved from /home/airflow/.local/lib/python3.7/site-packages/airflow/example_dags/example_trigger_target_dag.py
[2021-12-10 08:26:33,830] {logging_mixin.py:109} INFO - [2021-12-10 08:26:33,830] {dag.py:2396} INFO - Sync 1 DAGs
[2021-12-10 08:26:33,846] {logging_mixin.py:109} INFO - [2021-12-10 08:26:33,846] {dag.py:2928} INFO - Setting next_dagrun for example_trigger_target_dag to None
[2021-12-10 08:26:33,855] {processor.py:171} INFO - Processing /home/airflow/.local/lib/python3.7/site-packages/airflow/example_dags/example_trigger_target_dag.py took 0.074 seconds
[2021-12-10 08:27:03,960] {processor.py:163} INFO - Started process (PID=696) to work on /home/airflow/.local/lib/python3.7/site-packages/airflow/example_dags/example_trigger_target_dag.py
[2021-12-10 08:27:03,961] {processor.py:625} INFO - Processing file /home/airflow/.local/lib/python3.7/site-packages/airflow/example_dags/example_trigger_target_dag.py for tasks to queue
[2021-12-10 08:27:03,962] {logging_mixin.py:109} INFO - [2021-12-10 08:27:03,962] {dagbag.py:500} INFO - Filling up the DagBag from /home/airflow/.local/lib/python3.7/site-packages/airflow/example_dags/example_trigger_target_dag.py
[2021-12-10 08:27:03,991] {processor.py:637} INFO - DAG(s) dict_keys(['example_trigger_target_dag']) retrieved from /home/airflow/.local/lib/python3.7/site-packages/airflow/example_dags/example_trigger_target_dag.py
[2021-12-10 08:27:04,001] {logging_mixin.py:109} INFO - [2021-12-10 08:27:04,001] {dag.py:2396} INFO - Sync 1 DAGs
[2021-12-10 08:27:04,018] {logging_mixin.py:109} INFO - [2021-12-10 08:27:04,018] {dag.py:2928} INFO - Setting next_dagrun for example_trigger_target_dag to None
[2021-12-10 08:27:04,027] {processor.py:171} INFO - Processing /home/airflow/.local/lib/python3.7/site-packages/airflow/example_dags/example_trigger_target_dag.py took 0.071 seconds
[2021-12-10 08:27:34,181] {processor.py:163} INFO - Started process (PID=758) to work on /home/airflow/.local/lib/python3.7/site-packages/airflow/example_dags/example_trigger_target_dag.py
[2021-12-10 08:27:34,183] {processor.py:625} INFO - Processing file /home/airflow/.local/lib/python3.7/site-packages/airflow/example_dags/example_trigger_target_dag.py for tasks to queue
[2021-12-10 08:27:34,183] {logging_mixin.py:109} INFO - [2021-12-10 08:27:34,183] {dagbag.py:500} INFO - Filling up the DagBag from /home/airflow/.local/lib/python3.7/site-packages/airflow/example_dags/example_trigger_target_dag.py
[2021-12-10 08:27:34,214] {processor.py:637} INFO - DAG(s) dict_keys(['example_trigger_target_dag']) retrieved from /home/airflow/.local/lib/python3.7/site-packages/airflow/example_dags/example_trigger_target_dag.py
[2021-12-10 08:27:34,224] {logging_mixin.py:109} INFO - [2021-12-10 08:27:34,224] {dag.py:2396} INFO - Sync 1 DAGs
[2021-12-10 08:27:34,244] {logging_mixin.py:109} INFO - [2021-12-10 08:27:34,244] {dag.py:2928} INFO - Setting next_dagrun for example_trigger_target_dag to None
[2021-12-10 08:27:34,254] {processor.py:171} INFO - Processing /home/airflow/.local/lib/python3.7/site-packages/airflow/example_dags/example_trigger_target_dag.py took 0.077 seconds
[2021-12-10 08:28:04,339] {processor.py:163} INFO - Started process (PID=809) to work on /home/airflow/.local/lib/python3.7/site-packages/airflow/example_dags/example_trigger_target_dag.py
[2021-12-10 08:28:04,341] {processor.py:625} INFO - Processing file /home/airflow/.local/lib/python3.7/site-packages/airflow/example_dags/example_trigger_target_dag.py for tasks to queue
[2021-12-10 08:28:04,341] {logging_mixin.py:109} INFO - [2021-12-10 08:28:04,341] {dagbag.py:500} INFO - Filling up the DagBag from /home/airflow/.local/lib/python3.7/site-packages/airflow/example_dags/example_trigger_target_dag.py
[2021-12-10 08:28:04,373] {processor.py:637} INFO - DAG(s) dict_keys(['example_trigger_target_dag']) retrieved from /home/airflow/.local/lib/python3.7/site-packages/airflow/example_dags/example_trigger_target_dag.py
[2021-12-10 08:28:04,383] {logging_mixin.py:109} INFO - [2021-12-10 08:28:04,383] {dag.py:2396} INFO - Sync 1 DAGs
[2021-12-10 08:28:04,400] {logging_mixin.py:109} INFO - [2021-12-10 08:28:04,400] {dag.py:2928} INFO - Setting next_dagrun for example_trigger_target_dag to None
[2021-12-10 08:28:04,410] {processor.py:171} INFO - Processing /home/airflow/.local/lib/python3.7/site-packages/airflow/example_dags/example_trigger_target_dag.py took 0.074 seconds
[2021-12-10 08:28:34,590] {processor.py:163} INFO - Started process (PID=861) to work on /home/airflow/.local/lib/python3.7/site-packages/airflow/example_dags/example_trigger_target_dag.py
[2021-12-10 08:28:34,592] {processor.py:625} INFO - Processing file /home/airflow/.local/lib/python3.7/site-packages/airflow/example_dags/example_trigger_target_dag.py for tasks to queue
[2021-12-10 08:28:34,593] {logging_mixin.py:109} INFO - [2021-12-10 08:28:34,592] {dagbag.py:500} INFO - Filling up the DagBag from /home/airflow/.local/lib/python3.7/site-packages/airflow/example_dags/example_trigger_target_dag.py
[2021-12-10 08:28:34,626] {processor.py:637} INFO - DAG(s) dict_keys(['example_trigger_target_dag']) retrieved from /home/airflow/.local/lib/python3.7/site-packages/airflow/example_dags/example_trigger_target_dag.py
[2021-12-10 08:28:34,637] {logging_mixin.py:109} INFO - [2021-12-10 08:28:34,636] {dag.py:2396} INFO - Sync 1 DAGs
[2021-12-10 08:28:34,654] {logging_mixin.py:109} INFO - [2021-12-10 08:28:34,654] {dag.py:2928} INFO - Setting next_dagrun for example_trigger_target_dag to None
[2021-12-10 08:28:34,664] {processor.py:171} INFO - Processing /home/airflow/.local/lib/python3.7/site-packages/airflow/example_dags/example_trigger_target_dag.py took 0.078 seconds
[2021-12-10 08:29:04,853] {processor.py:163} INFO - Started process (PID=922) to work on /home/airflow/.local/lib/python3.7/site-packages/airflow/example_dags/example_trigger_target_dag.py
[2021-12-10 08:29:04,854] {processor.py:625} INFO - Processing file /home/airflow/.local/lib/python3.7/site-packages/airflow/example_dags/example_trigger_target_dag.py for tasks to queue
[2021-12-10 08:29:04,855] {logging_mixin.py:109} INFO - [2021-12-10 08:29:04,855] {dagbag.py:500} INFO - Filling up the DagBag from /home/airflow/.local/lib/python3.7/site-packages/airflow/example_dags/example_trigger_target_dag.py
[2021-12-10 08:29:04,884] {processor.py:637} INFO - DAG(s) dict_keys(['example_trigger_target_dag']) retrieved from /home/airflow/.local/lib/python3.7/site-packages/airflow/example_dags/example_trigger_target_dag.py
[2021-12-10 08:29:04,895] {logging_mixin.py:109} INFO - [2021-12-10 08:29:04,895] {dag.py:2396} INFO - Sync 1 DAGs
[2021-12-10 08:29:04,915] {logging_mixin.py:109} INFO - [2021-12-10 08:29:04,915] {dag.py:2928} INFO - Setting next_dagrun for example_trigger_target_dag to None
[2021-12-10 08:29:04,925] {processor.py:171} INFO - Processing /home/airflow/.local/lib/python3.7/site-packages/airflow/example_dags/example_trigger_target_dag.py took 0.075 seconds
[2021-12-10 08:29:34,975] {processor.py:163} INFO - Started process (PID=974) to work on /home/airflow/.local/lib/python3.7/site-packages/airflow/example_dags/example_trigger_target_dag.py
[2021-12-10 08:29:34,977] {processor.py:625} INFO - Processing file /home/airflow/.local/lib/python3.7/site-packages/airflow/example_dags/example_trigger_target_dag.py for tasks to queue
[2021-12-10 08:29:34,977] {logging_mixin.py:109} INFO - [2021-12-10 08:29:34,977] {dagbag.py:500} INFO - Filling up the DagBag from /home/airflow/.local/lib/python3.7/site-packages/airflow/example_dags/example_trigger_target_dag.py
[2021-12-10 08:29:35,005] {processor.py:637} INFO - DAG(s) dict_keys(['example_trigger_target_dag']) retrieved from /home/airflow/.local/lib/python3.7/site-packages/airflow/example_dags/example_trigger_target_dag.py
[2021-12-10 08:29:35,015] {logging_mixin.py:109} INFO - [2021-12-10 08:29:35,015] {dag.py:2396} INFO - Sync 1 DAGs
[2021-12-10 08:29:35,033] {logging_mixin.py:109} INFO - [2021-12-10 08:29:35,033] {dag.py:2928} INFO - Setting next_dagrun for example_trigger_target_dag to None
[2021-12-10 08:29:35,044] {processor.py:171} INFO - Processing /home/airflow/.local/lib/python3.7/site-packages/airflow/example_dags/example_trigger_target_dag.py took 0.073 seconds
[2021-12-10 08:30:05,182] {processor.py:163} INFO - Started process (PID=1036) to work on /home/airflow/.local/lib/python3.7/site-packages/airflow/example_dags/example_trigger_target_dag.py
[2021-12-10 08:30:05,183] {processor.py:625} INFO - Processing file /home/airflow/.local/lib/python3.7/site-packages/airflow/example_dags/example_trigger_target_dag.py for tasks to queue
[2021-12-10 08:30:05,184] {logging_mixin.py:109} INFO - [2021-12-10 08:30:05,184] {dagbag.py:500} INFO - Filling up the DagBag from /home/airflow/.local/lib/python3.7/site-packages/airflow/example_dags/example_trigger_target_dag.py
[2021-12-10 08:30:05,221] {processor.py:637} INFO - DAG(s) dict_keys(['example_trigger_target_dag']) retrieved from /home/airflow/.local/lib/python3.7/site-packages/airflow/example_dags/example_trigger_target_dag.py
[2021-12-10 08:30:05,237] {logging_mixin.py:109} INFO - [2021-12-10 08:30:05,237] {dag.py:2396} INFO - Sync 1 DAGs
[2021-12-10 08:30:05,259] {logging_mixin.py:109} INFO - [2021-12-10 08:30:05,258] {dag.py:2928} INFO - Setting next_dagrun for example_trigger_target_dag to None
[2021-12-10 08:30:05,272] {processor.py:171} INFO - Processing /home/airflow/.local/lib/python3.7/site-packages/airflow/example_dags/example_trigger_target_dag.py took 0.094 seconds
[2021-12-10 08:30:35,371] {processor.py:163} INFO - Started process (PID=1089) to work on /home/airflow/.local/lib/python3.7/site-packages/airflow/example_dags/example_trigger_target_dag.py
[2021-12-10 08:30:35,373] {processor.py:625} INFO - Processing file /home/airflow/.local/lib/python3.7/site-packages/airflow/example_dags/example_trigger_target_dag.py for tasks to queue
[2021-12-10 08:30:35,374] {logging_mixin.py:109} INFO - [2021-12-10 08:30:35,374] {dagbag.py:500} INFO - Filling up the DagBag from /home/airflow/.local/lib/python3.7/site-packages/airflow/example_dags/example_trigger_target_dag.py
[2021-12-10 08:30:35,402] {processor.py:637} INFO - DAG(s) dict_keys(['example_trigger_target_dag']) retrieved from /home/airflow/.local/lib/python3.7/site-packages/airflow/example_dags/example_trigger_target_dag.py
[2021-12-10 08:30:35,412] {logging_mixin.py:109} INFO - [2021-12-10 08:30:35,412] {dag.py:2396} INFO - Sync 1 DAGs
[2021-12-10 08:30:35,429] {logging_mixin.py:109} INFO - [2021-12-10 08:30:35,429] {dag.py:2928} INFO - Setting next_dagrun for example_trigger_target_dag to None
[2021-12-10 08:30:35,439] {processor.py:171} INFO - Processing /home/airflow/.local/lib/python3.7/site-packages/airflow/example_dags/example_trigger_target_dag.py took 0.071 seconds
[2021-12-10 08:31:05,742] {processor.py:163} INFO - Started process (PID=1141) to work on /home/airflow/.local/lib/python3.7/site-packages/airflow/example_dags/example_trigger_target_dag.py
[2021-12-10 08:31:05,744] {processor.py:625} INFO - Processing file /home/airflow/.local/lib/python3.7/site-packages/airflow/example_dags/example_trigger_target_dag.py for tasks to queue
[2021-12-10 08:31:05,744] {logging_mixin.py:109} INFO - [2021-12-10 08:31:05,744] {dagbag.py:500} INFO - Filling up the DagBag from /home/airflow/.local/lib/python3.7/site-packages/airflow/example_dags/example_trigger_target_dag.py
[2021-12-10 08:31:05,774] {processor.py:637} INFO - DAG(s) dict_keys(['example_trigger_target_dag']) retrieved from /home/airflow/.local/lib/python3.7/site-packages/airflow/example_dags/example_trigger_target_dag.py
[2021-12-10 08:31:05,784] {logging_mixin.py:109} INFO - [2021-12-10 08:31:05,784] {dag.py:2396} INFO - Sync 1 DAGs
[2021-12-10 08:31:05,804] {logging_mixin.py:109} INFO - [2021-12-10 08:31:05,804] {dag.py:2928} INFO - Setting next_dagrun for example_trigger_target_dag to None
[2021-12-10 08:31:05,814] {processor.py:171} INFO - Processing /home/airflow/.local/lib/python3.7/site-packages/airflow/example_dags/example_trigger_target_dag.py took 0.076 seconds
[2021-12-10 08:31:35,956] {processor.py:163} INFO - Started process (PID=1203) to work on /home/airflow/.local/lib/python3.7/site-packages/airflow/example_dags/example_trigger_target_dag.py
[2021-12-10 08:31:35,957] {processor.py:625} INFO - Processing file /home/airflow/.local/lib/python3.7/site-packages/airflow/example_dags/example_trigger_target_dag.py for tasks to queue
[2021-12-10 08:31:35,958] {logging_mixin.py:109} INFO - [2021-12-10 08:31:35,958] {dagbag.py:500} INFO - Filling up the DagBag from /home/airflow/.local/lib/python3.7/site-packages/airflow/example_dags/example_trigger_target_dag.py
[2021-12-10 08:31:35,990] {processor.py:637} INFO - DAG(s) dict_keys(['example_trigger_target_dag']) retrieved from /home/airflow/.local/lib/python3.7/site-packages/airflow/example_dags/example_trigger_target_dag.py
[2021-12-10 08:31:36,002] {logging_mixin.py:109} INFO - [2021-12-10 08:31:36,002] {dag.py:2396} INFO - Sync 1 DAGs
[2021-12-10 08:31:36,021] {logging_mixin.py:109} INFO - [2021-12-10 08:31:36,020] {dag.py:2928} INFO - Setting next_dagrun for example_trigger_target_dag to None
[2021-12-10 08:31:36,031] {processor.py:171} INFO - Processing /home/airflow/.local/lib/python3.7/site-packages/airflow/example_dags/example_trigger_target_dag.py took 0.080 seconds
[2021-12-10 08:32:06,323] {processor.py:163} INFO - Started process (PID=1256) to work on /home/airflow/.local/lib/python3.7/site-packages/airflow/example_dags/example_trigger_target_dag.py
[2021-12-10 08:32:06,325] {processor.py:625} INFO - Processing file /home/airflow/.local/lib/python3.7/site-packages/airflow/example_dags/example_trigger_target_dag.py for tasks to queue
[2021-12-10 08:32:06,325] {logging_mixin.py:109} INFO - [2021-12-10 08:32:06,325] {dagbag.py:500} INFO - Filling up the DagBag from /home/airflow/.local/lib/python3.7/site-packages/airflow/example_dags/example_trigger_target_dag.py
[2021-12-10 08:32:06,354] {processor.py:637} INFO - DAG(s) dict_keys(['example_trigger_target_dag']) retrieved from /home/airflow/.local/lib/python3.7/site-packages/airflow/example_dags/example_trigger_target_dag.py
[2021-12-10 08:32:06,364] {logging_mixin.py:109} INFO - [2021-12-10 08:32:06,364] {dag.py:2396} INFO - Sync 1 DAGs
[2021-12-10 08:32:06,381] {logging_mixin.py:109} INFO - [2021-12-10 08:32:06,381] {dag.py:2928} INFO - Setting next_dagrun for example_trigger_target_dag to None
[2021-12-10 08:32:06,391] {processor.py:171} INFO - Processing /home/airflow/.local/lib/python3.7/site-packages/airflow/example_dags/example_trigger_target_dag.py took 0.072 seconds
[2021-12-10 08:32:36,811] {processor.py:163} INFO - Started process (PID=1318) to work on /home/airflow/.local/lib/python3.7/site-packages/airflow/example_dags/example_trigger_target_dag.py
[2021-12-10 08:32:36,813] {processor.py:625} INFO - Processing file /home/airflow/.local/lib/python3.7/site-packages/airflow/example_dags/example_trigger_target_dag.py for tasks to queue
[2021-12-10 08:32:36,813] {logging_mixin.py:109} INFO - [2021-12-10 08:32:36,813] {dagbag.py:500} INFO - Filling up the DagBag from /home/airflow/.local/lib/python3.7/site-packages/airflow/example_dags/example_trigger_target_dag.py
[2021-12-10 08:32:36,843] {processor.py:637} INFO - DAG(s) dict_keys(['example_trigger_target_dag']) retrieved from /home/airflow/.local/lib/python3.7/site-packages/airflow/example_dags/example_trigger_target_dag.py
[2021-12-10 08:32:36,853] {logging_mixin.py:109} INFO - [2021-12-10 08:32:36,853] {dag.py:2396} INFO - Sync 1 DAGs
[2021-12-10 08:32:36,871] {logging_mixin.py:109} INFO - [2021-12-10 08:32:36,871] {dag.py:2928} INFO - Setting next_dagrun for example_trigger_target_dag to None
[2021-12-10 08:32:36,880] {processor.py:171} INFO - Processing /home/airflow/.local/lib/python3.7/site-packages/airflow/example_dags/example_trigger_target_dag.py took 0.072 seconds
[2021-12-10 08:33:06,958] {processor.py:163} INFO - Started process (PID=1370) to work on /home/airflow/.local/lib/python3.7/site-packages/airflow/example_dags/example_trigger_target_dag.py
[2021-12-10 08:33:06,960] {processor.py:625} INFO - Processing file /home/airflow/.local/lib/python3.7/site-packages/airflow/example_dags/example_trigger_target_dag.py for tasks to queue
[2021-12-10 08:33:06,960] {logging_mixin.py:109} INFO - [2021-12-10 08:33:06,960] {dagbag.py:500} INFO - Filling up the DagBag from /home/airflow/.local/lib/python3.7/site-packages/airflow/example_dags/example_trigger_target_dag.py
[2021-12-10 08:33:06,990] {processor.py:637} INFO - DAG(s) dict_keys(['example_trigger_target_dag']) retrieved from /home/airflow/.local/lib/python3.7/site-packages/airflow/example_dags/example_trigger_target_dag.py
[2021-12-10 08:33:07,001] {logging_mixin.py:109} INFO - [2021-12-10 08:33:07,000] {dag.py:2396} INFO - Sync 1 DAGs
[2021-12-10 08:33:07,018] {logging_mixin.py:109} INFO - [2021-12-10 08:33:07,018] {dag.py:2928} INFO - Setting next_dagrun for example_trigger_target_dag to None
[2021-12-10 08:33:07,027] {processor.py:171} INFO - Processing /home/airflow/.local/lib/python3.7/site-packages/airflow/example_dags/example_trigger_target_dag.py took 0.072 seconds
[2021-12-10 08:33:37,157] {processor.py:163} INFO - Started process (PID=1421) to work on /home/airflow/.local/lib/python3.7/site-packages/airflow/example_dags/example_trigger_target_dag.py
[2021-12-10 08:33:37,158] {processor.py:625} INFO - Processing file /home/airflow/.local/lib/python3.7/site-packages/airflow/example_dags/example_trigger_target_dag.py for tasks to queue
[2021-12-10 08:33:37,159] {logging_mixin.py:109} INFO - [2021-12-10 08:33:37,159] {dagbag.py:500} INFO - Filling up the DagBag from /home/airflow/.local/lib/python3.7/site-packages/airflow/example_dags/example_trigger_target_dag.py
[2021-12-10 08:33:37,188] {processor.py:637} INFO - DAG(s) dict_keys(['example_trigger_target_dag']) retrieved from /home/airflow/.local/lib/python3.7/site-packages/airflow/example_dags/example_trigger_target_dag.py
[2021-12-10 08:33:37,198] {logging_mixin.py:109} INFO - [2021-12-10 08:33:37,198] {dag.py:2396} INFO - Sync 1 DAGs
[2021-12-10 08:33:37,215] {logging_mixin.py:109} INFO - [2021-12-10 08:33:37,214] {dag.py:2928} INFO - Setting next_dagrun for example_trigger_target_dag to None
[2021-12-10 08:33:37,224] {processor.py:171} INFO - Processing /home/airflow/.local/lib/python3.7/site-packages/airflow/example_dags/example_trigger_target_dag.py took 0.070 seconds
[2021-12-10 08:34:07,942] {processor.py:163} INFO - Started process (PID=1482) to work on /home/airflow/.local/lib/python3.7/site-packages/airflow/example_dags/example_trigger_target_dag.py
[2021-12-10 08:34:07,944] {processor.py:625} INFO - Processing file /home/airflow/.local/lib/python3.7/site-packages/airflow/example_dags/example_trigger_target_dag.py for tasks to queue
[2021-12-10 08:34:07,944] {logging_mixin.py:109} INFO - [2021-12-10 08:34:07,944] {dagbag.py:500} INFO - Filling up the DagBag from /home/airflow/.local/lib/python3.7/site-packages/airflow/example_dags/example_trigger_target_dag.py
[2021-12-10 08:34:07,972] {processor.py:637} INFO - DAG(s) dict_keys(['example_trigger_target_dag']) retrieved from /home/airflow/.local/lib/python3.7/site-packages/airflow/example_dags/example_trigger_target_dag.py
[2021-12-10 08:34:07,982] {logging_mixin.py:109} INFO - [2021-12-10 08:34:07,982] {dag.py:2396} INFO - Sync 1 DAGs
[2021-12-10 08:34:07,998] {logging_mixin.py:109} INFO - [2021-12-10 08:34:07,997] {dag.py:2928} INFO - Setting next_dagrun for example_trigger_target_dag to None
[2021-12-10 08:34:08,006] {processor.py:171} INFO - Processing /home/airflow/.local/lib/python3.7/site-packages/airflow/example_dags/example_trigger_target_dag.py took 0.067 seconds
[2021-12-10 08:34:38,389] {processor.py:163} INFO - Started process (PID=1534) to work on /home/airflow/.local/lib/python3.7/site-packages/airflow/example_dags/example_trigger_target_dag.py
[2021-12-10 08:34:38,391] {processor.py:625} INFO - Processing file /home/airflow/.local/lib/python3.7/site-packages/airflow/example_dags/example_trigger_target_dag.py for tasks to queue
[2021-12-10 08:34:38,391] {logging_mixin.py:109} INFO - [2021-12-10 08:34:38,391] {dagbag.py:500} INFO - Filling up the DagBag from /home/airflow/.local/lib/python3.7/site-packages/airflow/example_dags/example_trigger_target_dag.py
[2021-12-10 08:34:38,422] {processor.py:637} INFO - DAG(s) dict_keys(['example_trigger_target_dag']) retrieved from /home/airflow/.local/lib/python3.7/site-packages/airflow/example_dags/example_trigger_target_dag.py
[2021-12-10 08:34:38,432] {logging_mixin.py:109} INFO - [2021-12-10 08:34:38,432] {dag.py:2396} INFO - Sync 1 DAGs
[2021-12-10 08:34:38,449] {logging_mixin.py:109} INFO - [2021-12-10 08:34:38,449] {dag.py:2928} INFO - Setting next_dagrun for example_trigger_target_dag to None
[2021-12-10 08:34:38,459] {processor.py:171} INFO - Processing /home/airflow/.local/lib/python3.7/site-packages/airflow/example_dags/example_trigger_target_dag.py took 0.073 seconds
[2021-12-10 08:35:08,622] {processor.py:163} INFO - Started process (PID=1596) to work on /home/airflow/.local/lib/python3.7/site-packages/airflow/example_dags/example_trigger_target_dag.py
[2021-12-10 08:35:08,623] {processor.py:625} INFO - Processing file /home/airflow/.local/lib/python3.7/site-packages/airflow/example_dags/example_trigger_target_dag.py for tasks to queue
[2021-12-10 08:35:08,624] {logging_mixin.py:109} INFO - [2021-12-10 08:35:08,624] {dagbag.py:500} INFO - Filling up the DagBag from /home/airflow/.local/lib/python3.7/site-packages/airflow/example_dags/example_trigger_target_dag.py
[2021-12-10 08:35:08,652] {processor.py:637} INFO - DAG(s) dict_keys(['example_trigger_target_dag']) retrieved from /home/airflow/.local/lib/python3.7/site-packages/airflow/example_dags/example_trigger_target_dag.py
[2021-12-10 08:35:08,661] {logging_mixin.py:109} INFO - [2021-12-10 08:35:08,661] {dag.py:2396} INFO - Sync 1 DAGs
[2021-12-10 08:35:08,677] {logging_mixin.py:109} INFO - [2021-12-10 08:35:08,677] {dag.py:2928} INFO - Setting next_dagrun for example_trigger_target_dag to None
[2021-12-10 08:35:08,686] {processor.py:171} INFO - Processing /home/airflow/.local/lib/python3.7/site-packages/airflow/example_dags/example_trigger_target_dag.py took 0.068 seconds
[2021-12-10 08:35:39,126] {processor.py:163} INFO - Started process (PID=1649) to work on /home/airflow/.local/lib/python3.7/site-packages/airflow/example_dags/example_trigger_target_dag.py
[2021-12-10 08:35:39,127] {processor.py:625} INFO - Processing file /home/airflow/.local/lib/python3.7/site-packages/airflow/example_dags/example_trigger_target_dag.py for tasks to queue
[2021-12-10 08:35:39,128] {logging_mixin.py:109} INFO - [2021-12-10 08:35:39,128] {dagbag.py:500} INFO - Filling up the DagBag from /home/airflow/.local/lib/python3.7/site-packages/airflow/example_dags/example_trigger_target_dag.py
[2021-12-10 08:35:39,158] {processor.py:637} INFO - DAG(s) dict_keys(['example_trigger_target_dag']) retrieved from /home/airflow/.local/lib/python3.7/site-packages/airflow/example_dags/example_trigger_target_dag.py
[2021-12-10 08:35:39,168] {logging_mixin.py:109} INFO - [2021-12-10 08:35:39,168] {dag.py:2396} INFO - Sync 1 DAGs
[2021-12-10 08:35:39,183] {logging_mixin.py:109} INFO - [2021-12-10 08:35:39,183] {dag.py:2928} INFO - Setting next_dagrun for example_trigger_target_dag to None
[2021-12-10 08:35:39,193] {processor.py:171} INFO - Processing /home/airflow/.local/lib/python3.7/site-packages/airflow/example_dags/example_trigger_target_dag.py took 0.071 seconds
[2021-12-10 08:36:09,331] {processor.py:163} INFO - Started process (PID=1702) to work on /home/airflow/.local/lib/python3.7/site-packages/airflow/example_dags/example_trigger_target_dag.py
[2021-12-10 08:36:09,333] {processor.py:625} INFO - Processing file /home/airflow/.local/lib/python3.7/site-packages/airflow/example_dags/example_trigger_target_dag.py for tasks to queue
[2021-12-10 08:36:09,333] {logging_mixin.py:109} INFO - [2021-12-10 08:36:09,333] {dagbag.py:500} INFO - Filling up the DagBag from /home/airflow/.local/lib/python3.7/site-packages/airflow/example_dags/example_trigger_target_dag.py
[2021-12-10 08:36:09,363] {processor.py:637} INFO - DAG(s) dict_keys(['example_trigger_target_dag']) retrieved from /home/airflow/.local/lib/python3.7/site-packages/airflow/example_dags/example_trigger_target_dag.py
[2021-12-10 08:36:09,375] {logging_mixin.py:109} INFO - [2021-12-10 08:36:09,375] {dag.py:2396} INFO - Sync 1 DAGs
[2021-12-10 08:36:09,394] {logging_mixin.py:109} INFO - [2021-12-10 08:36:09,394] {dag.py:2928} INFO - Setting next_dagrun for example_trigger_target_dag to None
[2021-12-10 08:36:09,404] {processor.py:171} INFO - Processing /home/airflow/.local/lib/python3.7/site-packages/airflow/example_dags/example_trigger_target_dag.py took 0.077 seconds
[2021-12-10 08:36:39,740] {processor.py:163} INFO - Started process (PID=1764) to work on /home/airflow/.local/lib/python3.7/site-packages/airflow/example_dags/example_trigger_target_dag.py
[2021-12-10 08:36:39,742] {processor.py:625} INFO - Processing file /home/airflow/.local/lib/python3.7/site-packages/airflow/example_dags/example_trigger_target_dag.py for tasks to queue
[2021-12-10 08:36:39,742] {logging_mixin.py:109} INFO - [2021-12-10 08:36:39,742] {dagbag.py:500} INFO - Filling up the DagBag from /home/airflow/.local/lib/python3.7/site-packages/airflow/example_dags/example_trigger_target_dag.py
[2021-12-10 08:36:39,772] {processor.py:637} INFO - DAG(s) dict_keys(['example_trigger_target_dag']) retrieved from /home/airflow/.local/lib/python3.7/site-packages/airflow/example_dags/example_trigger_target_dag.py
[2021-12-10 08:36:39,782] {logging_mixin.py:109} INFO - [2021-12-10 08:36:39,782] {dag.py:2396} INFO - Sync 1 DAGs
[2021-12-10 08:36:39,800] {logging_mixin.py:109} INFO - [2021-12-10 08:36:39,800] {dag.py:2928} INFO - Setting next_dagrun for example_trigger_target_dag to None
[2021-12-10 08:36:39,809] {processor.py:171} INFO - Processing /home/airflow/.local/lib/python3.7/site-packages/airflow/example_dags/example_trigger_target_dag.py took 0.072 seconds
[2021-12-10 08:37:09,872] {processor.py:163} INFO - Started process (PID=1817) to work on /home/airflow/.local/lib/python3.7/site-packages/airflow/example_dags/example_trigger_target_dag.py
[2021-12-10 08:37:09,874] {processor.py:625} INFO - Processing file /home/airflow/.local/lib/python3.7/site-packages/airflow/example_dags/example_trigger_target_dag.py for tasks to queue
[2021-12-10 08:37:09,875] {logging_mixin.py:109} INFO - [2021-12-10 08:37:09,875] {dagbag.py:500} INFO - Filling up the DagBag from /home/airflow/.local/lib/python3.7/site-packages/airflow/example_dags/example_trigger_target_dag.py
[2021-12-10 08:37:09,902] {processor.py:637} INFO - DAG(s) dict_keys(['example_trigger_target_dag']) retrieved from /home/airflow/.local/lib/python3.7/site-packages/airflow/example_dags/example_trigger_target_dag.py
[2021-12-10 08:37:09,912] {logging_mixin.py:109} INFO - [2021-12-10 08:37:09,912] {dag.py:2396} INFO - Sync 1 DAGs
[2021-12-10 08:37:09,929] {logging_mixin.py:109} INFO - [2021-12-10 08:37:09,929] {dag.py:2928} INFO - Setting next_dagrun for example_trigger_target_dag to None
[2021-12-10 08:37:09,939] {processor.py:171} INFO - Processing /home/airflow/.local/lib/python3.7/site-packages/airflow/example_dags/example_trigger_target_dag.py took 0.070 seconds
[2021-12-10 08:37:40,169] {processor.py:163} INFO - Started process (PID=1880) to work on /home/airflow/.local/lib/python3.7/site-packages/airflow/example_dags/example_trigger_target_dag.py
[2021-12-10 08:37:40,171] {processor.py:625} INFO - Processing file /home/airflow/.local/lib/python3.7/site-packages/airflow/example_dags/example_trigger_target_dag.py for tasks to queue
[2021-12-10 08:37:40,171] {logging_mixin.py:109} INFO - [2021-12-10 08:37:40,171] {dagbag.py:500} INFO - Filling up the DagBag from /home/airflow/.local/lib/python3.7/site-packages/airflow/example_dags/example_trigger_target_dag.py
[2021-12-10 08:37:40,201] {processor.py:637} INFO - DAG(s) dict_keys(['example_trigger_target_dag']) retrieved from /home/airflow/.local/lib/python3.7/site-packages/airflow/example_dags/example_trigger_target_dag.py
[2021-12-10 08:37:40,210] {logging_mixin.py:109} INFO - [2021-12-10 08:37:40,210] {dag.py:2396} INFO - Sync 1 DAGs
[2021-12-10 08:37:40,227] {logging_mixin.py:109} INFO - [2021-12-10 08:37:40,227] {dag.py:2928} INFO - Setting next_dagrun for example_trigger_target_dag to None
[2021-12-10 08:37:40,236] {processor.py:171} INFO - Processing /home/airflow/.local/lib/python3.7/site-packages/airflow/example_dags/example_trigger_target_dag.py took 0.071 seconds
[2021-12-10 08:38:10,418] {processor.py:163} INFO - Started process (PID=1931) to work on /home/airflow/.local/lib/python3.7/site-packages/airflow/example_dags/example_trigger_target_dag.py
[2021-12-10 08:38:10,419] {processor.py:625} INFO - Processing file /home/airflow/.local/lib/python3.7/site-packages/airflow/example_dags/example_trigger_target_dag.py for tasks to queue
[2021-12-10 08:38:10,420] {logging_mixin.py:109} INFO - [2021-12-10 08:38:10,420] {dagbag.py:500} INFO - Filling up the DagBag from /home/airflow/.local/lib/python3.7/site-packages/airflow/example_dags/example_trigger_target_dag.py
[2021-12-10 08:38:10,449] {processor.py:637} INFO - DAG(s) dict_keys(['example_trigger_target_dag']) retrieved from /home/airflow/.local/lib/python3.7/site-packages/airflow/example_dags/example_trigger_target_dag.py
[2021-12-10 08:38:10,459] {logging_mixin.py:109} INFO - [2021-12-10 08:38:10,459] {dag.py:2396} INFO - Sync 1 DAGs
[2021-12-10 08:38:10,475] {logging_mixin.py:109} INFO - [2021-12-10 08:38:10,475] {dag.py:2928} INFO - Setting next_dagrun for example_trigger_target_dag to None
[2021-12-10 08:38:10,485] {processor.py:171} INFO - Processing /home/airflow/.local/lib/python3.7/site-packages/airflow/example_dags/example_trigger_target_dag.py took 0.071 seconds
[2021-12-10 08:38:40,804] {processor.py:163} INFO - Started process (PID=1983) to work on /home/airflow/.local/lib/python3.7/site-packages/airflow/example_dags/example_trigger_target_dag.py
[2021-12-10 08:38:40,806] {processor.py:625} INFO - Processing file /home/airflow/.local/lib/python3.7/site-packages/airflow/example_dags/example_trigger_target_dag.py for tasks to queue
[2021-12-10 08:38:40,806] {logging_mixin.py:109} INFO - [2021-12-10 08:38:40,806] {dagbag.py:500} INFO - Filling up the DagBag from /home/airflow/.local/lib/python3.7/site-packages/airflow/example_dags/example_trigger_target_dag.py
[2021-12-10 08:38:40,836] {processor.py:637} INFO - DAG(s) dict_keys(['example_trigger_target_dag']) retrieved from /home/airflow/.local/lib/python3.7/site-packages/airflow/example_dags/example_trigger_target_dag.py
[2021-12-10 08:38:40,846] {logging_mixin.py:109} INFO - [2021-12-10 08:38:40,846] {dag.py:2396} INFO - Sync 1 DAGs
[2021-12-10 08:38:40,862] {logging_mixin.py:109} INFO - [2021-12-10 08:38:40,862] {dag.py:2928} INFO - Setting next_dagrun for example_trigger_target_dag to None
[2021-12-10 08:38:40,872] {processor.py:171} INFO - Processing /home/airflow/.local/lib/python3.7/site-packages/airflow/example_dags/example_trigger_target_dag.py took 0.072 seconds
[2021-12-10 08:39:11,077] {processor.py:163} INFO - Started process (PID=2044) to work on /home/airflow/.local/lib/python3.7/site-packages/airflow/example_dags/example_trigger_target_dag.py
[2021-12-10 08:39:11,079] {processor.py:625} INFO - Processing file /home/airflow/.local/lib/python3.7/site-packages/airflow/example_dags/example_trigger_target_dag.py for tasks to queue
[2021-12-10 08:39:11,079] {logging_mixin.py:109} INFO - [2021-12-10 08:39:11,079] {dagbag.py:500} INFO - Filling up the DagBag from /home/airflow/.local/lib/python3.7/site-packages/airflow/example_dags/example_trigger_target_dag.py
[2021-12-10 08:39:11,110] {processor.py:637} INFO - DAG(s) dict_keys(['example_trigger_target_dag']) retrieved from /home/airflow/.local/lib/python3.7/site-packages/airflow/example_dags/example_trigger_target_dag.py
[2021-12-10 08:39:11,121] {logging_mixin.py:109} INFO - [2021-12-10 08:39:11,120] {dag.py:2396} INFO - Sync 1 DAGs
[2021-12-10 08:39:11,137] {logging_mixin.py:109} INFO - [2021-12-10 08:39:11,137] {dag.py:2928} INFO - Setting next_dagrun for example_trigger_target_dag to None
[2021-12-10 08:39:11,147] {processor.py:171} INFO - Processing /home/airflow/.local/lib/python3.7/site-packages/airflow/example_dags/example_trigger_target_dag.py took 0.074 seconds
[2021-12-10 08:39:41,281] {processor.py:163} INFO - Started process (PID=2097) to work on /home/airflow/.local/lib/python3.7/site-packages/airflow/example_dags/example_trigger_target_dag.py
[2021-12-10 08:39:41,283] {processor.py:625} INFO - Processing file /home/airflow/.local/lib/python3.7/site-packages/airflow/example_dags/example_trigger_target_dag.py for tasks to queue
[2021-12-10 08:39:41,284] {logging_mixin.py:109} INFO - [2021-12-10 08:39:41,283] {dagbag.py:500} INFO - Filling up the DagBag from /home/airflow/.local/lib/python3.7/site-packages/airflow/example_dags/example_trigger_target_dag.py
[2021-12-10 08:39:41,312] {processor.py:637} INFO - DAG(s) dict_keys(['example_trigger_target_dag']) retrieved from /home/airflow/.local/lib/python3.7/site-packages/airflow/example_dags/example_trigger_target_dag.py
[2021-12-10 08:39:41,321] {logging_mixin.py:109} INFO - [2021-12-10 08:39:41,321] {dag.py:2396} INFO - Sync 1 DAGs
[2021-12-10 08:39:41,337] {logging_mixin.py:109} INFO - [2021-12-10 08:39:41,337] {dag.py:2928} INFO - Setting next_dagrun for example_trigger_target_dag to None
[2021-12-10 08:39:41,346] {processor.py:171} INFO - Processing /home/airflow/.local/lib/python3.7/site-packages/airflow/example_dags/example_trigger_target_dag.py took 0.068 seconds
[2021-12-10 08:40:11,446] {processor.py:163} INFO - Started process (PID=2160) to work on /home/airflow/.local/lib/python3.7/site-packages/airflow/example_dags/example_trigger_target_dag.py
[2021-12-10 08:40:11,448] {processor.py:625} INFO - Processing file /home/airflow/.local/lib/python3.7/site-packages/airflow/example_dags/example_trigger_target_dag.py for tasks to queue
[2021-12-10 08:40:11,448] {logging_mixin.py:109} INFO - [2021-12-10 08:40:11,448] {dagbag.py:500} INFO - Filling up the DagBag from /home/airflow/.local/lib/python3.7/site-packages/airflow/example_dags/example_trigger_target_dag.py
[2021-12-10 08:40:11,478] {processor.py:637} INFO - DAG(s) dict_keys(['example_trigger_target_dag']) retrieved from /home/airflow/.local/lib/python3.7/site-packages/airflow/example_dags/example_trigger_target_dag.py
[2021-12-10 08:40:11,488] {logging_mixin.py:109} INFO - [2021-12-10 08:40:11,488] {dag.py:2396} INFO - Sync 1 DAGs
[2021-12-10 08:40:11,505] {logging_mixin.py:109} INFO - [2021-12-10 08:40:11,505] {dag.py:2928} INFO - Setting next_dagrun for example_trigger_target_dag to None
[2021-12-10 08:40:11,514] {processor.py:171} INFO - Processing /home/airflow/.local/lib/python3.7/site-packages/airflow/example_dags/example_trigger_target_dag.py took 0.071 seconds
[2021-12-10 08:40:42,066] {processor.py:163} INFO - Started process (PID=2205) to work on /home/airflow/.local/lib/python3.7/site-packages/airflow/example_dags/example_trigger_target_dag.py
[2021-12-10 08:40:42,068] {processor.py:625} INFO - Processing file /home/airflow/.local/lib/python3.7/site-packages/airflow/example_dags/example_trigger_target_dag.py for tasks to queue
[2021-12-10 08:40:42,069] {logging_mixin.py:109} INFO - [2021-12-10 08:40:42,069] {dagbag.py:500} INFO - Filling up the DagBag from /home/airflow/.local/lib/python3.7/site-packages/airflow/example_dags/example_trigger_target_dag.py
[2021-12-10 08:40:42,098] {processor.py:637} INFO - DAG(s) dict_keys(['example_trigger_target_dag']) retrieved from /home/airflow/.local/lib/python3.7/site-packages/airflow/example_dags/example_trigger_target_dag.py
[2021-12-10 08:40:42,107] {logging_mixin.py:109} INFO - [2021-12-10 08:40:42,107] {dag.py:2396} INFO - Sync 1 DAGs
[2021-12-10 08:40:42,124] {logging_mixin.py:109} INFO - [2021-12-10 08:40:42,123] {dag.py:2928} INFO - Setting next_dagrun for example_trigger_target_dag to None
[2021-12-10 08:40:42,133] {processor.py:171} INFO - Processing /home/airflow/.local/lib/python3.7/site-packages/airflow/example_dags/example_trigger_target_dag.py took 0.070 seconds
[2021-12-10 08:41:12,342] {processor.py:163} INFO - Started process (PID=2258) to work on /home/airflow/.local/lib/python3.7/site-packages/airflow/example_dags/example_trigger_target_dag.py
[2021-12-10 08:41:12,343] {processor.py:625} INFO - Processing file /home/airflow/.local/lib/python3.7/site-packages/airflow/example_dags/example_trigger_target_dag.py for tasks to queue
[2021-12-10 08:41:12,344] {logging_mixin.py:109} INFO - [2021-12-10 08:41:12,344] {dagbag.py:500} INFO - Filling up the DagBag from /home/airflow/.local/lib/python3.7/site-packages/airflow/example_dags/example_trigger_target_dag.py
[2021-12-10 08:41:12,373] {processor.py:637} INFO - DAG(s) dict_keys(['example_trigger_target_dag']) retrieved from /home/airflow/.local/lib/python3.7/site-packages/airflow/example_dags/example_trigger_target_dag.py
[2021-12-10 08:41:12,382] {logging_mixin.py:109} INFO - [2021-12-10 08:41:12,382] {dag.py:2396} INFO - Sync 1 DAGs
[2021-12-10 08:41:12,398] {logging_mixin.py:109} INFO - [2021-12-10 08:41:12,398] {dag.py:2928} INFO - Setting next_dagrun for example_trigger_target_dag to None
[2021-12-10 08:41:12,407] {processor.py:171} INFO - Processing /home/airflow/.local/lib/python3.7/site-packages/airflow/example_dags/example_trigger_target_dag.py took 0.069 seconds
[2021-12-10 08:41:42,483] {processor.py:163} INFO - Started process (PID=2320) to work on /home/airflow/.local/lib/python3.7/site-packages/airflow/example_dags/example_trigger_target_dag.py
[2021-12-10 08:41:42,484] {processor.py:625} INFO - Processing file /home/airflow/.local/lib/python3.7/site-packages/airflow/example_dags/example_trigger_target_dag.py for tasks to queue
[2021-12-10 08:41:42,485] {logging_mixin.py:109} INFO - [2021-12-10 08:41:42,485] {dagbag.py:500} INFO - Filling up the DagBag from /home/airflow/.local/lib/python3.7/site-packages/airflow/example_dags/example_trigger_target_dag.py
[2021-12-10 08:41:42,514] {processor.py:637} INFO - DAG(s) dict_keys(['example_trigger_target_dag']) retrieved from /home/airflow/.local/lib/python3.7/site-packages/airflow/example_dags/example_trigger_target_dag.py
[2021-12-10 08:41:42,524] {logging_mixin.py:109} INFO - [2021-12-10 08:41:42,524] {dag.py:2396} INFO - Sync 1 DAGs
[2021-12-10 08:41:42,542] {logging_mixin.py:109} INFO - [2021-12-10 08:41:42,542] {dag.py:2928} INFO - Setting next_dagrun for example_trigger_target_dag to None
[2021-12-10 08:41:42,551] {processor.py:171} INFO - Processing /home/airflow/.local/lib/python3.7/site-packages/airflow/example_dags/example_trigger_target_dag.py took 0.072 seconds
[2021-12-10 08:42:12,926] {processor.py:163} INFO - Started process (PID=2374) to work on /home/airflow/.local/lib/python3.7/site-packages/airflow/example_dags/example_trigger_target_dag.py
[2021-12-10 08:42:12,930] {processor.py:625} INFO - Processing file /home/airflow/.local/lib/python3.7/site-packages/airflow/example_dags/example_trigger_target_dag.py for tasks to queue
[2021-12-10 08:42:12,930] {logging_mixin.py:109} INFO - [2021-12-10 08:42:12,930] {dagbag.py:500} INFO - Filling up the DagBag from /home/airflow/.local/lib/python3.7/site-packages/airflow/example_dags/example_trigger_target_dag.py
[2021-12-10 08:42:12,959] {processor.py:637} INFO - DAG(s) dict_keys(['example_trigger_target_dag']) retrieved from /home/airflow/.local/lib/python3.7/site-packages/airflow/example_dags/example_trigger_target_dag.py
[2021-12-10 08:42:12,969] {logging_mixin.py:109} INFO - [2021-12-10 08:42:12,969] {dag.py:2396} INFO - Sync 1 DAGs
[2021-12-10 08:42:12,987] {logging_mixin.py:109} INFO - [2021-12-10 08:42:12,987] {dag.py:2928} INFO - Setting next_dagrun for example_trigger_target_dag to None
[2021-12-10 08:42:12,997] {processor.py:171} INFO - Processing /home/airflow/.local/lib/python3.7/site-packages/airflow/example_dags/example_trigger_target_dag.py took 0.074 seconds
[2021-12-10 08:42:43,049] {processor.py:163} INFO - Started process (PID=2435) to work on /home/airflow/.local/lib/python3.7/site-packages/airflow/example_dags/example_trigger_target_dag.py
[2021-12-10 08:42:43,050] {processor.py:625} INFO - Processing file /home/airflow/.local/lib/python3.7/site-packages/airflow/example_dags/example_trigger_target_dag.py for tasks to queue
[2021-12-10 08:42:43,051] {logging_mixin.py:109} INFO - [2021-12-10 08:42:43,051] {dagbag.py:500} INFO - Filling up the DagBag from /home/airflow/.local/lib/python3.7/site-packages/airflow/example_dags/example_trigger_target_dag.py
[2021-12-10 08:42:43,079] {processor.py:637} INFO - DAG(s) dict_keys(['example_trigger_target_dag']) retrieved from /home/airflow/.local/lib/python3.7/site-packages/airflow/example_dags/example_trigger_target_dag.py
[2021-12-10 08:42:43,091] {logging_mixin.py:109} INFO - [2021-12-10 08:42:43,091] {dag.py:2396} INFO - Sync 1 DAGs
[2021-12-10 08:42:43,112] {logging_mixin.py:109} INFO - [2021-12-10 08:42:43,112] {dag.py:2928} INFO - Setting next_dagrun for example_trigger_target_dag to None
[2021-12-10 08:42:43,121] {processor.py:171} INFO - Processing /home/airflow/.local/lib/python3.7/site-packages/airflow/example_dags/example_trigger_target_dag.py took 0.075 seconds
[2021-12-10 08:43:13,369] {processor.py:163} INFO - Started process (PID=2488) to work on /home/airflow/.local/lib/python3.7/site-packages/airflow/example_dags/example_trigger_target_dag.py
[2021-12-10 08:43:13,371] {processor.py:625} INFO - Processing file /home/airflow/.local/lib/python3.7/site-packages/airflow/example_dags/example_trigger_target_dag.py for tasks to queue
[2021-12-10 08:43:13,372] {logging_mixin.py:109} INFO - [2021-12-10 08:43:13,372] {dagbag.py:500} INFO - Filling up the DagBag from /home/airflow/.local/lib/python3.7/site-packages/airflow/example_dags/example_trigger_target_dag.py
[2021-12-10 08:43:13,408] {processor.py:637} INFO - DAG(s) dict_keys(['example_trigger_target_dag']) retrieved from /home/airflow/.local/lib/python3.7/site-packages/airflow/example_dags/example_trigger_target_dag.py
[2021-12-10 08:43:13,421] {logging_mixin.py:109} INFO - [2021-12-10 08:43:13,420] {dag.py:2396} INFO - Sync 1 DAGs
[2021-12-10 08:43:13,439] {logging_mixin.py:109} INFO - [2021-12-10 08:43:13,438] {dag.py:2928} INFO - Setting next_dagrun for example_trigger_target_dag to None
[2021-12-10 08:43:13,449] {processor.py:171} INFO - Processing /home/airflow/.local/lib/python3.7/site-packages/airflow/example_dags/example_trigger_target_dag.py took 0.085 seconds
[2021-12-10 08:43:43,743] {processor.py:163} INFO - Started process (PID=2539) to work on /home/airflow/.local/lib/python3.7/site-packages/airflow/example_dags/example_trigger_target_dag.py
[2021-12-10 08:43:43,744] {processor.py:625} INFO - Processing file /home/airflow/.local/lib/python3.7/site-packages/airflow/example_dags/example_trigger_target_dag.py for tasks to queue
[2021-12-10 08:43:43,745] {logging_mixin.py:109} INFO - [2021-12-10 08:43:43,745] {dagbag.py:500} INFO - Filling up the DagBag from /home/airflow/.local/lib/python3.7/site-packages/airflow/example_dags/example_trigger_target_dag.py
[2021-12-10 08:43:43,775] {processor.py:637} INFO - DAG(s) dict_keys(['example_trigger_target_dag']) retrieved from /home/airflow/.local/lib/python3.7/site-packages/airflow/example_dags/example_trigger_target_dag.py
[2021-12-10 08:43:43,785] {logging_mixin.py:109} INFO - [2021-12-10 08:43:43,785] {dag.py:2396} INFO - Sync 1 DAGs
[2021-12-10 08:43:43,801] {logging_mixin.py:109} INFO - [2021-12-10 08:43:43,801] {dag.py:2928} INFO - Setting next_dagrun for example_trigger_target_dag to None
[2021-12-10 08:43:43,811] {processor.py:171} INFO - Processing /home/airflow/.local/lib/python3.7/site-packages/airflow/example_dags/example_trigger_target_dag.py took 0.073 seconds
[2021-12-10 08:44:14,076] {processor.py:163} INFO - Started process (PID=2601) to work on /home/airflow/.local/lib/python3.7/site-packages/airflow/example_dags/example_trigger_target_dag.py
[2021-12-10 08:44:14,078] {processor.py:625} INFO - Processing file /home/airflow/.local/lib/python3.7/site-packages/airflow/example_dags/example_trigger_target_dag.py for tasks to queue
[2021-12-10 08:44:14,078] {logging_mixin.py:109} INFO - [2021-12-10 08:44:14,078] {dagbag.py:500} INFO - Filling up the DagBag from /home/airflow/.local/lib/python3.7/site-packages/airflow/example_dags/example_trigger_target_dag.py
[2021-12-10 08:44:14,122] {processor.py:637} INFO - DAG(s) dict_keys(['example_trigger_target_dag']) retrieved from /home/airflow/.local/lib/python3.7/site-packages/airflow/example_dags/example_trigger_target_dag.py
[2021-12-10 08:44:14,132] {logging_mixin.py:109} INFO - [2021-12-10 08:44:14,132] {dag.py:2396} INFO - Sync 1 DAGs
[2021-12-10 08:44:14,151] {logging_mixin.py:109} INFO - [2021-12-10 08:44:14,151] {dag.py:2928} INFO - Setting next_dagrun for example_trigger_target_dag to None
[2021-12-10 08:44:14,160] {processor.py:171} INFO - Processing /home/airflow/.local/lib/python3.7/site-packages/airflow/example_dags/example_trigger_target_dag.py took 0.087 seconds
[2021-12-10 08:44:44,709] {processor.py:163} INFO - Started process (PID=2654) to work on /home/airflow/.local/lib/python3.7/site-packages/airflow/example_dags/example_trigger_target_dag.py
[2021-12-10 08:44:44,710] {processor.py:625} INFO - Processing file /home/airflow/.local/lib/python3.7/site-packages/airflow/example_dags/example_trigger_target_dag.py for tasks to queue
[2021-12-10 08:44:44,711] {logging_mixin.py:109} INFO - [2021-12-10 08:44:44,711] {dagbag.py:500} INFO - Filling up the DagBag from /home/airflow/.local/lib/python3.7/site-packages/airflow/example_dags/example_trigger_target_dag.py
[2021-12-10 08:44:44,740] {processor.py:637} INFO - DAG(s) dict_keys(['example_trigger_target_dag']) retrieved from /home/airflow/.local/lib/python3.7/site-packages/airflow/example_dags/example_trigger_target_dag.py
[2021-12-10 08:44:44,754] {logging_mixin.py:109} INFO - [2021-12-10 08:44:44,754] {dag.py:2396} INFO - Sync 1 DAGs
[2021-12-10 08:44:44,780] {logging_mixin.py:109} INFO - [2021-12-10 08:44:44,780] {dag.py:2928} INFO - Setting next_dagrun for example_trigger_target_dag to None
[2021-12-10 08:44:44,792] {processor.py:171} INFO - Processing /home/airflow/.local/lib/python3.7/site-packages/airflow/example_dags/example_trigger_target_dag.py took 0.088 seconds
[2021-12-10 08:45:15,279] {processor.py:163} INFO - Started process (PID=2717) to work on /home/airflow/.local/lib/python3.7/site-packages/airflow/example_dags/example_trigger_target_dag.py
[2021-12-10 08:45:15,280] {processor.py:625} INFO - Processing file /home/airflow/.local/lib/python3.7/site-packages/airflow/example_dags/example_trigger_target_dag.py for tasks to queue
[2021-12-10 08:45:15,281] {logging_mixin.py:109} INFO - [2021-12-10 08:45:15,281] {dagbag.py:500} INFO - Filling up the DagBag from /home/airflow/.local/lib/python3.7/site-packages/airflow/example_dags/example_trigger_target_dag.py
[2021-12-10 08:45:15,317] {processor.py:637} INFO - DAG(s) dict_keys(['example_trigger_target_dag']) retrieved from /home/airflow/.local/lib/python3.7/site-packages/airflow/example_dags/example_trigger_target_dag.py
[2021-12-10 08:45:15,329] {logging_mixin.py:109} INFO - [2021-12-10 08:45:15,329] {dag.py:2396} INFO - Sync 1 DAGs
[2021-12-10 08:45:15,348] {logging_mixin.py:109} INFO - [2021-12-10 08:45:15,348] {dag.py:2928} INFO - Setting next_dagrun for example_trigger_target_dag to None
[2021-12-10 08:45:15,358] {processor.py:171} INFO - Processing /home/airflow/.local/lib/python3.7/site-packages/airflow/example_dags/example_trigger_target_dag.py took 0.084 seconds
[2021-12-10 08:45:45,765] {processor.py:163} INFO - Started process (PID=2769) to work on /home/airflow/.local/lib/python3.7/site-packages/airflow/example_dags/example_trigger_target_dag.py
[2021-12-10 08:45:45,767] {processor.py:625} INFO - Processing file /home/airflow/.local/lib/python3.7/site-packages/airflow/example_dags/example_trigger_target_dag.py for tasks to queue
[2021-12-10 08:45:45,768] {logging_mixin.py:109} INFO - [2021-12-10 08:45:45,768] {dagbag.py:500} INFO - Filling up the DagBag from /home/airflow/.local/lib/python3.7/site-packages/airflow/example_dags/example_trigger_target_dag.py
[2021-12-10 08:45:45,796] {processor.py:637} INFO - DAG(s) dict_keys(['example_trigger_target_dag']) retrieved from /home/airflow/.local/lib/python3.7/site-packages/airflow/example_dags/example_trigger_target_dag.py
[2021-12-10 08:45:45,806] {logging_mixin.py:109} INFO - [2021-12-10 08:45:45,806] {dag.py:2396} INFO - Sync 1 DAGs
[2021-12-10 08:45:45,822] {logging_mixin.py:109} INFO - [2021-12-10 08:45:45,822] {dag.py:2928} INFO - Setting next_dagrun for example_trigger_target_dag to None
[2021-12-10 08:45:45,940] {processor.py:171} INFO - Processing /home/airflow/.local/lib/python3.7/site-packages/airflow/example_dags/example_trigger_target_dag.py took 0.178 seconds
[2021-12-10 08:46:16,133] {processor.py:163} INFO - Started process (PID=2830) to work on /home/airflow/.local/lib/python3.7/site-packages/airflow/example_dags/example_trigger_target_dag.py
[2021-12-10 08:46:16,135] {processor.py:625} INFO - Processing file /home/airflow/.local/lib/python3.7/site-packages/airflow/example_dags/example_trigger_target_dag.py for tasks to queue
[2021-12-10 08:46:16,135] {logging_mixin.py:109} INFO - [2021-12-10 08:46:16,135] {dagbag.py:500} INFO - Filling up the DagBag from /home/airflow/.local/lib/python3.7/site-packages/airflow/example_dags/example_trigger_target_dag.py
[2021-12-10 08:46:16,165] {processor.py:637} INFO - DAG(s) dict_keys(['example_trigger_target_dag']) retrieved from /home/airflow/.local/lib/python3.7/site-packages/airflow/example_dags/example_trigger_target_dag.py
[2021-12-10 08:46:16,175] {logging_mixin.py:109} INFO - [2021-12-10 08:46:16,175] {dag.py:2396} INFO - Sync 1 DAGs
[2021-12-10 08:46:16,299] {logging_mixin.py:109} INFO - [2021-12-10 08:46:16,299] {dag.py:2928} INFO - Setting next_dagrun for example_trigger_target_dag to None
[2021-12-10 08:46:16,308] {processor.py:171} INFO - Processing /home/airflow/.local/lib/python3.7/site-packages/airflow/example_dags/example_trigger_target_dag.py took 0.179 seconds
[2021-12-10 08:46:46,478] {processor.py:163} INFO - Started process (PID=2882) to work on /home/airflow/.local/lib/python3.7/site-packages/airflow/example_dags/example_trigger_target_dag.py
[2021-12-10 08:46:46,480] {processor.py:625} INFO - Processing file /home/airflow/.local/lib/python3.7/site-packages/airflow/example_dags/example_trigger_target_dag.py for tasks to queue
[2021-12-10 08:46:46,480] {logging_mixin.py:109} INFO - [2021-12-10 08:46:46,480] {dagbag.py:500} INFO - Filling up the DagBag from /home/airflow/.local/lib/python3.7/site-packages/airflow/example_dags/example_trigger_target_dag.py
[2021-12-10 08:46:46,514] {processor.py:637} INFO - DAG(s) dict_keys(['example_trigger_target_dag']) retrieved from /home/airflow/.local/lib/python3.7/site-packages/airflow/example_dags/example_trigger_target_dag.py
[2021-12-10 08:46:46,525] {logging_mixin.py:109} INFO - [2021-12-10 08:46:46,525] {dag.py:2396} INFO - Sync 1 DAGs
[2021-12-10 08:46:46,651] {logging_mixin.py:109} INFO - [2021-12-10 08:46:46,651] {dag.py:2928} INFO - Setting next_dagrun for example_trigger_target_dag to None
[2021-12-10 08:46:46,660] {processor.py:171} INFO - Processing /home/airflow/.local/lib/python3.7/site-packages/airflow/example_dags/example_trigger_target_dag.py took 0.187 seconds
[2021-12-10 08:47:17,579] {processor.py:163} INFO - Started process (PID=2934) to work on /home/airflow/.local/lib/python3.7/site-packages/airflow/example_dags/example_trigger_target_dag.py
[2021-12-10 08:47:17,581] {processor.py:625} INFO - Processing file /home/airflow/.local/lib/python3.7/site-packages/airflow/example_dags/example_trigger_target_dag.py for tasks to queue
[2021-12-10 08:47:17,581] {logging_mixin.py:109} INFO - [2021-12-10 08:47:17,581] {dagbag.py:500} INFO - Filling up the DagBag from /home/airflow/.local/lib/python3.7/site-packages/airflow/example_dags/example_trigger_target_dag.py
[2021-12-10 08:47:17,612] {processor.py:637} INFO - DAG(s) dict_keys(['example_trigger_target_dag']) retrieved from /home/airflow/.local/lib/python3.7/site-packages/airflow/example_dags/example_trigger_target_dag.py
[2021-12-10 08:47:17,622] {logging_mixin.py:109} INFO - [2021-12-10 08:47:17,622] {dag.py:2396} INFO - Sync 1 DAGs
[2021-12-10 08:47:17,743] {logging_mixin.py:109} INFO - [2021-12-10 08:47:17,743] {dag.py:2928} INFO - Setting next_dagrun for example_trigger_target_dag to None
[2021-12-10 08:47:17,752] {processor.py:171} INFO - Processing /home/airflow/.local/lib/python3.7/site-packages/airflow/example_dags/example_trigger_target_dag.py took 0.177 seconds
