[2021-12-10 08:23:52,023] {processor.py:163} INFO - Started process (PID=299) to work on /home/airflow/.local/lib/python3.7/site-packages/airflow/example_dags/example_branch_operator.py
[2021-12-10 08:23:52,024] {processor.py:625} INFO - Processing file /home/airflow/.local/lib/python3.7/site-packages/airflow/example_dags/example_branch_operator.py for tasks to queue
[2021-12-10 08:23:52,025] {logging_mixin.py:109} INFO - [2021-12-10 08:23:52,025] {dagbag.py:500} INFO - Filling up the DagBag from /home/airflow/.local/lib/python3.7/site-packages/airflow/example_dags/example_branch_operator.py
[2021-12-10 08:23:52,058] {processor.py:637} INFO - DAG(s) dict_keys(['example_branch_operator']) retrieved from /home/airflow/.local/lib/python3.7/site-packages/airflow/example_dags/example_branch_operator.py
[2021-12-10 08:23:53,428] {logging_mixin.py:109} INFO - [2021-12-10 08:23:53,428] {providers_manager.py:156} WARNING - Exception when importing 'airflow.providers.google.leveldb.hooks.leveldb.LevelDBHook' from 'apache-airflow-providers-google' package: No module named 'plyvel'
[2021-12-10 08:23:53,913] {logging_mixin.py:109} INFO - [2021-12-10 08:23:53,913] {providers_manager.py:156} WARNING - Exception when importing 'airflow.providers.google.leveldb.hooks.leveldb.LevelDBHook' from 'apache-airflow-providers-google' package: No module named 'plyvel'
[2021-12-10 08:23:53,938] {logging_mixin.py:109} INFO - [2021-12-10 08:23:53,938] {manager.py:496} INFO - Created Permission View: can read on DAG:example_branch_operator
[2021-12-10 08:23:53,948] {logging_mixin.py:109} INFO - [2021-12-10 08:23:53,948] {manager.py:496} INFO - Created Permission View: can edit on DAG:example_branch_operator
[2021-12-10 08:23:53,948] {logging_mixin.py:109} INFO - [2021-12-10 08:23:53,948] {dag.py:2396} INFO - Sync 1 DAGs
[2021-12-10 08:23:53,956] {logging_mixin.py:109} INFO - [2021-12-10 08:23:53,956] {dag.py:2415} INFO - Creating ORM DAG for example_branch_operator
[2021-12-10 08:23:53,966] {logging_mixin.py:109} INFO - [2021-12-10 08:23:53,966] {dag.py:2928} INFO - Setting next_dagrun for example_branch_operator to 2021-12-09 00:00:00+00:00
[2021-12-10 08:23:53,982] {processor.py:171} INFO - Processing /home/airflow/.local/lib/python3.7/site-packages/airflow/example_dags/example_branch_operator.py took 1.964 seconds
[2021-12-10 08:24:24,654] {processor.py:163} INFO - Started process (PID=402) to work on /home/airflow/.local/lib/python3.7/site-packages/airflow/example_dags/example_branch_operator.py
[2021-12-10 08:24:24,655] {processor.py:625} INFO - Processing file /home/airflow/.local/lib/python3.7/site-packages/airflow/example_dags/example_branch_operator.py for tasks to queue
[2021-12-10 08:24:24,656] {logging_mixin.py:109} INFO - [2021-12-10 08:24:24,656] {dagbag.py:500} INFO - Filling up the DagBag from /home/airflow/.local/lib/python3.7/site-packages/airflow/example_dags/example_branch_operator.py
[2021-12-10 08:24:24,687] {processor.py:637} INFO - DAG(s) dict_keys(['example_branch_operator']) retrieved from /home/airflow/.local/lib/python3.7/site-packages/airflow/example_dags/example_branch_operator.py
[2021-12-10 08:24:24,698] {logging_mixin.py:109} INFO - [2021-12-10 08:24:24,698] {dag.py:2396} INFO - Sync 1 DAGs
[2021-12-10 08:24:24,715] {logging_mixin.py:109} INFO - [2021-12-10 08:24:24,715] {dag.py:2928} INFO - Setting next_dagrun for example_branch_operator to 2021-12-09 00:00:00+00:00
[2021-12-10 08:24:24,724] {processor.py:171} INFO - Processing /home/airflow/.local/lib/python3.7/site-packages/airflow/example_dags/example_branch_operator.py took 0.073 seconds
[2021-12-10 08:24:55,066] {processor.py:163} INFO - Started process (PID=454) to work on /home/airflow/.local/lib/python3.7/site-packages/airflow/example_dags/example_branch_operator.py
[2021-12-10 08:24:55,068] {processor.py:625} INFO - Processing file /home/airflow/.local/lib/python3.7/site-packages/airflow/example_dags/example_branch_operator.py for tasks to queue
[2021-12-10 08:24:55,069] {logging_mixin.py:109} INFO - [2021-12-10 08:24:55,069] {dagbag.py:500} INFO - Filling up the DagBag from /home/airflow/.local/lib/python3.7/site-packages/airflow/example_dags/example_branch_operator.py
[2021-12-10 08:24:55,104] {processor.py:637} INFO - DAG(s) dict_keys(['example_branch_operator']) retrieved from /home/airflow/.local/lib/python3.7/site-packages/airflow/example_dags/example_branch_operator.py
[2021-12-10 08:24:55,119] {logging_mixin.py:109} INFO - [2021-12-10 08:24:55,119] {dag.py:2396} INFO - Sync 1 DAGs
[2021-12-10 08:24:55,138] {logging_mixin.py:109} INFO - [2021-12-10 08:24:55,138] {dag.py:2928} INFO - Setting next_dagrun for example_branch_operator to 2021-12-09 00:00:00+00:00
[2021-12-10 08:24:55,148] {processor.py:171} INFO - Processing /home/airflow/.local/lib/python3.7/site-packages/airflow/example_dags/example_branch_operator.py took 0.087 seconds
[2021-12-10 08:25:25,411] {processor.py:163} INFO - Started process (PID=507) to work on /home/airflow/.local/lib/python3.7/site-packages/airflow/example_dags/example_branch_operator.py
[2021-12-10 08:25:25,414] {processor.py:625} INFO - Processing file /home/airflow/.local/lib/python3.7/site-packages/airflow/example_dags/example_branch_operator.py for tasks to queue
[2021-12-10 08:25:25,414] {logging_mixin.py:109} INFO - [2021-12-10 08:25:25,414] {dagbag.py:500} INFO - Filling up the DagBag from /home/airflow/.local/lib/python3.7/site-packages/airflow/example_dags/example_branch_operator.py
[2021-12-10 08:25:25,444] {processor.py:637} INFO - DAG(s) dict_keys(['example_branch_operator']) retrieved from /home/airflow/.local/lib/python3.7/site-packages/airflow/example_dags/example_branch_operator.py
[2021-12-10 08:25:25,456] {logging_mixin.py:109} INFO - [2021-12-10 08:25:25,456] {dag.py:2396} INFO - Sync 1 DAGs
[2021-12-10 08:25:25,474] {logging_mixin.py:109} INFO - [2021-12-10 08:25:25,474] {dag.py:2928} INFO - Setting next_dagrun for example_branch_operator to 2021-12-09 00:00:00+00:00
[2021-12-10 08:25:25,483] {processor.py:171} INFO - Processing /home/airflow/.local/lib/python3.7/site-packages/airflow/example_dags/example_branch_operator.py took 0.075 seconds
[2021-12-10 08:25:55,824] {processor.py:163} INFO - Started process (PID=569) to work on /home/airflow/.local/lib/python3.7/site-packages/airflow/example_dags/example_branch_operator.py
[2021-12-10 08:25:55,826] {processor.py:625} INFO - Processing file /home/airflow/.local/lib/python3.7/site-packages/airflow/example_dags/example_branch_operator.py for tasks to queue
[2021-12-10 08:25:55,827] {logging_mixin.py:109} INFO - [2021-12-10 08:25:55,826] {dagbag.py:500} INFO - Filling up the DagBag from /home/airflow/.local/lib/python3.7/site-packages/airflow/example_dags/example_branch_operator.py
[2021-12-10 08:25:55,856] {processor.py:637} INFO - DAG(s) dict_keys(['example_branch_operator']) retrieved from /home/airflow/.local/lib/python3.7/site-packages/airflow/example_dags/example_branch_operator.py
[2021-12-10 08:25:55,867] {logging_mixin.py:109} INFO - [2021-12-10 08:25:55,867] {dag.py:2396} INFO - Sync 1 DAGs
[2021-12-10 08:25:55,885] {logging_mixin.py:109} INFO - [2021-12-10 08:25:55,885] {dag.py:2928} INFO - Setting next_dagrun for example_branch_operator to 2021-12-09 00:00:00+00:00
[2021-12-10 08:25:55,894] {processor.py:171} INFO - Processing /home/airflow/.local/lib/python3.7/site-packages/airflow/example_dags/example_branch_operator.py took 0.074 seconds
[2021-12-10 08:26:26,316] {processor.py:163} INFO - Started process (PID=621) to work on /home/airflow/.local/lib/python3.7/site-packages/airflow/example_dags/example_branch_operator.py
[2021-12-10 08:26:26,318] {processor.py:625} INFO - Processing file /home/airflow/.local/lib/python3.7/site-packages/airflow/example_dags/example_branch_operator.py for tasks to queue
[2021-12-10 08:26:26,319] {logging_mixin.py:109} INFO - [2021-12-10 08:26:26,318] {dagbag.py:500} INFO - Filling up the DagBag from /home/airflow/.local/lib/python3.7/site-packages/airflow/example_dags/example_branch_operator.py
[2021-12-10 08:26:26,350] {processor.py:637} INFO - DAG(s) dict_keys(['example_branch_operator']) retrieved from /home/airflow/.local/lib/python3.7/site-packages/airflow/example_dags/example_branch_operator.py
[2021-12-10 08:26:26,362] {logging_mixin.py:109} INFO - [2021-12-10 08:26:26,361] {dag.py:2396} INFO - Sync 1 DAGs
[2021-12-10 08:26:26,380] {logging_mixin.py:109} INFO - [2021-12-10 08:26:26,380] {dag.py:2928} INFO - Setting next_dagrun for example_branch_operator to 2021-12-09 00:00:00+00:00
[2021-12-10 08:26:26,390] {processor.py:171} INFO - Processing /home/airflow/.local/lib/python3.7/site-packages/airflow/example_dags/example_branch_operator.py took 0.077 seconds
[2021-12-10 08:26:56,540] {processor.py:163} INFO - Started process (PID=685) to work on /home/airflow/.local/lib/python3.7/site-packages/airflow/example_dags/example_branch_operator.py
[2021-12-10 08:26:56,542] {processor.py:625} INFO - Processing file /home/airflow/.local/lib/python3.7/site-packages/airflow/example_dags/example_branch_operator.py for tasks to queue
[2021-12-10 08:26:56,542] {logging_mixin.py:109} INFO - [2021-12-10 08:26:56,542] {dagbag.py:500} INFO - Filling up the DagBag from /home/airflow/.local/lib/python3.7/site-packages/airflow/example_dags/example_branch_operator.py
[2021-12-10 08:26:56,573] {processor.py:637} INFO - DAG(s) dict_keys(['example_branch_operator']) retrieved from /home/airflow/.local/lib/python3.7/site-packages/airflow/example_dags/example_branch_operator.py
[2021-12-10 08:26:56,584] {logging_mixin.py:109} INFO - [2021-12-10 08:26:56,584] {dag.py:2396} INFO - Sync 1 DAGs
[2021-12-10 08:26:56,602] {logging_mixin.py:109} INFO - [2021-12-10 08:26:56,602] {dag.py:2928} INFO - Setting next_dagrun for example_branch_operator to 2021-12-09 00:00:00+00:00
[2021-12-10 08:26:56,611] {processor.py:171} INFO - Processing /home/airflow/.local/lib/python3.7/site-packages/airflow/example_dags/example_branch_operator.py took 0.075 seconds
[2021-12-10 08:27:26,837] {processor.py:163} INFO - Started process (PID=737) to work on /home/airflow/.local/lib/python3.7/site-packages/airflow/example_dags/example_branch_operator.py
[2021-12-10 08:27:26,839] {processor.py:625} INFO - Processing file /home/airflow/.local/lib/python3.7/site-packages/airflow/example_dags/example_branch_operator.py for tasks to queue
[2021-12-10 08:27:26,840] {logging_mixin.py:109} INFO - [2021-12-10 08:27:26,840] {dagbag.py:500} INFO - Filling up the DagBag from /home/airflow/.local/lib/python3.7/site-packages/airflow/example_dags/example_branch_operator.py
[2021-12-10 08:27:26,871] {processor.py:637} INFO - DAG(s) dict_keys(['example_branch_operator']) retrieved from /home/airflow/.local/lib/python3.7/site-packages/airflow/example_dags/example_branch_operator.py
[2021-12-10 08:27:26,882] {logging_mixin.py:109} INFO - [2021-12-10 08:27:26,882] {dag.py:2396} INFO - Sync 1 DAGs
[2021-12-10 08:27:26,903] {logging_mixin.py:109} INFO - [2021-12-10 08:27:26,903] {dag.py:2928} INFO - Setting next_dagrun for example_branch_operator to 2021-12-09 00:00:00+00:00
[2021-12-10 08:27:26,913] {processor.py:171} INFO - Processing /home/airflow/.local/lib/python3.7/site-packages/airflow/example_dags/example_branch_operator.py took 0.080 seconds
[2021-12-10 08:27:57,651] {processor.py:163} INFO - Started process (PID=799) to work on /home/airflow/.local/lib/python3.7/site-packages/airflow/example_dags/example_branch_operator.py
[2021-12-10 08:27:57,652] {processor.py:625} INFO - Processing file /home/airflow/.local/lib/python3.7/site-packages/airflow/example_dags/example_branch_operator.py for tasks to queue
[2021-12-10 08:27:57,653] {logging_mixin.py:109} INFO - [2021-12-10 08:27:57,653] {dagbag.py:500} INFO - Filling up the DagBag from /home/airflow/.local/lib/python3.7/site-packages/airflow/example_dags/example_branch_operator.py
[2021-12-10 08:27:57,688] {processor.py:637} INFO - DAG(s) dict_keys(['example_branch_operator']) retrieved from /home/airflow/.local/lib/python3.7/site-packages/airflow/example_dags/example_branch_operator.py
[2021-12-10 08:27:57,700] {logging_mixin.py:109} INFO - [2021-12-10 08:27:57,700] {dag.py:2396} INFO - Sync 1 DAGs
[2021-12-10 08:27:57,722] {logging_mixin.py:109} INFO - [2021-12-10 08:27:57,722] {dag.py:2928} INFO - Setting next_dagrun for example_branch_operator to 2021-12-09 00:00:00+00:00
[2021-12-10 08:27:57,734] {processor.py:171} INFO - Processing /home/airflow/.local/lib/python3.7/site-packages/airflow/example_dags/example_branch_operator.py took 0.088 seconds
[2021-12-10 08:28:27,883] {processor.py:163} INFO - Started process (PID=850) to work on /home/airflow/.local/lib/python3.7/site-packages/airflow/example_dags/example_branch_operator.py
[2021-12-10 08:28:27,885] {processor.py:625} INFO - Processing file /home/airflow/.local/lib/python3.7/site-packages/airflow/example_dags/example_branch_operator.py for tasks to queue
[2021-12-10 08:28:27,886] {logging_mixin.py:109} INFO - [2021-12-10 08:28:27,886] {dagbag.py:500} INFO - Filling up the DagBag from /home/airflow/.local/lib/python3.7/site-packages/airflow/example_dags/example_branch_operator.py
[2021-12-10 08:28:27,915] {processor.py:637} INFO - DAG(s) dict_keys(['example_branch_operator']) retrieved from /home/airflow/.local/lib/python3.7/site-packages/airflow/example_dags/example_branch_operator.py
[2021-12-10 08:28:27,925] {logging_mixin.py:109} INFO - [2021-12-10 08:28:27,925] {dag.py:2396} INFO - Sync 1 DAGs
[2021-12-10 08:28:27,942] {logging_mixin.py:109} INFO - [2021-12-10 08:28:27,942] {dag.py:2928} INFO - Setting next_dagrun for example_branch_operator to 2021-12-09 00:00:00+00:00
[2021-12-10 08:28:27,951] {processor.py:171} INFO - Processing /home/airflow/.local/lib/python3.7/site-packages/airflow/example_dags/example_branch_operator.py took 0.072 seconds
[2021-12-10 08:28:58,090] {processor.py:163} INFO - Started process (PID=902) to work on /home/airflow/.local/lib/python3.7/site-packages/airflow/example_dags/example_branch_operator.py
[2021-12-10 08:28:58,091] {processor.py:625} INFO - Processing file /home/airflow/.local/lib/python3.7/site-packages/airflow/example_dags/example_branch_operator.py for tasks to queue
[2021-12-10 08:28:58,092] {logging_mixin.py:109} INFO - [2021-12-10 08:28:58,092] {dagbag.py:500} INFO - Filling up the DagBag from /home/airflow/.local/lib/python3.7/site-packages/airflow/example_dags/example_branch_operator.py
[2021-12-10 08:28:58,129] {processor.py:637} INFO - DAG(s) dict_keys(['example_branch_operator']) retrieved from /home/airflow/.local/lib/python3.7/site-packages/airflow/example_dags/example_branch_operator.py
[2021-12-10 08:28:58,142] {logging_mixin.py:109} INFO - [2021-12-10 08:28:58,141] {dag.py:2396} INFO - Sync 1 DAGs
[2021-12-10 08:28:58,161] {logging_mixin.py:109} INFO - [2021-12-10 08:28:58,161] {dag.py:2928} INFO - Setting next_dagrun for example_branch_operator to 2021-12-09 00:00:00+00:00
[2021-12-10 08:28:58,172] {processor.py:171} INFO - Processing /home/airflow/.local/lib/python3.7/site-packages/airflow/example_dags/example_branch_operator.py took 0.086 seconds
[2021-12-10 08:29:28,202] {processor.py:163} INFO - Started process (PID=962) to work on /home/airflow/.local/lib/python3.7/site-packages/airflow/example_dags/example_branch_operator.py
[2021-12-10 08:29:28,204] {processor.py:625} INFO - Processing file /home/airflow/.local/lib/python3.7/site-packages/airflow/example_dags/example_branch_operator.py for tasks to queue
[2021-12-10 08:29:28,204] {logging_mixin.py:109} INFO - [2021-12-10 08:29:28,204] {dagbag.py:500} INFO - Filling up the DagBag from /home/airflow/.local/lib/python3.7/site-packages/airflow/example_dags/example_branch_operator.py
[2021-12-10 08:29:28,233] {processor.py:637} INFO - DAG(s) dict_keys(['example_branch_operator']) retrieved from /home/airflow/.local/lib/python3.7/site-packages/airflow/example_dags/example_branch_operator.py
[2021-12-10 08:29:28,244] {logging_mixin.py:109} INFO - [2021-12-10 08:29:28,244] {dag.py:2396} INFO - Sync 1 DAGs
[2021-12-10 08:29:28,262] {logging_mixin.py:109} INFO - [2021-12-10 08:29:28,262] {dag.py:2928} INFO - Setting next_dagrun for example_branch_operator to 2021-12-09 00:00:00+00:00
[2021-12-10 08:29:28,270] {processor.py:171} INFO - Processing /home/airflow/.local/lib/python3.7/site-packages/airflow/example_dags/example_branch_operator.py took 0.072 seconds
[2021-12-10 08:29:58,665] {processor.py:163} INFO - Started process (PID=1015) to work on /home/airflow/.local/lib/python3.7/site-packages/airflow/example_dags/example_branch_operator.py
[2021-12-10 08:29:58,666] {processor.py:625} INFO - Processing file /home/airflow/.local/lib/python3.7/site-packages/airflow/example_dags/example_branch_operator.py for tasks to queue
[2021-12-10 08:29:58,667] {logging_mixin.py:109} INFO - [2021-12-10 08:29:58,667] {dagbag.py:500} INFO - Filling up the DagBag from /home/airflow/.local/lib/python3.7/site-packages/airflow/example_dags/example_branch_operator.py
[2021-12-10 08:29:58,699] {processor.py:637} INFO - DAG(s) dict_keys(['example_branch_operator']) retrieved from /home/airflow/.local/lib/python3.7/site-packages/airflow/example_dags/example_branch_operator.py
[2021-12-10 08:29:58,715] {logging_mixin.py:109} INFO - [2021-12-10 08:29:58,714] {dag.py:2396} INFO - Sync 1 DAGs
[2021-12-10 08:29:58,741] {logging_mixin.py:109} INFO - [2021-12-10 08:29:58,741] {dag.py:2928} INFO - Setting next_dagrun for example_branch_operator to 2021-12-09 00:00:00+00:00
[2021-12-10 08:29:58,751] {processor.py:171} INFO - Processing /home/airflow/.local/lib/python3.7/site-packages/airflow/example_dags/example_branch_operator.py took 0.090 seconds
[2021-12-10 08:30:28,902] {processor.py:163} INFO - Started process (PID=1067) to work on /home/airflow/.local/lib/python3.7/site-packages/airflow/example_dags/example_branch_operator.py
[2021-12-10 08:30:28,904] {processor.py:625} INFO - Processing file /home/airflow/.local/lib/python3.7/site-packages/airflow/example_dags/example_branch_operator.py for tasks to queue
[2021-12-10 08:30:28,905] {logging_mixin.py:109} INFO - [2021-12-10 08:30:28,905] {dagbag.py:500} INFO - Filling up the DagBag from /home/airflow/.local/lib/python3.7/site-packages/airflow/example_dags/example_branch_operator.py
[2021-12-10 08:30:28,940] {processor.py:637} INFO - DAG(s) dict_keys(['example_branch_operator']) retrieved from /home/airflow/.local/lib/python3.7/site-packages/airflow/example_dags/example_branch_operator.py
[2021-12-10 08:30:28,953] {logging_mixin.py:109} INFO - [2021-12-10 08:30:28,953] {dag.py:2396} INFO - Sync 1 DAGs
[2021-12-10 08:30:28,974] {logging_mixin.py:109} INFO - [2021-12-10 08:30:28,974] {dag.py:2928} INFO - Setting next_dagrun for example_branch_operator to 2021-12-09 00:00:00+00:00
[2021-12-10 08:30:28,985] {processor.py:171} INFO - Processing /home/airflow/.local/lib/python3.7/site-packages/airflow/example_dags/example_branch_operator.py took 0.086 seconds
[2021-12-10 08:30:59,057] {processor.py:163} INFO - Started process (PID=1129) to work on /home/airflow/.local/lib/python3.7/site-packages/airflow/example_dags/example_branch_operator.py
[2021-12-10 08:30:59,058] {processor.py:625} INFO - Processing file /home/airflow/.local/lib/python3.7/site-packages/airflow/example_dags/example_branch_operator.py for tasks to queue
[2021-12-10 08:30:59,059] {logging_mixin.py:109} INFO - [2021-12-10 08:30:59,059] {dagbag.py:500} INFO - Filling up the DagBag from /home/airflow/.local/lib/python3.7/site-packages/airflow/example_dags/example_branch_operator.py
[2021-12-10 08:30:59,091] {processor.py:637} INFO - DAG(s) dict_keys(['example_branch_operator']) retrieved from /home/airflow/.local/lib/python3.7/site-packages/airflow/example_dags/example_branch_operator.py
[2021-12-10 08:30:59,102] {logging_mixin.py:109} INFO - [2021-12-10 08:30:59,102] {dag.py:2396} INFO - Sync 1 DAGs
[2021-12-10 08:30:59,123] {logging_mixin.py:109} INFO - [2021-12-10 08:30:59,122] {dag.py:2928} INFO - Setting next_dagrun for example_branch_operator to 2021-12-09 00:00:00+00:00
[2021-12-10 08:30:59,132] {processor.py:171} INFO - Processing /home/airflow/.local/lib/python3.7/site-packages/airflow/example_dags/example_branch_operator.py took 0.079 seconds
[2021-12-10 08:31:29,256] {processor.py:163} INFO - Started process (PID=1181) to work on /home/airflow/.local/lib/python3.7/site-packages/airflow/example_dags/example_branch_operator.py
[2021-12-10 08:31:29,257] {processor.py:625} INFO - Processing file /home/airflow/.local/lib/python3.7/site-packages/airflow/example_dags/example_branch_operator.py for tasks to queue
[2021-12-10 08:31:29,258] {logging_mixin.py:109} INFO - [2021-12-10 08:31:29,258] {dagbag.py:500} INFO - Filling up the DagBag from /home/airflow/.local/lib/python3.7/site-packages/airflow/example_dags/example_branch_operator.py
[2021-12-10 08:31:29,289] {processor.py:637} INFO - DAG(s) dict_keys(['example_branch_operator']) retrieved from /home/airflow/.local/lib/python3.7/site-packages/airflow/example_dags/example_branch_operator.py
[2021-12-10 08:31:29,301] {logging_mixin.py:109} INFO - [2021-12-10 08:31:29,301] {dag.py:2396} INFO - Sync 1 DAGs
[2021-12-10 08:31:29,322] {logging_mixin.py:109} INFO - [2021-12-10 08:31:29,322] {dag.py:2928} INFO - Setting next_dagrun for example_branch_operator to 2021-12-09 00:00:00+00:00
[2021-12-10 08:31:29,332] {processor.py:171} INFO - Processing /home/airflow/.local/lib/python3.7/site-packages/airflow/example_dags/example_branch_operator.py took 0.080 seconds
[2021-12-10 08:31:59,711] {processor.py:163} INFO - Started process (PID=1244) to work on /home/airflow/.local/lib/python3.7/site-packages/airflow/example_dags/example_branch_operator.py
[2021-12-10 08:31:59,712] {processor.py:625} INFO - Processing file /home/airflow/.local/lib/python3.7/site-packages/airflow/example_dags/example_branch_operator.py for tasks to queue
[2021-12-10 08:31:59,713] {logging_mixin.py:109} INFO - [2021-12-10 08:31:59,713] {dagbag.py:500} INFO - Filling up the DagBag from /home/airflow/.local/lib/python3.7/site-packages/airflow/example_dags/example_branch_operator.py
[2021-12-10 08:31:59,746] {processor.py:637} INFO - DAG(s) dict_keys(['example_branch_operator']) retrieved from /home/airflow/.local/lib/python3.7/site-packages/airflow/example_dags/example_branch_operator.py
[2021-12-10 08:31:59,761] {logging_mixin.py:109} INFO - [2021-12-10 08:31:59,761] {dag.py:2396} INFO - Sync 1 DAGs
[2021-12-10 08:31:59,780] {logging_mixin.py:109} INFO - [2021-12-10 08:31:59,780] {dag.py:2928} INFO - Setting next_dagrun for example_branch_operator to 2021-12-09 00:00:00+00:00
[2021-12-10 08:31:59,790] {processor.py:171} INFO - Processing /home/airflow/.local/lib/python3.7/site-packages/airflow/example_dags/example_branch_operator.py took 0.083 seconds
[2021-12-10 08:32:29,886] {processor.py:163} INFO - Started process (PID=1297) to work on /home/airflow/.local/lib/python3.7/site-packages/airflow/example_dags/example_branch_operator.py
[2021-12-10 08:32:29,888] {processor.py:625} INFO - Processing file /home/airflow/.local/lib/python3.7/site-packages/airflow/example_dags/example_branch_operator.py for tasks to queue
[2021-12-10 08:32:29,889] {logging_mixin.py:109} INFO - [2021-12-10 08:32:29,889] {dagbag.py:500} INFO - Filling up the DagBag from /home/airflow/.local/lib/python3.7/site-packages/airflow/example_dags/example_branch_operator.py
[2021-12-10 08:32:29,924] {processor.py:637} INFO - DAG(s) dict_keys(['example_branch_operator']) retrieved from /home/airflow/.local/lib/python3.7/site-packages/airflow/example_dags/example_branch_operator.py
[2021-12-10 08:32:29,936] {logging_mixin.py:109} INFO - [2021-12-10 08:32:29,936] {dag.py:2396} INFO - Sync 1 DAGs
[2021-12-10 08:32:29,955] {logging_mixin.py:109} INFO - [2021-12-10 08:32:29,954] {dag.py:2928} INFO - Setting next_dagrun for example_branch_operator to 2021-12-09 00:00:00+00:00
[2021-12-10 08:32:29,965] {processor.py:171} INFO - Processing /home/airflow/.local/lib/python3.7/site-packages/airflow/example_dags/example_branch_operator.py took 0.082 seconds
[2021-12-10 08:33:00,123] {processor.py:163} INFO - Started process (PID=1348) to work on /home/airflow/.local/lib/python3.7/site-packages/airflow/example_dags/example_branch_operator.py
[2021-12-10 08:33:00,126] {processor.py:625} INFO - Processing file /home/airflow/.local/lib/python3.7/site-packages/airflow/example_dags/example_branch_operator.py for tasks to queue
[2021-12-10 08:33:00,126] {logging_mixin.py:109} INFO - [2021-12-10 08:33:00,126] {dagbag.py:500} INFO - Filling up the DagBag from /home/airflow/.local/lib/python3.7/site-packages/airflow/example_dags/example_branch_operator.py
[2021-12-10 08:33:00,159] {processor.py:637} INFO - DAG(s) dict_keys(['example_branch_operator']) retrieved from /home/airflow/.local/lib/python3.7/site-packages/airflow/example_dags/example_branch_operator.py
[2021-12-10 08:33:00,170] {logging_mixin.py:109} INFO - [2021-12-10 08:33:00,170] {dag.py:2396} INFO - Sync 1 DAGs
[2021-12-10 08:33:00,189] {logging_mixin.py:109} INFO - [2021-12-10 08:33:00,188] {dag.py:2928} INFO - Setting next_dagrun for example_branch_operator to 2021-12-09 00:00:00+00:00
[2021-12-10 08:33:00,200] {processor.py:171} INFO - Processing /home/airflow/.local/lib/python3.7/site-packages/airflow/example_dags/example_branch_operator.py took 0.081 seconds
[2021-12-10 08:33:30,262] {processor.py:163} INFO - Started process (PID=1409) to work on /home/airflow/.local/lib/python3.7/site-packages/airflow/example_dags/example_branch_operator.py
[2021-12-10 08:33:30,264] {processor.py:625} INFO - Processing file /home/airflow/.local/lib/python3.7/site-packages/airflow/example_dags/example_branch_operator.py for tasks to queue
[2021-12-10 08:33:30,265] {logging_mixin.py:109} INFO - [2021-12-10 08:33:30,265] {dagbag.py:500} INFO - Filling up the DagBag from /home/airflow/.local/lib/python3.7/site-packages/airflow/example_dags/example_branch_operator.py
[2021-12-10 08:33:30,296] {processor.py:637} INFO - DAG(s) dict_keys(['example_branch_operator']) retrieved from /home/airflow/.local/lib/python3.7/site-packages/airflow/example_dags/example_branch_operator.py
[2021-12-10 08:33:30,307] {logging_mixin.py:109} INFO - [2021-12-10 08:33:30,307] {dag.py:2396} INFO - Sync 1 DAGs
[2021-12-10 08:33:30,328] {logging_mixin.py:109} INFO - [2021-12-10 08:33:30,328] {dag.py:2928} INFO - Setting next_dagrun for example_branch_operator to 2021-12-09 00:00:00+00:00
[2021-12-10 08:33:30,338] {processor.py:171} INFO - Processing /home/airflow/.local/lib/python3.7/site-packages/airflow/example_dags/example_branch_operator.py took 0.079 seconds
[2021-12-10 08:34:00,400] {processor.py:163} INFO - Started process (PID=1460) to work on /home/airflow/.local/lib/python3.7/site-packages/airflow/example_dags/example_branch_operator.py
[2021-12-10 08:34:00,402] {processor.py:625} INFO - Processing file /home/airflow/.local/lib/python3.7/site-packages/airflow/example_dags/example_branch_operator.py for tasks to queue
[2021-12-10 08:34:00,403] {logging_mixin.py:109} INFO - [2021-12-10 08:34:00,402] {dagbag.py:500} INFO - Filling up the DagBag from /home/airflow/.local/lib/python3.7/site-packages/airflow/example_dags/example_branch_operator.py
[2021-12-10 08:34:00,434] {processor.py:637} INFO - DAG(s) dict_keys(['example_branch_operator']) retrieved from /home/airflow/.local/lib/python3.7/site-packages/airflow/example_dags/example_branch_operator.py
[2021-12-10 08:34:00,447] {logging_mixin.py:109} INFO - [2021-12-10 08:34:00,446] {dag.py:2396} INFO - Sync 1 DAGs
[2021-12-10 08:34:00,465] {logging_mixin.py:109} INFO - [2021-12-10 08:34:00,465] {dag.py:2928} INFO - Setting next_dagrun for example_branch_operator to 2021-12-09 00:00:00+00:00
[2021-12-10 08:34:00,476] {processor.py:171} INFO - Processing /home/airflow/.local/lib/python3.7/site-packages/airflow/example_dags/example_branch_operator.py took 0.079 seconds
[2021-12-10 08:34:30,501] {processor.py:163} INFO - Started process (PID=1521) to work on /home/airflow/.local/lib/python3.7/site-packages/airflow/example_dags/example_branch_operator.py
[2021-12-10 08:34:30,502] {processor.py:625} INFO - Processing file /home/airflow/.local/lib/python3.7/site-packages/airflow/example_dags/example_branch_operator.py for tasks to queue
[2021-12-10 08:34:30,503] {logging_mixin.py:109} INFO - [2021-12-10 08:34:30,503] {dagbag.py:500} INFO - Filling up the DagBag from /home/airflow/.local/lib/python3.7/site-packages/airflow/example_dags/example_branch_operator.py
[2021-12-10 08:34:30,534] {processor.py:637} INFO - DAG(s) dict_keys(['example_branch_operator']) retrieved from /home/airflow/.local/lib/python3.7/site-packages/airflow/example_dags/example_branch_operator.py
[2021-12-10 08:34:30,550] {logging_mixin.py:109} INFO - [2021-12-10 08:34:30,550] {dag.py:2396} INFO - Sync 1 DAGs
[2021-12-10 08:34:30,569] {logging_mixin.py:109} INFO - [2021-12-10 08:34:30,569] {dag.py:2928} INFO - Setting next_dagrun for example_branch_operator to 2021-12-09 00:00:00+00:00
[2021-12-10 08:34:30,579] {processor.py:171} INFO - Processing /home/airflow/.local/lib/python3.7/site-packages/airflow/example_dags/example_branch_operator.py took 0.082 seconds
[2021-12-10 08:35:00,715] {processor.py:163} INFO - Started process (PID=1573) to work on /home/airflow/.local/lib/python3.7/site-packages/airflow/example_dags/example_branch_operator.py
[2021-12-10 08:35:00,717] {processor.py:625} INFO - Processing file /home/airflow/.local/lib/python3.7/site-packages/airflow/example_dags/example_branch_operator.py for tasks to queue
[2021-12-10 08:35:00,717] {logging_mixin.py:109} INFO - [2021-12-10 08:35:00,717] {dagbag.py:500} INFO - Filling up the DagBag from /home/airflow/.local/lib/python3.7/site-packages/airflow/example_dags/example_branch_operator.py
[2021-12-10 08:35:00,749] {processor.py:637} INFO - DAG(s) dict_keys(['example_branch_operator']) retrieved from /home/airflow/.local/lib/python3.7/site-packages/airflow/example_dags/example_branch_operator.py
[2021-12-10 08:35:00,761] {logging_mixin.py:109} INFO - [2021-12-10 08:35:00,760] {dag.py:2396} INFO - Sync 1 DAGs
[2021-12-10 08:35:00,781] {logging_mixin.py:109} INFO - [2021-12-10 08:35:00,781] {dag.py:2928} INFO - Setting next_dagrun for example_branch_operator to 2021-12-09 00:00:00+00:00
[2021-12-10 08:35:00,790] {processor.py:171} INFO - Processing /home/airflow/.local/lib/python3.7/site-packages/airflow/example_dags/example_branch_operator.py took 0.079 seconds
[2021-12-10 08:35:30,953] {processor.py:163} INFO - Started process (PID=1626) to work on /home/airflow/.local/lib/python3.7/site-packages/airflow/example_dags/example_branch_operator.py
[2021-12-10 08:35:30,956] {processor.py:625} INFO - Processing file /home/airflow/.local/lib/python3.7/site-packages/airflow/example_dags/example_branch_operator.py for tasks to queue
[2021-12-10 08:35:30,956] {logging_mixin.py:109} INFO - [2021-12-10 08:35:30,956] {dagbag.py:500} INFO - Filling up the DagBag from /home/airflow/.local/lib/python3.7/site-packages/airflow/example_dags/example_branch_operator.py
[2021-12-10 08:35:30,992] {processor.py:637} INFO - DAG(s) dict_keys(['example_branch_operator']) retrieved from /home/airflow/.local/lib/python3.7/site-packages/airflow/example_dags/example_branch_operator.py
[2021-12-10 08:35:31,004] {logging_mixin.py:109} INFO - [2021-12-10 08:35:31,004] {dag.py:2396} INFO - Sync 1 DAGs
[2021-12-10 08:35:31,022] {logging_mixin.py:109} INFO - [2021-12-10 08:35:31,022] {dag.py:2928} INFO - Setting next_dagrun for example_branch_operator to 2021-12-09 00:00:00+00:00
[2021-12-10 08:35:31,031] {processor.py:171} INFO - Processing /home/airflow/.local/lib/python3.7/site-packages/airflow/example_dags/example_branch_operator.py took 0.083 seconds
[2021-12-10 08:36:01,424] {processor.py:163} INFO - Started process (PID=1689) to work on /home/airflow/.local/lib/python3.7/site-packages/airflow/example_dags/example_branch_operator.py
[2021-12-10 08:36:01,426] {processor.py:625} INFO - Processing file /home/airflow/.local/lib/python3.7/site-packages/airflow/example_dags/example_branch_operator.py for tasks to queue
[2021-12-10 08:36:01,427] {logging_mixin.py:109} INFO - [2021-12-10 08:36:01,427] {dagbag.py:500} INFO - Filling up the DagBag from /home/airflow/.local/lib/python3.7/site-packages/airflow/example_dags/example_branch_operator.py
[2021-12-10 08:36:01,459] {processor.py:637} INFO - DAG(s) dict_keys(['example_branch_operator']) retrieved from /home/airflow/.local/lib/python3.7/site-packages/airflow/example_dags/example_branch_operator.py
[2021-12-10 08:36:01,471] {logging_mixin.py:109} INFO - [2021-12-10 08:36:01,470] {dag.py:2396} INFO - Sync 1 DAGs
[2021-12-10 08:36:01,489] {logging_mixin.py:109} INFO - [2021-12-10 08:36:01,489] {dag.py:2928} INFO - Setting next_dagrun for example_branch_operator to 2021-12-09 00:00:00+00:00
[2021-12-10 08:36:01,498] {processor.py:171} INFO - Processing /home/airflow/.local/lib/python3.7/site-packages/airflow/example_dags/example_branch_operator.py took 0.078 seconds
[2021-12-10 08:36:31,788] {processor.py:163} INFO - Started process (PID=1742) to work on /home/airflow/.local/lib/python3.7/site-packages/airflow/example_dags/example_branch_operator.py
[2021-12-10 08:36:31,790] {processor.py:625} INFO - Processing file /home/airflow/.local/lib/python3.7/site-packages/airflow/example_dags/example_branch_operator.py for tasks to queue
[2021-12-10 08:36:31,791] {logging_mixin.py:109} INFO - [2021-12-10 08:36:31,791] {dagbag.py:500} INFO - Filling up the DagBag from /home/airflow/.local/lib/python3.7/site-packages/airflow/example_dags/example_branch_operator.py
[2021-12-10 08:36:31,824] {processor.py:637} INFO - DAG(s) dict_keys(['example_branch_operator']) retrieved from /home/airflow/.local/lib/python3.7/site-packages/airflow/example_dags/example_branch_operator.py
[2021-12-10 08:36:31,837] {logging_mixin.py:109} INFO - [2021-12-10 08:36:31,836] {dag.py:2396} INFO - Sync 1 DAGs
[2021-12-10 08:36:31,856] {logging_mixin.py:109} INFO - [2021-12-10 08:36:31,856] {dag.py:2928} INFO - Setting next_dagrun for example_branch_operator to 2021-12-09 00:00:00+00:00
[2021-12-10 08:36:31,865] {processor.py:171} INFO - Processing /home/airflow/.local/lib/python3.7/site-packages/airflow/example_dags/example_branch_operator.py took 0.081 seconds
[2021-12-10 08:37:02,010] {processor.py:163} INFO - Started process (PID=1804) to work on /home/airflow/.local/lib/python3.7/site-packages/airflow/example_dags/example_branch_operator.py
[2021-12-10 08:37:02,012] {processor.py:625} INFO - Processing file /home/airflow/.local/lib/python3.7/site-packages/airflow/example_dags/example_branch_operator.py for tasks to queue
[2021-12-10 08:37:02,013] {logging_mixin.py:109} INFO - [2021-12-10 08:37:02,012] {dagbag.py:500} INFO - Filling up the DagBag from /home/airflow/.local/lib/python3.7/site-packages/airflow/example_dags/example_branch_operator.py
[2021-12-10 08:37:02,047] {processor.py:637} INFO - DAG(s) dict_keys(['example_branch_operator']) retrieved from /home/airflow/.local/lib/python3.7/site-packages/airflow/example_dags/example_branch_operator.py
[2021-12-10 08:37:02,060] {logging_mixin.py:109} INFO - [2021-12-10 08:37:02,059] {dag.py:2396} INFO - Sync 1 DAGs
[2021-12-10 08:37:02,078] {logging_mixin.py:109} INFO - [2021-12-10 08:37:02,078] {dag.py:2928} INFO - Setting next_dagrun for example_branch_operator to 2021-12-09 00:00:00+00:00
[2021-12-10 08:37:02,089] {processor.py:171} INFO - Processing /home/airflow/.local/lib/python3.7/site-packages/airflow/example_dags/example_branch_operator.py took 0.083 seconds
[2021-12-10 08:37:32,222] {processor.py:163} INFO - Started process (PID=1858) to work on /home/airflow/.local/lib/python3.7/site-packages/airflow/example_dags/example_branch_operator.py
[2021-12-10 08:37:32,224] {processor.py:625} INFO - Processing file /home/airflow/.local/lib/python3.7/site-packages/airflow/example_dags/example_branch_operator.py for tasks to queue
[2021-12-10 08:37:32,225] {logging_mixin.py:109} INFO - [2021-12-10 08:37:32,225] {dagbag.py:500} INFO - Filling up the DagBag from /home/airflow/.local/lib/python3.7/site-packages/airflow/example_dags/example_branch_operator.py
[2021-12-10 08:37:32,263] {processor.py:637} INFO - DAG(s) dict_keys(['example_branch_operator']) retrieved from /home/airflow/.local/lib/python3.7/site-packages/airflow/example_dags/example_branch_operator.py
[2021-12-10 08:37:32,274] {logging_mixin.py:109} INFO - [2021-12-10 08:37:32,274] {dag.py:2396} INFO - Sync 1 DAGs
[2021-12-10 08:37:32,292] {logging_mixin.py:109} INFO - [2021-12-10 08:37:32,292] {dag.py:2928} INFO - Setting next_dagrun for example_branch_operator to 2021-12-09 00:00:00+00:00
[2021-12-10 08:37:32,300] {processor.py:171} INFO - Processing /home/airflow/.local/lib/python3.7/site-packages/airflow/example_dags/example_branch_operator.py took 0.084 seconds
[2021-12-10 08:38:02,389] {processor.py:163} INFO - Started process (PID=1910) to work on /home/airflow/.local/lib/python3.7/site-packages/airflow/example_dags/example_branch_operator.py
[2021-12-10 08:38:02,392] {processor.py:625} INFO - Processing file /home/airflow/.local/lib/python3.7/site-packages/airflow/example_dags/example_branch_operator.py for tasks to queue
[2021-12-10 08:38:02,393] {logging_mixin.py:109} INFO - [2021-12-10 08:38:02,393] {dagbag.py:500} INFO - Filling up the DagBag from /home/airflow/.local/lib/python3.7/site-packages/airflow/example_dags/example_branch_operator.py
[2021-12-10 08:38:02,430] {processor.py:637} INFO - DAG(s) dict_keys(['example_branch_operator']) retrieved from /home/airflow/.local/lib/python3.7/site-packages/airflow/example_dags/example_branch_operator.py
[2021-12-10 08:38:02,446] {logging_mixin.py:109} INFO - [2021-12-10 08:38:02,446] {dag.py:2396} INFO - Sync 1 DAGs
[2021-12-10 08:38:02,466] {logging_mixin.py:109} INFO - [2021-12-10 08:38:02,466] {dag.py:2928} INFO - Setting next_dagrun for example_branch_operator to 2021-12-09 00:00:00+00:00
[2021-12-10 08:38:02,476] {processor.py:171} INFO - Processing /home/airflow/.local/lib/python3.7/site-packages/airflow/example_dags/example_branch_operator.py took 0.092 seconds
[2021-12-10 08:38:32,797] {processor.py:163} INFO - Started process (PID=1971) to work on /home/airflow/.local/lib/python3.7/site-packages/airflow/example_dags/example_branch_operator.py
[2021-12-10 08:38:32,798] {processor.py:625} INFO - Processing file /home/airflow/.local/lib/python3.7/site-packages/airflow/example_dags/example_branch_operator.py for tasks to queue
[2021-12-10 08:38:32,799] {logging_mixin.py:109} INFO - [2021-12-10 08:38:32,799] {dagbag.py:500} INFO - Filling up the DagBag from /home/airflow/.local/lib/python3.7/site-packages/airflow/example_dags/example_branch_operator.py
[2021-12-10 08:38:32,831] {processor.py:637} INFO - DAG(s) dict_keys(['example_branch_operator']) retrieved from /home/airflow/.local/lib/python3.7/site-packages/airflow/example_dags/example_branch_operator.py
[2021-12-10 08:38:32,842] {logging_mixin.py:109} INFO - [2021-12-10 08:38:32,842] {dag.py:2396} INFO - Sync 1 DAGs
[2021-12-10 08:38:32,859] {logging_mixin.py:109} INFO - [2021-12-10 08:38:32,859] {dag.py:2928} INFO - Setting next_dagrun for example_branch_operator to 2021-12-09 00:00:00+00:00
[2021-12-10 08:38:32,868] {processor.py:171} INFO - Processing /home/airflow/.local/lib/python3.7/site-packages/airflow/example_dags/example_branch_operator.py took 0.076 seconds
[2021-12-10 08:39:03,209] {processor.py:163} INFO - Started process (PID=2023) to work on /home/airflow/.local/lib/python3.7/site-packages/airflow/example_dags/example_branch_operator.py
[2021-12-10 08:39:03,211] {processor.py:625} INFO - Processing file /home/airflow/.local/lib/python3.7/site-packages/airflow/example_dags/example_branch_operator.py for tasks to queue
[2021-12-10 08:39:03,211] {logging_mixin.py:109} INFO - [2021-12-10 08:39:03,211] {dagbag.py:500} INFO - Filling up the DagBag from /home/airflow/.local/lib/python3.7/site-packages/airflow/example_dags/example_branch_operator.py
[2021-12-10 08:39:03,242] {processor.py:637} INFO - DAG(s) dict_keys(['example_branch_operator']) retrieved from /home/airflow/.local/lib/python3.7/site-packages/airflow/example_dags/example_branch_operator.py
[2021-12-10 08:39:03,253] {logging_mixin.py:109} INFO - [2021-12-10 08:39:03,253] {dag.py:2396} INFO - Sync 1 DAGs
[2021-12-10 08:39:03,271] {logging_mixin.py:109} INFO - [2021-12-10 08:39:03,271] {dag.py:2928} INFO - Setting next_dagrun for example_branch_operator to 2021-12-09 00:00:00+00:00
[2021-12-10 08:39:03,281] {processor.py:171} INFO - Processing /home/airflow/.local/lib/python3.7/site-packages/airflow/example_dags/example_branch_operator.py took 0.076 seconds
[2021-12-10 08:39:33,407] {processor.py:163} INFO - Started process (PID=2085) to work on /home/airflow/.local/lib/python3.7/site-packages/airflow/example_dags/example_branch_operator.py
[2021-12-10 08:39:33,409] {processor.py:625} INFO - Processing file /home/airflow/.local/lib/python3.7/site-packages/airflow/example_dags/example_branch_operator.py for tasks to queue
[2021-12-10 08:39:33,410] {logging_mixin.py:109} INFO - [2021-12-10 08:39:33,410] {dagbag.py:500} INFO - Filling up the DagBag from /home/airflow/.local/lib/python3.7/site-packages/airflow/example_dags/example_branch_operator.py
[2021-12-10 08:39:33,442] {processor.py:637} INFO - DAG(s) dict_keys(['example_branch_operator']) retrieved from /home/airflow/.local/lib/python3.7/site-packages/airflow/example_dags/example_branch_operator.py
[2021-12-10 08:39:33,455] {logging_mixin.py:109} INFO - [2021-12-10 08:39:33,455] {dag.py:2396} INFO - Sync 1 DAGs
[2021-12-10 08:39:33,476] {logging_mixin.py:109} INFO - [2021-12-10 08:39:33,476] {dag.py:2928} INFO - Setting next_dagrun for example_branch_operator to 2021-12-09 00:00:00+00:00
[2021-12-10 08:39:33,485] {processor.py:171} INFO - Processing /home/airflow/.local/lib/python3.7/site-packages/airflow/example_dags/example_branch_operator.py took 0.082 seconds
[2021-12-10 08:40:03,626] {processor.py:163} INFO - Started process (PID=2139) to work on /home/airflow/.local/lib/python3.7/site-packages/airflow/example_dags/example_branch_operator.py
[2021-12-10 08:40:03,628] {processor.py:625} INFO - Processing file /home/airflow/.local/lib/python3.7/site-packages/airflow/example_dags/example_branch_operator.py for tasks to queue
[2021-12-10 08:40:03,629] {logging_mixin.py:109} INFO - [2021-12-10 08:40:03,629] {dagbag.py:500} INFO - Filling up the DagBag from /home/airflow/.local/lib/python3.7/site-packages/airflow/example_dags/example_branch_operator.py
[2021-12-10 08:40:03,661] {processor.py:637} INFO - DAG(s) dict_keys(['example_branch_operator']) retrieved from /home/airflow/.local/lib/python3.7/site-packages/airflow/example_dags/example_branch_operator.py
[2021-12-10 08:40:03,674] {logging_mixin.py:109} INFO - [2021-12-10 08:40:03,674] {dag.py:2396} INFO - Sync 1 DAGs
[2021-12-10 08:40:03,693] {logging_mixin.py:109} INFO - [2021-12-10 08:40:03,692] {dag.py:2928} INFO - Setting next_dagrun for example_branch_operator to 2021-12-09 00:00:00+00:00
[2021-12-10 08:40:03,702] {processor.py:171} INFO - Processing /home/airflow/.local/lib/python3.7/site-packages/airflow/example_dags/example_branch_operator.py took 0.079 seconds
[2021-12-10 08:40:33,772] {processor.py:163} INFO - Started process (PID=2191) to work on /home/airflow/.local/lib/python3.7/site-packages/airflow/example_dags/example_branch_operator.py
[2021-12-10 08:40:33,774] {processor.py:625} INFO - Processing file /home/airflow/.local/lib/python3.7/site-packages/airflow/example_dags/example_branch_operator.py for tasks to queue
[2021-12-10 08:40:33,774] {logging_mixin.py:109} INFO - [2021-12-10 08:40:33,774] {dagbag.py:500} INFO - Filling up the DagBag from /home/airflow/.local/lib/python3.7/site-packages/airflow/example_dags/example_branch_operator.py
[2021-12-10 08:40:33,807] {processor.py:637} INFO - DAG(s) dict_keys(['example_branch_operator']) retrieved from /home/airflow/.local/lib/python3.7/site-packages/airflow/example_dags/example_branch_operator.py
[2021-12-10 08:40:33,820] {logging_mixin.py:109} INFO - [2021-12-10 08:40:33,819] {dag.py:2396} INFO - Sync 1 DAGs
[2021-12-10 08:40:33,838] {logging_mixin.py:109} INFO - [2021-12-10 08:40:33,838] {dag.py:2928} INFO - Setting next_dagrun for example_branch_operator to 2021-12-09 00:00:00+00:00
[2021-12-10 08:40:33,848] {processor.py:171} INFO - Processing /home/airflow/.local/lib/python3.7/site-packages/airflow/example_dags/example_branch_operator.py took 0.080 seconds
[2021-12-10 08:41:04,081] {processor.py:163} INFO - Started process (PID=2253) to work on /home/airflow/.local/lib/python3.7/site-packages/airflow/example_dags/example_branch_operator.py
[2021-12-10 08:41:04,083] {processor.py:625} INFO - Processing file /home/airflow/.local/lib/python3.7/site-packages/airflow/example_dags/example_branch_operator.py for tasks to queue
[2021-12-10 08:41:04,083] {logging_mixin.py:109} INFO - [2021-12-10 08:41:04,083] {dagbag.py:500} INFO - Filling up the DagBag from /home/airflow/.local/lib/python3.7/site-packages/airflow/example_dags/example_branch_operator.py
[2021-12-10 08:41:04,121] {processor.py:637} INFO - DAG(s) dict_keys(['example_branch_operator']) retrieved from /home/airflow/.local/lib/python3.7/site-packages/airflow/example_dags/example_branch_operator.py
[2021-12-10 08:41:04,133] {logging_mixin.py:109} INFO - [2021-12-10 08:41:04,133] {dag.py:2396} INFO - Sync 1 DAGs
[2021-12-10 08:41:04,155] {logging_mixin.py:109} INFO - [2021-12-10 08:41:04,155] {dag.py:2928} INFO - Setting next_dagrun for example_branch_operator to 2021-12-09 00:00:00+00:00
[2021-12-10 08:41:04,166] {processor.py:171} INFO - Processing /home/airflow/.local/lib/python3.7/site-packages/airflow/example_dags/example_branch_operator.py took 0.090 seconds
[2021-12-10 08:41:34,191] {processor.py:163} INFO - Started process (PID=2305) to work on /home/airflow/.local/lib/python3.7/site-packages/airflow/example_dags/example_branch_operator.py
[2021-12-10 08:41:34,192] {processor.py:625} INFO - Processing file /home/airflow/.local/lib/python3.7/site-packages/airflow/example_dags/example_branch_operator.py for tasks to queue
[2021-12-10 08:41:34,193] {logging_mixin.py:109} INFO - [2021-12-10 08:41:34,193] {dagbag.py:500} INFO - Filling up the DagBag from /home/airflow/.local/lib/python3.7/site-packages/airflow/example_dags/example_branch_operator.py
[2021-12-10 08:41:34,223] {processor.py:637} INFO - DAG(s) dict_keys(['example_branch_operator']) retrieved from /home/airflow/.local/lib/python3.7/site-packages/airflow/example_dags/example_branch_operator.py
[2021-12-10 08:41:34,235] {logging_mixin.py:109} INFO - [2021-12-10 08:41:34,235] {dag.py:2396} INFO - Sync 1 DAGs
[2021-12-10 08:41:34,254] {logging_mixin.py:109} INFO - [2021-12-10 08:41:34,254] {dag.py:2928} INFO - Setting next_dagrun for example_branch_operator to 2021-12-09 00:00:00+00:00
[2021-12-10 08:41:34,273] {processor.py:171} INFO - Processing /home/airflow/.local/lib/python3.7/site-packages/airflow/example_dags/example_branch_operator.py took 0.085 seconds
[2021-12-10 08:42:04,743] {processor.py:163} INFO - Started process (PID=2369) to work on /home/airflow/.local/lib/python3.7/site-packages/airflow/example_dags/example_branch_operator.py
[2021-12-10 08:42:04,745] {processor.py:625} INFO - Processing file /home/airflow/.local/lib/python3.7/site-packages/airflow/example_dags/example_branch_operator.py for tasks to queue
[2021-12-10 08:42:04,745] {logging_mixin.py:109} INFO - [2021-12-10 08:42:04,745] {dagbag.py:500} INFO - Filling up the DagBag from /home/airflow/.local/lib/python3.7/site-packages/airflow/example_dags/example_branch_operator.py
[2021-12-10 08:42:04,783] {processor.py:637} INFO - DAG(s) dict_keys(['example_branch_operator']) retrieved from /home/airflow/.local/lib/python3.7/site-packages/airflow/example_dags/example_branch_operator.py
[2021-12-10 08:42:04,794] {logging_mixin.py:109} INFO - [2021-12-10 08:42:04,794] {dag.py:2396} INFO - Sync 1 DAGs
[2021-12-10 08:42:04,814] {logging_mixin.py:109} INFO - [2021-12-10 08:42:04,813] {dag.py:2928} INFO - Setting next_dagrun for example_branch_operator to 2021-12-09 00:00:00+00:00
[2021-12-10 08:42:04,826] {processor.py:171} INFO - Processing /home/airflow/.local/lib/python3.7/site-packages/airflow/example_dags/example_branch_operator.py took 0.087 seconds
[2021-12-10 08:42:34,853] {processor.py:163} INFO - Started process (PID=2421) to work on /home/airflow/.local/lib/python3.7/site-packages/airflow/example_dags/example_branch_operator.py
[2021-12-10 08:42:34,856] {processor.py:625} INFO - Processing file /home/airflow/.local/lib/python3.7/site-packages/airflow/example_dags/example_branch_operator.py for tasks to queue
[2021-12-10 08:42:34,856] {logging_mixin.py:109} INFO - [2021-12-10 08:42:34,856] {dagbag.py:500} INFO - Filling up the DagBag from /home/airflow/.local/lib/python3.7/site-packages/airflow/example_dags/example_branch_operator.py
[2021-12-10 08:42:34,888] {processor.py:637} INFO - DAG(s) dict_keys(['example_branch_operator']) retrieved from /home/airflow/.local/lib/python3.7/site-packages/airflow/example_dags/example_branch_operator.py
[2021-12-10 08:42:34,899] {logging_mixin.py:109} INFO - [2021-12-10 08:42:34,899] {dag.py:2396} INFO - Sync 1 DAGs
[2021-12-10 08:42:34,918] {logging_mixin.py:109} INFO - [2021-12-10 08:42:34,918] {dag.py:2928} INFO - Setting next_dagrun for example_branch_operator to 2021-12-09 00:00:00+00:00
[2021-12-10 08:42:34,929] {processor.py:171} INFO - Processing /home/airflow/.local/lib/python3.7/site-packages/airflow/example_dags/example_branch_operator.py took 0.080 seconds
[2021-12-10 08:43:05,205] {processor.py:163} INFO - Started process (PID=2474) to work on /home/airflow/.local/lib/python3.7/site-packages/airflow/example_dags/example_branch_operator.py
[2021-12-10 08:43:05,207] {processor.py:625} INFO - Processing file /home/airflow/.local/lib/python3.7/site-packages/airflow/example_dags/example_branch_operator.py for tasks to queue
[2021-12-10 08:43:05,207] {logging_mixin.py:109} INFO - [2021-12-10 08:43:05,207] {dagbag.py:500} INFO - Filling up the DagBag from /home/airflow/.local/lib/python3.7/site-packages/airflow/example_dags/example_branch_operator.py
[2021-12-10 08:43:05,240] {processor.py:637} INFO - DAG(s) dict_keys(['example_branch_operator']) retrieved from /home/airflow/.local/lib/python3.7/site-packages/airflow/example_dags/example_branch_operator.py
[2021-12-10 08:43:05,252] {logging_mixin.py:109} INFO - [2021-12-10 08:43:05,252] {dag.py:2396} INFO - Sync 1 DAGs
[2021-12-10 08:43:05,270] {logging_mixin.py:109} INFO - [2021-12-10 08:43:05,270] {dag.py:2928} INFO - Setting next_dagrun for example_branch_operator to 2021-12-09 00:00:00+00:00
[2021-12-10 08:43:05,279] {processor.py:171} INFO - Processing /home/airflow/.local/lib/python3.7/site-packages/airflow/example_dags/example_branch_operator.py took 0.077 seconds
[2021-12-10 08:43:35,513] {processor.py:163} INFO - Started process (PID=2534) to work on /home/airflow/.local/lib/python3.7/site-packages/airflow/example_dags/example_branch_operator.py
[2021-12-10 08:43:35,515] {processor.py:625} INFO - Processing file /home/airflow/.local/lib/python3.7/site-packages/airflow/example_dags/example_branch_operator.py for tasks to queue
[2021-12-10 08:43:35,516] {logging_mixin.py:109} INFO - [2021-12-10 08:43:35,516] {dagbag.py:500} INFO - Filling up the DagBag from /home/airflow/.local/lib/python3.7/site-packages/airflow/example_dags/example_branch_operator.py
[2021-12-10 08:43:35,548] {processor.py:637} INFO - DAG(s) dict_keys(['example_branch_operator']) retrieved from /home/airflow/.local/lib/python3.7/site-packages/airflow/example_dags/example_branch_operator.py
[2021-12-10 08:43:35,561] {logging_mixin.py:109} INFO - [2021-12-10 08:43:35,561] {dag.py:2396} INFO - Sync 1 DAGs
[2021-12-10 08:43:35,580] {logging_mixin.py:109} INFO - [2021-12-10 08:43:35,580] {dag.py:2928} INFO - Setting next_dagrun for example_branch_operator to 2021-12-09 00:00:00+00:00
[2021-12-10 08:43:35,589] {processor.py:171} INFO - Processing /home/airflow/.local/lib/python3.7/site-packages/airflow/example_dags/example_branch_operator.py took 0.080 seconds
[2021-12-10 08:44:05,848] {processor.py:163} INFO - Started process (PID=2586) to work on /home/airflow/.local/lib/python3.7/site-packages/airflow/example_dags/example_branch_operator.py
[2021-12-10 08:44:05,850] {processor.py:625} INFO - Processing file /home/airflow/.local/lib/python3.7/site-packages/airflow/example_dags/example_branch_operator.py for tasks to queue
[2021-12-10 08:44:05,850] {logging_mixin.py:109} INFO - [2021-12-10 08:44:05,850] {dagbag.py:500} INFO - Filling up the DagBag from /home/airflow/.local/lib/python3.7/site-packages/airflow/example_dags/example_branch_operator.py
[2021-12-10 08:44:05,881] {processor.py:637} INFO - DAG(s) dict_keys(['example_branch_operator']) retrieved from /home/airflow/.local/lib/python3.7/site-packages/airflow/example_dags/example_branch_operator.py
[2021-12-10 08:44:05,893] {logging_mixin.py:109} INFO - [2021-12-10 08:44:05,893] {dag.py:2396} INFO - Sync 1 DAGs
[2021-12-10 08:44:05,911] {logging_mixin.py:109} INFO - [2021-12-10 08:44:05,911] {dag.py:2928} INFO - Setting next_dagrun for example_branch_operator to 2021-12-09 00:00:00+00:00
[2021-12-10 08:44:05,921] {processor.py:171} INFO - Processing /home/airflow/.local/lib/python3.7/site-packages/airflow/example_dags/example_branch_operator.py took 0.077 seconds
[2021-12-10 08:44:36,476] {processor.py:163} INFO - Started process (PID=2649) to work on /home/airflow/.local/lib/python3.7/site-packages/airflow/example_dags/example_branch_operator.py
[2021-12-10 08:44:36,478] {processor.py:625} INFO - Processing file /home/airflow/.local/lib/python3.7/site-packages/airflow/example_dags/example_branch_operator.py for tasks to queue
[2021-12-10 08:44:36,479] {logging_mixin.py:109} INFO - [2021-12-10 08:44:36,479] {dagbag.py:500} INFO - Filling up the DagBag from /home/airflow/.local/lib/python3.7/site-packages/airflow/example_dags/example_branch_operator.py
[2021-12-10 08:44:36,512] {processor.py:637} INFO - DAG(s) dict_keys(['example_branch_operator']) retrieved from /home/airflow/.local/lib/python3.7/site-packages/airflow/example_dags/example_branch_operator.py
[2021-12-10 08:44:36,524] {logging_mixin.py:109} INFO - [2021-12-10 08:44:36,524] {dag.py:2396} INFO - Sync 1 DAGs
[2021-12-10 08:44:36,544] {logging_mixin.py:109} INFO - [2021-12-10 08:44:36,544] {dag.py:2928} INFO - Setting next_dagrun for example_branch_operator to 2021-12-09 00:00:00+00:00
[2021-12-10 08:44:36,553] {processor.py:171} INFO - Processing /home/airflow/.local/lib/python3.7/site-packages/airflow/example_dags/example_branch_operator.py took 0.081 seconds
[2021-12-10 08:45:07,010] {processor.py:163} INFO - Started process (PID=2701) to work on /home/airflow/.local/lib/python3.7/site-packages/airflow/example_dags/example_branch_operator.py
[2021-12-10 08:45:07,012] {processor.py:625} INFO - Processing file /home/airflow/.local/lib/python3.7/site-packages/airflow/example_dags/example_branch_operator.py for tasks to queue
[2021-12-10 08:45:07,013] {logging_mixin.py:109} INFO - [2021-12-10 08:45:07,012] {dagbag.py:500} INFO - Filling up the DagBag from /home/airflow/.local/lib/python3.7/site-packages/airflow/example_dags/example_branch_operator.py
[2021-12-10 08:45:07,045] {processor.py:637} INFO - DAG(s) dict_keys(['example_branch_operator']) retrieved from /home/airflow/.local/lib/python3.7/site-packages/airflow/example_dags/example_branch_operator.py
[2021-12-10 08:45:07,057] {logging_mixin.py:109} INFO - [2021-12-10 08:45:07,056] {dag.py:2396} INFO - Sync 1 DAGs
[2021-12-10 08:45:07,076] {logging_mixin.py:109} INFO - [2021-12-10 08:45:07,076] {dag.py:2928} INFO - Setting next_dagrun for example_branch_operator to 2021-12-09 00:00:00+00:00
[2021-12-10 08:45:07,086] {processor.py:171} INFO - Processing /home/airflow/.local/lib/python3.7/site-packages/airflow/example_dags/example_branch_operator.py took 0.080 seconds
[2021-12-10 08:45:37,248] {processor.py:163} INFO - Started process (PID=2753) to work on /home/airflow/.local/lib/python3.7/site-packages/airflow/example_dags/example_branch_operator.py
[2021-12-10 08:45:37,250] {processor.py:625} INFO - Processing file /home/airflow/.local/lib/python3.7/site-packages/airflow/example_dags/example_branch_operator.py for tasks to queue
[2021-12-10 08:45:37,251] {logging_mixin.py:109} INFO - [2021-12-10 08:45:37,251] {dagbag.py:500} INFO - Filling up the DagBag from /home/airflow/.local/lib/python3.7/site-packages/airflow/example_dags/example_branch_operator.py
[2021-12-10 08:45:37,286] {processor.py:637} INFO - DAG(s) dict_keys(['example_branch_operator']) retrieved from /home/airflow/.local/lib/python3.7/site-packages/airflow/example_dags/example_branch_operator.py
[2021-12-10 08:45:37,299] {logging_mixin.py:109} INFO - [2021-12-10 08:45:37,299] {dag.py:2396} INFO - Sync 1 DAGs
[2021-12-10 08:45:37,320] {logging_mixin.py:109} INFO - [2021-12-10 08:45:37,320] {dag.py:2928} INFO - Setting next_dagrun for example_branch_operator to 2021-12-09 00:00:00+00:00
[2021-12-10 08:45:37,444] {processor.py:171} INFO - Processing /home/airflow/.local/lib/python3.7/site-packages/airflow/example_dags/example_branch_operator.py took 0.201 seconds
[2021-12-10 08:46:08,300] {processor.py:163} INFO - Started process (PID=2814) to work on /home/airflow/.local/lib/python3.7/site-packages/airflow/example_dags/example_branch_operator.py
[2021-12-10 08:46:08,302] {processor.py:625} INFO - Processing file /home/airflow/.local/lib/python3.7/site-packages/airflow/example_dags/example_branch_operator.py for tasks to queue
[2021-12-10 08:46:08,302] {logging_mixin.py:109} INFO - [2021-12-10 08:46:08,302] {dagbag.py:500} INFO - Filling up the DagBag from /home/airflow/.local/lib/python3.7/site-packages/airflow/example_dags/example_branch_operator.py
[2021-12-10 08:46:08,333] {processor.py:637} INFO - DAG(s) dict_keys(['example_branch_operator']) retrieved from /home/airflow/.local/lib/python3.7/site-packages/airflow/example_dags/example_branch_operator.py
[2021-12-10 08:46:08,345] {logging_mixin.py:109} INFO - [2021-12-10 08:46:08,345] {dag.py:2396} INFO - Sync 1 DAGs
[2021-12-10 08:46:08,488] {logging_mixin.py:109} INFO - [2021-12-10 08:46:08,488] {dag.py:2928} INFO - Setting next_dagrun for example_branch_operator to 2021-12-09 00:00:00+00:00
[2021-12-10 08:46:08,496] {processor.py:171} INFO - Processing /home/airflow/.local/lib/python3.7/site-packages/airflow/example_dags/example_branch_operator.py took 0.201 seconds
[2021-12-10 08:46:39,142] {processor.py:163} INFO - Started process (PID=2867) to work on /home/airflow/.local/lib/python3.7/site-packages/airflow/example_dags/example_branch_operator.py
[2021-12-10 08:46:39,144] {processor.py:625} INFO - Processing file /home/airflow/.local/lib/python3.7/site-packages/airflow/example_dags/example_branch_operator.py for tasks to queue
[2021-12-10 08:46:39,145] {logging_mixin.py:109} INFO - [2021-12-10 08:46:39,145] {dagbag.py:500} INFO - Filling up the DagBag from /home/airflow/.local/lib/python3.7/site-packages/airflow/example_dags/example_branch_operator.py
[2021-12-10 08:46:39,175] {processor.py:637} INFO - DAG(s) dict_keys(['example_branch_operator']) retrieved from /home/airflow/.local/lib/python3.7/site-packages/airflow/example_dags/example_branch_operator.py
[2021-12-10 08:46:39,188] {logging_mixin.py:109} INFO - [2021-12-10 08:46:39,188] {dag.py:2396} INFO - Sync 1 DAGs
[2021-12-10 08:46:39,315] {logging_mixin.py:109} INFO - [2021-12-10 08:46:39,315] {dag.py:2928} INFO - Setting next_dagrun for example_branch_operator to 2021-12-09 00:00:00+00:00
[2021-12-10 08:46:39,324] {processor.py:171} INFO - Processing /home/airflow/.local/lib/python3.7/site-packages/airflow/example_dags/example_branch_operator.py took 0.185 seconds
[2021-12-10 08:47:09,969] {processor.py:163} INFO - Started process (PID=2928) to work on /home/airflow/.local/lib/python3.7/site-packages/airflow/example_dags/example_branch_operator.py
[2021-12-10 08:47:09,970] {processor.py:625} INFO - Processing file /home/airflow/.local/lib/python3.7/site-packages/airflow/example_dags/example_branch_operator.py for tasks to queue
[2021-12-10 08:47:09,971] {logging_mixin.py:109} INFO - [2021-12-10 08:47:09,971] {dagbag.py:500} INFO - Filling up the DagBag from /home/airflow/.local/lib/python3.7/site-packages/airflow/example_dags/example_branch_operator.py
[2021-12-10 08:47:10,003] {processor.py:637} INFO - DAG(s) dict_keys(['example_branch_operator']) retrieved from /home/airflow/.local/lib/python3.7/site-packages/airflow/example_dags/example_branch_operator.py
[2021-12-10 08:47:10,015] {logging_mixin.py:109} INFO - [2021-12-10 08:47:10,015] {dag.py:2396} INFO - Sync 1 DAGs
[2021-12-10 08:47:10,139] {logging_mixin.py:109} INFO - [2021-12-10 08:47:10,139] {dag.py:2928} INFO - Setting next_dagrun for example_branch_operator to 2021-12-09 00:00:00+00:00
[2021-12-10 08:47:10,148] {processor.py:171} INFO - Processing /home/airflow/.local/lib/python3.7/site-packages/airflow/example_dags/example_branch_operator.py took 0.183 seconds
