[2021-12-10 08:23:42,211] {processor.py:163} INFO - Started process (PID=200) to work on /home/airflow/.local/lib/python3.7/site-packages/airflow/example_dags/example_xcom.py
[2021-12-10 08:23:42,212] {processor.py:625} INFO - Processing file /home/airflow/.local/lib/python3.7/site-packages/airflow/example_dags/example_xcom.py for tasks to queue
[2021-12-10 08:23:42,213] {logging_mixin.py:109} INFO - [2021-12-10 08:23:42,213] {dagbag.py:500} INFO - Filling up the DagBag from /home/airflow/.local/lib/python3.7/site-packages/airflow/example_dags/example_xcom.py
[2021-12-10 08:23:42,245] {processor.py:637} INFO - DAG(s) dict_keys(['example_xcom']) retrieved from /home/airflow/.local/lib/python3.7/site-packages/airflow/example_dags/example_xcom.py
[2021-12-10 08:23:43,565] {logging_mixin.py:109} INFO - [2021-12-10 08:23:43,564] {providers_manager.py:156} WARNING - Exception when importing 'airflow.providers.google.leveldb.hooks.leveldb.LevelDBHook' from 'apache-airflow-providers-google' package: No module named 'plyvel'
[2021-12-10 08:23:44,094] {logging_mixin.py:109} INFO - [2021-12-10 08:23:44,094] {providers_manager.py:156} WARNING - Exception when importing 'airflow.providers.google.leveldb.hooks.leveldb.LevelDBHook' from 'apache-airflow-providers-google' package: No module named 'plyvel'
[2021-12-10 08:23:44,117] {logging_mixin.py:109} INFO - [2021-12-10 08:23:44,117] {manager.py:496} INFO - Created Permission View: can read on DAG:example_xcom
[2021-12-10 08:23:44,126] {logging_mixin.py:109} INFO - [2021-12-10 08:23:44,126] {manager.py:496} INFO - Created Permission View: can edit on DAG:example_xcom
[2021-12-10 08:23:44,127] {logging_mixin.py:109} INFO - [2021-12-10 08:23:44,126] {dag.py:2396} INFO - Sync 1 DAGs
[2021-12-10 08:23:44,135] {logging_mixin.py:109} INFO - [2021-12-10 08:23:44,135] {dag.py:2415} INFO - Creating ORM DAG for example_xcom
[2021-12-10 08:23:44,144] {logging_mixin.py:109} INFO - [2021-12-10 08:23:44,144] {dag.py:2928} INFO - Setting next_dagrun for example_xcom to 2021-01-01T00:00:00+00:00
[2021-12-10 08:23:44,157] {processor.py:171} INFO - Processing /home/airflow/.local/lib/python3.7/site-packages/airflow/example_dags/example_xcom.py took 1.949 seconds
[2021-12-10 08:24:14,898] {processor.py:163} INFO - Started process (PID=383) to work on /home/airflow/.local/lib/python3.7/site-packages/airflow/example_dags/example_xcom.py
[2021-12-10 08:24:14,899] {processor.py:625} INFO - Processing file /home/airflow/.local/lib/python3.7/site-packages/airflow/example_dags/example_xcom.py for tasks to queue
[2021-12-10 08:24:14,900] {logging_mixin.py:109} INFO - [2021-12-10 08:24:14,900] {dagbag.py:500} INFO - Filling up the DagBag from /home/airflow/.local/lib/python3.7/site-packages/airflow/example_dags/example_xcom.py
[2021-12-10 08:24:14,931] {processor.py:637} INFO - DAG(s) dict_keys(['example_xcom']) retrieved from /home/airflow/.local/lib/python3.7/site-packages/airflow/example_dags/example_xcom.py
[2021-12-10 08:24:15,256] {logging_mixin.py:109} INFO - [2021-12-10 08:24:15,255] {dag.py:2396} INFO - Sync 1 DAGs
[2021-12-10 08:24:15,271] {logging_mixin.py:109} INFO - [2021-12-10 08:24:15,271] {dag.py:2928} INFO - Setting next_dagrun for example_xcom to 2021-01-01T00:00:00+00:00
[2021-12-10 08:24:15,283] {processor.py:171} INFO - Processing /home/airflow/.local/lib/python3.7/site-packages/airflow/example_dags/example_xcom.py took 0.389 seconds
[2021-12-10 08:24:45,305] {processor.py:163} INFO - Started process (PID=435) to work on /home/airflow/.local/lib/python3.7/site-packages/airflow/example_dags/example_xcom.py
[2021-12-10 08:24:45,307] {processor.py:625} INFO - Processing file /home/airflow/.local/lib/python3.7/site-packages/airflow/example_dags/example_xcom.py for tasks to queue
[2021-12-10 08:24:45,307] {logging_mixin.py:109} INFO - [2021-12-10 08:24:45,307] {dagbag.py:500} INFO - Filling up the DagBag from /home/airflow/.local/lib/python3.7/site-packages/airflow/example_dags/example_xcom.py
[2021-12-10 08:24:45,339] {processor.py:637} INFO - DAG(s) dict_keys(['example_xcom']) retrieved from /home/airflow/.local/lib/python3.7/site-packages/airflow/example_dags/example_xcom.py
[2021-12-10 08:24:45,656] {logging_mixin.py:109} INFO - [2021-12-10 08:24:45,656] {dag.py:2396} INFO - Sync 1 DAGs
[2021-12-10 08:24:45,672] {logging_mixin.py:109} INFO - [2021-12-10 08:24:45,672] {dag.py:2928} INFO - Setting next_dagrun for example_xcom to 2021-01-01T00:00:00+00:00
[2021-12-10 08:24:45,683] {processor.py:171} INFO - Processing /home/airflow/.local/lib/python3.7/site-packages/airflow/example_dags/example_xcom.py took 0.382 seconds
[2021-12-10 08:25:15,733] {processor.py:163} INFO - Started process (PID=497) to work on /home/airflow/.local/lib/python3.7/site-packages/airflow/example_dags/example_xcom.py
[2021-12-10 08:25:15,734] {processor.py:625} INFO - Processing file /home/airflow/.local/lib/python3.7/site-packages/airflow/example_dags/example_xcom.py for tasks to queue
[2021-12-10 08:25:15,735] {logging_mixin.py:109} INFO - [2021-12-10 08:25:15,735] {dagbag.py:500} INFO - Filling up the DagBag from /home/airflow/.local/lib/python3.7/site-packages/airflow/example_dags/example_xcom.py
[2021-12-10 08:25:15,766] {processor.py:637} INFO - DAG(s) dict_keys(['example_xcom']) retrieved from /home/airflow/.local/lib/python3.7/site-packages/airflow/example_dags/example_xcom.py
[2021-12-10 08:25:16,092] {logging_mixin.py:109} INFO - [2021-12-10 08:25:16,092] {dag.py:2396} INFO - Sync 1 DAGs
[2021-12-10 08:25:16,110] {logging_mixin.py:109} INFO - [2021-12-10 08:25:16,110] {dag.py:2928} INFO - Setting next_dagrun for example_xcom to 2021-01-01T00:00:00+00:00
[2021-12-10 08:25:16,123] {processor.py:171} INFO - Processing /home/airflow/.local/lib/python3.7/site-packages/airflow/example_dags/example_xcom.py took 0.394 seconds
[2021-12-10 08:25:47,032] {processor.py:163} INFO - Started process (PID=550) to work on /home/airflow/.local/lib/python3.7/site-packages/airflow/example_dags/example_xcom.py
[2021-12-10 08:25:47,033] {processor.py:625} INFO - Processing file /home/airflow/.local/lib/python3.7/site-packages/airflow/example_dags/example_xcom.py for tasks to queue
[2021-12-10 08:25:47,034] {logging_mixin.py:109} INFO - [2021-12-10 08:25:47,034] {dagbag.py:500} INFO - Filling up the DagBag from /home/airflow/.local/lib/python3.7/site-packages/airflow/example_dags/example_xcom.py
[2021-12-10 08:25:47,065] {processor.py:637} INFO - DAG(s) dict_keys(['example_xcom']) retrieved from /home/airflow/.local/lib/python3.7/site-packages/airflow/example_dags/example_xcom.py
[2021-12-10 08:25:47,386] {logging_mixin.py:109} INFO - [2021-12-10 08:25:47,386] {dag.py:2396} INFO - Sync 1 DAGs
[2021-12-10 08:25:47,402] {logging_mixin.py:109} INFO - [2021-12-10 08:25:47,402] {dag.py:2928} INFO - Setting next_dagrun for example_xcom to 2021-01-01T00:00:00+00:00
[2021-12-10 08:25:47,413] {processor.py:171} INFO - Processing /home/airflow/.local/lib/python3.7/site-packages/airflow/example_dags/example_xcom.py took 0.385 seconds
[2021-12-10 08:26:17,567] {processor.py:163} INFO - Started process (PID=611) to work on /home/airflow/.local/lib/python3.7/site-packages/airflow/example_dags/example_xcom.py
[2021-12-10 08:26:17,568] {processor.py:625} INFO - Processing file /home/airflow/.local/lib/python3.7/site-packages/airflow/example_dags/example_xcom.py for tasks to queue
[2021-12-10 08:26:17,569] {logging_mixin.py:109} INFO - [2021-12-10 08:26:17,569] {dagbag.py:500} INFO - Filling up the DagBag from /home/airflow/.local/lib/python3.7/site-packages/airflow/example_dags/example_xcom.py
[2021-12-10 08:26:17,599] {processor.py:637} INFO - DAG(s) dict_keys(['example_xcom']) retrieved from /home/airflow/.local/lib/python3.7/site-packages/airflow/example_dags/example_xcom.py
[2021-12-10 08:26:17,917] {logging_mixin.py:109} INFO - [2021-12-10 08:26:17,917] {dag.py:2396} INFO - Sync 1 DAGs
[2021-12-10 08:26:17,936] {logging_mixin.py:109} INFO - [2021-12-10 08:26:17,936] {dag.py:2928} INFO - Setting next_dagrun for example_xcom to 2021-01-01T00:00:00+00:00
[2021-12-10 08:26:17,947] {processor.py:171} INFO - Processing /home/airflow/.local/lib/python3.7/site-packages/airflow/example_dags/example_xcom.py took 0.384 seconds
[2021-12-10 08:26:48,735] {processor.py:163} INFO - Started process (PID=665) to work on /home/airflow/.local/lib/python3.7/site-packages/airflow/example_dags/example_xcom.py
[2021-12-10 08:26:48,736] {processor.py:625} INFO - Processing file /home/airflow/.local/lib/python3.7/site-packages/airflow/example_dags/example_xcom.py for tasks to queue
[2021-12-10 08:26:48,737] {logging_mixin.py:109} INFO - [2021-12-10 08:26:48,737] {dagbag.py:500} INFO - Filling up the DagBag from /home/airflow/.local/lib/python3.7/site-packages/airflow/example_dags/example_xcom.py
[2021-12-10 08:26:48,785] {processor.py:637} INFO - DAG(s) dict_keys(['example_xcom']) retrieved from /home/airflow/.local/lib/python3.7/site-packages/airflow/example_dags/example_xcom.py
[2021-12-10 08:26:49,133] {logging_mixin.py:109} INFO - [2021-12-10 08:26:49,132] {dag.py:2396} INFO - Sync 1 DAGs
[2021-12-10 08:26:49,151] {logging_mixin.py:109} INFO - [2021-12-10 08:26:49,151] {dag.py:2928} INFO - Setting next_dagrun for example_xcom to 2021-01-01T00:00:00+00:00
[2021-12-10 08:26:49,164] {processor.py:171} INFO - Processing /home/airflow/.local/lib/python3.7/site-packages/airflow/example_dags/example_xcom.py took 0.433 seconds
[2021-12-10 08:27:19,799] {processor.py:163} INFO - Started process (PID=728) to work on /home/airflow/.local/lib/python3.7/site-packages/airflow/example_dags/example_xcom.py
[2021-12-10 08:27:19,801] {processor.py:625} INFO - Processing file /home/airflow/.local/lib/python3.7/site-packages/airflow/example_dags/example_xcom.py for tasks to queue
[2021-12-10 08:27:19,802] {logging_mixin.py:109} INFO - [2021-12-10 08:27:19,802] {dagbag.py:500} INFO - Filling up the DagBag from /home/airflow/.local/lib/python3.7/site-packages/airflow/example_dags/example_xcom.py
[2021-12-10 08:27:19,836] {processor.py:637} INFO - DAG(s) dict_keys(['example_xcom']) retrieved from /home/airflow/.local/lib/python3.7/site-packages/airflow/example_dags/example_xcom.py
[2021-12-10 08:27:20,200] {logging_mixin.py:109} INFO - [2021-12-10 08:27:20,200] {dag.py:2396} INFO - Sync 1 DAGs
[2021-12-10 08:27:20,214] {logging_mixin.py:109} INFO - [2021-12-10 08:27:20,214] {dag.py:2928} INFO - Setting next_dagrun for example_xcom to 2021-01-01T00:00:00+00:00
[2021-12-10 08:27:20,225] {processor.py:171} INFO - Processing /home/airflow/.local/lib/python3.7/site-packages/airflow/example_dags/example_xcom.py took 0.429 seconds
[2021-12-10 08:27:51,146] {processor.py:163} INFO - Started process (PID=782) to work on /home/airflow/.local/lib/python3.7/site-packages/airflow/example_dags/example_xcom.py
[2021-12-10 08:27:51,147] {processor.py:625} INFO - Processing file /home/airflow/.local/lib/python3.7/site-packages/airflow/example_dags/example_xcom.py for tasks to queue
[2021-12-10 08:27:51,148] {logging_mixin.py:109} INFO - [2021-12-10 08:27:51,148] {dagbag.py:500} INFO - Filling up the DagBag from /home/airflow/.local/lib/python3.7/site-packages/airflow/example_dags/example_xcom.py
[2021-12-10 08:27:51,178] {processor.py:637} INFO - DAG(s) dict_keys(['example_xcom']) retrieved from /home/airflow/.local/lib/python3.7/site-packages/airflow/example_dags/example_xcom.py
[2021-12-10 08:27:51,489] {logging_mixin.py:109} INFO - [2021-12-10 08:27:51,489] {dag.py:2396} INFO - Sync 1 DAGs
[2021-12-10 08:27:51,502] {logging_mixin.py:109} INFO - [2021-12-10 08:27:51,502] {dag.py:2928} INFO - Setting next_dagrun for example_xcom to 2021-01-01T00:00:00+00:00
[2021-12-10 08:27:51,514] {processor.py:171} INFO - Processing /home/airflow/.local/lib/python3.7/site-packages/airflow/example_dags/example_xcom.py took 0.371 seconds
[2021-12-10 08:28:22,329] {processor.py:163} INFO - Started process (PID=836) to work on /home/airflow/.local/lib/python3.7/site-packages/airflow/example_dags/example_xcom.py
[2021-12-10 08:28:22,331] {processor.py:625} INFO - Processing file /home/airflow/.local/lib/python3.7/site-packages/airflow/example_dags/example_xcom.py for tasks to queue
[2021-12-10 08:28:22,331] {logging_mixin.py:109} INFO - [2021-12-10 08:28:22,331] {dagbag.py:500} INFO - Filling up the DagBag from /home/airflow/.local/lib/python3.7/site-packages/airflow/example_dags/example_xcom.py
[2021-12-10 08:28:22,362] {processor.py:637} INFO - DAG(s) dict_keys(['example_xcom']) retrieved from /home/airflow/.local/lib/python3.7/site-packages/airflow/example_dags/example_xcom.py
[2021-12-10 08:28:22,683] {logging_mixin.py:109} INFO - [2021-12-10 08:28:22,683] {dag.py:2396} INFO - Sync 1 DAGs
[2021-12-10 08:28:22,698] {logging_mixin.py:109} INFO - [2021-12-10 08:28:22,697] {dag.py:2928} INFO - Setting next_dagrun for example_xcom to 2021-01-01T00:00:00+00:00
[2021-12-10 08:28:22,709] {processor.py:171} INFO - Processing /home/airflow/.local/lib/python3.7/site-packages/airflow/example_dags/example_xcom.py took 0.385 seconds
[2021-12-10 08:28:52,794] {processor.py:163} INFO - Started process (PID=896) to work on /home/airflow/.local/lib/python3.7/site-packages/airflow/example_dags/example_xcom.py
[2021-12-10 08:28:52,795] {processor.py:625} INFO - Processing file /home/airflow/.local/lib/python3.7/site-packages/airflow/example_dags/example_xcom.py for tasks to queue
[2021-12-10 08:28:52,796] {logging_mixin.py:109} INFO - [2021-12-10 08:28:52,796] {dagbag.py:500} INFO - Filling up the DagBag from /home/airflow/.local/lib/python3.7/site-packages/airflow/example_dags/example_xcom.py
[2021-12-10 08:28:52,827] {processor.py:637} INFO - DAG(s) dict_keys(['example_xcom']) retrieved from /home/airflow/.local/lib/python3.7/site-packages/airflow/example_dags/example_xcom.py
[2021-12-10 08:28:53,148] {logging_mixin.py:109} INFO - [2021-12-10 08:28:53,148] {dag.py:2396} INFO - Sync 1 DAGs
[2021-12-10 08:28:53,163] {logging_mixin.py:109} INFO - [2021-12-10 08:28:53,162] {dag.py:2928} INFO - Setting next_dagrun for example_xcom to 2021-01-01T00:00:00+00:00
[2021-12-10 08:28:53,174] {processor.py:171} INFO - Processing /home/airflow/.local/lib/python3.7/site-packages/airflow/example_dags/example_xcom.py took 0.384 seconds
[2021-12-10 08:29:23,997] {processor.py:163} INFO - Started process (PID=950) to work on /home/airflow/.local/lib/python3.7/site-packages/airflow/example_dags/example_xcom.py
[2021-12-10 08:29:23,998] {processor.py:625} INFO - Processing file /home/airflow/.local/lib/python3.7/site-packages/airflow/example_dags/example_xcom.py for tasks to queue
[2021-12-10 08:29:23,999] {logging_mixin.py:109} INFO - [2021-12-10 08:29:23,999] {dagbag.py:500} INFO - Filling up the DagBag from /home/airflow/.local/lib/python3.7/site-packages/airflow/example_dags/example_xcom.py
[2021-12-10 08:29:24,028] {processor.py:637} INFO - DAG(s) dict_keys(['example_xcom']) retrieved from /home/airflow/.local/lib/python3.7/site-packages/airflow/example_dags/example_xcom.py
[2021-12-10 08:29:24,374] {logging_mixin.py:109} INFO - [2021-12-10 08:29:24,374] {dag.py:2396} INFO - Sync 1 DAGs
[2021-12-10 08:29:24,389] {logging_mixin.py:109} INFO - [2021-12-10 08:29:24,389] {dag.py:2928} INFO - Setting next_dagrun for example_xcom to 2021-01-01T00:00:00+00:00
[2021-12-10 08:29:24,402] {processor.py:171} INFO - Processing /home/airflow/.local/lib/python3.7/site-packages/airflow/example_dags/example_xcom.py took 0.409 seconds
[2021-12-10 08:29:55,229] {processor.py:163} INFO - Started process (PID=1013) to work on /home/airflow/.local/lib/python3.7/site-packages/airflow/example_dags/example_xcom.py
[2021-12-10 08:29:55,231] {processor.py:625} INFO - Processing file /home/airflow/.local/lib/python3.7/site-packages/airflow/example_dags/example_xcom.py for tasks to queue
[2021-12-10 08:29:55,232] {logging_mixin.py:109} INFO - [2021-12-10 08:29:55,232] {dagbag.py:500} INFO - Filling up the DagBag from /home/airflow/.local/lib/python3.7/site-packages/airflow/example_dags/example_xcom.py
[2021-12-10 08:29:55,270] {processor.py:637} INFO - DAG(s) dict_keys(['example_xcom']) retrieved from /home/airflow/.local/lib/python3.7/site-packages/airflow/example_dags/example_xcom.py
[2021-12-10 08:29:55,594] {logging_mixin.py:109} INFO - [2021-12-10 08:29:55,594] {dag.py:2396} INFO - Sync 1 DAGs
[2021-12-10 08:29:55,611] {logging_mixin.py:109} INFO - [2021-12-10 08:29:55,611] {dag.py:2928} INFO - Setting next_dagrun for example_xcom to 2021-01-01T00:00:00+00:00
[2021-12-10 08:29:55,623] {processor.py:171} INFO - Processing /home/airflow/.local/lib/python3.7/site-packages/airflow/example_dags/example_xcom.py took 0.399 seconds
[2021-12-10 08:30:26,482] {processor.py:163} INFO - Started process (PID=1065) to work on /home/airflow/.local/lib/python3.7/site-packages/airflow/example_dags/example_xcom.py
[2021-12-10 08:30:26,484] {processor.py:625} INFO - Processing file /home/airflow/.local/lib/python3.7/site-packages/airflow/example_dags/example_xcom.py for tasks to queue
[2021-12-10 08:30:26,485] {logging_mixin.py:109} INFO - [2021-12-10 08:30:26,485] {dagbag.py:500} INFO - Filling up the DagBag from /home/airflow/.local/lib/python3.7/site-packages/airflow/example_dags/example_xcom.py
[2021-12-10 08:30:26,522] {processor.py:637} INFO - DAG(s) dict_keys(['example_xcom']) retrieved from /home/airflow/.local/lib/python3.7/site-packages/airflow/example_dags/example_xcom.py
[2021-12-10 08:30:26,840] {logging_mixin.py:109} INFO - [2021-12-10 08:30:26,840] {dag.py:2396} INFO - Sync 1 DAGs
[2021-12-10 08:30:26,854] {logging_mixin.py:109} INFO - [2021-12-10 08:30:26,854] {dag.py:2928} INFO - Setting next_dagrun for example_xcom to 2021-01-01T00:00:00+00:00
[2021-12-10 08:30:26,864] {processor.py:171} INFO - Processing /home/airflow/.local/lib/python3.7/site-packages/airflow/example_dags/example_xcom.py took 0.386 seconds
[2021-12-10 08:30:57,653] {processor.py:163} INFO - Started process (PID=1127) to work on /home/airflow/.local/lib/python3.7/site-packages/airflow/example_dags/example_xcom.py
[2021-12-10 08:30:57,655] {processor.py:625} INFO - Processing file /home/airflow/.local/lib/python3.7/site-packages/airflow/example_dags/example_xcom.py for tasks to queue
[2021-12-10 08:30:57,655] {logging_mixin.py:109} INFO - [2021-12-10 08:30:57,655] {dagbag.py:500} INFO - Filling up the DagBag from /home/airflow/.local/lib/python3.7/site-packages/airflow/example_dags/example_xcom.py
[2021-12-10 08:30:57,685] {processor.py:637} INFO - DAG(s) dict_keys(['example_xcom']) retrieved from /home/airflow/.local/lib/python3.7/site-packages/airflow/example_dags/example_xcom.py
[2021-12-10 08:30:57,998] {logging_mixin.py:109} INFO - [2021-12-10 08:30:57,997] {dag.py:2396} INFO - Sync 1 DAGs
[2021-12-10 08:30:58,015] {logging_mixin.py:109} INFO - [2021-12-10 08:30:58,015] {dag.py:2928} INFO - Setting next_dagrun for example_xcom to 2021-01-01T00:00:00+00:00
[2021-12-10 08:30:58,027] {processor.py:171} INFO - Processing /home/airflow/.local/lib/python3.7/site-packages/airflow/example_dags/example_xcom.py took 0.378 seconds
[2021-12-10 08:31:28,859] {processor.py:163} INFO - Started process (PID=1179) to work on /home/airflow/.local/lib/python3.7/site-packages/airflow/example_dags/example_xcom.py
[2021-12-10 08:31:28,861] {processor.py:625} INFO - Processing file /home/airflow/.local/lib/python3.7/site-packages/airflow/example_dags/example_xcom.py for tasks to queue
[2021-12-10 08:31:28,861] {logging_mixin.py:109} INFO - [2021-12-10 08:31:28,861] {dagbag.py:500} INFO - Filling up the DagBag from /home/airflow/.local/lib/python3.7/site-packages/airflow/example_dags/example_xcom.py
[2021-12-10 08:31:28,892] {processor.py:637} INFO - DAG(s) dict_keys(['example_xcom']) retrieved from /home/airflow/.local/lib/python3.7/site-packages/airflow/example_dags/example_xcom.py
[2021-12-10 08:31:29,210] {logging_mixin.py:109} INFO - [2021-12-10 08:31:29,210] {dag.py:2396} INFO - Sync 1 DAGs
[2021-12-10 08:31:29,224] {logging_mixin.py:109} INFO - [2021-12-10 08:31:29,224] {dag.py:2928} INFO - Setting next_dagrun for example_xcom to 2021-01-01T00:00:00+00:00
[2021-12-10 08:31:29,236] {processor.py:171} INFO - Processing /home/airflow/.local/lib/python3.7/site-packages/airflow/example_dags/example_xcom.py took 0.381 seconds
[2021-12-10 08:31:59,294] {processor.py:163} INFO - Started process (PID=1243) to work on /home/airflow/.local/lib/python3.7/site-packages/airflow/example_dags/example_xcom.py
[2021-12-10 08:31:59,296] {processor.py:625} INFO - Processing file /home/airflow/.local/lib/python3.7/site-packages/airflow/example_dags/example_xcom.py for tasks to queue
[2021-12-10 08:31:59,296] {logging_mixin.py:109} INFO - [2021-12-10 08:31:59,296] {dagbag.py:500} INFO - Filling up the DagBag from /home/airflow/.local/lib/python3.7/site-packages/airflow/example_dags/example_xcom.py
[2021-12-10 08:31:59,326] {processor.py:637} INFO - DAG(s) dict_keys(['example_xcom']) retrieved from /home/airflow/.local/lib/python3.7/site-packages/airflow/example_dags/example_xcom.py
[2021-12-10 08:31:59,660] {logging_mixin.py:109} INFO - [2021-12-10 08:31:59,660] {dag.py:2396} INFO - Sync 1 DAGs
[2021-12-10 08:31:59,677] {logging_mixin.py:109} INFO - [2021-12-10 08:31:59,676] {dag.py:2928} INFO - Setting next_dagrun for example_xcom to 2021-01-01T00:00:00+00:00
[2021-12-10 08:31:59,690] {processor.py:171} INFO - Processing /home/airflow/.local/lib/python3.7/site-packages/airflow/example_dags/example_xcom.py took 0.400 seconds
[2021-12-10 08:32:29,760] {processor.py:163} INFO - Started process (PID=1295) to work on /home/airflow/.local/lib/python3.7/site-packages/airflow/example_dags/example_xcom.py
[2021-12-10 08:32:29,761] {processor.py:625} INFO - Processing file /home/airflow/.local/lib/python3.7/site-packages/airflow/example_dags/example_xcom.py for tasks to queue
[2021-12-10 08:32:29,762] {logging_mixin.py:109} INFO - [2021-12-10 08:32:29,762] {dagbag.py:500} INFO - Filling up the DagBag from /home/airflow/.local/lib/python3.7/site-packages/airflow/example_dags/example_xcom.py
[2021-12-10 08:32:29,798] {processor.py:637} INFO - DAG(s) dict_keys(['example_xcom']) retrieved from /home/airflow/.local/lib/python3.7/site-packages/airflow/example_dags/example_xcom.py
[2021-12-10 08:32:30,117] {logging_mixin.py:109} INFO - [2021-12-10 08:32:30,117] {dag.py:2396} INFO - Sync 1 DAGs
[2021-12-10 08:32:30,134] {logging_mixin.py:109} INFO - [2021-12-10 08:32:30,134] {dag.py:2928} INFO - Setting next_dagrun for example_xcom to 2021-01-01T00:00:00+00:00
[2021-12-10 08:32:30,144] {processor.py:171} INFO - Processing /home/airflow/.local/lib/python3.7/site-packages/airflow/example_dags/example_xcom.py took 0.389 seconds
[2021-12-10 08:33:00,217] {processor.py:163} INFO - Started process (PID=1349) to work on /home/airflow/.local/lib/python3.7/site-packages/airflow/example_dags/example_xcom.py
[2021-12-10 08:33:00,218] {processor.py:625} INFO - Processing file /home/airflow/.local/lib/python3.7/site-packages/airflow/example_dags/example_xcom.py for tasks to queue
[2021-12-10 08:33:00,219] {logging_mixin.py:109} INFO - [2021-12-10 08:33:00,219] {dagbag.py:500} INFO - Filling up the DagBag from /home/airflow/.local/lib/python3.7/site-packages/airflow/example_dags/example_xcom.py
[2021-12-10 08:33:00,249] {processor.py:637} INFO - DAG(s) dict_keys(['example_xcom']) retrieved from /home/airflow/.local/lib/python3.7/site-packages/airflow/example_dags/example_xcom.py
[2021-12-10 08:33:00,582] {logging_mixin.py:109} INFO - [2021-12-10 08:33:00,582] {dag.py:2396} INFO - Sync 1 DAGs
[2021-12-10 08:33:00,598] {logging_mixin.py:109} INFO - [2021-12-10 08:33:00,598] {dag.py:2928} INFO - Setting next_dagrun for example_xcom to 2021-01-01T00:00:00+00:00
[2021-12-10 08:33:00,609] {processor.py:171} INFO - Processing /home/airflow/.local/lib/python3.7/site-packages/airflow/example_dags/example_xcom.py took 0.396 seconds
[2021-12-10 08:33:31,357] {processor.py:163} INFO - Started process (PID=1410) to work on /home/airflow/.local/lib/python3.7/site-packages/airflow/example_dags/example_xcom.py
[2021-12-10 08:33:31,359] {processor.py:625} INFO - Processing file /home/airflow/.local/lib/python3.7/site-packages/airflow/example_dags/example_xcom.py for tasks to queue
[2021-12-10 08:33:31,359] {logging_mixin.py:109} INFO - [2021-12-10 08:33:31,359] {dagbag.py:500} INFO - Filling up the DagBag from /home/airflow/.local/lib/python3.7/site-packages/airflow/example_dags/example_xcom.py
[2021-12-10 08:33:31,390] {processor.py:637} INFO - DAG(s) dict_keys(['example_xcom']) retrieved from /home/airflow/.local/lib/python3.7/site-packages/airflow/example_dags/example_xcom.py
[2021-12-10 08:33:31,697] {logging_mixin.py:109} INFO - [2021-12-10 08:33:31,697] {dag.py:2396} INFO - Sync 1 DAGs
[2021-12-10 08:33:31,713] {logging_mixin.py:109} INFO - [2021-12-10 08:33:31,713] {dag.py:2928} INFO - Setting next_dagrun for example_xcom to 2021-01-01T00:00:00+00:00
[2021-12-10 08:33:31,723] {processor.py:171} INFO - Processing /home/airflow/.local/lib/python3.7/site-packages/airflow/example_dags/example_xcom.py took 0.369 seconds
[2021-12-10 08:34:02,605] {processor.py:163} INFO - Started process (PID=1463) to work on /home/airflow/.local/lib/python3.7/site-packages/airflow/example_dags/example_xcom.py
[2021-12-10 08:34:02,607] {processor.py:625} INFO - Processing file /home/airflow/.local/lib/python3.7/site-packages/airflow/example_dags/example_xcom.py for tasks to queue
[2021-12-10 08:34:02,607] {logging_mixin.py:109} INFO - [2021-12-10 08:34:02,607] {dagbag.py:500} INFO - Filling up the DagBag from /home/airflow/.local/lib/python3.7/site-packages/airflow/example_dags/example_xcom.py
[2021-12-10 08:34:02,637] {processor.py:637} INFO - DAG(s) dict_keys(['example_xcom']) retrieved from /home/airflow/.local/lib/python3.7/site-packages/airflow/example_dags/example_xcom.py
[2021-12-10 08:34:02,961] {logging_mixin.py:109} INFO - [2021-12-10 08:34:02,960] {dag.py:2396} INFO - Sync 1 DAGs
[2021-12-10 08:34:02,978] {logging_mixin.py:109} INFO - [2021-12-10 08:34:02,978] {dag.py:2928} INFO - Setting next_dagrun for example_xcom to 2021-01-01T00:00:00+00:00
[2021-12-10 08:34:02,989] {processor.py:171} INFO - Processing /home/airflow/.local/lib/python3.7/site-packages/airflow/example_dags/example_xcom.py took 0.388 seconds
[2021-12-10 08:34:33,070] {processor.py:163} INFO - Started process (PID=1526) to work on /home/airflow/.local/lib/python3.7/site-packages/airflow/example_dags/example_xcom.py
[2021-12-10 08:34:33,072] {processor.py:625} INFO - Processing file /home/airflow/.local/lib/python3.7/site-packages/airflow/example_dags/example_xcom.py for tasks to queue
[2021-12-10 08:34:33,072] {logging_mixin.py:109} INFO - [2021-12-10 08:34:33,072] {dagbag.py:500} INFO - Filling up the DagBag from /home/airflow/.local/lib/python3.7/site-packages/airflow/example_dags/example_xcom.py
[2021-12-10 08:34:33,102] {processor.py:637} INFO - DAG(s) dict_keys(['example_xcom']) retrieved from /home/airflow/.local/lib/python3.7/site-packages/airflow/example_dags/example_xcom.py
[2021-12-10 08:34:33,407] {logging_mixin.py:109} INFO - [2021-12-10 08:34:33,407] {dag.py:2396} INFO - Sync 1 DAGs
[2021-12-10 08:34:33,422] {logging_mixin.py:109} INFO - [2021-12-10 08:34:33,422] {dag.py:2928} INFO - Setting next_dagrun for example_xcom to 2021-01-01T00:00:00+00:00
[2021-12-10 08:34:33,432] {processor.py:171} INFO - Processing /home/airflow/.local/lib/python3.7/site-packages/airflow/example_dags/example_xcom.py took 0.366 seconds
[2021-12-10 08:35:04,361] {processor.py:163} INFO - Started process (PID=1580) to work on /home/airflow/.local/lib/python3.7/site-packages/airflow/example_dags/example_xcom.py
[2021-12-10 08:35:04,363] {processor.py:625} INFO - Processing file /home/airflow/.local/lib/python3.7/site-packages/airflow/example_dags/example_xcom.py for tasks to queue
[2021-12-10 08:35:04,363] {logging_mixin.py:109} INFO - [2021-12-10 08:35:04,363] {dagbag.py:500} INFO - Filling up the DagBag from /home/airflow/.local/lib/python3.7/site-packages/airflow/example_dags/example_xcom.py
[2021-12-10 08:35:04,394] {processor.py:637} INFO - DAG(s) dict_keys(['example_xcom']) retrieved from /home/airflow/.local/lib/python3.7/site-packages/airflow/example_dags/example_xcom.py
[2021-12-10 08:35:04,708] {logging_mixin.py:109} INFO - [2021-12-10 08:35:04,708] {dag.py:2396} INFO - Sync 1 DAGs
[2021-12-10 08:35:04,721] {logging_mixin.py:109} INFO - [2021-12-10 08:35:04,721] {dag.py:2928} INFO - Setting next_dagrun for example_xcom to 2021-01-01T00:00:00+00:00
[2021-12-10 08:35:04,733] {processor.py:171} INFO - Processing /home/airflow/.local/lib/python3.7/site-packages/airflow/example_dags/example_xcom.py took 0.376 seconds
[2021-12-10 08:35:35,657] {processor.py:163} INFO - Started process (PID=1646) to work on /home/airflow/.local/lib/python3.7/site-packages/airflow/example_dags/example_xcom.py
[2021-12-10 08:35:35,659] {processor.py:625} INFO - Processing file /home/airflow/.local/lib/python3.7/site-packages/airflow/example_dags/example_xcom.py for tasks to queue
[2021-12-10 08:35:35,660] {logging_mixin.py:109} INFO - [2021-12-10 08:35:35,660] {dagbag.py:500} INFO - Filling up the DagBag from /home/airflow/.local/lib/python3.7/site-packages/airflow/example_dags/example_xcom.py
[2021-12-10 08:35:35,696] {processor.py:637} INFO - DAG(s) dict_keys(['example_xcom']) retrieved from /home/airflow/.local/lib/python3.7/site-packages/airflow/example_dags/example_xcom.py
[2021-12-10 08:35:36,017] {logging_mixin.py:109} INFO - [2021-12-10 08:35:36,017] {dag.py:2396} INFO - Sync 1 DAGs
[2021-12-10 08:35:36,032] {logging_mixin.py:109} INFO - [2021-12-10 08:35:36,032] {dag.py:2928} INFO - Setting next_dagrun for example_xcom to 2021-01-01T00:00:00+00:00
[2021-12-10 08:35:36,050] {processor.py:171} INFO - Processing /home/airflow/.local/lib/python3.7/site-packages/airflow/example_dags/example_xcom.py took 0.398 seconds
[2021-12-10 08:36:06,163] {processor.py:163} INFO - Started process (PID=1699) to work on /home/airflow/.local/lib/python3.7/site-packages/airflow/example_dags/example_xcom.py
[2021-12-10 08:36:06,164] {processor.py:625} INFO - Processing file /home/airflow/.local/lib/python3.7/site-packages/airflow/example_dags/example_xcom.py for tasks to queue
[2021-12-10 08:36:06,165] {logging_mixin.py:109} INFO - [2021-12-10 08:36:06,165] {dagbag.py:500} INFO - Filling up the DagBag from /home/airflow/.local/lib/python3.7/site-packages/airflow/example_dags/example_xcom.py
[2021-12-10 08:36:06,196] {processor.py:637} INFO - DAG(s) dict_keys(['example_xcom']) retrieved from /home/airflow/.local/lib/python3.7/site-packages/airflow/example_dags/example_xcom.py
[2021-12-10 08:36:06,519] {logging_mixin.py:109} INFO - [2021-12-10 08:36:06,519] {dag.py:2396} INFO - Sync 1 DAGs
[2021-12-10 08:36:06,533] {logging_mixin.py:109} INFO - [2021-12-10 08:36:06,533] {dag.py:2928} INFO - Setting next_dagrun for example_xcom to 2021-01-01T00:00:00+00:00
[2021-12-10 08:36:06,547] {processor.py:171} INFO - Processing /home/airflow/.local/lib/python3.7/site-packages/airflow/example_dags/example_xcom.py took 0.389 seconds
[2021-12-10 08:36:36,729] {processor.py:163} INFO - Started process (PID=1763) to work on /home/airflow/.local/lib/python3.7/site-packages/airflow/example_dags/example_xcom.py
[2021-12-10 08:36:36,730] {processor.py:625} INFO - Processing file /home/airflow/.local/lib/python3.7/site-packages/airflow/example_dags/example_xcom.py for tasks to queue
[2021-12-10 08:36:36,731] {logging_mixin.py:109} INFO - [2021-12-10 08:36:36,731] {dagbag.py:500} INFO - Filling up the DagBag from /home/airflow/.local/lib/python3.7/site-packages/airflow/example_dags/example_xcom.py
[2021-12-10 08:36:36,763] {processor.py:637} INFO - DAG(s) dict_keys(['example_xcom']) retrieved from /home/airflow/.local/lib/python3.7/site-packages/airflow/example_dags/example_xcom.py
[2021-12-10 08:36:37,076] {logging_mixin.py:109} INFO - [2021-12-10 08:36:37,076] {dag.py:2396} INFO - Sync 1 DAGs
[2021-12-10 08:36:37,090] {logging_mixin.py:109} INFO - [2021-12-10 08:36:37,090] {dag.py:2928} INFO - Setting next_dagrun for example_xcom to 2021-01-01T00:00:00+00:00
[2021-12-10 08:36:37,100] {processor.py:171} INFO - Processing /home/airflow/.local/lib/python3.7/site-packages/airflow/example_dags/example_xcom.py took 0.375 seconds
[2021-12-10 08:37:07,811] {processor.py:163} INFO - Started process (PID=1816) to work on /home/airflow/.local/lib/python3.7/site-packages/airflow/example_dags/example_xcom.py
[2021-12-10 08:37:07,813] {processor.py:625} INFO - Processing file /home/airflow/.local/lib/python3.7/site-packages/airflow/example_dags/example_xcom.py for tasks to queue
[2021-12-10 08:37:07,813] {logging_mixin.py:109} INFO - [2021-12-10 08:37:07,813] {dagbag.py:500} INFO - Filling up the DagBag from /home/airflow/.local/lib/python3.7/site-packages/airflow/example_dags/example_xcom.py
[2021-12-10 08:37:07,845] {processor.py:637} INFO - DAG(s) dict_keys(['example_xcom']) retrieved from /home/airflow/.local/lib/python3.7/site-packages/airflow/example_dags/example_xcom.py
[2021-12-10 08:37:08,160] {logging_mixin.py:109} INFO - [2021-12-10 08:37:08,160] {dag.py:2396} INFO - Sync 1 DAGs
[2021-12-10 08:37:08,173] {logging_mixin.py:109} INFO - [2021-12-10 08:37:08,173] {dag.py:2928} INFO - Setting next_dagrun for example_xcom to 2021-01-01T00:00:00+00:00
[2021-12-10 08:37:08,183] {processor.py:171} INFO - Processing /home/airflow/.local/lib/python3.7/site-packages/airflow/example_dags/example_xcom.py took 0.377 seconds
[2021-12-10 08:37:39,129] {processor.py:163} INFO - Started process (PID=1879) to work on /home/airflow/.local/lib/python3.7/site-packages/airflow/example_dags/example_xcom.py
[2021-12-10 08:37:39,131] {processor.py:625} INFO - Processing file /home/airflow/.local/lib/python3.7/site-packages/airflow/example_dags/example_xcom.py for tasks to queue
[2021-12-10 08:37:39,131] {logging_mixin.py:109} INFO - [2021-12-10 08:37:39,131] {dagbag.py:500} INFO - Filling up the DagBag from /home/airflow/.local/lib/python3.7/site-packages/airflow/example_dags/example_xcom.py
[2021-12-10 08:37:39,164] {processor.py:637} INFO - DAG(s) dict_keys(['example_xcom']) retrieved from /home/airflow/.local/lib/python3.7/site-packages/airflow/example_dags/example_xcom.py
[2021-12-10 08:37:39,491] {logging_mixin.py:109} INFO - [2021-12-10 08:37:39,491] {dag.py:2396} INFO - Sync 1 DAGs
[2021-12-10 08:37:39,506] {logging_mixin.py:109} INFO - [2021-12-10 08:37:39,506] {dag.py:2928} INFO - Setting next_dagrun for example_xcom to 2021-01-01T00:00:00+00:00
[2021-12-10 08:37:39,517] {processor.py:171} INFO - Processing /home/airflow/.local/lib/python3.7/site-packages/airflow/example_dags/example_xcom.py took 0.391 seconds
[2021-12-10 08:38:10,422] {processor.py:163} INFO - Started process (PID=1932) to work on /home/airflow/.local/lib/python3.7/site-packages/airflow/example_dags/example_xcom.py
[2021-12-10 08:38:10,424] {processor.py:625} INFO - Processing file /home/airflow/.local/lib/python3.7/site-packages/airflow/example_dags/example_xcom.py for tasks to queue
[2021-12-10 08:38:10,424] {logging_mixin.py:109} INFO - [2021-12-10 08:38:10,424] {dagbag.py:500} INFO - Filling up the DagBag from /home/airflow/.local/lib/python3.7/site-packages/airflow/example_dags/example_xcom.py
[2021-12-10 08:38:10,454] {processor.py:637} INFO - DAG(s) dict_keys(['example_xcom']) retrieved from /home/airflow/.local/lib/python3.7/site-packages/airflow/example_dags/example_xcom.py
[2021-12-10 08:38:10,768] {logging_mixin.py:109} INFO - [2021-12-10 08:38:10,768] {dag.py:2396} INFO - Sync 1 DAGs
[2021-12-10 08:38:10,782] {logging_mixin.py:109} INFO - [2021-12-10 08:38:10,782] {dag.py:2928} INFO - Setting next_dagrun for example_xcom to 2021-01-01T00:00:00+00:00
[2021-12-10 08:38:10,792] {processor.py:171} INFO - Processing /home/airflow/.local/lib/python3.7/site-packages/airflow/example_dags/example_xcom.py took 0.373 seconds
[2021-12-10 08:38:40,843] {processor.py:163} INFO - Started process (PID=1984) to work on /home/airflow/.local/lib/python3.7/site-packages/airflow/example_dags/example_xcom.py
[2021-12-10 08:38:40,845] {processor.py:625} INFO - Processing file /home/airflow/.local/lib/python3.7/site-packages/airflow/example_dags/example_xcom.py for tasks to queue
[2021-12-10 08:38:40,846] {logging_mixin.py:109} INFO - [2021-12-10 08:38:40,846] {dagbag.py:500} INFO - Filling up the DagBag from /home/airflow/.local/lib/python3.7/site-packages/airflow/example_dags/example_xcom.py
[2021-12-10 08:38:40,882] {processor.py:637} INFO - DAG(s) dict_keys(['example_xcom']) retrieved from /home/airflow/.local/lib/python3.7/site-packages/airflow/example_dags/example_xcom.py
[2021-12-10 08:38:40,893] {logging_mixin.py:109} INFO - [2021-12-10 08:38:40,893] {dag.py:2396} INFO - Sync 1 DAGs
[2021-12-10 08:38:40,910] {logging_mixin.py:109} INFO - [2021-12-10 08:38:40,910] {dag.py:2928} INFO - Setting next_dagrun for example_xcom to 2021-01-01T00:00:00+00:00
[2021-12-10 08:38:40,921] {processor.py:171} INFO - Processing /home/airflow/.local/lib/python3.7/site-packages/airflow/example_dags/example_xcom.py took 0.083 seconds
[2021-12-10 08:39:11,082] {processor.py:163} INFO - Started process (PID=2045) to work on /home/airflow/.local/lib/python3.7/site-packages/airflow/example_dags/example_xcom.py
[2021-12-10 08:39:11,083] {processor.py:625} INFO - Processing file /home/airflow/.local/lib/python3.7/site-packages/airflow/example_dags/example_xcom.py for tasks to queue
[2021-12-10 08:39:11,084] {logging_mixin.py:109} INFO - [2021-12-10 08:39:11,083] {dagbag.py:500} INFO - Filling up the DagBag from /home/airflow/.local/lib/python3.7/site-packages/airflow/example_dags/example_xcom.py
[2021-12-10 08:39:11,114] {processor.py:637} INFO - DAG(s) dict_keys(['example_xcom']) retrieved from /home/airflow/.local/lib/python3.7/site-packages/airflow/example_dags/example_xcom.py
[2021-12-10 08:39:11,432] {logging_mixin.py:109} INFO - [2021-12-10 08:39:11,432] {dag.py:2396} INFO - Sync 1 DAGs
[2021-12-10 08:39:11,447] {logging_mixin.py:109} INFO - [2021-12-10 08:39:11,447] {dag.py:2928} INFO - Setting next_dagrun for example_xcom to 2021-01-01T00:00:00+00:00
[2021-12-10 08:39:11,459] {processor.py:171} INFO - Processing /home/airflow/.local/lib/python3.7/site-packages/airflow/example_dags/example_xcom.py took 0.381 seconds
[2021-12-10 08:39:42,400] {processor.py:163} INFO - Started process (PID=2100) to work on /home/airflow/.local/lib/python3.7/site-packages/airflow/example_dags/example_xcom.py
[2021-12-10 08:39:42,402] {processor.py:625} INFO - Processing file /home/airflow/.local/lib/python3.7/site-packages/airflow/example_dags/example_xcom.py for tasks to queue
[2021-12-10 08:39:42,402] {logging_mixin.py:109} INFO - [2021-12-10 08:39:42,402] {dagbag.py:500} INFO - Filling up the DagBag from /home/airflow/.local/lib/python3.7/site-packages/airflow/example_dags/example_xcom.py
[2021-12-10 08:39:42,435] {processor.py:637} INFO - DAG(s) dict_keys(['example_xcom']) retrieved from /home/airflow/.local/lib/python3.7/site-packages/airflow/example_dags/example_xcom.py
[2021-12-10 08:39:42,760] {logging_mixin.py:109} INFO - [2021-12-10 08:39:42,760] {dag.py:2396} INFO - Sync 1 DAGs
[2021-12-10 08:39:42,774] {logging_mixin.py:109} INFO - [2021-12-10 08:39:42,774] {dag.py:2928} INFO - Setting next_dagrun for example_xcom to 2021-01-01T00:00:00+00:00
[2021-12-10 08:39:42,783] {processor.py:171} INFO - Processing /home/airflow/.local/lib/python3.7/site-packages/airflow/example_dags/example_xcom.py took 0.387 seconds
[2021-12-10 08:40:13,550] {processor.py:163} INFO - Started process (PID=2163) to work on /home/airflow/.local/lib/python3.7/site-packages/airflow/example_dags/example_xcom.py
[2021-12-10 08:40:13,551] {processor.py:625} INFO - Processing file /home/airflow/.local/lib/python3.7/site-packages/airflow/example_dags/example_xcom.py for tasks to queue
[2021-12-10 08:40:13,552] {logging_mixin.py:109} INFO - [2021-12-10 08:40:13,552] {dagbag.py:500} INFO - Filling up the DagBag from /home/airflow/.local/lib/python3.7/site-packages/airflow/example_dags/example_xcom.py
[2021-12-10 08:40:13,582] {processor.py:637} INFO - DAG(s) dict_keys(['example_xcom']) retrieved from /home/airflow/.local/lib/python3.7/site-packages/airflow/example_dags/example_xcom.py
[2021-12-10 08:40:13,905] {logging_mixin.py:109} INFO - [2021-12-10 08:40:13,905] {dag.py:2396} INFO - Sync 1 DAGs
[2021-12-10 08:40:13,921] {logging_mixin.py:109} INFO - [2021-12-10 08:40:13,921] {dag.py:2928} INFO - Setting next_dagrun for example_xcom to 2021-01-01T00:00:00+00:00
[2021-12-10 08:40:13,931] {processor.py:171} INFO - Processing /home/airflow/.local/lib/python3.7/site-packages/airflow/example_dags/example_xcom.py took 0.385 seconds
[2021-12-10 08:40:44,816] {processor.py:163} INFO - Started process (PID=2216) to work on /home/airflow/.local/lib/python3.7/site-packages/airflow/example_dags/example_xcom.py
[2021-12-10 08:40:44,818] {processor.py:625} INFO - Processing file /home/airflow/.local/lib/python3.7/site-packages/airflow/example_dags/example_xcom.py for tasks to queue
[2021-12-10 08:40:44,818] {logging_mixin.py:109} INFO - [2021-12-10 08:40:44,818] {dagbag.py:500} INFO - Filling up the DagBag from /home/airflow/.local/lib/python3.7/site-packages/airflow/example_dags/example_xcom.py
[2021-12-10 08:40:44,854] {processor.py:637} INFO - DAG(s) dict_keys(['example_xcom']) retrieved from /home/airflow/.local/lib/python3.7/site-packages/airflow/example_dags/example_xcom.py
[2021-12-10 08:40:45,190] {logging_mixin.py:109} INFO - [2021-12-10 08:40:45,190] {dag.py:2396} INFO - Sync 1 DAGs
[2021-12-10 08:40:45,206] {logging_mixin.py:109} INFO - [2021-12-10 08:40:45,206] {dag.py:2928} INFO - Setting next_dagrun for example_xcom to 2021-01-01T00:00:00+00:00
[2021-12-10 08:40:45,218] {processor.py:171} INFO - Processing /home/airflow/.local/lib/python3.7/site-packages/airflow/example_dags/example_xcom.py took 0.406 seconds
[2021-12-10 08:41:15,987] {processor.py:163} INFO - Started process (PID=2278) to work on /home/airflow/.local/lib/python3.7/site-packages/airflow/example_dags/example_xcom.py
[2021-12-10 08:41:15,988] {processor.py:625} INFO - Processing file /home/airflow/.local/lib/python3.7/site-packages/airflow/example_dags/example_xcom.py for tasks to queue
[2021-12-10 08:41:15,989] {logging_mixin.py:109} INFO - [2021-12-10 08:41:15,989] {dagbag.py:500} INFO - Filling up the DagBag from /home/airflow/.local/lib/python3.7/site-packages/airflow/example_dags/example_xcom.py
[2021-12-10 08:41:16,020] {processor.py:637} INFO - DAG(s) dict_keys(['example_xcom']) retrieved from /home/airflow/.local/lib/python3.7/site-packages/airflow/example_dags/example_xcom.py
[2021-12-10 08:41:16,337] {logging_mixin.py:109} INFO - [2021-12-10 08:41:16,337] {dag.py:2396} INFO - Sync 1 DAGs
[2021-12-10 08:41:16,352] {logging_mixin.py:109} INFO - [2021-12-10 08:41:16,352] {dag.py:2928} INFO - Setting next_dagrun for example_xcom to 2021-01-01T00:00:00+00:00
[2021-12-10 08:41:16,363] {processor.py:171} INFO - Processing /home/airflow/.local/lib/python3.7/site-packages/airflow/example_dags/example_xcom.py took 0.380 seconds
[2021-12-10 08:41:46,459] {processor.py:163} INFO - Started process (PID=2332) to work on /home/airflow/.local/lib/python3.7/site-packages/airflow/example_dags/example_xcom.py
[2021-12-10 08:41:46,461] {processor.py:625} INFO - Processing file /home/airflow/.local/lib/python3.7/site-packages/airflow/example_dags/example_xcom.py for tasks to queue
[2021-12-10 08:41:46,461] {logging_mixin.py:109} INFO - [2021-12-10 08:41:46,461] {dagbag.py:500} INFO - Filling up the DagBag from /home/airflow/.local/lib/python3.7/site-packages/airflow/example_dags/example_xcom.py
[2021-12-10 08:41:46,492] {processor.py:637} INFO - DAG(s) dict_keys(['example_xcom']) retrieved from /home/airflow/.local/lib/python3.7/site-packages/airflow/example_dags/example_xcom.py
[2021-12-10 08:41:46,815] {logging_mixin.py:109} INFO - [2021-12-10 08:41:46,815] {dag.py:2396} INFO - Sync 1 DAGs
[2021-12-10 08:41:46,829] {logging_mixin.py:109} INFO - [2021-12-10 08:41:46,829] {dag.py:2928} INFO - Setting next_dagrun for example_xcom to 2021-01-01T00:00:00+00:00
[2021-12-10 08:41:46,845] {processor.py:171} INFO - Processing /home/airflow/.local/lib/python3.7/site-packages/airflow/example_dags/example_xcom.py took 0.389 seconds
[2021-12-10 08:42:16,884] {processor.py:163} INFO - Started process (PID=2395) to work on /home/airflow/.local/lib/python3.7/site-packages/airflow/example_dags/example_xcom.py
[2021-12-10 08:42:16,886] {processor.py:625} INFO - Processing file /home/airflow/.local/lib/python3.7/site-packages/airflow/example_dags/example_xcom.py for tasks to queue
[2021-12-10 08:42:16,886] {logging_mixin.py:109} INFO - [2021-12-10 08:42:16,886] {dagbag.py:500} INFO - Filling up the DagBag from /home/airflow/.local/lib/python3.7/site-packages/airflow/example_dags/example_xcom.py
[2021-12-10 08:42:16,920] {processor.py:637} INFO - DAG(s) dict_keys(['example_xcom']) retrieved from /home/airflow/.local/lib/python3.7/site-packages/airflow/example_dags/example_xcom.py
[2021-12-10 08:42:17,236] {logging_mixin.py:109} INFO - [2021-12-10 08:42:17,236] {dag.py:2396} INFO - Sync 1 DAGs
[2021-12-10 08:42:17,250] {logging_mixin.py:109} INFO - [2021-12-10 08:42:17,250] {dag.py:2928} INFO - Setting next_dagrun for example_xcom to 2021-01-01T00:00:00+00:00
[2021-12-10 08:42:17,262] {processor.py:171} INFO - Processing /home/airflow/.local/lib/python3.7/site-packages/airflow/example_dags/example_xcom.py took 0.381 seconds
[2021-12-10 08:42:47,753] {processor.py:163} INFO - Started process (PID=2447) to work on /home/airflow/.local/lib/python3.7/site-packages/airflow/example_dags/example_xcom.py
[2021-12-10 08:42:47,755] {processor.py:625} INFO - Processing file /home/airflow/.local/lib/python3.7/site-packages/airflow/example_dags/example_xcom.py for tasks to queue
[2021-12-10 08:42:47,755] {logging_mixin.py:109} INFO - [2021-12-10 08:42:47,755] {dagbag.py:500} INFO - Filling up the DagBag from /home/airflow/.local/lib/python3.7/site-packages/airflow/example_dags/example_xcom.py
[2021-12-10 08:42:47,790] {processor.py:637} INFO - DAG(s) dict_keys(['example_xcom']) retrieved from /home/airflow/.local/lib/python3.7/site-packages/airflow/example_dags/example_xcom.py
[2021-12-10 08:42:48,103] {logging_mixin.py:109} INFO - [2021-12-10 08:42:48,103] {dag.py:2396} INFO - Sync 1 DAGs
[2021-12-10 08:42:48,117] {logging_mixin.py:109} INFO - [2021-12-10 08:42:48,117] {dag.py:2928} INFO - Setting next_dagrun for example_xcom to 2021-01-01T00:00:00+00:00
[2021-12-10 08:42:48,127] {processor.py:171} INFO - Processing /home/airflow/.local/lib/python3.7/site-packages/airflow/example_dags/example_xcom.py took 0.378 seconds
[2021-12-10 08:43:18,452] {processor.py:163} INFO - Started process (PID=2501) to work on /home/airflow/.local/lib/python3.7/site-packages/airflow/example_dags/example_xcom.py
[2021-12-10 08:43:18,454] {processor.py:625} INFO - Processing file /home/airflow/.local/lib/python3.7/site-packages/airflow/example_dags/example_xcom.py for tasks to queue
[2021-12-10 08:43:18,454] {logging_mixin.py:109} INFO - [2021-12-10 08:43:18,454] {dagbag.py:500} INFO - Filling up the DagBag from /home/airflow/.local/lib/python3.7/site-packages/airflow/example_dags/example_xcom.py
[2021-12-10 08:43:18,485] {processor.py:637} INFO - DAG(s) dict_keys(['example_xcom']) retrieved from /home/airflow/.local/lib/python3.7/site-packages/airflow/example_dags/example_xcom.py
[2021-12-10 08:43:18,800] {logging_mixin.py:109} INFO - [2021-12-10 08:43:18,800] {dag.py:2396} INFO - Sync 1 DAGs
[2021-12-10 08:43:18,814] {logging_mixin.py:109} INFO - [2021-12-10 08:43:18,813] {dag.py:2928} INFO - Setting next_dagrun for example_xcom to 2021-01-01T00:00:00+00:00
[2021-12-10 08:43:18,824] {processor.py:171} INFO - Processing /home/airflow/.local/lib/python3.7/site-packages/airflow/example_dags/example_xcom.py took 0.375 seconds
[2021-12-10 08:43:49,564] {processor.py:163} INFO - Started process (PID=2561) to work on /home/airflow/.local/lib/python3.7/site-packages/airflow/example_dags/example_xcom.py
[2021-12-10 08:43:49,566] {processor.py:625} INFO - Processing file /home/airflow/.local/lib/python3.7/site-packages/airflow/example_dags/example_xcom.py for tasks to queue
[2021-12-10 08:43:49,566] {logging_mixin.py:109} INFO - [2021-12-10 08:43:49,566] {dagbag.py:500} INFO - Filling up the DagBag from /home/airflow/.local/lib/python3.7/site-packages/airflow/example_dags/example_xcom.py
[2021-12-10 08:43:49,600] {processor.py:637} INFO - DAG(s) dict_keys(['example_xcom']) retrieved from /home/airflow/.local/lib/python3.7/site-packages/airflow/example_dags/example_xcom.py
[2021-12-10 08:43:49,932] {logging_mixin.py:109} INFO - [2021-12-10 08:43:49,932] {dag.py:2396} INFO - Sync 1 DAGs
[2021-12-10 08:43:49,947] {logging_mixin.py:109} INFO - [2021-12-10 08:43:49,947] {dag.py:2928} INFO - Setting next_dagrun for example_xcom to 2021-01-01T00:00:00+00:00
[2021-12-10 08:43:49,958] {processor.py:171} INFO - Processing /home/airflow/.local/lib/python3.7/site-packages/airflow/example_dags/example_xcom.py took 0.397 seconds
[2021-12-10 08:44:20,025] {processor.py:163} INFO - Started process (PID=2616) to work on /home/airflow/.local/lib/python3.7/site-packages/airflow/example_dags/example_xcom.py
[2021-12-10 08:44:20,027] {processor.py:625} INFO - Processing file /home/airflow/.local/lib/python3.7/site-packages/airflow/example_dags/example_xcom.py for tasks to queue
[2021-12-10 08:44:20,028] {logging_mixin.py:109} INFO - [2021-12-10 08:44:20,028] {dagbag.py:500} INFO - Filling up the DagBag from /home/airflow/.local/lib/python3.7/site-packages/airflow/example_dags/example_xcom.py
[2021-12-10 08:44:20,057] {processor.py:637} INFO - DAG(s) dict_keys(['example_xcom']) retrieved from /home/airflow/.local/lib/python3.7/site-packages/airflow/example_dags/example_xcom.py
[2021-12-10 08:44:20,369] {logging_mixin.py:109} INFO - [2021-12-10 08:44:20,368] {dag.py:2396} INFO - Sync 1 DAGs
[2021-12-10 08:44:20,382] {logging_mixin.py:109} INFO - [2021-12-10 08:44:20,382] {dag.py:2928} INFO - Setting next_dagrun for example_xcom to 2021-01-01T00:00:00+00:00
[2021-12-10 08:44:20,392] {processor.py:171} INFO - Processing /home/airflow/.local/lib/python3.7/site-packages/airflow/example_dags/example_xcom.py took 0.371 seconds
[2021-12-10 08:44:50,786] {processor.py:163} INFO - Started process (PID=2679) to work on /home/airflow/.local/lib/python3.7/site-packages/airflow/example_dags/example_xcom.py
[2021-12-10 08:44:50,788] {processor.py:625} INFO - Processing file /home/airflow/.local/lib/python3.7/site-packages/airflow/example_dags/example_xcom.py for tasks to queue
[2021-12-10 08:44:50,788] {logging_mixin.py:109} INFO - [2021-12-10 08:44:50,788] {dagbag.py:500} INFO - Filling up the DagBag from /home/airflow/.local/lib/python3.7/site-packages/airflow/example_dags/example_xcom.py
[2021-12-10 08:44:50,820] {processor.py:637} INFO - DAG(s) dict_keys(['example_xcom']) retrieved from /home/airflow/.local/lib/python3.7/site-packages/airflow/example_dags/example_xcom.py
[2021-12-10 08:44:51,128] {logging_mixin.py:109} INFO - [2021-12-10 08:44:51,128] {dag.py:2396} INFO - Sync 1 DAGs
[2021-12-10 08:44:51,141] {logging_mixin.py:109} INFO - [2021-12-10 08:44:51,141] {dag.py:2928} INFO - Setting next_dagrun for example_xcom to 2021-01-01T00:00:00+00:00
[2021-12-10 08:44:51,151] {processor.py:171} INFO - Processing /home/airflow/.local/lib/python3.7/site-packages/airflow/example_dags/example_xcom.py took 0.368 seconds
[2021-12-10 08:45:21,353] {processor.py:163} INFO - Started process (PID=2732) to work on /home/airflow/.local/lib/python3.7/site-packages/airflow/example_dags/example_xcom.py
[2021-12-10 08:45:21,354] {processor.py:625} INFO - Processing file /home/airflow/.local/lib/python3.7/site-packages/airflow/example_dags/example_xcom.py for tasks to queue
[2021-12-10 08:45:21,355] {logging_mixin.py:109} INFO - [2021-12-10 08:45:21,355] {dagbag.py:500} INFO - Filling up the DagBag from /home/airflow/.local/lib/python3.7/site-packages/airflow/example_dags/example_xcom.py
[2021-12-10 08:45:21,387] {processor.py:637} INFO - DAG(s) dict_keys(['example_xcom']) retrieved from /home/airflow/.local/lib/python3.7/site-packages/airflow/example_dags/example_xcom.py
[2021-12-10 08:45:21,710] {logging_mixin.py:109} INFO - [2021-12-10 08:45:21,710] {dag.py:2396} INFO - Sync 1 DAGs
[2021-12-10 08:45:21,723] {logging_mixin.py:109} INFO - [2021-12-10 08:45:21,723] {dag.py:2928} INFO - Setting next_dagrun for example_xcom to 2021-01-01T00:00:00+00:00
[2021-12-10 08:45:21,734] {processor.py:171} INFO - Processing /home/airflow/.local/lib/python3.7/site-packages/airflow/example_dags/example_xcom.py took 0.385 seconds
[2021-12-10 08:45:51,930] {processor.py:163} INFO - Started process (PID=2793) to work on /home/airflow/.local/lib/python3.7/site-packages/airflow/example_dags/example_xcom.py
[2021-12-10 08:45:51,932] {processor.py:625} INFO - Processing file /home/airflow/.local/lib/python3.7/site-packages/airflow/example_dags/example_xcom.py for tasks to queue
[2021-12-10 08:45:51,932] {logging_mixin.py:109} INFO - [2021-12-10 08:45:51,932] {dagbag.py:500} INFO - Filling up the DagBag from /home/airflow/.local/lib/python3.7/site-packages/airflow/example_dags/example_xcom.py
[2021-12-10 08:45:51,964] {processor.py:637} INFO - DAG(s) dict_keys(['example_xcom']) retrieved from /home/airflow/.local/lib/python3.7/site-packages/airflow/example_dags/example_xcom.py
[2021-12-10 08:45:52,288] {logging_mixin.py:109} INFO - [2021-12-10 08:45:52,288] {dag.py:2396} INFO - Sync 1 DAGs
[2021-12-10 08:45:52,302] {logging_mixin.py:109} INFO - [2021-12-10 08:45:52,302] {dag.py:2928} INFO - Setting next_dagrun for example_xcom to 2021-01-01T00:00:00+00:00
[2021-12-10 08:45:52,313] {processor.py:171} INFO - Processing /home/airflow/.local/lib/python3.7/site-packages/airflow/example_dags/example_xcom.py took 0.387 seconds
[2021-12-10 08:46:22,675] {processor.py:163} INFO - Started process (PID=2845) to work on /home/airflow/.local/lib/python3.7/site-packages/airflow/example_dags/example_xcom.py
[2021-12-10 08:46:22,676] {processor.py:625} INFO - Processing file /home/airflow/.local/lib/python3.7/site-packages/airflow/example_dags/example_xcom.py for tasks to queue
[2021-12-10 08:46:22,677] {logging_mixin.py:109} INFO - [2021-12-10 08:46:22,677] {dagbag.py:500} INFO - Filling up the DagBag from /home/airflow/.local/lib/python3.7/site-packages/airflow/example_dags/example_xcom.py
[2021-12-10 08:46:22,707] {processor.py:637} INFO - DAG(s) dict_keys(['example_xcom']) retrieved from /home/airflow/.local/lib/python3.7/site-packages/airflow/example_dags/example_xcom.py
[2021-12-10 08:46:23,016] {logging_mixin.py:109} INFO - [2021-12-10 08:46:23,016] {dag.py:2396} INFO - Sync 1 DAGs
[2021-12-10 08:46:23,029] {logging_mixin.py:109} INFO - [2021-12-10 08:46:23,029] {dag.py:2928} INFO - Setting next_dagrun for example_xcom to 2021-01-01T00:00:00+00:00
[2021-12-10 08:46:23,041] {processor.py:171} INFO - Processing /home/airflow/.local/lib/python3.7/site-packages/airflow/example_dags/example_xcom.py took 0.369 seconds
[2021-12-10 08:46:53,125] {processor.py:163} INFO - Started process (PID=2904) to work on /home/airflow/.local/lib/python3.7/site-packages/airflow/example_dags/example_xcom.py
[2021-12-10 08:46:53,127] {processor.py:625} INFO - Processing file /home/airflow/.local/lib/python3.7/site-packages/airflow/example_dags/example_xcom.py for tasks to queue
[2021-12-10 08:46:53,127] {logging_mixin.py:109} INFO - [2021-12-10 08:46:53,127] {dagbag.py:500} INFO - Filling up the DagBag from /home/airflow/.local/lib/python3.7/site-packages/airflow/example_dags/example_xcom.py
[2021-12-10 08:46:53,160] {processor.py:637} INFO - DAG(s) dict_keys(['example_xcom']) retrieved from /home/airflow/.local/lib/python3.7/site-packages/airflow/example_dags/example_xcom.py
[2021-12-10 08:46:53,473] {logging_mixin.py:109} INFO - [2021-12-10 08:46:53,473] {dag.py:2396} INFO - Sync 1 DAGs
[2021-12-10 08:46:53,488] {logging_mixin.py:109} INFO - [2021-12-10 08:46:53,488] {dag.py:2928} INFO - Setting next_dagrun for example_xcom to 2021-01-01T00:00:00+00:00
[2021-12-10 08:46:53,500] {processor.py:171} INFO - Processing /home/airflow/.local/lib/python3.7/site-packages/airflow/example_dags/example_xcom.py took 0.380 seconds
[2021-12-10 08:47:24,449] {processor.py:163} INFO - Started process (PID=2961) to work on /home/airflow/.local/lib/python3.7/site-packages/airflow/example_dags/example_xcom.py
[2021-12-10 08:47:24,450] {processor.py:625} INFO - Processing file /home/airflow/.local/lib/python3.7/site-packages/airflow/example_dags/example_xcom.py for tasks to queue
[2021-12-10 08:47:24,451] {logging_mixin.py:109} INFO - [2021-12-10 08:47:24,451] {dagbag.py:500} INFO - Filling up the DagBag from /home/airflow/.local/lib/python3.7/site-packages/airflow/example_dags/example_xcom.py
[2021-12-10 08:47:24,482] {processor.py:637} INFO - DAG(s) dict_keys(['example_xcom']) retrieved from /home/airflow/.local/lib/python3.7/site-packages/airflow/example_dags/example_xcom.py
[2021-12-10 08:47:24,792] {logging_mixin.py:109} INFO - [2021-12-10 08:47:24,792] {dag.py:2396} INFO - Sync 1 DAGs
[2021-12-10 08:47:24,808] {logging_mixin.py:109} INFO - [2021-12-10 08:47:24,808] {dag.py:2928} INFO - Setting next_dagrun for example_xcom to 2021-01-01T00:00:00+00:00
[2021-12-10 08:47:24,820] {processor.py:171} INFO - Processing /home/airflow/.local/lib/python3.7/site-packages/airflow/example_dags/example_xcom.py took 0.375 seconds
