[2021-12-10 08:23:54,029] {processor.py:163} INFO - Started process (PID=317) to work on /home/airflow/.local/lib/python3.7/site-packages/airflow/example_dags/example_latest_only.py
[2021-12-10 08:23:54,030] {processor.py:625} INFO - Processing file /home/airflow/.local/lib/python3.7/site-packages/airflow/example_dags/example_latest_only.py for tasks to queue
[2021-12-10 08:23:54,031] {logging_mixin.py:109} INFO - [2021-12-10 08:23:54,031] {dagbag.py:500} INFO - Filling up the DagBag from /home/airflow/.local/lib/python3.7/site-packages/airflow/example_dags/example_latest_only.py
[2021-12-10 08:23:54,061] {processor.py:637} INFO - DAG(s) dict_keys(['latest_only']) retrieved from /home/airflow/.local/lib/python3.7/site-packages/airflow/example_dags/example_latest_only.py
[2021-12-10 08:23:55,491] {logging_mixin.py:109} INFO - [2021-12-10 08:23:55,490] {providers_manager.py:156} WARNING - Exception when importing 'airflow.providers.google.leveldb.hooks.leveldb.LevelDBHook' from 'apache-airflow-providers-google' package: No module named 'plyvel'
[2021-12-10 08:23:55,973] {logging_mixin.py:109} INFO - [2021-12-10 08:23:55,973] {providers_manager.py:156} WARNING - Exception when importing 'airflow.providers.google.leveldb.hooks.leveldb.LevelDBHook' from 'apache-airflow-providers-google' package: No module named 'plyvel'
[2021-12-10 08:23:55,997] {logging_mixin.py:109} INFO - [2021-12-10 08:23:55,997] {manager.py:496} INFO - Created Permission View: can read on DAG:latest_only
[2021-12-10 08:23:56,008] {logging_mixin.py:109} INFO - [2021-12-10 08:23:56,008] {manager.py:496} INFO - Created Permission View: can edit on DAG:latest_only
[2021-12-10 08:23:56,012] {logging_mixin.py:109} INFO - [2021-12-10 08:23:56,008] {dag.py:2396} INFO - Sync 1 DAGs
[2021-12-10 08:23:56,021] {logging_mixin.py:109} INFO - [2021-12-10 08:23:56,021] {dag.py:2415} INFO - Creating ORM DAG for latest_only
[2021-12-10 08:23:56,033] {logging_mixin.py:109} INFO - [2021-12-10 08:23:56,033] {dag.py:2928} INFO - Setting next_dagrun for latest_only to 2021-12-10T04:23:56.033175+00:00
[2021-12-10 08:23:56,053] {processor.py:171} INFO - Processing /home/airflow/.local/lib/python3.7/site-packages/airflow/example_dags/example_latest_only.py took 2.028 seconds
[2021-12-10 08:24:26,744] {processor.py:163} INFO - Started process (PID=404) to work on /home/airflow/.local/lib/python3.7/site-packages/airflow/example_dags/example_latest_only.py
[2021-12-10 08:24:26,746] {processor.py:625} INFO - Processing file /home/airflow/.local/lib/python3.7/site-packages/airflow/example_dags/example_latest_only.py for tasks to queue
[2021-12-10 08:24:26,747] {logging_mixin.py:109} INFO - [2021-12-10 08:24:26,747] {dagbag.py:500} INFO - Filling up the DagBag from /home/airflow/.local/lib/python3.7/site-packages/airflow/example_dags/example_latest_only.py
[2021-12-10 08:24:26,785] {processor.py:637} INFO - DAG(s) dict_keys(['latest_only']) retrieved from /home/airflow/.local/lib/python3.7/site-packages/airflow/example_dags/example_latest_only.py
[2021-12-10 08:24:26,794] {logging_mixin.py:109} INFO - [2021-12-10 08:24:26,794] {dag.py:2396} INFO - Sync 1 DAGs
[2021-12-10 08:24:26,814] {logging_mixin.py:109} INFO - [2021-12-10 08:24:26,814] {dag.py:2928} INFO - Setting next_dagrun for latest_only to 2021-12-10T04:24:26.813705+00:00
[2021-12-10 08:24:26,826] {processor.py:171} INFO - Processing /home/airflow/.local/lib/python3.7/site-packages/airflow/example_dags/example_latest_only.py took 0.085 seconds
[2021-12-10 08:24:57,171] {processor.py:163} INFO - Started process (PID=456) to work on /home/airflow/.local/lib/python3.7/site-packages/airflow/example_dags/example_latest_only.py
[2021-12-10 08:24:57,173] {processor.py:625} INFO - Processing file /home/airflow/.local/lib/python3.7/site-packages/airflow/example_dags/example_latest_only.py for tasks to queue
[2021-12-10 08:24:57,173] {logging_mixin.py:109} INFO - [2021-12-10 08:24:57,173] {dagbag.py:500} INFO - Filling up the DagBag from /home/airflow/.local/lib/python3.7/site-packages/airflow/example_dags/example_latest_only.py
[2021-12-10 08:24:57,198] {processor.py:637} INFO - DAG(s) dict_keys(['latest_only']) retrieved from /home/airflow/.local/lib/python3.7/site-packages/airflow/example_dags/example_latest_only.py
[2021-12-10 08:24:57,208] {logging_mixin.py:109} INFO - [2021-12-10 08:24:57,207] {dag.py:2396} INFO - Sync 1 DAGs
[2021-12-10 08:24:57,223] {logging_mixin.py:109} INFO - [2021-12-10 08:24:57,223] {dag.py:2928} INFO - Setting next_dagrun for latest_only to 2021-12-10T04:24:57.223348+00:00
[2021-12-10 08:24:57,232] {processor.py:171} INFO - Processing /home/airflow/.local/lib/python3.7/site-packages/airflow/example_dags/example_latest_only.py took 0.065 seconds
[2021-12-10 08:25:27,505] {processor.py:163} INFO - Started process (PID=518) to work on /home/airflow/.local/lib/python3.7/site-packages/airflow/example_dags/example_latest_only.py
[2021-12-10 08:25:27,506] {processor.py:625} INFO - Processing file /home/airflow/.local/lib/python3.7/site-packages/airflow/example_dags/example_latest_only.py for tasks to queue
[2021-12-10 08:25:27,507] {logging_mixin.py:109} INFO - [2021-12-10 08:25:27,507] {dagbag.py:500} INFO - Filling up the DagBag from /home/airflow/.local/lib/python3.7/site-packages/airflow/example_dags/example_latest_only.py
[2021-12-10 08:25:27,533] {processor.py:637} INFO - DAG(s) dict_keys(['latest_only']) retrieved from /home/airflow/.local/lib/python3.7/site-packages/airflow/example_dags/example_latest_only.py
[2021-12-10 08:25:27,544] {logging_mixin.py:109} INFO - [2021-12-10 08:25:27,544] {dag.py:2396} INFO - Sync 1 DAGs
[2021-12-10 08:25:27,560] {logging_mixin.py:109} INFO - [2021-12-10 08:25:27,560] {dag.py:2928} INFO - Setting next_dagrun for latest_only to 2021-12-10T04:25:27.560441+00:00
[2021-12-10 08:25:27,569] {processor.py:171} INFO - Processing /home/airflow/.local/lib/python3.7/site-packages/airflow/example_dags/example_latest_only.py took 0.068 seconds
[2021-12-10 08:25:57,850] {processor.py:163} INFO - Started process (PID=571) to work on /home/airflow/.local/lib/python3.7/site-packages/airflow/example_dags/example_latest_only.py
[2021-12-10 08:25:57,852] {processor.py:625} INFO - Processing file /home/airflow/.local/lib/python3.7/site-packages/airflow/example_dags/example_latest_only.py for tasks to queue
[2021-12-10 08:25:57,852] {logging_mixin.py:109} INFO - [2021-12-10 08:25:57,852] {dagbag.py:500} INFO - Filling up the DagBag from /home/airflow/.local/lib/python3.7/site-packages/airflow/example_dags/example_latest_only.py
[2021-12-10 08:25:57,884] {processor.py:637} INFO - DAG(s) dict_keys(['latest_only']) retrieved from /home/airflow/.local/lib/python3.7/site-packages/airflow/example_dags/example_latest_only.py
[2021-12-10 08:25:57,893] {logging_mixin.py:109} INFO - [2021-12-10 08:25:57,893] {dag.py:2396} INFO - Sync 1 DAGs
[2021-12-10 08:25:57,909] {logging_mixin.py:109} INFO - [2021-12-10 08:25:57,909] {dag.py:2928} INFO - Setting next_dagrun for latest_only to 2021-12-10T04:25:57.909304+00:00
[2021-12-10 08:25:57,918] {processor.py:171} INFO - Processing /home/airflow/.local/lib/python3.7/site-packages/airflow/example_dags/example_latest_only.py took 0.073 seconds
[2021-12-10 08:26:28,423] {processor.py:163} INFO - Started process (PID=623) to work on /home/airflow/.local/lib/python3.7/site-packages/airflow/example_dags/example_latest_only.py
[2021-12-10 08:26:28,424] {processor.py:625} INFO - Processing file /home/airflow/.local/lib/python3.7/site-packages/airflow/example_dags/example_latest_only.py for tasks to queue
[2021-12-10 08:26:28,425] {logging_mixin.py:109} INFO - [2021-12-10 08:26:28,425] {dagbag.py:500} INFO - Filling up the DagBag from /home/airflow/.local/lib/python3.7/site-packages/airflow/example_dags/example_latest_only.py
[2021-12-10 08:26:28,453] {processor.py:637} INFO - DAG(s) dict_keys(['latest_only']) retrieved from /home/airflow/.local/lib/python3.7/site-packages/airflow/example_dags/example_latest_only.py
[2021-12-10 08:26:28,464] {logging_mixin.py:109} INFO - [2021-12-10 08:26:28,464] {dag.py:2396} INFO - Sync 1 DAGs
[2021-12-10 08:26:28,482] {logging_mixin.py:109} INFO - [2021-12-10 08:26:28,481] {dag.py:2928} INFO - Setting next_dagrun for latest_only to 2021-12-10T04:26:28.481673+00:00
[2021-12-10 08:26:28,491] {processor.py:171} INFO - Processing /home/airflow/.local/lib/python3.7/site-packages/airflow/example_dags/example_latest_only.py took 0.072 seconds
[2021-12-10 08:26:58,634] {processor.py:163} INFO - Started process (PID=687) to work on /home/airflow/.local/lib/python3.7/site-packages/airflow/example_dags/example_latest_only.py
[2021-12-10 08:26:58,636] {processor.py:625} INFO - Processing file /home/airflow/.local/lib/python3.7/site-packages/airflow/example_dags/example_latest_only.py for tasks to queue
[2021-12-10 08:26:58,637] {logging_mixin.py:109} INFO - [2021-12-10 08:26:58,637] {dagbag.py:500} INFO - Filling up the DagBag from /home/airflow/.local/lib/python3.7/site-packages/airflow/example_dags/example_latest_only.py
[2021-12-10 08:26:58,666] {processor.py:637} INFO - DAG(s) dict_keys(['latest_only']) retrieved from /home/airflow/.local/lib/python3.7/site-packages/airflow/example_dags/example_latest_only.py
[2021-12-10 08:26:58,676] {logging_mixin.py:109} INFO - [2021-12-10 08:26:58,676] {dag.py:2396} INFO - Sync 1 DAGs
[2021-12-10 08:26:58,694] {logging_mixin.py:109} INFO - [2021-12-10 08:26:58,694] {dag.py:2928} INFO - Setting next_dagrun for latest_only to 2021-12-10T04:26:58.694219+00:00
[2021-12-10 08:26:58,710] {processor.py:171} INFO - Processing /home/airflow/.local/lib/python3.7/site-packages/airflow/example_dags/example_latest_only.py took 0.080 seconds
[2021-12-10 08:27:28,851] {processor.py:163} INFO - Started process (PID=739) to work on /home/airflow/.local/lib/python3.7/site-packages/airflow/example_dags/example_latest_only.py
[2021-12-10 08:27:28,853] {processor.py:625} INFO - Processing file /home/airflow/.local/lib/python3.7/site-packages/airflow/example_dags/example_latest_only.py for tasks to queue
[2021-12-10 08:27:28,853] {logging_mixin.py:109} INFO - [2021-12-10 08:27:28,853] {dagbag.py:500} INFO - Filling up the DagBag from /home/airflow/.local/lib/python3.7/site-packages/airflow/example_dags/example_latest_only.py
[2021-12-10 08:27:28,880] {processor.py:637} INFO - DAG(s) dict_keys(['latest_only']) retrieved from /home/airflow/.local/lib/python3.7/site-packages/airflow/example_dags/example_latest_only.py
[2021-12-10 08:27:28,891] {logging_mixin.py:109} INFO - [2021-12-10 08:27:28,890] {dag.py:2396} INFO - Sync 1 DAGs
[2021-12-10 08:27:28,908] {logging_mixin.py:109} INFO - [2021-12-10 08:27:28,908] {dag.py:2928} INFO - Setting next_dagrun for latest_only to 2021-12-10T04:27:28.907830+00:00
[2021-12-10 08:27:28,918] {processor.py:171} INFO - Processing /home/airflow/.local/lib/python3.7/site-packages/airflow/example_dags/example_latest_only.py took 0.071 seconds
[2021-12-10 08:27:59,054] {processor.py:163} INFO - Started process (PID=801) to work on /home/airflow/.local/lib/python3.7/site-packages/airflow/example_dags/example_latest_only.py
[2021-12-10 08:27:59,056] {processor.py:625} INFO - Processing file /home/airflow/.local/lib/python3.7/site-packages/airflow/example_dags/example_latest_only.py for tasks to queue
[2021-12-10 08:27:59,056] {logging_mixin.py:109} INFO - [2021-12-10 08:27:59,056] {dagbag.py:500} INFO - Filling up the DagBag from /home/airflow/.local/lib/python3.7/site-packages/airflow/example_dags/example_latest_only.py
[2021-12-10 08:27:59,084] {processor.py:637} INFO - DAG(s) dict_keys(['latest_only']) retrieved from /home/airflow/.local/lib/python3.7/site-packages/airflow/example_dags/example_latest_only.py
[2021-12-10 08:27:59,095] {logging_mixin.py:109} INFO - [2021-12-10 08:27:59,094] {dag.py:2396} INFO - Sync 1 DAGs
[2021-12-10 08:27:59,113] {logging_mixin.py:109} INFO - [2021-12-10 08:27:59,112] {dag.py:2928} INFO - Setting next_dagrun for latest_only to 2021-12-10T04:27:59.112645+00:00
[2021-12-10 08:27:59,126] {processor.py:171} INFO - Processing /home/airflow/.local/lib/python3.7/site-packages/airflow/example_dags/example_latest_only.py took 0.076 seconds
[2021-12-10 08:28:29,293] {processor.py:163} INFO - Started process (PID=853) to work on /home/airflow/.local/lib/python3.7/site-packages/airflow/example_dags/example_latest_only.py
[2021-12-10 08:28:29,295] {processor.py:625} INFO - Processing file /home/airflow/.local/lib/python3.7/site-packages/airflow/example_dags/example_latest_only.py for tasks to queue
[2021-12-10 08:28:29,295] {logging_mixin.py:109} INFO - [2021-12-10 08:28:29,295] {dagbag.py:500} INFO - Filling up the DagBag from /home/airflow/.local/lib/python3.7/site-packages/airflow/example_dags/example_latest_only.py
[2021-12-10 08:28:29,322] {processor.py:637} INFO - DAG(s) dict_keys(['latest_only']) retrieved from /home/airflow/.local/lib/python3.7/site-packages/airflow/example_dags/example_latest_only.py
[2021-12-10 08:28:29,332] {logging_mixin.py:109} INFO - [2021-12-10 08:28:29,332] {dag.py:2396} INFO - Sync 1 DAGs
[2021-12-10 08:28:29,349] {logging_mixin.py:109} INFO - [2021-12-10 08:28:29,349] {dag.py:2928} INFO - Setting next_dagrun for latest_only to 2021-12-10T04:28:29.349045+00:00
[2021-12-10 08:28:29,359] {processor.py:171} INFO - Processing /home/airflow/.local/lib/python3.7/site-packages/airflow/example_dags/example_latest_only.py took 0.070 seconds
[2021-12-10 08:29:00,205] {processor.py:163} INFO - Started process (PID=905) to work on /home/airflow/.local/lib/python3.7/site-packages/airflow/example_dags/example_latest_only.py
[2021-12-10 08:29:00,207] {processor.py:625} INFO - Processing file /home/airflow/.local/lib/python3.7/site-packages/airflow/example_dags/example_latest_only.py for tasks to queue
[2021-12-10 08:29:00,207] {logging_mixin.py:109} INFO - [2021-12-10 08:29:00,207] {dagbag.py:500} INFO - Filling up the DagBag from /home/airflow/.local/lib/python3.7/site-packages/airflow/example_dags/example_latest_only.py
[2021-12-10 08:29:00,233] {processor.py:637} INFO - DAG(s) dict_keys(['latest_only']) retrieved from /home/airflow/.local/lib/python3.7/site-packages/airflow/example_dags/example_latest_only.py
[2021-12-10 08:29:00,243] {logging_mixin.py:109} INFO - [2021-12-10 08:29:00,243] {dag.py:2396} INFO - Sync 1 DAGs
[2021-12-10 08:29:00,259] {logging_mixin.py:109} INFO - [2021-12-10 08:29:00,258] {dag.py:2928} INFO - Setting next_dagrun for latest_only to 2021-12-10T04:29:00.258524+00:00
[2021-12-10 08:29:00,269] {processor.py:171} INFO - Processing /home/airflow/.local/lib/python3.7/site-packages/airflow/example_dags/example_latest_only.py took 0.068 seconds
[2021-12-10 08:29:30,378] {processor.py:163} INFO - Started process (PID=965) to work on /home/airflow/.local/lib/python3.7/site-packages/airflow/example_dags/example_latest_only.py
[2021-12-10 08:29:30,379] {processor.py:625} INFO - Processing file /home/airflow/.local/lib/python3.7/site-packages/airflow/example_dags/example_latest_only.py for tasks to queue
[2021-12-10 08:29:30,380] {logging_mixin.py:109} INFO - [2021-12-10 08:29:30,380] {dagbag.py:500} INFO - Filling up the DagBag from /home/airflow/.local/lib/python3.7/site-packages/airflow/example_dags/example_latest_only.py
[2021-12-10 08:29:30,405] {processor.py:637} INFO - DAG(s) dict_keys(['latest_only']) retrieved from /home/airflow/.local/lib/python3.7/site-packages/airflow/example_dags/example_latest_only.py
[2021-12-10 08:29:30,417] {logging_mixin.py:109} INFO - [2021-12-10 08:29:30,417] {dag.py:2396} INFO - Sync 1 DAGs
[2021-12-10 08:29:30,435] {logging_mixin.py:109} INFO - [2021-12-10 08:29:30,435] {dag.py:2928} INFO - Setting next_dagrun for latest_only to 2021-12-10T04:29:30.435224+00:00
[2021-12-10 08:29:30,448] {processor.py:171} INFO - Processing /home/airflow/.local/lib/python3.7/site-packages/airflow/example_dags/example_latest_only.py took 0.074 seconds
[2021-12-10 08:30:00,849] {processor.py:163} INFO - Started process (PID=1018) to work on /home/airflow/.local/lib/python3.7/site-packages/airflow/example_dags/example_latest_only.py
[2021-12-10 08:30:00,850] {processor.py:625} INFO - Processing file /home/airflow/.local/lib/python3.7/site-packages/airflow/example_dags/example_latest_only.py for tasks to queue
[2021-12-10 08:30:00,851] {logging_mixin.py:109} INFO - [2021-12-10 08:30:00,851] {dagbag.py:500} INFO - Filling up the DagBag from /home/airflow/.local/lib/python3.7/site-packages/airflow/example_dags/example_latest_only.py
[2021-12-10 08:30:00,878] {processor.py:637} INFO - DAG(s) dict_keys(['latest_only']) retrieved from /home/airflow/.local/lib/python3.7/site-packages/airflow/example_dags/example_latest_only.py
[2021-12-10 08:30:00,888] {logging_mixin.py:109} INFO - [2021-12-10 08:30:00,888] {dag.py:2396} INFO - Sync 1 DAGs
[2021-12-10 08:30:00,904] {logging_mixin.py:109} INFO - [2021-12-10 08:30:00,904] {dag.py:2928} INFO - Setting next_dagrun for latest_only to 2021-12-10T04:30:00.904219+00:00
[2021-12-10 08:30:00,915] {processor.py:171} INFO - Processing /home/airflow/.local/lib/python3.7/site-packages/airflow/example_dags/example_latest_only.py took 0.071 seconds
[2021-12-10 08:30:31,013] {processor.py:163} INFO - Started process (PID=1080) to work on /home/airflow/.local/lib/python3.7/site-packages/airflow/example_dags/example_latest_only.py
[2021-12-10 08:30:31,015] {processor.py:625} INFO - Processing file /home/airflow/.local/lib/python3.7/site-packages/airflow/example_dags/example_latest_only.py for tasks to queue
[2021-12-10 08:30:31,016] {logging_mixin.py:109} INFO - [2021-12-10 08:30:31,016] {dagbag.py:500} INFO - Filling up the DagBag from /home/airflow/.local/lib/python3.7/site-packages/airflow/example_dags/example_latest_only.py
[2021-12-10 08:30:31,044] {processor.py:637} INFO - DAG(s) dict_keys(['latest_only']) retrieved from /home/airflow/.local/lib/python3.7/site-packages/airflow/example_dags/example_latest_only.py
[2021-12-10 08:30:31,056] {logging_mixin.py:109} INFO - [2021-12-10 08:30:31,055] {dag.py:2396} INFO - Sync 1 DAGs
[2021-12-10 08:30:31,075] {logging_mixin.py:109} INFO - [2021-12-10 08:30:31,075] {dag.py:2928} INFO - Setting next_dagrun for latest_only to 2021-12-10T04:30:31.075223+00:00
[2021-12-10 08:30:31,086] {processor.py:171} INFO - Processing /home/airflow/.local/lib/python3.7/site-packages/airflow/example_dags/example_latest_only.py took 0.077 seconds
[2021-12-10 08:31:01,158] {processor.py:163} INFO - Started process (PID=1131) to work on /home/airflow/.local/lib/python3.7/site-packages/airflow/example_dags/example_latest_only.py
[2021-12-10 08:31:01,159] {processor.py:625} INFO - Processing file /home/airflow/.local/lib/python3.7/site-packages/airflow/example_dags/example_latest_only.py for tasks to queue
[2021-12-10 08:31:01,160] {logging_mixin.py:109} INFO - [2021-12-10 08:31:01,160] {dagbag.py:500} INFO - Filling up the DagBag from /home/airflow/.local/lib/python3.7/site-packages/airflow/example_dags/example_latest_only.py
[2021-12-10 08:31:01,188] {processor.py:637} INFO - DAG(s) dict_keys(['latest_only']) retrieved from /home/airflow/.local/lib/python3.7/site-packages/airflow/example_dags/example_latest_only.py
[2021-12-10 08:31:01,200] {logging_mixin.py:109} INFO - [2021-12-10 08:31:01,200] {dag.py:2396} INFO - Sync 1 DAGs
[2021-12-10 08:31:01,217] {logging_mixin.py:109} INFO - [2021-12-10 08:31:01,217] {dag.py:2928} INFO - Setting next_dagrun for latest_only to 2021-12-10T04:31:01.217309+00:00
[2021-12-10 08:31:01,226] {processor.py:171} INFO - Processing /home/airflow/.local/lib/python3.7/site-packages/airflow/example_dags/example_latest_only.py took 0.072 seconds
[2021-12-10 08:31:31,281] {processor.py:163} INFO - Started process (PID=1183) to work on /home/airflow/.local/lib/python3.7/site-packages/airflow/example_dags/example_latest_only.py
[2021-12-10 08:31:31,283] {processor.py:625} INFO - Processing file /home/airflow/.local/lib/python3.7/site-packages/airflow/example_dags/example_latest_only.py for tasks to queue
[2021-12-10 08:31:31,284] {logging_mixin.py:109} INFO - [2021-12-10 08:31:31,283] {dagbag.py:500} INFO - Filling up the DagBag from /home/airflow/.local/lib/python3.7/site-packages/airflow/example_dags/example_latest_only.py
[2021-12-10 08:31:31,311] {processor.py:637} INFO - DAG(s) dict_keys(['latest_only']) retrieved from /home/airflow/.local/lib/python3.7/site-packages/airflow/example_dags/example_latest_only.py
[2021-12-10 08:31:31,322] {logging_mixin.py:109} INFO - [2021-12-10 08:31:31,322] {dag.py:2396} INFO - Sync 1 DAGs
[2021-12-10 08:31:31,340] {logging_mixin.py:109} INFO - [2021-12-10 08:31:31,340] {dag.py:2928} INFO - Setting next_dagrun for latest_only to 2021-12-10T04:31:31.339773+00:00
[2021-12-10 08:31:31,349] {processor.py:171} INFO - Processing /home/airflow/.local/lib/python3.7/site-packages/airflow/example_dags/example_latest_only.py took 0.073 seconds
[2021-12-10 08:32:01,723] {processor.py:163} INFO - Started process (PID=1246) to work on /home/airflow/.local/lib/python3.7/site-packages/airflow/example_dags/example_latest_only.py
[2021-12-10 08:32:01,726] {processor.py:625} INFO - Processing file /home/airflow/.local/lib/python3.7/site-packages/airflow/example_dags/example_latest_only.py for tasks to queue
[2021-12-10 08:32:01,727] {logging_mixin.py:109} INFO - [2021-12-10 08:32:01,727] {dagbag.py:500} INFO - Filling up the DagBag from /home/airflow/.local/lib/python3.7/site-packages/airflow/example_dags/example_latest_only.py
[2021-12-10 08:32:01,753] {processor.py:637} INFO - DAG(s) dict_keys(['latest_only']) retrieved from /home/airflow/.local/lib/python3.7/site-packages/airflow/example_dags/example_latest_only.py
[2021-12-10 08:32:01,763] {logging_mixin.py:109} INFO - [2021-12-10 08:32:01,763] {dag.py:2396} INFO - Sync 1 DAGs
[2021-12-10 08:32:01,779] {logging_mixin.py:109} INFO - [2021-12-10 08:32:01,779] {dag.py:2928} INFO - Setting next_dagrun for latest_only to 2021-12-10T04:32:01.779315+00:00
[2021-12-10 08:32:01,788] {processor.py:171} INFO - Processing /home/airflow/.local/lib/python3.7/site-packages/airflow/example_dags/example_latest_only.py took 0.069 seconds
[2021-12-10 08:32:31,992] {processor.py:163} INFO - Started process (PID=1299) to work on /home/airflow/.local/lib/python3.7/site-packages/airflow/example_dags/example_latest_only.py
[2021-12-10 08:32:31,994] {processor.py:625} INFO - Processing file /home/airflow/.local/lib/python3.7/site-packages/airflow/example_dags/example_latest_only.py for tasks to queue
[2021-12-10 08:32:31,995] {logging_mixin.py:109} INFO - [2021-12-10 08:32:31,995] {dagbag.py:500} INFO - Filling up the DagBag from /home/airflow/.local/lib/python3.7/site-packages/airflow/example_dags/example_latest_only.py
[2021-12-10 08:32:32,023] {processor.py:637} INFO - DAG(s) dict_keys(['latest_only']) retrieved from /home/airflow/.local/lib/python3.7/site-packages/airflow/example_dags/example_latest_only.py
[2021-12-10 08:32:32,034] {logging_mixin.py:109} INFO - [2021-12-10 08:32:32,034] {dag.py:2396} INFO - Sync 1 DAGs
[2021-12-10 08:32:32,051] {logging_mixin.py:109} INFO - [2021-12-10 08:32:32,050] {dag.py:2928} INFO - Setting next_dagrun for latest_only to 2021-12-10T04:32:32.050558+00:00
[2021-12-10 08:32:32,061] {processor.py:171} INFO - Processing /home/airflow/.local/lib/python3.7/site-packages/airflow/example_dags/example_latest_only.py took 0.073 seconds
[2021-12-10 08:33:02,230] {processor.py:163} INFO - Started process (PID=1360) to work on /home/airflow/.local/lib/python3.7/site-packages/airflow/example_dags/example_latest_only.py
[2021-12-10 08:33:02,231] {processor.py:625} INFO - Processing file /home/airflow/.local/lib/python3.7/site-packages/airflow/example_dags/example_latest_only.py for tasks to queue
[2021-12-10 08:33:02,232] {logging_mixin.py:109} INFO - [2021-12-10 08:33:02,232] {dagbag.py:500} INFO - Filling up the DagBag from /home/airflow/.local/lib/python3.7/site-packages/airflow/example_dags/example_latest_only.py
[2021-12-10 08:33:02,260] {processor.py:637} INFO - DAG(s) dict_keys(['latest_only']) retrieved from /home/airflow/.local/lib/python3.7/site-packages/airflow/example_dags/example_latest_only.py
[2021-12-10 08:33:02,270] {logging_mixin.py:109} INFO - [2021-12-10 08:33:02,270] {dag.py:2396} INFO - Sync 1 DAGs
[2021-12-10 08:33:02,287] {logging_mixin.py:109} INFO - [2021-12-10 08:33:02,287] {dag.py:2928} INFO - Setting next_dagrun for latest_only to 2021-12-10T04:33:02.286875+00:00
[2021-12-10 08:33:02,296] {processor.py:171} INFO - Processing /home/airflow/.local/lib/python3.7/site-packages/airflow/example_dags/example_latest_only.py took 0.070 seconds
[2021-12-10 08:33:32,450] {processor.py:163} INFO - Started process (PID=1412) to work on /home/airflow/.local/lib/python3.7/site-packages/airflow/example_dags/example_latest_only.py
[2021-12-10 08:33:32,453] {processor.py:625} INFO - Processing file /home/airflow/.local/lib/python3.7/site-packages/airflow/example_dags/example_latest_only.py for tasks to queue
[2021-12-10 08:33:32,453] {logging_mixin.py:109} INFO - [2021-12-10 08:33:32,453] {dagbag.py:500} INFO - Filling up the DagBag from /home/airflow/.local/lib/python3.7/site-packages/airflow/example_dags/example_latest_only.py
[2021-12-10 08:33:32,480] {processor.py:637} INFO - DAG(s) dict_keys(['latest_only']) retrieved from /home/airflow/.local/lib/python3.7/site-packages/airflow/example_dags/example_latest_only.py
[2021-12-10 08:33:32,490] {logging_mixin.py:109} INFO - [2021-12-10 08:33:32,489] {dag.py:2396} INFO - Sync 1 DAGs
[2021-12-10 08:33:32,506] {logging_mixin.py:109} INFO - [2021-12-10 08:33:32,506] {dag.py:2928} INFO - Setting next_dagrun for latest_only to 2021-12-10T04:33:32.505820+00:00
[2021-12-10 08:33:32,515] {processor.py:171} INFO - Processing /home/airflow/.local/lib/python3.7/site-packages/airflow/example_dags/example_latest_only.py took 0.068 seconds
[2021-12-10 08:34:02,609] {processor.py:163} INFO - Started process (PID=1464) to work on /home/airflow/.local/lib/python3.7/site-packages/airflow/example_dags/example_latest_only.py
[2021-12-10 08:34:02,610] {processor.py:625} INFO - Processing file /home/airflow/.local/lib/python3.7/site-packages/airflow/example_dags/example_latest_only.py for tasks to queue
[2021-12-10 08:34:02,611] {logging_mixin.py:109} INFO - [2021-12-10 08:34:02,611] {dagbag.py:500} INFO - Filling up the DagBag from /home/airflow/.local/lib/python3.7/site-packages/airflow/example_dags/example_latest_only.py
[2021-12-10 08:34:02,637] {processor.py:637} INFO - DAG(s) dict_keys(['latest_only']) retrieved from /home/airflow/.local/lib/python3.7/site-packages/airflow/example_dags/example_latest_only.py
[2021-12-10 08:34:02,646] {logging_mixin.py:109} INFO - [2021-12-10 08:34:02,646] {dag.py:2396} INFO - Sync 1 DAGs
[2021-12-10 08:34:02,662] {logging_mixin.py:109} INFO - [2021-12-10 08:34:02,662] {dag.py:2928} INFO - Setting next_dagrun for latest_only to 2021-12-10T04:34:02.662373+00:00
[2021-12-10 08:34:02,671] {processor.py:171} INFO - Processing /home/airflow/.local/lib/python3.7/site-packages/airflow/example_dags/example_latest_only.py took 0.066 seconds
[2021-12-10 08:34:32,997] {processor.py:163} INFO - Started process (PID=1525) to work on /home/airflow/.local/lib/python3.7/site-packages/airflow/example_dags/example_latest_only.py
[2021-12-10 08:34:32,999] {processor.py:625} INFO - Processing file /home/airflow/.local/lib/python3.7/site-packages/airflow/example_dags/example_latest_only.py for tasks to queue
[2021-12-10 08:34:33,000] {logging_mixin.py:109} INFO - [2021-12-10 08:34:32,999] {dagbag.py:500} INFO - Filling up the DagBag from /home/airflow/.local/lib/python3.7/site-packages/airflow/example_dags/example_latest_only.py
[2021-12-10 08:34:33,025] {processor.py:637} INFO - DAG(s) dict_keys(['latest_only']) retrieved from /home/airflow/.local/lib/python3.7/site-packages/airflow/example_dags/example_latest_only.py
[2021-12-10 08:34:33,035] {logging_mixin.py:109} INFO - [2021-12-10 08:34:33,035] {dag.py:2396} INFO - Sync 1 DAGs
[2021-12-10 08:34:33,052] {logging_mixin.py:109} INFO - [2021-12-10 08:34:33,052] {dag.py:2928} INFO - Setting next_dagrun for latest_only to 2021-12-10T04:34:33.052499+00:00
[2021-12-10 08:34:33,062] {processor.py:171} INFO - Processing /home/airflow/.local/lib/python3.7/site-packages/airflow/example_dags/example_latest_only.py took 0.069 seconds
[2021-12-10 08:35:03,260] {processor.py:163} INFO - Started process (PID=1577) to work on /home/airflow/.local/lib/python3.7/site-packages/airflow/example_dags/example_latest_only.py
[2021-12-10 08:35:03,261] {processor.py:625} INFO - Processing file /home/airflow/.local/lib/python3.7/site-packages/airflow/example_dags/example_latest_only.py for tasks to queue
[2021-12-10 08:35:03,262] {logging_mixin.py:109} INFO - [2021-12-10 08:35:03,262] {dagbag.py:500} INFO - Filling up the DagBag from /home/airflow/.local/lib/python3.7/site-packages/airflow/example_dags/example_latest_only.py
[2021-12-10 08:35:03,290] {processor.py:637} INFO - DAG(s) dict_keys(['latest_only']) retrieved from /home/airflow/.local/lib/python3.7/site-packages/airflow/example_dags/example_latest_only.py
[2021-12-10 08:35:03,301] {logging_mixin.py:109} INFO - [2021-12-10 08:35:03,301] {dag.py:2396} INFO - Sync 1 DAGs
[2021-12-10 08:35:03,319] {logging_mixin.py:109} INFO - [2021-12-10 08:35:03,319] {dag.py:2928} INFO - Setting next_dagrun for latest_only to 2021-12-10T04:35:03.318766+00:00
[2021-12-10 08:35:03,328] {processor.py:171} INFO - Processing /home/airflow/.local/lib/python3.7/site-packages/airflow/example_dags/example_latest_only.py took 0.072 seconds
[2021-12-10 08:35:33,396] {processor.py:163} INFO - Started process (PID=1640) to work on /home/airflow/.local/lib/python3.7/site-packages/airflow/example_dags/example_latest_only.py
[2021-12-10 08:35:33,399] {processor.py:625} INFO - Processing file /home/airflow/.local/lib/python3.7/site-packages/airflow/example_dags/example_latest_only.py for tasks to queue
[2021-12-10 08:35:33,399] {logging_mixin.py:109} INFO - [2021-12-10 08:35:33,399] {dagbag.py:500} INFO - Filling up the DagBag from /home/airflow/.local/lib/python3.7/site-packages/airflow/example_dags/example_latest_only.py
[2021-12-10 08:35:33,428] {processor.py:637} INFO - DAG(s) dict_keys(['latest_only']) retrieved from /home/airflow/.local/lib/python3.7/site-packages/airflow/example_dags/example_latest_only.py
[2021-12-10 08:35:33,439] {logging_mixin.py:109} INFO - [2021-12-10 08:35:33,439] {dag.py:2396} INFO - Sync 1 DAGs
[2021-12-10 08:35:33,459] {logging_mixin.py:109} INFO - [2021-12-10 08:35:33,459] {dag.py:2928} INFO - Setting next_dagrun for latest_only to 2021-12-10T04:35:33.459138+00:00
[2021-12-10 08:35:33,469] {processor.py:171} INFO - Processing /home/airflow/.local/lib/python3.7/site-packages/airflow/example_dags/example_latest_only.py took 0.077 seconds
[2021-12-10 08:36:03,872] {processor.py:163} INFO - Started process (PID=1693) to work on /home/airflow/.local/lib/python3.7/site-packages/airflow/example_dags/example_latest_only.py
[2021-12-10 08:36:03,874] {processor.py:625} INFO - Processing file /home/airflow/.local/lib/python3.7/site-packages/airflow/example_dags/example_latest_only.py for tasks to queue
[2021-12-10 08:36:03,874] {logging_mixin.py:109} INFO - [2021-12-10 08:36:03,874] {dagbag.py:500} INFO - Filling up the DagBag from /home/airflow/.local/lib/python3.7/site-packages/airflow/example_dags/example_latest_only.py
[2021-12-10 08:36:03,903] {processor.py:637} INFO - DAG(s) dict_keys(['latest_only']) retrieved from /home/airflow/.local/lib/python3.7/site-packages/airflow/example_dags/example_latest_only.py
[2021-12-10 08:36:03,914] {logging_mixin.py:109} INFO - [2021-12-10 08:36:03,914] {dag.py:2396} INFO - Sync 1 DAGs
[2021-12-10 08:36:03,932] {logging_mixin.py:109} INFO - [2021-12-10 08:36:03,932] {dag.py:2928} INFO - Setting next_dagrun for latest_only to 2021-12-10T04:36:03.931837+00:00
[2021-12-10 08:36:03,942] {processor.py:171} INFO - Processing /home/airflow/.local/lib/python3.7/site-packages/airflow/example_dags/example_latest_only.py took 0.073 seconds
[2021-12-10 08:36:34,377] {processor.py:163} INFO - Started process (PID=1746) to work on /home/airflow/.local/lib/python3.7/site-packages/airflow/example_dags/example_latest_only.py
[2021-12-10 08:36:34,378] {processor.py:625} INFO - Processing file /home/airflow/.local/lib/python3.7/site-packages/airflow/example_dags/example_latest_only.py for tasks to queue
[2021-12-10 08:36:34,379] {logging_mixin.py:109} INFO - [2021-12-10 08:36:34,379] {dagbag.py:500} INFO - Filling up the DagBag from /home/airflow/.local/lib/python3.7/site-packages/airflow/example_dags/example_latest_only.py
[2021-12-10 08:36:34,406] {processor.py:637} INFO - DAG(s) dict_keys(['latest_only']) retrieved from /home/airflow/.local/lib/python3.7/site-packages/airflow/example_dags/example_latest_only.py
[2021-12-10 08:36:34,416] {logging_mixin.py:109} INFO - [2021-12-10 08:36:34,416] {dag.py:2396} INFO - Sync 1 DAGs
[2021-12-10 08:36:34,434] {logging_mixin.py:109} INFO - [2021-12-10 08:36:34,434] {dag.py:2928} INFO - Setting next_dagrun for latest_only to 2021-12-10T04:36:34.433676+00:00
[2021-12-10 08:36:34,444] {processor.py:171} INFO - Processing /home/airflow/.local/lib/python3.7/site-packages/airflow/example_dags/example_latest_only.py took 0.071 seconds
[2021-12-10 08:37:05,486] {processor.py:163} INFO - Started process (PID=1808) to work on /home/airflow/.local/lib/python3.7/site-packages/airflow/example_dags/example_latest_only.py
[2021-12-10 08:37:05,487] {processor.py:625} INFO - Processing file /home/airflow/.local/lib/python3.7/site-packages/airflow/example_dags/example_latest_only.py for tasks to queue
[2021-12-10 08:37:05,488] {logging_mixin.py:109} INFO - [2021-12-10 08:37:05,488] {dagbag.py:500} INFO - Filling up the DagBag from /home/airflow/.local/lib/python3.7/site-packages/airflow/example_dags/example_latest_only.py
[2021-12-10 08:37:05,514] {processor.py:637} INFO - DAG(s) dict_keys(['latest_only']) retrieved from /home/airflow/.local/lib/python3.7/site-packages/airflow/example_dags/example_latest_only.py
[2021-12-10 08:37:05,525] {logging_mixin.py:109} INFO - [2021-12-10 08:37:05,524] {dag.py:2396} INFO - Sync 1 DAGs
[2021-12-10 08:37:05,542] {logging_mixin.py:109} INFO - [2021-12-10 08:37:05,542] {dag.py:2928} INFO - Setting next_dagrun for latest_only to 2021-12-10T04:37:05.541971+00:00
[2021-12-10 08:37:05,552] {processor.py:171} INFO - Processing /home/airflow/.local/lib/python3.7/site-packages/airflow/example_dags/example_latest_only.py took 0.071 seconds
[2021-12-10 08:37:36,771] {processor.py:163} INFO - Started process (PID=1864) to work on /home/airflow/.local/lib/python3.7/site-packages/airflow/example_dags/example_latest_only.py
[2021-12-10 08:37:36,773] {processor.py:625} INFO - Processing file /home/airflow/.local/lib/python3.7/site-packages/airflow/example_dags/example_latest_only.py for tasks to queue
[2021-12-10 08:37:36,774] {logging_mixin.py:109} INFO - [2021-12-10 08:37:36,773] {dagbag.py:500} INFO - Filling up the DagBag from /home/airflow/.local/lib/python3.7/site-packages/airflow/example_dags/example_latest_only.py
[2021-12-10 08:37:36,799] {processor.py:637} INFO - DAG(s) dict_keys(['latest_only']) retrieved from /home/airflow/.local/lib/python3.7/site-packages/airflow/example_dags/example_latest_only.py
[2021-12-10 08:37:36,809] {logging_mixin.py:109} INFO - [2021-12-10 08:37:36,809] {dag.py:2396} INFO - Sync 1 DAGs
[2021-12-10 08:37:36,826] {logging_mixin.py:109} INFO - [2021-12-10 08:37:36,826] {dag.py:2928} INFO - Setting next_dagrun for latest_only to 2021-12-10T04:37:36.826168+00:00
[2021-12-10 08:37:36,836] {processor.py:171} INFO - Processing /home/airflow/.local/lib/python3.7/site-packages/airflow/example_dags/example_latest_only.py took 0.068 seconds
[2021-12-10 08:38:08,131] {processor.py:163} INFO - Started process (PID=1927) to work on /home/airflow/.local/lib/python3.7/site-packages/airflow/example_dags/example_latest_only.py
[2021-12-10 08:38:08,132] {processor.py:625} INFO - Processing file /home/airflow/.local/lib/python3.7/site-packages/airflow/example_dags/example_latest_only.py for tasks to queue
[2021-12-10 08:38:08,133] {logging_mixin.py:109} INFO - [2021-12-10 08:38:08,133] {dagbag.py:500} INFO - Filling up the DagBag from /home/airflow/.local/lib/python3.7/site-packages/airflow/example_dags/example_latest_only.py
[2021-12-10 08:38:08,163] {processor.py:637} INFO - DAG(s) dict_keys(['latest_only']) retrieved from /home/airflow/.local/lib/python3.7/site-packages/airflow/example_dags/example_latest_only.py
[2021-12-10 08:38:08,174] {logging_mixin.py:109} INFO - [2021-12-10 08:38:08,174] {dag.py:2396} INFO - Sync 1 DAGs
[2021-12-10 08:38:08,195] {logging_mixin.py:109} INFO - [2021-12-10 08:38:08,194] {dag.py:2928} INFO - Setting next_dagrun for latest_only to 2021-12-10T04:38:08.194424+00:00
[2021-12-10 08:38:08,206] {processor.py:171} INFO - Processing /home/airflow/.local/lib/python3.7/site-packages/airflow/example_dags/example_latest_only.py took 0.079 seconds
[2021-12-10 08:38:38,517] {processor.py:163} INFO - Started process (PID=1979) to work on /home/airflow/.local/lib/python3.7/site-packages/airflow/example_dags/example_latest_only.py
[2021-12-10 08:38:38,522] {processor.py:625} INFO - Processing file /home/airflow/.local/lib/python3.7/site-packages/airflow/example_dags/example_latest_only.py for tasks to queue
[2021-12-10 08:38:38,523] {logging_mixin.py:109} INFO - [2021-12-10 08:38:38,523] {dagbag.py:500} INFO - Filling up the DagBag from /home/airflow/.local/lib/python3.7/site-packages/airflow/example_dags/example_latest_only.py
[2021-12-10 08:38:38,549] {processor.py:637} INFO - DAG(s) dict_keys(['latest_only']) retrieved from /home/airflow/.local/lib/python3.7/site-packages/airflow/example_dags/example_latest_only.py
[2021-12-10 08:38:38,559] {logging_mixin.py:109} INFO - [2021-12-10 08:38:38,558] {dag.py:2396} INFO - Sync 1 DAGs
[2021-12-10 08:38:38,575] {logging_mixin.py:109} INFO - [2021-12-10 08:38:38,575] {dag.py:2928} INFO - Setting next_dagrun for latest_only to 2021-12-10T04:38:38.575042+00:00
[2021-12-10 08:38:38,585] {processor.py:171} INFO - Processing /home/airflow/.local/lib/python3.7/site-packages/airflow/example_dags/example_latest_only.py took 0.072 seconds
[2021-12-10 08:39:08,828] {processor.py:163} INFO - Started process (PID=2039) to work on /home/airflow/.local/lib/python3.7/site-packages/airflow/example_dags/example_latest_only.py
[2021-12-10 08:39:08,830] {processor.py:625} INFO - Processing file /home/airflow/.local/lib/python3.7/site-packages/airflow/example_dags/example_latest_only.py for tasks to queue
[2021-12-10 08:39:08,831] {logging_mixin.py:109} INFO - [2021-12-10 08:39:08,831] {dagbag.py:500} INFO - Filling up the DagBag from /home/airflow/.local/lib/python3.7/site-packages/airflow/example_dags/example_latest_only.py
[2021-12-10 08:39:08,860] {processor.py:637} INFO - DAG(s) dict_keys(['latest_only']) retrieved from /home/airflow/.local/lib/python3.7/site-packages/airflow/example_dags/example_latest_only.py
[2021-12-10 08:39:08,871] {logging_mixin.py:109} INFO - [2021-12-10 08:39:08,871] {dag.py:2396} INFO - Sync 1 DAGs
[2021-12-10 08:39:08,888] {logging_mixin.py:109} INFO - [2021-12-10 08:39:08,888] {dag.py:2928} INFO - Setting next_dagrun for latest_only to 2021-12-10T04:39:08.887931+00:00
[2021-12-10 08:39:08,898] {processor.py:171} INFO - Processing /home/airflow/.local/lib/python3.7/site-packages/airflow/example_dags/example_latest_only.py took 0.074 seconds
[2021-12-10 08:39:40,109] {processor.py:163} INFO - Started process (PID=2093) to work on /home/airflow/.local/lib/python3.7/site-packages/airflow/example_dags/example_latest_only.py
[2021-12-10 08:39:40,111] {processor.py:625} INFO - Processing file /home/airflow/.local/lib/python3.7/site-packages/airflow/example_dags/example_latest_only.py for tasks to queue
[2021-12-10 08:39:40,112] {logging_mixin.py:109} INFO - [2021-12-10 08:39:40,112] {dagbag.py:500} INFO - Filling up the DagBag from /home/airflow/.local/lib/python3.7/site-packages/airflow/example_dags/example_latest_only.py
[2021-12-10 08:39:40,138] {processor.py:637} INFO - DAG(s) dict_keys(['latest_only']) retrieved from /home/airflow/.local/lib/python3.7/site-packages/airflow/example_dags/example_latest_only.py
[2021-12-10 08:39:40,149] {logging_mixin.py:109} INFO - [2021-12-10 08:39:40,148] {dag.py:2396} INFO - Sync 1 DAGs
[2021-12-10 08:39:40,167] {logging_mixin.py:109} INFO - [2021-12-10 08:39:40,167] {dag.py:2928} INFO - Setting next_dagrun for latest_only to 2021-12-10T04:39:40.166692+00:00
[2021-12-10 08:39:40,183] {processor.py:171} INFO - Processing /home/airflow/.local/lib/python3.7/site-packages/airflow/example_dags/example_latest_only.py took 0.078 seconds
[2021-12-10 08:40:11,282] {processor.py:163} INFO - Started process (PID=2156) to work on /home/airflow/.local/lib/python3.7/site-packages/airflow/example_dags/example_latest_only.py
[2021-12-10 08:40:11,284] {processor.py:625} INFO - Processing file /home/airflow/.local/lib/python3.7/site-packages/airflow/example_dags/example_latest_only.py for tasks to queue
[2021-12-10 08:40:11,284] {logging_mixin.py:109} INFO - [2021-12-10 08:40:11,284] {dagbag.py:500} INFO - Filling up the DagBag from /home/airflow/.local/lib/python3.7/site-packages/airflow/example_dags/example_latest_only.py
[2021-12-10 08:40:11,312] {processor.py:637} INFO - DAG(s) dict_keys(['latest_only']) retrieved from /home/airflow/.local/lib/python3.7/site-packages/airflow/example_dags/example_latest_only.py
[2021-12-10 08:40:11,322] {logging_mixin.py:109} INFO - [2021-12-10 08:40:11,322] {dag.py:2396} INFO - Sync 1 DAGs
[2021-12-10 08:40:11,339] {logging_mixin.py:109} INFO - [2021-12-10 08:40:11,339] {dag.py:2928} INFO - Setting next_dagrun for latest_only to 2021-12-10T04:40:11.338782+00:00
[2021-12-10 08:40:11,348] {processor.py:171} INFO - Processing /home/airflow/.local/lib/python3.7/site-packages/airflow/example_dags/example_latest_only.py took 0.070 seconds
[2021-12-10 08:40:42,566] {processor.py:163} INFO - Started process (PID=2209) to work on /home/airflow/.local/lib/python3.7/site-packages/airflow/example_dags/example_latest_only.py
[2021-12-10 08:40:42,568] {processor.py:625} INFO - Processing file /home/airflow/.local/lib/python3.7/site-packages/airflow/example_dags/example_latest_only.py for tasks to queue
[2021-12-10 08:40:42,569] {logging_mixin.py:109} INFO - [2021-12-10 08:40:42,569] {dagbag.py:500} INFO - Filling up the DagBag from /home/airflow/.local/lib/python3.7/site-packages/airflow/example_dags/example_latest_only.py
[2021-12-10 08:40:42,596] {processor.py:637} INFO - DAG(s) dict_keys(['latest_only']) retrieved from /home/airflow/.local/lib/python3.7/site-packages/airflow/example_dags/example_latest_only.py
[2021-12-10 08:40:42,606] {logging_mixin.py:109} INFO - [2021-12-10 08:40:42,606] {dag.py:2396} INFO - Sync 1 DAGs
[2021-12-10 08:40:42,624] {logging_mixin.py:109} INFO - [2021-12-10 08:40:42,624] {dag.py:2928} INFO - Setting next_dagrun for latest_only to 2021-12-10T04:40:42.623698+00:00
[2021-12-10 08:40:42,635] {processor.py:171} INFO - Processing /home/airflow/.local/lib/python3.7/site-packages/airflow/example_dags/example_latest_only.py took 0.073 seconds
[2021-12-10 08:41:13,643] {processor.py:163} INFO - Started process (PID=2273) to work on /home/airflow/.local/lib/python3.7/site-packages/airflow/example_dags/example_latest_only.py
[2021-12-10 08:41:13,645] {processor.py:625} INFO - Processing file /home/airflow/.local/lib/python3.7/site-packages/airflow/example_dags/example_latest_only.py for tasks to queue
[2021-12-10 08:41:13,645] {logging_mixin.py:109} INFO - [2021-12-10 08:41:13,645] {dagbag.py:500} INFO - Filling up the DagBag from /home/airflow/.local/lib/python3.7/site-packages/airflow/example_dags/example_latest_only.py
[2021-12-10 08:41:13,675] {processor.py:637} INFO - DAG(s) dict_keys(['latest_only']) retrieved from /home/airflow/.local/lib/python3.7/site-packages/airflow/example_dags/example_latest_only.py
[2021-12-10 08:41:13,685] {logging_mixin.py:109} INFO - [2021-12-10 08:41:13,685] {dag.py:2396} INFO - Sync 1 DAGs
[2021-12-10 08:41:13,706] {logging_mixin.py:109} INFO - [2021-12-10 08:41:13,705] {dag.py:2928} INFO - Setting next_dagrun for latest_only to 2021-12-10T04:41:13.705675+00:00
[2021-12-10 08:41:13,717] {processor.py:171} INFO - Processing /home/airflow/.local/lib/python3.7/site-packages/airflow/example_dags/example_latest_only.py took 0.077 seconds
[2021-12-10 08:41:44,140] {processor.py:163} INFO - Started process (PID=2326) to work on /home/airflow/.local/lib/python3.7/site-packages/airflow/example_dags/example_latest_only.py
[2021-12-10 08:41:44,141] {processor.py:625} INFO - Processing file /home/airflow/.local/lib/python3.7/site-packages/airflow/example_dags/example_latest_only.py for tasks to queue
[2021-12-10 08:41:44,142] {logging_mixin.py:109} INFO - [2021-12-10 08:41:44,142] {dagbag.py:500} INFO - Filling up the DagBag from /home/airflow/.local/lib/python3.7/site-packages/airflow/example_dags/example_latest_only.py
[2021-12-10 08:41:44,171] {processor.py:637} INFO - DAG(s) dict_keys(['latest_only']) retrieved from /home/airflow/.local/lib/python3.7/site-packages/airflow/example_dags/example_latest_only.py
[2021-12-10 08:41:44,181] {logging_mixin.py:109} INFO - [2021-12-10 08:41:44,181] {dag.py:2396} INFO - Sync 1 DAGs
[2021-12-10 08:41:44,199] {logging_mixin.py:109} INFO - [2021-12-10 08:41:44,199] {dag.py:2928} INFO - Setting next_dagrun for latest_only to 2021-12-10T04:41:44.199365+00:00
[2021-12-10 08:41:44,210] {processor.py:171} INFO - Processing /home/airflow/.local/lib/python3.7/site-packages/airflow/example_dags/example_latest_only.py took 0.074 seconds
[2021-12-10 08:42:14,574] {processor.py:163} INFO - Started process (PID=2380) to work on /home/airflow/.local/lib/python3.7/site-packages/airflow/example_dags/example_latest_only.py
[2021-12-10 08:42:14,576] {processor.py:625} INFO - Processing file /home/airflow/.local/lib/python3.7/site-packages/airflow/example_dags/example_latest_only.py for tasks to queue
[2021-12-10 08:42:14,577] {logging_mixin.py:109} INFO - [2021-12-10 08:42:14,576] {dagbag.py:500} INFO - Filling up the DagBag from /home/airflow/.local/lib/python3.7/site-packages/airflow/example_dags/example_latest_only.py
[2021-12-10 08:42:14,605] {processor.py:637} INFO - DAG(s) dict_keys(['latest_only']) retrieved from /home/airflow/.local/lib/python3.7/site-packages/airflow/example_dags/example_latest_only.py
[2021-12-10 08:42:14,615] {logging_mixin.py:109} INFO - [2021-12-10 08:42:14,615] {dag.py:2396} INFO - Sync 1 DAGs
[2021-12-10 08:42:14,632] {logging_mixin.py:109} INFO - [2021-12-10 08:42:14,632] {dag.py:2928} INFO - Setting next_dagrun for latest_only to 2021-12-10T04:42:14.632120+00:00
[2021-12-10 08:42:14,642] {processor.py:171} INFO - Processing /home/airflow/.local/lib/python3.7/site-packages/airflow/example_dags/example_latest_only.py took 0.071 seconds
[2021-12-10 08:42:45,561] {processor.py:163} INFO - Started process (PID=2441) to work on /home/airflow/.local/lib/python3.7/site-packages/airflow/example_dags/example_latest_only.py
[2021-12-10 08:42:45,563] {processor.py:625} INFO - Processing file /home/airflow/.local/lib/python3.7/site-packages/airflow/example_dags/example_latest_only.py for tasks to queue
[2021-12-10 08:42:45,564] {logging_mixin.py:109} INFO - [2021-12-10 08:42:45,563] {dagbag.py:500} INFO - Filling up the DagBag from /home/airflow/.local/lib/python3.7/site-packages/airflow/example_dags/example_latest_only.py
[2021-12-10 08:42:45,591] {processor.py:637} INFO - DAG(s) dict_keys(['latest_only']) retrieved from /home/airflow/.local/lib/python3.7/site-packages/airflow/example_dags/example_latest_only.py
[2021-12-10 08:42:45,602] {logging_mixin.py:109} INFO - [2021-12-10 08:42:45,602] {dag.py:2396} INFO - Sync 1 DAGs
[2021-12-10 08:42:45,619] {logging_mixin.py:109} INFO - [2021-12-10 08:42:45,619] {dag.py:2928} INFO - Setting next_dagrun for latest_only to 2021-12-10T04:42:45.619380+00:00
[2021-12-10 08:42:45,631] {processor.py:171} INFO - Processing /home/airflow/.local/lib/python3.7/site-packages/airflow/example_dags/example_latest_only.py took 0.075 seconds
[2021-12-10 08:43:16,045] {processor.py:163} INFO - Started process (PID=2494) to work on /home/airflow/.local/lib/python3.7/site-packages/airflow/example_dags/example_latest_only.py
[2021-12-10 08:43:16,047] {processor.py:625} INFO - Processing file /home/airflow/.local/lib/python3.7/site-packages/airflow/example_dags/example_latest_only.py for tasks to queue
[2021-12-10 08:43:16,047] {logging_mixin.py:109} INFO - [2021-12-10 08:43:16,047] {dagbag.py:500} INFO - Filling up the DagBag from /home/airflow/.local/lib/python3.7/site-packages/airflow/example_dags/example_latest_only.py
[2021-12-10 08:43:16,077] {processor.py:637} INFO - DAG(s) dict_keys(['latest_only']) retrieved from /home/airflow/.local/lib/python3.7/site-packages/airflow/example_dags/example_latest_only.py
[2021-12-10 08:43:16,087] {logging_mixin.py:109} INFO - [2021-12-10 08:43:16,087] {dag.py:2396} INFO - Sync 1 DAGs
[2021-12-10 08:43:16,104] {logging_mixin.py:109} INFO - [2021-12-10 08:43:16,104] {dag.py:2928} INFO - Setting next_dagrun for latest_only to 2021-12-10T04:43:16.104141+00:00
[2021-12-10 08:43:16,114] {processor.py:171} INFO - Processing /home/airflow/.local/lib/python3.7/site-packages/airflow/example_dags/example_latest_only.py took 0.074 seconds
[2021-12-10 08:43:47,272] {processor.py:163} INFO - Started process (PID=2554) to work on /home/airflow/.local/lib/python3.7/site-packages/airflow/example_dags/example_latest_only.py
[2021-12-10 08:43:47,274] {processor.py:625} INFO - Processing file /home/airflow/.local/lib/python3.7/site-packages/airflow/example_dags/example_latest_only.py for tasks to queue
[2021-12-10 08:43:47,274] {logging_mixin.py:109} INFO - [2021-12-10 08:43:47,274] {dagbag.py:500} INFO - Filling up the DagBag from /home/airflow/.local/lib/python3.7/site-packages/airflow/example_dags/example_latest_only.py
[2021-12-10 08:43:47,301] {processor.py:637} INFO - DAG(s) dict_keys(['latest_only']) retrieved from /home/airflow/.local/lib/python3.7/site-packages/airflow/example_dags/example_latest_only.py
[2021-12-10 08:43:47,311] {logging_mixin.py:109} INFO - [2021-12-10 08:43:47,311] {dag.py:2396} INFO - Sync 1 DAGs
[2021-12-10 08:43:47,331] {logging_mixin.py:109} INFO - [2021-12-10 08:43:47,330] {dag.py:2928} INFO - Setting next_dagrun for latest_only to 2021-12-10T04:43:47.330563+00:00
[2021-12-10 08:43:47,340] {processor.py:171} INFO - Processing /home/airflow/.local/lib/python3.7/site-packages/airflow/example_dags/example_latest_only.py took 0.072 seconds
[2021-12-10 08:44:18,682] {processor.py:163} INFO - Started process (PID=2608) to work on /home/airflow/.local/lib/python3.7/site-packages/airflow/example_dags/example_latest_only.py
[2021-12-10 08:44:18,684] {processor.py:625} INFO - Processing file /home/airflow/.local/lib/python3.7/site-packages/airflow/example_dags/example_latest_only.py for tasks to queue
[2021-12-10 08:44:18,685] {logging_mixin.py:109} INFO - [2021-12-10 08:44:18,685] {dagbag.py:500} INFO - Filling up the DagBag from /home/airflow/.local/lib/python3.7/site-packages/airflow/example_dags/example_latest_only.py
[2021-12-10 08:44:18,712] {processor.py:637} INFO - DAG(s) dict_keys(['latest_only']) retrieved from /home/airflow/.local/lib/python3.7/site-packages/airflow/example_dags/example_latest_only.py
[2021-12-10 08:44:18,721] {logging_mixin.py:109} INFO - [2021-12-10 08:44:18,721] {dag.py:2396} INFO - Sync 1 DAGs
[2021-12-10 08:44:18,741] {logging_mixin.py:109} INFO - [2021-12-10 08:44:18,741] {dag.py:2928} INFO - Setting next_dagrun for latest_only to 2021-12-10T04:44:18.740857+00:00
[2021-12-10 08:44:18,751] {processor.py:171} INFO - Processing /home/airflow/.local/lib/python3.7/site-packages/airflow/example_dags/example_latest_only.py took 0.072 seconds
[2021-12-10 08:44:49,439] {processor.py:163} INFO - Started process (PID=2671) to work on /home/airflow/.local/lib/python3.7/site-packages/airflow/example_dags/example_latest_only.py
[2021-12-10 08:44:49,440] {processor.py:625} INFO - Processing file /home/airflow/.local/lib/python3.7/site-packages/airflow/example_dags/example_latest_only.py for tasks to queue
[2021-12-10 08:44:49,441] {logging_mixin.py:109} INFO - [2021-12-10 08:44:49,441] {dagbag.py:500} INFO - Filling up the DagBag from /home/airflow/.local/lib/python3.7/site-packages/airflow/example_dags/example_latest_only.py
[2021-12-10 08:44:49,471] {processor.py:637} INFO - DAG(s) dict_keys(['latest_only']) retrieved from /home/airflow/.local/lib/python3.7/site-packages/airflow/example_dags/example_latest_only.py
[2021-12-10 08:44:49,482] {logging_mixin.py:109} INFO - [2021-12-10 08:44:49,482] {dag.py:2396} INFO - Sync 1 DAGs
[2021-12-10 08:44:49,502] {logging_mixin.py:109} INFO - [2021-12-10 08:44:49,502] {dag.py:2928} INFO - Setting next_dagrun for latest_only to 2021-12-10T04:44:49.501854+00:00
[2021-12-10 08:44:49,516] {processor.py:171} INFO - Processing /home/airflow/.local/lib/python3.7/site-packages/airflow/example_dags/example_latest_only.py took 0.081 seconds
[2021-12-10 08:45:20,056] {processor.py:163} INFO - Started process (PID=2726) to work on /home/airflow/.local/lib/python3.7/site-packages/airflow/example_dags/example_latest_only.py
[2021-12-10 08:45:20,057] {processor.py:625} INFO - Processing file /home/airflow/.local/lib/python3.7/site-packages/airflow/example_dags/example_latest_only.py for tasks to queue
[2021-12-10 08:45:20,058] {logging_mixin.py:109} INFO - [2021-12-10 08:45:20,058] {dagbag.py:500} INFO - Filling up the DagBag from /home/airflow/.local/lib/python3.7/site-packages/airflow/example_dags/example_latest_only.py
[2021-12-10 08:45:20,086] {processor.py:637} INFO - DAG(s) dict_keys(['latest_only']) retrieved from /home/airflow/.local/lib/python3.7/site-packages/airflow/example_dags/example_latest_only.py
[2021-12-10 08:45:20,097] {logging_mixin.py:109} INFO - [2021-12-10 08:45:20,097] {dag.py:2396} INFO - Sync 1 DAGs
[2021-12-10 08:45:20,115] {logging_mixin.py:109} INFO - [2021-12-10 08:45:20,114] {dag.py:2928} INFO - Setting next_dagrun for latest_only to 2021-12-10T04:45:20.114570+00:00
[2021-12-10 08:45:20,125] {processor.py:171} INFO - Processing /home/airflow/.local/lib/python3.7/site-packages/airflow/example_dags/example_latest_only.py took 0.073 seconds
[2021-12-10 08:45:50,424] {processor.py:163} INFO - Started process (PID=2787) to work on /home/airflow/.local/lib/python3.7/site-packages/airflow/example_dags/example_latest_only.py
[2021-12-10 08:45:50,425] {processor.py:625} INFO - Processing file /home/airflow/.local/lib/python3.7/site-packages/airflow/example_dags/example_latest_only.py for tasks to queue
[2021-12-10 08:45:50,426] {logging_mixin.py:109} INFO - [2021-12-10 08:45:50,426] {dagbag.py:500} INFO - Filling up the DagBag from /home/airflow/.local/lib/python3.7/site-packages/airflow/example_dags/example_latest_only.py
[2021-12-10 08:45:50,452] {processor.py:637} INFO - DAG(s) dict_keys(['latest_only']) retrieved from /home/airflow/.local/lib/python3.7/site-packages/airflow/example_dags/example_latest_only.py
[2021-12-10 08:45:50,462] {logging_mixin.py:109} INFO - [2021-12-10 08:45:50,462] {dag.py:2396} INFO - Sync 1 DAGs
[2021-12-10 08:45:50,480] {logging_mixin.py:109} INFO - [2021-12-10 08:45:50,480] {dag.py:2928} INFO - Setting next_dagrun for latest_only to 2021-12-10T04:45:50.479784+00:00
[2021-12-10 08:45:50,489] {processor.py:171} INFO - Processing /home/airflow/.local/lib/python3.7/site-packages/airflow/example_dags/example_latest_only.py took 0.069 seconds
[2021-12-10 08:46:21,119] {processor.py:163} INFO - Started process (PID=2839) to work on /home/airflow/.local/lib/python3.7/site-packages/airflow/example_dags/example_latest_only.py
[2021-12-10 08:46:21,121] {processor.py:625} INFO - Processing file /home/airflow/.local/lib/python3.7/site-packages/airflow/example_dags/example_latest_only.py for tasks to queue
[2021-12-10 08:46:21,122] {logging_mixin.py:109} INFO - [2021-12-10 08:46:21,121] {dagbag.py:500} INFO - Filling up the DagBag from /home/airflow/.local/lib/python3.7/site-packages/airflow/example_dags/example_latest_only.py
[2021-12-10 08:46:21,162] {processor.py:637} INFO - DAG(s) dict_keys(['latest_only']) retrieved from /home/airflow/.local/lib/python3.7/site-packages/airflow/example_dags/example_latest_only.py
[2021-12-10 08:46:21,173] {logging_mixin.py:109} INFO - [2021-12-10 08:46:21,173] {dag.py:2396} INFO - Sync 1 DAGs
[2021-12-10 08:46:21,192] {logging_mixin.py:109} INFO - [2021-12-10 08:46:21,192] {dag.py:2928} INFO - Setting next_dagrun for latest_only to 2021-12-10T04:46:21.192495+00:00
[2021-12-10 08:46:21,202] {processor.py:171} INFO - Processing /home/airflow/.local/lib/python3.7/site-packages/airflow/example_dags/example_latest_only.py took 0.086 seconds
[2021-12-10 08:46:51,355] {processor.py:163} INFO - Started process (PID=2890) to work on /home/airflow/.local/lib/python3.7/site-packages/airflow/example_dags/example_latest_only.py
[2021-12-10 08:46:51,357] {processor.py:625} INFO - Processing file /home/airflow/.local/lib/python3.7/site-packages/airflow/example_dags/example_latest_only.py for tasks to queue
[2021-12-10 08:46:51,358] {logging_mixin.py:109} INFO - [2021-12-10 08:46:51,357] {dagbag.py:500} INFO - Filling up the DagBag from /home/airflow/.local/lib/python3.7/site-packages/airflow/example_dags/example_latest_only.py
[2021-12-10 08:46:51,387] {processor.py:637} INFO - DAG(s) dict_keys(['latest_only']) retrieved from /home/airflow/.local/lib/python3.7/site-packages/airflow/example_dags/example_latest_only.py
[2021-12-10 08:46:51,398] {logging_mixin.py:109} INFO - [2021-12-10 08:46:51,398] {dag.py:2396} INFO - Sync 1 DAGs
[2021-12-10 08:46:51,416] {logging_mixin.py:109} INFO - [2021-12-10 08:46:51,416] {dag.py:2928} INFO - Setting next_dagrun for latest_only to 2021-12-10T04:46:51.416329+00:00
[2021-12-10 08:46:51,537] {processor.py:171} INFO - Processing /home/airflow/.local/lib/python3.7/site-packages/airflow/example_dags/example_latest_only.py took 0.186 seconds
[2021-12-10 08:47:22,596] {processor.py:163} INFO - Started process (PID=2953) to work on /home/airflow/.local/lib/python3.7/site-packages/airflow/example_dags/example_latest_only.py
[2021-12-10 08:47:22,598] {processor.py:625} INFO - Processing file /home/airflow/.local/lib/python3.7/site-packages/airflow/example_dags/example_latest_only.py for tasks to queue
[2021-12-10 08:47:22,598] {logging_mixin.py:109} INFO - [2021-12-10 08:47:22,598] {dagbag.py:500} INFO - Filling up the DagBag from /home/airflow/.local/lib/python3.7/site-packages/airflow/example_dags/example_latest_only.py
[2021-12-10 08:47:22,626] {processor.py:637} INFO - DAG(s) dict_keys(['latest_only']) retrieved from /home/airflow/.local/lib/python3.7/site-packages/airflow/example_dags/example_latest_only.py
[2021-12-10 08:47:22,637] {logging_mixin.py:109} INFO - [2021-12-10 08:47:22,637] {dag.py:2396} INFO - Sync 1 DAGs
[2021-12-10 08:47:22,773] {logging_mixin.py:109} INFO - [2021-12-10 08:47:22,773] {dag.py:2928} INFO - Setting next_dagrun for latest_only to 2021-12-10T04:47:22.772802+00:00
[2021-12-10 08:47:22,782] {processor.py:171} INFO - Processing /home/airflow/.local/lib/python3.7/site-packages/airflow/example_dags/example_latest_only.py took 0.190 seconds
