[2021-12-10 08:23:50,111] {processor.py:163} INFO - Started process (PID=281) to work on /home/airflow/.local/lib/python3.7/site-packages/airflow/example_dags/example_dag_decorator.py
[2021-12-10 08:23:50,112] {processor.py:625} INFO - Processing file /home/airflow/.local/lib/python3.7/site-packages/airflow/example_dags/example_dag_decorator.py for tasks to queue
[2021-12-10 08:23:50,112] {logging_mixin.py:109} INFO - [2021-12-10 08:23:50,112] {dagbag.py:500} INFO - Filling up the DagBag from /home/airflow/.local/lib/python3.7/site-packages/airflow/example_dags/example_dag_decorator.py
[2021-12-10 08:23:50,154] {processor.py:637} INFO - DAG(s) dict_keys(['example_dag_decorator']) retrieved from /home/airflow/.local/lib/python3.7/site-packages/airflow/example_dags/example_dag_decorator.py
[2021-12-10 08:23:51,456] {logging_mixin.py:109} INFO - [2021-12-10 08:23:51,456] {providers_manager.py:156} WARNING - Exception when importing 'airflow.providers.google.leveldb.hooks.leveldb.LevelDBHook' from 'apache-airflow-providers-google' package: No module named 'plyvel'
[2021-12-10 08:23:51,925] {logging_mixin.py:109} INFO - [2021-12-10 08:23:51,925] {providers_manager.py:156} WARNING - Exception when importing 'airflow.providers.google.leveldb.hooks.leveldb.LevelDBHook' from 'apache-airflow-providers-google' package: No module named 'plyvel'
[2021-12-10 08:23:51,950] {logging_mixin.py:109} INFO - [2021-12-10 08:23:51,950] {manager.py:496} INFO - Created Permission View: can read on DAG:example_dag_decorator
[2021-12-10 08:23:51,958] {logging_mixin.py:109} INFO - [2021-12-10 08:23:51,957] {manager.py:496} INFO - Created Permission View: can edit on DAG:example_dag_decorator
[2021-12-10 08:23:51,958] {logging_mixin.py:109} INFO - [2021-12-10 08:23:51,958] {dag.py:2396} INFO - Sync 1 DAGs
[2021-12-10 08:23:51,965] {logging_mixin.py:109} INFO - [2021-12-10 08:23:51,965] {dag.py:2415} INFO - Creating ORM DAG for example_dag_decorator
[2021-12-10 08:23:51,972] {logging_mixin.py:109} INFO - [2021-12-10 08:23:51,972] {dag.py:2928} INFO - Setting next_dagrun for example_dag_decorator to None
[2021-12-10 08:23:51,984] {processor.py:171} INFO - Processing /home/airflow/.local/lib/python3.7/site-packages/airflow/example_dags/example_dag_decorator.py took 1.877 seconds
[2021-12-10 08:24:22,550] {processor.py:163} INFO - Started process (PID=391) to work on /home/airflow/.local/lib/python3.7/site-packages/airflow/example_dags/example_dag_decorator.py
[2021-12-10 08:24:22,552] {processor.py:625} INFO - Processing file /home/airflow/.local/lib/python3.7/site-packages/airflow/example_dags/example_dag_decorator.py for tasks to queue
[2021-12-10 08:24:22,552] {logging_mixin.py:109} INFO - [2021-12-10 08:24:22,552] {dagbag.py:500} INFO - Filling up the DagBag from /home/airflow/.local/lib/python3.7/site-packages/airflow/example_dags/example_dag_decorator.py
[2021-12-10 08:24:22,589] {processor.py:637} INFO - DAG(s) dict_keys(['example_dag_decorator']) retrieved from /home/airflow/.local/lib/python3.7/site-packages/airflow/example_dags/example_dag_decorator.py
[2021-12-10 08:24:22,894] {logging_mixin.py:109} INFO - [2021-12-10 08:24:22,894] {dag.py:2396} INFO - Sync 1 DAGs
[2021-12-10 08:24:22,907] {logging_mixin.py:109} INFO - [2021-12-10 08:24:22,907] {dag.py:2928} INFO - Setting next_dagrun for example_dag_decorator to None
[2021-12-10 08:24:22,917] {processor.py:171} INFO - Processing /home/airflow/.local/lib/python3.7/site-packages/airflow/example_dags/example_dag_decorator.py took 0.371 seconds
[2021-12-10 08:24:52,966] {processor.py:163} INFO - Started process (PID=452) to work on /home/airflow/.local/lib/python3.7/site-packages/airflow/example_dags/example_dag_decorator.py
[2021-12-10 08:24:52,967] {processor.py:625} INFO - Processing file /home/airflow/.local/lib/python3.7/site-packages/airflow/example_dags/example_dag_decorator.py for tasks to queue
[2021-12-10 08:24:52,968] {logging_mixin.py:109} INFO - [2021-12-10 08:24:52,968] {dagbag.py:500} INFO - Filling up the DagBag from /home/airflow/.local/lib/python3.7/site-packages/airflow/example_dags/example_dag_decorator.py
[2021-12-10 08:24:53,005] {processor.py:637} INFO - DAG(s) dict_keys(['example_dag_decorator']) retrieved from /home/airflow/.local/lib/python3.7/site-packages/airflow/example_dags/example_dag_decorator.py
[2021-12-10 08:24:53,322] {logging_mixin.py:109} INFO - [2021-12-10 08:24:53,321] {dag.py:2396} INFO - Sync 1 DAGs
[2021-12-10 08:24:53,340] {logging_mixin.py:109} INFO - [2021-12-10 08:24:53,340] {dag.py:2928} INFO - Setting next_dagrun for example_dag_decorator to None
[2021-12-10 08:24:53,354] {processor.py:171} INFO - Processing /home/airflow/.local/lib/python3.7/site-packages/airflow/example_dags/example_dag_decorator.py took 0.392 seconds
[2021-12-10 08:25:23,400] {processor.py:163} INFO - Started process (PID=505) to work on /home/airflow/.local/lib/python3.7/site-packages/airflow/example_dags/example_dag_decorator.py
[2021-12-10 08:25:23,402] {processor.py:625} INFO - Processing file /home/airflow/.local/lib/python3.7/site-packages/airflow/example_dags/example_dag_decorator.py for tasks to queue
[2021-12-10 08:25:23,402] {logging_mixin.py:109} INFO - [2021-12-10 08:25:23,402] {dagbag.py:500} INFO - Filling up the DagBag from /home/airflow/.local/lib/python3.7/site-packages/airflow/example_dags/example_dag_decorator.py
[2021-12-10 08:25:23,440] {processor.py:637} INFO - DAG(s) dict_keys(['example_dag_decorator']) retrieved from /home/airflow/.local/lib/python3.7/site-packages/airflow/example_dags/example_dag_decorator.py
[2021-12-10 08:25:23,748] {logging_mixin.py:109} INFO - [2021-12-10 08:25:23,748] {dag.py:2396} INFO - Sync 1 DAGs
[2021-12-10 08:25:23,763] {logging_mixin.py:109} INFO - [2021-12-10 08:25:23,763] {dag.py:2928} INFO - Setting next_dagrun for example_dag_decorator to None
[2021-12-10 08:25:23,773] {processor.py:171} INFO - Processing /home/airflow/.local/lib/python3.7/site-packages/airflow/example_dags/example_dag_decorator.py took 0.377 seconds
[2021-12-10 08:25:53,810] {processor.py:163} INFO - Started process (PID=567) to work on /home/airflow/.local/lib/python3.7/site-packages/airflow/example_dags/example_dag_decorator.py
[2021-12-10 08:25:53,812] {processor.py:625} INFO - Processing file /home/airflow/.local/lib/python3.7/site-packages/airflow/example_dags/example_dag_decorator.py for tasks to queue
[2021-12-10 08:25:53,813] {logging_mixin.py:109} INFO - [2021-12-10 08:25:53,813] {dagbag.py:500} INFO - Filling up the DagBag from /home/airflow/.local/lib/python3.7/site-packages/airflow/example_dags/example_dag_decorator.py
[2021-12-10 08:25:53,850] {processor.py:637} INFO - DAG(s) dict_keys(['example_dag_decorator']) retrieved from /home/airflow/.local/lib/python3.7/site-packages/airflow/example_dags/example_dag_decorator.py
[2021-12-10 08:25:54,182] {logging_mixin.py:109} INFO - [2021-12-10 08:25:54,182] {dag.py:2396} INFO - Sync 1 DAGs
[2021-12-10 08:25:54,196] {logging_mixin.py:109} INFO - [2021-12-10 08:25:54,196] {dag.py:2928} INFO - Setting next_dagrun for example_dag_decorator to None
[2021-12-10 08:25:54,206] {processor.py:171} INFO - Processing /home/airflow/.local/lib/python3.7/site-packages/airflow/example_dags/example_dag_decorator.py took 0.400 seconds
[2021-12-10 08:26:24,305] {processor.py:163} INFO - Started process (PID=619) to work on /home/airflow/.local/lib/python3.7/site-packages/airflow/example_dags/example_dag_decorator.py
[2021-12-10 08:26:24,307] {processor.py:625} INFO - Processing file /home/airflow/.local/lib/python3.7/site-packages/airflow/example_dags/example_dag_decorator.py for tasks to queue
[2021-12-10 08:26:24,308] {logging_mixin.py:109} INFO - [2021-12-10 08:26:24,308] {dagbag.py:500} INFO - Filling up the DagBag from /home/airflow/.local/lib/python3.7/site-packages/airflow/example_dags/example_dag_decorator.py
[2021-12-10 08:26:24,347] {processor.py:637} INFO - DAG(s) dict_keys(['example_dag_decorator']) retrieved from /home/airflow/.local/lib/python3.7/site-packages/airflow/example_dags/example_dag_decorator.py
[2021-12-10 08:26:24,664] {logging_mixin.py:109} INFO - [2021-12-10 08:26:24,664] {dag.py:2396} INFO - Sync 1 DAGs
[2021-12-10 08:26:24,678] {logging_mixin.py:109} INFO - [2021-12-10 08:26:24,678] {dag.py:2928} INFO - Setting next_dagrun for example_dag_decorator to None
[2021-12-10 08:26:24,689] {processor.py:171} INFO - Processing /home/airflow/.local/lib/python3.7/site-packages/airflow/example_dags/example_dag_decorator.py took 0.388 seconds
[2021-12-10 08:26:55,126] {processor.py:163} INFO - Started process (PID=683) to work on /home/airflow/.local/lib/python3.7/site-packages/airflow/example_dags/example_dag_decorator.py
[2021-12-10 08:26:55,129] {processor.py:625} INFO - Processing file /home/airflow/.local/lib/python3.7/site-packages/airflow/example_dags/example_dag_decorator.py for tasks to queue
[2021-12-10 08:26:55,129] {logging_mixin.py:109} INFO - [2021-12-10 08:26:55,129] {dagbag.py:500} INFO - Filling up the DagBag from /home/airflow/.local/lib/python3.7/site-packages/airflow/example_dags/example_dag_decorator.py
[2021-12-10 08:26:55,175] {processor.py:637} INFO - DAG(s) dict_keys(['example_dag_decorator']) retrieved from /home/airflow/.local/lib/python3.7/site-packages/airflow/example_dags/example_dag_decorator.py
[2021-12-10 08:26:55,488] {logging_mixin.py:109} INFO - [2021-12-10 08:26:55,488] {dag.py:2396} INFO - Sync 1 DAGs
[2021-12-10 08:26:55,503] {logging_mixin.py:109} INFO - [2021-12-10 08:26:55,503] {dag.py:2928} INFO - Setting next_dagrun for example_dag_decorator to None
[2021-12-10 08:26:55,514] {processor.py:171} INFO - Processing /home/airflow/.local/lib/python3.7/site-packages/airflow/example_dags/example_dag_decorator.py took 0.392 seconds
[2021-12-10 08:27:26,446] {processor.py:163} INFO - Started process (PID=735) to work on /home/airflow/.local/lib/python3.7/site-packages/airflow/example_dags/example_dag_decorator.py
[2021-12-10 08:27:26,448] {processor.py:625} INFO - Processing file /home/airflow/.local/lib/python3.7/site-packages/airflow/example_dags/example_dag_decorator.py for tasks to queue
[2021-12-10 08:27:26,449] {logging_mixin.py:109} INFO - [2021-12-10 08:27:26,449] {dagbag.py:500} INFO - Filling up the DagBag from /home/airflow/.local/lib/python3.7/site-packages/airflow/example_dags/example_dag_decorator.py
[2021-12-10 08:27:26,486] {processor.py:637} INFO - DAG(s) dict_keys(['example_dag_decorator']) retrieved from /home/airflow/.local/lib/python3.7/site-packages/airflow/example_dags/example_dag_decorator.py
[2021-12-10 08:27:26,796] {logging_mixin.py:109} INFO - [2021-12-10 08:27:26,796] {dag.py:2396} INFO - Sync 1 DAGs
[2021-12-10 08:27:26,809] {logging_mixin.py:109} INFO - [2021-12-10 08:27:26,809] {dag.py:2928} INFO - Setting next_dagrun for example_dag_decorator to None
[2021-12-10 08:27:26,819] {processor.py:171} INFO - Processing /home/airflow/.local/lib/python3.7/site-packages/airflow/example_dags/example_dag_decorator.py took 0.376 seconds
[2021-12-10 08:27:57,646] {processor.py:163} INFO - Started process (PID=798) to work on /home/airflow/.local/lib/python3.7/site-packages/airflow/example_dags/example_dag_decorator.py
[2021-12-10 08:27:57,647] {processor.py:625} INFO - Processing file /home/airflow/.local/lib/python3.7/site-packages/airflow/example_dags/example_dag_decorator.py for tasks to queue
[2021-12-10 08:27:57,648] {logging_mixin.py:109} INFO - [2021-12-10 08:27:57,648] {dagbag.py:500} INFO - Filling up the DagBag from /home/airflow/.local/lib/python3.7/site-packages/airflow/example_dags/example_dag_decorator.py
[2021-12-10 08:27:57,684] {processor.py:637} INFO - DAG(s) dict_keys(['example_dag_decorator']) retrieved from /home/airflow/.local/lib/python3.7/site-packages/airflow/example_dags/example_dag_decorator.py
[2021-12-10 08:27:57,999] {logging_mixin.py:109} INFO - [2021-12-10 08:27:57,998] {dag.py:2396} INFO - Sync 1 DAGs
[2021-12-10 08:27:58,013] {logging_mixin.py:109} INFO - [2021-12-10 08:27:58,013] {dag.py:2928} INFO - Setting next_dagrun for example_dag_decorator to None
[2021-12-10 08:27:58,027] {processor.py:171} INFO - Processing /home/airflow/.local/lib/python3.7/site-packages/airflow/example_dags/example_dag_decorator.py took 0.385 seconds
[2021-12-10 08:28:28,891] {processor.py:163} INFO - Started process (PID=851) to work on /home/airflow/.local/lib/python3.7/site-packages/airflow/example_dags/example_dag_decorator.py
[2021-12-10 08:28:28,893] {processor.py:625} INFO - Processing file /home/airflow/.local/lib/python3.7/site-packages/airflow/example_dags/example_dag_decorator.py for tasks to queue
[2021-12-10 08:28:28,893] {logging_mixin.py:109} INFO - [2021-12-10 08:28:28,893] {dagbag.py:500} INFO - Filling up the DagBag from /home/airflow/.local/lib/python3.7/site-packages/airflow/example_dags/example_dag_decorator.py
[2021-12-10 08:28:28,931] {processor.py:637} INFO - DAG(s) dict_keys(['example_dag_decorator']) retrieved from /home/airflow/.local/lib/python3.7/site-packages/airflow/example_dags/example_dag_decorator.py
[2021-12-10 08:28:29,250] {logging_mixin.py:109} INFO - [2021-12-10 08:28:29,250] {dag.py:2396} INFO - Sync 1 DAGs
[2021-12-10 08:28:29,264] {logging_mixin.py:109} INFO - [2021-12-10 08:28:29,264] {dag.py:2928} INFO - Setting next_dagrun for example_dag_decorator to None
[2021-12-10 08:28:29,274] {processor.py:171} INFO - Processing /home/airflow/.local/lib/python3.7/site-packages/airflow/example_dags/example_dag_decorator.py took 0.387 seconds
[2021-12-10 08:29:00,200] {processor.py:163} INFO - Started process (PID=904) to work on /home/airflow/.local/lib/python3.7/site-packages/airflow/example_dags/example_dag_decorator.py
[2021-12-10 08:29:00,204] {processor.py:625} INFO - Processing file /home/airflow/.local/lib/python3.7/site-packages/airflow/example_dags/example_dag_decorator.py for tasks to queue
[2021-12-10 08:29:00,205] {logging_mixin.py:109} INFO - [2021-12-10 08:29:00,205] {dagbag.py:500} INFO - Filling up the DagBag from /home/airflow/.local/lib/python3.7/site-packages/airflow/example_dags/example_dag_decorator.py
[2021-12-10 08:29:00,240] {processor.py:637} INFO - DAG(s) dict_keys(['example_dag_decorator']) retrieved from /home/airflow/.local/lib/python3.7/site-packages/airflow/example_dags/example_dag_decorator.py
[2021-12-10 08:29:00,556] {logging_mixin.py:109} INFO - [2021-12-10 08:29:00,556] {dag.py:2396} INFO - Sync 1 DAGs
[2021-12-10 08:29:00,570] {logging_mixin.py:109} INFO - [2021-12-10 08:29:00,569] {dag.py:2928} INFO - Setting next_dagrun for example_dag_decorator to None
[2021-12-10 08:29:00,580] {processor.py:171} INFO - Processing /home/airflow/.local/lib/python3.7/site-packages/airflow/example_dags/example_dag_decorator.py took 0.384 seconds
[2021-12-10 08:29:31,464] {processor.py:163} INFO - Started process (PID=968) to work on /home/airflow/.local/lib/python3.7/site-packages/airflow/example_dags/example_dag_decorator.py
[2021-12-10 08:29:31,466] {processor.py:625} INFO - Processing file /home/airflow/.local/lib/python3.7/site-packages/airflow/example_dags/example_dag_decorator.py for tasks to queue
[2021-12-10 08:29:31,467] {logging_mixin.py:109} INFO - [2021-12-10 08:29:31,467] {dagbag.py:500} INFO - Filling up the DagBag from /home/airflow/.local/lib/python3.7/site-packages/airflow/example_dags/example_dag_decorator.py
[2021-12-10 08:29:31,501] {processor.py:637} INFO - DAG(s) dict_keys(['example_dag_decorator']) retrieved from /home/airflow/.local/lib/python3.7/site-packages/airflow/example_dags/example_dag_decorator.py
[2021-12-10 08:29:31,819] {logging_mixin.py:109} INFO - [2021-12-10 08:29:31,819] {dag.py:2396} INFO - Sync 1 DAGs
[2021-12-10 08:29:31,832] {logging_mixin.py:109} INFO - [2021-12-10 08:29:31,832] {dag.py:2928} INFO - Setting next_dagrun for example_dag_decorator to None
[2021-12-10 08:29:31,842] {processor.py:171} INFO - Processing /home/airflow/.local/lib/python3.7/site-packages/airflow/example_dags/example_dag_decorator.py took 0.381 seconds
[2021-12-10 08:30:01,988] {processor.py:163} INFO - Started process (PID=1024) to work on /home/airflow/.local/lib/python3.7/site-packages/airflow/example_dags/example_dag_decorator.py
[2021-12-10 08:30:01,990] {processor.py:625} INFO - Processing file /home/airflow/.local/lib/python3.7/site-packages/airflow/example_dags/example_dag_decorator.py for tasks to queue
[2021-12-10 08:30:01,991] {logging_mixin.py:109} INFO - [2021-12-10 08:30:01,991] {dagbag.py:500} INFO - Filling up the DagBag from /home/airflow/.local/lib/python3.7/site-packages/airflow/example_dags/example_dag_decorator.py
[2021-12-10 08:30:02,026] {processor.py:637} INFO - DAG(s) dict_keys(['example_dag_decorator']) retrieved from /home/airflow/.local/lib/python3.7/site-packages/airflow/example_dags/example_dag_decorator.py
[2021-12-10 08:30:02,339] {logging_mixin.py:109} INFO - [2021-12-10 08:30:02,338] {dag.py:2396} INFO - Sync 1 DAGs
[2021-12-10 08:30:02,352] {logging_mixin.py:109} INFO - [2021-12-10 08:30:02,352] {dag.py:2928} INFO - Setting next_dagrun for example_dag_decorator to None
[2021-12-10 08:30:02,363] {processor.py:171} INFO - Processing /home/airflow/.local/lib/python3.7/site-packages/airflow/example_dags/example_dag_decorator.py took 0.378 seconds
[2021-12-10 08:30:33,286] {processor.py:163} INFO - Started process (PID=1088) to work on /home/airflow/.local/lib/python3.7/site-packages/airflow/example_dags/example_dag_decorator.py
[2021-12-10 08:30:33,288] {processor.py:625} INFO - Processing file /home/airflow/.local/lib/python3.7/site-packages/airflow/example_dags/example_dag_decorator.py for tasks to queue
[2021-12-10 08:30:33,288] {logging_mixin.py:109} INFO - [2021-12-10 08:30:33,288] {dagbag.py:500} INFO - Filling up the DagBag from /home/airflow/.local/lib/python3.7/site-packages/airflow/example_dags/example_dag_decorator.py
[2021-12-10 08:30:33,324] {processor.py:637} INFO - DAG(s) dict_keys(['example_dag_decorator']) retrieved from /home/airflow/.local/lib/python3.7/site-packages/airflow/example_dags/example_dag_decorator.py
[2021-12-10 08:30:33,632] {logging_mixin.py:109} INFO - [2021-12-10 08:30:33,632] {dag.py:2396} INFO - Sync 1 DAGs
[2021-12-10 08:30:33,647] {logging_mixin.py:109} INFO - [2021-12-10 08:30:33,646] {dag.py:2928} INFO - Setting next_dagrun for example_dag_decorator to None
[2021-12-10 08:30:33,659] {processor.py:171} INFO - Processing /home/airflow/.local/lib/python3.7/site-packages/airflow/example_dags/example_dag_decorator.py took 0.376 seconds
[2021-12-10 08:31:03,732] {processor.py:163} INFO - Started process (PID=1140) to work on /home/airflow/.local/lib/python3.7/site-packages/airflow/example_dags/example_dag_decorator.py
[2021-12-10 08:31:03,734] {processor.py:625} INFO - Processing file /home/airflow/.local/lib/python3.7/site-packages/airflow/example_dags/example_dag_decorator.py for tasks to queue
[2021-12-10 08:31:03,734] {logging_mixin.py:109} INFO - [2021-12-10 08:31:03,734] {dagbag.py:500} INFO - Filling up the DagBag from /home/airflow/.local/lib/python3.7/site-packages/airflow/example_dags/example_dag_decorator.py
[2021-12-10 08:31:03,770] {processor.py:637} INFO - DAG(s) dict_keys(['example_dag_decorator']) retrieved from /home/airflow/.local/lib/python3.7/site-packages/airflow/example_dags/example_dag_decorator.py
[2021-12-10 08:31:04,090] {logging_mixin.py:109} INFO - [2021-12-10 08:31:04,090] {dag.py:2396} INFO - Sync 1 DAGs
[2021-12-10 08:31:04,106] {logging_mixin.py:109} INFO - [2021-12-10 08:31:04,106] {dag.py:2928} INFO - Setting next_dagrun for example_dag_decorator to None
[2021-12-10 08:31:04,116] {processor.py:171} INFO - Processing /home/airflow/.local/lib/python3.7/site-packages/airflow/example_dags/example_dag_decorator.py took 0.387 seconds
[2021-12-10 08:31:34,870] {processor.py:163} INFO - Started process (PID=1202) to work on /home/airflow/.local/lib/python3.7/site-packages/airflow/example_dags/example_dag_decorator.py
[2021-12-10 08:31:34,871] {processor.py:625} INFO - Processing file /home/airflow/.local/lib/python3.7/site-packages/airflow/example_dags/example_dag_decorator.py for tasks to queue
[2021-12-10 08:31:34,872] {logging_mixin.py:109} INFO - [2021-12-10 08:31:34,872] {dagbag.py:500} INFO - Filling up the DagBag from /home/airflow/.local/lib/python3.7/site-packages/airflow/example_dags/example_dag_decorator.py
[2021-12-10 08:31:34,910] {processor.py:637} INFO - DAG(s) dict_keys(['example_dag_decorator']) retrieved from /home/airflow/.local/lib/python3.7/site-packages/airflow/example_dags/example_dag_decorator.py
[2021-12-10 08:31:35,229] {logging_mixin.py:109} INFO - [2021-12-10 08:31:35,228] {dag.py:2396} INFO - Sync 1 DAGs
[2021-12-10 08:31:35,244] {logging_mixin.py:109} INFO - [2021-12-10 08:31:35,244] {dag.py:2928} INFO - Setting next_dagrun for example_dag_decorator to None
[2021-12-10 08:31:35,254] {processor.py:171} INFO - Processing /home/airflow/.local/lib/python3.7/site-packages/airflow/example_dags/example_dag_decorator.py took 0.389 seconds
[2021-12-10 08:32:05,315] {processor.py:163} INFO - Started process (PID=1255) to work on /home/airflow/.local/lib/python3.7/site-packages/airflow/example_dags/example_dag_decorator.py
[2021-12-10 08:32:05,318] {processor.py:625} INFO - Processing file /home/airflow/.local/lib/python3.7/site-packages/airflow/example_dags/example_dag_decorator.py for tasks to queue
[2021-12-10 08:32:05,318] {logging_mixin.py:109} INFO - [2021-12-10 08:32:05,318] {dagbag.py:500} INFO - Filling up the DagBag from /home/airflow/.local/lib/python3.7/site-packages/airflow/example_dags/example_dag_decorator.py
[2021-12-10 08:32:05,358] {processor.py:637} INFO - DAG(s) dict_keys(['example_dag_decorator']) retrieved from /home/airflow/.local/lib/python3.7/site-packages/airflow/example_dags/example_dag_decorator.py
[2021-12-10 08:32:05,670] {logging_mixin.py:109} INFO - [2021-12-10 08:32:05,670] {dag.py:2396} INFO - Sync 1 DAGs
[2021-12-10 08:32:05,686] {logging_mixin.py:109} INFO - [2021-12-10 08:32:05,686] {dag.py:2928} INFO - Setting next_dagrun for example_dag_decorator to None
[2021-12-10 08:32:05,696] {processor.py:171} INFO - Processing /home/airflow/.local/lib/python3.7/site-packages/airflow/example_dags/example_dag_decorator.py took 0.385 seconds
[2021-12-10 08:32:35,805] {processor.py:163} INFO - Started process (PID=1317) to work on /home/airflow/.local/lib/python3.7/site-packages/airflow/example_dags/example_dag_decorator.py
[2021-12-10 08:32:35,807] {processor.py:625} INFO - Processing file /home/airflow/.local/lib/python3.7/site-packages/airflow/example_dags/example_dag_decorator.py for tasks to queue
[2021-12-10 08:32:35,808] {logging_mixin.py:109} INFO - [2021-12-10 08:32:35,807] {dagbag.py:500} INFO - Filling up the DagBag from /home/airflow/.local/lib/python3.7/site-packages/airflow/example_dags/example_dag_decorator.py
[2021-12-10 08:32:35,842] {processor.py:637} INFO - DAG(s) dict_keys(['example_dag_decorator']) retrieved from /home/airflow/.local/lib/python3.7/site-packages/airflow/example_dags/example_dag_decorator.py
[2021-12-10 08:32:36,165] {logging_mixin.py:109} INFO - [2021-12-10 08:32:36,165] {dag.py:2396} INFO - Sync 1 DAGs
[2021-12-10 08:32:36,181] {logging_mixin.py:109} INFO - [2021-12-10 08:32:36,180] {dag.py:2928} INFO - Setting next_dagrun for example_dag_decorator to None
[2021-12-10 08:32:36,191] {processor.py:171} INFO - Processing /home/airflow/.local/lib/python3.7/site-packages/airflow/example_dags/example_dag_decorator.py took 0.389 seconds
[2021-12-10 08:33:06,567] {processor.py:163} INFO - Started process (PID=1369) to work on /home/airflow/.local/lib/python3.7/site-packages/airflow/example_dags/example_dag_decorator.py
[2021-12-10 08:33:06,569] {processor.py:625} INFO - Processing file /home/airflow/.local/lib/python3.7/site-packages/airflow/example_dags/example_dag_decorator.py for tasks to queue
[2021-12-10 08:33:06,569] {logging_mixin.py:109} INFO - [2021-12-10 08:33:06,569] {dagbag.py:500} INFO - Filling up the DagBag from /home/airflow/.local/lib/python3.7/site-packages/airflow/example_dags/example_dag_decorator.py
[2021-12-10 08:33:06,606] {processor.py:637} INFO - DAG(s) dict_keys(['example_dag_decorator']) retrieved from /home/airflow/.local/lib/python3.7/site-packages/airflow/example_dags/example_dag_decorator.py
[2021-12-10 08:33:06,914] {logging_mixin.py:109} INFO - [2021-12-10 08:33:06,914] {dag.py:2396} INFO - Sync 1 DAGs
[2021-12-10 08:33:06,929] {logging_mixin.py:109} INFO - [2021-12-10 08:33:06,929] {dag.py:2928} INFO - Setting next_dagrun for example_dag_decorator to None
[2021-12-10 08:33:06,939] {processor.py:171} INFO - Processing /home/airflow/.local/lib/python3.7/site-packages/airflow/example_dags/example_dag_decorator.py took 0.377 seconds
[2021-12-10 08:33:37,161] {processor.py:163} INFO - Started process (PID=1422) to work on /home/airflow/.local/lib/python3.7/site-packages/airflow/example_dags/example_dag_decorator.py
[2021-12-10 08:33:37,163] {processor.py:625} INFO - Processing file /home/airflow/.local/lib/python3.7/site-packages/airflow/example_dags/example_dag_decorator.py for tasks to queue
[2021-12-10 08:33:37,164] {logging_mixin.py:109} INFO - [2021-12-10 08:33:37,164] {dagbag.py:500} INFO - Filling up the DagBag from /home/airflow/.local/lib/python3.7/site-packages/airflow/example_dags/example_dag_decorator.py
[2021-12-10 08:33:37,202] {processor.py:637} INFO - DAG(s) dict_keys(['example_dag_decorator']) retrieved from /home/airflow/.local/lib/python3.7/site-packages/airflow/example_dags/example_dag_decorator.py
[2021-12-10 08:33:37,539] {logging_mixin.py:109} INFO - [2021-12-10 08:33:37,539] {dag.py:2396} INFO - Sync 1 DAGs
[2021-12-10 08:33:37,553] {logging_mixin.py:109} INFO - [2021-12-10 08:33:37,553] {dag.py:2928} INFO - Setting next_dagrun for example_dag_decorator to None
[2021-12-10 08:33:37,563] {processor.py:171} INFO - Processing /home/airflow/.local/lib/python3.7/site-packages/airflow/example_dags/example_dag_decorator.py took 0.406 seconds
[2021-12-10 08:34:08,022] {processor.py:163} INFO - Started process (PID=1484) to work on /home/airflow/.local/lib/python3.7/site-packages/airflow/example_dags/example_dag_decorator.py
[2021-12-10 08:34:08,024] {processor.py:625} INFO - Processing file /home/airflow/.local/lib/python3.7/site-packages/airflow/example_dags/example_dag_decorator.py for tasks to queue
[2021-12-10 08:34:08,025] {logging_mixin.py:109} INFO - [2021-12-10 08:34:08,025] {dagbag.py:500} INFO - Filling up the DagBag from /home/airflow/.local/lib/python3.7/site-packages/airflow/example_dags/example_dag_decorator.py
[2021-12-10 08:34:08,064] {processor.py:637} INFO - DAG(s) dict_keys(['example_dag_decorator']) retrieved from /home/airflow/.local/lib/python3.7/site-packages/airflow/example_dags/example_dag_decorator.py
[2021-12-10 08:34:08,373] {logging_mixin.py:109} INFO - [2021-12-10 08:34:08,373] {dag.py:2396} INFO - Sync 1 DAGs
[2021-12-10 08:34:08,386] {logging_mixin.py:109} INFO - [2021-12-10 08:34:08,386] {dag.py:2928} INFO - Setting next_dagrun for example_dag_decorator to None
[2021-12-10 08:34:08,396] {processor.py:171} INFO - Processing /home/airflow/.local/lib/python3.7/site-packages/airflow/example_dags/example_dag_decorator.py took 0.378 seconds
[2021-12-10 08:34:38,475] {processor.py:163} INFO - Started process (PID=1536) to work on /home/airflow/.local/lib/python3.7/site-packages/airflow/example_dags/example_dag_decorator.py
[2021-12-10 08:34:38,477] {processor.py:625} INFO - Processing file /home/airflow/.local/lib/python3.7/site-packages/airflow/example_dags/example_dag_decorator.py for tasks to queue
[2021-12-10 08:34:38,478] {logging_mixin.py:109} INFO - [2021-12-10 08:34:38,477] {dagbag.py:500} INFO - Filling up the DagBag from /home/airflow/.local/lib/python3.7/site-packages/airflow/example_dags/example_dag_decorator.py
[2021-12-10 08:34:38,512] {processor.py:637} INFO - DAG(s) dict_keys(['example_dag_decorator']) retrieved from /home/airflow/.local/lib/python3.7/site-packages/airflow/example_dags/example_dag_decorator.py
[2021-12-10 08:34:38,827] {logging_mixin.py:109} INFO - [2021-12-10 08:34:38,827] {dag.py:2396} INFO - Sync 1 DAGs
[2021-12-10 08:34:38,841] {logging_mixin.py:109} INFO - [2021-12-10 08:34:38,841] {dag.py:2928} INFO - Setting next_dagrun for example_dag_decorator to None
[2021-12-10 08:34:38,853] {processor.py:171} INFO - Processing /home/airflow/.local/lib/python3.7/site-packages/airflow/example_dags/example_dag_decorator.py took 0.381 seconds
[2021-12-10 08:35:09,736] {processor.py:163} INFO - Started process (PID=1599) to work on /home/airflow/.local/lib/python3.7/site-packages/airflow/example_dags/example_dag_decorator.py
[2021-12-10 08:35:09,738] {processor.py:625} INFO - Processing file /home/airflow/.local/lib/python3.7/site-packages/airflow/example_dags/example_dag_decorator.py for tasks to queue
[2021-12-10 08:35:09,739] {logging_mixin.py:109} INFO - [2021-12-10 08:35:09,739] {dagbag.py:500} INFO - Filling up the DagBag from /home/airflow/.local/lib/python3.7/site-packages/airflow/example_dags/example_dag_decorator.py
[2021-12-10 08:35:09,773] {processor.py:637} INFO - DAG(s) dict_keys(['example_dag_decorator']) retrieved from /home/airflow/.local/lib/python3.7/site-packages/airflow/example_dags/example_dag_decorator.py
[2021-12-10 08:35:10,075] {logging_mixin.py:109} INFO - [2021-12-10 08:35:10,074] {dag.py:2396} INFO - Sync 1 DAGs
[2021-12-10 08:35:10,089] {logging_mixin.py:109} INFO - [2021-12-10 08:35:10,089] {dag.py:2928} INFO - Setting next_dagrun for example_dag_decorator to None
[2021-12-10 08:35:10,099] {processor.py:171} INFO - Processing /home/airflow/.local/lib/python3.7/site-packages/airflow/example_dags/example_dag_decorator.py took 0.366 seconds
[2021-12-10 08:35:40,287] {processor.py:163} INFO - Started process (PID=1653) to work on /home/airflow/.local/lib/python3.7/site-packages/airflow/example_dags/example_dag_decorator.py
[2021-12-10 08:35:40,289] {processor.py:625} INFO - Processing file /home/airflow/.local/lib/python3.7/site-packages/airflow/example_dags/example_dag_decorator.py for tasks to queue
[2021-12-10 08:35:40,289] {logging_mixin.py:109} INFO - [2021-12-10 08:35:40,289] {dagbag.py:500} INFO - Filling up the DagBag from /home/airflow/.local/lib/python3.7/site-packages/airflow/example_dags/example_dag_decorator.py
[2021-12-10 08:35:40,325] {processor.py:637} INFO - DAG(s) dict_keys(['example_dag_decorator']) retrieved from /home/airflow/.local/lib/python3.7/site-packages/airflow/example_dags/example_dag_decorator.py
[2021-12-10 08:35:40,665] {logging_mixin.py:109} INFO - [2021-12-10 08:35:40,665] {dag.py:2396} INFO - Sync 1 DAGs
[2021-12-10 08:35:40,680] {logging_mixin.py:109} INFO - [2021-12-10 08:35:40,680] {dag.py:2928} INFO - Setting next_dagrun for example_dag_decorator to None
[2021-12-10 08:35:40,697] {processor.py:171} INFO - Processing /home/airflow/.local/lib/python3.7/site-packages/airflow/example_dags/example_dag_decorator.py took 0.414 seconds
[2021-12-10 08:36:11,440] {processor.py:163} INFO - Started process (PID=1716) to work on /home/airflow/.local/lib/python3.7/site-packages/airflow/example_dags/example_dag_decorator.py
[2021-12-10 08:36:11,442] {processor.py:625} INFO - Processing file /home/airflow/.local/lib/python3.7/site-packages/airflow/example_dags/example_dag_decorator.py for tasks to queue
[2021-12-10 08:36:11,442] {logging_mixin.py:109} INFO - [2021-12-10 08:36:11,442] {dagbag.py:500} INFO - Filling up the DagBag from /home/airflow/.local/lib/python3.7/site-packages/airflow/example_dags/example_dag_decorator.py
[2021-12-10 08:36:11,479] {processor.py:637} INFO - DAG(s) dict_keys(['example_dag_decorator']) retrieved from /home/airflow/.local/lib/python3.7/site-packages/airflow/example_dags/example_dag_decorator.py
[2021-12-10 08:36:11,816] {logging_mixin.py:109} INFO - [2021-12-10 08:36:11,816] {dag.py:2396} INFO - Sync 1 DAGs
[2021-12-10 08:36:11,830] {logging_mixin.py:109} INFO - [2021-12-10 08:36:11,830] {dag.py:2928} INFO - Setting next_dagrun for example_dag_decorator to None
[2021-12-10 08:36:11,841] {processor.py:171} INFO - Processing /home/airflow/.local/lib/python3.7/site-packages/airflow/example_dags/example_dag_decorator.py took 0.404 seconds
[2021-12-10 08:36:42,246] {processor.py:163} INFO - Started process (PID=1769) to work on /home/airflow/.local/lib/python3.7/site-packages/airflow/example_dags/example_dag_decorator.py
[2021-12-10 08:36:42,248] {processor.py:625} INFO - Processing file /home/airflow/.local/lib/python3.7/site-packages/airflow/example_dags/example_dag_decorator.py for tasks to queue
[2021-12-10 08:36:42,249] {logging_mixin.py:109} INFO - [2021-12-10 08:36:42,249] {dagbag.py:500} INFO - Filling up the DagBag from /home/airflow/.local/lib/python3.7/site-packages/airflow/example_dags/example_dag_decorator.py
[2021-12-10 08:36:42,285] {processor.py:637} INFO - DAG(s) dict_keys(['example_dag_decorator']) retrieved from /home/airflow/.local/lib/python3.7/site-packages/airflow/example_dags/example_dag_decorator.py
[2021-12-10 08:36:42,590] {logging_mixin.py:109} INFO - [2021-12-10 08:36:42,590] {dag.py:2396} INFO - Sync 1 DAGs
[2021-12-10 08:36:42,603] {logging_mixin.py:109} INFO - [2021-12-10 08:36:42,603] {dag.py:2928} INFO - Setting next_dagrun for example_dag_decorator to None
[2021-12-10 08:36:42,613] {processor.py:171} INFO - Processing /home/airflow/.local/lib/python3.7/site-packages/airflow/example_dags/example_dag_decorator.py took 0.370 seconds
[2021-12-10 08:37:13,088] {processor.py:163} INFO - Started process (PID=1832) to work on /home/airflow/.local/lib/python3.7/site-packages/airflow/example_dags/example_dag_decorator.py
[2021-12-10 08:37:13,090] {processor.py:625} INFO - Processing file /home/airflow/.local/lib/python3.7/site-packages/airflow/example_dags/example_dag_decorator.py for tasks to queue
[2021-12-10 08:37:13,090] {logging_mixin.py:109} INFO - [2021-12-10 08:37:13,090] {dagbag.py:500} INFO - Filling up the DagBag from /home/airflow/.local/lib/python3.7/site-packages/airflow/example_dags/example_dag_decorator.py
[2021-12-10 08:37:13,129] {processor.py:637} INFO - DAG(s) dict_keys(['example_dag_decorator']) retrieved from /home/airflow/.local/lib/python3.7/site-packages/airflow/example_dags/example_dag_decorator.py
[2021-12-10 08:37:13,481] {logging_mixin.py:109} INFO - [2021-12-10 08:37:13,481] {dag.py:2396} INFO - Sync 1 DAGs
[2021-12-10 08:37:13,496] {logging_mixin.py:109} INFO - [2021-12-10 08:37:13,496] {dag.py:2928} INFO - Setting next_dagrun for example_dag_decorator to None
[2021-12-10 08:37:13,508] {processor.py:171} INFO - Processing /home/airflow/.local/lib/python3.7/site-packages/airflow/example_dags/example_dag_decorator.py took 0.424 seconds
[2021-12-10 08:37:44,394] {processor.py:163} INFO - Started process (PID=1886) to work on /home/airflow/.local/lib/python3.7/site-packages/airflow/example_dags/example_dag_decorator.py
[2021-12-10 08:37:44,396] {processor.py:625} INFO - Processing file /home/airflow/.local/lib/python3.7/site-packages/airflow/example_dags/example_dag_decorator.py for tasks to queue
[2021-12-10 08:37:44,397] {logging_mixin.py:109} INFO - [2021-12-10 08:37:44,397] {dagbag.py:500} INFO - Filling up the DagBag from /home/airflow/.local/lib/python3.7/site-packages/airflow/example_dags/example_dag_decorator.py
[2021-12-10 08:37:44,433] {processor.py:637} INFO - DAG(s) dict_keys(['example_dag_decorator']) retrieved from /home/airflow/.local/lib/python3.7/site-packages/airflow/example_dags/example_dag_decorator.py
[2021-12-10 08:37:44,775] {logging_mixin.py:109} INFO - [2021-12-10 08:37:44,775] {dag.py:2396} INFO - Sync 1 DAGs
[2021-12-10 08:37:44,789] {logging_mixin.py:109} INFO - [2021-12-10 08:37:44,789] {dag.py:2928} INFO - Setting next_dagrun for example_dag_decorator to None
[2021-12-10 08:37:44,799] {processor.py:171} INFO - Processing /home/airflow/.local/lib/python3.7/site-packages/airflow/example_dags/example_dag_decorator.py took 0.408 seconds
[2021-12-10 08:38:15,117] {processor.py:163} INFO - Started process (PID=1939) to work on /home/airflow/.local/lib/python3.7/site-packages/airflow/example_dags/example_dag_decorator.py
[2021-12-10 08:38:15,119] {processor.py:625} INFO - Processing file /home/airflow/.local/lib/python3.7/site-packages/airflow/example_dags/example_dag_decorator.py for tasks to queue
[2021-12-10 08:38:15,120] {logging_mixin.py:109} INFO - [2021-12-10 08:38:15,120] {dagbag.py:500} INFO - Filling up the DagBag from /home/airflow/.local/lib/python3.7/site-packages/airflow/example_dags/example_dag_decorator.py
[2021-12-10 08:38:15,157] {processor.py:637} INFO - DAG(s) dict_keys(['example_dag_decorator']) retrieved from /home/airflow/.local/lib/python3.7/site-packages/airflow/example_dags/example_dag_decorator.py
[2021-12-10 08:38:15,474] {logging_mixin.py:109} INFO - [2021-12-10 08:38:15,474] {dag.py:2396} INFO - Sync 1 DAGs
[2021-12-10 08:38:15,487] {logging_mixin.py:109} INFO - [2021-12-10 08:38:15,487] {dag.py:2928} INFO - Setting next_dagrun for example_dag_decorator to None
[2021-12-10 08:38:15,497] {processor.py:171} INFO - Processing /home/airflow/.local/lib/python3.7/site-packages/airflow/example_dags/example_dag_decorator.py took 0.384 seconds
[2021-12-10 08:38:46,184] {processor.py:163} INFO - Started process (PID=2000) to work on /home/airflow/.local/lib/python3.7/site-packages/airflow/example_dags/example_dag_decorator.py
[2021-12-10 08:38:46,185] {processor.py:625} INFO - Processing file /home/airflow/.local/lib/python3.7/site-packages/airflow/example_dags/example_dag_decorator.py for tasks to queue
[2021-12-10 08:38:46,186] {logging_mixin.py:109} INFO - [2021-12-10 08:38:46,186] {dagbag.py:500} INFO - Filling up the DagBag from /home/airflow/.local/lib/python3.7/site-packages/airflow/example_dags/example_dag_decorator.py
[2021-12-10 08:38:46,222] {processor.py:637} INFO - DAG(s) dict_keys(['example_dag_decorator']) retrieved from /home/airflow/.local/lib/python3.7/site-packages/airflow/example_dags/example_dag_decorator.py
[2021-12-10 08:38:46,557] {logging_mixin.py:109} INFO - [2021-12-10 08:38:46,557] {dag.py:2396} INFO - Sync 1 DAGs
[2021-12-10 08:38:46,571] {logging_mixin.py:109} INFO - [2021-12-10 08:38:46,571] {dag.py:2928} INFO - Setting next_dagrun for example_dag_decorator to None
[2021-12-10 08:38:46,581] {processor.py:171} INFO - Processing /home/airflow/.local/lib/python3.7/site-packages/airflow/example_dags/example_dag_decorator.py took 0.401 seconds
[2021-12-10 08:39:17,484] {processor.py:163} INFO - Started process (PID=2054) to work on /home/airflow/.local/lib/python3.7/site-packages/airflow/example_dags/example_dag_decorator.py
[2021-12-10 08:39:17,486] {processor.py:625} INFO - Processing file /home/airflow/.local/lib/python3.7/site-packages/airflow/example_dags/example_dag_decorator.py for tasks to queue
[2021-12-10 08:39:17,486] {logging_mixin.py:109} INFO - [2021-12-10 08:39:17,486] {dagbag.py:500} INFO - Filling up the DagBag from /home/airflow/.local/lib/python3.7/site-packages/airflow/example_dags/example_dag_decorator.py
[2021-12-10 08:39:17,523] {processor.py:637} INFO - DAG(s) dict_keys(['example_dag_decorator']) retrieved from /home/airflow/.local/lib/python3.7/site-packages/airflow/example_dags/example_dag_decorator.py
[2021-12-10 08:39:17,843] {logging_mixin.py:109} INFO - [2021-12-10 08:39:17,843] {dag.py:2396} INFO - Sync 1 DAGs
[2021-12-10 08:39:17,857] {logging_mixin.py:109} INFO - [2021-12-10 08:39:17,857] {dag.py:2928} INFO - Setting next_dagrun for example_dag_decorator to None
[2021-12-10 08:39:17,869] {processor.py:171} INFO - Processing /home/airflow/.local/lib/python3.7/site-packages/airflow/example_dags/example_dag_decorator.py took 0.390 seconds
[2021-12-10 08:39:48,633] {processor.py:163} INFO - Started process (PID=2117) to work on /home/airflow/.local/lib/python3.7/site-packages/airflow/example_dags/example_dag_decorator.py
[2021-12-10 08:39:48,634] {processor.py:625} INFO - Processing file /home/airflow/.local/lib/python3.7/site-packages/airflow/example_dags/example_dag_decorator.py for tasks to queue
[2021-12-10 08:39:48,635] {logging_mixin.py:109} INFO - [2021-12-10 08:39:48,635] {dagbag.py:500} INFO - Filling up the DagBag from /home/airflow/.local/lib/python3.7/site-packages/airflow/example_dags/example_dag_decorator.py
[2021-12-10 08:39:48,671] {processor.py:637} INFO - DAG(s) dict_keys(['example_dag_decorator']) retrieved from /home/airflow/.local/lib/python3.7/site-packages/airflow/example_dags/example_dag_decorator.py
[2021-12-10 08:39:49,001] {logging_mixin.py:109} INFO - [2021-12-10 08:39:49,000] {dag.py:2396} INFO - Sync 1 DAGs
[2021-12-10 08:39:49,015] {logging_mixin.py:109} INFO - [2021-12-10 08:39:49,015] {dag.py:2928} INFO - Setting next_dagrun for example_dag_decorator to None
[2021-12-10 08:39:49,026] {processor.py:171} INFO - Processing /home/airflow/.local/lib/python3.7/site-packages/airflow/example_dags/example_dag_decorator.py took 0.397 seconds
[2021-12-10 08:40:19,872] {processor.py:163} INFO - Started process (PID=2172) to work on /home/airflow/.local/lib/python3.7/site-packages/airflow/example_dags/example_dag_decorator.py
[2021-12-10 08:40:19,874] {processor.py:625} INFO - Processing file /home/airflow/.local/lib/python3.7/site-packages/airflow/example_dags/example_dag_decorator.py for tasks to queue
[2021-12-10 08:40:19,875] {logging_mixin.py:109} INFO - [2021-12-10 08:40:19,874] {dagbag.py:500} INFO - Filling up the DagBag from /home/airflow/.local/lib/python3.7/site-packages/airflow/example_dags/example_dag_decorator.py
[2021-12-10 08:40:19,911] {processor.py:637} INFO - DAG(s) dict_keys(['example_dag_decorator']) retrieved from /home/airflow/.local/lib/python3.7/site-packages/airflow/example_dags/example_dag_decorator.py
[2021-12-10 08:40:20,239] {logging_mixin.py:109} INFO - [2021-12-10 08:40:20,239] {dag.py:2396} INFO - Sync 1 DAGs
[2021-12-10 08:40:20,257] {logging_mixin.py:109} INFO - [2021-12-10 08:40:20,257] {dag.py:2928} INFO - Setting next_dagrun for example_dag_decorator to None
[2021-12-10 08:40:20,270] {processor.py:171} INFO - Processing /home/airflow/.local/lib/python3.7/site-packages/airflow/example_dags/example_dag_decorator.py took 0.402 seconds
[2021-12-10 08:40:51,138] {processor.py:163} INFO - Started process (PID=2233) to work on /home/airflow/.local/lib/python3.7/site-packages/airflow/example_dags/example_dag_decorator.py
[2021-12-10 08:40:51,140] {processor.py:625} INFO - Processing file /home/airflow/.local/lib/python3.7/site-packages/airflow/example_dags/example_dag_decorator.py for tasks to queue
[2021-12-10 08:40:51,141] {logging_mixin.py:109} INFO - [2021-12-10 08:40:51,141] {dagbag.py:500} INFO - Filling up the DagBag from /home/airflow/.local/lib/python3.7/site-packages/airflow/example_dags/example_dag_decorator.py
[2021-12-10 08:40:51,181] {processor.py:637} INFO - DAG(s) dict_keys(['example_dag_decorator']) retrieved from /home/airflow/.local/lib/python3.7/site-packages/airflow/example_dags/example_dag_decorator.py
[2021-12-10 08:40:51,509] {logging_mixin.py:109} INFO - [2021-12-10 08:40:51,509] {dag.py:2396} INFO - Sync 1 DAGs
[2021-12-10 08:40:51,524] {logging_mixin.py:109} INFO - [2021-12-10 08:40:51,524] {dag.py:2928} INFO - Setting next_dagrun for example_dag_decorator to None
[2021-12-10 08:40:51,535] {processor.py:171} INFO - Processing /home/airflow/.local/lib/python3.7/site-packages/airflow/example_dags/example_dag_decorator.py took 0.401 seconds
[2021-12-10 08:41:22,294] {processor.py:163} INFO - Started process (PID=2286) to work on /home/airflow/.local/lib/python3.7/site-packages/airflow/example_dags/example_dag_decorator.py
[2021-12-10 08:41:22,295] {processor.py:625} INFO - Processing file /home/airflow/.local/lib/python3.7/site-packages/airflow/example_dags/example_dag_decorator.py for tasks to queue
[2021-12-10 08:41:22,296] {logging_mixin.py:109} INFO - [2021-12-10 08:41:22,296] {dagbag.py:500} INFO - Filling up the DagBag from /home/airflow/.local/lib/python3.7/site-packages/airflow/example_dags/example_dag_decorator.py
[2021-12-10 08:41:22,331] {processor.py:637} INFO - DAG(s) dict_keys(['example_dag_decorator']) retrieved from /home/airflow/.local/lib/python3.7/site-packages/airflow/example_dags/example_dag_decorator.py
[2021-12-10 08:41:22,646] {logging_mixin.py:109} INFO - [2021-12-10 08:41:22,645] {dag.py:2396} INFO - Sync 1 DAGs
[2021-12-10 08:41:22,660] {logging_mixin.py:109} INFO - [2021-12-10 08:41:22,660] {dag.py:2928} INFO - Setting next_dagrun for example_dag_decorator to None
[2021-12-10 08:41:22,672] {processor.py:171} INFO - Processing /home/airflow/.local/lib/python3.7/site-packages/airflow/example_dags/example_dag_decorator.py took 0.382 seconds
[2021-12-10 08:41:52,778] {processor.py:163} INFO - Started process (PID=2350) to work on /home/airflow/.local/lib/python3.7/site-packages/airflow/example_dags/example_dag_decorator.py
[2021-12-10 08:41:52,779] {processor.py:625} INFO - Processing file /home/airflow/.local/lib/python3.7/site-packages/airflow/example_dags/example_dag_decorator.py for tasks to queue
[2021-12-10 08:41:52,780] {logging_mixin.py:109} INFO - [2021-12-10 08:41:52,780] {dagbag.py:500} INFO - Filling up the DagBag from /home/airflow/.local/lib/python3.7/site-packages/airflow/example_dags/example_dag_decorator.py
[2021-12-10 08:41:52,817] {processor.py:637} INFO - DAG(s) dict_keys(['example_dag_decorator']) retrieved from /home/airflow/.local/lib/python3.7/site-packages/airflow/example_dags/example_dag_decorator.py
[2021-12-10 08:41:53,192] {logging_mixin.py:109} INFO - [2021-12-10 08:41:53,192] {dag.py:2396} INFO - Sync 1 DAGs
[2021-12-10 08:41:53,207] {logging_mixin.py:109} INFO - [2021-12-10 08:41:53,207] {dag.py:2928} INFO - Setting next_dagrun for example_dag_decorator to None
[2021-12-10 08:41:53,219] {processor.py:171} INFO - Processing /home/airflow/.local/lib/python3.7/site-packages/airflow/example_dags/example_dag_decorator.py took 0.445 seconds
[2021-12-10 08:42:23,571] {processor.py:163} INFO - Started process (PID=2402) to work on /home/airflow/.local/lib/python3.7/site-packages/airflow/example_dags/example_dag_decorator.py
[2021-12-10 08:42:23,573] {processor.py:625} INFO - Processing file /home/airflow/.local/lib/python3.7/site-packages/airflow/example_dags/example_dag_decorator.py for tasks to queue
[2021-12-10 08:42:23,573] {logging_mixin.py:109} INFO - [2021-12-10 08:42:23,573] {dagbag.py:500} INFO - Filling up the DagBag from /home/airflow/.local/lib/python3.7/site-packages/airflow/example_dags/example_dag_decorator.py
[2021-12-10 08:42:23,611] {processor.py:637} INFO - DAG(s) dict_keys(['example_dag_decorator']) retrieved from /home/airflow/.local/lib/python3.7/site-packages/airflow/example_dags/example_dag_decorator.py
[2021-12-10 08:42:23,923] {logging_mixin.py:109} INFO - [2021-12-10 08:42:23,923] {dag.py:2396} INFO - Sync 1 DAGs
[2021-12-10 08:42:23,937] {logging_mixin.py:109} INFO - [2021-12-10 08:42:23,936] {dag.py:2928} INFO - Setting next_dagrun for example_dag_decorator to None
[2021-12-10 08:42:23,946] {processor.py:171} INFO - Processing /home/airflow/.local/lib/python3.7/site-packages/airflow/example_dags/example_dag_decorator.py took 0.379 seconds
[2021-12-10 08:42:54,269] {processor.py:163} INFO - Started process (PID=2464) to work on /home/airflow/.local/lib/python3.7/site-packages/airflow/example_dags/example_dag_decorator.py
[2021-12-10 08:42:54,271] {processor.py:625} INFO - Processing file /home/airflow/.local/lib/python3.7/site-packages/airflow/example_dags/example_dag_decorator.py for tasks to queue
[2021-12-10 08:42:54,272] {logging_mixin.py:109} INFO - [2021-12-10 08:42:54,272] {dagbag.py:500} INFO - Filling up the DagBag from /home/airflow/.local/lib/python3.7/site-packages/airflow/example_dags/example_dag_decorator.py
[2021-12-10 08:42:54,317] {processor.py:637} INFO - DAG(s) dict_keys(['example_dag_decorator']) retrieved from /home/airflow/.local/lib/python3.7/site-packages/airflow/example_dags/example_dag_decorator.py
[2021-12-10 08:42:54,638] {logging_mixin.py:109} INFO - [2021-12-10 08:42:54,638] {dag.py:2396} INFO - Sync 1 DAGs
[2021-12-10 08:42:54,654] {logging_mixin.py:109} INFO - [2021-12-10 08:42:54,653] {dag.py:2928} INFO - Setting next_dagrun for example_dag_decorator to None
[2021-12-10 08:42:54,666] {processor.py:171} INFO - Processing /home/airflow/.local/lib/python3.7/site-packages/airflow/example_dags/example_dag_decorator.py took 0.401 seconds
[2021-12-10 08:43:24,705] {processor.py:163} INFO - Started process (PID=2516) to work on /home/airflow/.local/lib/python3.7/site-packages/airflow/example_dags/example_dag_decorator.py
[2021-12-10 08:43:24,707] {processor.py:625} INFO - Processing file /home/airflow/.local/lib/python3.7/site-packages/airflow/example_dags/example_dag_decorator.py for tasks to queue
[2021-12-10 08:43:24,707] {logging_mixin.py:109} INFO - [2021-12-10 08:43:24,707] {dagbag.py:500} INFO - Filling up the DagBag from /home/airflow/.local/lib/python3.7/site-packages/airflow/example_dags/example_dag_decorator.py
[2021-12-10 08:43:24,749] {processor.py:637} INFO - DAG(s) dict_keys(['example_dag_decorator']) retrieved from /home/airflow/.local/lib/python3.7/site-packages/airflow/example_dags/example_dag_decorator.py
[2021-12-10 08:43:25,067] {logging_mixin.py:109} INFO - [2021-12-10 08:43:25,066] {dag.py:2396} INFO - Sync 1 DAGs
[2021-12-10 08:43:25,081] {logging_mixin.py:109} INFO - [2021-12-10 08:43:25,081] {dag.py:2928} INFO - Setting next_dagrun for example_dag_decorator to None
[2021-12-10 08:43:25,092] {processor.py:171} INFO - Processing /home/airflow/.local/lib/python3.7/site-packages/airflow/example_dags/example_dag_decorator.py took 0.390 seconds
[2021-12-10 08:43:55,901] {processor.py:163} INFO - Started process (PID=2567) to work on /home/airflow/.local/lib/python3.7/site-packages/airflow/example_dags/example_dag_decorator.py
[2021-12-10 08:43:55,902] {processor.py:625} INFO - Processing file /home/airflow/.local/lib/python3.7/site-packages/airflow/example_dags/example_dag_decorator.py for tasks to queue
[2021-12-10 08:43:55,903] {logging_mixin.py:109} INFO - [2021-12-10 08:43:55,903] {dagbag.py:500} INFO - Filling up the DagBag from /home/airflow/.local/lib/python3.7/site-packages/airflow/example_dags/example_dag_decorator.py
[2021-12-10 08:43:55,942] {processor.py:637} INFO - DAG(s) dict_keys(['example_dag_decorator']) retrieved from /home/airflow/.local/lib/python3.7/site-packages/airflow/example_dags/example_dag_decorator.py
[2021-12-10 08:43:56,282] {logging_mixin.py:109} INFO - [2021-12-10 08:43:56,282] {dag.py:2396} INFO - Sync 1 DAGs
[2021-12-10 08:43:56,298] {logging_mixin.py:109} INFO - [2021-12-10 08:43:56,298] {dag.py:2928} INFO - Setting next_dagrun for example_dag_decorator to None
[2021-12-10 08:43:56,311] {processor.py:171} INFO - Processing /home/airflow/.local/lib/python3.7/site-packages/airflow/example_dags/example_dag_decorator.py took 0.414 seconds
[2021-12-10 08:44:27,145] {processor.py:163} INFO - Started process (PID=2630) to work on /home/airflow/.local/lib/python3.7/site-packages/airflow/example_dags/example_dag_decorator.py
[2021-12-10 08:44:27,147] {processor.py:625} INFO - Processing file /home/airflow/.local/lib/python3.7/site-packages/airflow/example_dags/example_dag_decorator.py for tasks to queue
[2021-12-10 08:44:27,147] {logging_mixin.py:109} INFO - [2021-12-10 08:44:27,147] {dagbag.py:500} INFO - Filling up the DagBag from /home/airflow/.local/lib/python3.7/site-packages/airflow/example_dags/example_dag_decorator.py
[2021-12-10 08:44:27,182] {processor.py:637} INFO - DAG(s) dict_keys(['example_dag_decorator']) retrieved from /home/airflow/.local/lib/python3.7/site-packages/airflow/example_dags/example_dag_decorator.py
[2021-12-10 08:44:27,496] {logging_mixin.py:109} INFO - [2021-12-10 08:44:27,495] {dag.py:2396} INFO - Sync 1 DAGs
[2021-12-10 08:44:27,511] {logging_mixin.py:109} INFO - [2021-12-10 08:44:27,511] {dag.py:2928} INFO - Setting next_dagrun for example_dag_decorator to None
[2021-12-10 08:44:27,524] {processor.py:171} INFO - Processing /home/airflow/.local/lib/python3.7/site-packages/airflow/example_dags/example_dag_decorator.py took 0.382 seconds
[2021-12-10 08:44:58,203] {processor.py:163} INFO - Started process (PID=2683) to work on /home/airflow/.local/lib/python3.7/site-packages/airflow/example_dags/example_dag_decorator.py
[2021-12-10 08:44:58,205] {processor.py:625} INFO - Processing file /home/airflow/.local/lib/python3.7/site-packages/airflow/example_dags/example_dag_decorator.py for tasks to queue
[2021-12-10 08:44:58,206] {logging_mixin.py:109} INFO - [2021-12-10 08:44:58,206] {dagbag.py:500} INFO - Filling up the DagBag from /home/airflow/.local/lib/python3.7/site-packages/airflow/example_dags/example_dag_decorator.py
[2021-12-10 08:44:58,243] {processor.py:637} INFO - DAG(s) dict_keys(['example_dag_decorator']) retrieved from /home/airflow/.local/lib/python3.7/site-packages/airflow/example_dags/example_dag_decorator.py
[2021-12-10 08:44:58,560] {logging_mixin.py:109} INFO - [2021-12-10 08:44:58,560] {dag.py:2396} INFO - Sync 1 DAGs
[2021-12-10 08:44:58,574] {logging_mixin.py:109} INFO - [2021-12-10 08:44:58,574] {dag.py:2928} INFO - Setting next_dagrun for example_dag_decorator to None
[2021-12-10 08:44:58,586] {processor.py:171} INFO - Processing /home/airflow/.local/lib/python3.7/site-packages/airflow/example_dags/example_dag_decorator.py took 0.386 seconds
[2021-12-10 08:45:29,419] {processor.py:163} INFO - Started process (PID=2745) to work on /home/airflow/.local/lib/python3.7/site-packages/airflow/example_dags/example_dag_decorator.py
[2021-12-10 08:45:29,420] {processor.py:625} INFO - Processing file /home/airflow/.local/lib/python3.7/site-packages/airflow/example_dags/example_dag_decorator.py for tasks to queue
[2021-12-10 08:45:29,421] {logging_mixin.py:109} INFO - [2021-12-10 08:45:29,421] {dagbag.py:500} INFO - Filling up the DagBag from /home/airflow/.local/lib/python3.7/site-packages/airflow/example_dags/example_dag_decorator.py
[2021-12-10 08:45:29,463] {processor.py:637} INFO - DAG(s) dict_keys(['example_dag_decorator']) retrieved from /home/airflow/.local/lib/python3.7/site-packages/airflow/example_dags/example_dag_decorator.py
[2021-12-10 08:45:29,797] {logging_mixin.py:109} INFO - [2021-12-10 08:45:29,797] {dag.py:2396} INFO - Sync 1 DAGs
[2021-12-10 08:45:29,814] {logging_mixin.py:109} INFO - [2021-12-10 08:45:29,814] {dag.py:2928} INFO - Setting next_dagrun for example_dag_decorator to None
[2021-12-10 08:45:29,826] {processor.py:171} INFO - Processing /home/airflow/.local/lib/python3.7/site-packages/airflow/example_dags/example_dag_decorator.py took 0.411 seconds
[2021-12-10 08:46:00,076] {processor.py:163} INFO - Started process (PID=2797) to work on /home/airflow/.local/lib/python3.7/site-packages/airflow/example_dags/example_dag_decorator.py
[2021-12-10 08:46:00,077] {processor.py:625} INFO - Processing file /home/airflow/.local/lib/python3.7/site-packages/airflow/example_dags/example_dag_decorator.py for tasks to queue
[2021-12-10 08:46:00,078] {logging_mixin.py:109} INFO - [2021-12-10 08:46:00,078] {dagbag.py:500} INFO - Filling up the DagBag from /home/airflow/.local/lib/python3.7/site-packages/airflow/example_dags/example_dag_decorator.py
[2021-12-10 08:46:00,113] {processor.py:637} INFO - DAG(s) dict_keys(['example_dag_decorator']) retrieved from /home/airflow/.local/lib/python3.7/site-packages/airflow/example_dags/example_dag_decorator.py
[2021-12-10 08:46:00,424] {logging_mixin.py:109} INFO - [2021-12-10 08:46:00,424] {dag.py:2396} INFO - Sync 1 DAGs
[2021-12-10 08:46:00,439] {logging_mixin.py:109} INFO - [2021-12-10 08:46:00,439] {dag.py:2928} INFO - Setting next_dagrun for example_dag_decorator to None
[2021-12-10 08:46:00,450] {processor.py:171} INFO - Processing /home/airflow/.local/lib/python3.7/site-packages/airflow/example_dags/example_dag_decorator.py took 0.377 seconds
[2021-12-10 08:46:31,203] {processor.py:163} INFO - Started process (PID=2858) to work on /home/airflow/.local/lib/python3.7/site-packages/airflow/example_dags/example_dag_decorator.py
[2021-12-10 08:46:31,204] {processor.py:625} INFO - Processing file /home/airflow/.local/lib/python3.7/site-packages/airflow/example_dags/example_dag_decorator.py for tasks to queue
[2021-12-10 08:46:31,205] {logging_mixin.py:109} INFO - [2021-12-10 08:46:31,205] {dagbag.py:500} INFO - Filling up the DagBag from /home/airflow/.local/lib/python3.7/site-packages/airflow/example_dags/example_dag_decorator.py
[2021-12-10 08:46:31,244] {processor.py:637} INFO - DAG(s) dict_keys(['example_dag_decorator']) retrieved from /home/airflow/.local/lib/python3.7/site-packages/airflow/example_dags/example_dag_decorator.py
[2021-12-10 08:46:31,560] {logging_mixin.py:109} INFO - [2021-12-10 08:46:31,560] {dag.py:2396} INFO - Sync 1 DAGs
[2021-12-10 08:46:31,575] {logging_mixin.py:109} INFO - [2021-12-10 08:46:31,575] {dag.py:2928} INFO - Setting next_dagrun for example_dag_decorator to None
[2021-12-10 08:46:31,586] {processor.py:171} INFO - Processing /home/airflow/.local/lib/python3.7/site-packages/airflow/example_dags/example_dag_decorator.py took 0.388 seconds
[2021-12-10 08:47:01,760] {processor.py:163} INFO - Started process (PID=2910) to work on /home/airflow/.local/lib/python3.7/site-packages/airflow/example_dags/example_dag_decorator.py
[2021-12-10 08:47:01,761] {processor.py:625} INFO - Processing file /home/airflow/.local/lib/python3.7/site-packages/airflow/example_dags/example_dag_decorator.py for tasks to queue
[2021-12-10 08:47:01,762] {logging_mixin.py:109} INFO - [2021-12-10 08:47:01,762] {dagbag.py:500} INFO - Filling up the DagBag from /home/airflow/.local/lib/python3.7/site-packages/airflow/example_dags/example_dag_decorator.py
[2021-12-10 08:47:01,802] {processor.py:637} INFO - DAG(s) dict_keys(['example_dag_decorator']) retrieved from /home/airflow/.local/lib/python3.7/site-packages/airflow/example_dags/example_dag_decorator.py
[2021-12-10 08:47:02,114] {logging_mixin.py:109} INFO - [2021-12-10 08:47:02,114] {dag.py:2396} INFO - Sync 1 DAGs
[2021-12-10 08:47:02,129] {logging_mixin.py:109} INFO - [2021-12-10 08:47:02,129] {dag.py:2928} INFO - Setting next_dagrun for example_dag_decorator to None
[2021-12-10 08:47:02,139] {processor.py:171} INFO - Processing /home/airflow/.local/lib/python3.7/site-packages/airflow/example_dags/example_dag_decorator.py took 0.383 seconds
[2021-12-10 08:47:32,672] {processor.py:163} INFO - Started process (PID=2972) to work on /home/airflow/.local/lib/python3.7/site-packages/airflow/example_dags/example_dag_decorator.py
[2021-12-10 08:47:32,673] {processor.py:625} INFO - Processing file /home/airflow/.local/lib/python3.7/site-packages/airflow/example_dags/example_dag_decorator.py for tasks to queue
[2021-12-10 08:47:32,674] {logging_mixin.py:109} INFO - [2021-12-10 08:47:32,674] {dagbag.py:500} INFO - Filling up the DagBag from /home/airflow/.local/lib/python3.7/site-packages/airflow/example_dags/example_dag_decorator.py
[2021-12-10 08:47:32,708] {processor.py:637} INFO - DAG(s) dict_keys(['example_dag_decorator']) retrieved from /home/airflow/.local/lib/python3.7/site-packages/airflow/example_dags/example_dag_decorator.py
[2021-12-10 08:47:33,010] {logging_mixin.py:109} INFO - [2021-12-10 08:47:33,010] {dag.py:2396} INFO - Sync 1 DAGs
[2021-12-10 08:47:33,024] {logging_mixin.py:109} INFO - [2021-12-10 08:47:33,024] {dag.py:2928} INFO - Setting next_dagrun for example_dag_decorator to None
[2021-12-10 08:47:33,035] {processor.py:171} INFO - Processing /home/airflow/.local/lib/python3.7/site-packages/airflow/example_dags/example_dag_decorator.py took 0.367 seconds
