[2021-12-10 08:23:34,553] {processor.py:163} INFO - Started process (PID=128) to work on /home/airflow/.local/lib/python3.7/site-packages/airflow/example_dags/example_time_delta_sensor_async.py
[2021-12-10 08:23:34,554] {processor.py:625} INFO - Processing file /home/airflow/.local/lib/python3.7/site-packages/airflow/example_dags/example_time_delta_sensor_async.py for tasks to queue
[2021-12-10 08:23:34,555] {logging_mixin.py:109} INFO - [2021-12-10 08:23:34,554] {dagbag.py:500} INFO - Filling up the DagBag from /home/airflow/.local/lib/python3.7/site-packages/airflow/example_dags/example_time_delta_sensor_async.py
[2021-12-10 08:23:34,583] {processor.py:637} INFO - DAG(s) dict_keys(['example_time_delta_sensor_async']) retrieved from /home/airflow/.local/lib/python3.7/site-packages/airflow/example_dags/example_time_delta_sensor_async.py
[2021-12-10 08:23:35,919] {logging_mixin.py:109} INFO - [2021-12-10 08:23:35,919] {providers_manager.py:156} WARNING - Exception when importing 'airflow.providers.google.leveldb.hooks.leveldb.LevelDBHook' from 'apache-airflow-providers-google' package: No module named 'plyvel'
[2021-12-10 08:23:36,395] {logging_mixin.py:109} INFO - [2021-12-10 08:23:36,394] {providers_manager.py:156} WARNING - Exception when importing 'airflow.providers.google.leveldb.hooks.leveldb.LevelDBHook' from 'apache-airflow-providers-google' package: No module named 'plyvel'
[2021-12-10 08:23:36,416] {logging_mixin.py:109} INFO - [2021-12-10 08:23:36,416] {manager.py:496} INFO - Created Permission View: can read on DAG:example_time_delta_sensor_async
[2021-12-10 08:23:36,424] {logging_mixin.py:109} INFO - [2021-12-10 08:23:36,424] {manager.py:496} INFO - Created Permission View: can edit on DAG:example_time_delta_sensor_async
[2021-12-10 08:23:36,426] {logging_mixin.py:109} INFO - [2021-12-10 08:23:36,424] {dag.py:2396} INFO - Sync 1 DAGs
[2021-12-10 08:23:36,433] {logging_mixin.py:109} INFO - [2021-12-10 08:23:36,433] {dag.py:2415} INFO - Creating ORM DAG for example_time_delta_sensor_async
[2021-12-10 08:23:36,441] {logging_mixin.py:109} INFO - [2021-12-10 08:23:36,440] {dag.py:2928} INFO - Setting next_dagrun for example_time_delta_sensor_async to None
[2021-12-10 08:23:36,452] {processor.py:171} INFO - Processing /home/airflow/.local/lib/python3.7/site-packages/airflow/example_dags/example_time_delta_sensor_async.py took 1.903 seconds
[2021-12-10 08:24:07,363] {processor.py:163} INFO - Started process (PID=366) to work on /home/airflow/.local/lib/python3.7/site-packages/airflow/example_dags/example_time_delta_sensor_async.py
[2021-12-10 08:24:07,364] {processor.py:625} INFO - Processing file /home/airflow/.local/lib/python3.7/site-packages/airflow/example_dags/example_time_delta_sensor_async.py for tasks to queue
[2021-12-10 08:24:07,364] {logging_mixin.py:109} INFO - [2021-12-10 08:24:07,364] {dagbag.py:500} INFO - Filling up the DagBag from /home/airflow/.local/lib/python3.7/site-packages/airflow/example_dags/example_time_delta_sensor_async.py
[2021-12-10 08:24:07,390] {processor.py:637} INFO - DAG(s) dict_keys(['example_time_delta_sensor_async']) retrieved from /home/airflow/.local/lib/python3.7/site-packages/airflow/example_dags/example_time_delta_sensor_async.py
[2021-12-10 08:24:07,403] {logging_mixin.py:109} INFO - [2021-12-10 08:24:07,402] {dag.py:2396} INFO - Sync 1 DAGs
[2021-12-10 08:24:07,424] {logging_mixin.py:109} INFO - [2021-12-10 08:24:07,424] {dag.py:2928} INFO - Setting next_dagrun for example_time_delta_sensor_async to None
[2021-12-10 08:24:07,433] {processor.py:171} INFO - Processing /home/airflow/.local/lib/python3.7/site-packages/airflow/example_dags/example_time_delta_sensor_async.py took 0.073 seconds
[2021-12-10 08:24:37,552] {processor.py:163} INFO - Started process (PID=427) to work on /home/airflow/.local/lib/python3.7/site-packages/airflow/example_dags/example_time_delta_sensor_async.py
[2021-12-10 08:24:37,554] {processor.py:625} INFO - Processing file /home/airflow/.local/lib/python3.7/site-packages/airflow/example_dags/example_time_delta_sensor_async.py for tasks to queue
[2021-12-10 08:24:37,554] {logging_mixin.py:109} INFO - [2021-12-10 08:24:37,554] {dagbag.py:500} INFO - Filling up the DagBag from /home/airflow/.local/lib/python3.7/site-packages/airflow/example_dags/example_time_delta_sensor_async.py
[2021-12-10 08:24:37,584] {processor.py:637} INFO - DAG(s) dict_keys(['example_time_delta_sensor_async']) retrieved from /home/airflow/.local/lib/python3.7/site-packages/airflow/example_dags/example_time_delta_sensor_async.py
[2021-12-10 08:24:37,594] {logging_mixin.py:109} INFO - [2021-12-10 08:24:37,594] {dag.py:2396} INFO - Sync 1 DAGs
[2021-12-10 08:24:37,610] {logging_mixin.py:109} INFO - [2021-12-10 08:24:37,610] {dag.py:2928} INFO - Setting next_dagrun for example_time_delta_sensor_async to None
[2021-12-10 08:24:37,619] {processor.py:171} INFO - Processing /home/airflow/.local/lib/python3.7/site-packages/airflow/example_dags/example_time_delta_sensor_async.py took 0.072 seconds
[2021-12-10 08:25:07,996] {processor.py:163} INFO - Started process (PID=479) to work on /home/airflow/.local/lib/python3.7/site-packages/airflow/example_dags/example_time_delta_sensor_async.py
[2021-12-10 08:25:07,998] {processor.py:625} INFO - Processing file /home/airflow/.local/lib/python3.7/site-packages/airflow/example_dags/example_time_delta_sensor_async.py for tasks to queue
[2021-12-10 08:25:07,999] {logging_mixin.py:109} INFO - [2021-12-10 08:25:07,999] {dagbag.py:500} INFO - Filling up the DagBag from /home/airflow/.local/lib/python3.7/site-packages/airflow/example_dags/example_time_delta_sensor_async.py
[2021-12-10 08:25:08,030] {processor.py:637} INFO - DAG(s) dict_keys(['example_time_delta_sensor_async']) retrieved from /home/airflow/.local/lib/python3.7/site-packages/airflow/example_dags/example_time_delta_sensor_async.py
[2021-12-10 08:25:08,041] {logging_mixin.py:109} INFO - [2021-12-10 08:25:08,041] {dag.py:2396} INFO - Sync 1 DAGs
[2021-12-10 08:25:08,059] {logging_mixin.py:109} INFO - [2021-12-10 08:25:08,059] {dag.py:2928} INFO - Setting next_dagrun for example_time_delta_sensor_async to None
[2021-12-10 08:25:08,074] {processor.py:171} INFO - Processing /home/airflow/.local/lib/python3.7/site-packages/airflow/example_dags/example_time_delta_sensor_async.py took 0.081 seconds
[2021-12-10 08:25:38,390] {processor.py:163} INFO - Started process (PID=542) to work on /home/airflow/.local/lib/python3.7/site-packages/airflow/example_dags/example_time_delta_sensor_async.py
[2021-12-10 08:25:38,391] {processor.py:625} INFO - Processing file /home/airflow/.local/lib/python3.7/site-packages/airflow/example_dags/example_time_delta_sensor_async.py for tasks to queue
[2021-12-10 08:25:38,392] {logging_mixin.py:109} INFO - [2021-12-10 08:25:38,392] {dagbag.py:500} INFO - Filling up the DagBag from /home/airflow/.local/lib/python3.7/site-packages/airflow/example_dags/example_time_delta_sensor_async.py
[2021-12-10 08:25:38,417] {processor.py:637} INFO - DAG(s) dict_keys(['example_time_delta_sensor_async']) retrieved from /home/airflow/.local/lib/python3.7/site-packages/airflow/example_dags/example_time_delta_sensor_async.py
[2021-12-10 08:25:38,427] {logging_mixin.py:109} INFO - [2021-12-10 08:25:38,426] {dag.py:2396} INFO - Sync 1 DAGs
[2021-12-10 08:25:38,442] {logging_mixin.py:109} INFO - [2021-12-10 08:25:38,442] {dag.py:2928} INFO - Setting next_dagrun for example_time_delta_sensor_async to None
[2021-12-10 08:25:38,452] {processor.py:171} INFO - Processing /home/airflow/.local/lib/python3.7/site-packages/airflow/example_dags/example_time_delta_sensor_async.py took 0.066 seconds
[2021-12-10 08:26:08,850] {processor.py:163} INFO - Started process (PID=594) to work on /home/airflow/.local/lib/python3.7/site-packages/airflow/example_dags/example_time_delta_sensor_async.py
[2021-12-10 08:26:08,852] {processor.py:625} INFO - Processing file /home/airflow/.local/lib/python3.7/site-packages/airflow/example_dags/example_time_delta_sensor_async.py for tasks to queue
[2021-12-10 08:26:08,852] {logging_mixin.py:109} INFO - [2021-12-10 08:26:08,852] {dagbag.py:500} INFO - Filling up the DagBag from /home/airflow/.local/lib/python3.7/site-packages/airflow/example_dags/example_time_delta_sensor_async.py
[2021-12-10 08:26:08,885] {processor.py:637} INFO - DAG(s) dict_keys(['example_time_delta_sensor_async']) retrieved from /home/airflow/.local/lib/python3.7/site-packages/airflow/example_dags/example_time_delta_sensor_async.py
[2021-12-10 08:26:08,896] {logging_mixin.py:109} INFO - [2021-12-10 08:26:08,896] {dag.py:2396} INFO - Sync 1 DAGs
[2021-12-10 08:26:08,919] {logging_mixin.py:109} INFO - [2021-12-10 08:26:08,919] {dag.py:2928} INFO - Setting next_dagrun for example_time_delta_sensor_async to None
[2021-12-10 08:26:08,932] {processor.py:171} INFO - Processing /home/airflow/.local/lib/python3.7/site-packages/airflow/example_dags/example_time_delta_sensor_async.py took 0.086 seconds
[2021-12-10 08:26:39,000] {processor.py:163} INFO - Started process (PID=646) to work on /home/airflow/.local/lib/python3.7/site-packages/airflow/example_dags/example_time_delta_sensor_async.py
[2021-12-10 08:26:39,005] {processor.py:625} INFO - Processing file /home/airflow/.local/lib/python3.7/site-packages/airflow/example_dags/example_time_delta_sensor_async.py for tasks to queue
[2021-12-10 08:26:39,005] {logging_mixin.py:109} INFO - [2021-12-10 08:26:39,005] {dagbag.py:500} INFO - Filling up the DagBag from /home/airflow/.local/lib/python3.7/site-packages/airflow/example_dags/example_time_delta_sensor_async.py
[2021-12-10 08:26:39,031] {processor.py:637} INFO - DAG(s) dict_keys(['example_time_delta_sensor_async']) retrieved from /home/airflow/.local/lib/python3.7/site-packages/airflow/example_dags/example_time_delta_sensor_async.py
[2021-12-10 08:26:39,042] {logging_mixin.py:109} INFO - [2021-12-10 08:26:39,041] {dag.py:2396} INFO - Sync 1 DAGs
[2021-12-10 08:26:39,060] {logging_mixin.py:109} INFO - [2021-12-10 08:26:39,060] {dag.py:2928} INFO - Setting next_dagrun for example_time_delta_sensor_async to None
[2021-12-10 08:26:39,073] {processor.py:171} INFO - Processing /home/airflow/.local/lib/python3.7/site-packages/airflow/example_dags/example_time_delta_sensor_async.py took 0.077 seconds
[2021-12-10 08:27:09,154] {processor.py:163} INFO - Started process (PID=710) to work on /home/airflow/.local/lib/python3.7/site-packages/airflow/example_dags/example_time_delta_sensor_async.py
[2021-12-10 08:27:09,155] {processor.py:625} INFO - Processing file /home/airflow/.local/lib/python3.7/site-packages/airflow/example_dags/example_time_delta_sensor_async.py for tasks to queue
[2021-12-10 08:27:09,156] {logging_mixin.py:109} INFO - [2021-12-10 08:27:09,156] {dagbag.py:500} INFO - Filling up the DagBag from /home/airflow/.local/lib/python3.7/site-packages/airflow/example_dags/example_time_delta_sensor_async.py
[2021-12-10 08:27:09,182] {processor.py:637} INFO - DAG(s) dict_keys(['example_time_delta_sensor_async']) retrieved from /home/airflow/.local/lib/python3.7/site-packages/airflow/example_dags/example_time_delta_sensor_async.py
[2021-12-10 08:27:09,193] {logging_mixin.py:109} INFO - [2021-12-10 08:27:09,193] {dag.py:2396} INFO - Sync 1 DAGs
[2021-12-10 08:27:09,211] {logging_mixin.py:109} INFO - [2021-12-10 08:27:09,211] {dag.py:2928} INFO - Setting next_dagrun for example_time_delta_sensor_async to None
[2021-12-10 08:27:09,220] {processor.py:171} INFO - Processing /home/airflow/.local/lib/python3.7/site-packages/airflow/example_dags/example_time_delta_sensor_async.py took 0.069 seconds
[2021-12-10 08:27:39,381] {processor.py:163} INFO - Started process (PID=763) to work on /home/airflow/.local/lib/python3.7/site-packages/airflow/example_dags/example_time_delta_sensor_async.py
[2021-12-10 08:27:39,383] {processor.py:625} INFO - Processing file /home/airflow/.local/lib/python3.7/site-packages/airflow/example_dags/example_time_delta_sensor_async.py for tasks to queue
[2021-12-10 08:27:39,384] {logging_mixin.py:109} INFO - [2021-12-10 08:27:39,384] {dagbag.py:500} INFO - Filling up the DagBag from /home/airflow/.local/lib/python3.7/site-packages/airflow/example_dags/example_time_delta_sensor_async.py
[2021-12-10 08:27:39,412] {processor.py:637} INFO - DAG(s) dict_keys(['example_time_delta_sensor_async']) retrieved from /home/airflow/.local/lib/python3.7/site-packages/airflow/example_dags/example_time_delta_sensor_async.py
[2021-12-10 08:27:39,421] {logging_mixin.py:109} INFO - [2021-12-10 08:27:39,421] {dag.py:2396} INFO - Sync 1 DAGs
[2021-12-10 08:27:39,437] {logging_mixin.py:109} INFO - [2021-12-10 08:27:39,437] {dag.py:2928} INFO - Setting next_dagrun for example_time_delta_sensor_async to None
[2021-12-10 08:27:39,445] {processor.py:171} INFO - Processing /home/airflow/.local/lib/python3.7/site-packages/airflow/example_dags/example_time_delta_sensor_async.py took 0.068 seconds
[2021-12-10 08:28:09,542] {processor.py:163} INFO - Started process (PID=815) to work on /home/airflow/.local/lib/python3.7/site-packages/airflow/example_dags/example_time_delta_sensor_async.py
[2021-12-10 08:28:09,543] {processor.py:625} INFO - Processing file /home/airflow/.local/lib/python3.7/site-packages/airflow/example_dags/example_time_delta_sensor_async.py for tasks to queue
[2021-12-10 08:28:09,544] {logging_mixin.py:109} INFO - [2021-12-10 08:28:09,544] {dagbag.py:500} INFO - Filling up the DagBag from /home/airflow/.local/lib/python3.7/site-packages/airflow/example_dags/example_time_delta_sensor_async.py
[2021-12-10 08:28:09,571] {processor.py:637} INFO - DAG(s) dict_keys(['example_time_delta_sensor_async']) retrieved from /home/airflow/.local/lib/python3.7/site-packages/airflow/example_dags/example_time_delta_sensor_async.py
[2021-12-10 08:28:09,580] {logging_mixin.py:109} INFO - [2021-12-10 08:28:09,580] {dag.py:2396} INFO - Sync 1 DAGs
[2021-12-10 08:28:09,596] {logging_mixin.py:109} INFO - [2021-12-10 08:28:09,596] {dag.py:2928} INFO - Setting next_dagrun for example_time_delta_sensor_async to None
[2021-12-10 08:28:09,605] {processor.py:171} INFO - Processing /home/airflow/.local/lib/python3.7/site-packages/airflow/example_dags/example_time_delta_sensor_async.py took 0.066 seconds
[2021-12-10 08:28:39,839] {processor.py:163} INFO - Started process (PID=876) to work on /home/airflow/.local/lib/python3.7/site-packages/airflow/example_dags/example_time_delta_sensor_async.py
[2021-12-10 08:28:39,841] {processor.py:625} INFO - Processing file /home/airflow/.local/lib/python3.7/site-packages/airflow/example_dags/example_time_delta_sensor_async.py for tasks to queue
[2021-12-10 08:28:39,841] {logging_mixin.py:109} INFO - [2021-12-10 08:28:39,841] {dagbag.py:500} INFO - Filling up the DagBag from /home/airflow/.local/lib/python3.7/site-packages/airflow/example_dags/example_time_delta_sensor_async.py
[2021-12-10 08:28:39,869] {processor.py:637} INFO - DAG(s) dict_keys(['example_time_delta_sensor_async']) retrieved from /home/airflow/.local/lib/python3.7/site-packages/airflow/example_dags/example_time_delta_sensor_async.py
[2021-12-10 08:28:39,878] {logging_mixin.py:109} INFO - [2021-12-10 08:28:39,878] {dag.py:2396} INFO - Sync 1 DAGs
[2021-12-10 08:28:39,896] {logging_mixin.py:109} INFO - [2021-12-10 08:28:39,896] {dag.py:2928} INFO - Setting next_dagrun for example_time_delta_sensor_async to None
[2021-12-10 08:28:39,907] {processor.py:171} INFO - Processing /home/airflow/.local/lib/python3.7/site-packages/airflow/example_dags/example_time_delta_sensor_async.py took 0.072 seconds
[2021-12-10 08:29:10,133] {processor.py:163} INFO - Started process (PID=928) to work on /home/airflow/.local/lib/python3.7/site-packages/airflow/example_dags/example_time_delta_sensor_async.py
[2021-12-10 08:29:10,134] {processor.py:625} INFO - Processing file /home/airflow/.local/lib/python3.7/site-packages/airflow/example_dags/example_time_delta_sensor_async.py for tasks to queue
[2021-12-10 08:29:10,134] {logging_mixin.py:109} INFO - [2021-12-10 08:29:10,134] {dagbag.py:500} INFO - Filling up the DagBag from /home/airflow/.local/lib/python3.7/site-packages/airflow/example_dags/example_time_delta_sensor_async.py
[2021-12-10 08:29:10,163] {processor.py:637} INFO - DAG(s) dict_keys(['example_time_delta_sensor_async']) retrieved from /home/airflow/.local/lib/python3.7/site-packages/airflow/example_dags/example_time_delta_sensor_async.py
[2021-12-10 08:29:10,174] {logging_mixin.py:109} INFO - [2021-12-10 08:29:10,173] {dag.py:2396} INFO - Sync 1 DAGs
[2021-12-10 08:29:10,191] {logging_mixin.py:109} INFO - [2021-12-10 08:29:10,191] {dag.py:2928} INFO - Setting next_dagrun for example_time_delta_sensor_async to None
[2021-12-10 08:29:10,200] {processor.py:171} INFO - Processing /home/airflow/.local/lib/python3.7/site-packages/airflow/example_dags/example_time_delta_sensor_async.py took 0.071 seconds
[2021-12-10 08:29:40,239] {processor.py:163} INFO - Started process (PID=990) to work on /home/airflow/.local/lib/python3.7/site-packages/airflow/example_dags/example_time_delta_sensor_async.py
[2021-12-10 08:29:40,241] {processor.py:625} INFO - Processing file /home/airflow/.local/lib/python3.7/site-packages/airflow/example_dags/example_time_delta_sensor_async.py for tasks to queue
[2021-12-10 08:29:40,242] {logging_mixin.py:109} INFO - [2021-12-10 08:29:40,242] {dagbag.py:500} INFO - Filling up the DagBag from /home/airflow/.local/lib/python3.7/site-packages/airflow/example_dags/example_time_delta_sensor_async.py
[2021-12-10 08:29:40,273] {processor.py:637} INFO - DAG(s) dict_keys(['example_time_delta_sensor_async']) retrieved from /home/airflow/.local/lib/python3.7/site-packages/airflow/example_dags/example_time_delta_sensor_async.py
[2021-12-10 08:29:40,284] {logging_mixin.py:109} INFO - [2021-12-10 08:29:40,284] {dag.py:2396} INFO - Sync 1 DAGs
[2021-12-10 08:29:40,301] {logging_mixin.py:109} INFO - [2021-12-10 08:29:40,301] {dag.py:2928} INFO - Setting next_dagrun for example_time_delta_sensor_async to None
[2021-12-10 08:29:40,310] {processor.py:171} INFO - Processing /home/airflow/.local/lib/python3.7/site-packages/airflow/example_dags/example_time_delta_sensor_async.py took 0.075 seconds
[2021-12-10 08:30:10,509] {processor.py:163} INFO - Started process (PID=1042) to work on /home/airflow/.local/lib/python3.7/site-packages/airflow/example_dags/example_time_delta_sensor_async.py
[2021-12-10 08:30:10,511] {processor.py:625} INFO - Processing file /home/airflow/.local/lib/python3.7/site-packages/airflow/example_dags/example_time_delta_sensor_async.py for tasks to queue
[2021-12-10 08:30:10,511] {logging_mixin.py:109} INFO - [2021-12-10 08:30:10,511] {dagbag.py:500} INFO - Filling up the DagBag from /home/airflow/.local/lib/python3.7/site-packages/airflow/example_dags/example_time_delta_sensor_async.py
[2021-12-10 08:30:10,541] {processor.py:637} INFO - DAG(s) dict_keys(['example_time_delta_sensor_async']) retrieved from /home/airflow/.local/lib/python3.7/site-packages/airflow/example_dags/example_time_delta_sensor_async.py
[2021-12-10 08:30:10,552] {logging_mixin.py:109} INFO - [2021-12-10 08:30:10,552] {dag.py:2396} INFO - Sync 1 DAGs
[2021-12-10 08:30:10,569] {logging_mixin.py:109} INFO - [2021-12-10 08:30:10,569] {dag.py:2928} INFO - Setting next_dagrun for example_time_delta_sensor_async to None
[2021-12-10 08:30:10,579] {processor.py:171} INFO - Processing /home/airflow/.local/lib/python3.7/site-packages/airflow/example_dags/example_time_delta_sensor_async.py took 0.074 seconds
[2021-12-10 08:30:40,651] {processor.py:163} INFO - Started process (PID=1094) to work on /home/airflow/.local/lib/python3.7/site-packages/airflow/example_dags/example_time_delta_sensor_async.py
[2021-12-10 08:30:40,653] {processor.py:625} INFO - Processing file /home/airflow/.local/lib/python3.7/site-packages/airflow/example_dags/example_time_delta_sensor_async.py for tasks to queue
[2021-12-10 08:30:40,653] {logging_mixin.py:109} INFO - [2021-12-10 08:30:40,653] {dagbag.py:500} INFO - Filling up the DagBag from /home/airflow/.local/lib/python3.7/site-packages/airflow/example_dags/example_time_delta_sensor_async.py
[2021-12-10 08:30:40,680] {processor.py:637} INFO - DAG(s) dict_keys(['example_time_delta_sensor_async']) retrieved from /home/airflow/.local/lib/python3.7/site-packages/airflow/example_dags/example_time_delta_sensor_async.py
[2021-12-10 08:30:40,690] {logging_mixin.py:109} INFO - [2021-12-10 08:30:40,690] {dag.py:2396} INFO - Sync 1 DAGs
[2021-12-10 08:30:40,706] {logging_mixin.py:109} INFO - [2021-12-10 08:30:40,706] {dag.py:2928} INFO - Setting next_dagrun for example_time_delta_sensor_async to None
[2021-12-10 08:30:40,716] {processor.py:171} INFO - Processing /home/airflow/.local/lib/python3.7/site-packages/airflow/example_dags/example_time_delta_sensor_async.py took 0.069 seconds
[2021-12-10 08:31:10,955] {processor.py:163} INFO - Started process (PID=1155) to work on /home/airflow/.local/lib/python3.7/site-packages/airflow/example_dags/example_time_delta_sensor_async.py
[2021-12-10 08:31:10,957] {processor.py:625} INFO - Processing file /home/airflow/.local/lib/python3.7/site-packages/airflow/example_dags/example_time_delta_sensor_async.py for tasks to queue
[2021-12-10 08:31:10,957] {logging_mixin.py:109} INFO - [2021-12-10 08:31:10,957] {dagbag.py:500} INFO - Filling up the DagBag from /home/airflow/.local/lib/python3.7/site-packages/airflow/example_dags/example_time_delta_sensor_async.py
[2021-12-10 08:31:10,988] {processor.py:637} INFO - DAG(s) dict_keys(['example_time_delta_sensor_async']) retrieved from /home/airflow/.local/lib/python3.7/site-packages/airflow/example_dags/example_time_delta_sensor_async.py
[2021-12-10 08:31:11,002] {logging_mixin.py:109} INFO - [2021-12-10 08:31:11,001] {dag.py:2396} INFO - Sync 1 DAGs
[2021-12-10 08:31:11,022] {logging_mixin.py:109} INFO - [2021-12-10 08:31:11,022] {dag.py:2928} INFO - Setting next_dagrun for example_time_delta_sensor_async to None
[2021-12-10 08:31:11,033] {processor.py:171} INFO - Processing /home/airflow/.local/lib/python3.7/site-packages/airflow/example_dags/example_time_delta_sensor_async.py took 0.082 seconds
[2021-12-10 08:31:41,160] {processor.py:163} INFO - Started process (PID=1208) to work on /home/airflow/.local/lib/python3.7/site-packages/airflow/example_dags/example_time_delta_sensor_async.py
[2021-12-10 08:31:41,162] {processor.py:625} INFO - Processing file /home/airflow/.local/lib/python3.7/site-packages/airflow/example_dags/example_time_delta_sensor_async.py for tasks to queue
[2021-12-10 08:31:41,163] {logging_mixin.py:109} INFO - [2021-12-10 08:31:41,163] {dagbag.py:500} INFO - Filling up the DagBag from /home/airflow/.local/lib/python3.7/site-packages/airflow/example_dags/example_time_delta_sensor_async.py
[2021-12-10 08:31:41,189] {processor.py:637} INFO - DAG(s) dict_keys(['example_time_delta_sensor_async']) retrieved from /home/airflow/.local/lib/python3.7/site-packages/airflow/example_dags/example_time_delta_sensor_async.py
[2021-12-10 08:31:41,198] {logging_mixin.py:109} INFO - [2021-12-10 08:31:41,197] {dag.py:2396} INFO - Sync 1 DAGs
[2021-12-10 08:31:41,213] {logging_mixin.py:109} INFO - [2021-12-10 08:31:41,213] {dag.py:2928} INFO - Setting next_dagrun for example_time_delta_sensor_async to None
[2021-12-10 08:31:41,222] {processor.py:171} INFO - Processing /home/airflow/.local/lib/python3.7/site-packages/airflow/example_dags/example_time_delta_sensor_async.py took 0.066 seconds
[2021-12-10 08:32:11,554] {processor.py:163} INFO - Started process (PID=1271) to work on /home/airflow/.local/lib/python3.7/site-packages/airflow/example_dags/example_time_delta_sensor_async.py
[2021-12-10 08:32:11,555] {processor.py:625} INFO - Processing file /home/airflow/.local/lib/python3.7/site-packages/airflow/example_dags/example_time_delta_sensor_async.py for tasks to queue
[2021-12-10 08:32:11,556] {logging_mixin.py:109} INFO - [2021-12-10 08:32:11,556] {dagbag.py:500} INFO - Filling up the DagBag from /home/airflow/.local/lib/python3.7/site-packages/airflow/example_dags/example_time_delta_sensor_async.py
[2021-12-10 08:32:11,585] {processor.py:637} INFO - DAG(s) dict_keys(['example_time_delta_sensor_async']) retrieved from /home/airflow/.local/lib/python3.7/site-packages/airflow/example_dags/example_time_delta_sensor_async.py
[2021-12-10 08:32:11,594] {logging_mixin.py:109} INFO - [2021-12-10 08:32:11,594] {dag.py:2396} INFO - Sync 1 DAGs
[2021-12-10 08:32:11,611] {logging_mixin.py:109} INFO - [2021-12-10 08:32:11,611] {dag.py:2928} INFO - Setting next_dagrun for example_time_delta_sensor_async to None
[2021-12-10 08:32:11,620] {processor.py:171} INFO - Processing /home/airflow/.local/lib/python3.7/site-packages/airflow/example_dags/example_time_delta_sensor_async.py took 0.070 seconds
[2021-12-10 08:32:42,011] {processor.py:163} INFO - Started process (PID=1323) to work on /home/airflow/.local/lib/python3.7/site-packages/airflow/example_dags/example_time_delta_sensor_async.py
[2021-12-10 08:32:42,012] {processor.py:625} INFO - Processing file /home/airflow/.local/lib/python3.7/site-packages/airflow/example_dags/example_time_delta_sensor_async.py for tasks to queue
[2021-12-10 08:32:42,013] {logging_mixin.py:109} INFO - [2021-12-10 08:32:42,013] {dagbag.py:500} INFO - Filling up the DagBag from /home/airflow/.local/lib/python3.7/site-packages/airflow/example_dags/example_time_delta_sensor_async.py
[2021-12-10 08:32:42,038] {processor.py:637} INFO - DAG(s) dict_keys(['example_time_delta_sensor_async']) retrieved from /home/airflow/.local/lib/python3.7/site-packages/airflow/example_dags/example_time_delta_sensor_async.py
[2021-12-10 08:32:42,048] {logging_mixin.py:109} INFO - [2021-12-10 08:32:42,048] {dag.py:2396} INFO - Sync 1 DAGs
[2021-12-10 08:32:42,063] {logging_mixin.py:109} INFO - [2021-12-10 08:32:42,063] {dag.py:2928} INFO - Setting next_dagrun for example_time_delta_sensor_async to None
[2021-12-10 08:32:42,072] {processor.py:171} INFO - Processing /home/airflow/.local/lib/python3.7/site-packages/airflow/example_dags/example_time_delta_sensor_async.py took 0.065 seconds
[2021-12-10 08:33:12,155] {processor.py:163} INFO - Started process (PID=1375) to work on /home/airflow/.local/lib/python3.7/site-packages/airflow/example_dags/example_time_delta_sensor_async.py
[2021-12-10 08:33:12,157] {processor.py:625} INFO - Processing file /home/airflow/.local/lib/python3.7/site-packages/airflow/example_dags/example_time_delta_sensor_async.py for tasks to queue
[2021-12-10 08:33:12,157] {logging_mixin.py:109} INFO - [2021-12-10 08:33:12,157] {dagbag.py:500} INFO - Filling up the DagBag from /home/airflow/.local/lib/python3.7/site-packages/airflow/example_dags/example_time_delta_sensor_async.py
[2021-12-10 08:33:12,184] {processor.py:637} INFO - DAG(s) dict_keys(['example_time_delta_sensor_async']) retrieved from /home/airflow/.local/lib/python3.7/site-packages/airflow/example_dags/example_time_delta_sensor_async.py
[2021-12-10 08:33:12,194] {logging_mixin.py:109} INFO - [2021-12-10 08:33:12,194] {dag.py:2396} INFO - Sync 1 DAGs
[2021-12-10 08:33:12,211] {logging_mixin.py:109} INFO - [2021-12-10 08:33:12,211] {dag.py:2928} INFO - Setting next_dagrun for example_time_delta_sensor_async to None
[2021-12-10 08:33:12,220] {processor.py:171} INFO - Processing /home/airflow/.local/lib/python3.7/site-packages/airflow/example_dags/example_time_delta_sensor_async.py took 0.069 seconds
[2021-12-10 08:33:42,349] {processor.py:163} INFO - Started process (PID=1436) to work on /home/airflow/.local/lib/python3.7/site-packages/airflow/example_dags/example_time_delta_sensor_async.py
[2021-12-10 08:33:42,351] {processor.py:625} INFO - Processing file /home/airflow/.local/lib/python3.7/site-packages/airflow/example_dags/example_time_delta_sensor_async.py for tasks to queue
[2021-12-10 08:33:42,351] {logging_mixin.py:109} INFO - [2021-12-10 08:33:42,351] {dagbag.py:500} INFO - Filling up the DagBag from /home/airflow/.local/lib/python3.7/site-packages/airflow/example_dags/example_time_delta_sensor_async.py
[2021-12-10 08:33:42,380] {processor.py:637} INFO - DAG(s) dict_keys(['example_time_delta_sensor_async']) retrieved from /home/airflow/.local/lib/python3.7/site-packages/airflow/example_dags/example_time_delta_sensor_async.py
[2021-12-10 08:33:42,393] {logging_mixin.py:109} INFO - [2021-12-10 08:33:42,393] {dag.py:2396} INFO - Sync 1 DAGs
[2021-12-10 08:33:42,416] {logging_mixin.py:109} INFO - [2021-12-10 08:33:42,416] {dag.py:2928} INFO - Setting next_dagrun for example_time_delta_sensor_async to None
[2021-12-10 08:33:42,426] {processor.py:171} INFO - Processing /home/airflow/.local/lib/python3.7/site-packages/airflow/example_dags/example_time_delta_sensor_async.py took 0.080 seconds
[2021-12-10 08:34:12,600] {processor.py:163} INFO - Started process (PID=1489) to work on /home/airflow/.local/lib/python3.7/site-packages/airflow/example_dags/example_time_delta_sensor_async.py
[2021-12-10 08:34:12,601] {processor.py:625} INFO - Processing file /home/airflow/.local/lib/python3.7/site-packages/airflow/example_dags/example_time_delta_sensor_async.py for tasks to queue
[2021-12-10 08:34:12,602] {logging_mixin.py:109} INFO - [2021-12-10 08:34:12,602] {dagbag.py:500} INFO - Filling up the DagBag from /home/airflow/.local/lib/python3.7/site-packages/airflow/example_dags/example_time_delta_sensor_async.py
[2021-12-10 08:34:12,629] {processor.py:637} INFO - DAG(s) dict_keys(['example_time_delta_sensor_async']) retrieved from /home/airflow/.local/lib/python3.7/site-packages/airflow/example_dags/example_time_delta_sensor_async.py
[2021-12-10 08:34:12,638] {logging_mixin.py:109} INFO - [2021-12-10 08:34:12,638] {dag.py:2396} INFO - Sync 1 DAGs
[2021-12-10 08:34:12,654] {logging_mixin.py:109} INFO - [2021-12-10 08:34:12,654] {dag.py:2928} INFO - Setting next_dagrun for example_time_delta_sensor_async to None
[2021-12-10 08:34:12,663] {processor.py:171} INFO - Processing /home/airflow/.local/lib/python3.7/site-packages/airflow/example_dags/example_time_delta_sensor_async.py took 0.066 seconds
[2021-12-10 08:34:42,976] {processor.py:163} INFO - Started process (PID=1550) to work on /home/airflow/.local/lib/python3.7/site-packages/airflow/example_dags/example_time_delta_sensor_async.py
[2021-12-10 08:34:42,977] {processor.py:625} INFO - Processing file /home/airflow/.local/lib/python3.7/site-packages/airflow/example_dags/example_time_delta_sensor_async.py for tasks to queue
[2021-12-10 08:34:42,978] {logging_mixin.py:109} INFO - [2021-12-10 08:34:42,978] {dagbag.py:500} INFO - Filling up the DagBag from /home/airflow/.local/lib/python3.7/site-packages/airflow/example_dags/example_time_delta_sensor_async.py
[2021-12-10 08:34:43,003] {processor.py:637} INFO - DAG(s) dict_keys(['example_time_delta_sensor_async']) retrieved from /home/airflow/.local/lib/python3.7/site-packages/airflow/example_dags/example_time_delta_sensor_async.py
[2021-12-10 08:34:43,013] {logging_mixin.py:109} INFO - [2021-12-10 08:34:43,013] {dag.py:2396} INFO - Sync 1 DAGs
[2021-12-10 08:34:43,028] {logging_mixin.py:109} INFO - [2021-12-10 08:34:43,028] {dag.py:2928} INFO - Setting next_dagrun for example_time_delta_sensor_async to None
[2021-12-10 08:34:43,037] {processor.py:171} INFO - Processing /home/airflow/.local/lib/python3.7/site-packages/airflow/example_dags/example_time_delta_sensor_async.py took 0.065 seconds
[2021-12-10 08:35:13,214] {processor.py:163} INFO - Started process (PID=1603) to work on /home/airflow/.local/lib/python3.7/site-packages/airflow/example_dags/example_time_delta_sensor_async.py
[2021-12-10 08:35:13,216] {processor.py:625} INFO - Processing file /home/airflow/.local/lib/python3.7/site-packages/airflow/example_dags/example_time_delta_sensor_async.py for tasks to queue
[2021-12-10 08:35:13,217] {logging_mixin.py:109} INFO - [2021-12-10 08:35:13,216] {dagbag.py:500} INFO - Filling up the DagBag from /home/airflow/.local/lib/python3.7/site-packages/airflow/example_dags/example_time_delta_sensor_async.py
[2021-12-10 08:35:13,245] {processor.py:637} INFO - DAG(s) dict_keys(['example_time_delta_sensor_async']) retrieved from /home/airflow/.local/lib/python3.7/site-packages/airflow/example_dags/example_time_delta_sensor_async.py
[2021-12-10 08:35:13,255] {logging_mixin.py:109} INFO - [2021-12-10 08:35:13,254] {dag.py:2396} INFO - Sync 1 DAGs
[2021-12-10 08:35:13,271] {logging_mixin.py:109} INFO - [2021-12-10 08:35:13,271] {dag.py:2928} INFO - Setting next_dagrun for example_time_delta_sensor_async to None
[2021-12-10 08:35:13,280] {processor.py:171} INFO - Processing /home/airflow/.local/lib/python3.7/site-packages/airflow/example_dags/example_time_delta_sensor_async.py took 0.070 seconds
[2021-12-10 08:35:43,809] {processor.py:163} INFO - Started process (PID=1656) to work on /home/airflow/.local/lib/python3.7/site-packages/airflow/example_dags/example_time_delta_sensor_async.py
[2021-12-10 08:35:43,810] {processor.py:625} INFO - Processing file /home/airflow/.local/lib/python3.7/site-packages/airflow/example_dags/example_time_delta_sensor_async.py for tasks to queue
[2021-12-10 08:35:43,811] {logging_mixin.py:109} INFO - [2021-12-10 08:35:43,811] {dagbag.py:500} INFO - Filling up the DagBag from /home/airflow/.local/lib/python3.7/site-packages/airflow/example_dags/example_time_delta_sensor_async.py
[2021-12-10 08:35:43,836] {processor.py:637} INFO - DAG(s) dict_keys(['example_time_delta_sensor_async']) retrieved from /home/airflow/.local/lib/python3.7/site-packages/airflow/example_dags/example_time_delta_sensor_async.py
[2021-12-10 08:35:43,846] {logging_mixin.py:109} INFO - [2021-12-10 08:35:43,846] {dag.py:2396} INFO - Sync 1 DAGs
[2021-12-10 08:35:43,864] {logging_mixin.py:109} INFO - [2021-12-10 08:35:43,864] {dag.py:2928} INFO - Setting next_dagrun for example_time_delta_sensor_async to None
[2021-12-10 08:35:43,874] {processor.py:171} INFO - Processing /home/airflow/.local/lib/python3.7/site-packages/airflow/example_dags/example_time_delta_sensor_async.py took 0.068 seconds
[2021-12-10 08:36:13,923] {processor.py:163} INFO - Started process (PID=1719) to work on /home/airflow/.local/lib/python3.7/site-packages/airflow/example_dags/example_time_delta_sensor_async.py
[2021-12-10 08:36:13,926] {processor.py:625} INFO - Processing file /home/airflow/.local/lib/python3.7/site-packages/airflow/example_dags/example_time_delta_sensor_async.py for tasks to queue
[2021-12-10 08:36:13,927] {logging_mixin.py:109} INFO - [2021-12-10 08:36:13,926] {dagbag.py:500} INFO - Filling up the DagBag from /home/airflow/.local/lib/python3.7/site-packages/airflow/example_dags/example_time_delta_sensor_async.py
[2021-12-10 08:36:13,958] {processor.py:637} INFO - DAG(s) dict_keys(['example_time_delta_sensor_async']) retrieved from /home/airflow/.local/lib/python3.7/site-packages/airflow/example_dags/example_time_delta_sensor_async.py
[2021-12-10 08:36:13,969] {logging_mixin.py:109} INFO - [2021-12-10 08:36:13,969] {dag.py:2396} INFO - Sync 1 DAGs
[2021-12-10 08:36:13,987] {logging_mixin.py:109} INFO - [2021-12-10 08:36:13,987] {dag.py:2928} INFO - Setting next_dagrun for example_time_delta_sensor_async to None
[2021-12-10 08:36:13,997] {processor.py:171} INFO - Processing /home/airflow/.local/lib/python3.7/site-packages/airflow/example_dags/example_time_delta_sensor_async.py took 0.078 seconds
[2021-12-10 08:36:44,340] {processor.py:163} INFO - Started process (PID=1771) to work on /home/airflow/.local/lib/python3.7/site-packages/airflow/example_dags/example_time_delta_sensor_async.py
[2021-12-10 08:36:44,342] {processor.py:625} INFO - Processing file /home/airflow/.local/lib/python3.7/site-packages/airflow/example_dags/example_time_delta_sensor_async.py for tasks to queue
[2021-12-10 08:36:44,342] {logging_mixin.py:109} INFO - [2021-12-10 08:36:44,342] {dagbag.py:500} INFO - Filling up the DagBag from /home/airflow/.local/lib/python3.7/site-packages/airflow/example_dags/example_time_delta_sensor_async.py
[2021-12-10 08:36:44,371] {processor.py:637} INFO - DAG(s) dict_keys(['example_time_delta_sensor_async']) retrieved from /home/airflow/.local/lib/python3.7/site-packages/airflow/example_dags/example_time_delta_sensor_async.py
[2021-12-10 08:36:44,381] {logging_mixin.py:109} INFO - [2021-12-10 08:36:44,381] {dag.py:2396} INFO - Sync 1 DAGs
[2021-12-10 08:36:44,398] {logging_mixin.py:109} INFO - [2021-12-10 08:36:44,398] {dag.py:2928} INFO - Setting next_dagrun for example_time_delta_sensor_async to None
[2021-12-10 08:36:44,407] {processor.py:171} INFO - Processing /home/airflow/.local/lib/python3.7/site-packages/airflow/example_dags/example_time_delta_sensor_async.py took 0.071 seconds
[2021-12-10 08:37:14,526] {processor.py:163} INFO - Started process (PID=1834) to work on /home/airflow/.local/lib/python3.7/site-packages/airflow/example_dags/example_time_delta_sensor_async.py
[2021-12-10 08:37:14,527] {processor.py:625} INFO - Processing file /home/airflow/.local/lib/python3.7/site-packages/airflow/example_dags/example_time_delta_sensor_async.py for tasks to queue
[2021-12-10 08:37:14,528] {logging_mixin.py:109} INFO - [2021-12-10 08:37:14,528] {dagbag.py:500} INFO - Filling up the DagBag from /home/airflow/.local/lib/python3.7/site-packages/airflow/example_dags/example_time_delta_sensor_async.py
[2021-12-10 08:37:14,559] {processor.py:637} INFO - DAG(s) dict_keys(['example_time_delta_sensor_async']) retrieved from /home/airflow/.local/lib/python3.7/site-packages/airflow/example_dags/example_time_delta_sensor_async.py
[2021-12-10 08:37:14,570] {logging_mixin.py:109} INFO - [2021-12-10 08:37:14,570] {dag.py:2396} INFO - Sync 1 DAGs
[2021-12-10 08:37:14,587] {logging_mixin.py:109} INFO - [2021-12-10 08:37:14,587] {dag.py:2928} INFO - Setting next_dagrun for example_time_delta_sensor_async to None
[2021-12-10 08:37:14,596] {processor.py:171} INFO - Processing /home/airflow/.local/lib/python3.7/site-packages/airflow/example_dags/example_time_delta_sensor_async.py took 0.074 seconds
[2021-12-10 08:37:44,705] {processor.py:163} INFO - Started process (PID=1887) to work on /home/airflow/.local/lib/python3.7/site-packages/airflow/example_dags/example_time_delta_sensor_async.py
[2021-12-10 08:37:44,707] {processor.py:625} INFO - Processing file /home/airflow/.local/lib/python3.7/site-packages/airflow/example_dags/example_time_delta_sensor_async.py for tasks to queue
[2021-12-10 08:37:44,707] {logging_mixin.py:109} INFO - [2021-12-10 08:37:44,707] {dagbag.py:500} INFO - Filling up the DagBag from /home/airflow/.local/lib/python3.7/site-packages/airflow/example_dags/example_time_delta_sensor_async.py
[2021-12-10 08:37:44,735] {processor.py:637} INFO - DAG(s) dict_keys(['example_time_delta_sensor_async']) retrieved from /home/airflow/.local/lib/python3.7/site-packages/airflow/example_dags/example_time_delta_sensor_async.py
[2021-12-10 08:37:44,745] {logging_mixin.py:109} INFO - [2021-12-10 08:37:44,744] {dag.py:2396} INFO - Sync 1 DAGs
[2021-12-10 08:37:44,761] {logging_mixin.py:109} INFO - [2021-12-10 08:37:44,761] {dag.py:2928} INFO - Setting next_dagrun for example_time_delta_sensor_async to None
[2021-12-10 08:37:44,770] {processor.py:171} INFO - Processing /home/airflow/.local/lib/python3.7/site-packages/airflow/example_dags/example_time_delta_sensor_async.py took 0.070 seconds
[2021-12-10 08:38:15,111] {processor.py:163} INFO - Started process (PID=1938) to work on /home/airflow/.local/lib/python3.7/site-packages/airflow/example_dags/example_time_delta_sensor_async.py
[2021-12-10 08:38:15,113] {processor.py:625} INFO - Processing file /home/airflow/.local/lib/python3.7/site-packages/airflow/example_dags/example_time_delta_sensor_async.py for tasks to queue
[2021-12-10 08:38:15,114] {logging_mixin.py:109} INFO - [2021-12-10 08:38:15,114] {dagbag.py:500} INFO - Filling up the DagBag from /home/airflow/.local/lib/python3.7/site-packages/airflow/example_dags/example_time_delta_sensor_async.py
[2021-12-10 08:38:15,146] {processor.py:637} INFO - DAG(s) dict_keys(['example_time_delta_sensor_async']) retrieved from /home/airflow/.local/lib/python3.7/site-packages/airflow/example_dags/example_time_delta_sensor_async.py
[2021-12-10 08:38:15,156] {logging_mixin.py:109} INFO - [2021-12-10 08:38:15,156] {dag.py:2396} INFO - Sync 1 DAGs
[2021-12-10 08:38:15,172] {logging_mixin.py:109} INFO - [2021-12-10 08:38:15,172] {dag.py:2928} INFO - Setting next_dagrun for example_time_delta_sensor_async to None
[2021-12-10 08:38:15,181] {processor.py:171} INFO - Processing /home/airflow/.local/lib/python3.7/site-packages/airflow/example_dags/example_time_delta_sensor_async.py took 0.073 seconds
[2021-12-10 08:38:46,091] {processor.py:163} INFO - Started process (PID=1998) to work on /home/airflow/.local/lib/python3.7/site-packages/airflow/example_dags/example_time_delta_sensor_async.py
[2021-12-10 08:38:46,093] {processor.py:625} INFO - Processing file /home/airflow/.local/lib/python3.7/site-packages/airflow/example_dags/example_time_delta_sensor_async.py for tasks to queue
[2021-12-10 08:38:46,094] {logging_mixin.py:109} INFO - [2021-12-10 08:38:46,094] {dagbag.py:500} INFO - Filling up the DagBag from /home/airflow/.local/lib/python3.7/site-packages/airflow/example_dags/example_time_delta_sensor_async.py
[2021-12-10 08:38:46,128] {processor.py:637} INFO - DAG(s) dict_keys(['example_time_delta_sensor_async']) retrieved from /home/airflow/.local/lib/python3.7/site-packages/airflow/example_dags/example_time_delta_sensor_async.py
[2021-12-10 08:38:46,143] {logging_mixin.py:109} INFO - [2021-12-10 08:38:46,142] {dag.py:2396} INFO - Sync 1 DAGs
[2021-12-10 08:38:46,159] {logging_mixin.py:109} INFO - [2021-12-10 08:38:46,159] {dag.py:2928} INFO - Setting next_dagrun for example_time_delta_sensor_async to None
[2021-12-10 08:38:46,168] {processor.py:171} INFO - Processing /home/airflow/.local/lib/python3.7/site-packages/airflow/example_dags/example_time_delta_sensor_async.py took 0.082 seconds
[2021-12-10 08:39:16,377] {processor.py:163} INFO - Started process (PID=2050) to work on /home/airflow/.local/lib/python3.7/site-packages/airflow/example_dags/example_time_delta_sensor_async.py
[2021-12-10 08:39:16,379] {processor.py:625} INFO - Processing file /home/airflow/.local/lib/python3.7/site-packages/airflow/example_dags/example_time_delta_sensor_async.py for tasks to queue
[2021-12-10 08:39:16,379] {logging_mixin.py:109} INFO - [2021-12-10 08:39:16,379] {dagbag.py:500} INFO - Filling up the DagBag from /home/airflow/.local/lib/python3.7/site-packages/airflow/example_dags/example_time_delta_sensor_async.py
[2021-12-10 08:39:16,406] {processor.py:637} INFO - DAG(s) dict_keys(['example_time_delta_sensor_async']) retrieved from /home/airflow/.local/lib/python3.7/site-packages/airflow/example_dags/example_time_delta_sensor_async.py
[2021-12-10 08:39:16,415] {logging_mixin.py:109} INFO - [2021-12-10 08:39:16,415] {dag.py:2396} INFO - Sync 1 DAGs
[2021-12-10 08:39:16,431] {logging_mixin.py:109} INFO - [2021-12-10 08:39:16,431] {dag.py:2928} INFO - Setting next_dagrun for example_time_delta_sensor_async to None
[2021-12-10 08:39:16,440] {processor.py:171} INFO - Processing /home/airflow/.local/lib/python3.7/site-packages/airflow/example_dags/example_time_delta_sensor_async.py took 0.067 seconds
[2021-12-10 08:39:46,518] {processor.py:163} INFO - Started process (PID=2113) to work on /home/airflow/.local/lib/python3.7/site-packages/airflow/example_dags/example_time_delta_sensor_async.py
[2021-12-10 08:39:46,520] {processor.py:625} INFO - Processing file /home/airflow/.local/lib/python3.7/site-packages/airflow/example_dags/example_time_delta_sensor_async.py for tasks to queue
[2021-12-10 08:39:46,521] {logging_mixin.py:109} INFO - [2021-12-10 08:39:46,521] {dagbag.py:500} INFO - Filling up the DagBag from /home/airflow/.local/lib/python3.7/site-packages/airflow/example_dags/example_time_delta_sensor_async.py
[2021-12-10 08:39:46,550] {processor.py:637} INFO - DAG(s) dict_keys(['example_time_delta_sensor_async']) retrieved from /home/airflow/.local/lib/python3.7/site-packages/airflow/example_dags/example_time_delta_sensor_async.py
[2021-12-10 08:39:46,561] {logging_mixin.py:109} INFO - [2021-12-10 08:39:46,561] {dag.py:2396} INFO - Sync 1 DAGs
[2021-12-10 08:39:46,579] {logging_mixin.py:109} INFO - [2021-12-10 08:39:46,579] {dag.py:2928} INFO - Setting next_dagrun for example_time_delta_sensor_async to None
[2021-12-10 08:39:46,589] {processor.py:171} INFO - Processing /home/airflow/.local/lib/python3.7/site-packages/airflow/example_dags/example_time_delta_sensor_async.py took 0.075 seconds
[2021-12-10 08:40:16,665] {processor.py:163} INFO - Started process (PID=2166) to work on /home/airflow/.local/lib/python3.7/site-packages/airflow/example_dags/example_time_delta_sensor_async.py
[2021-12-10 08:40:16,667] {processor.py:625} INFO - Processing file /home/airflow/.local/lib/python3.7/site-packages/airflow/example_dags/example_time_delta_sensor_async.py for tasks to queue
[2021-12-10 08:40:16,668] {logging_mixin.py:109} INFO - [2021-12-10 08:40:16,667] {dagbag.py:500} INFO - Filling up the DagBag from /home/airflow/.local/lib/python3.7/site-packages/airflow/example_dags/example_time_delta_sensor_async.py
[2021-12-10 08:40:16,700] {processor.py:637} INFO - DAG(s) dict_keys(['example_time_delta_sensor_async']) retrieved from /home/airflow/.local/lib/python3.7/site-packages/airflow/example_dags/example_time_delta_sensor_async.py
[2021-12-10 08:40:16,713] {logging_mixin.py:109} INFO - [2021-12-10 08:40:16,713] {dag.py:2396} INFO - Sync 1 DAGs
[2021-12-10 08:40:16,737] {logging_mixin.py:109} INFO - [2021-12-10 08:40:16,737] {dag.py:2928} INFO - Setting next_dagrun for example_time_delta_sensor_async to None
[2021-12-10 08:40:16,759] {processor.py:171} INFO - Processing /home/airflow/.local/lib/python3.7/site-packages/airflow/example_dags/example_time_delta_sensor_async.py took 0.098 seconds
[2021-12-10 08:40:46,913] {processor.py:163} INFO - Started process (PID=2218) to work on /home/airflow/.local/lib/python3.7/site-packages/airflow/example_dags/example_time_delta_sensor_async.py
[2021-12-10 08:40:46,914] {processor.py:625} INFO - Processing file /home/airflow/.local/lib/python3.7/site-packages/airflow/example_dags/example_time_delta_sensor_async.py for tasks to queue
[2021-12-10 08:40:46,915] {logging_mixin.py:109} INFO - [2021-12-10 08:40:46,915] {dagbag.py:500} INFO - Filling up the DagBag from /home/airflow/.local/lib/python3.7/site-packages/airflow/example_dags/example_time_delta_sensor_async.py
[2021-12-10 08:40:46,943] {processor.py:637} INFO - DAG(s) dict_keys(['example_time_delta_sensor_async']) retrieved from /home/airflow/.local/lib/python3.7/site-packages/airflow/example_dags/example_time_delta_sensor_async.py
[2021-12-10 08:40:46,955] {logging_mixin.py:109} INFO - [2021-12-10 08:40:46,955] {dag.py:2396} INFO - Sync 1 DAGs
[2021-12-10 08:40:46,974] {logging_mixin.py:109} INFO - [2021-12-10 08:40:46,973] {dag.py:2928} INFO - Setting next_dagrun for example_time_delta_sensor_async to None
[2021-12-10 08:40:46,983] {processor.py:171} INFO - Processing /home/airflow/.local/lib/python3.7/site-packages/airflow/example_dags/example_time_delta_sensor_async.py took 0.074 seconds
[2021-12-10 08:41:17,177] {processor.py:163} INFO - Started process (PID=2280) to work on /home/airflow/.local/lib/python3.7/site-packages/airflow/example_dags/example_time_delta_sensor_async.py
[2021-12-10 08:41:17,179] {processor.py:625} INFO - Processing file /home/airflow/.local/lib/python3.7/site-packages/airflow/example_dags/example_time_delta_sensor_async.py for tasks to queue
[2021-12-10 08:41:17,180] {logging_mixin.py:109} INFO - [2021-12-10 08:41:17,180] {dagbag.py:500} INFO - Filling up the DagBag from /home/airflow/.local/lib/python3.7/site-packages/airflow/example_dags/example_time_delta_sensor_async.py
[2021-12-10 08:41:17,212] {processor.py:637} INFO - DAG(s) dict_keys(['example_time_delta_sensor_async']) retrieved from /home/airflow/.local/lib/python3.7/site-packages/airflow/example_dags/example_time_delta_sensor_async.py
[2021-12-10 08:41:17,222] {logging_mixin.py:109} INFO - [2021-12-10 08:41:17,222] {dag.py:2396} INFO - Sync 1 DAGs
[2021-12-10 08:41:17,239] {logging_mixin.py:109} INFO - [2021-12-10 08:41:17,239] {dag.py:2928} INFO - Setting next_dagrun for example_time_delta_sensor_async to None
[2021-12-10 08:41:17,249] {processor.py:171} INFO - Processing /home/airflow/.local/lib/python3.7/site-packages/airflow/example_dags/example_time_delta_sensor_async.py took 0.076 seconds
[2021-12-10 08:41:47,547] {processor.py:163} INFO - Started process (PID=2333) to work on /home/airflow/.local/lib/python3.7/site-packages/airflow/example_dags/example_time_delta_sensor_async.py
[2021-12-10 08:41:47,549] {processor.py:625} INFO - Processing file /home/airflow/.local/lib/python3.7/site-packages/airflow/example_dags/example_time_delta_sensor_async.py for tasks to queue
[2021-12-10 08:41:47,549] {logging_mixin.py:109} INFO - [2021-12-10 08:41:47,549] {dagbag.py:500} INFO - Filling up the DagBag from /home/airflow/.local/lib/python3.7/site-packages/airflow/example_dags/example_time_delta_sensor_async.py
[2021-12-10 08:41:47,577] {processor.py:637} INFO - DAG(s) dict_keys(['example_time_delta_sensor_async']) retrieved from /home/airflow/.local/lib/python3.7/site-packages/airflow/example_dags/example_time_delta_sensor_async.py
[2021-12-10 08:41:47,587] {logging_mixin.py:109} INFO - [2021-12-10 08:41:47,587] {dag.py:2396} INFO - Sync 1 DAGs
[2021-12-10 08:41:47,603] {logging_mixin.py:109} INFO - [2021-12-10 08:41:47,602] {dag.py:2928} INFO - Setting next_dagrun for example_time_delta_sensor_async to None
[2021-12-10 08:41:47,612] {processor.py:171} INFO - Processing /home/airflow/.local/lib/python3.7/site-packages/airflow/example_dags/example_time_delta_sensor_async.py took 0.068 seconds
[2021-12-10 08:42:17,981] {processor.py:163} INFO - Started process (PID=2396) to work on /home/airflow/.local/lib/python3.7/site-packages/airflow/example_dags/example_time_delta_sensor_async.py
[2021-12-10 08:42:17,983] {processor.py:625} INFO - Processing file /home/airflow/.local/lib/python3.7/site-packages/airflow/example_dags/example_time_delta_sensor_async.py for tasks to queue
[2021-12-10 08:42:17,983] {logging_mixin.py:109} INFO - [2021-12-10 08:42:17,983] {dagbag.py:500} INFO - Filling up the DagBag from /home/airflow/.local/lib/python3.7/site-packages/airflow/example_dags/example_time_delta_sensor_async.py
[2021-12-10 08:42:18,010] {processor.py:637} INFO - DAG(s) dict_keys(['example_time_delta_sensor_async']) retrieved from /home/airflow/.local/lib/python3.7/site-packages/airflow/example_dags/example_time_delta_sensor_async.py
[2021-12-10 08:42:18,021] {logging_mixin.py:109} INFO - [2021-12-10 08:42:18,020] {dag.py:2396} INFO - Sync 1 DAGs
[2021-12-10 08:42:18,036] {logging_mixin.py:109} INFO - [2021-12-10 08:42:18,036] {dag.py:2928} INFO - Setting next_dagrun for example_time_delta_sensor_async to None
[2021-12-10 08:42:18,045] {processor.py:171} INFO - Processing /home/airflow/.local/lib/python3.7/site-packages/airflow/example_dags/example_time_delta_sensor_async.py took 0.067 seconds
[2021-12-10 08:42:48,146] {processor.py:163} INFO - Started process (PID=2448) to work on /home/airflow/.local/lib/python3.7/site-packages/airflow/example_dags/example_time_delta_sensor_async.py
[2021-12-10 08:42:48,147] {processor.py:625} INFO - Processing file /home/airflow/.local/lib/python3.7/site-packages/airflow/example_dags/example_time_delta_sensor_async.py for tasks to queue
[2021-12-10 08:42:48,148] {logging_mixin.py:109} INFO - [2021-12-10 08:42:48,148] {dagbag.py:500} INFO - Filling up the DagBag from /home/airflow/.local/lib/python3.7/site-packages/airflow/example_dags/example_time_delta_sensor_async.py
[2021-12-10 08:42:48,176] {processor.py:637} INFO - DAG(s) dict_keys(['example_time_delta_sensor_async']) retrieved from /home/airflow/.local/lib/python3.7/site-packages/airflow/example_dags/example_time_delta_sensor_async.py
[2021-12-10 08:42:48,186] {logging_mixin.py:109} INFO - [2021-12-10 08:42:48,185] {dag.py:2396} INFO - Sync 1 DAGs
[2021-12-10 08:42:48,201] {logging_mixin.py:109} INFO - [2021-12-10 08:42:48,201] {dag.py:2928} INFO - Setting next_dagrun for example_time_delta_sensor_async to None
[2021-12-10 08:42:48,211] {processor.py:171} INFO - Processing /home/airflow/.local/lib/python3.7/site-packages/airflow/example_dags/example_time_delta_sensor_async.py took 0.069 seconds
[2021-12-10 08:43:18,374] {processor.py:163} INFO - Started process (PID=2500) to work on /home/airflow/.local/lib/python3.7/site-packages/airflow/example_dags/example_time_delta_sensor_async.py
[2021-12-10 08:43:18,376] {processor.py:625} INFO - Processing file /home/airflow/.local/lib/python3.7/site-packages/airflow/example_dags/example_time_delta_sensor_async.py for tasks to queue
[2021-12-10 08:43:18,377] {logging_mixin.py:109} INFO - [2021-12-10 08:43:18,377] {dagbag.py:500} INFO - Filling up the DagBag from /home/airflow/.local/lib/python3.7/site-packages/airflow/example_dags/example_time_delta_sensor_async.py
[2021-12-10 08:43:18,403] {processor.py:637} INFO - DAG(s) dict_keys(['example_time_delta_sensor_async']) retrieved from /home/airflow/.local/lib/python3.7/site-packages/airflow/example_dags/example_time_delta_sensor_async.py
[2021-12-10 08:43:18,412] {logging_mixin.py:109} INFO - [2021-12-10 08:43:18,412] {dag.py:2396} INFO - Sync 1 DAGs
[2021-12-10 08:43:18,428] {logging_mixin.py:109} INFO - [2021-12-10 08:43:18,428] {dag.py:2928} INFO - Setting next_dagrun for example_time_delta_sensor_async to None
[2021-12-10 08:43:18,437] {processor.py:171} INFO - Processing /home/airflow/.local/lib/python3.7/site-packages/airflow/example_dags/example_time_delta_sensor_async.py took 0.067 seconds
[2021-12-10 08:43:48,477] {processor.py:163} INFO - Started process (PID=2560) to work on /home/airflow/.local/lib/python3.7/site-packages/airflow/example_dags/example_time_delta_sensor_async.py
[2021-12-10 08:43:48,478] {processor.py:625} INFO - Processing file /home/airflow/.local/lib/python3.7/site-packages/airflow/example_dags/example_time_delta_sensor_async.py for tasks to queue
[2021-12-10 08:43:48,479] {logging_mixin.py:109} INFO - [2021-12-10 08:43:48,479] {dagbag.py:500} INFO - Filling up the DagBag from /home/airflow/.local/lib/python3.7/site-packages/airflow/example_dags/example_time_delta_sensor_async.py
[2021-12-10 08:43:48,506] {processor.py:637} INFO - DAG(s) dict_keys(['example_time_delta_sensor_async']) retrieved from /home/airflow/.local/lib/python3.7/site-packages/airflow/example_dags/example_time_delta_sensor_async.py
[2021-12-10 08:43:48,517] {logging_mixin.py:109} INFO - [2021-12-10 08:43:48,517] {dag.py:2396} INFO - Sync 1 DAGs
[2021-12-10 08:43:48,533] {logging_mixin.py:109} INFO - [2021-12-10 08:43:48,533] {dag.py:2928} INFO - Setting next_dagrun for example_time_delta_sensor_async to None
[2021-12-10 08:43:48,544] {processor.py:171} INFO - Processing /home/airflow/.local/lib/python3.7/site-packages/airflow/example_dags/example_time_delta_sensor_async.py took 0.071 seconds
[2021-12-10 08:44:18,847] {processor.py:163} INFO - Started process (PID=2613) to work on /home/airflow/.local/lib/python3.7/site-packages/airflow/example_dags/example_time_delta_sensor_async.py
[2021-12-10 08:44:18,849] {processor.py:625} INFO - Processing file /home/airflow/.local/lib/python3.7/site-packages/airflow/example_dags/example_time_delta_sensor_async.py for tasks to queue
[2021-12-10 08:44:18,849] {logging_mixin.py:109} INFO - [2021-12-10 08:44:18,849] {dagbag.py:500} INFO - Filling up the DagBag from /home/airflow/.local/lib/python3.7/site-packages/airflow/example_dags/example_time_delta_sensor_async.py
[2021-12-10 08:44:18,880] {processor.py:637} INFO - DAG(s) dict_keys(['example_time_delta_sensor_async']) retrieved from /home/airflow/.local/lib/python3.7/site-packages/airflow/example_dags/example_time_delta_sensor_async.py
[2021-12-10 08:44:18,889] {logging_mixin.py:109} INFO - [2021-12-10 08:44:18,889] {dag.py:2396} INFO - Sync 1 DAGs
[2021-12-10 08:44:18,907] {logging_mixin.py:109} INFO - [2021-12-10 08:44:18,907] {dag.py:2928} INFO - Setting next_dagrun for example_time_delta_sensor_async to None
[2021-12-10 08:44:18,917] {processor.py:171} INFO - Processing /home/airflow/.local/lib/python3.7/site-packages/airflow/example_dags/example_time_delta_sensor_async.py took 0.073 seconds
[2021-12-10 08:44:49,620] {processor.py:163} INFO - Started process (PID=2676) to work on /home/airflow/.local/lib/python3.7/site-packages/airflow/example_dags/example_time_delta_sensor_async.py
[2021-12-10 08:44:49,623] {processor.py:625} INFO - Processing file /home/airflow/.local/lib/python3.7/site-packages/airflow/example_dags/example_time_delta_sensor_async.py for tasks to queue
[2021-12-10 08:44:49,623] {logging_mixin.py:109} INFO - [2021-12-10 08:44:49,623] {dagbag.py:500} INFO - Filling up the DagBag from /home/airflow/.local/lib/python3.7/site-packages/airflow/example_dags/example_time_delta_sensor_async.py
[2021-12-10 08:44:49,660] {processor.py:637} INFO - DAG(s) dict_keys(['example_time_delta_sensor_async']) retrieved from /home/airflow/.local/lib/python3.7/site-packages/airflow/example_dags/example_time_delta_sensor_async.py
[2021-12-10 08:44:49,674] {logging_mixin.py:109} INFO - [2021-12-10 08:44:49,674] {dag.py:2396} INFO - Sync 1 DAGs
[2021-12-10 08:44:49,694] {logging_mixin.py:109} INFO - [2021-12-10 08:44:49,694] {dag.py:2928} INFO - Setting next_dagrun for example_time_delta_sensor_async to None
[2021-12-10 08:44:49,705] {processor.py:171} INFO - Processing /home/airflow/.local/lib/python3.7/site-packages/airflow/example_dags/example_time_delta_sensor_async.py took 0.089 seconds
[2021-12-10 08:45:19,973] {processor.py:163} INFO - Started process (PID=2725) to work on /home/airflow/.local/lib/python3.7/site-packages/airflow/example_dags/example_time_delta_sensor_async.py
[2021-12-10 08:45:19,975] {processor.py:625} INFO - Processing file /home/airflow/.local/lib/python3.7/site-packages/airflow/example_dags/example_time_delta_sensor_async.py for tasks to queue
[2021-12-10 08:45:19,976] {logging_mixin.py:109} INFO - [2021-12-10 08:45:19,976] {dagbag.py:500} INFO - Filling up the DagBag from /home/airflow/.local/lib/python3.7/site-packages/airflow/example_dags/example_time_delta_sensor_async.py
[2021-12-10 08:45:20,003] {processor.py:637} INFO - DAG(s) dict_keys(['example_time_delta_sensor_async']) retrieved from /home/airflow/.local/lib/python3.7/site-packages/airflow/example_dags/example_time_delta_sensor_async.py
[2021-12-10 08:45:20,014] {logging_mixin.py:109} INFO - [2021-12-10 08:45:20,014] {dag.py:2396} INFO - Sync 1 DAGs
[2021-12-10 08:45:20,031] {logging_mixin.py:109} INFO - [2021-12-10 08:45:20,031] {dag.py:2928} INFO - Setting next_dagrun for example_time_delta_sensor_async to None
[2021-12-10 08:45:20,043] {processor.py:171} INFO - Processing /home/airflow/.local/lib/python3.7/site-packages/airflow/example_dags/example_time_delta_sensor_async.py took 0.074 seconds
[2021-12-10 08:45:50,337] {processor.py:163} INFO - Started process (PID=2786) to work on /home/airflow/.local/lib/python3.7/site-packages/airflow/example_dags/example_time_delta_sensor_async.py
[2021-12-10 08:45:50,338] {processor.py:625} INFO - Processing file /home/airflow/.local/lib/python3.7/site-packages/airflow/example_dags/example_time_delta_sensor_async.py for tasks to queue
[2021-12-10 08:45:50,339] {logging_mixin.py:109} INFO - [2021-12-10 08:45:50,339] {dagbag.py:500} INFO - Filling up the DagBag from /home/airflow/.local/lib/python3.7/site-packages/airflow/example_dags/example_time_delta_sensor_async.py
[2021-12-10 08:45:50,368] {processor.py:637} INFO - DAG(s) dict_keys(['example_time_delta_sensor_async']) retrieved from /home/airflow/.local/lib/python3.7/site-packages/airflow/example_dags/example_time_delta_sensor_async.py
[2021-12-10 08:45:50,379] {logging_mixin.py:109} INFO - [2021-12-10 08:45:50,378] {dag.py:2396} INFO - Sync 1 DAGs
[2021-12-10 08:45:50,398] {logging_mixin.py:109} INFO - [2021-12-10 08:45:50,397] {dag.py:2928} INFO - Setting next_dagrun for example_time_delta_sensor_async to None
[2021-12-10 08:45:50,408] {processor.py:171} INFO - Processing /home/airflow/.local/lib/python3.7/site-packages/airflow/example_dags/example_time_delta_sensor_async.py took 0.075 seconds
[2021-12-10 08:46:21,040] {processor.py:163} INFO - Started process (PID=2837) to work on /home/airflow/.local/lib/python3.7/site-packages/airflow/example_dags/example_time_delta_sensor_async.py
[2021-12-10 08:46:21,041] {processor.py:625} INFO - Processing file /home/airflow/.local/lib/python3.7/site-packages/airflow/example_dags/example_time_delta_sensor_async.py for tasks to queue
[2021-12-10 08:46:21,042] {logging_mixin.py:109} INFO - [2021-12-10 08:46:21,042] {dagbag.py:500} INFO - Filling up the DagBag from /home/airflow/.local/lib/python3.7/site-packages/airflow/example_dags/example_time_delta_sensor_async.py
[2021-12-10 08:46:21,068] {processor.py:637} INFO - DAG(s) dict_keys(['example_time_delta_sensor_async']) retrieved from /home/airflow/.local/lib/python3.7/site-packages/airflow/example_dags/example_time_delta_sensor_async.py
[2021-12-10 08:46:21,078] {logging_mixin.py:109} INFO - [2021-12-10 08:46:21,078] {dag.py:2396} INFO - Sync 1 DAGs
[2021-12-10 08:46:21,094] {logging_mixin.py:109} INFO - [2021-12-10 08:46:21,094] {dag.py:2928} INFO - Setting next_dagrun for example_time_delta_sensor_async to None
[2021-12-10 08:46:21,104] {processor.py:171} INFO - Processing /home/airflow/.local/lib/python3.7/site-packages/airflow/example_dags/example_time_delta_sensor_async.py took 0.068 seconds
[2021-12-10 08:46:51,156] {processor.py:163} INFO - Started process (PID=2888) to work on /home/airflow/.local/lib/python3.7/site-packages/airflow/example_dags/example_time_delta_sensor_async.py
[2021-12-10 08:46:51,158] {processor.py:625} INFO - Processing file /home/airflow/.local/lib/python3.7/site-packages/airflow/example_dags/example_time_delta_sensor_async.py for tasks to queue
[2021-12-10 08:46:51,158] {logging_mixin.py:109} INFO - [2021-12-10 08:46:51,158] {dagbag.py:500} INFO - Filling up the DagBag from /home/airflow/.local/lib/python3.7/site-packages/airflow/example_dags/example_time_delta_sensor_async.py
[2021-12-10 08:46:51,185] {processor.py:637} INFO - DAG(s) dict_keys(['example_time_delta_sensor_async']) retrieved from /home/airflow/.local/lib/python3.7/site-packages/airflow/example_dags/example_time_delta_sensor_async.py
[2021-12-10 08:46:51,195] {logging_mixin.py:109} INFO - [2021-12-10 08:46:51,195] {dag.py:2396} INFO - Sync 1 DAGs
[2021-12-10 08:46:51,212] {logging_mixin.py:109} INFO - [2021-12-10 08:46:51,212] {dag.py:2928} INFO - Setting next_dagrun for example_time_delta_sensor_async to None
[2021-12-10 08:46:51,334] {processor.py:171} INFO - Processing /home/airflow/.local/lib/python3.7/site-packages/airflow/example_dags/example_time_delta_sensor_async.py took 0.181 seconds
[2021-12-10 08:47:22,198] {processor.py:163} INFO - Started process (PID=2950) to work on /home/airflow/.local/lib/python3.7/site-packages/airflow/example_dags/example_time_delta_sensor_async.py
[2021-12-10 08:47:22,200] {processor.py:625} INFO - Processing file /home/airflow/.local/lib/python3.7/site-packages/airflow/example_dags/example_time_delta_sensor_async.py for tasks to queue
[2021-12-10 08:47:22,201] {logging_mixin.py:109} INFO - [2021-12-10 08:47:22,201] {dagbag.py:500} INFO - Filling up the DagBag from /home/airflow/.local/lib/python3.7/site-packages/airflow/example_dags/example_time_delta_sensor_async.py
[2021-12-10 08:47:22,228] {processor.py:637} INFO - DAG(s) dict_keys(['example_time_delta_sensor_async']) retrieved from /home/airflow/.local/lib/python3.7/site-packages/airflow/example_dags/example_time_delta_sensor_async.py
[2021-12-10 08:47:22,238] {logging_mixin.py:109} INFO - [2021-12-10 08:47:22,238] {dag.py:2396} INFO - Sync 1 DAGs
[2021-12-10 08:47:22,360] {logging_mixin.py:109} INFO - [2021-12-10 08:47:22,360] {dag.py:2928} INFO - Setting next_dagrun for example_time_delta_sensor_async to None
[2021-12-10 08:47:22,371] {processor.py:171} INFO - Processing /home/airflow/.local/lib/python3.7/site-packages/airflow/example_dags/example_time_delta_sensor_async.py took 0.176 seconds
