[2021-12-10 08:23:51,323] {processor.py:163} INFO - Started process (PID=291) to work on /home/airflow/.local/lib/python3.7/site-packages/airflow/example_dags/example_complex.py
[2021-12-10 08:23:51,324] {processor.py:625} INFO - Processing file /home/airflow/.local/lib/python3.7/site-packages/airflow/example_dags/example_complex.py for tasks to queue
[2021-12-10 08:23:51,325] {logging_mixin.py:109} INFO - [2021-12-10 08:23:51,325] {dagbag.py:500} INFO - Filling up the DagBag from /home/airflow/.local/lib/python3.7/site-packages/airflow/example_dags/example_complex.py
[2021-12-10 08:23:51,360] {processor.py:637} INFO - DAG(s) dict_keys(['example_complex']) retrieved from /home/airflow/.local/lib/python3.7/site-packages/airflow/example_dags/example_complex.py
[2021-12-10 08:23:52,659] {logging_mixin.py:109} INFO - [2021-12-10 08:23:52,659] {providers_manager.py:156} WARNING - Exception when importing 'airflow.providers.google.leveldb.hooks.leveldb.LevelDBHook' from 'apache-airflow-providers-google' package: No module named 'plyvel'
[2021-12-10 08:23:53,126] {logging_mixin.py:109} INFO - [2021-12-10 08:23:53,126] {providers_manager.py:156} WARNING - Exception when importing 'airflow.providers.google.leveldb.hooks.leveldb.LevelDBHook' from 'apache-airflow-providers-google' package: No module named 'plyvel'
[2021-12-10 08:23:53,152] {logging_mixin.py:109} INFO - [2021-12-10 08:23:53,151] {manager.py:496} INFO - Created Permission View: can read on DAG:example_complex
[2021-12-10 08:23:53,162] {logging_mixin.py:109} INFO - [2021-12-10 08:23:53,162] {manager.py:496} INFO - Created Permission View: can edit on DAG:example_complex
[2021-12-10 08:23:53,162] {logging_mixin.py:109} INFO - [2021-12-10 08:23:53,162] {dag.py:2396} INFO - Sync 1 DAGs
[2021-12-10 08:23:53,170] {logging_mixin.py:109} INFO - [2021-12-10 08:23:53,169] {dag.py:2415} INFO - Creating ORM DAG for example_complex
[2021-12-10 08:23:53,178] {logging_mixin.py:109} INFO - [2021-12-10 08:23:53,178] {dag.py:2928} INFO - Setting next_dagrun for example_complex to None
[2021-12-10 08:23:53,193] {processor.py:171} INFO - Processing /home/airflow/.local/lib/python3.7/site-packages/airflow/example_dags/example_complex.py took 1.873 seconds
[2021-12-10 08:24:23,648] {processor.py:163} INFO - Started process (PID=401) to work on /home/airflow/.local/lib/python3.7/site-packages/airflow/example_dags/example_complex.py
[2021-12-10 08:24:23,649] {processor.py:625} INFO - Processing file /home/airflow/.local/lib/python3.7/site-packages/airflow/example_dags/example_complex.py for tasks to queue
[2021-12-10 08:24:23,649] {logging_mixin.py:109} INFO - [2021-12-10 08:24:23,649] {dagbag.py:500} INFO - Filling up the DagBag from /home/airflow/.local/lib/python3.7/site-packages/airflow/example_dags/example_complex.py
[2021-12-10 08:24:23,688] {processor.py:637} INFO - DAG(s) dict_keys(['example_complex']) retrieved from /home/airflow/.local/lib/python3.7/site-packages/airflow/example_dags/example_complex.py
[2021-12-10 08:24:23,704] {logging_mixin.py:109} INFO - [2021-12-10 08:24:23,704] {dag.py:2396} INFO - Sync 1 DAGs
[2021-12-10 08:24:23,722] {logging_mixin.py:109} INFO - [2021-12-10 08:24:23,721] {dag.py:2928} INFO - Setting next_dagrun for example_complex to None
[2021-12-10 08:24:23,731] {processor.py:171} INFO - Processing /home/airflow/.local/lib/python3.7/site-packages/airflow/example_dags/example_complex.py took 0.087 seconds
[2021-12-10 08:24:54,058] {processor.py:163} INFO - Started process (PID=453) to work on /home/airflow/.local/lib/python3.7/site-packages/airflow/example_dags/example_complex.py
[2021-12-10 08:24:54,060] {processor.py:625} INFO - Processing file /home/airflow/.local/lib/python3.7/site-packages/airflow/example_dags/example_complex.py for tasks to queue
[2021-12-10 08:24:54,060] {logging_mixin.py:109} INFO - [2021-12-10 08:24:54,060] {dagbag.py:500} INFO - Filling up the DagBag from /home/airflow/.local/lib/python3.7/site-packages/airflow/example_dags/example_complex.py
[2021-12-10 08:24:54,099] {processor.py:637} INFO - DAG(s) dict_keys(['example_complex']) retrieved from /home/airflow/.local/lib/python3.7/site-packages/airflow/example_dags/example_complex.py
[2021-12-10 08:24:54,116] {logging_mixin.py:109} INFO - [2021-12-10 08:24:54,116] {dag.py:2396} INFO - Sync 1 DAGs
[2021-12-10 08:24:54,132] {logging_mixin.py:109} INFO - [2021-12-10 08:24:54,132] {dag.py:2928} INFO - Setting next_dagrun for example_complex to None
[2021-12-10 08:24:54,141] {processor.py:171} INFO - Processing /home/airflow/.local/lib/python3.7/site-packages/airflow/example_dags/example_complex.py took 0.087 seconds
[2021-12-10 08:25:24,405] {processor.py:163} INFO - Started process (PID=506) to work on /home/airflow/.local/lib/python3.7/site-packages/airflow/example_dags/example_complex.py
[2021-12-10 08:25:24,407] {processor.py:625} INFO - Processing file /home/airflow/.local/lib/python3.7/site-packages/airflow/example_dags/example_complex.py for tasks to queue
[2021-12-10 08:25:24,408] {logging_mixin.py:109} INFO - [2021-12-10 08:25:24,408] {dagbag.py:500} INFO - Filling up the DagBag from /home/airflow/.local/lib/python3.7/site-packages/airflow/example_dags/example_complex.py
[2021-12-10 08:25:24,448] {processor.py:637} INFO - DAG(s) dict_keys(['example_complex']) retrieved from /home/airflow/.local/lib/python3.7/site-packages/airflow/example_dags/example_complex.py
[2021-12-10 08:25:24,466] {logging_mixin.py:109} INFO - [2021-12-10 08:25:24,466] {dag.py:2396} INFO - Sync 1 DAGs
[2021-12-10 08:25:24,484] {logging_mixin.py:109} INFO - [2021-12-10 08:25:24,484] {dag.py:2928} INFO - Setting next_dagrun for example_complex to None
[2021-12-10 08:25:24,496] {processor.py:171} INFO - Processing /home/airflow/.local/lib/python3.7/site-packages/airflow/example_dags/example_complex.py took 0.094 seconds
[2021-12-10 08:25:54,817] {processor.py:163} INFO - Started process (PID=568) to work on /home/airflow/.local/lib/python3.7/site-packages/airflow/example_dags/example_complex.py
[2021-12-10 08:25:54,819] {processor.py:625} INFO - Processing file /home/airflow/.local/lib/python3.7/site-packages/airflow/example_dags/example_complex.py for tasks to queue
[2021-12-10 08:25:54,820] {logging_mixin.py:109} INFO - [2021-12-10 08:25:54,820] {dagbag.py:500} INFO - Filling up the DagBag from /home/airflow/.local/lib/python3.7/site-packages/airflow/example_dags/example_complex.py
[2021-12-10 08:25:54,858] {processor.py:637} INFO - DAG(s) dict_keys(['example_complex']) retrieved from /home/airflow/.local/lib/python3.7/site-packages/airflow/example_dags/example_complex.py
[2021-12-10 08:25:54,875] {logging_mixin.py:109} INFO - [2021-12-10 08:25:54,875] {dag.py:2396} INFO - Sync 1 DAGs
[2021-12-10 08:25:54,892] {logging_mixin.py:109} INFO - [2021-12-10 08:25:54,892] {dag.py:2928} INFO - Setting next_dagrun for example_complex to None
[2021-12-10 08:25:54,903] {processor.py:171} INFO - Processing /home/airflow/.local/lib/python3.7/site-packages/airflow/example_dags/example_complex.py took 0.089 seconds
[2021-12-10 08:26:25,311] {processor.py:163} INFO - Started process (PID=620) to work on /home/airflow/.local/lib/python3.7/site-packages/airflow/example_dags/example_complex.py
[2021-12-10 08:26:25,313] {processor.py:625} INFO - Processing file /home/airflow/.local/lib/python3.7/site-packages/airflow/example_dags/example_complex.py for tasks to queue
[2021-12-10 08:26:25,314] {logging_mixin.py:109} INFO - [2021-12-10 08:26:25,314] {dagbag.py:500} INFO - Filling up the DagBag from /home/airflow/.local/lib/python3.7/site-packages/airflow/example_dags/example_complex.py
[2021-12-10 08:26:25,359] {processor.py:637} INFO - DAG(s) dict_keys(['example_complex']) retrieved from /home/airflow/.local/lib/python3.7/site-packages/airflow/example_dags/example_complex.py
[2021-12-10 08:26:25,376] {logging_mixin.py:109} INFO - [2021-12-10 08:26:25,376] {dag.py:2396} INFO - Sync 1 DAGs
[2021-12-10 08:26:25,393] {logging_mixin.py:109} INFO - [2021-12-10 08:26:25,392] {dag.py:2928} INFO - Setting next_dagrun for example_complex to None
[2021-12-10 08:26:25,403] {processor.py:171} INFO - Processing /home/airflow/.local/lib/python3.7/site-packages/airflow/example_dags/example_complex.py took 0.095 seconds
[2021-12-10 08:26:55,532] {processor.py:163} INFO - Started process (PID=684) to work on /home/airflow/.local/lib/python3.7/site-packages/airflow/example_dags/example_complex.py
[2021-12-10 08:26:55,534] {processor.py:625} INFO - Processing file /home/airflow/.local/lib/python3.7/site-packages/airflow/example_dags/example_complex.py for tasks to queue
[2021-12-10 08:26:55,534] {logging_mixin.py:109} INFO - [2021-12-10 08:26:55,534] {dagbag.py:500} INFO - Filling up the DagBag from /home/airflow/.local/lib/python3.7/site-packages/airflow/example_dags/example_complex.py
[2021-12-10 08:26:55,570] {processor.py:637} INFO - DAG(s) dict_keys(['example_complex']) retrieved from /home/airflow/.local/lib/python3.7/site-packages/airflow/example_dags/example_complex.py
[2021-12-10 08:26:55,588] {logging_mixin.py:109} INFO - [2021-12-10 08:26:55,588] {dag.py:2396} INFO - Sync 1 DAGs
[2021-12-10 08:26:55,605] {logging_mixin.py:109} INFO - [2021-12-10 08:26:55,605] {dag.py:2928} INFO - Setting next_dagrun for example_complex to None
[2021-12-10 08:26:55,616] {processor.py:171} INFO - Processing /home/airflow/.local/lib/python3.7/site-packages/airflow/example_dags/example_complex.py took 0.087 seconds
[2021-12-10 08:27:26,451] {processor.py:163} INFO - Started process (PID=736) to work on /home/airflow/.local/lib/python3.7/site-packages/airflow/example_dags/example_complex.py
[2021-12-10 08:27:26,452] {processor.py:625} INFO - Processing file /home/airflow/.local/lib/python3.7/site-packages/airflow/example_dags/example_complex.py for tasks to queue
[2021-12-10 08:27:26,453] {logging_mixin.py:109} INFO - [2021-12-10 08:27:26,453] {dagbag.py:500} INFO - Filling up the DagBag from /home/airflow/.local/lib/python3.7/site-packages/airflow/example_dags/example_complex.py
[2021-12-10 08:27:26,490] {processor.py:637} INFO - DAG(s) dict_keys(['example_complex']) retrieved from /home/airflow/.local/lib/python3.7/site-packages/airflow/example_dags/example_complex.py
[2021-12-10 08:27:26,508] {logging_mixin.py:109} INFO - [2021-12-10 08:27:26,508] {dag.py:2396} INFO - Sync 1 DAGs
[2021-12-10 08:27:26,528] {logging_mixin.py:109} INFO - [2021-12-10 08:27:26,528] {dag.py:2928} INFO - Setting next_dagrun for example_complex to None
[2021-12-10 08:27:26,537] {processor.py:171} INFO - Processing /home/airflow/.local/lib/python3.7/site-packages/airflow/example_dags/example_complex.py took 0.090 seconds
[2021-12-10 08:27:56,639] {processor.py:163} INFO - Started process (PID=788) to work on /home/airflow/.local/lib/python3.7/site-packages/airflow/example_dags/example_complex.py
[2021-12-10 08:27:56,641] {processor.py:625} INFO - Processing file /home/airflow/.local/lib/python3.7/site-packages/airflow/example_dags/example_complex.py for tasks to queue
[2021-12-10 08:27:56,642] {logging_mixin.py:109} INFO - [2021-12-10 08:27:56,641] {dagbag.py:500} INFO - Filling up the DagBag from /home/airflow/.local/lib/python3.7/site-packages/airflow/example_dags/example_complex.py
[2021-12-10 08:27:56,678] {processor.py:637} INFO - DAG(s) dict_keys(['example_complex']) retrieved from /home/airflow/.local/lib/python3.7/site-packages/airflow/example_dags/example_complex.py
[2021-12-10 08:27:56,695] {logging_mixin.py:109} INFO - [2021-12-10 08:27:56,695] {dag.py:2396} INFO - Sync 1 DAGs
[2021-12-10 08:27:56,711] {logging_mixin.py:109} INFO - [2021-12-10 08:27:56,711] {dag.py:2928} INFO - Setting next_dagrun for example_complex to None
[2021-12-10 08:27:56,721] {processor.py:171} INFO - Processing /home/airflow/.local/lib/python3.7/site-packages/airflow/example_dags/example_complex.py took 0.085 seconds
[2021-12-10 08:28:26,772] {processor.py:163} INFO - Started process (PID=849) to work on /home/airflow/.local/lib/python3.7/site-packages/airflow/example_dags/example_complex.py
[2021-12-10 08:28:26,774] {processor.py:625} INFO - Processing file /home/airflow/.local/lib/python3.7/site-packages/airflow/example_dags/example_complex.py for tasks to queue
[2021-12-10 08:28:26,775] {logging_mixin.py:109} INFO - [2021-12-10 08:28:26,774] {dagbag.py:500} INFO - Filling up the DagBag from /home/airflow/.local/lib/python3.7/site-packages/airflow/example_dags/example_complex.py
[2021-12-10 08:28:26,821] {processor.py:637} INFO - DAG(s) dict_keys(['example_complex']) retrieved from /home/airflow/.local/lib/python3.7/site-packages/airflow/example_dags/example_complex.py
[2021-12-10 08:28:26,838] {logging_mixin.py:109} INFO - [2021-12-10 08:28:26,838] {dag.py:2396} INFO - Sync 1 DAGs
[2021-12-10 08:28:26,855] {logging_mixin.py:109} INFO - [2021-12-10 08:28:26,855] {dag.py:2928} INFO - Setting next_dagrun for example_complex to None
[2021-12-10 08:28:26,864] {processor.py:171} INFO - Processing /home/airflow/.local/lib/python3.7/site-packages/airflow/example_dags/example_complex.py took 0.097 seconds
[2021-12-10 08:28:57,020] {processor.py:163} INFO - Started process (PID=900) to work on /home/airflow/.local/lib/python3.7/site-packages/airflow/example_dags/example_complex.py
[2021-12-10 08:28:57,021] {processor.py:625} INFO - Processing file /home/airflow/.local/lib/python3.7/site-packages/airflow/example_dags/example_complex.py for tasks to queue
[2021-12-10 08:28:57,021] {logging_mixin.py:109} INFO - [2021-12-10 08:28:57,021] {dagbag.py:500} INFO - Filling up the DagBag from /home/airflow/.local/lib/python3.7/site-packages/airflow/example_dags/example_complex.py
[2021-12-10 08:28:57,057] {processor.py:637} INFO - DAG(s) dict_keys(['example_complex']) retrieved from /home/airflow/.local/lib/python3.7/site-packages/airflow/example_dags/example_complex.py
[2021-12-10 08:28:57,073] {logging_mixin.py:109} INFO - [2021-12-10 08:28:57,073] {dag.py:2396} INFO - Sync 1 DAGs
[2021-12-10 08:28:57,089] {logging_mixin.py:109} INFO - [2021-12-10 08:28:57,089] {dag.py:2928} INFO - Setting next_dagrun for example_complex to None
[2021-12-10 08:28:57,098] {processor.py:171} INFO - Processing /home/airflow/.local/lib/python3.7/site-packages/airflow/example_dags/example_complex.py took 0.082 seconds
[2021-12-10 08:29:27,195] {processor.py:163} INFO - Started process (PID=961) to work on /home/airflow/.local/lib/python3.7/site-packages/airflow/example_dags/example_complex.py
[2021-12-10 08:29:27,197] {processor.py:625} INFO - Processing file /home/airflow/.local/lib/python3.7/site-packages/airflow/example_dags/example_complex.py for tasks to queue
[2021-12-10 08:29:27,198] {logging_mixin.py:109} INFO - [2021-12-10 08:29:27,198] {dagbag.py:500} INFO - Filling up the DagBag from /home/airflow/.local/lib/python3.7/site-packages/airflow/example_dags/example_complex.py
[2021-12-10 08:29:27,237] {processor.py:637} INFO - DAG(s) dict_keys(['example_complex']) retrieved from /home/airflow/.local/lib/python3.7/site-packages/airflow/example_dags/example_complex.py
[2021-12-10 08:29:27,255] {logging_mixin.py:109} INFO - [2021-12-10 08:29:27,255] {dag.py:2396} INFO - Sync 1 DAGs
[2021-12-10 08:29:27,273] {logging_mixin.py:109} INFO - [2021-12-10 08:29:27,273] {dag.py:2928} INFO - Setting next_dagrun for example_complex to None
[2021-12-10 08:29:27,282] {processor.py:171} INFO - Processing /home/airflow/.local/lib/python3.7/site-packages/airflow/example_dags/example_complex.py took 0.091 seconds
[2021-12-10 08:29:57,657] {processor.py:163} INFO - Started process (PID=1014) to work on /home/airflow/.local/lib/python3.7/site-packages/airflow/example_dags/example_complex.py
[2021-12-10 08:29:57,659] {processor.py:625} INFO - Processing file /home/airflow/.local/lib/python3.7/site-packages/airflow/example_dags/example_complex.py for tasks to queue
[2021-12-10 08:29:57,659] {logging_mixin.py:109} INFO - [2021-12-10 08:29:57,659] {dagbag.py:500} INFO - Filling up the DagBag from /home/airflow/.local/lib/python3.7/site-packages/airflow/example_dags/example_complex.py
[2021-12-10 08:29:57,696] {processor.py:637} INFO - DAG(s) dict_keys(['example_complex']) retrieved from /home/airflow/.local/lib/python3.7/site-packages/airflow/example_dags/example_complex.py
[2021-12-10 08:29:57,713] {logging_mixin.py:109} INFO - [2021-12-10 08:29:57,713] {dag.py:2396} INFO - Sync 1 DAGs
[2021-12-10 08:29:57,729] {logging_mixin.py:109} INFO - [2021-12-10 08:29:57,729] {dag.py:2928} INFO - Setting next_dagrun for example_complex to None
[2021-12-10 08:29:57,738] {processor.py:171} INFO - Processing /home/airflow/.local/lib/python3.7/site-packages/airflow/example_dags/example_complex.py took 0.084 seconds
[2021-12-10 08:30:27,886] {processor.py:163} INFO - Started process (PID=1066) to work on /home/airflow/.local/lib/python3.7/site-packages/airflow/example_dags/example_complex.py
[2021-12-10 08:30:27,888] {processor.py:625} INFO - Processing file /home/airflow/.local/lib/python3.7/site-packages/airflow/example_dags/example_complex.py for tasks to queue
[2021-12-10 08:30:27,888] {logging_mixin.py:109} INFO - [2021-12-10 08:30:27,888] {dagbag.py:500} INFO - Filling up the DagBag from /home/airflow/.local/lib/python3.7/site-packages/airflow/example_dags/example_complex.py
[2021-12-10 08:30:27,926] {processor.py:637} INFO - DAG(s) dict_keys(['example_complex']) retrieved from /home/airflow/.local/lib/python3.7/site-packages/airflow/example_dags/example_complex.py
[2021-12-10 08:30:27,945] {logging_mixin.py:109} INFO - [2021-12-10 08:30:27,945] {dag.py:2396} INFO - Sync 1 DAGs
[2021-12-10 08:30:27,961] {logging_mixin.py:109} INFO - [2021-12-10 08:30:27,961] {dag.py:2928} INFO - Setting next_dagrun for example_complex to None
[2021-12-10 08:30:27,970] {processor.py:171} INFO - Processing /home/airflow/.local/lib/python3.7/site-packages/airflow/example_dags/example_complex.py took 0.088 seconds
[2021-12-10 08:30:58,050] {processor.py:163} INFO - Started process (PID=1128) to work on /home/airflow/.local/lib/python3.7/site-packages/airflow/example_dags/example_complex.py
[2021-12-10 08:30:58,051] {processor.py:625} INFO - Processing file /home/airflow/.local/lib/python3.7/site-packages/airflow/example_dags/example_complex.py for tasks to queue
[2021-12-10 08:30:58,052] {logging_mixin.py:109} INFO - [2021-12-10 08:30:58,052] {dagbag.py:500} INFO - Filling up the DagBag from /home/airflow/.local/lib/python3.7/site-packages/airflow/example_dags/example_complex.py
[2021-12-10 08:30:58,092] {processor.py:637} INFO - DAG(s) dict_keys(['example_complex']) retrieved from /home/airflow/.local/lib/python3.7/site-packages/airflow/example_dags/example_complex.py
[2021-12-10 08:30:58,110] {logging_mixin.py:109} INFO - [2021-12-10 08:30:58,109] {dag.py:2396} INFO - Sync 1 DAGs
[2021-12-10 08:30:58,127] {logging_mixin.py:109} INFO - [2021-12-10 08:30:58,127] {dag.py:2928} INFO - Setting next_dagrun for example_complex to None
[2021-12-10 08:30:58,137] {processor.py:171} INFO - Processing /home/airflow/.local/lib/python3.7/site-packages/airflow/example_dags/example_complex.py took 0.091 seconds
[2021-12-10 08:31:28,863] {processor.py:163} INFO - Started process (PID=1180) to work on /home/airflow/.local/lib/python3.7/site-packages/airflow/example_dags/example_complex.py
[2021-12-10 08:31:28,865] {processor.py:625} INFO - Processing file /home/airflow/.local/lib/python3.7/site-packages/airflow/example_dags/example_complex.py for tasks to queue
[2021-12-10 08:31:28,865] {logging_mixin.py:109} INFO - [2021-12-10 08:31:28,865] {dagbag.py:500} INFO - Filling up the DagBag from /home/airflow/.local/lib/python3.7/site-packages/airflow/example_dags/example_complex.py
[2021-12-10 08:31:28,904] {processor.py:637} INFO - DAG(s) dict_keys(['example_complex']) retrieved from /home/airflow/.local/lib/python3.7/site-packages/airflow/example_dags/example_complex.py
[2021-12-10 08:31:28,923] {logging_mixin.py:109} INFO - [2021-12-10 08:31:28,923] {dag.py:2396} INFO - Sync 1 DAGs
[2021-12-10 08:31:28,940] {logging_mixin.py:109} INFO - [2021-12-10 08:31:28,940] {dag.py:2928} INFO - Setting next_dagrun for example_complex to None
[2021-12-10 08:31:28,950] {processor.py:171} INFO - Processing /home/airflow/.local/lib/python3.7/site-packages/airflow/example_dags/example_complex.py took 0.091 seconds
[2021-12-10 08:31:59,190] {processor.py:163} INFO - Started process (PID=1242) to work on /home/airflow/.local/lib/python3.7/site-packages/airflow/example_dags/example_complex.py
[2021-12-10 08:31:59,192] {processor.py:625} INFO - Processing file /home/airflow/.local/lib/python3.7/site-packages/airflow/example_dags/example_complex.py for tasks to queue
[2021-12-10 08:31:59,193] {logging_mixin.py:109} INFO - [2021-12-10 08:31:59,192] {dagbag.py:500} INFO - Filling up the DagBag from /home/airflow/.local/lib/python3.7/site-packages/airflow/example_dags/example_complex.py
[2021-12-10 08:31:59,233] {processor.py:637} INFO - DAG(s) dict_keys(['example_complex']) retrieved from /home/airflow/.local/lib/python3.7/site-packages/airflow/example_dags/example_complex.py
[2021-12-10 08:31:59,251] {logging_mixin.py:109} INFO - [2021-12-10 08:31:59,251] {dag.py:2396} INFO - Sync 1 DAGs
[2021-12-10 08:31:59,268] {logging_mixin.py:109} INFO - [2021-12-10 08:31:59,268] {dag.py:2928} INFO - Setting next_dagrun for example_complex to None
[2021-12-10 08:31:59,278] {processor.py:171} INFO - Processing /home/airflow/.local/lib/python3.7/site-packages/airflow/example_dags/example_complex.py took 0.091 seconds
[2021-12-10 08:32:29,785] {processor.py:163} INFO - Started process (PID=1296) to work on /home/airflow/.local/lib/python3.7/site-packages/airflow/example_dags/example_complex.py
[2021-12-10 08:32:29,787] {processor.py:625} INFO - Processing file /home/airflow/.local/lib/python3.7/site-packages/airflow/example_dags/example_complex.py for tasks to queue
[2021-12-10 08:32:29,788] {logging_mixin.py:109} INFO - [2021-12-10 08:32:29,787] {dagbag.py:500} INFO - Filling up the DagBag from /home/airflow/.local/lib/python3.7/site-packages/airflow/example_dags/example_complex.py
[2021-12-10 08:32:29,826] {processor.py:637} INFO - DAG(s) dict_keys(['example_complex']) retrieved from /home/airflow/.local/lib/python3.7/site-packages/airflow/example_dags/example_complex.py
[2021-12-10 08:32:29,842] {logging_mixin.py:109} INFO - [2021-12-10 08:32:29,842] {dag.py:2396} INFO - Sync 1 DAGs
[2021-12-10 08:32:29,859] {logging_mixin.py:109} INFO - [2021-12-10 08:32:29,859] {dag.py:2928} INFO - Setting next_dagrun for example_complex to None
[2021-12-10 08:32:29,869] {processor.py:171} INFO - Processing /home/airflow/.local/lib/python3.7/site-packages/airflow/example_dags/example_complex.py took 0.088 seconds
[2021-12-10 08:33:00,028] {processor.py:163} INFO - Started process (PID=1347) to work on /home/airflow/.local/lib/python3.7/site-packages/airflow/example_dags/example_complex.py
[2021-12-10 08:33:00,029] {processor.py:625} INFO - Processing file /home/airflow/.local/lib/python3.7/site-packages/airflow/example_dags/example_complex.py for tasks to queue
[2021-12-10 08:33:00,030] {logging_mixin.py:109} INFO - [2021-12-10 08:33:00,030] {dagbag.py:500} INFO - Filling up the DagBag from /home/airflow/.local/lib/python3.7/site-packages/airflow/example_dags/example_complex.py
[2021-12-10 08:33:00,068] {processor.py:637} INFO - DAG(s) dict_keys(['example_complex']) retrieved from /home/airflow/.local/lib/python3.7/site-packages/airflow/example_dags/example_complex.py
[2021-12-10 08:33:00,086] {logging_mixin.py:109} INFO - [2021-12-10 08:33:00,085] {dag.py:2396} INFO - Sync 1 DAGs
[2021-12-10 08:33:00,102] {logging_mixin.py:109} INFO - [2021-12-10 08:33:00,102] {dag.py:2928} INFO - Setting next_dagrun for example_complex to None
[2021-12-10 08:33:00,111] {processor.py:171} INFO - Processing /home/airflow/.local/lib/python3.7/site-packages/airflow/example_dags/example_complex.py took 0.086 seconds
[2021-12-10 08:33:30,163] {processor.py:163} INFO - Started process (PID=1408) to work on /home/airflow/.local/lib/python3.7/site-packages/airflow/example_dags/example_complex.py
[2021-12-10 08:33:30,165] {processor.py:625} INFO - Processing file /home/airflow/.local/lib/python3.7/site-packages/airflow/example_dags/example_complex.py for tasks to queue
[2021-12-10 08:33:30,165] {logging_mixin.py:109} INFO - [2021-12-10 08:33:30,165] {dagbag.py:500} INFO - Filling up the DagBag from /home/airflow/.local/lib/python3.7/site-packages/airflow/example_dags/example_complex.py
[2021-12-10 08:33:30,204] {processor.py:637} INFO - DAG(s) dict_keys(['example_complex']) retrieved from /home/airflow/.local/lib/python3.7/site-packages/airflow/example_dags/example_complex.py
[2021-12-10 08:33:30,221] {logging_mixin.py:109} INFO - [2021-12-10 08:33:30,221] {dag.py:2396} INFO - Sync 1 DAGs
[2021-12-10 08:33:30,237] {logging_mixin.py:109} INFO - [2021-12-10 08:33:30,237] {dag.py:2928} INFO - Setting next_dagrun for example_complex to None
[2021-12-10 08:33:30,246] {processor.py:171} INFO - Processing /home/airflow/.local/lib/python3.7/site-packages/airflow/example_dags/example_complex.py took 0.086 seconds
[2021-12-10 08:34:00,295] {processor.py:163} INFO - Started process (PID=1459) to work on /home/airflow/.local/lib/python3.7/site-packages/airflow/example_dags/example_complex.py
[2021-12-10 08:34:00,297] {processor.py:625} INFO - Processing file /home/airflow/.local/lib/python3.7/site-packages/airflow/example_dags/example_complex.py for tasks to queue
[2021-12-10 08:34:00,298] {logging_mixin.py:109} INFO - [2021-12-10 08:34:00,298] {dagbag.py:500} INFO - Filling up the DagBag from /home/airflow/.local/lib/python3.7/site-packages/airflow/example_dags/example_complex.py
[2021-12-10 08:34:00,342] {processor.py:637} INFO - DAG(s) dict_keys(['example_complex']) retrieved from /home/airflow/.local/lib/python3.7/site-packages/airflow/example_dags/example_complex.py
[2021-12-10 08:34:00,359] {logging_mixin.py:109} INFO - [2021-12-10 08:34:00,359] {dag.py:2396} INFO - Sync 1 DAGs
[2021-12-10 08:34:00,375] {logging_mixin.py:109} INFO - [2021-12-10 08:34:00,375] {dag.py:2928} INFO - Setting next_dagrun for example_complex to None
[2021-12-10 08:34:00,384] {processor.py:171} INFO - Processing /home/airflow/.local/lib/python3.7/site-packages/airflow/example_dags/example_complex.py took 0.094 seconds
[2021-12-10 08:34:30,403] {processor.py:163} INFO - Started process (PID=1520) to work on /home/airflow/.local/lib/python3.7/site-packages/airflow/example_dags/example_complex.py
[2021-12-10 08:34:30,405] {processor.py:625} INFO - Processing file /home/airflow/.local/lib/python3.7/site-packages/airflow/example_dags/example_complex.py for tasks to queue
[2021-12-10 08:34:30,405] {logging_mixin.py:109} INFO - [2021-12-10 08:34:30,405] {dagbag.py:500} INFO - Filling up the DagBag from /home/airflow/.local/lib/python3.7/site-packages/airflow/example_dags/example_complex.py
[2021-12-10 08:34:30,441] {processor.py:637} INFO - DAG(s) dict_keys(['example_complex']) retrieved from /home/airflow/.local/lib/python3.7/site-packages/airflow/example_dags/example_complex.py
[2021-12-10 08:34:30,459] {logging_mixin.py:109} INFO - [2021-12-10 08:34:30,458] {dag.py:2396} INFO - Sync 1 DAGs
[2021-12-10 08:34:30,475] {logging_mixin.py:109} INFO - [2021-12-10 08:34:30,475] {dag.py:2928} INFO - Setting next_dagrun for example_complex to None
[2021-12-10 08:34:30,484] {processor.py:171} INFO - Processing /home/airflow/.local/lib/python3.7/site-packages/airflow/example_dags/example_complex.py took 0.085 seconds
[2021-12-10 08:35:00,633] {processor.py:163} INFO - Started process (PID=1572) to work on /home/airflow/.local/lib/python3.7/site-packages/airflow/example_dags/example_complex.py
[2021-12-10 08:35:00,635] {processor.py:625} INFO - Processing file /home/airflow/.local/lib/python3.7/site-packages/airflow/example_dags/example_complex.py for tasks to queue
[2021-12-10 08:35:00,636] {logging_mixin.py:109} INFO - [2021-12-10 08:35:00,636] {dagbag.py:500} INFO - Filling up the DagBag from /home/airflow/.local/lib/python3.7/site-packages/airflow/example_dags/example_complex.py
[2021-12-10 08:35:00,711] {processor.py:637} INFO - DAG(s) dict_keys(['example_complex']) retrieved from /home/airflow/.local/lib/python3.7/site-packages/airflow/example_dags/example_complex.py
[2021-12-10 08:35:00,729] {logging_mixin.py:109} INFO - [2021-12-10 08:35:00,729] {dag.py:2396} INFO - Sync 1 DAGs
[2021-12-10 08:35:00,745] {logging_mixin.py:109} INFO - [2021-12-10 08:35:00,745] {dag.py:2928} INFO - Setting next_dagrun for example_complex to None
[2021-12-10 08:35:00,754] {processor.py:171} INFO - Processing /home/airflow/.local/lib/python3.7/site-packages/airflow/example_dags/example_complex.py took 0.125 seconds
[2021-12-10 08:35:30,873] {processor.py:163} INFO - Started process (PID=1625) to work on /home/airflow/.local/lib/python3.7/site-packages/airflow/example_dags/example_complex.py
[2021-12-10 08:35:30,876] {processor.py:625} INFO - Processing file /home/airflow/.local/lib/python3.7/site-packages/airflow/example_dags/example_complex.py for tasks to queue
[2021-12-10 08:35:30,876] {logging_mixin.py:109} INFO - [2021-12-10 08:35:30,876] {dagbag.py:500} INFO - Filling up the DagBag from /home/airflow/.local/lib/python3.7/site-packages/airflow/example_dags/example_complex.py
[2021-12-10 08:35:30,914] {processor.py:637} INFO - DAG(s) dict_keys(['example_complex']) retrieved from /home/airflow/.local/lib/python3.7/site-packages/airflow/example_dags/example_complex.py
[2021-12-10 08:35:30,932] {logging_mixin.py:109} INFO - [2021-12-10 08:35:30,932] {dag.py:2396} INFO - Sync 1 DAGs
[2021-12-10 08:35:30,950] {logging_mixin.py:109} INFO - [2021-12-10 08:35:30,950] {dag.py:2928} INFO - Setting next_dagrun for example_complex to None
[2021-12-10 08:35:30,962] {processor.py:171} INFO - Processing /home/airflow/.local/lib/python3.7/site-packages/airflow/example_dags/example_complex.py took 0.092 seconds
[2021-12-10 08:36:01,351] {processor.py:163} INFO - Started process (PID=1688) to work on /home/airflow/.local/lib/python3.7/site-packages/airflow/example_dags/example_complex.py
[2021-12-10 08:36:01,352] {processor.py:625} INFO - Processing file /home/airflow/.local/lib/python3.7/site-packages/airflow/example_dags/example_complex.py for tasks to queue
[2021-12-10 08:36:01,353] {logging_mixin.py:109} INFO - [2021-12-10 08:36:01,353] {dagbag.py:500} INFO - Filling up the DagBag from /home/airflow/.local/lib/python3.7/site-packages/airflow/example_dags/example_complex.py
[2021-12-10 08:36:01,392] {processor.py:637} INFO - DAG(s) dict_keys(['example_complex']) retrieved from /home/airflow/.local/lib/python3.7/site-packages/airflow/example_dags/example_complex.py
[2021-12-10 08:36:01,411] {logging_mixin.py:109} INFO - [2021-12-10 08:36:01,411] {dag.py:2396} INFO - Sync 1 DAGs
[2021-12-10 08:36:01,428] {logging_mixin.py:109} INFO - [2021-12-10 08:36:01,428] {dag.py:2928} INFO - Setting next_dagrun for example_complex to None
[2021-12-10 08:36:01,437] {processor.py:171} INFO - Processing /home/airflow/.local/lib/python3.7/site-packages/airflow/example_dags/example_complex.py took 0.090 seconds
[2021-12-10 08:36:31,676] {processor.py:163} INFO - Started process (PID=1741) to work on /home/airflow/.local/lib/python3.7/site-packages/airflow/example_dags/example_complex.py
[2021-12-10 08:36:31,678] {processor.py:625} INFO - Processing file /home/airflow/.local/lib/python3.7/site-packages/airflow/example_dags/example_complex.py for tasks to queue
[2021-12-10 08:36:31,679] {logging_mixin.py:109} INFO - [2021-12-10 08:36:31,679] {dagbag.py:500} INFO - Filling up the DagBag from /home/airflow/.local/lib/python3.7/site-packages/airflow/example_dags/example_complex.py
[2021-12-10 08:36:31,728] {processor.py:637} INFO - DAG(s) dict_keys(['example_complex']) retrieved from /home/airflow/.local/lib/python3.7/site-packages/airflow/example_dags/example_complex.py
[2021-12-10 08:36:31,746] {logging_mixin.py:109} INFO - [2021-12-10 08:36:31,746] {dag.py:2396} INFO - Sync 1 DAGs
[2021-12-10 08:36:31,762] {logging_mixin.py:109} INFO - [2021-12-10 08:36:31,762] {dag.py:2928} INFO - Setting next_dagrun for example_complex to None
[2021-12-10 08:36:31,771] {processor.py:171} INFO - Processing /home/airflow/.local/lib/python3.7/site-packages/airflow/example_dags/example_complex.py took 0.099 seconds
[2021-12-10 08:37:01,941] {processor.py:163} INFO - Started process (PID=1803) to work on /home/airflow/.local/lib/python3.7/site-packages/airflow/example_dags/example_complex.py
[2021-12-10 08:37:01,943] {processor.py:625} INFO - Processing file /home/airflow/.local/lib/python3.7/site-packages/airflow/example_dags/example_complex.py for tasks to queue
[2021-12-10 08:37:01,943] {logging_mixin.py:109} INFO - [2021-12-10 08:37:01,943] {dagbag.py:500} INFO - Filling up the DagBag from /home/airflow/.local/lib/python3.7/site-packages/airflow/example_dags/example_complex.py
[2021-12-10 08:37:01,983] {processor.py:637} INFO - DAG(s) dict_keys(['example_complex']) retrieved from /home/airflow/.local/lib/python3.7/site-packages/airflow/example_dags/example_complex.py
[2021-12-10 08:37:02,001] {logging_mixin.py:109} INFO - [2021-12-10 08:37:02,001] {dag.py:2396} INFO - Sync 1 DAGs
[2021-12-10 08:37:02,017] {logging_mixin.py:109} INFO - [2021-12-10 08:37:02,017] {dag.py:2928} INFO - Setting next_dagrun for example_complex to None
[2021-12-10 08:37:02,028] {processor.py:171} INFO - Processing /home/airflow/.local/lib/python3.7/site-packages/airflow/example_dags/example_complex.py took 0.090 seconds
[2021-12-10 08:37:32,133] {processor.py:163} INFO - Started process (PID=1857) to work on /home/airflow/.local/lib/python3.7/site-packages/airflow/example_dags/example_complex.py
[2021-12-10 08:37:32,135] {processor.py:625} INFO - Processing file /home/airflow/.local/lib/python3.7/site-packages/airflow/example_dags/example_complex.py for tasks to queue
[2021-12-10 08:37:32,136] {logging_mixin.py:109} INFO - [2021-12-10 08:37:32,136] {dagbag.py:500} INFO - Filling up the DagBag from /home/airflow/.local/lib/python3.7/site-packages/airflow/example_dags/example_complex.py
[2021-12-10 08:37:32,177] {processor.py:637} INFO - DAG(s) dict_keys(['example_complex']) retrieved from /home/airflow/.local/lib/python3.7/site-packages/airflow/example_dags/example_complex.py
[2021-12-10 08:37:32,194] {logging_mixin.py:109} INFO - [2021-12-10 08:37:32,194] {dag.py:2396} INFO - Sync 1 DAGs
[2021-12-10 08:37:32,211] {logging_mixin.py:109} INFO - [2021-12-10 08:37:32,211] {dag.py:2928} INFO - Setting next_dagrun for example_complex to None
[2021-12-10 08:37:32,222] {processor.py:171} INFO - Processing /home/airflow/.local/lib/python3.7/site-packages/airflow/example_dags/example_complex.py took 0.093 seconds
[2021-12-10 08:38:02,324] {processor.py:163} INFO - Started process (PID=1909) to work on /home/airflow/.local/lib/python3.7/site-packages/airflow/example_dags/example_complex.py
[2021-12-10 08:38:02,326] {processor.py:625} INFO - Processing file /home/airflow/.local/lib/python3.7/site-packages/airflow/example_dags/example_complex.py for tasks to queue
[2021-12-10 08:38:02,326] {logging_mixin.py:109} INFO - [2021-12-10 08:38:02,326] {dagbag.py:500} INFO - Filling up the DagBag from /home/airflow/.local/lib/python3.7/site-packages/airflow/example_dags/example_complex.py
[2021-12-10 08:38:02,364] {processor.py:637} INFO - DAG(s) dict_keys(['example_complex']) retrieved from /home/airflow/.local/lib/python3.7/site-packages/airflow/example_dags/example_complex.py
[2021-12-10 08:38:02,382] {logging_mixin.py:109} INFO - [2021-12-10 08:38:02,382] {dag.py:2396} INFO - Sync 1 DAGs
[2021-12-10 08:38:02,400] {logging_mixin.py:109} INFO - [2021-12-10 08:38:02,400] {dag.py:2928} INFO - Setting next_dagrun for example_complex to None
[2021-12-10 08:38:02,410] {processor.py:171} INFO - Processing /home/airflow/.local/lib/python3.7/site-packages/airflow/example_dags/example_complex.py took 0.089 seconds
[2021-12-10 08:38:32,722] {processor.py:163} INFO - Started process (PID=1970) to work on /home/airflow/.local/lib/python3.7/site-packages/airflow/example_dags/example_complex.py
[2021-12-10 08:38:32,723] {processor.py:625} INFO - Processing file /home/airflow/.local/lib/python3.7/site-packages/airflow/example_dags/example_complex.py for tasks to queue
[2021-12-10 08:38:32,724] {logging_mixin.py:109} INFO - [2021-12-10 08:38:32,724] {dagbag.py:500} INFO - Filling up the DagBag from /home/airflow/.local/lib/python3.7/site-packages/airflow/example_dags/example_complex.py
[2021-12-10 08:38:32,762] {processor.py:637} INFO - DAG(s) dict_keys(['example_complex']) retrieved from /home/airflow/.local/lib/python3.7/site-packages/airflow/example_dags/example_complex.py
[2021-12-10 08:38:32,780] {logging_mixin.py:109} INFO - [2021-12-10 08:38:32,779] {dag.py:2396} INFO - Sync 1 DAGs
[2021-12-10 08:38:32,796] {logging_mixin.py:109} INFO - [2021-12-10 08:38:32,796] {dag.py:2928} INFO - Setting next_dagrun for example_complex to None
[2021-12-10 08:38:32,806] {processor.py:171} INFO - Processing /home/airflow/.local/lib/python3.7/site-packages/airflow/example_dags/example_complex.py took 0.088 seconds
[2021-12-10 08:39:03,131] {processor.py:163} INFO - Started process (PID=2022) to work on /home/airflow/.local/lib/python3.7/site-packages/airflow/example_dags/example_complex.py
[2021-12-10 08:39:03,132] {processor.py:625} INFO - Processing file /home/airflow/.local/lib/python3.7/site-packages/airflow/example_dags/example_complex.py for tasks to queue
[2021-12-10 08:39:03,133] {logging_mixin.py:109} INFO - [2021-12-10 08:39:03,133] {dagbag.py:500} INFO - Filling up the DagBag from /home/airflow/.local/lib/python3.7/site-packages/airflow/example_dags/example_complex.py
[2021-12-10 08:39:03,172] {processor.py:637} INFO - DAG(s) dict_keys(['example_complex']) retrieved from /home/airflow/.local/lib/python3.7/site-packages/airflow/example_dags/example_complex.py
[2021-12-10 08:39:03,188] {logging_mixin.py:109} INFO - [2021-12-10 08:39:03,188] {dag.py:2396} INFO - Sync 1 DAGs
[2021-12-10 08:39:03,204] {logging_mixin.py:109} INFO - [2021-12-10 08:39:03,204] {dag.py:2928} INFO - Setting next_dagrun for example_complex to None
[2021-12-10 08:39:03,213] {processor.py:171} INFO - Processing /home/airflow/.local/lib/python3.7/site-packages/airflow/example_dags/example_complex.py took 0.087 seconds
[2021-12-10 08:39:33,397] {processor.py:163} INFO - Started process (PID=2084) to work on /home/airflow/.local/lib/python3.7/site-packages/airflow/example_dags/example_complex.py
[2021-12-10 08:39:33,399] {processor.py:625} INFO - Processing file /home/airflow/.local/lib/python3.7/site-packages/airflow/example_dags/example_complex.py for tasks to queue
[2021-12-10 08:39:33,399] {logging_mixin.py:109} INFO - [2021-12-10 08:39:33,399] {dagbag.py:500} INFO - Filling up the DagBag from /home/airflow/.local/lib/python3.7/site-packages/airflow/example_dags/example_complex.py
[2021-12-10 08:39:33,437] {processor.py:637} INFO - DAG(s) dict_keys(['example_complex']) retrieved from /home/airflow/.local/lib/python3.7/site-packages/airflow/example_dags/example_complex.py
[2021-12-10 08:39:33,455] {logging_mixin.py:109} INFO - [2021-12-10 08:39:33,455] {dag.py:2396} INFO - Sync 1 DAGs
[2021-12-10 08:39:33,471] {logging_mixin.py:109} INFO - [2021-12-10 08:39:33,471] {dag.py:2928} INFO - Setting next_dagrun for example_complex to None
[2021-12-10 08:39:33,481] {processor.py:171} INFO - Processing /home/airflow/.local/lib/python3.7/site-packages/airflow/example_dags/example_complex.py took 0.088 seconds
[2021-12-10 08:40:03,624] {processor.py:163} INFO - Started process (PID=2138) to work on /home/airflow/.local/lib/python3.7/site-packages/airflow/example_dags/example_complex.py
[2021-12-10 08:40:03,626] {processor.py:625} INFO - Processing file /home/airflow/.local/lib/python3.7/site-packages/airflow/example_dags/example_complex.py for tasks to queue
[2021-12-10 08:40:03,627] {logging_mixin.py:109} INFO - [2021-12-10 08:40:03,627] {dagbag.py:500} INFO - Filling up the DagBag from /home/airflow/.local/lib/python3.7/site-packages/airflow/example_dags/example_complex.py
[2021-12-10 08:40:03,668] {processor.py:637} INFO - DAG(s) dict_keys(['example_complex']) retrieved from /home/airflow/.local/lib/python3.7/site-packages/airflow/example_dags/example_complex.py
[2021-12-10 08:40:03,686] {logging_mixin.py:109} INFO - [2021-12-10 08:40:03,686] {dag.py:2396} INFO - Sync 1 DAGs
[2021-12-10 08:40:03,702] {logging_mixin.py:109} INFO - [2021-12-10 08:40:03,702] {dag.py:2928} INFO - Setting next_dagrun for example_complex to None
[2021-12-10 08:40:03,712] {processor.py:171} INFO - Processing /home/airflow/.local/lib/python3.7/site-packages/airflow/example_dags/example_complex.py took 0.092 seconds
[2021-12-10 08:40:33,766] {processor.py:163} INFO - Started process (PID=2190) to work on /home/airflow/.local/lib/python3.7/site-packages/airflow/example_dags/example_complex.py
[2021-12-10 08:40:33,767] {processor.py:625} INFO - Processing file /home/airflow/.local/lib/python3.7/site-packages/airflow/example_dags/example_complex.py for tasks to queue
[2021-12-10 08:40:33,768] {logging_mixin.py:109} INFO - [2021-12-10 08:40:33,768] {dagbag.py:500} INFO - Filling up the DagBag from /home/airflow/.local/lib/python3.7/site-packages/airflow/example_dags/example_complex.py
[2021-12-10 08:40:33,807] {processor.py:637} INFO - DAG(s) dict_keys(['example_complex']) retrieved from /home/airflow/.local/lib/python3.7/site-packages/airflow/example_dags/example_complex.py
[2021-12-10 08:40:33,826] {logging_mixin.py:109} INFO - [2021-12-10 08:40:33,826] {dag.py:2396} INFO - Sync 1 DAGs
[2021-12-10 08:40:33,844] {logging_mixin.py:109} INFO - [2021-12-10 08:40:33,844] {dag.py:2928} INFO - Setting next_dagrun for example_complex to None
[2021-12-10 08:40:33,855] {processor.py:171} INFO - Processing /home/airflow/.local/lib/python3.7/site-packages/airflow/example_dags/example_complex.py took 0.092 seconds
[2021-12-10 08:41:04,005] {processor.py:163} INFO - Started process (PID=2252) to work on /home/airflow/.local/lib/python3.7/site-packages/airflow/example_dags/example_complex.py
[2021-12-10 08:41:04,007] {processor.py:625} INFO - Processing file /home/airflow/.local/lib/python3.7/site-packages/airflow/example_dags/example_complex.py for tasks to queue
[2021-12-10 08:41:04,008] {logging_mixin.py:109} INFO - [2021-12-10 08:41:04,008] {dagbag.py:500} INFO - Filling up the DagBag from /home/airflow/.local/lib/python3.7/site-packages/airflow/example_dags/example_complex.py
[2021-12-10 08:41:04,052] {processor.py:637} INFO - DAG(s) dict_keys(['example_complex']) retrieved from /home/airflow/.local/lib/python3.7/site-packages/airflow/example_dags/example_complex.py
[2021-12-10 08:41:04,073] {logging_mixin.py:109} INFO - [2021-12-10 08:41:04,073] {dag.py:2396} INFO - Sync 1 DAGs
[2021-12-10 08:41:04,091] {logging_mixin.py:109} INFO - [2021-12-10 08:41:04,091] {dag.py:2928} INFO - Setting next_dagrun for example_complex to None
[2021-12-10 08:41:04,103] {processor.py:171} INFO - Processing /home/airflow/.local/lib/python3.7/site-packages/airflow/example_dags/example_complex.py took 0.103 seconds
[2021-12-10 08:41:34,187] {processor.py:163} INFO - Started process (PID=2304) to work on /home/airflow/.local/lib/python3.7/site-packages/airflow/example_dags/example_complex.py
[2021-12-10 08:41:34,189] {processor.py:625} INFO - Processing file /home/airflow/.local/lib/python3.7/site-packages/airflow/example_dags/example_complex.py for tasks to queue
[2021-12-10 08:41:34,189] {logging_mixin.py:109} INFO - [2021-12-10 08:41:34,189] {dagbag.py:500} INFO - Filling up the DagBag from /home/airflow/.local/lib/python3.7/site-packages/airflow/example_dags/example_complex.py
[2021-12-10 08:41:34,228] {processor.py:637} INFO - DAG(s) dict_keys(['example_complex']) retrieved from /home/airflow/.local/lib/python3.7/site-packages/airflow/example_dags/example_complex.py
[2021-12-10 08:41:34,246] {logging_mixin.py:109} INFO - [2021-12-10 08:41:34,246] {dag.py:2396} INFO - Sync 1 DAGs
[2021-12-10 08:41:34,266] {logging_mixin.py:109} INFO - [2021-12-10 08:41:34,266] {dag.py:2928} INFO - Setting next_dagrun for example_complex to None
[2021-12-10 08:41:34,279] {processor.py:171} INFO - Processing /home/airflow/.local/lib/python3.7/site-packages/airflow/example_dags/example_complex.py took 0.095 seconds
[2021-12-10 08:42:04,645] {processor.py:163} INFO - Started process (PID=2368) to work on /home/airflow/.local/lib/python3.7/site-packages/airflow/example_dags/example_complex.py
[2021-12-10 08:42:04,646] {processor.py:625} INFO - Processing file /home/airflow/.local/lib/python3.7/site-packages/airflow/example_dags/example_complex.py for tasks to queue
[2021-12-10 08:42:04,647] {logging_mixin.py:109} INFO - [2021-12-10 08:42:04,647] {dagbag.py:500} INFO - Filling up the DagBag from /home/airflow/.local/lib/python3.7/site-packages/airflow/example_dags/example_complex.py
[2021-12-10 08:42:04,683] {processor.py:637} INFO - DAG(s) dict_keys(['example_complex']) retrieved from /home/airflow/.local/lib/python3.7/site-packages/airflow/example_dags/example_complex.py
[2021-12-10 08:42:04,701] {logging_mixin.py:109} INFO - [2021-12-10 08:42:04,701] {dag.py:2396} INFO - Sync 1 DAGs
[2021-12-10 08:42:04,719] {logging_mixin.py:109} INFO - [2021-12-10 08:42:04,719] {dag.py:2928} INFO - Setting next_dagrun for example_complex to None
[2021-12-10 08:42:04,728] {processor.py:171} INFO - Processing /home/airflow/.local/lib/python3.7/site-packages/airflow/example_dags/example_complex.py took 0.087 seconds
[2021-12-10 08:42:34,758] {processor.py:163} INFO - Started process (PID=2420) to work on /home/airflow/.local/lib/python3.7/site-packages/airflow/example_dags/example_complex.py
[2021-12-10 08:42:34,759] {processor.py:625} INFO - Processing file /home/airflow/.local/lib/python3.7/site-packages/airflow/example_dags/example_complex.py for tasks to queue
[2021-12-10 08:42:34,760] {logging_mixin.py:109} INFO - [2021-12-10 08:42:34,760] {dagbag.py:500} INFO - Filling up the DagBag from /home/airflow/.local/lib/python3.7/site-packages/airflow/example_dags/example_complex.py
[2021-12-10 08:42:34,796] {processor.py:637} INFO - DAG(s) dict_keys(['example_complex']) retrieved from /home/airflow/.local/lib/python3.7/site-packages/airflow/example_dags/example_complex.py
[2021-12-10 08:42:34,813] {logging_mixin.py:109} INFO - [2021-12-10 08:42:34,813] {dag.py:2396} INFO - Sync 1 DAGs
[2021-12-10 08:42:34,829] {logging_mixin.py:109} INFO - [2021-12-10 08:42:34,829] {dag.py:2928} INFO - Setting next_dagrun for example_complex to None
[2021-12-10 08:42:34,838] {processor.py:171} INFO - Processing /home/airflow/.local/lib/python3.7/site-packages/airflow/example_dags/example_complex.py took 0.084 seconds
[2021-12-10 08:43:05,125] {processor.py:163} INFO - Started process (PID=2473) to work on /home/airflow/.local/lib/python3.7/site-packages/airflow/example_dags/example_complex.py
[2021-12-10 08:43:05,127] {processor.py:625} INFO - Processing file /home/airflow/.local/lib/python3.7/site-packages/airflow/example_dags/example_complex.py for tasks to queue
[2021-12-10 08:43:05,128] {logging_mixin.py:109} INFO - [2021-12-10 08:43:05,128] {dagbag.py:500} INFO - Filling up the DagBag from /home/airflow/.local/lib/python3.7/site-packages/airflow/example_dags/example_complex.py
[2021-12-10 08:43:05,170] {processor.py:637} INFO - DAG(s) dict_keys(['example_complex']) retrieved from /home/airflow/.local/lib/python3.7/site-packages/airflow/example_dags/example_complex.py
[2021-12-10 08:43:05,187] {logging_mixin.py:109} INFO - [2021-12-10 08:43:05,187] {dag.py:2396} INFO - Sync 1 DAGs
[2021-12-10 08:43:05,204] {logging_mixin.py:109} INFO - [2021-12-10 08:43:05,204] {dag.py:2928} INFO - Setting next_dagrun for example_complex to None
[2021-12-10 08:43:05,215] {processor.py:171} INFO - Processing /home/airflow/.local/lib/python3.7/site-packages/airflow/example_dags/example_complex.py took 0.094 seconds
[2021-12-10 08:43:35,436] {processor.py:163} INFO - Started process (PID=2533) to work on /home/airflow/.local/lib/python3.7/site-packages/airflow/example_dags/example_complex.py
[2021-12-10 08:43:35,438] {processor.py:625} INFO - Processing file /home/airflow/.local/lib/python3.7/site-packages/airflow/example_dags/example_complex.py for tasks to queue
[2021-12-10 08:43:35,438] {logging_mixin.py:109} INFO - [2021-12-10 08:43:35,438] {dagbag.py:500} INFO - Filling up the DagBag from /home/airflow/.local/lib/python3.7/site-packages/airflow/example_dags/example_complex.py
[2021-12-10 08:43:35,476] {processor.py:637} INFO - DAG(s) dict_keys(['example_complex']) retrieved from /home/airflow/.local/lib/python3.7/site-packages/airflow/example_dags/example_complex.py
[2021-12-10 08:43:35,494] {logging_mixin.py:109} INFO - [2021-12-10 08:43:35,494] {dag.py:2396} INFO - Sync 1 DAGs
[2021-12-10 08:43:35,511] {logging_mixin.py:109} INFO - [2021-12-10 08:43:35,511] {dag.py:2928} INFO - Setting next_dagrun for example_complex to None
[2021-12-10 08:43:35,521] {processor.py:171} INFO - Processing /home/airflow/.local/lib/python3.7/site-packages/airflow/example_dags/example_complex.py took 0.089 seconds
[2021-12-10 08:44:05,771] {processor.py:163} INFO - Started process (PID=2585) to work on /home/airflow/.local/lib/python3.7/site-packages/airflow/example_dags/example_complex.py
[2021-12-10 08:44:05,773] {processor.py:625} INFO - Processing file /home/airflow/.local/lib/python3.7/site-packages/airflow/example_dags/example_complex.py for tasks to queue
[2021-12-10 08:44:05,774] {logging_mixin.py:109} INFO - [2021-12-10 08:44:05,774] {dagbag.py:500} INFO - Filling up the DagBag from /home/airflow/.local/lib/python3.7/site-packages/airflow/example_dags/example_complex.py
[2021-12-10 08:44:05,811] {processor.py:637} INFO - DAG(s) dict_keys(['example_complex']) retrieved from /home/airflow/.local/lib/python3.7/site-packages/airflow/example_dags/example_complex.py
[2021-12-10 08:44:05,828] {logging_mixin.py:109} INFO - [2021-12-10 08:44:05,828] {dag.py:2396} INFO - Sync 1 DAGs
[2021-12-10 08:44:05,846] {logging_mixin.py:109} INFO - [2021-12-10 08:44:05,846] {dag.py:2928} INFO - Setting next_dagrun for example_complex to None
[2021-12-10 08:44:05,856] {processor.py:171} INFO - Processing /home/airflow/.local/lib/python3.7/site-packages/airflow/example_dags/example_complex.py took 0.089 seconds
[2021-12-10 08:44:36,389] {processor.py:163} INFO - Started process (PID=2648) to work on /home/airflow/.local/lib/python3.7/site-packages/airflow/example_dags/example_complex.py
[2021-12-10 08:44:36,390] {processor.py:625} INFO - Processing file /home/airflow/.local/lib/python3.7/site-packages/airflow/example_dags/example_complex.py for tasks to queue
[2021-12-10 08:44:36,391] {logging_mixin.py:109} INFO - [2021-12-10 08:44:36,391] {dagbag.py:500} INFO - Filling up the DagBag from /home/airflow/.local/lib/python3.7/site-packages/airflow/example_dags/example_complex.py
[2021-12-10 08:44:36,427] {processor.py:637} INFO - DAG(s) dict_keys(['example_complex']) retrieved from /home/airflow/.local/lib/python3.7/site-packages/airflow/example_dags/example_complex.py
[2021-12-10 08:44:36,445] {logging_mixin.py:109} INFO - [2021-12-10 08:44:36,445] {dag.py:2396} INFO - Sync 1 DAGs
[2021-12-10 08:44:36,568] {logging_mixin.py:109} INFO - [2021-12-10 08:44:36,568] {dag.py:2928} INFO - Setting next_dagrun for example_complex to None
[2021-12-10 08:44:36,577] {processor.py:171} INFO - Processing /home/airflow/.local/lib/python3.7/site-packages/airflow/example_dags/example_complex.py took 0.192 seconds
[2021-12-10 08:45:06,931] {processor.py:163} INFO - Started process (PID=2700) to work on /home/airflow/.local/lib/python3.7/site-packages/airflow/example_dags/example_complex.py
[2021-12-10 08:45:06,933] {processor.py:625} INFO - Processing file /home/airflow/.local/lib/python3.7/site-packages/airflow/example_dags/example_complex.py for tasks to queue
[2021-12-10 08:45:06,934] {logging_mixin.py:109} INFO - [2021-12-10 08:45:06,934] {dagbag.py:500} INFO - Filling up the DagBag from /home/airflow/.local/lib/python3.7/site-packages/airflow/example_dags/example_complex.py
[2021-12-10 08:45:06,975] {processor.py:637} INFO - DAG(s) dict_keys(['example_complex']) retrieved from /home/airflow/.local/lib/python3.7/site-packages/airflow/example_dags/example_complex.py
[2021-12-10 08:45:06,993] {logging_mixin.py:109} INFO - [2021-12-10 08:45:06,993] {dag.py:2396} INFO - Sync 1 DAGs
[2021-12-10 08:45:07,123] {logging_mixin.py:109} INFO - [2021-12-10 08:45:07,123] {dag.py:2928} INFO - Setting next_dagrun for example_complex to None
[2021-12-10 08:45:07,133] {processor.py:171} INFO - Processing /home/airflow/.local/lib/python3.7/site-packages/airflow/example_dags/example_complex.py took 0.206 seconds
[2021-12-10 08:45:37,328] {processor.py:163} INFO - Started process (PID=2754) to work on /home/airflow/.local/lib/python3.7/site-packages/airflow/example_dags/example_complex.py
[2021-12-10 08:45:37,329] {processor.py:625} INFO - Processing file /home/airflow/.local/lib/python3.7/site-packages/airflow/example_dags/example_complex.py for tasks to queue
[2021-12-10 08:45:37,330] {logging_mixin.py:109} INFO - [2021-12-10 08:45:37,330] {dagbag.py:500} INFO - Filling up the DagBag from /home/airflow/.local/lib/python3.7/site-packages/airflow/example_dags/example_complex.py
[2021-12-10 08:45:37,367] {processor.py:637} INFO - DAG(s) dict_keys(['example_complex']) retrieved from /home/airflow/.local/lib/python3.7/site-packages/airflow/example_dags/example_complex.py
[2021-12-10 08:45:37,386] {logging_mixin.py:109} INFO - [2021-12-10 08:45:37,385] {dag.py:2396} INFO - Sync 1 DAGs
[2021-12-10 08:45:37,513] {logging_mixin.py:109} INFO - [2021-12-10 08:45:37,513] {dag.py:2928} INFO - Setting next_dagrun for example_complex to None
[2021-12-10 08:45:37,522] {processor.py:171} INFO - Processing /home/airflow/.local/lib/python3.7/site-packages/airflow/example_dags/example_complex.py took 0.198 seconds
[2021-12-10 08:46:08,378] {processor.py:163} INFO - Started process (PID=2815) to work on /home/airflow/.local/lib/python3.7/site-packages/airflow/example_dags/example_complex.py
[2021-12-10 08:46:08,380] {processor.py:625} INFO - Processing file /home/airflow/.local/lib/python3.7/site-packages/airflow/example_dags/example_complex.py for tasks to queue
[2021-12-10 08:46:08,381] {logging_mixin.py:109} INFO - [2021-12-10 08:46:08,380] {dagbag.py:500} INFO - Filling up the DagBag from /home/airflow/.local/lib/python3.7/site-packages/airflow/example_dags/example_complex.py
[2021-12-10 08:46:08,418] {processor.py:637} INFO - DAG(s) dict_keys(['example_complex']) retrieved from /home/airflow/.local/lib/python3.7/site-packages/airflow/example_dags/example_complex.py
[2021-12-10 08:46:08,544] {logging_mixin.py:109} INFO - [2021-12-10 08:46:08,544] {dag.py:2396} INFO - Sync 1 DAGs
[2021-12-10 08:46:08,559] {logging_mixin.py:109} INFO - [2021-12-10 08:46:08,559] {dag.py:2928} INFO - Setting next_dagrun for example_complex to None
[2021-12-10 08:46:08,568] {processor.py:171} INFO - Processing /home/airflow/.local/lib/python3.7/site-packages/airflow/example_dags/example_complex.py took 0.194 seconds
[2021-12-10 08:46:38,964] {processor.py:163} INFO - Started process (PID=2866) to work on /home/airflow/.local/lib/python3.7/site-packages/airflow/example_dags/example_complex.py
[2021-12-10 08:46:38,966] {processor.py:625} INFO - Processing file /home/airflow/.local/lib/python3.7/site-packages/airflow/example_dags/example_complex.py for tasks to queue
[2021-12-10 08:46:38,967] {logging_mixin.py:109} INFO - [2021-12-10 08:46:38,967] {dagbag.py:500} INFO - Filling up the DagBag from /home/airflow/.local/lib/python3.7/site-packages/airflow/example_dags/example_complex.py
[2021-12-10 08:46:39,009] {processor.py:637} INFO - DAG(s) dict_keys(['example_complex']) retrieved from /home/airflow/.local/lib/python3.7/site-packages/airflow/example_dags/example_complex.py
[2021-12-10 08:46:39,137] {logging_mixin.py:109} INFO - [2021-12-10 08:46:39,137] {dag.py:2396} INFO - Sync 1 DAGs
[2021-12-10 08:46:39,153] {logging_mixin.py:109} INFO - [2021-12-10 08:46:39,153] {dag.py:2928} INFO - Setting next_dagrun for example_complex to None
[2021-12-10 08:46:39,162] {processor.py:171} INFO - Processing /home/airflow/.local/lib/python3.7/site-packages/airflow/example_dags/example_complex.py took 0.203 seconds
[2021-12-10 08:47:09,800] {processor.py:163} INFO - Started process (PID=2927) to work on /home/airflow/.local/lib/python3.7/site-packages/airflow/example_dags/example_complex.py
[2021-12-10 08:47:09,801] {processor.py:625} INFO - Processing file /home/airflow/.local/lib/python3.7/site-packages/airflow/example_dags/example_complex.py for tasks to queue
[2021-12-10 08:47:09,802] {logging_mixin.py:109} INFO - [2021-12-10 08:47:09,802] {dagbag.py:500} INFO - Filling up the DagBag from /home/airflow/.local/lib/python3.7/site-packages/airflow/example_dags/example_complex.py
[2021-12-10 08:47:09,956] {processor.py:637} INFO - DAG(s) dict_keys(['example_complex']) retrieved from /home/airflow/.local/lib/python3.7/site-packages/airflow/example_dags/example_complex.py
[2021-12-10 08:47:09,971] {logging_mixin.py:109} INFO - [2021-12-10 08:47:09,971] {dag.py:2396} INFO - Sync 1 DAGs
[2021-12-10 08:47:09,987] {logging_mixin.py:109} INFO - [2021-12-10 08:47:09,987] {dag.py:2928} INFO - Setting next_dagrun for example_complex to None
[2021-12-10 08:47:09,997] {processor.py:171} INFO - Processing /home/airflow/.local/lib/python3.7/site-packages/airflow/example_dags/example_complex.py took 0.200 seconds
