[2021-12-10 08:23:31,225] {processor.py:163} INFO - Started process (PID=93) to work on /home/airflow/.local/lib/python3.7/site-packages/airflow/example_dags/example_branch_labels.py
[2021-12-10 08:23:31,226] {processor.py:625} INFO - Processing file /home/airflow/.local/lib/python3.7/site-packages/airflow/example_dags/example_branch_labels.py for tasks to queue
[2021-12-10 08:23:31,227] {logging_mixin.py:109} INFO - [2021-12-10 08:23:31,227] {dagbag.py:500} INFO - Filling up the DagBag from /home/airflow/.local/lib/python3.7/site-packages/airflow/example_dags/example_branch_labels.py
[2021-12-10 08:23:31,302] {processor.py:637} INFO - DAG(s) dict_keys(['example_branch_labels']) retrieved from /home/airflow/.local/lib/python3.7/site-packages/airflow/example_dags/example_branch_labels.py
[2021-12-10 08:23:33,071] {logging_mixin.py:109} INFO - [2021-12-10 08:23:33,071] {providers_manager.py:156} WARNING - Exception when importing 'airflow.providers.google.leveldb.hooks.leveldb.LevelDBHook' from 'apache-airflow-providers-google' package: No module named 'plyvel'
[2021-12-10 08:23:33,591] {logging_mixin.py:109} INFO - [2021-12-10 08:23:33,591] {providers_manager.py:156} WARNING - Exception when importing 'airflow.providers.google.leveldb.hooks.leveldb.LevelDBHook' from 'apache-airflow-providers-google' package: No module named 'plyvel'
[2021-12-10 08:23:33,614] {logging_mixin.py:109} INFO - [2021-12-10 08:23:33,614] {manager.py:496} INFO - Created Permission View: can read on DAG:example_branch_labels
[2021-12-10 08:23:33,625] {logging_mixin.py:109} INFO - [2021-12-10 08:23:33,625] {manager.py:496} INFO - Created Permission View: can edit on DAG:example_branch_labels
[2021-12-10 08:23:33,626] {logging_mixin.py:109} INFO - [2021-12-10 08:23:33,626] {dag.py:2396} INFO - Sync 1 DAGs
[2021-12-10 08:23:33,640] {logging_mixin.py:109} INFO - [2021-12-10 08:23:33,640] {dag.py:2415} INFO - Creating ORM DAG for example_branch_labels
[2021-12-10 08:23:33,658] {logging_mixin.py:109} INFO - [2021-12-10 08:23:33,658] {dag.py:2928} INFO - Setting next_dagrun for example_branch_labels to 2021-12-09 00:00:00+00:00
[2021-12-10 08:23:33,673] {processor.py:171} INFO - Processing /home/airflow/.local/lib/python3.7/site-packages/airflow/example_dags/example_branch_labels.py took 2.451 seconds
[2021-12-10 08:24:04,191] {processor.py:163} INFO - Started process (PID=363) to work on /home/airflow/.local/lib/python3.7/site-packages/airflow/example_dags/example_branch_labels.py
[2021-12-10 08:24:04,192] {processor.py:625} INFO - Processing file /home/airflow/.local/lib/python3.7/site-packages/airflow/example_dags/example_branch_labels.py for tasks to queue
[2021-12-10 08:24:04,193] {logging_mixin.py:109} INFO - [2021-12-10 08:24:04,193] {dagbag.py:500} INFO - Filling up the DagBag from /home/airflow/.local/lib/python3.7/site-packages/airflow/example_dags/example_branch_labels.py
[2021-12-10 08:24:04,221] {processor.py:637} INFO - DAG(s) dict_keys(['example_branch_labels']) retrieved from /home/airflow/.local/lib/python3.7/site-packages/airflow/example_dags/example_branch_labels.py
[2021-12-10 08:24:04,232] {logging_mixin.py:109} INFO - [2021-12-10 08:24:04,232] {dag.py:2396} INFO - Sync 1 DAGs
[2021-12-10 08:24:04,250] {logging_mixin.py:109} INFO - [2021-12-10 08:24:04,250] {dag.py:2928} INFO - Setting next_dagrun for example_branch_labels to 2021-12-09 00:00:00+00:00
[2021-12-10 08:24:04,260] {processor.py:171} INFO - Processing /home/airflow/.local/lib/python3.7/site-packages/airflow/example_dags/example_branch_labels.py took 0.072 seconds
[2021-12-10 08:24:34,429] {processor.py:163} INFO - Started process (PID=415) to work on /home/airflow/.local/lib/python3.7/site-packages/airflow/example_dags/example_branch_labels.py
[2021-12-10 08:24:34,430] {processor.py:625} INFO - Processing file /home/airflow/.local/lib/python3.7/site-packages/airflow/example_dags/example_branch_labels.py for tasks to queue
[2021-12-10 08:24:34,431] {logging_mixin.py:109} INFO - [2021-12-10 08:24:34,431] {dagbag.py:500} INFO - Filling up the DagBag from /home/airflow/.local/lib/python3.7/site-packages/airflow/example_dags/example_branch_labels.py
[2021-12-10 08:24:34,459] {processor.py:637} INFO - DAG(s) dict_keys(['example_branch_labels']) retrieved from /home/airflow/.local/lib/python3.7/site-packages/airflow/example_dags/example_branch_labels.py
[2021-12-10 08:24:34,470] {logging_mixin.py:109} INFO - [2021-12-10 08:24:34,469] {dag.py:2396} INFO - Sync 1 DAGs
[2021-12-10 08:24:34,488] {logging_mixin.py:109} INFO - [2021-12-10 08:24:34,488] {dag.py:2928} INFO - Setting next_dagrun for example_branch_labels to 2021-12-09 00:00:00+00:00
[2021-12-10 08:24:34,498] {processor.py:171} INFO - Processing /home/airflow/.local/lib/python3.7/site-packages/airflow/example_dags/example_branch_labels.py took 0.073 seconds
[2021-12-10 08:25:04,832] {processor.py:163} INFO - Started process (PID=476) to work on /home/airflow/.local/lib/python3.7/site-packages/airflow/example_dags/example_branch_labels.py
[2021-12-10 08:25:04,833] {processor.py:625} INFO - Processing file /home/airflow/.local/lib/python3.7/site-packages/airflow/example_dags/example_branch_labels.py for tasks to queue
[2021-12-10 08:25:04,834] {logging_mixin.py:109} INFO - [2021-12-10 08:25:04,834] {dagbag.py:500} INFO - Filling up the DagBag from /home/airflow/.local/lib/python3.7/site-packages/airflow/example_dags/example_branch_labels.py
[2021-12-10 08:25:04,863] {processor.py:637} INFO - DAG(s) dict_keys(['example_branch_labels']) retrieved from /home/airflow/.local/lib/python3.7/site-packages/airflow/example_dags/example_branch_labels.py
[2021-12-10 08:25:04,873] {logging_mixin.py:109} INFO - [2021-12-10 08:25:04,873] {dag.py:2396} INFO - Sync 1 DAGs
[2021-12-10 08:25:04,890] {logging_mixin.py:109} INFO - [2021-12-10 08:25:04,890] {dag.py:2928} INFO - Setting next_dagrun for example_branch_labels to 2021-12-09 00:00:00+00:00
[2021-12-10 08:25:04,899] {processor.py:171} INFO - Processing /home/airflow/.local/lib/python3.7/site-packages/airflow/example_dags/example_branch_labels.py took 0.071 seconds
[2021-12-10 08:25:35,255] {processor.py:163} INFO - Started process (PID=529) to work on /home/airflow/.local/lib/python3.7/site-packages/airflow/example_dags/example_branch_labels.py
[2021-12-10 08:25:35,257] {processor.py:625} INFO - Processing file /home/airflow/.local/lib/python3.7/site-packages/airflow/example_dags/example_branch_labels.py for tasks to queue
[2021-12-10 08:25:35,258] {logging_mixin.py:109} INFO - [2021-12-10 08:25:35,257] {dagbag.py:500} INFO - Filling up the DagBag from /home/airflow/.local/lib/python3.7/site-packages/airflow/example_dags/example_branch_labels.py
[2021-12-10 08:25:35,286] {processor.py:637} INFO - DAG(s) dict_keys(['example_branch_labels']) retrieved from /home/airflow/.local/lib/python3.7/site-packages/airflow/example_dags/example_branch_labels.py
[2021-12-10 08:25:35,298] {logging_mixin.py:109} INFO - [2021-12-10 08:25:35,298] {dag.py:2396} INFO - Sync 1 DAGs
[2021-12-10 08:25:35,318] {logging_mixin.py:109} INFO - [2021-12-10 08:25:35,318] {dag.py:2928} INFO - Setting next_dagrun for example_branch_labels to 2021-12-09 00:00:00+00:00
[2021-12-10 08:25:35,328] {processor.py:171} INFO - Processing /home/airflow/.local/lib/python3.7/site-packages/airflow/example_dags/example_branch_labels.py took 0.076 seconds
[2021-12-10 08:26:05,731] {processor.py:163} INFO - Started process (PID=591) to work on /home/airflow/.local/lib/python3.7/site-packages/airflow/example_dags/example_branch_labels.py
[2021-12-10 08:26:05,732] {processor.py:625} INFO - Processing file /home/airflow/.local/lib/python3.7/site-packages/airflow/example_dags/example_branch_labels.py for tasks to queue
[2021-12-10 08:26:05,733] {logging_mixin.py:109} INFO - [2021-12-10 08:26:05,733] {dagbag.py:500} INFO - Filling up the DagBag from /home/airflow/.local/lib/python3.7/site-packages/airflow/example_dags/example_branch_labels.py
[2021-12-10 08:26:05,761] {processor.py:637} INFO - DAG(s) dict_keys(['example_branch_labels']) retrieved from /home/airflow/.local/lib/python3.7/site-packages/airflow/example_dags/example_branch_labels.py
[2021-12-10 08:26:05,772] {logging_mixin.py:109} INFO - [2021-12-10 08:26:05,772] {dag.py:2396} INFO - Sync 1 DAGs
[2021-12-10 08:26:05,791] {logging_mixin.py:109} INFO - [2021-12-10 08:26:05,791] {dag.py:2928} INFO - Setting next_dagrun for example_branch_labels to 2021-12-09 00:00:00+00:00
[2021-12-10 08:26:05,800] {processor.py:171} INFO - Processing /home/airflow/.local/lib/python3.7/site-packages/airflow/example_dags/example_branch_labels.py took 0.073 seconds
[2021-12-10 08:26:35,877] {processor.py:163} INFO - Started process (PID=643) to work on /home/airflow/.local/lib/python3.7/site-packages/airflow/example_dags/example_branch_labels.py
[2021-12-10 08:26:35,879] {processor.py:625} INFO - Processing file /home/airflow/.local/lib/python3.7/site-packages/airflow/example_dags/example_branch_labels.py for tasks to queue
[2021-12-10 08:26:35,880] {logging_mixin.py:109} INFO - [2021-12-10 08:26:35,880] {dagbag.py:500} INFO - Filling up the DagBag from /home/airflow/.local/lib/python3.7/site-packages/airflow/example_dags/example_branch_labels.py
[2021-12-10 08:26:35,907] {processor.py:637} INFO - DAG(s) dict_keys(['example_branch_labels']) retrieved from /home/airflow/.local/lib/python3.7/site-packages/airflow/example_dags/example_branch_labels.py
[2021-12-10 08:26:35,917] {logging_mixin.py:109} INFO - [2021-12-10 08:26:35,917] {dag.py:2396} INFO - Sync 1 DAGs
[2021-12-10 08:26:35,935] {logging_mixin.py:109} INFO - [2021-12-10 08:26:35,935] {dag.py:2928} INFO - Setting next_dagrun for example_branch_labels to 2021-12-09 00:00:00+00:00
[2021-12-10 08:26:35,948] {processor.py:171} INFO - Processing /home/airflow/.local/lib/python3.7/site-packages/airflow/example_dags/example_branch_labels.py took 0.075 seconds
[2021-12-10 08:27:06,056] {processor.py:163} INFO - Started process (PID=698) to work on /home/airflow/.local/lib/python3.7/site-packages/airflow/example_dags/example_branch_labels.py
[2021-12-10 08:27:06,057] {processor.py:625} INFO - Processing file /home/airflow/.local/lib/python3.7/site-packages/airflow/example_dags/example_branch_labels.py for tasks to queue
[2021-12-10 08:27:06,058] {logging_mixin.py:109} INFO - [2021-12-10 08:27:06,058] {dagbag.py:500} INFO - Filling up the DagBag from /home/airflow/.local/lib/python3.7/site-packages/airflow/example_dags/example_branch_labels.py
[2021-12-10 08:27:06,086] {processor.py:637} INFO - DAG(s) dict_keys(['example_branch_labels']) retrieved from /home/airflow/.local/lib/python3.7/site-packages/airflow/example_dags/example_branch_labels.py
[2021-12-10 08:27:06,096] {logging_mixin.py:109} INFO - [2021-12-10 08:27:06,096] {dag.py:2396} INFO - Sync 1 DAGs
[2021-12-10 08:27:06,113] {logging_mixin.py:109} INFO - [2021-12-10 08:27:06,113] {dag.py:2928} INFO - Setting next_dagrun for example_branch_labels to 2021-12-09 00:00:00+00:00
[2021-12-10 08:27:06,122] {processor.py:171} INFO - Processing /home/airflow/.local/lib/python3.7/site-packages/airflow/example_dags/example_branch_labels.py took 0.070 seconds
[2021-12-10 08:27:36,277] {processor.py:163} INFO - Started process (PID=760) to work on /home/airflow/.local/lib/python3.7/site-packages/airflow/example_dags/example_branch_labels.py
[2021-12-10 08:27:36,279] {processor.py:625} INFO - Processing file /home/airflow/.local/lib/python3.7/site-packages/airflow/example_dags/example_branch_labels.py for tasks to queue
[2021-12-10 08:27:36,279] {logging_mixin.py:109} INFO - [2021-12-10 08:27:36,279] {dagbag.py:500} INFO - Filling up the DagBag from /home/airflow/.local/lib/python3.7/site-packages/airflow/example_dags/example_branch_labels.py
[2021-12-10 08:27:36,309] {processor.py:637} INFO - DAG(s) dict_keys(['example_branch_labels']) retrieved from /home/airflow/.local/lib/python3.7/site-packages/airflow/example_dags/example_branch_labels.py
[2021-12-10 08:27:36,322] {logging_mixin.py:109} INFO - [2021-12-10 08:27:36,321] {dag.py:2396} INFO - Sync 1 DAGs
[2021-12-10 08:27:36,340] {logging_mixin.py:109} INFO - [2021-12-10 08:27:36,340] {dag.py:2928} INFO - Setting next_dagrun for example_branch_labels to 2021-12-09 00:00:00+00:00
[2021-12-10 08:27:36,349] {processor.py:171} INFO - Processing /home/airflow/.local/lib/python3.7/site-packages/airflow/example_dags/example_branch_labels.py took 0.075 seconds
[2021-12-10 08:28:06,435] {processor.py:163} INFO - Started process (PID=812) to work on /home/airflow/.local/lib/python3.7/site-packages/airflow/example_dags/example_branch_labels.py
[2021-12-10 08:28:06,437] {processor.py:625} INFO - Processing file /home/airflow/.local/lib/python3.7/site-packages/airflow/example_dags/example_branch_labels.py for tasks to queue
[2021-12-10 08:28:06,438] {logging_mixin.py:109} INFO - [2021-12-10 08:28:06,438] {dagbag.py:500} INFO - Filling up the DagBag from /home/airflow/.local/lib/python3.7/site-packages/airflow/example_dags/example_branch_labels.py
[2021-12-10 08:28:06,469] {processor.py:637} INFO - DAG(s) dict_keys(['example_branch_labels']) retrieved from /home/airflow/.local/lib/python3.7/site-packages/airflow/example_dags/example_branch_labels.py
[2021-12-10 08:28:06,481] {logging_mixin.py:109} INFO - [2021-12-10 08:28:06,481] {dag.py:2396} INFO - Sync 1 DAGs
[2021-12-10 08:28:06,502] {logging_mixin.py:109} INFO - [2021-12-10 08:28:06,501] {dag.py:2928} INFO - Setting next_dagrun for example_branch_labels to 2021-12-09 00:00:00+00:00
[2021-12-10 08:28:06,511] {processor.py:171} INFO - Processing /home/airflow/.local/lib/python3.7/site-packages/airflow/example_dags/example_branch_labels.py took 0.079 seconds
[2021-12-10 08:28:36,734] {processor.py:163} INFO - Started process (PID=873) to work on /home/airflow/.local/lib/python3.7/site-packages/airflow/example_dags/example_branch_labels.py
[2021-12-10 08:28:36,735] {processor.py:625} INFO - Processing file /home/airflow/.local/lib/python3.7/site-packages/airflow/example_dags/example_branch_labels.py for tasks to queue
[2021-12-10 08:28:36,736] {logging_mixin.py:109} INFO - [2021-12-10 08:28:36,735] {dagbag.py:500} INFO - Filling up the DagBag from /home/airflow/.local/lib/python3.7/site-packages/airflow/example_dags/example_branch_labels.py
[2021-12-10 08:28:36,768] {processor.py:637} INFO - DAG(s) dict_keys(['example_branch_labels']) retrieved from /home/airflow/.local/lib/python3.7/site-packages/airflow/example_dags/example_branch_labels.py
[2021-12-10 08:28:36,779] {logging_mixin.py:109} INFO - [2021-12-10 08:28:36,779] {dag.py:2396} INFO - Sync 1 DAGs
[2021-12-10 08:28:36,798] {logging_mixin.py:109} INFO - [2021-12-10 08:28:36,797] {dag.py:2928} INFO - Setting next_dagrun for example_branch_labels to 2021-12-09 00:00:00+00:00
[2021-12-10 08:28:36,807] {processor.py:171} INFO - Processing /home/airflow/.local/lib/python3.7/site-packages/airflow/example_dags/example_branch_labels.py took 0.077 seconds
[2021-12-10 08:29:06,947] {processor.py:163} INFO - Started process (PID=924) to work on /home/airflow/.local/lib/python3.7/site-packages/airflow/example_dags/example_branch_labels.py
[2021-12-10 08:29:06,948] {processor.py:625} INFO - Processing file /home/airflow/.local/lib/python3.7/site-packages/airflow/example_dags/example_branch_labels.py for tasks to queue
[2021-12-10 08:29:06,949] {logging_mixin.py:109} INFO - [2021-12-10 08:29:06,949] {dagbag.py:500} INFO - Filling up the DagBag from /home/airflow/.local/lib/python3.7/site-packages/airflow/example_dags/example_branch_labels.py
[2021-12-10 08:29:06,980] {processor.py:637} INFO - DAG(s) dict_keys(['example_branch_labels']) retrieved from /home/airflow/.local/lib/python3.7/site-packages/airflow/example_dags/example_branch_labels.py
[2021-12-10 08:29:06,991] {logging_mixin.py:109} INFO - [2021-12-10 08:29:06,991] {dag.py:2396} INFO - Sync 1 DAGs
[2021-12-10 08:29:07,011] {logging_mixin.py:109} INFO - [2021-12-10 08:29:07,011] {dag.py:2928} INFO - Setting next_dagrun for example_branch_labels to 2021-12-09 00:00:00+00:00
[2021-12-10 08:29:07,020] {processor.py:171} INFO - Processing /home/airflow/.local/lib/python3.7/site-packages/airflow/example_dags/example_branch_labels.py took 0.077 seconds
[2021-12-10 08:29:37,078] {processor.py:163} INFO - Started process (PID=976) to work on /home/airflow/.local/lib/python3.7/site-packages/airflow/example_dags/example_branch_labels.py
[2021-12-10 08:29:37,081] {processor.py:625} INFO - Processing file /home/airflow/.local/lib/python3.7/site-packages/airflow/example_dags/example_branch_labels.py for tasks to queue
[2021-12-10 08:29:37,081] {logging_mixin.py:109} INFO - [2021-12-10 08:29:37,081] {dagbag.py:500} INFO - Filling up the DagBag from /home/airflow/.local/lib/python3.7/site-packages/airflow/example_dags/example_branch_labels.py
[2021-12-10 08:29:37,107] {processor.py:637} INFO - DAG(s) dict_keys(['example_branch_labels']) retrieved from /home/airflow/.local/lib/python3.7/site-packages/airflow/example_dags/example_branch_labels.py
[2021-12-10 08:29:37,117] {logging_mixin.py:109} INFO - [2021-12-10 08:29:37,117] {dag.py:2396} INFO - Sync 1 DAGs
[2021-12-10 08:29:37,134] {logging_mixin.py:109} INFO - [2021-12-10 08:29:37,134] {dag.py:2928} INFO - Setting next_dagrun for example_branch_labels to 2021-12-09 00:00:00+00:00
[2021-12-10 08:29:37,143] {processor.py:171} INFO - Processing /home/airflow/.local/lib/python3.7/site-packages/airflow/example_dags/example_branch_labels.py took 0.069 seconds
[2021-12-10 08:30:07,305] {processor.py:163} INFO - Started process (PID=1038) to work on /home/airflow/.local/lib/python3.7/site-packages/airflow/example_dags/example_branch_labels.py
[2021-12-10 08:30:07,307] {processor.py:625} INFO - Processing file /home/airflow/.local/lib/python3.7/site-packages/airflow/example_dags/example_branch_labels.py for tasks to queue
[2021-12-10 08:30:07,307] {logging_mixin.py:109} INFO - [2021-12-10 08:30:07,307] {dagbag.py:500} INFO - Filling up the DagBag from /home/airflow/.local/lib/python3.7/site-packages/airflow/example_dags/example_branch_labels.py
[2021-12-10 08:30:07,335] {processor.py:637} INFO - DAG(s) dict_keys(['example_branch_labels']) retrieved from /home/airflow/.local/lib/python3.7/site-packages/airflow/example_dags/example_branch_labels.py
[2021-12-10 08:30:07,346] {logging_mixin.py:109} INFO - [2021-12-10 08:30:07,346] {dag.py:2396} INFO - Sync 1 DAGs
[2021-12-10 08:30:07,366] {logging_mixin.py:109} INFO - [2021-12-10 08:30:07,365] {dag.py:2928} INFO - Setting next_dagrun for example_branch_labels to 2021-12-09 00:00:00+00:00
[2021-12-10 08:30:07,375] {processor.py:171} INFO - Processing /home/airflow/.local/lib/python3.7/site-packages/airflow/example_dags/example_branch_labels.py took 0.074 seconds
[2021-12-10 08:30:37,465] {processor.py:163} INFO - Started process (PID=1091) to work on /home/airflow/.local/lib/python3.7/site-packages/airflow/example_dags/example_branch_labels.py
[2021-12-10 08:30:37,467] {processor.py:625} INFO - Processing file /home/airflow/.local/lib/python3.7/site-packages/airflow/example_dags/example_branch_labels.py for tasks to queue
[2021-12-10 08:30:37,467] {logging_mixin.py:109} INFO - [2021-12-10 08:30:37,467] {dagbag.py:500} INFO - Filling up the DagBag from /home/airflow/.local/lib/python3.7/site-packages/airflow/example_dags/example_branch_labels.py
[2021-12-10 08:30:37,499] {processor.py:637} INFO - DAG(s) dict_keys(['example_branch_labels']) retrieved from /home/airflow/.local/lib/python3.7/site-packages/airflow/example_dags/example_branch_labels.py
[2021-12-10 08:30:37,512] {logging_mixin.py:109} INFO - [2021-12-10 08:30:37,512] {dag.py:2396} INFO - Sync 1 DAGs
[2021-12-10 08:30:37,531] {logging_mixin.py:109} INFO - [2021-12-10 08:30:37,531] {dag.py:2928} INFO - Setting next_dagrun for example_branch_labels to 2021-12-09 00:00:00+00:00
[2021-12-10 08:30:37,541] {processor.py:171} INFO - Processing /home/airflow/.local/lib/python3.7/site-packages/airflow/example_dags/example_branch_labels.py took 0.080 seconds
[2021-12-10 08:31:07,837] {processor.py:163} INFO - Started process (PID=1152) to work on /home/airflow/.local/lib/python3.7/site-packages/airflow/example_dags/example_branch_labels.py
[2021-12-10 08:31:07,838] {processor.py:625} INFO - Processing file /home/airflow/.local/lib/python3.7/site-packages/airflow/example_dags/example_branch_labels.py for tasks to queue
[2021-12-10 08:31:07,839] {logging_mixin.py:109} INFO - [2021-12-10 08:31:07,839] {dagbag.py:500} INFO - Filling up the DagBag from /home/airflow/.local/lib/python3.7/site-packages/airflow/example_dags/example_branch_labels.py
[2021-12-10 08:31:07,868] {processor.py:637} INFO - DAG(s) dict_keys(['example_branch_labels']) retrieved from /home/airflow/.local/lib/python3.7/site-packages/airflow/example_dags/example_branch_labels.py
[2021-12-10 08:31:07,879] {logging_mixin.py:109} INFO - [2021-12-10 08:31:07,879] {dag.py:2396} INFO - Sync 1 DAGs
[2021-12-10 08:31:07,899] {logging_mixin.py:109} INFO - [2021-12-10 08:31:07,899] {dag.py:2928} INFO - Setting next_dagrun for example_branch_labels to 2021-12-09 00:00:00+00:00
[2021-12-10 08:31:07,910] {processor.py:171} INFO - Processing /home/airflow/.local/lib/python3.7/site-packages/airflow/example_dags/example_branch_labels.py took 0.077 seconds
[2021-12-10 08:31:38,055] {processor.py:163} INFO - Started process (PID=1205) to work on /home/airflow/.local/lib/python3.7/site-packages/airflow/example_dags/example_branch_labels.py
[2021-12-10 08:31:38,056] {processor.py:625} INFO - Processing file /home/airflow/.local/lib/python3.7/site-packages/airflow/example_dags/example_branch_labels.py for tasks to queue
[2021-12-10 08:31:38,057] {logging_mixin.py:109} INFO - [2021-12-10 08:31:38,057] {dagbag.py:500} INFO - Filling up the DagBag from /home/airflow/.local/lib/python3.7/site-packages/airflow/example_dags/example_branch_labels.py
[2021-12-10 08:31:38,086] {processor.py:637} INFO - DAG(s) dict_keys(['example_branch_labels']) retrieved from /home/airflow/.local/lib/python3.7/site-packages/airflow/example_dags/example_branch_labels.py
[2021-12-10 08:31:38,098] {logging_mixin.py:109} INFO - [2021-12-10 08:31:38,098] {dag.py:2396} INFO - Sync 1 DAGs
[2021-12-10 08:31:38,118] {logging_mixin.py:109} INFO - [2021-12-10 08:31:38,118] {dag.py:2928} INFO - Setting next_dagrun for example_branch_labels to 2021-12-09 00:00:00+00:00
[2021-12-10 08:31:38,130] {processor.py:171} INFO - Processing /home/airflow/.local/lib/python3.7/site-packages/airflow/example_dags/example_branch_labels.py took 0.079 seconds
[2021-12-10 08:32:08,413] {processor.py:163} INFO - Started process (PID=1258) to work on /home/airflow/.local/lib/python3.7/site-packages/airflow/example_dags/example_branch_labels.py
[2021-12-10 08:32:08,415] {processor.py:625} INFO - Processing file /home/airflow/.local/lib/python3.7/site-packages/airflow/example_dags/example_branch_labels.py for tasks to queue
[2021-12-10 08:32:08,415] {logging_mixin.py:109} INFO - [2021-12-10 08:32:08,415] {dagbag.py:500} INFO - Filling up the DagBag from /home/airflow/.local/lib/python3.7/site-packages/airflow/example_dags/example_branch_labels.py
[2021-12-10 08:32:08,445] {processor.py:637} INFO - DAG(s) dict_keys(['example_branch_labels']) retrieved from /home/airflow/.local/lib/python3.7/site-packages/airflow/example_dags/example_branch_labels.py
[2021-12-10 08:32:08,457] {logging_mixin.py:109} INFO - [2021-12-10 08:32:08,456] {dag.py:2396} INFO - Sync 1 DAGs
[2021-12-10 08:32:08,475] {logging_mixin.py:109} INFO - [2021-12-10 08:32:08,474] {dag.py:2928} INFO - Setting next_dagrun for example_branch_labels to 2021-12-09 00:00:00+00:00
[2021-12-10 08:32:08,483] {processor.py:171} INFO - Processing /home/airflow/.local/lib/python3.7/site-packages/airflow/example_dags/example_branch_labels.py took 0.073 seconds
[2021-12-10 08:32:38,902] {processor.py:163} INFO - Started process (PID=1320) to work on /home/airflow/.local/lib/python3.7/site-packages/airflow/example_dags/example_branch_labels.py
[2021-12-10 08:32:38,904] {processor.py:625} INFO - Processing file /home/airflow/.local/lib/python3.7/site-packages/airflow/example_dags/example_branch_labels.py for tasks to queue
[2021-12-10 08:32:38,905] {logging_mixin.py:109} INFO - [2021-12-10 08:32:38,905] {dagbag.py:500} INFO - Filling up the DagBag from /home/airflow/.local/lib/python3.7/site-packages/airflow/example_dags/example_branch_labels.py
[2021-12-10 08:32:38,935] {processor.py:637} INFO - DAG(s) dict_keys(['example_branch_labels']) retrieved from /home/airflow/.local/lib/python3.7/site-packages/airflow/example_dags/example_branch_labels.py
[2021-12-10 08:32:38,948] {logging_mixin.py:109} INFO - [2021-12-10 08:32:38,948] {dag.py:2396} INFO - Sync 1 DAGs
[2021-12-10 08:32:38,967] {logging_mixin.py:109} INFO - [2021-12-10 08:32:38,967] {dag.py:2928} INFO - Setting next_dagrun for example_branch_labels to 2021-12-09 00:00:00+00:00
[2021-12-10 08:32:38,977] {processor.py:171} INFO - Processing /home/airflow/.local/lib/python3.7/site-packages/airflow/example_dags/example_branch_labels.py took 0.079 seconds
[2021-12-10 08:33:09,049] {processor.py:163} INFO - Started process (PID=1372) to work on /home/airflow/.local/lib/python3.7/site-packages/airflow/example_dags/example_branch_labels.py
[2021-12-10 08:33:09,051] {processor.py:625} INFO - Processing file /home/airflow/.local/lib/python3.7/site-packages/airflow/example_dags/example_branch_labels.py for tasks to queue
[2021-12-10 08:33:09,051] {logging_mixin.py:109} INFO - [2021-12-10 08:33:09,051] {dagbag.py:500} INFO - Filling up the DagBag from /home/airflow/.local/lib/python3.7/site-packages/airflow/example_dags/example_branch_labels.py
[2021-12-10 08:33:09,077] {processor.py:637} INFO - DAG(s) dict_keys(['example_branch_labels']) retrieved from /home/airflow/.local/lib/python3.7/site-packages/airflow/example_dags/example_branch_labels.py
[2021-12-10 08:33:09,088] {logging_mixin.py:109} INFO - [2021-12-10 08:33:09,088] {dag.py:2396} INFO - Sync 1 DAGs
[2021-12-10 08:33:09,105] {logging_mixin.py:109} INFO - [2021-12-10 08:33:09,105] {dag.py:2928} INFO - Setting next_dagrun for example_branch_labels to 2021-12-09 00:00:00+00:00
[2021-12-10 08:33:09,114] {processor.py:171} INFO - Processing /home/airflow/.local/lib/python3.7/site-packages/airflow/example_dags/example_branch_labels.py took 0.068 seconds
[2021-12-10 08:33:39,250] {processor.py:163} INFO - Started process (PID=1433) to work on /home/airflow/.local/lib/python3.7/site-packages/airflow/example_dags/example_branch_labels.py
[2021-12-10 08:33:39,251] {processor.py:625} INFO - Processing file /home/airflow/.local/lib/python3.7/site-packages/airflow/example_dags/example_branch_labels.py for tasks to queue
[2021-12-10 08:33:39,252] {logging_mixin.py:109} INFO - [2021-12-10 08:33:39,252] {dagbag.py:500} INFO - Filling up the DagBag from /home/airflow/.local/lib/python3.7/site-packages/airflow/example_dags/example_branch_labels.py
[2021-12-10 08:33:39,279] {processor.py:637} INFO - DAG(s) dict_keys(['example_branch_labels']) retrieved from /home/airflow/.local/lib/python3.7/site-packages/airflow/example_dags/example_branch_labels.py
[2021-12-10 08:33:39,289] {logging_mixin.py:109} INFO - [2021-12-10 08:33:39,289] {dag.py:2396} INFO - Sync 1 DAGs
[2021-12-10 08:33:39,307] {logging_mixin.py:109} INFO - [2021-12-10 08:33:39,307] {dag.py:2928} INFO - Setting next_dagrun for example_branch_labels to 2021-12-09 00:00:00+00:00
[2021-12-10 08:33:39,316] {processor.py:171} INFO - Processing /home/airflow/.local/lib/python3.7/site-packages/airflow/example_dags/example_branch_labels.py took 0.070 seconds
[2021-12-10 08:34:09,435] {processor.py:163} INFO - Started process (PID=1486) to work on /home/airflow/.local/lib/python3.7/site-packages/airflow/example_dags/example_branch_labels.py
[2021-12-10 08:34:09,437] {processor.py:625} INFO - Processing file /home/airflow/.local/lib/python3.7/site-packages/airflow/example_dags/example_branch_labels.py for tasks to queue
[2021-12-10 08:34:09,438] {logging_mixin.py:109} INFO - [2021-12-10 08:34:09,437] {dagbag.py:500} INFO - Filling up the DagBag from /home/airflow/.local/lib/python3.7/site-packages/airflow/example_dags/example_branch_labels.py
[2021-12-10 08:34:09,465] {processor.py:637} INFO - DAG(s) dict_keys(['example_branch_labels']) retrieved from /home/airflow/.local/lib/python3.7/site-packages/airflow/example_dags/example_branch_labels.py
[2021-12-10 08:34:09,474] {logging_mixin.py:109} INFO - [2021-12-10 08:34:09,474] {dag.py:2396} INFO - Sync 1 DAGs
[2021-12-10 08:34:09,492] {logging_mixin.py:109} INFO - [2021-12-10 08:34:09,491] {dag.py:2928} INFO - Setting next_dagrun for example_branch_labels to 2021-12-09 00:00:00+00:00
[2021-12-10 08:34:09,501] {processor.py:171} INFO - Processing /home/airflow/.local/lib/python3.7/site-packages/airflow/example_dags/example_branch_labels.py took 0.069 seconds
[2021-12-10 08:34:39,873] {processor.py:163} INFO - Started process (PID=1538) to work on /home/airflow/.local/lib/python3.7/site-packages/airflow/example_dags/example_branch_labels.py
[2021-12-10 08:34:39,875] {processor.py:625} INFO - Processing file /home/airflow/.local/lib/python3.7/site-packages/airflow/example_dags/example_branch_labels.py for tasks to queue
[2021-12-10 08:34:39,876] {logging_mixin.py:109} INFO - [2021-12-10 08:34:39,876] {dagbag.py:500} INFO - Filling up the DagBag from /home/airflow/.local/lib/python3.7/site-packages/airflow/example_dags/example_branch_labels.py
[2021-12-10 08:34:39,904] {processor.py:637} INFO - DAG(s) dict_keys(['example_branch_labels']) retrieved from /home/airflow/.local/lib/python3.7/site-packages/airflow/example_dags/example_branch_labels.py
[2021-12-10 08:34:39,914] {logging_mixin.py:109} INFO - [2021-12-10 08:34:39,914] {dag.py:2396} INFO - Sync 1 DAGs
[2021-12-10 08:34:39,932] {logging_mixin.py:109} INFO - [2021-12-10 08:34:39,931] {dag.py:2928} INFO - Setting next_dagrun for example_branch_labels to 2021-12-09 00:00:00+00:00
[2021-12-10 08:34:39,940] {processor.py:171} INFO - Processing /home/airflow/.local/lib/python3.7/site-packages/airflow/example_dags/example_branch_labels.py took 0.071 seconds
[2021-12-10 08:35:10,043] {processor.py:163} INFO - Started process (PID=1600) to work on /home/airflow/.local/lib/python3.7/site-packages/airflow/example_dags/example_branch_labels.py
[2021-12-10 08:35:10,045] {processor.py:625} INFO - Processing file /home/airflow/.local/lib/python3.7/site-packages/airflow/example_dags/example_branch_labels.py for tasks to queue
[2021-12-10 08:35:10,046] {logging_mixin.py:109} INFO - [2021-12-10 08:35:10,046] {dagbag.py:500} INFO - Filling up the DagBag from /home/airflow/.local/lib/python3.7/site-packages/airflow/example_dags/example_branch_labels.py
[2021-12-10 08:35:10,073] {processor.py:637} INFO - DAG(s) dict_keys(['example_branch_labels']) retrieved from /home/airflow/.local/lib/python3.7/site-packages/airflow/example_dags/example_branch_labels.py
[2021-12-10 08:35:10,084] {logging_mixin.py:109} INFO - [2021-12-10 08:35:10,084] {dag.py:2396} INFO - Sync 1 DAGs
[2021-12-10 08:35:10,101] {logging_mixin.py:109} INFO - [2021-12-10 08:35:10,101] {dag.py:2928} INFO - Setting next_dagrun for example_branch_labels to 2021-12-09 00:00:00+00:00
[2021-12-10 08:35:10,110] {processor.py:171} INFO - Processing /home/airflow/.local/lib/python3.7/site-packages/airflow/example_dags/example_branch_labels.py took 0.070 seconds
[2021-12-10 08:35:40,199] {processor.py:163} INFO - Started process (PID=1651) to work on /home/airflow/.local/lib/python3.7/site-packages/airflow/example_dags/example_branch_labels.py
[2021-12-10 08:35:40,200] {processor.py:625} INFO - Processing file /home/airflow/.local/lib/python3.7/site-packages/airflow/example_dags/example_branch_labels.py for tasks to queue
[2021-12-10 08:35:40,201] {logging_mixin.py:109} INFO - [2021-12-10 08:35:40,201] {dagbag.py:500} INFO - Filling up the DagBag from /home/airflow/.local/lib/python3.7/site-packages/airflow/example_dags/example_branch_labels.py
[2021-12-10 08:35:40,228] {processor.py:637} INFO - DAG(s) dict_keys(['example_branch_labels']) retrieved from /home/airflow/.local/lib/python3.7/site-packages/airflow/example_dags/example_branch_labels.py
[2021-12-10 08:35:40,238] {logging_mixin.py:109} INFO - [2021-12-10 08:35:40,238] {dag.py:2396} INFO - Sync 1 DAGs
[2021-12-10 08:35:40,256] {logging_mixin.py:109} INFO - [2021-12-10 08:35:40,256] {dag.py:2928} INFO - Setting next_dagrun for example_branch_labels to 2021-12-09 00:00:00+00:00
[2021-12-10 08:35:40,266] {processor.py:171} INFO - Processing /home/airflow/.local/lib/python3.7/site-packages/airflow/example_dags/example_branch_labels.py took 0.070 seconds
[2021-12-10 08:36:10,341] {processor.py:163} INFO - Started process (PID=1714) to work on /home/airflow/.local/lib/python3.7/site-packages/airflow/example_dags/example_branch_labels.py
[2021-12-10 08:36:10,342] {processor.py:625} INFO - Processing file /home/airflow/.local/lib/python3.7/site-packages/airflow/example_dags/example_branch_labels.py for tasks to queue
[2021-12-10 08:36:10,343] {logging_mixin.py:109} INFO - [2021-12-10 08:36:10,343] {dagbag.py:500} INFO - Filling up the DagBag from /home/airflow/.local/lib/python3.7/site-packages/airflow/example_dags/example_branch_labels.py
[2021-12-10 08:36:10,371] {processor.py:637} INFO - DAG(s) dict_keys(['example_branch_labels']) retrieved from /home/airflow/.local/lib/python3.7/site-packages/airflow/example_dags/example_branch_labels.py
[2021-12-10 08:36:10,382] {logging_mixin.py:109} INFO - [2021-12-10 08:36:10,381] {dag.py:2396} INFO - Sync 1 DAGs
[2021-12-10 08:36:10,399] {logging_mixin.py:109} INFO - [2021-12-10 08:36:10,399] {dag.py:2928} INFO - Setting next_dagrun for example_branch_labels to 2021-12-09 00:00:00+00:00
[2021-12-10 08:36:10,409] {processor.py:171} INFO - Processing /home/airflow/.local/lib/python3.7/site-packages/airflow/example_dags/example_branch_labels.py took 0.072 seconds
[2021-12-10 08:36:40,752] {processor.py:163} INFO - Started process (PID=1766) to work on /home/airflow/.local/lib/python3.7/site-packages/airflow/example_dags/example_branch_labels.py
[2021-12-10 08:36:40,753] {processor.py:625} INFO - Processing file /home/airflow/.local/lib/python3.7/site-packages/airflow/example_dags/example_branch_labels.py for tasks to queue
[2021-12-10 08:36:40,753] {logging_mixin.py:109} INFO - [2021-12-10 08:36:40,753] {dagbag.py:500} INFO - Filling up the DagBag from /home/airflow/.local/lib/python3.7/site-packages/airflow/example_dags/example_branch_labels.py
[2021-12-10 08:36:40,781] {processor.py:637} INFO - DAG(s) dict_keys(['example_branch_labels']) retrieved from /home/airflow/.local/lib/python3.7/site-packages/airflow/example_dags/example_branch_labels.py
[2021-12-10 08:36:40,792] {logging_mixin.py:109} INFO - [2021-12-10 08:36:40,791] {dag.py:2396} INFO - Sync 1 DAGs
[2021-12-10 08:36:40,809] {logging_mixin.py:109} INFO - [2021-12-10 08:36:40,809] {dag.py:2928} INFO - Setting next_dagrun for example_branch_labels to 2021-12-09 00:00:00+00:00
[2021-12-10 08:36:40,819] {processor.py:171} INFO - Processing /home/airflow/.local/lib/python3.7/site-packages/airflow/example_dags/example_branch_labels.py took 0.071 seconds
[2021-12-10 08:37:10,885] {processor.py:163} INFO - Started process (PID=1819) to work on /home/airflow/.local/lib/python3.7/site-packages/airflow/example_dags/example_branch_labels.py
[2021-12-10 08:37:10,887] {processor.py:625} INFO - Processing file /home/airflow/.local/lib/python3.7/site-packages/airflow/example_dags/example_branch_labels.py for tasks to queue
[2021-12-10 08:37:10,887] {logging_mixin.py:109} INFO - [2021-12-10 08:37:10,887] {dagbag.py:500} INFO - Filling up the DagBag from /home/airflow/.local/lib/python3.7/site-packages/airflow/example_dags/example_branch_labels.py
[2021-12-10 08:37:10,919] {processor.py:637} INFO - DAG(s) dict_keys(['example_branch_labels']) retrieved from /home/airflow/.local/lib/python3.7/site-packages/airflow/example_dags/example_branch_labels.py
[2021-12-10 08:37:10,931] {logging_mixin.py:109} INFO - [2021-12-10 08:37:10,931] {dag.py:2396} INFO - Sync 1 DAGs
[2021-12-10 08:37:10,952] {logging_mixin.py:109} INFO - [2021-12-10 08:37:10,952] {dag.py:2928} INFO - Setting next_dagrun for example_branch_labels to 2021-12-09 00:00:00+00:00
[2021-12-10 08:37:10,961] {processor.py:171} INFO - Processing /home/airflow/.local/lib/python3.7/site-packages/airflow/example_dags/example_branch_labels.py took 0.080 seconds
[2021-12-10 08:37:41,180] {processor.py:163} INFO - Started process (PID=1882) to work on /home/airflow/.local/lib/python3.7/site-packages/airflow/example_dags/example_branch_labels.py
[2021-12-10 08:37:41,181] {processor.py:625} INFO - Processing file /home/airflow/.local/lib/python3.7/site-packages/airflow/example_dags/example_branch_labels.py for tasks to queue
[2021-12-10 08:37:41,182] {logging_mixin.py:109} INFO - [2021-12-10 08:37:41,182] {dagbag.py:500} INFO - Filling up the DagBag from /home/airflow/.local/lib/python3.7/site-packages/airflow/example_dags/example_branch_labels.py
[2021-12-10 08:37:41,211] {processor.py:637} INFO - DAG(s) dict_keys(['example_branch_labels']) retrieved from /home/airflow/.local/lib/python3.7/site-packages/airflow/example_dags/example_branch_labels.py
[2021-12-10 08:37:41,222] {logging_mixin.py:109} INFO - [2021-12-10 08:37:41,222] {dag.py:2396} INFO - Sync 1 DAGs
[2021-12-10 08:37:41,241] {logging_mixin.py:109} INFO - [2021-12-10 08:37:41,241] {dag.py:2928} INFO - Setting next_dagrun for example_branch_labels to 2021-12-09 00:00:00+00:00
[2021-12-10 08:37:41,251] {processor.py:171} INFO - Processing /home/airflow/.local/lib/python3.7/site-packages/airflow/example_dags/example_branch_labels.py took 0.075 seconds
[2021-12-10 08:38:11,511] {processor.py:163} INFO - Started process (PID=1934) to work on /home/airflow/.local/lib/python3.7/site-packages/airflow/example_dags/example_branch_labels.py
[2021-12-10 08:38:11,513] {processor.py:625} INFO - Processing file /home/airflow/.local/lib/python3.7/site-packages/airflow/example_dags/example_branch_labels.py for tasks to queue
[2021-12-10 08:38:11,513] {logging_mixin.py:109} INFO - [2021-12-10 08:38:11,513] {dagbag.py:500} INFO - Filling up the DagBag from /home/airflow/.local/lib/python3.7/site-packages/airflow/example_dags/example_branch_labels.py
[2021-12-10 08:38:11,541] {processor.py:637} INFO - DAG(s) dict_keys(['example_branch_labels']) retrieved from /home/airflow/.local/lib/python3.7/site-packages/airflow/example_dags/example_branch_labels.py
[2021-12-10 08:38:11,552] {logging_mixin.py:109} INFO - [2021-12-10 08:38:11,552] {dag.py:2396} INFO - Sync 1 DAGs
[2021-12-10 08:38:11,569] {logging_mixin.py:109} INFO - [2021-12-10 08:38:11,569] {dag.py:2928} INFO - Setting next_dagrun for example_branch_labels to 2021-12-09 00:00:00+00:00
[2021-12-10 08:38:11,578] {processor.py:171} INFO - Processing /home/airflow/.local/lib/python3.7/site-packages/airflow/example_dags/example_branch_labels.py took 0.071 seconds
[2021-12-10 08:38:41,897] {processor.py:163} INFO - Started process (PID=1995) to work on /home/airflow/.local/lib/python3.7/site-packages/airflow/example_dags/example_branch_labels.py
[2021-12-10 08:38:41,898] {processor.py:625} INFO - Processing file /home/airflow/.local/lib/python3.7/site-packages/airflow/example_dags/example_branch_labels.py for tasks to queue
[2021-12-10 08:38:41,899] {logging_mixin.py:109} INFO - [2021-12-10 08:38:41,899] {dagbag.py:500} INFO - Filling up the DagBag from /home/airflow/.local/lib/python3.7/site-packages/airflow/example_dags/example_branch_labels.py
[2021-12-10 08:38:41,928] {processor.py:637} INFO - DAG(s) dict_keys(['example_branch_labels']) retrieved from /home/airflow/.local/lib/python3.7/site-packages/airflow/example_dags/example_branch_labels.py
[2021-12-10 08:38:41,939] {logging_mixin.py:109} INFO - [2021-12-10 08:38:41,939] {dag.py:2396} INFO - Sync 1 DAGs
[2021-12-10 08:38:41,958] {logging_mixin.py:109} INFO - [2021-12-10 08:38:41,958] {dag.py:2928} INFO - Setting next_dagrun for example_branch_labels to 2021-12-09 00:00:00+00:00
[2021-12-10 08:38:41,967] {processor.py:171} INFO - Processing /home/airflow/.local/lib/python3.7/site-packages/airflow/example_dags/example_branch_labels.py took 0.074 seconds
[2021-12-10 08:39:12,173] {processor.py:163} INFO - Started process (PID=2047) to work on /home/airflow/.local/lib/python3.7/site-packages/airflow/example_dags/example_branch_labels.py
[2021-12-10 08:39:12,174] {processor.py:625} INFO - Processing file /home/airflow/.local/lib/python3.7/site-packages/airflow/example_dags/example_branch_labels.py for tasks to queue
[2021-12-10 08:39:12,176] {logging_mixin.py:109} INFO - [2021-12-10 08:39:12,176] {dagbag.py:500} INFO - Filling up the DagBag from /home/airflow/.local/lib/python3.7/site-packages/airflow/example_dags/example_branch_labels.py
[2021-12-10 08:39:12,206] {processor.py:637} INFO - DAG(s) dict_keys(['example_branch_labels']) retrieved from /home/airflow/.local/lib/python3.7/site-packages/airflow/example_dags/example_branch_labels.py
[2021-12-10 08:39:12,217] {logging_mixin.py:109} INFO - [2021-12-10 08:39:12,216] {dag.py:2396} INFO - Sync 1 DAGs
[2021-12-10 08:39:12,235] {logging_mixin.py:109} INFO - [2021-12-10 08:39:12,235] {dag.py:2928} INFO - Setting next_dagrun for example_branch_labels to 2021-12-09 00:00:00+00:00
[2021-12-10 08:39:12,245] {processor.py:171} INFO - Processing /home/airflow/.local/lib/python3.7/site-packages/airflow/example_dags/example_branch_labels.py took 0.076 seconds
[2021-12-10 08:39:42,307] {processor.py:163} INFO - Started process (PID=2099) to work on /home/airflow/.local/lib/python3.7/site-packages/airflow/example_dags/example_branch_labels.py
[2021-12-10 08:39:42,308] {processor.py:625} INFO - Processing file /home/airflow/.local/lib/python3.7/site-packages/airflow/example_dags/example_branch_labels.py for tasks to queue
[2021-12-10 08:39:42,309] {logging_mixin.py:109} INFO - [2021-12-10 08:39:42,309] {dagbag.py:500} INFO - Filling up the DagBag from /home/airflow/.local/lib/python3.7/site-packages/airflow/example_dags/example_branch_labels.py
[2021-12-10 08:39:42,343] {processor.py:637} INFO - DAG(s) dict_keys(['example_branch_labels']) retrieved from /home/airflow/.local/lib/python3.7/site-packages/airflow/example_dags/example_branch_labels.py
[2021-12-10 08:39:42,353] {logging_mixin.py:109} INFO - [2021-12-10 08:39:42,353] {dag.py:2396} INFO - Sync 1 DAGs
[2021-12-10 08:39:42,371] {logging_mixin.py:109} INFO - [2021-12-10 08:39:42,371] {dag.py:2928} INFO - Setting next_dagrun for example_branch_labels to 2021-12-09 00:00:00+00:00
[2021-12-10 08:39:42,381] {processor.py:171} INFO - Processing /home/airflow/.local/lib/python3.7/site-packages/airflow/example_dags/example_branch_labels.py took 0.079 seconds
[2021-12-10 08:40:12,461] {processor.py:163} INFO - Started process (PID=2162) to work on /home/airflow/.local/lib/python3.7/site-packages/airflow/example_dags/example_branch_labels.py
[2021-12-10 08:40:12,463] {processor.py:625} INFO - Processing file /home/airflow/.local/lib/python3.7/site-packages/airflow/example_dags/example_branch_labels.py for tasks to queue
[2021-12-10 08:40:12,464] {logging_mixin.py:109} INFO - [2021-12-10 08:40:12,464] {dagbag.py:500} INFO - Filling up the DagBag from /home/airflow/.local/lib/python3.7/site-packages/airflow/example_dags/example_branch_labels.py
[2021-12-10 08:40:12,493] {processor.py:637} INFO - DAG(s) dict_keys(['example_branch_labels']) retrieved from /home/airflow/.local/lib/python3.7/site-packages/airflow/example_dags/example_branch_labels.py
[2021-12-10 08:40:12,503] {logging_mixin.py:109} INFO - [2021-12-10 08:40:12,503] {dag.py:2396} INFO - Sync 1 DAGs
[2021-12-10 08:40:12,521] {logging_mixin.py:109} INFO - [2021-12-10 08:40:12,521] {dag.py:2928} INFO - Setting next_dagrun for example_branch_labels to 2021-12-09 00:00:00+00:00
[2021-12-10 08:40:12,530] {processor.py:171} INFO - Processing /home/airflow/.local/lib/python3.7/site-packages/airflow/example_dags/example_branch_labels.py took 0.073 seconds
[2021-12-10 08:40:42,740] {processor.py:163} INFO - Started process (PID=2214) to work on /home/airflow/.local/lib/python3.7/site-packages/airflow/example_dags/example_branch_labels.py
[2021-12-10 08:40:42,742] {processor.py:625} INFO - Processing file /home/airflow/.local/lib/python3.7/site-packages/airflow/example_dags/example_branch_labels.py for tasks to queue
[2021-12-10 08:40:42,742] {logging_mixin.py:109} INFO - [2021-12-10 08:40:42,742] {dagbag.py:500} INFO - Filling up the DagBag from /home/airflow/.local/lib/python3.7/site-packages/airflow/example_dags/example_branch_labels.py
[2021-12-10 08:40:42,770] {processor.py:637} INFO - DAG(s) dict_keys(['example_branch_labels']) retrieved from /home/airflow/.local/lib/python3.7/site-packages/airflow/example_dags/example_branch_labels.py
[2021-12-10 08:40:42,780] {logging_mixin.py:109} INFO - [2021-12-10 08:40:42,780] {dag.py:2396} INFO - Sync 1 DAGs
[2021-12-10 08:40:42,799] {logging_mixin.py:109} INFO - [2021-12-10 08:40:42,798] {dag.py:2928} INFO - Setting next_dagrun for example_branch_labels to 2021-12-09 00:00:00+00:00
[2021-12-10 08:40:42,810] {processor.py:171} INFO - Processing /home/airflow/.local/lib/python3.7/site-packages/airflow/example_dags/example_branch_labels.py took 0.074 seconds
[2021-12-10 08:41:13,358] {processor.py:163} INFO - Started process (PID=2269) to work on /home/airflow/.local/lib/python3.7/site-packages/airflow/example_dags/example_branch_labels.py
[2021-12-10 08:41:13,360] {processor.py:625} INFO - Processing file /home/airflow/.local/lib/python3.7/site-packages/airflow/example_dags/example_branch_labels.py for tasks to queue
[2021-12-10 08:41:13,361] {logging_mixin.py:109} INFO - [2021-12-10 08:41:13,361] {dagbag.py:500} INFO - Filling up the DagBag from /home/airflow/.local/lib/python3.7/site-packages/airflow/example_dags/example_branch_labels.py
[2021-12-10 08:41:13,391] {processor.py:637} INFO - DAG(s) dict_keys(['example_branch_labels']) retrieved from /home/airflow/.local/lib/python3.7/site-packages/airflow/example_dags/example_branch_labels.py
[2021-12-10 08:41:13,402] {logging_mixin.py:109} INFO - [2021-12-10 08:41:13,402] {dag.py:2396} INFO - Sync 1 DAGs
[2021-12-10 08:41:13,422] {logging_mixin.py:109} INFO - [2021-12-10 08:41:13,422] {dag.py:2928} INFO - Setting next_dagrun for example_branch_labels to 2021-12-09 00:00:00+00:00
[2021-12-10 08:41:13,434] {processor.py:171} INFO - Processing /home/airflow/.local/lib/python3.7/site-packages/airflow/example_dags/example_branch_labels.py took 0.080 seconds
[2021-12-10 08:41:43,503] {processor.py:163} INFO - Started process (PID=2322) to work on /home/airflow/.local/lib/python3.7/site-packages/airflow/example_dags/example_branch_labels.py
[2021-12-10 08:41:43,505] {processor.py:625} INFO - Processing file /home/airflow/.local/lib/python3.7/site-packages/airflow/example_dags/example_branch_labels.py for tasks to queue
[2021-12-10 08:41:43,506] {logging_mixin.py:109} INFO - [2021-12-10 08:41:43,505] {dagbag.py:500} INFO - Filling up the DagBag from /home/airflow/.local/lib/python3.7/site-packages/airflow/example_dags/example_branch_labels.py
[2021-12-10 08:41:43,534] {processor.py:637} INFO - DAG(s) dict_keys(['example_branch_labels']) retrieved from /home/airflow/.local/lib/python3.7/site-packages/airflow/example_dags/example_branch_labels.py
[2021-12-10 08:41:43,544] {logging_mixin.py:109} INFO - [2021-12-10 08:41:43,544] {dag.py:2396} INFO - Sync 1 DAGs
[2021-12-10 08:41:43,563] {logging_mixin.py:109} INFO - [2021-12-10 08:41:43,563] {dag.py:2928} INFO - Setting next_dagrun for example_branch_labels to 2021-12-09 00:00:00+00:00
[2021-12-10 08:41:43,572] {processor.py:171} INFO - Processing /home/airflow/.local/lib/python3.7/site-packages/airflow/example_dags/example_branch_labels.py took 0.073 seconds
[2021-12-10 08:42:13,955] {processor.py:163} INFO - Started process (PID=2376) to work on /home/airflow/.local/lib/python3.7/site-packages/airflow/example_dags/example_branch_labels.py
[2021-12-10 08:42:13,957] {processor.py:625} INFO - Processing file /home/airflow/.local/lib/python3.7/site-packages/airflow/example_dags/example_branch_labels.py for tasks to queue
[2021-12-10 08:42:13,957] {logging_mixin.py:109} INFO - [2021-12-10 08:42:13,957] {dagbag.py:500} INFO - Filling up the DagBag from /home/airflow/.local/lib/python3.7/site-packages/airflow/example_dags/example_branch_labels.py
[2021-12-10 08:42:13,987] {processor.py:637} INFO - DAG(s) dict_keys(['example_branch_labels']) retrieved from /home/airflow/.local/lib/python3.7/site-packages/airflow/example_dags/example_branch_labels.py
[2021-12-10 08:42:14,002] {logging_mixin.py:109} INFO - [2021-12-10 08:42:14,001] {dag.py:2396} INFO - Sync 1 DAGs
[2021-12-10 08:42:14,022] {logging_mixin.py:109} INFO - [2021-12-10 08:42:14,021] {dag.py:2928} INFO - Setting next_dagrun for example_branch_labels to 2021-12-09 00:00:00+00:00
[2021-12-10 08:42:14,032] {processor.py:171} INFO - Processing /home/airflow/.local/lib/python3.7/site-packages/airflow/example_dags/example_branch_labels.py took 0.081 seconds
[2021-12-10 08:42:44,064] {processor.py:163} INFO - Started process (PID=2437) to work on /home/airflow/.local/lib/python3.7/site-packages/airflow/example_dags/example_branch_labels.py
[2021-12-10 08:42:44,065] {processor.py:625} INFO - Processing file /home/airflow/.local/lib/python3.7/site-packages/airflow/example_dags/example_branch_labels.py for tasks to queue
[2021-12-10 08:42:44,066] {logging_mixin.py:109} INFO - [2021-12-10 08:42:44,066] {dagbag.py:500} INFO - Filling up the DagBag from /home/airflow/.local/lib/python3.7/site-packages/airflow/example_dags/example_branch_labels.py
[2021-12-10 08:42:44,093] {processor.py:637} INFO - DAG(s) dict_keys(['example_branch_labels']) retrieved from /home/airflow/.local/lib/python3.7/site-packages/airflow/example_dags/example_branch_labels.py
[2021-12-10 08:42:44,103] {logging_mixin.py:109} INFO - [2021-12-10 08:42:44,103] {dag.py:2396} INFO - Sync 1 DAGs
[2021-12-10 08:42:44,123] {logging_mixin.py:109} INFO - [2021-12-10 08:42:44,122] {dag.py:2928} INFO - Setting next_dagrun for example_branch_labels to 2021-12-09 00:00:00+00:00
[2021-12-10 08:42:44,131] {processor.py:171} INFO - Processing /home/airflow/.local/lib/python3.7/site-packages/airflow/example_dags/example_branch_labels.py took 0.072 seconds
[2021-12-10 08:43:14,447] {processor.py:163} INFO - Started process (PID=2490) to work on /home/airflow/.local/lib/python3.7/site-packages/airflow/example_dags/example_branch_labels.py
[2021-12-10 08:43:14,449] {processor.py:625} INFO - Processing file /home/airflow/.local/lib/python3.7/site-packages/airflow/example_dags/example_branch_labels.py for tasks to queue
[2021-12-10 08:43:14,450] {logging_mixin.py:109} INFO - [2021-12-10 08:43:14,450] {dagbag.py:500} INFO - Filling up the DagBag from /home/airflow/.local/lib/python3.7/site-packages/airflow/example_dags/example_branch_labels.py
[2021-12-10 08:43:14,479] {processor.py:637} INFO - DAG(s) dict_keys(['example_branch_labels']) retrieved from /home/airflow/.local/lib/python3.7/site-packages/airflow/example_dags/example_branch_labels.py
[2021-12-10 08:43:14,489] {logging_mixin.py:109} INFO - [2021-12-10 08:43:14,489] {dag.py:2396} INFO - Sync 1 DAGs
[2021-12-10 08:43:14,509] {logging_mixin.py:109} INFO - [2021-12-10 08:43:14,509] {dag.py:2928} INFO - Setting next_dagrun for example_branch_labels to 2021-12-09 00:00:00+00:00
[2021-12-10 08:43:14,518] {processor.py:171} INFO - Processing /home/airflow/.local/lib/python3.7/site-packages/airflow/example_dags/example_branch_labels.py took 0.075 seconds
[2021-12-10 08:43:44,756] {processor.py:163} INFO - Started process (PID=2550) to work on /home/airflow/.local/lib/python3.7/site-packages/airflow/example_dags/example_branch_labels.py
[2021-12-10 08:43:44,758] {processor.py:625} INFO - Processing file /home/airflow/.local/lib/python3.7/site-packages/airflow/example_dags/example_branch_labels.py for tasks to queue
[2021-12-10 08:43:44,759] {logging_mixin.py:109} INFO - [2021-12-10 08:43:44,759] {dagbag.py:500} INFO - Filling up the DagBag from /home/airflow/.local/lib/python3.7/site-packages/airflow/example_dags/example_branch_labels.py
[2021-12-10 08:43:44,788] {processor.py:637} INFO - DAG(s) dict_keys(['example_branch_labels']) retrieved from /home/airflow/.local/lib/python3.7/site-packages/airflow/example_dags/example_branch_labels.py
[2021-12-10 08:43:44,800] {logging_mixin.py:109} INFO - [2021-12-10 08:43:44,799] {dag.py:2396} INFO - Sync 1 DAGs
[2021-12-10 08:43:44,819] {logging_mixin.py:109} INFO - [2021-12-10 08:43:44,819] {dag.py:2928} INFO - Setting next_dagrun for example_branch_labels to 2021-12-09 00:00:00+00:00
[2021-12-10 08:43:44,830] {processor.py:171} INFO - Processing /home/airflow/.local/lib/python3.7/site-packages/airflow/example_dags/example_branch_labels.py took 0.077 seconds
[2021-12-10 08:44:15,091] {processor.py:163} INFO - Started process (PID=2603) to work on /home/airflow/.local/lib/python3.7/site-packages/airflow/example_dags/example_branch_labels.py
[2021-12-10 08:44:15,093] {processor.py:625} INFO - Processing file /home/airflow/.local/lib/python3.7/site-packages/airflow/example_dags/example_branch_labels.py for tasks to queue
[2021-12-10 08:44:15,094] {logging_mixin.py:109} INFO - [2021-12-10 08:44:15,094] {dagbag.py:500} INFO - Filling up the DagBag from /home/airflow/.local/lib/python3.7/site-packages/airflow/example_dags/example_branch_labels.py
[2021-12-10 08:44:15,125] {processor.py:637} INFO - DAG(s) dict_keys(['example_branch_labels']) retrieved from /home/airflow/.local/lib/python3.7/site-packages/airflow/example_dags/example_branch_labels.py
[2021-12-10 08:44:15,136] {logging_mixin.py:109} INFO - [2021-12-10 08:44:15,136] {dag.py:2396} INFO - Sync 1 DAGs
[2021-12-10 08:44:15,155] {logging_mixin.py:109} INFO - [2021-12-10 08:44:15,154] {dag.py:2928} INFO - Setting next_dagrun for example_branch_labels to 2021-12-09 00:00:00+00:00
[2021-12-10 08:44:15,165] {processor.py:171} INFO - Processing /home/airflow/.local/lib/python3.7/site-packages/airflow/example_dags/example_branch_labels.py took 0.078 seconds
[2021-12-10 08:44:45,797] {processor.py:163} INFO - Started process (PID=2656) to work on /home/airflow/.local/lib/python3.7/site-packages/airflow/example_dags/example_branch_labels.py
[2021-12-10 08:44:45,799] {processor.py:625} INFO - Processing file /home/airflow/.local/lib/python3.7/site-packages/airflow/example_dags/example_branch_labels.py for tasks to queue
[2021-12-10 08:44:45,800] {logging_mixin.py:109} INFO - [2021-12-10 08:44:45,800] {dagbag.py:500} INFO - Filling up the DagBag from /home/airflow/.local/lib/python3.7/site-packages/airflow/example_dags/example_branch_labels.py
[2021-12-10 08:44:45,839] {processor.py:637} INFO - DAG(s) dict_keys(['example_branch_labels']) retrieved from /home/airflow/.local/lib/python3.7/site-packages/airflow/example_dags/example_branch_labels.py
[2021-12-10 08:44:45,850] {logging_mixin.py:109} INFO - [2021-12-10 08:44:45,850] {dag.py:2396} INFO - Sync 1 DAGs
[2021-12-10 08:44:45,868] {logging_mixin.py:109} INFO - [2021-12-10 08:44:45,868] {dag.py:2928} INFO - Setting next_dagrun for example_branch_labels to 2021-12-09 00:00:00+00:00
[2021-12-10 08:44:45,881] {processor.py:171} INFO - Processing /home/airflow/.local/lib/python3.7/site-packages/airflow/example_dags/example_branch_labels.py took 0.089 seconds
[2021-12-10 08:45:16,360] {processor.py:163} INFO - Started process (PID=2719) to work on /home/airflow/.local/lib/python3.7/site-packages/airflow/example_dags/example_branch_labels.py
[2021-12-10 08:45:16,361] {processor.py:625} INFO - Processing file /home/airflow/.local/lib/python3.7/site-packages/airflow/example_dags/example_branch_labels.py for tasks to queue
[2021-12-10 08:45:16,362] {logging_mixin.py:109} INFO - [2021-12-10 08:45:16,362] {dagbag.py:500} INFO - Filling up the DagBag from /home/airflow/.local/lib/python3.7/site-packages/airflow/example_dags/example_branch_labels.py
[2021-12-10 08:45:16,391] {processor.py:637} INFO - DAG(s) dict_keys(['example_branch_labels']) retrieved from /home/airflow/.local/lib/python3.7/site-packages/airflow/example_dags/example_branch_labels.py
[2021-12-10 08:45:16,404] {logging_mixin.py:109} INFO - [2021-12-10 08:45:16,404] {dag.py:2396} INFO - Sync 1 DAGs
[2021-12-10 08:45:16,423] {logging_mixin.py:109} INFO - [2021-12-10 08:45:16,423] {dag.py:2928} INFO - Setting next_dagrun for example_branch_labels to 2021-12-09 00:00:00+00:00
[2021-12-10 08:45:16,434] {processor.py:171} INFO - Processing /home/airflow/.local/lib/python3.7/site-packages/airflow/example_dags/example_branch_labels.py took 0.078 seconds
[2021-12-10 08:45:46,781] {processor.py:163} INFO - Started process (PID=2771) to work on /home/airflow/.local/lib/python3.7/site-packages/airflow/example_dags/example_branch_labels.py
[2021-12-10 08:45:46,783] {processor.py:625} INFO - Processing file /home/airflow/.local/lib/python3.7/site-packages/airflow/example_dags/example_branch_labels.py for tasks to queue
[2021-12-10 08:45:46,783] {logging_mixin.py:109} INFO - [2021-12-10 08:45:46,783] {dagbag.py:500} INFO - Filling up the DagBag from /home/airflow/.local/lib/python3.7/site-packages/airflow/example_dags/example_branch_labels.py
[2021-12-10 08:45:46,811] {processor.py:637} INFO - DAG(s) dict_keys(['example_branch_labels']) retrieved from /home/airflow/.local/lib/python3.7/site-packages/airflow/example_dags/example_branch_labels.py
[2021-12-10 08:45:46,822] {logging_mixin.py:109} INFO - [2021-12-10 08:45:46,821] {dag.py:2396} INFO - Sync 1 DAGs
[2021-12-10 08:45:46,842] {logging_mixin.py:109} INFO - [2021-12-10 08:45:46,842] {dag.py:2928} INFO - Setting next_dagrun for example_branch_labels to 2021-12-09 00:00:00+00:00
[2021-12-10 08:45:46,851] {processor.py:171} INFO - Processing /home/airflow/.local/lib/python3.7/site-packages/airflow/example_dags/example_branch_labels.py took 0.074 seconds
[2021-12-10 08:46:17,146] {processor.py:163} INFO - Started process (PID=2832) to work on /home/airflow/.local/lib/python3.7/site-packages/airflow/example_dags/example_branch_labels.py
[2021-12-10 08:46:17,148] {processor.py:625} INFO - Processing file /home/airflow/.local/lib/python3.7/site-packages/airflow/example_dags/example_branch_labels.py for tasks to queue
[2021-12-10 08:46:17,148] {logging_mixin.py:109} INFO - [2021-12-10 08:46:17,148] {dagbag.py:500} INFO - Filling up the DagBag from /home/airflow/.local/lib/python3.7/site-packages/airflow/example_dags/example_branch_labels.py
[2021-12-10 08:46:17,178] {processor.py:637} INFO - DAG(s) dict_keys(['example_branch_labels']) retrieved from /home/airflow/.local/lib/python3.7/site-packages/airflow/example_dags/example_branch_labels.py
[2021-12-10 08:46:17,190] {logging_mixin.py:109} INFO - [2021-12-10 08:46:17,189] {dag.py:2396} INFO - Sync 1 DAGs
[2021-12-10 08:46:17,210] {logging_mixin.py:109} INFO - [2021-12-10 08:46:17,210] {dag.py:2928} INFO - Setting next_dagrun for example_branch_labels to 2021-12-09 00:00:00+00:00
[2021-12-10 08:46:17,220] {processor.py:171} INFO - Processing /home/airflow/.local/lib/python3.7/site-packages/airflow/example_dags/example_branch_labels.py took 0.078 seconds
[2021-12-10 08:46:47,554] {processor.py:163} INFO - Started process (PID=2884) to work on /home/airflow/.local/lib/python3.7/site-packages/airflow/example_dags/example_branch_labels.py
[2021-12-10 08:46:47,556] {processor.py:625} INFO - Processing file /home/airflow/.local/lib/python3.7/site-packages/airflow/example_dags/example_branch_labels.py for tasks to queue
[2021-12-10 08:46:47,557] {logging_mixin.py:109} INFO - [2021-12-10 08:46:47,557] {dagbag.py:500} INFO - Filling up the DagBag from /home/airflow/.local/lib/python3.7/site-packages/airflow/example_dags/example_branch_labels.py
[2021-12-10 08:46:47,585] {processor.py:637} INFO - DAG(s) dict_keys(['example_branch_labels']) retrieved from /home/airflow/.local/lib/python3.7/site-packages/airflow/example_dags/example_branch_labels.py
[2021-12-10 08:46:47,595] {logging_mixin.py:109} INFO - [2021-12-10 08:46:47,595] {dag.py:2396} INFO - Sync 1 DAGs
[2021-12-10 08:46:47,614] {logging_mixin.py:109} INFO - [2021-12-10 08:46:47,614] {dag.py:2928} INFO - Setting next_dagrun for example_branch_labels to 2021-12-09 00:00:00+00:00
[2021-12-10 08:46:47,734] {processor.py:171} INFO - Processing /home/airflow/.local/lib/python3.7/site-packages/airflow/example_dags/example_branch_labels.py took 0.183 seconds
[2021-12-10 08:47:17,774] {processor.py:163} INFO - Started process (PID=2936) to work on /home/airflow/.local/lib/python3.7/site-packages/airflow/example_dags/example_branch_labels.py
[2021-12-10 08:47:17,775] {processor.py:625} INFO - Processing file /home/airflow/.local/lib/python3.7/site-packages/airflow/example_dags/example_branch_labels.py for tasks to queue
[2021-12-10 08:47:17,776] {logging_mixin.py:109} INFO - [2021-12-10 08:47:17,776] {dagbag.py:500} INFO - Filling up the DagBag from /home/airflow/.local/lib/python3.7/site-packages/airflow/example_dags/example_branch_labels.py
[2021-12-10 08:47:17,802] {processor.py:637} INFO - DAG(s) dict_keys(['example_branch_labels']) retrieved from /home/airflow/.local/lib/python3.7/site-packages/airflow/example_dags/example_branch_labels.py
[2021-12-10 08:47:17,813] {logging_mixin.py:109} INFO - [2021-12-10 08:47:17,813] {dag.py:2396} INFO - Sync 1 DAGs
[2021-12-10 08:47:17,950] {logging_mixin.py:109} INFO - [2021-12-10 08:47:17,950] {dag.py:2928} INFO - Setting next_dagrun for example_branch_labels to 2021-12-09 00:00:00+00:00
[2021-12-10 08:47:17,959] {processor.py:171} INFO - Processing /home/airflow/.local/lib/python3.7/site-packages/airflow/example_dags/example_branch_labels.py took 0.189 seconds
