[2021-12-10 08:23:48,155] {processor.py:163} INFO - Started process (PID=263) to work on /home/airflow/.local/lib/python3.7/site-packages/airflow/example_dags/tutorial_taskflow_api_etl_virtualenv.py
[2021-12-10 08:23:48,156] {processor.py:625} INFO - Processing file /home/airflow/.local/lib/python3.7/site-packages/airflow/example_dags/tutorial_taskflow_api_etl_virtualenv.py for tasks to queue
[2021-12-10 08:23:48,156] {logging_mixin.py:109} INFO - [2021-12-10 08:23:48,156] {dagbag.py:500} INFO - Filling up the DagBag from /home/airflow/.local/lib/python3.7/site-packages/airflow/example_dags/tutorial_taskflow_api_etl_virtualenv.py
[2021-12-10 08:23:48,187] {processor.py:637} INFO - DAG(s) dict_keys(['tutorial_taskflow_api_etl_virtualenv']) retrieved from /home/airflow/.local/lib/python3.7/site-packages/airflow/example_dags/tutorial_taskflow_api_etl_virtualenv.py
[2021-12-10 08:23:49,520] {logging_mixin.py:109} INFO - [2021-12-10 08:23:49,520] {providers_manager.py:156} WARNING - Exception when importing 'airflow.providers.google.leveldb.hooks.leveldb.LevelDBHook' from 'apache-airflow-providers-google' package: No module named 'plyvel'
[2021-12-10 08:23:50,025] {logging_mixin.py:109} INFO - [2021-12-10 08:23:50,025] {providers_manager.py:156} WARNING - Exception when importing 'airflow.providers.google.leveldb.hooks.leveldb.LevelDBHook' from 'apache-airflow-providers-google' package: No module named 'plyvel'
[2021-12-10 08:23:50,048] {logging_mixin.py:109} INFO - [2021-12-10 08:23:50,048] {manager.py:496} INFO - Created Permission View: can read on DAG:tutorial_taskflow_api_etl_virtualenv
[2021-12-10 08:23:50,056] {logging_mixin.py:109} INFO - [2021-12-10 08:23:50,056] {manager.py:496} INFO - Created Permission View: can edit on DAG:tutorial_taskflow_api_etl_virtualenv
[2021-12-10 08:23:50,057] {logging_mixin.py:109} INFO - [2021-12-10 08:23:50,057] {dag.py:2396} INFO - Sync 1 DAGs
[2021-12-10 08:23:50,065] {logging_mixin.py:109} INFO - [2021-12-10 08:23:50,065] {dag.py:2415} INFO - Creating ORM DAG for tutorial_taskflow_api_etl_virtualenv
[2021-12-10 08:23:50,073] {logging_mixin.py:109} INFO - [2021-12-10 08:23:50,073] {dag.py:2928} INFO - Setting next_dagrun for tutorial_taskflow_api_etl_virtualenv to None
[2021-12-10 08:23:50,086] {processor.py:171} INFO - Processing /home/airflow/.local/lib/python3.7/site-packages/airflow/example_dags/tutorial_taskflow_api_etl_virtualenv.py took 1.934 seconds
[2021-12-10 08:24:20,157] {processor.py:163} INFO - Started process (PID=389) to work on /home/airflow/.local/lib/python3.7/site-packages/airflow/example_dags/tutorial_taskflow_api_etl_virtualenv.py
[2021-12-10 08:24:20,158] {processor.py:625} INFO - Processing file /home/airflow/.local/lib/python3.7/site-packages/airflow/example_dags/tutorial_taskflow_api_etl_virtualenv.py for tasks to queue
[2021-12-10 08:24:20,159] {logging_mixin.py:109} INFO - [2021-12-10 08:24:20,159] {dagbag.py:500} INFO - Filling up the DagBag from /home/airflow/.local/lib/python3.7/site-packages/airflow/example_dags/tutorial_taskflow_api_etl_virtualenv.py
[2021-12-10 08:24:20,189] {processor.py:637} INFO - DAG(s) dict_keys(['tutorial_taskflow_api_etl_virtualenv']) retrieved from /home/airflow/.local/lib/python3.7/site-packages/airflow/example_dags/tutorial_taskflow_api_etl_virtualenv.py
[2021-12-10 08:24:20,498] {logging_mixin.py:109} INFO - [2021-12-10 08:24:20,498] {dag.py:2396} INFO - Sync 1 DAGs
[2021-12-10 08:24:20,511] {logging_mixin.py:109} INFO - [2021-12-10 08:24:20,511] {dag.py:2928} INFO - Setting next_dagrun for tutorial_taskflow_api_etl_virtualenv to None
[2021-12-10 08:24:20,521] {processor.py:171} INFO - Processing /home/airflow/.local/lib/python3.7/site-packages/airflow/example_dags/tutorial_taskflow_api_etl_virtualenv.py took 0.367 seconds
[2021-12-10 08:24:50,576] {processor.py:163} INFO - Started process (PID=450) to work on /home/airflow/.local/lib/python3.7/site-packages/airflow/example_dags/tutorial_taskflow_api_etl_virtualenv.py
[2021-12-10 08:24:50,578] {processor.py:625} INFO - Processing file /home/airflow/.local/lib/python3.7/site-packages/airflow/example_dags/tutorial_taskflow_api_etl_virtualenv.py for tasks to queue
[2021-12-10 08:24:50,579] {logging_mixin.py:109} INFO - [2021-12-10 08:24:50,579] {dagbag.py:500} INFO - Filling up the DagBag from /home/airflow/.local/lib/python3.7/site-packages/airflow/example_dags/tutorial_taskflow_api_etl_virtualenv.py
[2021-12-10 08:24:50,610] {processor.py:637} INFO - DAG(s) dict_keys(['tutorial_taskflow_api_etl_virtualenv']) retrieved from /home/airflow/.local/lib/python3.7/site-packages/airflow/example_dags/tutorial_taskflow_api_etl_virtualenv.py
[2021-12-10 08:24:50,914] {logging_mixin.py:109} INFO - [2021-12-10 08:24:50,913] {dag.py:2396} INFO - Sync 1 DAGs
[2021-12-10 08:24:50,926] {logging_mixin.py:109} INFO - [2021-12-10 08:24:50,926] {dag.py:2928} INFO - Setting next_dagrun for tutorial_taskflow_api_etl_virtualenv to None
[2021-12-10 08:24:50,937] {processor.py:171} INFO - Processing /home/airflow/.local/lib/python3.7/site-packages/airflow/example_dags/tutorial_taskflow_api_etl_virtualenv.py took 0.364 seconds
[2021-12-10 08:25:21,925] {processor.py:163} INFO - Started process (PID=503) to work on /home/airflow/.local/lib/python3.7/site-packages/airflow/example_dags/tutorial_taskflow_api_etl_virtualenv.py
[2021-12-10 08:25:21,927] {processor.py:625} INFO - Processing file /home/airflow/.local/lib/python3.7/site-packages/airflow/example_dags/tutorial_taskflow_api_etl_virtualenv.py for tasks to queue
[2021-12-10 08:25:21,927] {logging_mixin.py:109} INFO - [2021-12-10 08:25:21,927] {dagbag.py:500} INFO - Filling up the DagBag from /home/airflow/.local/lib/python3.7/site-packages/airflow/example_dags/tutorial_taskflow_api_etl_virtualenv.py
[2021-12-10 08:25:21,963] {processor.py:637} INFO - DAG(s) dict_keys(['tutorial_taskflow_api_etl_virtualenv']) retrieved from /home/airflow/.local/lib/python3.7/site-packages/airflow/example_dags/tutorial_taskflow_api_etl_virtualenv.py
[2021-12-10 08:25:22,275] {logging_mixin.py:109} INFO - [2021-12-10 08:25:22,275] {dag.py:2396} INFO - Sync 1 DAGs
[2021-12-10 08:25:22,289] {logging_mixin.py:109} INFO - [2021-12-10 08:25:22,289] {dag.py:2928} INFO - Setting next_dagrun for tutorial_taskflow_api_etl_virtualenv to None
[2021-12-10 08:25:22,299] {processor.py:171} INFO - Processing /home/airflow/.local/lib/python3.7/site-packages/airflow/example_dags/tutorial_taskflow_api_etl_virtualenv.py took 0.377 seconds
[2021-12-10 08:25:52,320] {processor.py:163} INFO - Started process (PID=565) to work on /home/airflow/.local/lib/python3.7/site-packages/airflow/example_dags/tutorial_taskflow_api_etl_virtualenv.py
[2021-12-10 08:25:52,322] {processor.py:625} INFO - Processing file /home/airflow/.local/lib/python3.7/site-packages/airflow/example_dags/tutorial_taskflow_api_etl_virtualenv.py for tasks to queue
[2021-12-10 08:25:52,322] {logging_mixin.py:109} INFO - [2021-12-10 08:25:52,322] {dagbag.py:500} INFO - Filling up the DagBag from /home/airflow/.local/lib/python3.7/site-packages/airflow/example_dags/tutorial_taskflow_api_etl_virtualenv.py
[2021-12-10 08:25:52,354] {processor.py:637} INFO - DAG(s) dict_keys(['tutorial_taskflow_api_etl_virtualenv']) retrieved from /home/airflow/.local/lib/python3.7/site-packages/airflow/example_dags/tutorial_taskflow_api_etl_virtualenv.py
[2021-12-10 08:25:52,677] {logging_mixin.py:109} INFO - [2021-12-10 08:25:52,677] {dag.py:2396} INFO - Sync 1 DAGs
[2021-12-10 08:25:52,691] {logging_mixin.py:109} INFO - [2021-12-10 08:25:52,691] {dag.py:2928} INFO - Setting next_dagrun for tutorial_taskflow_api_etl_virtualenv to None
[2021-12-10 08:25:52,701] {processor.py:171} INFO - Processing /home/airflow/.local/lib/python3.7/site-packages/airflow/example_dags/tutorial_taskflow_api_etl_virtualenv.py took 0.385 seconds
[2021-12-10 08:26:22,836] {processor.py:163} INFO - Started process (PID=617) to work on /home/airflow/.local/lib/python3.7/site-packages/airflow/example_dags/tutorial_taskflow_api_etl_virtualenv.py
[2021-12-10 08:26:22,838] {processor.py:625} INFO - Processing file /home/airflow/.local/lib/python3.7/site-packages/airflow/example_dags/tutorial_taskflow_api_etl_virtualenv.py for tasks to queue
[2021-12-10 08:26:22,839] {logging_mixin.py:109} INFO - [2021-12-10 08:26:22,839] {dagbag.py:500} INFO - Filling up the DagBag from /home/airflow/.local/lib/python3.7/site-packages/airflow/example_dags/tutorial_taskflow_api_etl_virtualenv.py
[2021-12-10 08:26:22,873] {processor.py:637} INFO - DAG(s) dict_keys(['tutorial_taskflow_api_etl_virtualenv']) retrieved from /home/airflow/.local/lib/python3.7/site-packages/airflow/example_dags/tutorial_taskflow_api_etl_virtualenv.py
[2021-12-10 08:26:23,252] {logging_mixin.py:109} INFO - [2021-12-10 08:26:23,252] {dag.py:2396} INFO - Sync 1 DAGs
[2021-12-10 08:26:23,268] {logging_mixin.py:109} INFO - [2021-12-10 08:26:23,268] {dag.py:2928} INFO - Setting next_dagrun for tutorial_taskflow_api_etl_virtualenv to None
[2021-12-10 08:26:23,281] {processor.py:171} INFO - Processing /home/airflow/.local/lib/python3.7/site-packages/airflow/example_dags/tutorial_taskflow_api_etl_virtualenv.py took 0.448 seconds
[2021-12-10 08:26:54,085] {processor.py:163} INFO - Started process (PID=680) to work on /home/airflow/.local/lib/python3.7/site-packages/airflow/example_dags/tutorial_taskflow_api_etl_virtualenv.py
[2021-12-10 08:26:54,087] {processor.py:625} INFO - Processing file /home/airflow/.local/lib/python3.7/site-packages/airflow/example_dags/tutorial_taskflow_api_etl_virtualenv.py for tasks to queue
[2021-12-10 08:26:54,087] {logging_mixin.py:109} INFO - [2021-12-10 08:26:54,087] {dagbag.py:500} INFO - Filling up the DagBag from /home/airflow/.local/lib/python3.7/site-packages/airflow/example_dags/tutorial_taskflow_api_etl_virtualenv.py
[2021-12-10 08:26:54,118] {processor.py:637} INFO - DAG(s) dict_keys(['tutorial_taskflow_api_etl_virtualenv']) retrieved from /home/airflow/.local/lib/python3.7/site-packages/airflow/example_dags/tutorial_taskflow_api_etl_virtualenv.py
[2021-12-10 08:26:54,485] {logging_mixin.py:109} INFO - [2021-12-10 08:26:54,485] {dag.py:2396} INFO - Sync 1 DAGs
[2021-12-10 08:26:54,500] {logging_mixin.py:109} INFO - [2021-12-10 08:26:54,499] {dag.py:2928} INFO - Setting next_dagrun for tutorial_taskflow_api_etl_virtualenv to None
[2021-12-10 08:26:54,511] {processor.py:171} INFO - Processing /home/airflow/.local/lib/python3.7/site-packages/airflow/example_dags/tutorial_taskflow_api_etl_virtualenv.py took 0.429 seconds
[2021-12-10 08:27:25,376] {processor.py:163} INFO - Started process (PID=734) to work on /home/airflow/.local/lib/python3.7/site-packages/airflow/example_dags/tutorial_taskflow_api_etl_virtualenv.py
[2021-12-10 08:27:25,378] {processor.py:625} INFO - Processing file /home/airflow/.local/lib/python3.7/site-packages/airflow/example_dags/tutorial_taskflow_api_etl_virtualenv.py for tasks to queue
[2021-12-10 08:27:25,379] {logging_mixin.py:109} INFO - [2021-12-10 08:27:25,379] {dagbag.py:500} INFO - Filling up the DagBag from /home/airflow/.local/lib/python3.7/site-packages/airflow/example_dags/tutorial_taskflow_api_etl_virtualenv.py
[2021-12-10 08:27:25,414] {processor.py:637} INFO - DAG(s) dict_keys(['tutorial_taskflow_api_etl_virtualenv']) retrieved from /home/airflow/.local/lib/python3.7/site-packages/airflow/example_dags/tutorial_taskflow_api_etl_virtualenv.py
[2021-12-10 08:27:25,423] {logging_mixin.py:109} INFO - [2021-12-10 08:27:25,423] {dag.py:2396} INFO - Sync 1 DAGs
[2021-12-10 08:27:25,441] {logging_mixin.py:109} INFO - [2021-12-10 08:27:25,441] {dag.py:2928} INFO - Setting next_dagrun for tutorial_taskflow_api_etl_virtualenv to None
[2021-12-10 08:27:25,450] {processor.py:171} INFO - Processing /home/airflow/.local/lib/python3.7/site-packages/airflow/example_dags/tutorial_taskflow_api_etl_virtualenv.py took 0.078 seconds
[2021-12-10 08:27:55,566] {processor.py:163} INFO - Started process (PID=787) to work on /home/airflow/.local/lib/python3.7/site-packages/airflow/example_dags/tutorial_taskflow_api_etl_virtualenv.py
[2021-12-10 08:27:55,568] {processor.py:625} INFO - Processing file /home/airflow/.local/lib/python3.7/site-packages/airflow/example_dags/tutorial_taskflow_api_etl_virtualenv.py for tasks to queue
[2021-12-10 08:27:55,569] {logging_mixin.py:109} INFO - [2021-12-10 08:27:55,569] {dagbag.py:500} INFO - Filling up the DagBag from /home/airflow/.local/lib/python3.7/site-packages/airflow/example_dags/tutorial_taskflow_api_etl_virtualenv.py
[2021-12-10 08:27:55,601] {processor.py:637} INFO - DAG(s) dict_keys(['tutorial_taskflow_api_etl_virtualenv']) retrieved from /home/airflow/.local/lib/python3.7/site-packages/airflow/example_dags/tutorial_taskflow_api_etl_virtualenv.py
[2021-12-10 08:27:55,911] {logging_mixin.py:109} INFO - [2021-12-10 08:27:55,911] {dag.py:2396} INFO - Sync 1 DAGs
[2021-12-10 08:27:55,925] {logging_mixin.py:109} INFO - [2021-12-10 08:27:55,925] {dag.py:2928} INFO - Setting next_dagrun for tutorial_taskflow_api_etl_virtualenv to None
[2021-12-10 08:27:55,936] {processor.py:171} INFO - Processing /home/airflow/.local/lib/python3.7/site-packages/airflow/example_dags/tutorial_taskflow_api_etl_virtualenv.py took 0.374 seconds
[2021-12-10 08:28:26,768] {processor.py:163} INFO - Started process (PID=848) to work on /home/airflow/.local/lib/python3.7/site-packages/airflow/example_dags/tutorial_taskflow_api_etl_virtualenv.py
[2021-12-10 08:28:26,770] {processor.py:625} INFO - Processing file /home/airflow/.local/lib/python3.7/site-packages/airflow/example_dags/tutorial_taskflow_api_etl_virtualenv.py for tasks to queue
[2021-12-10 08:28:26,771] {logging_mixin.py:109} INFO - [2021-12-10 08:28:26,770] {dagbag.py:500} INFO - Filling up the DagBag from /home/airflow/.local/lib/python3.7/site-packages/airflow/example_dags/tutorial_taskflow_api_etl_virtualenv.py
[2021-12-10 08:28:26,804] {processor.py:637} INFO - DAG(s) dict_keys(['tutorial_taskflow_api_etl_virtualenv']) retrieved from /home/airflow/.local/lib/python3.7/site-packages/airflow/example_dags/tutorial_taskflow_api_etl_virtualenv.py
[2021-12-10 08:28:27,131] {logging_mixin.py:109} INFO - [2021-12-10 08:28:27,131] {dag.py:2396} INFO - Sync 1 DAGs
[2021-12-10 08:28:27,145] {logging_mixin.py:109} INFO - [2021-12-10 08:28:27,145] {dag.py:2928} INFO - Setting next_dagrun for tutorial_taskflow_api_etl_virtualenv to None
[2021-12-10 08:28:27,155] {processor.py:171} INFO - Processing /home/airflow/.local/lib/python3.7/site-packages/airflow/example_dags/tutorial_taskflow_api_etl_virtualenv.py took 0.392 seconds
[2021-12-10 08:28:58,084] {processor.py:163} INFO - Started process (PID=901) to work on /home/airflow/.local/lib/python3.7/site-packages/airflow/example_dags/tutorial_taskflow_api_etl_virtualenv.py
[2021-12-10 08:28:58,085] {processor.py:625} INFO - Processing file /home/airflow/.local/lib/python3.7/site-packages/airflow/example_dags/tutorial_taskflow_api_etl_virtualenv.py for tasks to queue
[2021-12-10 08:28:58,086] {logging_mixin.py:109} INFO - [2021-12-10 08:28:58,086] {dagbag.py:500} INFO - Filling up the DagBag from /home/airflow/.local/lib/python3.7/site-packages/airflow/example_dags/tutorial_taskflow_api_etl_virtualenv.py
[2021-12-10 08:28:58,118] {processor.py:637} INFO - DAG(s) dict_keys(['tutorial_taskflow_api_etl_virtualenv']) retrieved from /home/airflow/.local/lib/python3.7/site-packages/airflow/example_dags/tutorial_taskflow_api_etl_virtualenv.py
[2021-12-10 08:28:58,439] {logging_mixin.py:109} INFO - [2021-12-10 08:28:58,439] {dag.py:2396} INFO - Sync 1 DAGs
[2021-12-10 08:28:58,453] {logging_mixin.py:109} INFO - [2021-12-10 08:28:58,453] {dag.py:2928} INFO - Setting next_dagrun for tutorial_taskflow_api_etl_virtualenv to None
[2021-12-10 08:28:58,463] {processor.py:171} INFO - Processing /home/airflow/.local/lib/python3.7/site-packages/airflow/example_dags/tutorial_taskflow_api_etl_virtualenv.py took 0.382 seconds
[2021-12-10 08:29:29,209] {processor.py:163} INFO - Started process (PID=963) to work on /home/airflow/.local/lib/python3.7/site-packages/airflow/example_dags/tutorial_taskflow_api_etl_virtualenv.py
[2021-12-10 08:29:29,211] {processor.py:625} INFO - Processing file /home/airflow/.local/lib/python3.7/site-packages/airflow/example_dags/tutorial_taskflow_api_etl_virtualenv.py for tasks to queue
[2021-12-10 08:29:29,212] {logging_mixin.py:109} INFO - [2021-12-10 08:29:29,211] {dagbag.py:500} INFO - Filling up the DagBag from /home/airflow/.local/lib/python3.7/site-packages/airflow/example_dags/tutorial_taskflow_api_etl_virtualenv.py
[2021-12-10 08:29:29,242] {processor.py:637} INFO - DAG(s) dict_keys(['tutorial_taskflow_api_etl_virtualenv']) retrieved from /home/airflow/.local/lib/python3.7/site-packages/airflow/example_dags/tutorial_taskflow_api_etl_virtualenv.py
[2021-12-10 08:29:29,555] {logging_mixin.py:109} INFO - [2021-12-10 08:29:29,555] {dag.py:2396} INFO - Sync 1 DAGs
[2021-12-10 08:29:29,570] {logging_mixin.py:109} INFO - [2021-12-10 08:29:29,569] {dag.py:2928} INFO - Setting next_dagrun for tutorial_taskflow_api_etl_virtualenv to None
[2021-12-10 08:29:29,580] {processor.py:171} INFO - Processing /home/airflow/.local/lib/python3.7/site-packages/airflow/example_dags/tutorial_taskflow_api_etl_virtualenv.py took 0.376 seconds
[2021-12-10 08:29:59,759] {processor.py:163} INFO - Started process (PID=1016) to work on /home/airflow/.local/lib/python3.7/site-packages/airflow/example_dags/tutorial_taskflow_api_etl_virtualenv.py
[2021-12-10 08:29:59,760] {processor.py:625} INFO - Processing file /home/airflow/.local/lib/python3.7/site-packages/airflow/example_dags/tutorial_taskflow_api_etl_virtualenv.py for tasks to queue
[2021-12-10 08:29:59,761] {logging_mixin.py:109} INFO - [2021-12-10 08:29:59,761] {dagbag.py:500} INFO - Filling up the DagBag from /home/airflow/.local/lib/python3.7/site-packages/airflow/example_dags/tutorial_taskflow_api_etl_virtualenv.py
[2021-12-10 08:29:59,793] {processor.py:637} INFO - DAG(s) dict_keys(['tutorial_taskflow_api_etl_virtualenv']) retrieved from /home/airflow/.local/lib/python3.7/site-packages/airflow/example_dags/tutorial_taskflow_api_etl_virtualenv.py
[2021-12-10 08:30:00,104] {logging_mixin.py:109} INFO - [2021-12-10 08:30:00,104] {dag.py:2396} INFO - Sync 1 DAGs
[2021-12-10 08:30:00,118] {logging_mixin.py:109} INFO - [2021-12-10 08:30:00,118] {dag.py:2928} INFO - Setting next_dagrun for tutorial_taskflow_api_etl_virtualenv to None
[2021-12-10 08:30:00,128] {processor.py:171} INFO - Processing /home/airflow/.local/lib/python3.7/site-packages/airflow/example_dags/tutorial_taskflow_api_etl_virtualenv.py took 0.373 seconds
[2021-12-10 08:30:31,009] {processor.py:163} INFO - Started process (PID=1079) to work on /home/airflow/.local/lib/python3.7/site-packages/airflow/example_dags/tutorial_taskflow_api_etl_virtualenv.py
[2021-12-10 08:30:31,011] {processor.py:625} INFO - Processing file /home/airflow/.local/lib/python3.7/site-packages/airflow/example_dags/tutorial_taskflow_api_etl_virtualenv.py for tasks to queue
[2021-12-10 08:30:31,011] {logging_mixin.py:109} INFO - [2021-12-10 08:30:31,011] {dagbag.py:500} INFO - Filling up the DagBag from /home/airflow/.local/lib/python3.7/site-packages/airflow/example_dags/tutorial_taskflow_api_etl_virtualenv.py
[2021-12-10 08:30:31,046] {processor.py:637} INFO - DAG(s) dict_keys(['tutorial_taskflow_api_etl_virtualenv']) retrieved from /home/airflow/.local/lib/python3.7/site-packages/airflow/example_dags/tutorial_taskflow_api_etl_virtualenv.py
[2021-12-10 08:30:31,368] {logging_mixin.py:109} INFO - [2021-12-10 08:30:31,368] {dag.py:2396} INFO - Sync 1 DAGs
[2021-12-10 08:30:31,382] {logging_mixin.py:109} INFO - [2021-12-10 08:30:31,381] {dag.py:2928} INFO - Setting next_dagrun for tutorial_taskflow_api_etl_virtualenv to None
[2021-12-10 08:30:31,392] {processor.py:171} INFO - Processing /home/airflow/.local/lib/python3.7/site-packages/airflow/example_dags/tutorial_taskflow_api_etl_virtualenv.py took 0.388 seconds
[2021-12-10 08:31:02,351] {processor.py:163} INFO - Started process (PID=1134) to work on /home/airflow/.local/lib/python3.7/site-packages/airflow/example_dags/tutorial_taskflow_api_etl_virtualenv.py
[2021-12-10 08:31:02,352] {processor.py:625} INFO - Processing file /home/airflow/.local/lib/python3.7/site-packages/airflow/example_dags/tutorial_taskflow_api_etl_virtualenv.py for tasks to queue
[2021-12-10 08:31:02,353] {logging_mixin.py:109} INFO - [2021-12-10 08:31:02,353] {dagbag.py:500} INFO - Filling up the DagBag from /home/airflow/.local/lib/python3.7/site-packages/airflow/example_dags/tutorial_taskflow_api_etl_virtualenv.py
[2021-12-10 08:31:02,388] {processor.py:637} INFO - DAG(s) dict_keys(['tutorial_taskflow_api_etl_virtualenv']) retrieved from /home/airflow/.local/lib/python3.7/site-packages/airflow/example_dags/tutorial_taskflow_api_etl_virtualenv.py
[2021-12-10 08:31:02,720] {logging_mixin.py:109} INFO - [2021-12-10 08:31:02,720] {dag.py:2396} INFO - Sync 1 DAGs
[2021-12-10 08:31:02,734] {logging_mixin.py:109} INFO - [2021-12-10 08:31:02,734] {dag.py:2928} INFO - Setting next_dagrun for tutorial_taskflow_api_etl_virtualenv to None
[2021-12-10 08:31:02,749] {processor.py:171} INFO - Processing /home/airflow/.local/lib/python3.7/site-packages/airflow/example_dags/tutorial_taskflow_api_etl_virtualenv.py took 0.402 seconds
[2021-12-10 08:31:33,465] {processor.py:163} INFO - Started process (PID=1198) to work on /home/airflow/.local/lib/python3.7/site-packages/airflow/example_dags/tutorial_taskflow_api_etl_virtualenv.py
[2021-12-10 08:31:33,466] {processor.py:625} INFO - Processing file /home/airflow/.local/lib/python3.7/site-packages/airflow/example_dags/tutorial_taskflow_api_etl_virtualenv.py for tasks to queue
[2021-12-10 08:31:33,467] {logging_mixin.py:109} INFO - [2021-12-10 08:31:33,467] {dagbag.py:500} INFO - Filling up the DagBag from /home/airflow/.local/lib/python3.7/site-packages/airflow/example_dags/tutorial_taskflow_api_etl_virtualenv.py
[2021-12-10 08:31:33,499] {processor.py:637} INFO - DAG(s) dict_keys(['tutorial_taskflow_api_etl_virtualenv']) retrieved from /home/airflow/.local/lib/python3.7/site-packages/airflow/example_dags/tutorial_taskflow_api_etl_virtualenv.py
[2021-12-10 08:31:33,817] {logging_mixin.py:109} INFO - [2021-12-10 08:31:33,817] {dag.py:2396} INFO - Sync 1 DAGs
[2021-12-10 08:31:33,831] {logging_mixin.py:109} INFO - [2021-12-10 08:31:33,831] {dag.py:2928} INFO - Setting next_dagrun for tutorial_taskflow_api_etl_virtualenv to None
[2021-12-10 08:31:33,843] {processor.py:171} INFO - Processing /home/airflow/.local/lib/python3.7/site-packages/airflow/example_dags/tutorial_taskflow_api_etl_virtualenv.py took 0.382 seconds
[2021-12-10 08:32:03,919] {processor.py:163} INFO - Started process (PID=1251) to work on /home/airflow/.local/lib/python3.7/site-packages/airflow/example_dags/tutorial_taskflow_api_etl_virtualenv.py
[2021-12-10 08:32:03,921] {processor.py:625} INFO - Processing file /home/airflow/.local/lib/python3.7/site-packages/airflow/example_dags/tutorial_taskflow_api_etl_virtualenv.py for tasks to queue
[2021-12-10 08:32:03,922] {logging_mixin.py:109} INFO - [2021-12-10 08:32:03,922] {dagbag.py:500} INFO - Filling up the DagBag from /home/airflow/.local/lib/python3.7/site-packages/airflow/example_dags/tutorial_taskflow_api_etl_virtualenv.py
[2021-12-10 08:32:03,954] {processor.py:637} INFO - DAG(s) dict_keys(['tutorial_taskflow_api_etl_virtualenv']) retrieved from /home/airflow/.local/lib/python3.7/site-packages/airflow/example_dags/tutorial_taskflow_api_etl_virtualenv.py
[2021-12-10 08:32:04,267] {logging_mixin.py:109} INFO - [2021-12-10 08:32:04,267] {dag.py:2396} INFO - Sync 1 DAGs
[2021-12-10 08:32:04,283] {logging_mixin.py:109} INFO - [2021-12-10 08:32:04,283] {dag.py:2928} INFO - Setting next_dagrun for tutorial_taskflow_api_etl_virtualenv to None
[2021-12-10 08:32:04,294] {processor.py:171} INFO - Processing /home/airflow/.local/lib/python3.7/site-packages/airflow/example_dags/tutorial_taskflow_api_etl_virtualenv.py took 0.379 seconds
[2021-12-10 08:32:34,383] {processor.py:163} INFO - Started process (PID=1307) to work on /home/airflow/.local/lib/python3.7/site-packages/airflow/example_dags/tutorial_taskflow_api_etl_virtualenv.py
[2021-12-10 08:32:34,384] {processor.py:625} INFO - Processing file /home/airflow/.local/lib/python3.7/site-packages/airflow/example_dags/tutorial_taskflow_api_etl_virtualenv.py for tasks to queue
[2021-12-10 08:32:34,385] {logging_mixin.py:109} INFO - [2021-12-10 08:32:34,385] {dagbag.py:500} INFO - Filling up the DagBag from /home/airflow/.local/lib/python3.7/site-packages/airflow/example_dags/tutorial_taskflow_api_etl_virtualenv.py
[2021-12-10 08:32:34,421] {processor.py:637} INFO - DAG(s) dict_keys(['tutorial_taskflow_api_etl_virtualenv']) retrieved from /home/airflow/.local/lib/python3.7/site-packages/airflow/example_dags/tutorial_taskflow_api_etl_virtualenv.py
[2021-12-10 08:32:34,753] {logging_mixin.py:109} INFO - [2021-12-10 08:32:34,753] {dag.py:2396} INFO - Sync 1 DAGs
[2021-12-10 08:32:34,771] {logging_mixin.py:109} INFO - [2021-12-10 08:32:34,771] {dag.py:2928} INFO - Setting next_dagrun for tutorial_taskflow_api_etl_virtualenv to None
[2021-12-10 08:32:34,783] {processor.py:171} INFO - Processing /home/airflow/.local/lib/python3.7/site-packages/airflow/example_dags/tutorial_taskflow_api_etl_virtualenv.py took 0.404 seconds
[2021-12-10 08:33:05,482] {processor.py:163} INFO - Started process (PID=1368) to work on /home/airflow/.local/lib/python3.7/site-packages/airflow/example_dags/tutorial_taskflow_api_etl_virtualenv.py
[2021-12-10 08:33:05,484] {processor.py:625} INFO - Processing file /home/airflow/.local/lib/python3.7/site-packages/airflow/example_dags/tutorial_taskflow_api_etl_virtualenv.py for tasks to queue
[2021-12-10 08:33:05,485] {logging_mixin.py:109} INFO - [2021-12-10 08:33:05,485] {dagbag.py:500} INFO - Filling up the DagBag from /home/airflow/.local/lib/python3.7/site-packages/airflow/example_dags/tutorial_taskflow_api_etl_virtualenv.py
[2021-12-10 08:33:05,517] {processor.py:637} INFO - DAG(s) dict_keys(['tutorial_taskflow_api_etl_virtualenv']) retrieved from /home/airflow/.local/lib/python3.7/site-packages/airflow/example_dags/tutorial_taskflow_api_etl_virtualenv.py
[2021-12-10 08:33:05,827] {logging_mixin.py:109} INFO - [2021-12-10 08:33:05,827] {dag.py:2396} INFO - Sync 1 DAGs
[2021-12-10 08:33:05,843] {logging_mixin.py:109} INFO - [2021-12-10 08:33:05,843] {dag.py:2928} INFO - Setting next_dagrun for tutorial_taskflow_api_etl_virtualenv to None
[2021-12-10 08:33:05,853] {processor.py:171} INFO - Processing /home/airflow/.local/lib/python3.7/site-packages/airflow/example_dags/tutorial_taskflow_api_etl_virtualenv.py took 0.374 seconds
[2021-12-10 08:33:36,768] {processor.py:163} INFO - Started process (PID=1420) to work on /home/airflow/.local/lib/python3.7/site-packages/airflow/example_dags/tutorial_taskflow_api_etl_virtualenv.py
[2021-12-10 08:33:36,770] {processor.py:625} INFO - Processing file /home/airflow/.local/lib/python3.7/site-packages/airflow/example_dags/tutorial_taskflow_api_etl_virtualenv.py for tasks to queue
[2021-12-10 08:33:36,771] {logging_mixin.py:109} INFO - [2021-12-10 08:33:36,770] {dagbag.py:500} INFO - Filling up the DagBag from /home/airflow/.local/lib/python3.7/site-packages/airflow/example_dags/tutorial_taskflow_api_etl_virtualenv.py
[2021-12-10 08:33:36,802] {processor.py:637} INFO - DAG(s) dict_keys(['tutorial_taskflow_api_etl_virtualenv']) retrieved from /home/airflow/.local/lib/python3.7/site-packages/airflow/example_dags/tutorial_taskflow_api_etl_virtualenv.py
[2021-12-10 08:33:37,113] {logging_mixin.py:109} INFO - [2021-12-10 08:33:37,113] {dag.py:2396} INFO - Sync 1 DAGs
[2021-12-10 08:33:37,128] {logging_mixin.py:109} INFO - [2021-12-10 08:33:37,128] {dag.py:2928} INFO - Setting next_dagrun for tutorial_taskflow_api_etl_virtualenv to None
[2021-12-10 08:33:37,138] {processor.py:171} INFO - Processing /home/airflow/.local/lib/python3.7/site-packages/airflow/example_dags/tutorial_taskflow_api_etl_virtualenv.py took 0.373 seconds
[2021-12-10 08:34:07,946] {processor.py:163} INFO - Started process (PID=1483) to work on /home/airflow/.local/lib/python3.7/site-packages/airflow/example_dags/tutorial_taskflow_api_etl_virtualenv.py
[2021-12-10 08:34:07,948] {processor.py:625} INFO - Processing file /home/airflow/.local/lib/python3.7/site-packages/airflow/example_dags/tutorial_taskflow_api_etl_virtualenv.py for tasks to queue
[2021-12-10 08:34:07,949] {logging_mixin.py:109} INFO - [2021-12-10 08:34:07,949] {dagbag.py:500} INFO - Filling up the DagBag from /home/airflow/.local/lib/python3.7/site-packages/airflow/example_dags/tutorial_taskflow_api_etl_virtualenv.py
[2021-12-10 08:34:07,980] {processor.py:637} INFO - DAG(s) dict_keys(['tutorial_taskflow_api_etl_virtualenv']) retrieved from /home/airflow/.local/lib/python3.7/site-packages/airflow/example_dags/tutorial_taskflow_api_etl_virtualenv.py
[2021-12-10 08:34:08,294] {logging_mixin.py:109} INFO - [2021-12-10 08:34:08,294] {dag.py:2396} INFO - Sync 1 DAGs
[2021-12-10 08:34:08,308] {logging_mixin.py:109} INFO - [2021-12-10 08:34:08,308] {dag.py:2928} INFO - Setting next_dagrun for tutorial_taskflow_api_etl_virtualenv to None
[2021-12-10 08:34:08,319] {processor.py:171} INFO - Processing /home/airflow/.local/lib/python3.7/site-packages/airflow/example_dags/tutorial_taskflow_api_etl_virtualenv.py took 0.376 seconds
[2021-12-10 08:34:38,393] {processor.py:163} INFO - Started process (PID=1535) to work on /home/airflow/.local/lib/python3.7/site-packages/airflow/example_dags/tutorial_taskflow_api_etl_virtualenv.py
[2021-12-10 08:34:38,395] {processor.py:625} INFO - Processing file /home/airflow/.local/lib/python3.7/site-packages/airflow/example_dags/tutorial_taskflow_api_etl_virtualenv.py for tasks to queue
[2021-12-10 08:34:38,396] {logging_mixin.py:109} INFO - [2021-12-10 08:34:38,395] {dagbag.py:500} INFO - Filling up the DagBag from /home/airflow/.local/lib/python3.7/site-packages/airflow/example_dags/tutorial_taskflow_api_etl_virtualenv.py
[2021-12-10 08:34:38,428] {processor.py:637} INFO - DAG(s) dict_keys(['tutorial_taskflow_api_etl_virtualenv']) retrieved from /home/airflow/.local/lib/python3.7/site-packages/airflow/example_dags/tutorial_taskflow_api_etl_virtualenv.py
[2021-12-10 08:34:38,737] {logging_mixin.py:109} INFO - [2021-12-10 08:34:38,737] {dag.py:2396} INFO - Sync 1 DAGs
[2021-12-10 08:34:38,751] {logging_mixin.py:109} INFO - [2021-12-10 08:34:38,751] {dag.py:2928} INFO - Setting next_dagrun for tutorial_taskflow_api_etl_virtualenv to None
[2021-12-10 08:34:38,761] {processor.py:171} INFO - Processing /home/airflow/.local/lib/python3.7/site-packages/airflow/example_dags/tutorial_taskflow_api_etl_virtualenv.py took 0.371 seconds
[2021-12-10 08:35:09,652] {processor.py:163} INFO - Started process (PID=1598) to work on /home/airflow/.local/lib/python3.7/site-packages/airflow/example_dags/tutorial_taskflow_api_etl_virtualenv.py
[2021-12-10 08:35:09,653] {processor.py:625} INFO - Processing file /home/airflow/.local/lib/python3.7/site-packages/airflow/example_dags/tutorial_taskflow_api_etl_virtualenv.py for tasks to queue
[2021-12-10 08:35:09,654] {logging_mixin.py:109} INFO - [2021-12-10 08:35:09,654] {dagbag.py:500} INFO - Filling up the DagBag from /home/airflow/.local/lib/python3.7/site-packages/airflow/example_dags/tutorial_taskflow_api_etl_virtualenv.py
[2021-12-10 08:35:09,685] {processor.py:637} INFO - DAG(s) dict_keys(['tutorial_taskflow_api_etl_virtualenv']) retrieved from /home/airflow/.local/lib/python3.7/site-packages/airflow/example_dags/tutorial_taskflow_api_etl_virtualenv.py
[2021-12-10 08:35:09,999] {logging_mixin.py:109} INFO - [2021-12-10 08:35:09,999] {dag.py:2396} INFO - Sync 1 DAGs
[2021-12-10 08:35:10,012] {logging_mixin.py:109} INFO - [2021-12-10 08:35:10,012] {dag.py:2928} INFO - Setting next_dagrun for tutorial_taskflow_api_etl_virtualenv to None
[2021-12-10 08:35:10,024] {processor.py:171} INFO - Processing /home/airflow/.local/lib/python3.7/site-packages/airflow/example_dags/tutorial_taskflow_api_etl_virtualenv.py took 0.375 seconds
[2021-12-10 08:35:40,280] {processor.py:163} INFO - Started process (PID=1652) to work on /home/airflow/.local/lib/python3.7/site-packages/airflow/example_dags/tutorial_taskflow_api_etl_virtualenv.py
[2021-12-10 08:35:40,282] {processor.py:625} INFO - Processing file /home/airflow/.local/lib/python3.7/site-packages/airflow/example_dags/tutorial_taskflow_api_etl_virtualenv.py for tasks to queue
[2021-12-10 08:35:40,283] {logging_mixin.py:109} INFO - [2021-12-10 08:35:40,282] {dagbag.py:500} INFO - Filling up the DagBag from /home/airflow/.local/lib/python3.7/site-packages/airflow/example_dags/tutorial_taskflow_api_etl_virtualenv.py
[2021-12-10 08:35:40,314] {processor.py:637} INFO - DAG(s) dict_keys(['tutorial_taskflow_api_etl_virtualenv']) retrieved from /home/airflow/.local/lib/python3.7/site-packages/airflow/example_dags/tutorial_taskflow_api_etl_virtualenv.py
[2021-12-10 08:35:40,644] {logging_mixin.py:109} INFO - [2021-12-10 08:35:40,644] {dag.py:2396} INFO - Sync 1 DAGs
[2021-12-10 08:35:40,660] {logging_mixin.py:109} INFO - [2021-12-10 08:35:40,659] {dag.py:2928} INFO - Setting next_dagrun for tutorial_taskflow_api_etl_virtualenv to None
[2021-12-10 08:35:40,671] {processor.py:171} INFO - Processing /home/airflow/.local/lib/python3.7/site-packages/airflow/example_dags/tutorial_taskflow_api_etl_virtualenv.py took 0.394 seconds
[2021-12-10 08:36:11,436] {processor.py:163} INFO - Started process (PID=1715) to work on /home/airflow/.local/lib/python3.7/site-packages/airflow/example_dags/tutorial_taskflow_api_etl_virtualenv.py
[2021-12-10 08:36:11,438] {processor.py:625} INFO - Processing file /home/airflow/.local/lib/python3.7/site-packages/airflow/example_dags/tutorial_taskflow_api_etl_virtualenv.py for tasks to queue
[2021-12-10 08:36:11,438] {logging_mixin.py:109} INFO - [2021-12-10 08:36:11,438] {dagbag.py:500} INFO - Filling up the DagBag from /home/airflow/.local/lib/python3.7/site-packages/airflow/example_dags/tutorial_taskflow_api_etl_virtualenv.py
[2021-12-10 08:36:11,470] {processor.py:637} INFO - DAG(s) dict_keys(['tutorial_taskflow_api_etl_virtualenv']) retrieved from /home/airflow/.local/lib/python3.7/site-packages/airflow/example_dags/tutorial_taskflow_api_etl_virtualenv.py
[2021-12-10 08:36:11,784] {logging_mixin.py:109} INFO - [2021-12-10 08:36:11,784] {dag.py:2396} INFO - Sync 1 DAGs
[2021-12-10 08:36:11,799] {logging_mixin.py:109} INFO - [2021-12-10 08:36:11,798] {dag.py:2928} INFO - Setting next_dagrun for tutorial_taskflow_api_etl_virtualenv to None
[2021-12-10 08:36:11,809] {processor.py:171} INFO - Processing /home/airflow/.local/lib/python3.7/site-packages/airflow/example_dags/tutorial_taskflow_api_etl_virtualenv.py took 0.376 seconds
[2021-12-10 08:36:41,847] {processor.py:163} INFO - Started process (PID=1767) to work on /home/airflow/.local/lib/python3.7/site-packages/airflow/example_dags/tutorial_taskflow_api_etl_virtualenv.py
[2021-12-10 08:36:41,848] {processor.py:625} INFO - Processing file /home/airflow/.local/lib/python3.7/site-packages/airflow/example_dags/tutorial_taskflow_api_etl_virtualenv.py for tasks to queue
[2021-12-10 08:36:41,849] {logging_mixin.py:109} INFO - [2021-12-10 08:36:41,849] {dagbag.py:500} INFO - Filling up the DagBag from /home/airflow/.local/lib/python3.7/site-packages/airflow/example_dags/tutorial_taskflow_api_etl_virtualenv.py
[2021-12-10 08:36:41,881] {processor.py:637} INFO - DAG(s) dict_keys(['tutorial_taskflow_api_etl_virtualenv']) retrieved from /home/airflow/.local/lib/python3.7/site-packages/airflow/example_dags/tutorial_taskflow_api_etl_virtualenv.py
[2021-12-10 08:36:42,200] {logging_mixin.py:109} INFO - [2021-12-10 08:36:42,200] {dag.py:2396} INFO - Sync 1 DAGs
[2021-12-10 08:36:42,213] {logging_mixin.py:109} INFO - [2021-12-10 08:36:42,213] {dag.py:2928} INFO - Setting next_dagrun for tutorial_taskflow_api_etl_virtualenv to None
[2021-12-10 08:36:42,223] {processor.py:171} INFO - Processing /home/airflow/.local/lib/python3.7/site-packages/airflow/example_dags/tutorial_taskflow_api_etl_virtualenv.py took 0.379 seconds
[2021-12-10 08:37:13,001] {processor.py:163} INFO - Started process (PID=1831) to work on /home/airflow/.local/lib/python3.7/site-packages/airflow/example_dags/tutorial_taskflow_api_etl_virtualenv.py
[2021-12-10 08:37:13,002] {processor.py:625} INFO - Processing file /home/airflow/.local/lib/python3.7/site-packages/airflow/example_dags/tutorial_taskflow_api_etl_virtualenv.py for tasks to queue
[2021-12-10 08:37:13,003] {logging_mixin.py:109} INFO - [2021-12-10 08:37:13,003] {dagbag.py:500} INFO - Filling up the DagBag from /home/airflow/.local/lib/python3.7/site-packages/airflow/example_dags/tutorial_taskflow_api_etl_virtualenv.py
[2021-12-10 08:37:13,040] {processor.py:637} INFO - DAG(s) dict_keys(['tutorial_taskflow_api_etl_virtualenv']) retrieved from /home/airflow/.local/lib/python3.7/site-packages/airflow/example_dags/tutorial_taskflow_api_etl_virtualenv.py
[2021-12-10 08:37:13,376] {logging_mixin.py:109} INFO - [2021-12-10 08:37:13,376] {dag.py:2396} INFO - Sync 1 DAGs
[2021-12-10 08:37:13,391] {logging_mixin.py:109} INFO - [2021-12-10 08:37:13,391] {dag.py:2928} INFO - Setting next_dagrun for tutorial_taskflow_api_etl_virtualenv to None
[2021-12-10 08:37:13,402] {processor.py:171} INFO - Processing /home/airflow/.local/lib/python3.7/site-packages/airflow/example_dags/tutorial_taskflow_api_etl_virtualenv.py took 0.406 seconds
[2021-12-10 08:37:44,298] {processor.py:163} INFO - Started process (PID=1885) to work on /home/airflow/.local/lib/python3.7/site-packages/airflow/example_dags/tutorial_taskflow_api_etl_virtualenv.py
[2021-12-10 08:37:44,299] {processor.py:625} INFO - Processing file /home/airflow/.local/lib/python3.7/site-packages/airflow/example_dags/tutorial_taskflow_api_etl_virtualenv.py for tasks to queue
[2021-12-10 08:37:44,300] {logging_mixin.py:109} INFO - [2021-12-10 08:37:44,300] {dagbag.py:500} INFO - Filling up the DagBag from /home/airflow/.local/lib/python3.7/site-packages/airflow/example_dags/tutorial_taskflow_api_etl_virtualenv.py
[2021-12-10 08:37:44,331] {processor.py:637} INFO - DAG(s) dict_keys(['tutorial_taskflow_api_etl_virtualenv']) retrieved from /home/airflow/.local/lib/python3.7/site-packages/airflow/example_dags/tutorial_taskflow_api_etl_virtualenv.py
[2021-12-10 08:37:44,656] {logging_mixin.py:109} INFO - [2021-12-10 08:37:44,656] {dag.py:2396} INFO - Sync 1 DAGs
[2021-12-10 08:37:44,671] {logging_mixin.py:109} INFO - [2021-12-10 08:37:44,671] {dag.py:2928} INFO - Setting next_dagrun for tutorial_taskflow_api_etl_virtualenv to None
[2021-12-10 08:37:44,682] {processor.py:171} INFO - Processing /home/airflow/.local/lib/python3.7/site-packages/airflow/example_dags/tutorial_taskflow_api_etl_virtualenv.py took 0.389 seconds
[2021-12-10 08:38:14,710] {processor.py:163} INFO - Started process (PID=1937) to work on /home/airflow/.local/lib/python3.7/site-packages/airflow/example_dags/tutorial_taskflow_api_etl_virtualenv.py
[2021-12-10 08:38:14,711] {processor.py:625} INFO - Processing file /home/airflow/.local/lib/python3.7/site-packages/airflow/example_dags/tutorial_taskflow_api_etl_virtualenv.py for tasks to queue
[2021-12-10 08:38:14,712] {logging_mixin.py:109} INFO - [2021-12-10 08:38:14,712] {dagbag.py:500} INFO - Filling up the DagBag from /home/airflow/.local/lib/python3.7/site-packages/airflow/example_dags/tutorial_taskflow_api_etl_virtualenv.py
[2021-12-10 08:38:14,744] {processor.py:637} INFO - DAG(s) dict_keys(['tutorial_taskflow_api_etl_virtualenv']) retrieved from /home/airflow/.local/lib/python3.7/site-packages/airflow/example_dags/tutorial_taskflow_api_etl_virtualenv.py
[2021-12-10 08:38:15,066] {logging_mixin.py:109} INFO - [2021-12-10 08:38:15,066] {dag.py:2396} INFO - Sync 1 DAGs
[2021-12-10 08:38:15,080] {logging_mixin.py:109} INFO - [2021-12-10 08:38:15,080] {dag.py:2928} INFO - Setting next_dagrun for tutorial_taskflow_api_etl_virtualenv to None
[2021-12-10 08:38:15,090] {processor.py:171} INFO - Processing /home/airflow/.local/lib/python3.7/site-packages/airflow/example_dags/tutorial_taskflow_api_etl_virtualenv.py took 0.384 seconds
[2021-12-10 08:38:46,095] {processor.py:163} INFO - Started process (PID=1999) to work on /home/airflow/.local/lib/python3.7/site-packages/airflow/example_dags/tutorial_taskflow_api_etl_virtualenv.py
[2021-12-10 08:38:46,097] {processor.py:625} INFO - Processing file /home/airflow/.local/lib/python3.7/site-packages/airflow/example_dags/tutorial_taskflow_api_etl_virtualenv.py for tasks to queue
[2021-12-10 08:38:46,097] {logging_mixin.py:109} INFO - [2021-12-10 08:38:46,097] {dagbag.py:500} INFO - Filling up the DagBag from /home/airflow/.local/lib/python3.7/site-packages/airflow/example_dags/tutorial_taskflow_api_etl_virtualenv.py
[2021-12-10 08:38:46,137] {processor.py:637} INFO - DAG(s) dict_keys(['tutorial_taskflow_api_etl_virtualenv']) retrieved from /home/airflow/.local/lib/python3.7/site-packages/airflow/example_dags/tutorial_taskflow_api_etl_virtualenv.py
[2021-12-10 08:38:46,465] {logging_mixin.py:109} INFO - [2021-12-10 08:38:46,465] {dag.py:2396} INFO - Sync 1 DAGs
[2021-12-10 08:38:46,479] {logging_mixin.py:109} INFO - [2021-12-10 08:38:46,478] {dag.py:2928} INFO - Setting next_dagrun for tutorial_taskflow_api_etl_virtualenv to None
[2021-12-10 08:38:46,497] {processor.py:171} INFO - Processing /home/airflow/.local/lib/python3.7/site-packages/airflow/example_dags/tutorial_taskflow_api_etl_virtualenv.py took 0.407 seconds
[2021-12-10 08:39:17,472] {processor.py:163} INFO - Started process (PID=2053) to work on /home/airflow/.local/lib/python3.7/site-packages/airflow/example_dags/tutorial_taskflow_api_etl_virtualenv.py
[2021-12-10 08:39:17,475] {processor.py:625} INFO - Processing file /home/airflow/.local/lib/python3.7/site-packages/airflow/example_dags/tutorial_taskflow_api_etl_virtualenv.py for tasks to queue
[2021-12-10 08:39:17,476] {logging_mixin.py:109} INFO - [2021-12-10 08:39:17,476] {dagbag.py:500} INFO - Filling up the DagBag from /home/airflow/.local/lib/python3.7/site-packages/airflow/example_dags/tutorial_taskflow_api_etl_virtualenv.py
[2021-12-10 08:39:17,509] {processor.py:637} INFO - DAG(s) dict_keys(['tutorial_taskflow_api_etl_virtualenv']) retrieved from /home/airflow/.local/lib/python3.7/site-packages/airflow/example_dags/tutorial_taskflow_api_etl_virtualenv.py
[2021-12-10 08:39:17,827] {logging_mixin.py:109} INFO - [2021-12-10 08:39:17,827] {dag.py:2396} INFO - Sync 1 DAGs
[2021-12-10 08:39:17,841] {logging_mixin.py:109} INFO - [2021-12-10 08:39:17,841] {dag.py:2928} INFO - Setting next_dagrun for tutorial_taskflow_api_etl_virtualenv to None
[2021-12-10 08:39:17,853] {processor.py:171} INFO - Processing /home/airflow/.local/lib/python3.7/site-packages/airflow/example_dags/tutorial_taskflow_api_etl_virtualenv.py took 0.385 seconds
[2021-12-10 08:39:48,628] {processor.py:163} INFO - Started process (PID=2116) to work on /home/airflow/.local/lib/python3.7/site-packages/airflow/example_dags/tutorial_taskflow_api_etl_virtualenv.py
[2021-12-10 08:39:48,630] {processor.py:625} INFO - Processing file /home/airflow/.local/lib/python3.7/site-packages/airflow/example_dags/tutorial_taskflow_api_etl_virtualenv.py for tasks to queue
[2021-12-10 08:39:48,631] {logging_mixin.py:109} INFO - [2021-12-10 08:39:48,630] {dagbag.py:500} INFO - Filling up the DagBag from /home/airflow/.local/lib/python3.7/site-packages/airflow/example_dags/tutorial_taskflow_api_etl_virtualenv.py
[2021-12-10 08:39:48,664] {processor.py:637} INFO - DAG(s) dict_keys(['tutorial_taskflow_api_etl_virtualenv']) retrieved from /home/airflow/.local/lib/python3.7/site-packages/airflow/example_dags/tutorial_taskflow_api_etl_virtualenv.py
[2021-12-10 08:39:48,992] {logging_mixin.py:109} INFO - [2021-12-10 08:39:48,992] {dag.py:2396} INFO - Sync 1 DAGs
[2021-12-10 08:39:49,006] {logging_mixin.py:109} INFO - [2021-12-10 08:39:49,006] {dag.py:2928} INFO - Setting next_dagrun for tutorial_taskflow_api_etl_virtualenv to None
[2021-12-10 08:39:49,016] {processor.py:171} INFO - Processing /home/airflow/.local/lib/python3.7/site-packages/airflow/example_dags/tutorial_taskflow_api_etl_virtualenv.py took 0.391 seconds
[2021-12-10 08:40:19,865] {processor.py:163} INFO - Started process (PID=2171) to work on /home/airflow/.local/lib/python3.7/site-packages/airflow/example_dags/tutorial_taskflow_api_etl_virtualenv.py
[2021-12-10 08:40:19,867] {processor.py:625} INFO - Processing file /home/airflow/.local/lib/python3.7/site-packages/airflow/example_dags/tutorial_taskflow_api_etl_virtualenv.py for tasks to queue
[2021-12-10 08:40:19,867] {logging_mixin.py:109} INFO - [2021-12-10 08:40:19,867] {dagbag.py:500} INFO - Filling up the DagBag from /home/airflow/.local/lib/python3.7/site-packages/airflow/example_dags/tutorial_taskflow_api_etl_virtualenv.py
[2021-12-10 08:40:19,902] {processor.py:637} INFO - DAG(s) dict_keys(['tutorial_taskflow_api_etl_virtualenv']) retrieved from /home/airflow/.local/lib/python3.7/site-packages/airflow/example_dags/tutorial_taskflow_api_etl_virtualenv.py
[2021-12-10 08:40:20,239] {logging_mixin.py:109} INFO - [2021-12-10 08:40:20,239] {dag.py:2396} INFO - Sync 1 DAGs
[2021-12-10 08:40:20,254] {logging_mixin.py:109} INFO - [2021-12-10 08:40:20,254] {dag.py:2928} INFO - Setting next_dagrun for tutorial_taskflow_api_etl_virtualenv to None
[2021-12-10 08:40:20,268] {processor.py:171} INFO - Processing /home/airflow/.local/lib/python3.7/site-packages/airflow/example_dags/tutorial_taskflow_api_etl_virtualenv.py took 0.407 seconds
[2021-12-10 08:40:51,133] {processor.py:163} INFO - Started process (PID=2232) to work on /home/airflow/.local/lib/python3.7/site-packages/airflow/example_dags/tutorial_taskflow_api_etl_virtualenv.py
[2021-12-10 08:40:51,135] {processor.py:625} INFO - Processing file /home/airflow/.local/lib/python3.7/site-packages/airflow/example_dags/tutorial_taskflow_api_etl_virtualenv.py for tasks to queue
[2021-12-10 08:40:51,135] {logging_mixin.py:109} INFO - [2021-12-10 08:40:51,135] {dagbag.py:500} INFO - Filling up the DagBag from /home/airflow/.local/lib/python3.7/site-packages/airflow/example_dags/tutorial_taskflow_api_etl_virtualenv.py
[2021-12-10 08:40:51,171] {processor.py:637} INFO - DAG(s) dict_keys(['tutorial_taskflow_api_etl_virtualenv']) retrieved from /home/airflow/.local/lib/python3.7/site-packages/airflow/example_dags/tutorial_taskflow_api_etl_virtualenv.py
[2021-12-10 08:40:51,491] {logging_mixin.py:109} INFO - [2021-12-10 08:40:51,491] {dag.py:2396} INFO - Sync 1 DAGs
[2021-12-10 08:40:51,507] {logging_mixin.py:109} INFO - [2021-12-10 08:40:51,507] {dag.py:2928} INFO - Setting next_dagrun for tutorial_taskflow_api_etl_virtualenv to None
[2021-12-10 08:40:51,518] {processor.py:171} INFO - Processing /home/airflow/.local/lib/python3.7/site-packages/airflow/example_dags/tutorial_taskflow_api_etl_virtualenv.py took 0.389 seconds
[2021-12-10 08:41:22,290] {processor.py:163} INFO - Started process (PID=2285) to work on /home/airflow/.local/lib/python3.7/site-packages/airflow/example_dags/tutorial_taskflow_api_etl_virtualenv.py
[2021-12-10 08:41:22,292] {processor.py:625} INFO - Processing file /home/airflow/.local/lib/python3.7/site-packages/airflow/example_dags/tutorial_taskflow_api_etl_virtualenv.py for tasks to queue
[2021-12-10 08:41:22,293] {logging_mixin.py:109} INFO - [2021-12-10 08:41:22,293] {dagbag.py:500} INFO - Filling up the DagBag from /home/airflow/.local/lib/python3.7/site-packages/airflow/example_dags/tutorial_taskflow_api_etl_virtualenv.py
[2021-12-10 08:41:22,325] {processor.py:637} INFO - DAG(s) dict_keys(['tutorial_taskflow_api_etl_virtualenv']) retrieved from /home/airflow/.local/lib/python3.7/site-packages/airflow/example_dags/tutorial_taskflow_api_etl_virtualenv.py
[2021-12-10 08:41:22,652] {logging_mixin.py:109} INFO - [2021-12-10 08:41:22,652] {dag.py:2396} INFO - Sync 1 DAGs
[2021-12-10 08:41:22,669] {logging_mixin.py:109} INFO - [2021-12-10 08:41:22,669] {dag.py:2928} INFO - Setting next_dagrun for tutorial_taskflow_api_etl_virtualenv to None
[2021-12-10 08:41:22,680] {processor.py:171} INFO - Processing /home/airflow/.local/lib/python3.7/site-packages/airflow/example_dags/tutorial_taskflow_api_etl_virtualenv.py took 0.394 seconds
[2021-12-10 08:41:52,774] {processor.py:163} INFO - Started process (PID=2349) to work on /home/airflow/.local/lib/python3.7/site-packages/airflow/example_dags/tutorial_taskflow_api_etl_virtualenv.py
[2021-12-10 08:41:52,775] {processor.py:625} INFO - Processing file /home/airflow/.local/lib/python3.7/site-packages/airflow/example_dags/tutorial_taskflow_api_etl_virtualenv.py for tasks to queue
[2021-12-10 08:41:52,776] {logging_mixin.py:109} INFO - [2021-12-10 08:41:52,776] {dagbag.py:500} INFO - Filling up the DagBag from /home/airflow/.local/lib/python3.7/site-packages/airflow/example_dags/tutorial_taskflow_api_etl_virtualenv.py
[2021-12-10 08:41:52,809] {processor.py:637} INFO - DAG(s) dict_keys(['tutorial_taskflow_api_etl_virtualenv']) retrieved from /home/airflow/.local/lib/python3.7/site-packages/airflow/example_dags/tutorial_taskflow_api_etl_virtualenv.py
[2021-12-10 08:41:53,119] {logging_mixin.py:109} INFO - [2021-12-10 08:41:53,119] {dag.py:2396} INFO - Sync 1 DAGs
[2021-12-10 08:41:53,133] {logging_mixin.py:109} INFO - [2021-12-10 08:41:53,133] {dag.py:2928} INFO - Setting next_dagrun for tutorial_taskflow_api_etl_virtualenv to None
[2021-12-10 08:41:53,144] {processor.py:171} INFO - Processing /home/airflow/.local/lib/python3.7/site-packages/airflow/example_dags/tutorial_taskflow_api_etl_virtualenv.py took 0.374 seconds
[2021-12-10 08:42:23,181] {processor.py:163} INFO - Started process (PID=2401) to work on /home/airflow/.local/lib/python3.7/site-packages/airflow/example_dags/tutorial_taskflow_api_etl_virtualenv.py
[2021-12-10 08:42:23,183] {processor.py:625} INFO - Processing file /home/airflow/.local/lib/python3.7/site-packages/airflow/example_dags/tutorial_taskflow_api_etl_virtualenv.py for tasks to queue
[2021-12-10 08:42:23,183] {logging_mixin.py:109} INFO - [2021-12-10 08:42:23,183] {dagbag.py:500} INFO - Filling up the DagBag from /home/airflow/.local/lib/python3.7/site-packages/airflow/example_dags/tutorial_taskflow_api_etl_virtualenv.py
[2021-12-10 08:42:23,215] {processor.py:637} INFO - DAG(s) dict_keys(['tutorial_taskflow_api_etl_virtualenv']) retrieved from /home/airflow/.local/lib/python3.7/site-packages/airflow/example_dags/tutorial_taskflow_api_etl_virtualenv.py
[2021-12-10 08:42:23,527] {logging_mixin.py:109} INFO - [2021-12-10 08:42:23,527] {dag.py:2396} INFO - Sync 1 DAGs
[2021-12-10 08:42:23,541] {logging_mixin.py:109} INFO - [2021-12-10 08:42:23,541] {dag.py:2928} INFO - Setting next_dagrun for tutorial_taskflow_api_etl_virtualenv to None
[2021-12-10 08:42:23,551] {processor.py:171} INFO - Processing /home/airflow/.local/lib/python3.7/site-packages/airflow/example_dags/tutorial_taskflow_api_etl_virtualenv.py took 0.375 seconds
[2021-12-10 08:42:54,264] {processor.py:163} INFO - Started process (PID=2463) to work on /home/airflow/.local/lib/python3.7/site-packages/airflow/example_dags/tutorial_taskflow_api_etl_virtualenv.py
[2021-12-10 08:42:54,265] {processor.py:625} INFO - Processing file /home/airflow/.local/lib/python3.7/site-packages/airflow/example_dags/tutorial_taskflow_api_etl_virtualenv.py for tasks to queue
[2021-12-10 08:42:54,266] {logging_mixin.py:109} INFO - [2021-12-10 08:42:54,266] {dagbag.py:500} INFO - Filling up the DagBag from /home/airflow/.local/lib/python3.7/site-packages/airflow/example_dags/tutorial_taskflow_api_etl_virtualenv.py
[2021-12-10 08:42:54,302] {processor.py:637} INFO - DAG(s) dict_keys(['tutorial_taskflow_api_etl_virtualenv']) retrieved from /home/airflow/.local/lib/python3.7/site-packages/airflow/example_dags/tutorial_taskflow_api_etl_virtualenv.py
[2021-12-10 08:42:54,623] {logging_mixin.py:109} INFO - [2021-12-10 08:42:54,623] {dag.py:2396} INFO - Sync 1 DAGs
[2021-12-10 08:42:54,638] {logging_mixin.py:109} INFO - [2021-12-10 08:42:54,638] {dag.py:2928} INFO - Setting next_dagrun for tutorial_taskflow_api_etl_virtualenv to None
[2021-12-10 08:42:54,649] {processor.py:171} INFO - Processing /home/airflow/.local/lib/python3.7/site-packages/airflow/example_dags/tutorial_taskflow_api_etl_virtualenv.py took 0.388 seconds
[2021-12-10 08:43:24,702] {processor.py:163} INFO - Started process (PID=2515) to work on /home/airflow/.local/lib/python3.7/site-packages/airflow/example_dags/tutorial_taskflow_api_etl_virtualenv.py
[2021-12-10 08:43:24,704] {processor.py:625} INFO - Processing file /home/airflow/.local/lib/python3.7/site-packages/airflow/example_dags/tutorial_taskflow_api_etl_virtualenv.py for tasks to queue
[2021-12-10 08:43:24,704] {logging_mixin.py:109} INFO - [2021-12-10 08:43:24,704] {dagbag.py:500} INFO - Filling up the DagBag from /home/airflow/.local/lib/python3.7/site-packages/airflow/example_dags/tutorial_taskflow_api_etl_virtualenv.py
[2021-12-10 08:43:24,737] {processor.py:637} INFO - DAG(s) dict_keys(['tutorial_taskflow_api_etl_virtualenv']) retrieved from /home/airflow/.local/lib/python3.7/site-packages/airflow/example_dags/tutorial_taskflow_api_etl_virtualenv.py
[2021-12-10 08:43:25,070] {logging_mixin.py:109} INFO - [2021-12-10 08:43:25,070] {dag.py:2396} INFO - Sync 1 DAGs
[2021-12-10 08:43:25,085] {logging_mixin.py:109} INFO - [2021-12-10 08:43:25,084] {dag.py:2928} INFO - Setting next_dagrun for tutorial_taskflow_api_etl_virtualenv to None
[2021-12-10 08:43:25,095] {processor.py:171} INFO - Processing /home/airflow/.local/lib/python3.7/site-packages/airflow/example_dags/tutorial_taskflow_api_etl_virtualenv.py took 0.396 seconds
[2021-12-10 08:43:55,897] {processor.py:163} INFO - Started process (PID=2566) to work on /home/airflow/.local/lib/python3.7/site-packages/airflow/example_dags/tutorial_taskflow_api_etl_virtualenv.py
[2021-12-10 08:43:55,900] {processor.py:625} INFO - Processing file /home/airflow/.local/lib/python3.7/site-packages/airflow/example_dags/tutorial_taskflow_api_etl_virtualenv.py for tasks to queue
[2021-12-10 08:43:55,901] {logging_mixin.py:109} INFO - [2021-12-10 08:43:55,901] {dagbag.py:500} INFO - Filling up the DagBag from /home/airflow/.local/lib/python3.7/site-packages/airflow/example_dags/tutorial_taskflow_api_etl_virtualenv.py
[2021-12-10 08:43:55,935] {processor.py:637} INFO - DAG(s) dict_keys(['tutorial_taskflow_api_etl_virtualenv']) retrieved from /home/airflow/.local/lib/python3.7/site-packages/airflow/example_dags/tutorial_taskflow_api_etl_virtualenv.py
[2021-12-10 08:43:56,288] {logging_mixin.py:109} INFO - [2021-12-10 08:43:56,288] {dag.py:2396} INFO - Sync 1 DAGs
[2021-12-10 08:43:56,302] {logging_mixin.py:109} INFO - [2021-12-10 08:43:56,302] {dag.py:2928} INFO - Setting next_dagrun for tutorial_taskflow_api_etl_virtualenv to None
[2021-12-10 08:43:56,313] {processor.py:171} INFO - Processing /home/airflow/.local/lib/python3.7/site-packages/airflow/example_dags/tutorial_taskflow_api_etl_virtualenv.py took 0.420 seconds
[2021-12-10 08:44:27,141] {processor.py:163} INFO - Started process (PID=2629) to work on /home/airflow/.local/lib/python3.7/site-packages/airflow/example_dags/tutorial_taskflow_api_etl_virtualenv.py
[2021-12-10 08:44:27,143] {processor.py:625} INFO - Processing file /home/airflow/.local/lib/python3.7/site-packages/airflow/example_dags/tutorial_taskflow_api_etl_virtualenv.py for tasks to queue
[2021-12-10 08:44:27,143] {logging_mixin.py:109} INFO - [2021-12-10 08:44:27,143] {dagbag.py:500} INFO - Filling up the DagBag from /home/airflow/.local/lib/python3.7/site-packages/airflow/example_dags/tutorial_taskflow_api_etl_virtualenv.py
[2021-12-10 08:44:27,175] {processor.py:637} INFO - DAG(s) dict_keys(['tutorial_taskflow_api_etl_virtualenv']) retrieved from /home/airflow/.local/lib/python3.7/site-packages/airflow/example_dags/tutorial_taskflow_api_etl_virtualenv.py
[2021-12-10 08:44:27,493] {logging_mixin.py:109} INFO - [2021-12-10 08:44:27,493] {dag.py:2396} INFO - Sync 1 DAGs
[2021-12-10 08:44:27,508] {logging_mixin.py:109} INFO - [2021-12-10 08:44:27,508] {dag.py:2928} INFO - Setting next_dagrun for tutorial_taskflow_api_etl_virtualenv to None
[2021-12-10 08:44:27,521] {processor.py:171} INFO - Processing /home/airflow/.local/lib/python3.7/site-packages/airflow/example_dags/tutorial_taskflow_api_etl_virtualenv.py took 0.383 seconds
[2021-12-10 08:44:58,201] {processor.py:163} INFO - Started process (PID=2682) to work on /home/airflow/.local/lib/python3.7/site-packages/airflow/example_dags/tutorial_taskflow_api_etl_virtualenv.py
[2021-12-10 08:44:58,203] {processor.py:625} INFO - Processing file /home/airflow/.local/lib/python3.7/site-packages/airflow/example_dags/tutorial_taskflow_api_etl_virtualenv.py for tasks to queue
[2021-12-10 08:44:58,203] {logging_mixin.py:109} INFO - [2021-12-10 08:44:58,203] {dagbag.py:500} INFO - Filling up the DagBag from /home/airflow/.local/lib/python3.7/site-packages/airflow/example_dags/tutorial_taskflow_api_etl_virtualenv.py
[2021-12-10 08:44:58,237] {processor.py:637} INFO - DAG(s) dict_keys(['tutorial_taskflow_api_etl_virtualenv']) retrieved from /home/airflow/.local/lib/python3.7/site-packages/airflow/example_dags/tutorial_taskflow_api_etl_virtualenv.py
[2021-12-10 08:44:58,568] {logging_mixin.py:109} INFO - [2021-12-10 08:44:58,568] {dag.py:2396} INFO - Sync 1 DAGs
[2021-12-10 08:44:58,584] {logging_mixin.py:109} INFO - [2021-12-10 08:44:58,584] {dag.py:2928} INFO - Setting next_dagrun for tutorial_taskflow_api_etl_virtualenv to None
[2021-12-10 08:44:58,594] {processor.py:171} INFO - Processing /home/airflow/.local/lib/python3.7/site-packages/airflow/example_dags/tutorial_taskflow_api_etl_virtualenv.py took 0.397 seconds
[2021-12-10 08:45:29,414] {processor.py:163} INFO - Started process (PID=2744) to work on /home/airflow/.local/lib/python3.7/site-packages/airflow/example_dags/tutorial_taskflow_api_etl_virtualenv.py
[2021-12-10 08:45:29,416] {processor.py:625} INFO - Processing file /home/airflow/.local/lib/python3.7/site-packages/airflow/example_dags/tutorial_taskflow_api_etl_virtualenv.py for tasks to queue
[2021-12-10 08:45:29,416] {logging_mixin.py:109} INFO - [2021-12-10 08:45:29,416] {dagbag.py:500} INFO - Filling up the DagBag from /home/airflow/.local/lib/python3.7/site-packages/airflow/example_dags/tutorial_taskflow_api_etl_virtualenv.py
[2021-12-10 08:45:29,451] {processor.py:637} INFO - DAG(s) dict_keys(['tutorial_taskflow_api_etl_virtualenv']) retrieved from /home/airflow/.local/lib/python3.7/site-packages/airflow/example_dags/tutorial_taskflow_api_etl_virtualenv.py
[2021-12-10 08:45:29,777] {logging_mixin.py:109} INFO - [2021-12-10 08:45:29,777] {dag.py:2396} INFO - Sync 1 DAGs
[2021-12-10 08:45:29,791] {logging_mixin.py:109} INFO - [2021-12-10 08:45:29,791] {dag.py:2928} INFO - Setting next_dagrun for tutorial_taskflow_api_etl_virtualenv to None
[2021-12-10 08:45:29,802] {processor.py:171} INFO - Processing /home/airflow/.local/lib/python3.7/site-packages/airflow/example_dags/tutorial_taskflow_api_etl_virtualenv.py took 0.391 seconds
[2021-12-10 08:46:00,073] {processor.py:163} INFO - Started process (PID=2796) to work on /home/airflow/.local/lib/python3.7/site-packages/airflow/example_dags/tutorial_taskflow_api_etl_virtualenv.py
[2021-12-10 08:46:00,074] {processor.py:625} INFO - Processing file /home/airflow/.local/lib/python3.7/site-packages/airflow/example_dags/tutorial_taskflow_api_etl_virtualenv.py for tasks to queue
[2021-12-10 08:46:00,075] {logging_mixin.py:109} INFO - [2021-12-10 08:46:00,075] {dagbag.py:500} INFO - Filling up the DagBag from /home/airflow/.local/lib/python3.7/site-packages/airflow/example_dags/tutorial_taskflow_api_etl_virtualenv.py
[2021-12-10 08:46:00,108] {processor.py:637} INFO - DAG(s) dict_keys(['tutorial_taskflow_api_etl_virtualenv']) retrieved from /home/airflow/.local/lib/python3.7/site-packages/airflow/example_dags/tutorial_taskflow_api_etl_virtualenv.py
[2021-12-10 08:46:00,420] {logging_mixin.py:109} INFO - [2021-12-10 08:46:00,420] {dag.py:2396} INFO - Sync 1 DAGs
[2021-12-10 08:46:00,433] {logging_mixin.py:109} INFO - [2021-12-10 08:46:00,433] {dag.py:2928} INFO - Setting next_dagrun for tutorial_taskflow_api_etl_virtualenv to None
[2021-12-10 08:46:00,446] {processor.py:171} INFO - Processing /home/airflow/.local/lib/python3.7/site-packages/airflow/example_dags/tutorial_taskflow_api_etl_virtualenv.py took 0.377 seconds
[2021-12-10 08:46:31,197] {processor.py:163} INFO - Started process (PID=2857) to work on /home/airflow/.local/lib/python3.7/site-packages/airflow/example_dags/tutorial_taskflow_api_etl_virtualenv.py
[2021-12-10 08:46:31,199] {processor.py:625} INFO - Processing file /home/airflow/.local/lib/python3.7/site-packages/airflow/example_dags/tutorial_taskflow_api_etl_virtualenv.py for tasks to queue
[2021-12-10 08:46:31,200] {logging_mixin.py:109} INFO - [2021-12-10 08:46:31,200] {dagbag.py:500} INFO - Filling up the DagBag from /home/airflow/.local/lib/python3.7/site-packages/airflow/example_dags/tutorial_taskflow_api_etl_virtualenv.py
[2021-12-10 08:46:31,237] {processor.py:637} INFO - DAG(s) dict_keys(['tutorial_taskflow_api_etl_virtualenv']) retrieved from /home/airflow/.local/lib/python3.7/site-packages/airflow/example_dags/tutorial_taskflow_api_etl_virtualenv.py
[2021-12-10 08:46:31,558] {logging_mixin.py:109} INFO - [2021-12-10 08:46:31,558] {dag.py:2396} INFO - Sync 1 DAGs
[2021-12-10 08:46:31,572] {logging_mixin.py:109} INFO - [2021-12-10 08:46:31,572] {dag.py:2928} INFO - Setting next_dagrun for tutorial_taskflow_api_etl_virtualenv to None
[2021-12-10 08:46:31,585] {processor.py:171} INFO - Processing /home/airflow/.local/lib/python3.7/site-packages/airflow/example_dags/tutorial_taskflow_api_etl_virtualenv.py took 0.391 seconds
[2021-12-10 08:47:01,755] {processor.py:163} INFO - Started process (PID=2909) to work on /home/airflow/.local/lib/python3.7/site-packages/airflow/example_dags/tutorial_taskflow_api_etl_virtualenv.py
[2021-12-10 08:47:01,757] {processor.py:625} INFO - Processing file /home/airflow/.local/lib/python3.7/site-packages/airflow/example_dags/tutorial_taskflow_api_etl_virtualenv.py for tasks to queue
[2021-12-10 08:47:01,758] {logging_mixin.py:109} INFO - [2021-12-10 08:47:01,758] {dagbag.py:500} INFO - Filling up the DagBag from /home/airflow/.local/lib/python3.7/site-packages/airflow/example_dags/tutorial_taskflow_api_etl_virtualenv.py
[2021-12-10 08:47:01,794] {processor.py:637} INFO - DAG(s) dict_keys(['tutorial_taskflow_api_etl_virtualenv']) retrieved from /home/airflow/.local/lib/python3.7/site-packages/airflow/example_dags/tutorial_taskflow_api_etl_virtualenv.py
[2021-12-10 08:47:02,107] {logging_mixin.py:109} INFO - [2021-12-10 08:47:02,107] {dag.py:2396} INFO - Sync 1 DAGs
[2021-12-10 08:47:02,122] {logging_mixin.py:109} INFO - [2021-12-10 08:47:02,122] {dag.py:2928} INFO - Setting next_dagrun for tutorial_taskflow_api_etl_virtualenv to None
[2021-12-10 08:47:02,132] {processor.py:171} INFO - Processing /home/airflow/.local/lib/python3.7/site-packages/airflow/example_dags/tutorial_taskflow_api_etl_virtualenv.py took 0.381 seconds
[2021-12-10 08:47:32,668] {processor.py:163} INFO - Started process (PID=2971) to work on /home/airflow/.local/lib/python3.7/site-packages/airflow/example_dags/tutorial_taskflow_api_etl_virtualenv.py
[2021-12-10 08:47:32,669] {processor.py:625} INFO - Processing file /home/airflow/.local/lib/python3.7/site-packages/airflow/example_dags/tutorial_taskflow_api_etl_virtualenv.py for tasks to queue
[2021-12-10 08:47:32,670] {logging_mixin.py:109} INFO - [2021-12-10 08:47:32,670] {dagbag.py:500} INFO - Filling up the DagBag from /home/airflow/.local/lib/python3.7/site-packages/airflow/example_dags/tutorial_taskflow_api_etl_virtualenv.py
[2021-12-10 08:47:32,700] {processor.py:637} INFO - DAG(s) dict_keys(['tutorial_taskflow_api_etl_virtualenv']) retrieved from /home/airflow/.local/lib/python3.7/site-packages/airflow/example_dags/tutorial_taskflow_api_etl_virtualenv.py
[2021-12-10 08:47:33,002] {logging_mixin.py:109} INFO - [2021-12-10 08:47:33,001] {dag.py:2396} INFO - Sync 1 DAGs
[2021-12-10 08:47:33,017] {logging_mixin.py:109} INFO - [2021-12-10 08:47:33,017] {dag.py:2928} INFO - Setting next_dagrun for tutorial_taskflow_api_etl_virtualenv to None
[2021-12-10 08:47:33,029] {processor.py:171} INFO - Processing /home/airflow/.local/lib/python3.7/site-packages/airflow/example_dags/tutorial_taskflow_api_etl_virtualenv.py took 0.364 seconds
