[2021-12-10 08:23:53,221] {processor.py:163} INFO - Started process (PID=309) to work on /home/airflow/.local/lib/python3.7/site-packages/airflow/example_dags/tutorial.py
[2021-12-10 08:23:53,222] {processor.py:625} INFO - Processing file /home/airflow/.local/lib/python3.7/site-packages/airflow/example_dags/tutorial.py for tasks to queue
[2021-12-10 08:23:53,222] {logging_mixin.py:109} INFO - [2021-12-10 08:23:53,222] {dagbag.py:500} INFO - Filling up the DagBag from /home/airflow/.local/lib/python3.7/site-packages/airflow/example_dags/tutorial.py
[2021-12-10 08:23:53,253] {processor.py:637} INFO - DAG(s) dict_keys(['tutorial']) retrieved from /home/airflow/.local/lib/python3.7/site-packages/airflow/example_dags/tutorial.py
[2021-12-10 08:23:54,629] {logging_mixin.py:109} INFO - [2021-12-10 08:23:54,629] {providers_manager.py:156} WARNING - Exception when importing 'airflow.providers.google.leveldb.hooks.leveldb.LevelDBHook' from 'apache-airflow-providers-google' package: No module named 'plyvel'
[2021-12-10 08:23:55,103] {logging_mixin.py:109} INFO - [2021-12-10 08:23:55,102] {providers_manager.py:156} WARNING - Exception when importing 'airflow.providers.google.leveldb.hooks.leveldb.LevelDBHook' from 'apache-airflow-providers-google' package: No module named 'plyvel'
[2021-12-10 08:23:55,126] {logging_mixin.py:109} INFO - [2021-12-10 08:23:55,126] {manager.py:496} INFO - Created Permission View: can read on DAG:tutorial
[2021-12-10 08:23:55,136] {logging_mixin.py:109} INFO - [2021-12-10 08:23:55,136] {manager.py:496} INFO - Created Permission View: can edit on DAG:tutorial
[2021-12-10 08:23:55,137] {logging_mixin.py:109} INFO - [2021-12-10 08:23:55,136] {dag.py:2396} INFO - Sync 1 DAGs
[2021-12-10 08:23:55,146] {logging_mixin.py:109} INFO - [2021-12-10 08:23:55,146] {dag.py:2415} INFO - Creating ORM DAG for tutorial
[2021-12-10 08:23:55,154] {logging_mixin.py:109} INFO - [2021-12-10 08:23:55,154] {dag.py:2928} INFO - Setting next_dagrun for tutorial to 2021-12-09T08:23:55.154455+00:00
[2021-12-10 08:23:55,167] {processor.py:171} INFO - Processing /home/airflow/.local/lib/python3.7/site-packages/airflow/example_dags/tutorial.py took 1.950 seconds
[2021-12-10 08:24:25,662] {processor.py:163} INFO - Started process (PID=403) to work on /home/airflow/.local/lib/python3.7/site-packages/airflow/example_dags/tutorial.py
[2021-12-10 08:24:25,664] {processor.py:625} INFO - Processing file /home/airflow/.local/lib/python3.7/site-packages/airflow/example_dags/tutorial.py for tasks to queue
[2021-12-10 08:24:25,665] {logging_mixin.py:109} INFO - [2021-12-10 08:24:25,665] {dagbag.py:500} INFO - Filling up the DagBag from /home/airflow/.local/lib/python3.7/site-packages/airflow/example_dags/tutorial.py
[2021-12-10 08:24:25,699] {processor.py:637} INFO - DAG(s) dict_keys(['tutorial']) retrieved from /home/airflow/.local/lib/python3.7/site-packages/airflow/example_dags/tutorial.py
[2021-12-10 08:24:25,709] {logging_mixin.py:109} INFO - [2021-12-10 08:24:25,709] {dag.py:2396} INFO - Sync 1 DAGs
[2021-12-10 08:24:25,726] {logging_mixin.py:109} INFO - [2021-12-10 08:24:25,726] {dag.py:2928} INFO - Setting next_dagrun for tutorial to 2021-12-09T08:24:25.726218+00:00
[2021-12-10 08:24:25,737] {processor.py:171} INFO - Processing /home/airflow/.local/lib/python3.7/site-packages/airflow/example_dags/tutorial.py took 0.079 seconds
[2021-12-10 08:24:56,161] {processor.py:163} INFO - Started process (PID=455) to work on /home/airflow/.local/lib/python3.7/site-packages/airflow/example_dags/tutorial.py
[2021-12-10 08:24:56,163] {processor.py:625} INFO - Processing file /home/airflow/.local/lib/python3.7/site-packages/airflow/example_dags/tutorial.py for tasks to queue
[2021-12-10 08:24:56,164] {logging_mixin.py:109} INFO - [2021-12-10 08:24:56,163] {dagbag.py:500} INFO - Filling up the DagBag from /home/airflow/.local/lib/python3.7/site-packages/airflow/example_dags/tutorial.py
[2021-12-10 08:24:56,194] {processor.py:637} INFO - DAG(s) dict_keys(['tutorial']) retrieved from /home/airflow/.local/lib/python3.7/site-packages/airflow/example_dags/tutorial.py
[2021-12-10 08:24:56,204] {logging_mixin.py:109} INFO - [2021-12-10 08:24:56,204] {dag.py:2396} INFO - Sync 1 DAGs
[2021-12-10 08:24:56,219] {logging_mixin.py:109} INFO - [2021-12-10 08:24:56,219] {dag.py:2928} INFO - Setting next_dagrun for tutorial to 2021-12-09T08:24:56.219171+00:00
[2021-12-10 08:24:56,234] {processor.py:171} INFO - Processing /home/airflow/.local/lib/python3.7/site-packages/airflow/example_dags/tutorial.py took 0.076 seconds
[2021-12-10 08:25:26,429] {processor.py:163} INFO - Started process (PID=517) to work on /home/airflow/.local/lib/python3.7/site-packages/airflow/example_dags/tutorial.py
[2021-12-10 08:25:26,430] {processor.py:625} INFO - Processing file /home/airflow/.local/lib/python3.7/site-packages/airflow/example_dags/tutorial.py for tasks to queue
[2021-12-10 08:25:26,431] {logging_mixin.py:109} INFO - [2021-12-10 08:25:26,431] {dagbag.py:500} INFO - Filling up the DagBag from /home/airflow/.local/lib/python3.7/site-packages/airflow/example_dags/tutorial.py
[2021-12-10 08:25:26,462] {processor.py:637} INFO - DAG(s) dict_keys(['tutorial']) retrieved from /home/airflow/.local/lib/python3.7/site-packages/airflow/example_dags/tutorial.py
[2021-12-10 08:25:26,473] {logging_mixin.py:109} INFO - [2021-12-10 08:25:26,473] {dag.py:2396} INFO - Sync 1 DAGs
[2021-12-10 08:25:26,489] {logging_mixin.py:109} INFO - [2021-12-10 08:25:26,489] {dag.py:2928} INFO - Setting next_dagrun for tutorial to 2021-12-09T08:25:26.489423+00:00
[2021-12-10 08:25:26,499] {processor.py:171} INFO - Processing /home/airflow/.local/lib/python3.7/site-packages/airflow/example_dags/tutorial.py took 0.074 seconds
[2021-12-10 08:25:56,831] {processor.py:163} INFO - Started process (PID=570) to work on /home/airflow/.local/lib/python3.7/site-packages/airflow/example_dags/tutorial.py
[2021-12-10 08:25:56,834] {processor.py:625} INFO - Processing file /home/airflow/.local/lib/python3.7/site-packages/airflow/example_dags/tutorial.py for tasks to queue
[2021-12-10 08:25:56,834] {logging_mixin.py:109} INFO - [2021-12-10 08:25:56,834] {dagbag.py:500} INFO - Filling up the DagBag from /home/airflow/.local/lib/python3.7/site-packages/airflow/example_dags/tutorial.py
[2021-12-10 08:25:56,864] {processor.py:637} INFO - DAG(s) dict_keys(['tutorial']) retrieved from /home/airflow/.local/lib/python3.7/site-packages/airflow/example_dags/tutorial.py
[2021-12-10 08:25:56,873] {logging_mixin.py:109} INFO - [2021-12-10 08:25:56,873] {dag.py:2396} INFO - Sync 1 DAGs
[2021-12-10 08:25:56,888] {logging_mixin.py:109} INFO - [2021-12-10 08:25:56,888] {dag.py:2928} INFO - Setting next_dagrun for tutorial to 2021-12-09T08:25:56.887932+00:00
[2021-12-10 08:25:56,897] {processor.py:171} INFO - Processing /home/airflow/.local/lib/python3.7/site-packages/airflow/example_dags/tutorial.py took 0.069 seconds
[2021-12-10 08:26:27,323] {processor.py:163} INFO - Started process (PID=622) to work on /home/airflow/.local/lib/python3.7/site-packages/airflow/example_dags/tutorial.py
[2021-12-10 08:26:27,325] {processor.py:625} INFO - Processing file /home/airflow/.local/lib/python3.7/site-packages/airflow/example_dags/tutorial.py for tasks to queue
[2021-12-10 08:26:27,326] {logging_mixin.py:109} INFO - [2021-12-10 08:26:27,325] {dagbag.py:500} INFO - Filling up the DagBag from /home/airflow/.local/lib/python3.7/site-packages/airflow/example_dags/tutorial.py
[2021-12-10 08:26:27,356] {processor.py:637} INFO - DAG(s) dict_keys(['tutorial']) retrieved from /home/airflow/.local/lib/python3.7/site-packages/airflow/example_dags/tutorial.py
[2021-12-10 08:26:27,369] {logging_mixin.py:109} INFO - [2021-12-10 08:26:27,369] {dag.py:2396} INFO - Sync 1 DAGs
[2021-12-10 08:26:27,386] {logging_mixin.py:109} INFO - [2021-12-10 08:26:27,386] {dag.py:2928} INFO - Setting next_dagrun for tutorial to 2021-12-09T08:26:27.386392+00:00
[2021-12-10 08:26:27,397] {processor.py:171} INFO - Processing /home/airflow/.local/lib/python3.7/site-packages/airflow/example_dags/tutorial.py took 0.077 seconds
[2021-12-10 08:26:57,547] {processor.py:163} INFO - Started process (PID=686) to work on /home/airflow/.local/lib/python3.7/site-packages/airflow/example_dags/tutorial.py
[2021-12-10 08:26:57,549] {processor.py:625} INFO - Processing file /home/airflow/.local/lib/python3.7/site-packages/airflow/example_dags/tutorial.py for tasks to queue
[2021-12-10 08:26:57,549] {logging_mixin.py:109} INFO - [2021-12-10 08:26:57,549] {dagbag.py:500} INFO - Filling up the DagBag from /home/airflow/.local/lib/python3.7/site-packages/airflow/example_dags/tutorial.py
[2021-12-10 08:26:57,578] {processor.py:637} INFO - DAG(s) dict_keys(['tutorial']) retrieved from /home/airflow/.local/lib/python3.7/site-packages/airflow/example_dags/tutorial.py
[2021-12-10 08:26:57,589] {logging_mixin.py:109} INFO - [2021-12-10 08:26:57,589] {dag.py:2396} INFO - Sync 1 DAGs
[2021-12-10 08:26:57,606] {logging_mixin.py:109} INFO - [2021-12-10 08:26:57,606] {dag.py:2928} INFO - Setting next_dagrun for tutorial to 2021-12-09T08:26:57.606288+00:00
[2021-12-10 08:26:57,617] {processor.py:171} INFO - Processing /home/airflow/.local/lib/python3.7/site-packages/airflow/example_dags/tutorial.py took 0.073 seconds
[2021-12-10 08:27:27,844] {processor.py:163} INFO - Started process (PID=738) to work on /home/airflow/.local/lib/python3.7/site-packages/airflow/example_dags/tutorial.py
[2021-12-10 08:27:27,846] {processor.py:625} INFO - Processing file /home/airflow/.local/lib/python3.7/site-packages/airflow/example_dags/tutorial.py for tasks to queue
[2021-12-10 08:27:27,846] {logging_mixin.py:109} INFO - [2021-12-10 08:27:27,846] {dagbag.py:500} INFO - Filling up the DagBag from /home/airflow/.local/lib/python3.7/site-packages/airflow/example_dags/tutorial.py
[2021-12-10 08:27:27,878] {processor.py:637} INFO - DAG(s) dict_keys(['tutorial']) retrieved from /home/airflow/.local/lib/python3.7/site-packages/airflow/example_dags/tutorial.py
[2021-12-10 08:27:27,888] {logging_mixin.py:109} INFO - [2021-12-10 08:27:27,888] {dag.py:2396} INFO - Sync 1 DAGs
[2021-12-10 08:27:27,905] {logging_mixin.py:109} INFO - [2021-12-10 08:27:27,905] {dag.py:2928} INFO - Setting next_dagrun for tutorial to 2021-12-09T08:27:27.904824+00:00
[2021-12-10 08:27:27,915] {processor.py:171} INFO - Processing /home/airflow/.local/lib/python3.7/site-packages/airflow/example_dags/tutorial.py took 0.075 seconds
[2021-12-10 08:27:58,050] {processor.py:163} INFO - Started process (PID=800) to work on /home/airflow/.local/lib/python3.7/site-packages/airflow/example_dags/tutorial.py
[2021-12-10 08:27:58,052] {processor.py:625} INFO - Processing file /home/airflow/.local/lib/python3.7/site-packages/airflow/example_dags/tutorial.py for tasks to queue
[2021-12-10 08:27:58,053] {logging_mixin.py:109} INFO - [2021-12-10 08:27:58,053] {dagbag.py:500} INFO - Filling up the DagBag from /home/airflow/.local/lib/python3.7/site-packages/airflow/example_dags/tutorial.py
[2021-12-10 08:27:58,091] {processor.py:637} INFO - DAG(s) dict_keys(['tutorial']) retrieved from /home/airflow/.local/lib/python3.7/site-packages/airflow/example_dags/tutorial.py
[2021-12-10 08:27:58,109] {logging_mixin.py:109} INFO - [2021-12-10 08:27:58,109] {dag.py:2396} INFO - Sync 1 DAGs
[2021-12-10 08:27:58,132] {logging_mixin.py:109} INFO - [2021-12-10 08:27:58,132] {dag.py:2928} INFO - Setting next_dagrun for tutorial to 2021-12-09T08:27:58.132373+00:00
[2021-12-10 08:27:58,150] {processor.py:171} INFO - Processing /home/airflow/.local/lib/python3.7/site-packages/airflow/example_dags/tutorial.py took 0.104 seconds
[2021-12-10 08:28:28,895] {processor.py:163} INFO - Started process (PID=852) to work on /home/airflow/.local/lib/python3.7/site-packages/airflow/example_dags/tutorial.py
[2021-12-10 08:28:28,896] {processor.py:625} INFO - Processing file /home/airflow/.local/lib/python3.7/site-packages/airflow/example_dags/tutorial.py for tasks to queue
[2021-12-10 08:28:28,897] {logging_mixin.py:109} INFO - [2021-12-10 08:28:28,897] {dagbag.py:500} INFO - Filling up the DagBag from /home/airflow/.local/lib/python3.7/site-packages/airflow/example_dags/tutorial.py
[2021-12-10 08:28:28,926] {processor.py:637} INFO - DAG(s) dict_keys(['tutorial']) retrieved from /home/airflow/.local/lib/python3.7/site-packages/airflow/example_dags/tutorial.py
[2021-12-10 08:28:28,936] {logging_mixin.py:109} INFO - [2021-12-10 08:28:28,936] {dag.py:2396} INFO - Sync 1 DAGs
[2021-12-10 08:28:28,953] {logging_mixin.py:109} INFO - [2021-12-10 08:28:28,953] {dag.py:2928} INFO - Setting next_dagrun for tutorial to 2021-12-09T08:28:28.953260+00:00
[2021-12-10 08:28:28,963] {processor.py:171} INFO - Processing /home/airflow/.local/lib/python3.7/site-packages/airflow/example_dags/tutorial.py took 0.072 seconds
[2021-12-10 08:28:59,192] {processor.py:163} INFO - Started process (PID=903) to work on /home/airflow/.local/lib/python3.7/site-packages/airflow/example_dags/tutorial.py
[2021-12-10 08:28:59,193] {processor.py:625} INFO - Processing file /home/airflow/.local/lib/python3.7/site-packages/airflow/example_dags/tutorial.py for tasks to queue
[2021-12-10 08:28:59,194] {logging_mixin.py:109} INFO - [2021-12-10 08:28:59,194] {dagbag.py:500} INFO - Filling up the DagBag from /home/airflow/.local/lib/python3.7/site-packages/airflow/example_dags/tutorial.py
[2021-12-10 08:28:59,223] {processor.py:637} INFO - DAG(s) dict_keys(['tutorial']) retrieved from /home/airflow/.local/lib/python3.7/site-packages/airflow/example_dags/tutorial.py
[2021-12-10 08:28:59,233] {logging_mixin.py:109} INFO - [2021-12-10 08:28:59,233] {dag.py:2396} INFO - Sync 1 DAGs
[2021-12-10 08:28:59,249] {logging_mixin.py:109} INFO - [2021-12-10 08:28:59,249] {dag.py:2928} INFO - Setting next_dagrun for tutorial to 2021-12-09T08:28:59.249013+00:00
[2021-12-10 08:28:59,258] {processor.py:171} INFO - Processing /home/airflow/.local/lib/python3.7/site-packages/airflow/example_dags/tutorial.py took 0.070 seconds
[2021-12-10 08:29:29,290] {processor.py:163} INFO - Started process (PID=964) to work on /home/airflow/.local/lib/python3.7/site-packages/airflow/example_dags/tutorial.py
[2021-12-10 08:29:29,291] {processor.py:625} INFO - Processing file /home/airflow/.local/lib/python3.7/site-packages/airflow/example_dags/tutorial.py for tasks to queue
[2021-12-10 08:29:29,292] {logging_mixin.py:109} INFO - [2021-12-10 08:29:29,292] {dagbag.py:500} INFO - Filling up the DagBag from /home/airflow/.local/lib/python3.7/site-packages/airflow/example_dags/tutorial.py
[2021-12-10 08:29:29,321] {processor.py:637} INFO - DAG(s) dict_keys(['tutorial']) retrieved from /home/airflow/.local/lib/python3.7/site-packages/airflow/example_dags/tutorial.py
[2021-12-10 08:29:29,332] {logging_mixin.py:109} INFO - [2021-12-10 08:29:29,332] {dag.py:2396} INFO - Sync 1 DAGs
[2021-12-10 08:29:29,349] {logging_mixin.py:109} INFO - [2021-12-10 08:29:29,349] {dag.py:2928} INFO - Setting next_dagrun for tutorial to 2021-12-09T08:29:29.348682+00:00
[2021-12-10 08:29:29,359] {processor.py:171} INFO - Processing /home/airflow/.local/lib/python3.7/site-packages/airflow/example_dags/tutorial.py took 0.073 seconds
[2021-12-10 08:29:59,762] {processor.py:163} INFO - Started process (PID=1017) to work on /home/airflow/.local/lib/python3.7/site-packages/airflow/example_dags/tutorial.py
[2021-12-10 08:29:59,764] {processor.py:625} INFO - Processing file /home/airflow/.local/lib/python3.7/site-packages/airflow/example_dags/tutorial.py for tasks to queue
[2021-12-10 08:29:59,764] {logging_mixin.py:109} INFO - [2021-12-10 08:29:59,764] {dagbag.py:500} INFO - Filling up the DagBag from /home/airflow/.local/lib/python3.7/site-packages/airflow/example_dags/tutorial.py
[2021-12-10 08:29:59,793] {processor.py:637} INFO - DAG(s) dict_keys(['tutorial']) retrieved from /home/airflow/.local/lib/python3.7/site-packages/airflow/example_dags/tutorial.py
[2021-12-10 08:29:59,802] {logging_mixin.py:109} INFO - [2021-12-10 08:29:59,802] {dag.py:2396} INFO - Sync 1 DAGs
[2021-12-10 08:29:59,819] {logging_mixin.py:109} INFO - [2021-12-10 08:29:59,818] {dag.py:2928} INFO - Setting next_dagrun for tutorial to 2021-12-09T08:29:59.818588+00:00
[2021-12-10 08:29:59,829] {processor.py:171} INFO - Processing /home/airflow/.local/lib/python3.7/site-packages/airflow/example_dags/tutorial.py took 0.070 seconds
[2021-12-10 08:30:29,993] {processor.py:163} INFO - Started process (PID=1078) to work on /home/airflow/.local/lib/python3.7/site-packages/airflow/example_dags/tutorial.py
[2021-12-10 08:30:29,995] {processor.py:625} INFO - Processing file /home/airflow/.local/lib/python3.7/site-packages/airflow/example_dags/tutorial.py for tasks to queue
[2021-12-10 08:30:29,996] {logging_mixin.py:109} INFO - [2021-12-10 08:30:29,995] {dagbag.py:500} INFO - Filling up the DagBag from /home/airflow/.local/lib/python3.7/site-packages/airflow/example_dags/tutorial.py
[2021-12-10 08:30:30,025] {processor.py:637} INFO - DAG(s) dict_keys(['tutorial']) retrieved from /home/airflow/.local/lib/python3.7/site-packages/airflow/example_dags/tutorial.py
[2021-12-10 08:30:30,035] {logging_mixin.py:109} INFO - [2021-12-10 08:30:30,035] {dag.py:2396} INFO - Sync 1 DAGs
[2021-12-10 08:30:30,052] {logging_mixin.py:109} INFO - [2021-12-10 08:30:30,052] {dag.py:2928} INFO - Setting next_dagrun for tutorial to 2021-12-09T08:30:30.052118+00:00
[2021-12-10 08:30:30,062] {processor.py:171} INFO - Processing /home/airflow/.local/lib/python3.7/site-packages/airflow/example_dags/tutorial.py took 0.073 seconds
[2021-12-10 08:31:00,151] {processor.py:163} INFO - Started process (PID=1130) to work on /home/airflow/.local/lib/python3.7/site-packages/airflow/example_dags/tutorial.py
[2021-12-10 08:31:00,153] {processor.py:625} INFO - Processing file /home/airflow/.local/lib/python3.7/site-packages/airflow/example_dags/tutorial.py for tasks to queue
[2021-12-10 08:31:00,154] {logging_mixin.py:109} INFO - [2021-12-10 08:31:00,154] {dagbag.py:500} INFO - Filling up the DagBag from /home/airflow/.local/lib/python3.7/site-packages/airflow/example_dags/tutorial.py
[2021-12-10 08:31:00,183] {processor.py:637} INFO - DAG(s) dict_keys(['tutorial']) retrieved from /home/airflow/.local/lib/python3.7/site-packages/airflow/example_dags/tutorial.py
[2021-12-10 08:31:00,193] {logging_mixin.py:109} INFO - [2021-12-10 08:31:00,193] {dag.py:2396} INFO - Sync 1 DAGs
[2021-12-10 08:31:00,212] {logging_mixin.py:109} INFO - [2021-12-10 08:31:00,211] {dag.py:2928} INFO - Setting next_dagrun for tutorial to 2021-12-09T08:31:00.211570+00:00
[2021-12-10 08:31:00,222] {processor.py:171} INFO - Processing /home/airflow/.local/lib/python3.7/site-packages/airflow/example_dags/tutorial.py took 0.074 seconds
[2021-12-10 08:31:30,262] {processor.py:163} INFO - Started process (PID=1182) to work on /home/airflow/.local/lib/python3.7/site-packages/airflow/example_dags/tutorial.py
[2021-12-10 08:31:30,265] {processor.py:625} INFO - Processing file /home/airflow/.local/lib/python3.7/site-packages/airflow/example_dags/tutorial.py for tasks to queue
[2021-12-10 08:31:30,265] {logging_mixin.py:109} INFO - [2021-12-10 08:31:30,265] {dagbag.py:500} INFO - Filling up the DagBag from /home/airflow/.local/lib/python3.7/site-packages/airflow/example_dags/tutorial.py
[2021-12-10 08:31:30,295] {processor.py:637} INFO - DAG(s) dict_keys(['tutorial']) retrieved from /home/airflow/.local/lib/python3.7/site-packages/airflow/example_dags/tutorial.py
[2021-12-10 08:31:30,304] {logging_mixin.py:109} INFO - [2021-12-10 08:31:30,304] {dag.py:2396} INFO - Sync 1 DAGs
[2021-12-10 08:31:30,322] {logging_mixin.py:109} INFO - [2021-12-10 08:31:30,322] {dag.py:2928} INFO - Setting next_dagrun for tutorial to 2021-12-09T08:31:30.321998+00:00
[2021-12-10 08:31:30,332] {processor.py:171} INFO - Processing /home/airflow/.local/lib/python3.7/site-packages/airflow/example_dags/tutorial.py took 0.073 seconds
[2021-12-10 08:32:00,716] {processor.py:163} INFO - Started process (PID=1245) to work on /home/airflow/.local/lib/python3.7/site-packages/airflow/example_dags/tutorial.py
[2021-12-10 08:32:00,718] {processor.py:625} INFO - Processing file /home/airflow/.local/lib/python3.7/site-packages/airflow/example_dags/tutorial.py for tasks to queue
[2021-12-10 08:32:00,719] {logging_mixin.py:109} INFO - [2021-12-10 08:32:00,718] {dagbag.py:500} INFO - Filling up the DagBag from /home/airflow/.local/lib/python3.7/site-packages/airflow/example_dags/tutorial.py
[2021-12-10 08:32:00,747] {processor.py:637} INFO - DAG(s) dict_keys(['tutorial']) retrieved from /home/airflow/.local/lib/python3.7/site-packages/airflow/example_dags/tutorial.py
[2021-12-10 08:32:00,756] {logging_mixin.py:109} INFO - [2021-12-10 08:32:00,756] {dag.py:2396} INFO - Sync 1 DAGs
[2021-12-10 08:32:00,773] {logging_mixin.py:109} INFO - [2021-12-10 08:32:00,773] {dag.py:2928} INFO - Setting next_dagrun for tutorial to 2021-12-09T08:32:00.772904+00:00
[2021-12-10 08:32:00,782] {processor.py:171} INFO - Processing /home/airflow/.local/lib/python3.7/site-packages/airflow/example_dags/tutorial.py took 0.069 seconds
[2021-12-10 08:32:30,985] {processor.py:163} INFO - Started process (PID=1298) to work on /home/airflow/.local/lib/python3.7/site-packages/airflow/example_dags/tutorial.py
[2021-12-10 08:32:30,986] {processor.py:625} INFO - Processing file /home/airflow/.local/lib/python3.7/site-packages/airflow/example_dags/tutorial.py for tasks to queue
[2021-12-10 08:32:30,987] {logging_mixin.py:109} INFO - [2021-12-10 08:32:30,987] {dagbag.py:500} INFO - Filling up the DagBag from /home/airflow/.local/lib/python3.7/site-packages/airflow/example_dags/tutorial.py
[2021-12-10 08:32:31,016] {processor.py:637} INFO - DAG(s) dict_keys(['tutorial']) retrieved from /home/airflow/.local/lib/python3.7/site-packages/airflow/example_dags/tutorial.py
[2021-12-10 08:32:31,027] {logging_mixin.py:109} INFO - [2021-12-10 08:32:31,026] {dag.py:2396} INFO - Sync 1 DAGs
[2021-12-10 08:32:31,042] {logging_mixin.py:109} INFO - [2021-12-10 08:32:31,042] {dag.py:2928} INFO - Setting next_dagrun for tutorial to 2021-12-09T08:32:31.042524+00:00
[2021-12-10 08:32:31,052] {processor.py:171} INFO - Processing /home/airflow/.local/lib/python3.7/site-packages/airflow/example_dags/tutorial.py took 0.071 seconds
[2021-12-10 08:33:01,223] {processor.py:163} INFO - Started process (PID=1359) to work on /home/airflow/.local/lib/python3.7/site-packages/airflow/example_dags/tutorial.py
[2021-12-10 08:33:01,230] {processor.py:625} INFO - Processing file /home/airflow/.local/lib/python3.7/site-packages/airflow/example_dags/tutorial.py for tasks to queue
[2021-12-10 08:33:01,231] {logging_mixin.py:109} INFO - [2021-12-10 08:33:01,231] {dagbag.py:500} INFO - Filling up the DagBag from /home/airflow/.local/lib/python3.7/site-packages/airflow/example_dags/tutorial.py
[2021-12-10 08:33:01,264] {processor.py:637} INFO - DAG(s) dict_keys(['tutorial']) retrieved from /home/airflow/.local/lib/python3.7/site-packages/airflow/example_dags/tutorial.py
[2021-12-10 08:33:01,274] {logging_mixin.py:109} INFO - [2021-12-10 08:33:01,274] {dag.py:2396} INFO - Sync 1 DAGs
[2021-12-10 08:33:01,290] {logging_mixin.py:109} INFO - [2021-12-10 08:33:01,290] {dag.py:2928} INFO - Setting next_dagrun for tutorial to 2021-12-09T08:33:01.290186+00:00
[2021-12-10 08:33:01,301] {processor.py:171} INFO - Processing /home/airflow/.local/lib/python3.7/site-packages/airflow/example_dags/tutorial.py took 0.082 seconds
[2021-12-10 08:33:31,361] {processor.py:163} INFO - Started process (PID=1411) to work on /home/airflow/.local/lib/python3.7/site-packages/airflow/example_dags/tutorial.py
[2021-12-10 08:33:31,363] {processor.py:625} INFO - Processing file /home/airflow/.local/lib/python3.7/site-packages/airflow/example_dags/tutorial.py for tasks to queue
[2021-12-10 08:33:31,364] {logging_mixin.py:109} INFO - [2021-12-10 08:33:31,364] {dagbag.py:500} INFO - Filling up the DagBag from /home/airflow/.local/lib/python3.7/site-packages/airflow/example_dags/tutorial.py
[2021-12-10 08:33:31,394] {processor.py:637} INFO - DAG(s) dict_keys(['tutorial']) retrieved from /home/airflow/.local/lib/python3.7/site-packages/airflow/example_dags/tutorial.py
[2021-12-10 08:33:31,405] {logging_mixin.py:109} INFO - [2021-12-10 08:33:31,404] {dag.py:2396} INFO - Sync 1 DAGs
[2021-12-10 08:33:31,421] {logging_mixin.py:109} INFO - [2021-12-10 08:33:31,421] {dag.py:2928} INFO - Setting next_dagrun for tutorial to 2021-12-09T08:33:31.421361+00:00
[2021-12-10 08:33:31,431] {processor.py:171} INFO - Processing /home/airflow/.local/lib/python3.7/site-packages/airflow/example_dags/tutorial.py took 0.073 seconds
[2021-12-10 08:34:01,598] {processor.py:163} INFO - Started process (PID=1462) to work on /home/airflow/.local/lib/python3.7/site-packages/airflow/example_dags/tutorial.py
[2021-12-10 08:34:01,601] {processor.py:625} INFO - Processing file /home/airflow/.local/lib/python3.7/site-packages/airflow/example_dags/tutorial.py for tasks to queue
[2021-12-10 08:34:01,601] {logging_mixin.py:109} INFO - [2021-12-10 08:34:01,601] {dagbag.py:500} INFO - Filling up the DagBag from /home/airflow/.local/lib/python3.7/site-packages/airflow/example_dags/tutorial.py
[2021-12-10 08:34:01,631] {processor.py:637} INFO - DAG(s) dict_keys(['tutorial']) retrieved from /home/airflow/.local/lib/python3.7/site-packages/airflow/example_dags/tutorial.py
[2021-12-10 08:34:01,641] {logging_mixin.py:109} INFO - [2021-12-10 08:34:01,641] {dag.py:2396} INFO - Sync 1 DAGs
[2021-12-10 08:34:01,657] {logging_mixin.py:109} INFO - [2021-12-10 08:34:01,657] {dag.py:2928} INFO - Setting next_dagrun for tutorial to 2021-12-09T08:34:01.657200+00:00
[2021-12-10 08:34:01,669] {processor.py:171} INFO - Processing /home/airflow/.local/lib/python3.7/site-packages/airflow/example_dags/tutorial.py took 0.074 seconds
[2021-12-10 08:34:31,986] {processor.py:163} INFO - Started process (PID=1524) to work on /home/airflow/.local/lib/python3.7/site-packages/airflow/example_dags/tutorial.py
[2021-12-10 08:34:31,988] {processor.py:625} INFO - Processing file /home/airflow/.local/lib/python3.7/site-packages/airflow/example_dags/tutorial.py for tasks to queue
[2021-12-10 08:34:31,989] {logging_mixin.py:109} INFO - [2021-12-10 08:34:31,989] {dagbag.py:500} INFO - Filling up the DagBag from /home/airflow/.local/lib/python3.7/site-packages/airflow/example_dags/tutorial.py
[2021-12-10 08:34:32,017] {processor.py:637} INFO - DAG(s) dict_keys(['tutorial']) retrieved from /home/airflow/.local/lib/python3.7/site-packages/airflow/example_dags/tutorial.py
[2021-12-10 08:34:32,027] {logging_mixin.py:109} INFO - [2021-12-10 08:34:32,027] {dag.py:2396} INFO - Sync 1 DAGs
[2021-12-10 08:34:32,043] {logging_mixin.py:109} INFO - [2021-12-10 08:34:32,042] {dag.py:2928} INFO - Setting next_dagrun for tutorial to 2021-12-09T08:34:32.042636+00:00
[2021-12-10 08:34:32,052] {processor.py:171} INFO - Processing /home/airflow/.local/lib/python3.7/site-packages/airflow/example_dags/tutorial.py took 0.069 seconds
[2021-12-10 08:35:02,172] {processor.py:163} INFO - Started process (PID=1576) to work on /home/airflow/.local/lib/python3.7/site-packages/airflow/example_dags/tutorial.py
[2021-12-10 08:35:02,173] {processor.py:625} INFO - Processing file /home/airflow/.local/lib/python3.7/site-packages/airflow/example_dags/tutorial.py for tasks to queue
[2021-12-10 08:35:02,174] {logging_mixin.py:109} INFO - [2021-12-10 08:35:02,174] {dagbag.py:500} INFO - Filling up the DagBag from /home/airflow/.local/lib/python3.7/site-packages/airflow/example_dags/tutorial.py
[2021-12-10 08:35:02,204] {processor.py:637} INFO - DAG(s) dict_keys(['tutorial']) retrieved from /home/airflow/.local/lib/python3.7/site-packages/airflow/example_dags/tutorial.py
[2021-12-10 08:35:02,214] {logging_mixin.py:109} INFO - [2021-12-10 08:35:02,214] {dag.py:2396} INFO - Sync 1 DAGs
[2021-12-10 08:35:02,230] {logging_mixin.py:109} INFO - [2021-12-10 08:35:02,230] {dag.py:2928} INFO - Setting next_dagrun for tutorial to 2021-12-09T08:35:02.229968+00:00
[2021-12-10 08:35:02,240] {processor.py:171} INFO - Processing /home/airflow/.local/lib/python3.7/site-packages/airflow/example_dags/tutorial.py took 0.072 seconds
[2021-12-10 08:35:33,376] {processor.py:163} INFO - Started process (PID=1639) to work on /home/airflow/.local/lib/python3.7/site-packages/airflow/example_dags/tutorial.py
[2021-12-10 08:35:33,377] {processor.py:625} INFO - Processing file /home/airflow/.local/lib/python3.7/site-packages/airflow/example_dags/tutorial.py for tasks to queue
[2021-12-10 08:35:33,378] {logging_mixin.py:109} INFO - [2021-12-10 08:35:33,378] {dagbag.py:500} INFO - Filling up the DagBag from /home/airflow/.local/lib/python3.7/site-packages/airflow/example_dags/tutorial.py
[2021-12-10 08:35:33,408] {processor.py:637} INFO - DAG(s) dict_keys(['tutorial']) retrieved from /home/airflow/.local/lib/python3.7/site-packages/airflow/example_dags/tutorial.py
[2021-12-10 08:35:33,418] {logging_mixin.py:109} INFO - [2021-12-10 08:35:33,417] {dag.py:2396} INFO - Sync 1 DAGs
[2021-12-10 08:35:33,434] {logging_mixin.py:109} INFO - [2021-12-10 08:35:33,434] {dag.py:2928} INFO - Setting next_dagrun for tutorial to 2021-12-09T08:35:33.434487+00:00
[2021-12-10 08:35:33,444] {processor.py:171} INFO - Processing /home/airflow/.local/lib/python3.7/site-packages/airflow/example_dags/tutorial.py took 0.072 seconds
[2021-12-10 08:36:03,861] {processor.py:163} INFO - Started process (PID=1692) to work on /home/airflow/.local/lib/python3.7/site-packages/airflow/example_dags/tutorial.py
[2021-12-10 08:36:03,863] {processor.py:625} INFO - Processing file /home/airflow/.local/lib/python3.7/site-packages/airflow/example_dags/tutorial.py for tasks to queue
[2021-12-10 08:36:03,864] {logging_mixin.py:109} INFO - [2021-12-10 08:36:03,864] {dagbag.py:500} INFO - Filling up the DagBag from /home/airflow/.local/lib/python3.7/site-packages/airflow/example_dags/tutorial.py
[2021-12-10 08:36:03,898] {processor.py:637} INFO - DAG(s) dict_keys(['tutorial']) retrieved from /home/airflow/.local/lib/python3.7/site-packages/airflow/example_dags/tutorial.py
[2021-12-10 08:36:03,908] {logging_mixin.py:109} INFO - [2021-12-10 08:36:03,908] {dag.py:2396} INFO - Sync 1 DAGs
[2021-12-10 08:36:03,925] {logging_mixin.py:109} INFO - [2021-12-10 08:36:03,924] {dag.py:2928} INFO - Setting next_dagrun for tutorial to 2021-12-09T08:36:03.924624+00:00
[2021-12-10 08:36:03,934] {processor.py:171} INFO - Processing /home/airflow/.local/lib/python3.7/site-packages/airflow/example_dags/tutorial.py took 0.076 seconds
[2021-12-10 08:36:34,291] {processor.py:163} INFO - Started process (PID=1745) to work on /home/airflow/.local/lib/python3.7/site-packages/airflow/example_dags/tutorial.py
[2021-12-10 08:36:34,292] {processor.py:625} INFO - Processing file /home/airflow/.local/lib/python3.7/site-packages/airflow/example_dags/tutorial.py for tasks to queue
[2021-12-10 08:36:34,293] {logging_mixin.py:109} INFO - [2021-12-10 08:36:34,293] {dagbag.py:500} INFO - Filling up the DagBag from /home/airflow/.local/lib/python3.7/site-packages/airflow/example_dags/tutorial.py
[2021-12-10 08:36:34,323] {processor.py:637} INFO - DAG(s) dict_keys(['tutorial']) retrieved from /home/airflow/.local/lib/python3.7/site-packages/airflow/example_dags/tutorial.py
[2021-12-10 08:36:34,334] {logging_mixin.py:109} INFO - [2021-12-10 08:36:34,334] {dag.py:2396} INFO - Sync 1 DAGs
[2021-12-10 08:36:34,352] {logging_mixin.py:109} INFO - [2021-12-10 08:36:34,352] {dag.py:2928} INFO - Setting next_dagrun for tutorial to 2021-12-09T08:36:34.352265+00:00
[2021-12-10 08:36:34,362] {processor.py:171} INFO - Processing /home/airflow/.local/lib/python3.7/site-packages/airflow/example_dags/tutorial.py took 0.074 seconds
[2021-12-10 08:37:05,472] {processor.py:163} INFO - Started process (PID=1807) to work on /home/airflow/.local/lib/python3.7/site-packages/airflow/example_dags/tutorial.py
[2021-12-10 08:37:05,473] {processor.py:625} INFO - Processing file /home/airflow/.local/lib/python3.7/site-packages/airflow/example_dags/tutorial.py for tasks to queue
[2021-12-10 08:37:05,474] {logging_mixin.py:109} INFO - [2021-12-10 08:37:05,474] {dagbag.py:500} INFO - Filling up the DagBag from /home/airflow/.local/lib/python3.7/site-packages/airflow/example_dags/tutorial.py
[2021-12-10 08:37:05,503] {processor.py:637} INFO - DAG(s) dict_keys(['tutorial']) retrieved from /home/airflow/.local/lib/python3.7/site-packages/airflow/example_dags/tutorial.py
[2021-12-10 08:37:05,513] {logging_mixin.py:109} INFO - [2021-12-10 08:37:05,513] {dag.py:2396} INFO - Sync 1 DAGs
[2021-12-10 08:37:05,529] {logging_mixin.py:109} INFO - [2021-12-10 08:37:05,529] {dag.py:2928} INFO - Setting next_dagrun for tutorial to 2021-12-09T08:37:05.528900+00:00
[2021-12-10 08:37:05,538] {processor.py:171} INFO - Processing /home/airflow/.local/lib/python3.7/site-packages/airflow/example_dags/tutorial.py took 0.070 seconds
[2021-12-10 08:37:36,761] {processor.py:163} INFO - Started process (PID=1863) to work on /home/airflow/.local/lib/python3.7/site-packages/airflow/example_dags/tutorial.py
[2021-12-10 08:37:36,763] {processor.py:625} INFO - Processing file /home/airflow/.local/lib/python3.7/site-packages/airflow/example_dags/tutorial.py for tasks to queue
[2021-12-10 08:37:36,763] {logging_mixin.py:109} INFO - [2021-12-10 08:37:36,763] {dagbag.py:500} INFO - Filling up the DagBag from /home/airflow/.local/lib/python3.7/site-packages/airflow/example_dags/tutorial.py
[2021-12-10 08:37:36,799] {processor.py:637} INFO - DAG(s) dict_keys(['tutorial']) retrieved from /home/airflow/.local/lib/python3.7/site-packages/airflow/example_dags/tutorial.py
[2021-12-10 08:37:36,809] {logging_mixin.py:109} INFO - [2021-12-10 08:37:36,809] {dag.py:2396} INFO - Sync 1 DAGs
[2021-12-10 08:37:36,827] {logging_mixin.py:109} INFO - [2021-12-10 08:37:36,827] {dag.py:2928} INFO - Setting next_dagrun for tutorial to 2021-12-09T08:37:36.826745+00:00
[2021-12-10 08:37:36,837] {processor.py:171} INFO - Processing /home/airflow/.local/lib/python3.7/site-packages/airflow/example_dags/tutorial.py took 0.081 seconds
[2021-12-10 08:38:08,017] {processor.py:163} INFO - Started process (PID=1926) to work on /home/airflow/.local/lib/python3.7/site-packages/airflow/example_dags/tutorial.py
[2021-12-10 08:38:08,018] {processor.py:625} INFO - Processing file /home/airflow/.local/lib/python3.7/site-packages/airflow/example_dags/tutorial.py for tasks to queue
[2021-12-10 08:38:08,019] {logging_mixin.py:109} INFO - [2021-12-10 08:38:08,018] {dagbag.py:500} INFO - Filling up the DagBag from /home/airflow/.local/lib/python3.7/site-packages/airflow/example_dags/tutorial.py
[2021-12-10 08:38:08,048] {processor.py:637} INFO - DAG(s) dict_keys(['tutorial']) retrieved from /home/airflow/.local/lib/python3.7/site-packages/airflow/example_dags/tutorial.py
[2021-12-10 08:38:08,059] {logging_mixin.py:109} INFO - [2021-12-10 08:38:08,059] {dag.py:2396} INFO - Sync 1 DAGs
[2021-12-10 08:38:08,077] {logging_mixin.py:109} INFO - [2021-12-10 08:38:08,077] {dag.py:2928} INFO - Setting next_dagrun for tutorial to 2021-12-09T08:38:08.077366+00:00
[2021-12-10 08:38:08,089] {processor.py:171} INFO - Processing /home/airflow/.local/lib/python3.7/site-packages/airflow/example_dags/tutorial.py took 0.076 seconds
[2021-12-10 08:38:38,431] {processor.py:163} INFO - Started process (PID=1978) to work on /home/airflow/.local/lib/python3.7/site-packages/airflow/example_dags/tutorial.py
[2021-12-10 08:38:38,433] {processor.py:625} INFO - Processing file /home/airflow/.local/lib/python3.7/site-packages/airflow/example_dags/tutorial.py for tasks to queue
[2021-12-10 08:38:38,433] {logging_mixin.py:109} INFO - [2021-12-10 08:38:38,433] {dagbag.py:500} INFO - Filling up the DagBag from /home/airflow/.local/lib/python3.7/site-packages/airflow/example_dags/tutorial.py
[2021-12-10 08:38:38,465] {processor.py:637} INFO - DAG(s) dict_keys(['tutorial']) retrieved from /home/airflow/.local/lib/python3.7/site-packages/airflow/example_dags/tutorial.py
[2021-12-10 08:38:38,475] {logging_mixin.py:109} INFO - [2021-12-10 08:38:38,475] {dag.py:2396} INFO - Sync 1 DAGs
[2021-12-10 08:38:38,491] {logging_mixin.py:109} INFO - [2021-12-10 08:38:38,491] {dag.py:2928} INFO - Setting next_dagrun for tutorial to 2021-12-09T08:38:38.490945+00:00
[2021-12-10 08:38:38,501] {processor.py:171} INFO - Processing /home/airflow/.local/lib/python3.7/site-packages/airflow/example_dags/tutorial.py took 0.074 seconds
[2021-12-10 08:39:08,823] {processor.py:163} INFO - Started process (PID=2038) to work on /home/airflow/.local/lib/python3.7/site-packages/airflow/example_dags/tutorial.py
[2021-12-10 08:39:08,825] {processor.py:625} INFO - Processing file /home/airflow/.local/lib/python3.7/site-packages/airflow/example_dags/tutorial.py for tasks to queue
[2021-12-10 08:39:08,825] {logging_mixin.py:109} INFO - [2021-12-10 08:39:08,825] {dagbag.py:500} INFO - Filling up the DagBag from /home/airflow/.local/lib/python3.7/site-packages/airflow/example_dags/tutorial.py
[2021-12-10 08:39:08,858] {processor.py:637} INFO - DAG(s) dict_keys(['tutorial']) retrieved from /home/airflow/.local/lib/python3.7/site-packages/airflow/example_dags/tutorial.py
[2021-12-10 08:39:08,868] {logging_mixin.py:109} INFO - [2021-12-10 08:39:08,868] {dag.py:2396} INFO - Sync 1 DAGs
[2021-12-10 08:39:08,885] {logging_mixin.py:109} INFO - [2021-12-10 08:39:08,885] {dag.py:2928} INFO - Setting next_dagrun for tutorial to 2021-12-09T08:39:08.885377+00:00
[2021-12-10 08:39:08,895] {processor.py:171} INFO - Processing /home/airflow/.local/lib/python3.7/site-packages/airflow/example_dags/tutorial.py took 0.075 seconds
[2021-12-10 08:39:40,101] {processor.py:163} INFO - Started process (PID=2092) to work on /home/airflow/.local/lib/python3.7/site-packages/airflow/example_dags/tutorial.py
[2021-12-10 08:39:40,103] {processor.py:625} INFO - Processing file /home/airflow/.local/lib/python3.7/site-packages/airflow/example_dags/tutorial.py for tasks to queue
[2021-12-10 08:39:40,103] {logging_mixin.py:109} INFO - [2021-12-10 08:39:40,103] {dagbag.py:500} INFO - Filling up the DagBag from /home/airflow/.local/lib/python3.7/site-packages/airflow/example_dags/tutorial.py
[2021-12-10 08:39:40,133] {processor.py:637} INFO - DAG(s) dict_keys(['tutorial']) retrieved from /home/airflow/.local/lib/python3.7/site-packages/airflow/example_dags/tutorial.py
[2021-12-10 08:39:40,142] {logging_mixin.py:109} INFO - [2021-12-10 08:39:40,142] {dag.py:2396} INFO - Sync 1 DAGs
[2021-12-10 08:39:40,158] {logging_mixin.py:109} INFO - [2021-12-10 08:39:40,158] {dag.py:2928} INFO - Setting next_dagrun for tutorial to 2021-12-09T08:39:40.158209+00:00
[2021-12-10 08:39:40,169] {processor.py:171} INFO - Processing /home/airflow/.local/lib/python3.7/site-packages/airflow/example_dags/tutorial.py took 0.071 seconds
[2021-12-10 08:40:11,257] {processor.py:163} INFO - Started process (PID=2155) to work on /home/airflow/.local/lib/python3.7/site-packages/airflow/example_dags/tutorial.py
[2021-12-10 08:40:11,258] {processor.py:625} INFO - Processing file /home/airflow/.local/lib/python3.7/site-packages/airflow/example_dags/tutorial.py for tasks to queue
[2021-12-10 08:40:11,259] {logging_mixin.py:109} INFO - [2021-12-10 08:40:11,259] {dagbag.py:500} INFO - Filling up the DagBag from /home/airflow/.local/lib/python3.7/site-packages/airflow/example_dags/tutorial.py
[2021-12-10 08:40:11,289] {processor.py:637} INFO - DAG(s) dict_keys(['tutorial']) retrieved from /home/airflow/.local/lib/python3.7/site-packages/airflow/example_dags/tutorial.py
[2021-12-10 08:40:11,298] {logging_mixin.py:109} INFO - [2021-12-10 08:40:11,298] {dag.py:2396} INFO - Sync 1 DAGs
[2021-12-10 08:40:11,315] {logging_mixin.py:109} INFO - [2021-12-10 08:40:11,315] {dag.py:2928} INFO - Setting next_dagrun for tutorial to 2021-12-09T08:40:11.314818+00:00
[2021-12-10 08:40:11,325] {processor.py:171} INFO - Processing /home/airflow/.local/lib/python3.7/site-packages/airflow/example_dags/tutorial.py took 0.071 seconds
[2021-12-10 08:40:42,501] {processor.py:163} INFO - Started process (PID=2208) to work on /home/airflow/.local/lib/python3.7/site-packages/airflow/example_dags/tutorial.py
[2021-12-10 08:40:42,503] {processor.py:625} INFO - Processing file /home/airflow/.local/lib/python3.7/site-packages/airflow/example_dags/tutorial.py for tasks to queue
[2021-12-10 08:40:42,504] {logging_mixin.py:109} INFO - [2021-12-10 08:40:42,503] {dagbag.py:500} INFO - Filling up the DagBag from /home/airflow/.local/lib/python3.7/site-packages/airflow/example_dags/tutorial.py
[2021-12-10 08:40:42,536] {processor.py:637} INFO - DAG(s) dict_keys(['tutorial']) retrieved from /home/airflow/.local/lib/python3.7/site-packages/airflow/example_dags/tutorial.py
[2021-12-10 08:40:42,547] {logging_mixin.py:109} INFO - [2021-12-10 08:40:42,546] {dag.py:2396} INFO - Sync 1 DAGs
[2021-12-10 08:40:42,564] {logging_mixin.py:109} INFO - [2021-12-10 08:40:42,564] {dag.py:2928} INFO - Setting next_dagrun for tutorial to 2021-12-09T08:40:42.563961+00:00
[2021-12-10 08:40:42,574] {processor.py:171} INFO - Processing /home/airflow/.local/lib/python3.7/site-packages/airflow/example_dags/tutorial.py took 0.077 seconds
[2021-12-10 08:41:13,557] {processor.py:163} INFO - Started process (PID=2272) to work on /home/airflow/.local/lib/python3.7/site-packages/airflow/example_dags/tutorial.py
[2021-12-10 08:41:13,558] {processor.py:625} INFO - Processing file /home/airflow/.local/lib/python3.7/site-packages/airflow/example_dags/tutorial.py for tasks to queue
[2021-12-10 08:41:13,559] {logging_mixin.py:109} INFO - [2021-12-10 08:41:13,559] {dagbag.py:500} INFO - Filling up the DagBag from /home/airflow/.local/lib/python3.7/site-packages/airflow/example_dags/tutorial.py
[2021-12-10 08:41:13,590] {processor.py:637} INFO - DAG(s) dict_keys(['tutorial']) retrieved from /home/airflow/.local/lib/python3.7/site-packages/airflow/example_dags/tutorial.py
[2021-12-10 08:41:13,600] {logging_mixin.py:109} INFO - [2021-12-10 08:41:13,600] {dag.py:2396} INFO - Sync 1 DAGs
[2021-12-10 08:41:13,617] {logging_mixin.py:109} INFO - [2021-12-10 08:41:13,617] {dag.py:2928} INFO - Setting next_dagrun for tutorial to 2021-12-09T08:41:13.617150+00:00
[2021-12-10 08:41:13,627] {processor.py:171} INFO - Processing /home/airflow/.local/lib/python3.7/site-packages/airflow/example_dags/tutorial.py took 0.074 seconds
[2021-12-10 08:41:44,038] {processor.py:163} INFO - Started process (PID=2325) to work on /home/airflow/.local/lib/python3.7/site-packages/airflow/example_dags/tutorial.py
[2021-12-10 08:41:44,040] {processor.py:625} INFO - Processing file /home/airflow/.local/lib/python3.7/site-packages/airflow/example_dags/tutorial.py for tasks to queue
[2021-12-10 08:41:44,041] {logging_mixin.py:109} INFO - [2021-12-10 08:41:44,041] {dagbag.py:500} INFO - Filling up the DagBag from /home/airflow/.local/lib/python3.7/site-packages/airflow/example_dags/tutorial.py
[2021-12-10 08:41:44,083] {processor.py:637} INFO - DAG(s) dict_keys(['tutorial']) retrieved from /home/airflow/.local/lib/python3.7/site-packages/airflow/example_dags/tutorial.py
[2021-12-10 08:41:44,094] {logging_mixin.py:109} INFO - [2021-12-10 08:41:44,094] {dag.py:2396} INFO - Sync 1 DAGs
[2021-12-10 08:41:44,112] {logging_mixin.py:109} INFO - [2021-12-10 08:41:44,112] {dag.py:2928} INFO - Setting next_dagrun for tutorial to 2021-12-09T08:41:44.111724+00:00
[2021-12-10 08:41:44,124] {processor.py:171} INFO - Processing /home/airflow/.local/lib/python3.7/site-packages/airflow/example_dags/tutorial.py took 0.090 seconds
[2021-12-10 08:42:14,490] {processor.py:163} INFO - Started process (PID=2379) to work on /home/airflow/.local/lib/python3.7/site-packages/airflow/example_dags/tutorial.py
[2021-12-10 08:42:14,491] {processor.py:625} INFO - Processing file /home/airflow/.local/lib/python3.7/site-packages/airflow/example_dags/tutorial.py for tasks to queue
[2021-12-10 08:42:14,492] {logging_mixin.py:109} INFO - [2021-12-10 08:42:14,492] {dagbag.py:500} INFO - Filling up the DagBag from /home/airflow/.local/lib/python3.7/site-packages/airflow/example_dags/tutorial.py
[2021-12-10 08:42:14,523] {processor.py:637} INFO - DAG(s) dict_keys(['tutorial']) retrieved from /home/airflow/.local/lib/python3.7/site-packages/airflow/example_dags/tutorial.py
[2021-12-10 08:42:14,533] {logging_mixin.py:109} INFO - [2021-12-10 08:42:14,532] {dag.py:2396} INFO - Sync 1 DAGs
[2021-12-10 08:42:14,549] {logging_mixin.py:109} INFO - [2021-12-10 08:42:14,549] {dag.py:2928} INFO - Setting next_dagrun for tutorial to 2021-12-09T08:42:14.548849+00:00
[2021-12-10 08:42:14,559] {processor.py:171} INFO - Processing /home/airflow/.local/lib/python3.7/site-packages/airflow/example_dags/tutorial.py took 0.073 seconds
[2021-12-10 08:42:45,552] {processor.py:163} INFO - Started process (PID=2440) to work on /home/airflow/.local/lib/python3.7/site-packages/airflow/example_dags/tutorial.py
[2021-12-10 08:42:45,554] {processor.py:625} INFO - Processing file /home/airflow/.local/lib/python3.7/site-packages/airflow/example_dags/tutorial.py for tasks to queue
[2021-12-10 08:42:45,555] {logging_mixin.py:109} INFO - [2021-12-10 08:42:45,555] {dagbag.py:500} INFO - Filling up the DagBag from /home/airflow/.local/lib/python3.7/site-packages/airflow/example_dags/tutorial.py
[2021-12-10 08:42:45,587] {processor.py:637} INFO - DAG(s) dict_keys(['tutorial']) retrieved from /home/airflow/.local/lib/python3.7/site-packages/airflow/example_dags/tutorial.py
[2021-12-10 08:42:45,597] {logging_mixin.py:109} INFO - [2021-12-10 08:42:45,597] {dag.py:2396} INFO - Sync 1 DAGs
[2021-12-10 08:42:45,613] {logging_mixin.py:109} INFO - [2021-12-10 08:42:45,613] {dag.py:2928} INFO - Setting next_dagrun for tutorial to 2021-12-09T08:42:45.613396+00:00
[2021-12-10 08:42:45,623] {processor.py:171} INFO - Processing /home/airflow/.local/lib/python3.7/site-packages/airflow/example_dags/tutorial.py took 0.075 seconds
[2021-12-10 08:43:15,957] {processor.py:163} INFO - Started process (PID=2493) to work on /home/airflow/.local/lib/python3.7/site-packages/airflow/example_dags/tutorial.py
[2021-12-10 08:43:15,958] {processor.py:625} INFO - Processing file /home/airflow/.local/lib/python3.7/site-packages/airflow/example_dags/tutorial.py for tasks to queue
[2021-12-10 08:43:15,959] {logging_mixin.py:109} INFO - [2021-12-10 08:43:15,959] {dagbag.py:500} INFO - Filling up the DagBag from /home/airflow/.local/lib/python3.7/site-packages/airflow/example_dags/tutorial.py
[2021-12-10 08:43:15,989] {processor.py:637} INFO - DAG(s) dict_keys(['tutorial']) retrieved from /home/airflow/.local/lib/python3.7/site-packages/airflow/example_dags/tutorial.py
[2021-12-10 08:43:16,000] {logging_mixin.py:109} INFO - [2021-12-10 08:43:15,999] {dag.py:2396} INFO - Sync 1 DAGs
[2021-12-10 08:43:16,017] {logging_mixin.py:109} INFO - [2021-12-10 08:43:16,017] {dag.py:2928} INFO - Setting next_dagrun for tutorial to 2021-12-09T08:43:16.017324+00:00
[2021-12-10 08:43:16,027] {processor.py:171} INFO - Processing /home/airflow/.local/lib/python3.7/site-packages/airflow/example_dags/tutorial.py took 0.074 seconds
[2021-12-10 08:43:47,247] {processor.py:163} INFO - Started process (PID=2553) to work on /home/airflow/.local/lib/python3.7/site-packages/airflow/example_dags/tutorial.py
[2021-12-10 08:43:47,249] {processor.py:625} INFO - Processing file /home/airflow/.local/lib/python3.7/site-packages/airflow/example_dags/tutorial.py for tasks to queue
[2021-12-10 08:43:47,250] {logging_mixin.py:109} INFO - [2021-12-10 08:43:47,250] {dagbag.py:500} INFO - Filling up the DagBag from /home/airflow/.local/lib/python3.7/site-packages/airflow/example_dags/tutorial.py
[2021-12-10 08:43:47,282] {processor.py:637} INFO - DAG(s) dict_keys(['tutorial']) retrieved from /home/airflow/.local/lib/python3.7/site-packages/airflow/example_dags/tutorial.py
[2021-12-10 08:43:47,292] {logging_mixin.py:109} INFO - [2021-12-10 08:43:47,292] {dag.py:2396} INFO - Sync 1 DAGs
[2021-12-10 08:43:47,309] {logging_mixin.py:109} INFO - [2021-12-10 08:43:47,309] {dag.py:2928} INFO - Setting next_dagrun for tutorial to 2021-12-09T08:43:47.309045+00:00
[2021-12-10 08:43:47,321] {processor.py:171} INFO - Processing /home/airflow/.local/lib/python3.7/site-packages/airflow/example_dags/tutorial.py took 0.077 seconds
[2021-12-10 08:44:18,608] {processor.py:163} INFO - Started process (PID=2607) to work on /home/airflow/.local/lib/python3.7/site-packages/airflow/example_dags/tutorial.py
[2021-12-10 08:44:18,609] {processor.py:625} INFO - Processing file /home/airflow/.local/lib/python3.7/site-packages/airflow/example_dags/tutorial.py for tasks to queue
[2021-12-10 08:44:18,610] {logging_mixin.py:109} INFO - [2021-12-10 08:44:18,609] {dagbag.py:500} INFO - Filling up the DagBag from /home/airflow/.local/lib/python3.7/site-packages/airflow/example_dags/tutorial.py
[2021-12-10 08:44:18,641] {processor.py:637} INFO - DAG(s) dict_keys(['tutorial']) retrieved from /home/airflow/.local/lib/python3.7/site-packages/airflow/example_dags/tutorial.py
[2021-12-10 08:44:18,651] {logging_mixin.py:109} INFO - [2021-12-10 08:44:18,651] {dag.py:2396} INFO - Sync 1 DAGs
[2021-12-10 08:44:18,669] {logging_mixin.py:109} INFO - [2021-12-10 08:44:18,669] {dag.py:2928} INFO - Setting next_dagrun for tutorial to 2021-12-09T08:44:18.669472+00:00
[2021-12-10 08:44:18,679] {processor.py:171} INFO - Processing /home/airflow/.local/lib/python3.7/site-packages/airflow/example_dags/tutorial.py took 0.075 seconds
[2021-12-10 08:44:49,349] {processor.py:163} INFO - Started process (PID=2670) to work on /home/airflow/.local/lib/python3.7/site-packages/airflow/example_dags/tutorial.py
[2021-12-10 08:44:49,351] {processor.py:625} INFO - Processing file /home/airflow/.local/lib/python3.7/site-packages/airflow/example_dags/tutorial.py for tasks to queue
[2021-12-10 08:44:49,352] {logging_mixin.py:109} INFO - [2021-12-10 08:44:49,352] {dagbag.py:500} INFO - Filling up the DagBag from /home/airflow/.local/lib/python3.7/site-packages/airflow/example_dags/tutorial.py
[2021-12-10 08:44:49,393] {processor.py:637} INFO - DAG(s) dict_keys(['tutorial']) retrieved from /home/airflow/.local/lib/python3.7/site-packages/airflow/example_dags/tutorial.py
[2021-12-10 08:44:49,405] {logging_mixin.py:109} INFO - [2021-12-10 08:44:49,405] {dag.py:2396} INFO - Sync 1 DAGs
[2021-12-10 08:44:49,424] {logging_mixin.py:109} INFO - [2021-12-10 08:44:49,424] {dag.py:2928} INFO - Setting next_dagrun for tutorial to 2021-12-09T08:44:49.424129+00:00
[2021-12-10 08:44:49,437] {processor.py:171} INFO - Processing /home/airflow/.local/lib/python3.7/site-packages/airflow/example_dags/tutorial.py took 0.093 seconds
[2021-12-10 08:45:19,871] {processor.py:163} INFO - Started process (PID=2723) to work on /home/airflow/.local/lib/python3.7/site-packages/airflow/example_dags/tutorial.py
[2021-12-10 08:45:19,873] {processor.py:625} INFO - Processing file /home/airflow/.local/lib/python3.7/site-packages/airflow/example_dags/tutorial.py for tasks to queue
[2021-12-10 08:45:19,874] {logging_mixin.py:109} INFO - [2021-12-10 08:45:19,874] {dagbag.py:500} INFO - Filling up the DagBag from /home/airflow/.local/lib/python3.7/site-packages/airflow/example_dags/tutorial.py
[2021-12-10 08:45:19,904] {processor.py:637} INFO - DAG(s) dict_keys(['tutorial']) retrieved from /home/airflow/.local/lib/python3.7/site-packages/airflow/example_dags/tutorial.py
[2021-12-10 08:45:19,914] {logging_mixin.py:109} INFO - [2021-12-10 08:45:19,914] {dag.py:2396} INFO - Sync 1 DAGs
[2021-12-10 08:45:19,932] {logging_mixin.py:109} INFO - [2021-12-10 08:45:19,931] {dag.py:2928} INFO - Setting next_dagrun for tutorial to 2021-12-09T08:45:19.931565+00:00
[2021-12-10 08:45:19,942] {processor.py:171} INFO - Processing /home/airflow/.local/lib/python3.7/site-packages/airflow/example_dags/tutorial.py took 0.074 seconds
[2021-12-10 08:45:49,968] {processor.py:163} INFO - Started process (PID=2774) to work on /home/airflow/.local/lib/python3.7/site-packages/airflow/example_dags/tutorial.py
[2021-12-10 08:45:49,970] {processor.py:625} INFO - Processing file /home/airflow/.local/lib/python3.7/site-packages/airflow/example_dags/tutorial.py for tasks to queue
[2021-12-10 08:45:49,970] {logging_mixin.py:109} INFO - [2021-12-10 08:45:49,970] {dagbag.py:500} INFO - Filling up the DagBag from /home/airflow/.local/lib/python3.7/site-packages/airflow/example_dags/tutorial.py
[2021-12-10 08:45:50,000] {processor.py:637} INFO - DAG(s) dict_keys(['tutorial']) retrieved from /home/airflow/.local/lib/python3.7/site-packages/airflow/example_dags/tutorial.py
[2021-12-10 08:45:50,010] {logging_mixin.py:109} INFO - [2021-12-10 08:45:50,010] {dag.py:2396} INFO - Sync 1 DAGs
[2021-12-10 08:45:50,028] {logging_mixin.py:109} INFO - [2021-12-10 08:45:50,028] {dag.py:2928} INFO - Setting next_dagrun for tutorial to 2021-12-09T08:45:50.028314+00:00
[2021-12-10 08:45:50,040] {processor.py:171} INFO - Processing /home/airflow/.local/lib/python3.7/site-packages/airflow/example_dags/tutorial.py took 0.076 seconds
[2021-12-10 08:46:20,250] {processor.py:163} INFO - Started process (PID=2834) to work on /home/airflow/.local/lib/python3.7/site-packages/airflow/example_dags/tutorial.py
[2021-12-10 08:46:20,252] {processor.py:625} INFO - Processing file /home/airflow/.local/lib/python3.7/site-packages/airflow/example_dags/tutorial.py for tasks to queue
[2021-12-10 08:46:20,252] {logging_mixin.py:109} INFO - [2021-12-10 08:46:20,252] {dagbag.py:500} INFO - Filling up the DagBag from /home/airflow/.local/lib/python3.7/site-packages/airflow/example_dags/tutorial.py
[2021-12-10 08:46:20,281] {processor.py:637} INFO - DAG(s) dict_keys(['tutorial']) retrieved from /home/airflow/.local/lib/python3.7/site-packages/airflow/example_dags/tutorial.py
[2021-12-10 08:46:20,291] {logging_mixin.py:109} INFO - [2021-12-10 08:46:20,291] {dag.py:2396} INFO - Sync 1 DAGs
[2021-12-10 08:46:20,308] {logging_mixin.py:109} INFO - [2021-12-10 08:46:20,307] {dag.py:2928} INFO - Setting next_dagrun for tutorial to 2021-12-09T08:46:20.307671+00:00
[2021-12-10 08:46:20,425] {processor.py:171} INFO - Processing /home/airflow/.local/lib/python3.7/site-packages/airflow/example_dags/tutorial.py took 0.178 seconds
[2021-12-10 08:46:50,960] {processor.py:163} INFO - Started process (PID=2887) to work on /home/airflow/.local/lib/python3.7/site-packages/airflow/example_dags/tutorial.py
[2021-12-10 08:46:50,961] {processor.py:625} INFO - Processing file /home/airflow/.local/lib/python3.7/site-packages/airflow/example_dags/tutorial.py for tasks to queue
[2021-12-10 08:46:50,962] {logging_mixin.py:109} INFO - [2021-12-10 08:46:50,961] {dagbag.py:500} INFO - Filling up the DagBag from /home/airflow/.local/lib/python3.7/site-packages/airflow/example_dags/tutorial.py
[2021-12-10 08:46:50,992] {processor.py:637} INFO - DAG(s) dict_keys(['tutorial']) retrieved from /home/airflow/.local/lib/python3.7/site-packages/airflow/example_dags/tutorial.py
[2021-12-10 08:46:51,001] {logging_mixin.py:109} INFO - [2021-12-10 08:46:51,001] {dag.py:2396} INFO - Sync 1 DAGs
[2021-12-10 08:46:51,129] {logging_mixin.py:109} INFO - [2021-12-10 08:46:51,129] {dag.py:2928} INFO - Setting next_dagrun for tutorial to 2021-12-09T08:46:51.129160+00:00
[2021-12-10 08:46:51,138] {processor.py:171} INFO - Processing /home/airflow/.local/lib/python3.7/site-packages/airflow/example_dags/tutorial.py took 0.182 seconds
[2021-12-10 08:47:21,165] {processor.py:163} INFO - Started process (PID=2949) to work on /home/airflow/.local/lib/python3.7/site-packages/airflow/example_dags/tutorial.py
[2021-12-10 08:47:21,166] {processor.py:625} INFO - Processing file /home/airflow/.local/lib/python3.7/site-packages/airflow/example_dags/tutorial.py for tasks to queue
[2021-12-10 08:47:21,167] {logging_mixin.py:109} INFO - [2021-12-10 08:47:21,167] {dagbag.py:500} INFO - Filling up the DagBag from /home/airflow/.local/lib/python3.7/site-packages/airflow/example_dags/tutorial.py
[2021-12-10 08:47:21,196] {processor.py:637} INFO - DAG(s) dict_keys(['tutorial']) retrieved from /home/airflow/.local/lib/python3.7/site-packages/airflow/example_dags/tutorial.py
[2021-12-10 08:47:21,208] {logging_mixin.py:109} INFO - [2021-12-10 08:47:21,207] {dag.py:2396} INFO - Sync 1 DAGs
[2021-12-10 08:47:21,324] {logging_mixin.py:109} INFO - [2021-12-10 08:47:21,324] {dag.py:2928} INFO - Setting next_dagrun for tutorial to 2021-12-09T08:47:21.323948+00:00
[2021-12-10 08:47:21,332] {processor.py:171} INFO - Processing /home/airflow/.local/lib/python3.7/site-packages/airflow/example_dags/tutorial.py took 0.171 seconds
