[2021-12-10 08:23:38,382] {processor.py:163} INFO - Started process (PID=164) to work on /home/airflow/.local/lib/python3.7/site-packages/airflow/example_dags/tutorial_etl_dag.py
[2021-12-10 08:23:38,383] {processor.py:625} INFO - Processing file /home/airflow/.local/lib/python3.7/site-packages/airflow/example_dags/tutorial_etl_dag.py for tasks to queue
[2021-12-10 08:23:38,383] {logging_mixin.py:109} INFO - [2021-12-10 08:23:38,383] {dagbag.py:500} INFO - Filling up the DagBag from /home/airflow/.local/lib/python3.7/site-packages/airflow/example_dags/tutorial_etl_dag.py
[2021-12-10 08:23:38,410] {processor.py:637} INFO - DAG(s) dict_keys(['tutorial_etl_dag']) retrieved from /home/airflow/.local/lib/python3.7/site-packages/airflow/example_dags/tutorial_etl_dag.py
[2021-12-10 08:23:39,729] {logging_mixin.py:109} INFO - [2021-12-10 08:23:39,729] {providers_manager.py:156} WARNING - Exception when importing 'airflow.providers.google.leveldb.hooks.leveldb.LevelDBHook' from 'apache-airflow-providers-google' package: No module named 'plyvel'
[2021-12-10 08:23:40,240] {logging_mixin.py:109} INFO - [2021-12-10 08:23:40,240] {providers_manager.py:156} WARNING - Exception when importing 'airflow.providers.google.leveldb.hooks.leveldb.LevelDBHook' from 'apache-airflow-providers-google' package: No module named 'plyvel'
[2021-12-10 08:23:40,260] {logging_mixin.py:109} INFO - [2021-12-10 08:23:40,259] {manager.py:496} INFO - Created Permission View: can read on DAG:tutorial_etl_dag
[2021-12-10 08:23:40,267] {logging_mixin.py:109} INFO - [2021-12-10 08:23:40,267] {manager.py:496} INFO - Created Permission View: can edit on DAG:tutorial_etl_dag
[2021-12-10 08:23:40,268] {logging_mixin.py:109} INFO - [2021-12-10 08:23:40,267] {dag.py:2396} INFO - Sync 1 DAGs
[2021-12-10 08:23:40,276] {logging_mixin.py:109} INFO - [2021-12-10 08:23:40,276] {dag.py:2415} INFO - Creating ORM DAG for tutorial_etl_dag
[2021-12-10 08:23:40,284] {logging_mixin.py:109} INFO - [2021-12-10 08:23:40,283] {dag.py:2928} INFO - Setting next_dagrun for tutorial_etl_dag to None
[2021-12-10 08:23:40,296] {processor.py:171} INFO - Processing /home/airflow/.local/lib/python3.7/site-packages/airflow/example_dags/tutorial_etl_dag.py took 1.918 seconds
[2021-12-10 08:24:10,483] {processor.py:163} INFO - Started process (PID=379) to work on /home/airflow/.local/lib/python3.7/site-packages/airflow/example_dags/tutorial_etl_dag.py
[2021-12-10 08:24:10,485] {processor.py:625} INFO - Processing file /home/airflow/.local/lib/python3.7/site-packages/airflow/example_dags/tutorial_etl_dag.py for tasks to queue
[2021-12-10 08:24:10,485] {logging_mixin.py:109} INFO - [2021-12-10 08:24:10,485] {dagbag.py:500} INFO - Filling up the DagBag from /home/airflow/.local/lib/python3.7/site-packages/airflow/example_dags/tutorial_etl_dag.py
[2021-12-10 08:24:10,511] {processor.py:637} INFO - DAG(s) dict_keys(['tutorial_etl_dag']) retrieved from /home/airflow/.local/lib/python3.7/site-packages/airflow/example_dags/tutorial_etl_dag.py
[2021-12-10 08:24:10,520] {logging_mixin.py:109} INFO - [2021-12-10 08:24:10,520] {dag.py:2396} INFO - Sync 1 DAGs
[2021-12-10 08:24:10,538] {logging_mixin.py:109} INFO - [2021-12-10 08:24:10,537] {dag.py:2928} INFO - Setting next_dagrun for tutorial_etl_dag to None
[2021-12-10 08:24:10,547] {processor.py:171} INFO - Processing /home/airflow/.local/lib/python3.7/site-packages/airflow/example_dags/tutorial_etl_dag.py took 0.068 seconds
[2021-12-10 08:24:40,701] {processor.py:163} INFO - Started process (PID=431) to work on /home/airflow/.local/lib/python3.7/site-packages/airflow/example_dags/tutorial_etl_dag.py
[2021-12-10 08:24:40,702] {processor.py:625} INFO - Processing file /home/airflow/.local/lib/python3.7/site-packages/airflow/example_dags/tutorial_etl_dag.py for tasks to queue
[2021-12-10 08:24:40,702] {logging_mixin.py:109} INFO - [2021-12-10 08:24:40,702] {dagbag.py:500} INFO - Filling up the DagBag from /home/airflow/.local/lib/python3.7/site-packages/airflow/example_dags/tutorial_etl_dag.py
[2021-12-10 08:24:40,745] {processor.py:637} INFO - DAG(s) dict_keys(['tutorial_etl_dag']) retrieved from /home/airflow/.local/lib/python3.7/site-packages/airflow/example_dags/tutorial_etl_dag.py
[2021-12-10 08:24:40,755] {logging_mixin.py:109} INFO - [2021-12-10 08:24:40,755] {dag.py:2396} INFO - Sync 1 DAGs
[2021-12-10 08:24:40,771] {logging_mixin.py:109} INFO - [2021-12-10 08:24:40,771] {dag.py:2928} INFO - Setting next_dagrun for tutorial_etl_dag to None
[2021-12-10 08:24:40,781] {processor.py:171} INFO - Processing /home/airflow/.local/lib/python3.7/site-packages/airflow/example_dags/tutorial_etl_dag.py took 0.083 seconds
[2021-12-10 08:25:11,120] {processor.py:163} INFO - Started process (PID=483) to work on /home/airflow/.local/lib/python3.7/site-packages/airflow/example_dags/tutorial_etl_dag.py
[2021-12-10 08:25:11,122] {processor.py:625} INFO - Processing file /home/airflow/.local/lib/python3.7/site-packages/airflow/example_dags/tutorial_etl_dag.py for tasks to queue
[2021-12-10 08:25:11,122] {logging_mixin.py:109} INFO - [2021-12-10 08:25:11,122] {dagbag.py:500} INFO - Filling up the DagBag from /home/airflow/.local/lib/python3.7/site-packages/airflow/example_dags/tutorial_etl_dag.py
[2021-12-10 08:25:11,148] {processor.py:637} INFO - DAG(s) dict_keys(['tutorial_etl_dag']) retrieved from /home/airflow/.local/lib/python3.7/site-packages/airflow/example_dags/tutorial_etl_dag.py
[2021-12-10 08:25:11,159] {logging_mixin.py:109} INFO - [2021-12-10 08:25:11,159] {dag.py:2396} INFO - Sync 1 DAGs
[2021-12-10 08:25:11,175] {logging_mixin.py:109} INFO - [2021-12-10 08:25:11,175] {dag.py:2928} INFO - Setting next_dagrun for tutorial_etl_dag to None
[2021-12-10 08:25:11,185] {processor.py:171} INFO - Processing /home/airflow/.local/lib/python3.7/site-packages/airflow/example_dags/tutorial_etl_dag.py took 0.067 seconds
[2021-12-10 08:25:41,550] {processor.py:163} INFO - Started process (PID=546) to work on /home/airflow/.local/lib/python3.7/site-packages/airflow/example_dags/tutorial_etl_dag.py
[2021-12-10 08:25:41,552] {processor.py:625} INFO - Processing file /home/airflow/.local/lib/python3.7/site-packages/airflow/example_dags/tutorial_etl_dag.py for tasks to queue
[2021-12-10 08:25:41,553] {logging_mixin.py:109} INFO - [2021-12-10 08:25:41,553] {dagbag.py:500} INFO - Filling up the DagBag from /home/airflow/.local/lib/python3.7/site-packages/airflow/example_dags/tutorial_etl_dag.py
[2021-12-10 08:25:41,579] {processor.py:637} INFO - DAG(s) dict_keys(['tutorial_etl_dag']) retrieved from /home/airflow/.local/lib/python3.7/site-packages/airflow/example_dags/tutorial_etl_dag.py
[2021-12-10 08:25:41,588] {logging_mixin.py:109} INFO - [2021-12-10 08:25:41,588] {dag.py:2396} INFO - Sync 1 DAGs
[2021-12-10 08:25:41,604] {logging_mixin.py:109} INFO - [2021-12-10 08:25:41,604] {dag.py:2928} INFO - Setting next_dagrun for tutorial_etl_dag to None
[2021-12-10 08:25:41,614] {processor.py:171} INFO - Processing /home/airflow/.local/lib/python3.7/site-packages/airflow/example_dags/tutorial_etl_dag.py took 0.067 seconds
[2021-12-10 08:26:12,027] {processor.py:163} INFO - Started process (PID=598) to work on /home/airflow/.local/lib/python3.7/site-packages/airflow/example_dags/tutorial_etl_dag.py
[2021-12-10 08:26:12,028] {processor.py:625} INFO - Processing file /home/airflow/.local/lib/python3.7/site-packages/airflow/example_dags/tutorial_etl_dag.py for tasks to queue
[2021-12-10 08:26:12,029] {logging_mixin.py:109} INFO - [2021-12-10 08:26:12,029] {dagbag.py:500} INFO - Filling up the DagBag from /home/airflow/.local/lib/python3.7/site-packages/airflow/example_dags/tutorial_etl_dag.py
[2021-12-10 08:26:12,057] {processor.py:637} INFO - DAG(s) dict_keys(['tutorial_etl_dag']) retrieved from /home/airflow/.local/lib/python3.7/site-packages/airflow/example_dags/tutorial_etl_dag.py
[2021-12-10 08:26:12,067] {logging_mixin.py:109} INFO - [2021-12-10 08:26:12,067] {dag.py:2396} INFO - Sync 1 DAGs
[2021-12-10 08:26:12,083] {logging_mixin.py:109} INFO - [2021-12-10 08:26:12,082] {dag.py:2928} INFO - Setting next_dagrun for tutorial_etl_dag to None
[2021-12-10 08:26:12,092] {processor.py:171} INFO - Processing /home/airflow/.local/lib/python3.7/site-packages/airflow/example_dags/tutorial_etl_dag.py took 0.068 seconds
[2021-12-10 08:26:42,160] {processor.py:163} INFO - Started process (PID=660) to work on /home/airflow/.local/lib/python3.7/site-packages/airflow/example_dags/tutorial_etl_dag.py
[2021-12-10 08:26:42,161] {processor.py:625} INFO - Processing file /home/airflow/.local/lib/python3.7/site-packages/airflow/example_dags/tutorial_etl_dag.py for tasks to queue
[2021-12-10 08:26:42,162] {logging_mixin.py:109} INFO - [2021-12-10 08:26:42,162] {dagbag.py:500} INFO - Filling up the DagBag from /home/airflow/.local/lib/python3.7/site-packages/airflow/example_dags/tutorial_etl_dag.py
[2021-12-10 08:26:42,191] {processor.py:637} INFO - DAG(s) dict_keys(['tutorial_etl_dag']) retrieved from /home/airflow/.local/lib/python3.7/site-packages/airflow/example_dags/tutorial_etl_dag.py
[2021-12-10 08:26:42,202] {logging_mixin.py:109} INFO - [2021-12-10 08:26:42,202] {dag.py:2396} INFO - Sync 1 DAGs
[2021-12-10 08:26:42,222] {logging_mixin.py:109} INFO - [2021-12-10 08:26:42,222] {dag.py:2928} INFO - Setting next_dagrun for tutorial_etl_dag to None
[2021-12-10 08:26:42,233] {processor.py:171} INFO - Processing /home/airflow/.local/lib/python3.7/site-packages/airflow/example_dags/tutorial_etl_dag.py took 0.076 seconds
[2021-12-10 08:27:12,268] {processor.py:163} INFO - Started process (PID=714) to work on /home/airflow/.local/lib/python3.7/site-packages/airflow/example_dags/tutorial_etl_dag.py
[2021-12-10 08:27:12,269] {processor.py:625} INFO - Processing file /home/airflow/.local/lib/python3.7/site-packages/airflow/example_dags/tutorial_etl_dag.py for tasks to queue
[2021-12-10 08:27:12,270] {logging_mixin.py:109} INFO - [2021-12-10 08:27:12,270] {dagbag.py:500} INFO - Filling up the DagBag from /home/airflow/.local/lib/python3.7/site-packages/airflow/example_dags/tutorial_etl_dag.py
[2021-12-10 08:27:12,296] {processor.py:637} INFO - DAG(s) dict_keys(['tutorial_etl_dag']) retrieved from /home/airflow/.local/lib/python3.7/site-packages/airflow/example_dags/tutorial_etl_dag.py
[2021-12-10 08:27:12,306] {logging_mixin.py:109} INFO - [2021-12-10 08:27:12,305] {dag.py:2396} INFO - Sync 1 DAGs
[2021-12-10 08:27:12,321] {logging_mixin.py:109} INFO - [2021-12-10 08:27:12,321] {dag.py:2928} INFO - Setting next_dagrun for tutorial_etl_dag to None
[2021-12-10 08:27:12,331] {processor.py:171} INFO - Processing /home/airflow/.local/lib/python3.7/site-packages/airflow/example_dags/tutorial_etl_dag.py took 0.066 seconds
[2021-12-10 08:27:42,566] {processor.py:163} INFO - Started process (PID=767) to work on /home/airflow/.local/lib/python3.7/site-packages/airflow/example_dags/tutorial_etl_dag.py
[2021-12-10 08:27:42,568] {processor.py:625} INFO - Processing file /home/airflow/.local/lib/python3.7/site-packages/airflow/example_dags/tutorial_etl_dag.py for tasks to queue
[2021-12-10 08:27:42,569] {logging_mixin.py:109} INFO - [2021-12-10 08:27:42,568] {dagbag.py:500} INFO - Filling up the DagBag from /home/airflow/.local/lib/python3.7/site-packages/airflow/example_dags/tutorial_etl_dag.py
[2021-12-10 08:27:42,601] {processor.py:637} INFO - DAG(s) dict_keys(['tutorial_etl_dag']) retrieved from /home/airflow/.local/lib/python3.7/site-packages/airflow/example_dags/tutorial_etl_dag.py
[2021-12-10 08:27:42,611] {logging_mixin.py:109} INFO - [2021-12-10 08:27:42,611] {dag.py:2396} INFO - Sync 1 DAGs
[2021-12-10 08:27:42,627] {logging_mixin.py:109} INFO - [2021-12-10 08:27:42,627] {dag.py:2928} INFO - Setting next_dagrun for tutorial_etl_dag to None
[2021-12-10 08:27:42,637] {processor.py:171} INFO - Processing /home/airflow/.local/lib/python3.7/site-packages/airflow/example_dags/tutorial_etl_dag.py took 0.075 seconds
[2021-12-10 08:28:12,658] {processor.py:163} INFO - Started process (PID=828) to work on /home/airflow/.local/lib/python3.7/site-packages/airflow/example_dags/tutorial_etl_dag.py
[2021-12-10 08:28:12,659] {processor.py:625} INFO - Processing file /home/airflow/.local/lib/python3.7/site-packages/airflow/example_dags/tutorial_etl_dag.py for tasks to queue
[2021-12-10 08:28:12,660] {logging_mixin.py:109} INFO - [2021-12-10 08:28:12,660] {dagbag.py:500} INFO - Filling up the DagBag from /home/airflow/.local/lib/python3.7/site-packages/airflow/example_dags/tutorial_etl_dag.py
[2021-12-10 08:28:12,688] {processor.py:637} INFO - DAG(s) dict_keys(['tutorial_etl_dag']) retrieved from /home/airflow/.local/lib/python3.7/site-packages/airflow/example_dags/tutorial_etl_dag.py
[2021-12-10 08:28:12,697] {logging_mixin.py:109} INFO - [2021-12-10 08:28:12,697] {dag.py:2396} INFO - Sync 1 DAGs
[2021-12-10 08:28:12,714] {logging_mixin.py:109} INFO - [2021-12-10 08:28:12,714] {dag.py:2928} INFO - Setting next_dagrun for tutorial_etl_dag to None
[2021-12-10 08:28:12,724] {processor.py:171} INFO - Processing /home/airflow/.local/lib/python3.7/site-packages/airflow/example_dags/tutorial_etl_dag.py took 0.069 seconds
[2021-12-10 08:28:43,028] {processor.py:163} INFO - Started process (PID=880) to work on /home/airflow/.local/lib/python3.7/site-packages/airflow/example_dags/tutorial_etl_dag.py
[2021-12-10 08:28:43,029] {processor.py:625} INFO - Processing file /home/airflow/.local/lib/python3.7/site-packages/airflow/example_dags/tutorial_etl_dag.py for tasks to queue
[2021-12-10 08:28:43,029] {logging_mixin.py:109} INFO - [2021-12-10 08:28:43,029] {dagbag.py:500} INFO - Filling up the DagBag from /home/airflow/.local/lib/python3.7/site-packages/airflow/example_dags/tutorial_etl_dag.py
[2021-12-10 08:28:43,060] {processor.py:637} INFO - DAG(s) dict_keys(['tutorial_etl_dag']) retrieved from /home/airflow/.local/lib/python3.7/site-packages/airflow/example_dags/tutorial_etl_dag.py
[2021-12-10 08:28:43,070] {logging_mixin.py:109} INFO - [2021-12-10 08:28:43,070] {dag.py:2396} INFO - Sync 1 DAGs
[2021-12-10 08:28:43,088] {logging_mixin.py:109} INFO - [2021-12-10 08:28:43,088] {dag.py:2928} INFO - Setting next_dagrun for tutorial_etl_dag to None
[2021-12-10 08:28:43,097] {processor.py:171} INFO - Processing /home/airflow/.local/lib/python3.7/site-packages/airflow/example_dags/tutorial_etl_dag.py took 0.073 seconds
[2021-12-10 08:29:13,252] {processor.py:163} INFO - Started process (PID=941) to work on /home/airflow/.local/lib/python3.7/site-packages/airflow/example_dags/tutorial_etl_dag.py
[2021-12-10 08:29:13,254] {processor.py:625} INFO - Processing file /home/airflow/.local/lib/python3.7/site-packages/airflow/example_dags/tutorial_etl_dag.py for tasks to queue
[2021-12-10 08:29:13,255] {logging_mixin.py:109} INFO - [2021-12-10 08:29:13,254] {dagbag.py:500} INFO - Filling up the DagBag from /home/airflow/.local/lib/python3.7/site-packages/airflow/example_dags/tutorial_etl_dag.py
[2021-12-10 08:29:13,287] {processor.py:637} INFO - DAG(s) dict_keys(['tutorial_etl_dag']) retrieved from /home/airflow/.local/lib/python3.7/site-packages/airflow/example_dags/tutorial_etl_dag.py
[2021-12-10 08:29:13,298] {logging_mixin.py:109} INFO - [2021-12-10 08:29:13,298] {dag.py:2396} INFO - Sync 1 DAGs
[2021-12-10 08:29:13,314] {logging_mixin.py:109} INFO - [2021-12-10 08:29:13,314] {dag.py:2928} INFO - Setting next_dagrun for tutorial_etl_dag to None
[2021-12-10 08:29:13,324] {processor.py:171} INFO - Processing /home/airflow/.local/lib/python3.7/site-packages/airflow/example_dags/tutorial_etl_dag.py took 0.076 seconds
[2021-12-10 08:29:43,421] {processor.py:163} INFO - Started process (PID=994) to work on /home/airflow/.local/lib/python3.7/site-packages/airflow/example_dags/tutorial_etl_dag.py
[2021-12-10 08:29:43,423] {processor.py:625} INFO - Processing file /home/airflow/.local/lib/python3.7/site-packages/airflow/example_dags/tutorial_etl_dag.py for tasks to queue
[2021-12-10 08:29:43,423] {logging_mixin.py:109} INFO - [2021-12-10 08:29:43,423] {dagbag.py:500} INFO - Filling up the DagBag from /home/airflow/.local/lib/python3.7/site-packages/airflow/example_dags/tutorial_etl_dag.py
[2021-12-10 08:29:43,459] {processor.py:637} INFO - DAG(s) dict_keys(['tutorial_etl_dag']) retrieved from /home/airflow/.local/lib/python3.7/site-packages/airflow/example_dags/tutorial_etl_dag.py
[2021-12-10 08:29:43,471] {logging_mixin.py:109} INFO - [2021-12-10 08:29:43,471] {dag.py:2396} INFO - Sync 1 DAGs
[2021-12-10 08:29:43,493] {logging_mixin.py:109} INFO - [2021-12-10 08:29:43,493] {dag.py:2928} INFO - Setting next_dagrun for tutorial_etl_dag to None
[2021-12-10 08:29:43,508] {processor.py:171} INFO - Processing /home/airflow/.local/lib/python3.7/site-packages/airflow/example_dags/tutorial_etl_dag.py took 0.092 seconds
[2021-12-10 08:30:13,618] {processor.py:163} INFO - Started process (PID=1046) to work on /home/airflow/.local/lib/python3.7/site-packages/airflow/example_dags/tutorial_etl_dag.py
[2021-12-10 08:30:13,620] {processor.py:625} INFO - Processing file /home/airflow/.local/lib/python3.7/site-packages/airflow/example_dags/tutorial_etl_dag.py for tasks to queue
[2021-12-10 08:30:13,621] {logging_mixin.py:109} INFO - [2021-12-10 08:30:13,621] {dagbag.py:500} INFO - Filling up the DagBag from /home/airflow/.local/lib/python3.7/site-packages/airflow/example_dags/tutorial_etl_dag.py
[2021-12-10 08:30:13,651] {processor.py:637} INFO - DAG(s) dict_keys(['tutorial_etl_dag']) retrieved from /home/airflow/.local/lib/python3.7/site-packages/airflow/example_dags/tutorial_etl_dag.py
[2021-12-10 08:30:13,662] {logging_mixin.py:109} INFO - [2021-12-10 08:30:13,662] {dag.py:2396} INFO - Sync 1 DAGs
[2021-12-10 08:30:13,682] {logging_mixin.py:109} INFO - [2021-12-10 08:30:13,682] {dag.py:2928} INFO - Setting next_dagrun for tutorial_etl_dag to None
[2021-12-10 08:30:13,693] {processor.py:171} INFO - Processing /home/airflow/.local/lib/python3.7/site-packages/airflow/example_dags/tutorial_etl_dag.py took 0.078 seconds
[2021-12-10 08:30:43,830] {processor.py:163} INFO - Started process (PID=1108) to work on /home/airflow/.local/lib/python3.7/site-packages/airflow/example_dags/tutorial_etl_dag.py
[2021-12-10 08:30:43,832] {processor.py:625} INFO - Processing file /home/airflow/.local/lib/python3.7/site-packages/airflow/example_dags/tutorial_etl_dag.py for tasks to queue
[2021-12-10 08:30:43,833] {logging_mixin.py:109} INFO - [2021-12-10 08:30:43,833] {dagbag.py:500} INFO - Filling up the DagBag from /home/airflow/.local/lib/python3.7/site-packages/airflow/example_dags/tutorial_etl_dag.py
[2021-12-10 08:30:43,863] {processor.py:637} INFO - DAG(s) dict_keys(['tutorial_etl_dag']) retrieved from /home/airflow/.local/lib/python3.7/site-packages/airflow/example_dags/tutorial_etl_dag.py
[2021-12-10 08:30:43,873] {logging_mixin.py:109} INFO - [2021-12-10 08:30:43,873] {dag.py:2396} INFO - Sync 1 DAGs
[2021-12-10 08:30:43,890] {logging_mixin.py:109} INFO - [2021-12-10 08:30:43,890] {dag.py:2928} INFO - Setting next_dagrun for tutorial_etl_dag to None
[2021-12-10 08:30:43,900] {processor.py:171} INFO - Processing /home/airflow/.local/lib/python3.7/site-packages/airflow/example_dags/tutorial_etl_dag.py took 0.074 seconds
[2021-12-10 08:31:14,127] {processor.py:163} INFO - Started process (PID=1160) to work on /home/airflow/.local/lib/python3.7/site-packages/airflow/example_dags/tutorial_etl_dag.py
[2021-12-10 08:31:14,129] {processor.py:625} INFO - Processing file /home/airflow/.local/lib/python3.7/site-packages/airflow/example_dags/tutorial_etl_dag.py for tasks to queue
[2021-12-10 08:31:14,129] {logging_mixin.py:109} INFO - [2021-12-10 08:31:14,129] {dagbag.py:500} INFO - Filling up the DagBag from /home/airflow/.local/lib/python3.7/site-packages/airflow/example_dags/tutorial_etl_dag.py
[2021-12-10 08:31:14,157] {processor.py:637} INFO - DAG(s) dict_keys(['tutorial_etl_dag']) retrieved from /home/airflow/.local/lib/python3.7/site-packages/airflow/example_dags/tutorial_etl_dag.py
[2021-12-10 08:31:14,166] {logging_mixin.py:109} INFO - [2021-12-10 08:31:14,166] {dag.py:2396} INFO - Sync 1 DAGs
[2021-12-10 08:31:14,184] {logging_mixin.py:109} INFO - [2021-12-10 08:31:14,184] {dag.py:2928} INFO - Setting next_dagrun for tutorial_etl_dag to None
[2021-12-10 08:31:14,193] {processor.py:171} INFO - Processing /home/airflow/.local/lib/python3.7/site-packages/airflow/example_dags/tutorial_etl_dag.py took 0.070 seconds
[2021-12-10 08:31:44,284] {processor.py:163} INFO - Started process (PID=1213) to work on /home/airflow/.local/lib/python3.7/site-packages/airflow/example_dags/tutorial_etl_dag.py
[2021-12-10 08:31:44,286] {processor.py:625} INFO - Processing file /home/airflow/.local/lib/python3.7/site-packages/airflow/example_dags/tutorial_etl_dag.py for tasks to queue
[2021-12-10 08:31:44,287] {logging_mixin.py:109} INFO - [2021-12-10 08:31:44,287] {dagbag.py:500} INFO - Filling up the DagBag from /home/airflow/.local/lib/python3.7/site-packages/airflow/example_dags/tutorial_etl_dag.py
[2021-12-10 08:31:44,319] {processor.py:637} INFO - DAG(s) dict_keys(['tutorial_etl_dag']) retrieved from /home/airflow/.local/lib/python3.7/site-packages/airflow/example_dags/tutorial_etl_dag.py
[2021-12-10 08:31:44,329] {logging_mixin.py:109} INFO - [2021-12-10 08:31:44,329] {dag.py:2396} INFO - Sync 1 DAGs
[2021-12-10 08:31:44,347] {logging_mixin.py:109} INFO - [2021-12-10 08:31:44,347] {dag.py:2928} INFO - Setting next_dagrun for tutorial_etl_dag to None
[2021-12-10 08:31:44,360] {processor.py:171} INFO - Processing /home/airflow/.local/lib/python3.7/site-packages/airflow/example_dags/tutorial_etl_dag.py took 0.080 seconds
[2021-12-10 08:32:14,708] {processor.py:163} INFO - Started process (PID=1276) to work on /home/airflow/.local/lib/python3.7/site-packages/airflow/example_dags/tutorial_etl_dag.py
[2021-12-10 08:32:14,710] {processor.py:625} INFO - Processing file /home/airflow/.local/lib/python3.7/site-packages/airflow/example_dags/tutorial_etl_dag.py for tasks to queue
[2021-12-10 08:32:14,710] {logging_mixin.py:109} INFO - [2021-12-10 08:32:14,710] {dagbag.py:500} INFO - Filling up the DagBag from /home/airflow/.local/lib/python3.7/site-packages/airflow/example_dags/tutorial_etl_dag.py
[2021-12-10 08:32:14,738] {processor.py:637} INFO - DAG(s) dict_keys(['tutorial_etl_dag']) retrieved from /home/airflow/.local/lib/python3.7/site-packages/airflow/example_dags/tutorial_etl_dag.py
[2021-12-10 08:32:14,749] {logging_mixin.py:109} INFO - [2021-12-10 08:32:14,749] {dag.py:2396} INFO - Sync 1 DAGs
[2021-12-10 08:32:14,767] {logging_mixin.py:109} INFO - [2021-12-10 08:32:14,767] {dag.py:2928} INFO - Setting next_dagrun for tutorial_etl_dag to None
[2021-12-10 08:32:14,776] {processor.py:171} INFO - Processing /home/airflow/.local/lib/python3.7/site-packages/airflow/example_dags/tutorial_etl_dag.py took 0.072 seconds
[2021-12-10 08:32:45,204] {processor.py:163} INFO - Started process (PID=1328) to work on /home/airflow/.local/lib/python3.7/site-packages/airflow/example_dags/tutorial_etl_dag.py
[2021-12-10 08:32:45,206] {processor.py:625} INFO - Processing file /home/airflow/.local/lib/python3.7/site-packages/airflow/example_dags/tutorial_etl_dag.py for tasks to queue
[2021-12-10 08:32:45,207] {logging_mixin.py:109} INFO - [2021-12-10 08:32:45,207] {dagbag.py:500} INFO - Filling up the DagBag from /home/airflow/.local/lib/python3.7/site-packages/airflow/example_dags/tutorial_etl_dag.py
[2021-12-10 08:32:45,235] {processor.py:637} INFO - DAG(s) dict_keys(['tutorial_etl_dag']) retrieved from /home/airflow/.local/lib/python3.7/site-packages/airflow/example_dags/tutorial_etl_dag.py
[2021-12-10 08:32:45,245] {logging_mixin.py:109} INFO - [2021-12-10 08:32:45,245] {dag.py:2396} INFO - Sync 1 DAGs
[2021-12-10 08:32:45,262] {logging_mixin.py:109} INFO - [2021-12-10 08:32:45,261] {dag.py:2928} INFO - Setting next_dagrun for tutorial_etl_dag to None
[2021-12-10 08:32:45,279] {processor.py:171} INFO - Processing /home/airflow/.local/lib/python3.7/site-packages/airflow/example_dags/tutorial_etl_dag.py took 0.079 seconds
[2021-12-10 08:33:15,353] {processor.py:163} INFO - Started process (PID=1388) to work on /home/airflow/.local/lib/python3.7/site-packages/airflow/example_dags/tutorial_etl_dag.py
[2021-12-10 08:33:15,354] {processor.py:625} INFO - Processing file /home/airflow/.local/lib/python3.7/site-packages/airflow/example_dags/tutorial_etl_dag.py for tasks to queue
[2021-12-10 08:33:15,355] {logging_mixin.py:109} INFO - [2021-12-10 08:33:15,355] {dagbag.py:500} INFO - Filling up the DagBag from /home/airflow/.local/lib/python3.7/site-packages/airflow/example_dags/tutorial_etl_dag.py
[2021-12-10 08:33:15,385] {processor.py:637} INFO - DAG(s) dict_keys(['tutorial_etl_dag']) retrieved from /home/airflow/.local/lib/python3.7/site-packages/airflow/example_dags/tutorial_etl_dag.py
[2021-12-10 08:33:15,396] {logging_mixin.py:109} INFO - [2021-12-10 08:33:15,396] {dag.py:2396} INFO - Sync 1 DAGs
[2021-12-10 08:33:15,415] {logging_mixin.py:109} INFO - [2021-12-10 08:33:15,415] {dag.py:2928} INFO - Setting next_dagrun for tutorial_etl_dag to None
[2021-12-10 08:33:15,427] {processor.py:171} INFO - Processing /home/airflow/.local/lib/python3.7/site-packages/airflow/example_dags/tutorial_etl_dag.py took 0.078 seconds
[2021-12-10 08:33:45,542] {processor.py:163} INFO - Started process (PID=1440) to work on /home/airflow/.local/lib/python3.7/site-packages/airflow/example_dags/tutorial_etl_dag.py
[2021-12-10 08:33:45,543] {processor.py:625} INFO - Processing file /home/airflow/.local/lib/python3.7/site-packages/airflow/example_dags/tutorial_etl_dag.py for tasks to queue
[2021-12-10 08:33:45,544] {logging_mixin.py:109} INFO - [2021-12-10 08:33:45,544] {dagbag.py:500} INFO - Filling up the DagBag from /home/airflow/.local/lib/python3.7/site-packages/airflow/example_dags/tutorial_etl_dag.py
[2021-12-10 08:33:45,571] {processor.py:637} INFO - DAG(s) dict_keys(['tutorial_etl_dag']) retrieved from /home/airflow/.local/lib/python3.7/site-packages/airflow/example_dags/tutorial_etl_dag.py
[2021-12-10 08:33:45,580] {logging_mixin.py:109} INFO - [2021-12-10 08:33:45,580] {dag.py:2396} INFO - Sync 1 DAGs
[2021-12-10 08:33:45,596] {logging_mixin.py:109} INFO - [2021-12-10 08:33:45,596] {dag.py:2928} INFO - Setting next_dagrun for tutorial_etl_dag to None
[2021-12-10 08:33:45,606] {processor.py:171} INFO - Processing /home/airflow/.local/lib/python3.7/site-packages/airflow/example_dags/tutorial_etl_dag.py took 0.068 seconds
[2021-12-10 08:34:15,708] {processor.py:163} INFO - Started process (PID=1493) to work on /home/airflow/.local/lib/python3.7/site-packages/airflow/example_dags/tutorial_etl_dag.py
[2021-12-10 08:34:15,710] {processor.py:625} INFO - Processing file /home/airflow/.local/lib/python3.7/site-packages/airflow/example_dags/tutorial_etl_dag.py for tasks to queue
[2021-12-10 08:34:15,710] {logging_mixin.py:109} INFO - [2021-12-10 08:34:15,710] {dagbag.py:500} INFO - Filling up the DagBag from /home/airflow/.local/lib/python3.7/site-packages/airflow/example_dags/tutorial_etl_dag.py
[2021-12-10 08:34:15,738] {processor.py:637} INFO - DAG(s) dict_keys(['tutorial_etl_dag']) retrieved from /home/airflow/.local/lib/python3.7/site-packages/airflow/example_dags/tutorial_etl_dag.py
[2021-12-10 08:34:15,748] {logging_mixin.py:109} INFO - [2021-12-10 08:34:15,748] {dag.py:2396} INFO - Sync 1 DAGs
[2021-12-10 08:34:15,765] {logging_mixin.py:109} INFO - [2021-12-10 08:34:15,764] {dag.py:2928} INFO - Setting next_dagrun for tutorial_etl_dag to None
[2021-12-10 08:34:15,773] {processor.py:171} INFO - Processing /home/airflow/.local/lib/python3.7/site-packages/airflow/example_dags/tutorial_etl_dag.py took 0.069 seconds
[2021-12-10 08:34:46,148] {processor.py:163} INFO - Started process (PID=1554) to work on /home/airflow/.local/lib/python3.7/site-packages/airflow/example_dags/tutorial_etl_dag.py
[2021-12-10 08:34:46,150] {processor.py:625} INFO - Processing file /home/airflow/.local/lib/python3.7/site-packages/airflow/example_dags/tutorial_etl_dag.py for tasks to queue
[2021-12-10 08:34:46,151] {logging_mixin.py:109} INFO - [2021-12-10 08:34:46,151] {dagbag.py:500} INFO - Filling up the DagBag from /home/airflow/.local/lib/python3.7/site-packages/airflow/example_dags/tutorial_etl_dag.py
[2021-12-10 08:34:46,182] {processor.py:637} INFO - DAG(s) dict_keys(['tutorial_etl_dag']) retrieved from /home/airflow/.local/lib/python3.7/site-packages/airflow/example_dags/tutorial_etl_dag.py
[2021-12-10 08:34:46,191] {logging_mixin.py:109} INFO - [2021-12-10 08:34:46,191] {dag.py:2396} INFO - Sync 1 DAGs
[2021-12-10 08:34:46,208] {logging_mixin.py:109} INFO - [2021-12-10 08:34:46,208] {dag.py:2928} INFO - Setting next_dagrun for tutorial_etl_dag to None
[2021-12-10 08:34:46,223] {processor.py:171} INFO - Processing /home/airflow/.local/lib/python3.7/site-packages/airflow/example_dags/tutorial_etl_dag.py took 0.079 seconds
[2021-12-10 08:35:16,318] {processor.py:163} INFO - Started process (PID=1607) to work on /home/airflow/.local/lib/python3.7/site-packages/airflow/example_dags/tutorial_etl_dag.py
[2021-12-10 08:35:16,324] {processor.py:625} INFO - Processing file /home/airflow/.local/lib/python3.7/site-packages/airflow/example_dags/tutorial_etl_dag.py for tasks to queue
[2021-12-10 08:35:16,324] {logging_mixin.py:109} INFO - [2021-12-10 08:35:16,324] {dagbag.py:500} INFO - Filling up the DagBag from /home/airflow/.local/lib/python3.7/site-packages/airflow/example_dags/tutorial_etl_dag.py
[2021-12-10 08:35:16,353] {processor.py:637} INFO - DAG(s) dict_keys(['tutorial_etl_dag']) retrieved from /home/airflow/.local/lib/python3.7/site-packages/airflow/example_dags/tutorial_etl_dag.py
[2021-12-10 08:35:16,363] {logging_mixin.py:109} INFO - [2021-12-10 08:35:16,363] {dag.py:2396} INFO - Sync 1 DAGs
[2021-12-10 08:35:16,379] {logging_mixin.py:109} INFO - [2021-12-10 08:35:16,379] {dag.py:2928} INFO - Setting next_dagrun for tutorial_etl_dag to None
[2021-12-10 08:35:16,388] {processor.py:171} INFO - Processing /home/airflow/.local/lib/python3.7/site-packages/airflow/example_dags/tutorial_etl_dag.py took 0.074 seconds
[2021-12-10 08:35:46,946] {processor.py:163} INFO - Started process (PID=1670) to work on /home/airflow/.local/lib/python3.7/site-packages/airflow/example_dags/tutorial_etl_dag.py
[2021-12-10 08:35:46,948] {processor.py:625} INFO - Processing file /home/airflow/.local/lib/python3.7/site-packages/airflow/example_dags/tutorial_etl_dag.py for tasks to queue
[2021-12-10 08:35:46,949] {logging_mixin.py:109} INFO - [2021-12-10 08:35:46,948] {dagbag.py:500} INFO - Filling up the DagBag from /home/airflow/.local/lib/python3.7/site-packages/airflow/example_dags/tutorial_etl_dag.py
[2021-12-10 08:35:46,976] {processor.py:637} INFO - DAG(s) dict_keys(['tutorial_etl_dag']) retrieved from /home/airflow/.local/lib/python3.7/site-packages/airflow/example_dags/tutorial_etl_dag.py
[2021-12-10 08:35:46,986] {logging_mixin.py:109} INFO - [2021-12-10 08:35:46,986] {dag.py:2396} INFO - Sync 1 DAGs
[2021-12-10 08:35:47,001] {logging_mixin.py:109} INFO - [2021-12-10 08:35:47,001] {dag.py:2928} INFO - Setting next_dagrun for tutorial_etl_dag to None
[2021-12-10 08:35:47,011] {processor.py:171} INFO - Processing /home/airflow/.local/lib/python3.7/site-packages/airflow/example_dags/tutorial_etl_dag.py took 0.068 seconds
[2021-12-10 08:36:17,072] {processor.py:163} INFO - Started process (PID=1723) to work on /home/airflow/.local/lib/python3.7/site-packages/airflow/example_dags/tutorial_etl_dag.py
[2021-12-10 08:36:17,073] {processor.py:625} INFO - Processing file /home/airflow/.local/lib/python3.7/site-packages/airflow/example_dags/tutorial_etl_dag.py for tasks to queue
[2021-12-10 08:36:17,074] {logging_mixin.py:109} INFO - [2021-12-10 08:36:17,074] {dagbag.py:500} INFO - Filling up the DagBag from /home/airflow/.local/lib/python3.7/site-packages/airflow/example_dags/tutorial_etl_dag.py
[2021-12-10 08:36:17,100] {processor.py:637} INFO - DAG(s) dict_keys(['tutorial_etl_dag']) retrieved from /home/airflow/.local/lib/python3.7/site-packages/airflow/example_dags/tutorial_etl_dag.py
[2021-12-10 08:36:17,109] {logging_mixin.py:109} INFO - [2021-12-10 08:36:17,109] {dag.py:2396} INFO - Sync 1 DAGs
[2021-12-10 08:36:17,124] {logging_mixin.py:109} INFO - [2021-12-10 08:36:17,124] {dag.py:2928} INFO - Setting next_dagrun for tutorial_etl_dag to None
[2021-12-10 08:36:17,133] {processor.py:171} INFO - Processing /home/airflow/.local/lib/python3.7/site-packages/airflow/example_dags/tutorial_etl_dag.py took 0.065 seconds
[2021-12-10 08:36:47,521] {processor.py:163} INFO - Started process (PID=1785) to work on /home/airflow/.local/lib/python3.7/site-packages/airflow/example_dags/tutorial_etl_dag.py
[2021-12-10 08:36:47,523] {processor.py:625} INFO - Processing file /home/airflow/.local/lib/python3.7/site-packages/airflow/example_dags/tutorial_etl_dag.py for tasks to queue
[2021-12-10 08:36:47,524] {logging_mixin.py:109} INFO - [2021-12-10 08:36:47,524] {dagbag.py:500} INFO - Filling up the DagBag from /home/airflow/.local/lib/python3.7/site-packages/airflow/example_dags/tutorial_etl_dag.py
[2021-12-10 08:36:47,551] {processor.py:637} INFO - DAG(s) dict_keys(['tutorial_etl_dag']) retrieved from /home/airflow/.local/lib/python3.7/site-packages/airflow/example_dags/tutorial_etl_dag.py
[2021-12-10 08:36:47,561] {logging_mixin.py:109} INFO - [2021-12-10 08:36:47,561] {dag.py:2396} INFO - Sync 1 DAGs
[2021-12-10 08:36:47,577] {logging_mixin.py:109} INFO - [2021-12-10 08:36:47,577] {dag.py:2928} INFO - Setting next_dagrun for tutorial_etl_dag to None
[2021-12-10 08:36:47,587] {processor.py:171} INFO - Processing /home/airflow/.local/lib/python3.7/site-packages/airflow/example_dags/tutorial_etl_dag.py took 0.069 seconds
[2021-12-10 08:37:17,645] {processor.py:163} INFO - Started process (PID=1838) to work on /home/airflow/.local/lib/python3.7/site-packages/airflow/example_dags/tutorial_etl_dag.py
[2021-12-10 08:37:17,646] {processor.py:625} INFO - Processing file /home/airflow/.local/lib/python3.7/site-packages/airflow/example_dags/tutorial_etl_dag.py for tasks to queue
[2021-12-10 08:37:17,646] {logging_mixin.py:109} INFO - [2021-12-10 08:37:17,646] {dagbag.py:500} INFO - Filling up the DagBag from /home/airflow/.local/lib/python3.7/site-packages/airflow/example_dags/tutorial_etl_dag.py
[2021-12-10 08:37:17,674] {processor.py:637} INFO - DAG(s) dict_keys(['tutorial_etl_dag']) retrieved from /home/airflow/.local/lib/python3.7/site-packages/airflow/example_dags/tutorial_etl_dag.py
[2021-12-10 08:37:17,685] {logging_mixin.py:109} INFO - [2021-12-10 08:37:17,685] {dag.py:2396} INFO - Sync 1 DAGs
[2021-12-10 08:37:17,704] {logging_mixin.py:109} INFO - [2021-12-10 08:37:17,703] {dag.py:2928} INFO - Setting next_dagrun for tutorial_etl_dag to None
[2021-12-10 08:37:17,713] {processor.py:171} INFO - Processing /home/airflow/.local/lib/python3.7/site-packages/airflow/example_dags/tutorial_etl_dag.py took 0.072 seconds
[2021-12-10 08:37:47,890] {processor.py:163} INFO - Started process (PID=1891) to work on /home/airflow/.local/lib/python3.7/site-packages/airflow/example_dags/tutorial_etl_dag.py
[2021-12-10 08:37:47,891] {processor.py:625} INFO - Processing file /home/airflow/.local/lib/python3.7/site-packages/airflow/example_dags/tutorial_etl_dag.py for tasks to queue
[2021-12-10 08:37:47,892] {logging_mixin.py:109} INFO - [2021-12-10 08:37:47,892] {dagbag.py:500} INFO - Filling up the DagBag from /home/airflow/.local/lib/python3.7/site-packages/airflow/example_dags/tutorial_etl_dag.py
[2021-12-10 08:37:47,921] {processor.py:637} INFO - DAG(s) dict_keys(['tutorial_etl_dag']) retrieved from /home/airflow/.local/lib/python3.7/site-packages/airflow/example_dags/tutorial_etl_dag.py
[2021-12-10 08:37:47,932] {logging_mixin.py:109} INFO - [2021-12-10 08:37:47,932] {dag.py:2396} INFO - Sync 1 DAGs
[2021-12-10 08:37:47,949] {logging_mixin.py:109} INFO - [2021-12-10 08:37:47,949] {dag.py:2928} INFO - Setting next_dagrun for tutorial_etl_dag to None
[2021-12-10 08:37:47,959] {processor.py:171} INFO - Processing /home/airflow/.local/lib/python3.7/site-packages/airflow/example_dags/tutorial_etl_dag.py took 0.072 seconds
[2021-12-10 08:38:18,308] {processor.py:163} INFO - Started process (PID=1952) to work on /home/airflow/.local/lib/python3.7/site-packages/airflow/example_dags/tutorial_etl_dag.py
[2021-12-10 08:38:18,310] {processor.py:625} INFO - Processing file /home/airflow/.local/lib/python3.7/site-packages/airflow/example_dags/tutorial_etl_dag.py for tasks to queue
[2021-12-10 08:38:18,310] {logging_mixin.py:109} INFO - [2021-12-10 08:38:18,310] {dagbag.py:500} INFO - Filling up the DagBag from /home/airflow/.local/lib/python3.7/site-packages/airflow/example_dags/tutorial_etl_dag.py
[2021-12-10 08:38:18,340] {processor.py:637} INFO - DAG(s) dict_keys(['tutorial_etl_dag']) retrieved from /home/airflow/.local/lib/python3.7/site-packages/airflow/example_dags/tutorial_etl_dag.py
[2021-12-10 08:38:18,350] {logging_mixin.py:109} INFO - [2021-12-10 08:38:18,350] {dag.py:2396} INFO - Sync 1 DAGs
[2021-12-10 08:38:18,367] {logging_mixin.py:109} INFO - [2021-12-10 08:38:18,367] {dag.py:2928} INFO - Setting next_dagrun for tutorial_etl_dag to None
[2021-12-10 08:38:18,376] {processor.py:171} INFO - Processing /home/airflow/.local/lib/python3.7/site-packages/airflow/example_dags/tutorial_etl_dag.py took 0.073 seconds
[2021-12-10 08:38:48,615] {processor.py:163} INFO - Started process (PID=2004) to work on /home/airflow/.local/lib/python3.7/site-packages/airflow/example_dags/tutorial_etl_dag.py
[2021-12-10 08:38:48,617] {processor.py:625} INFO - Processing file /home/airflow/.local/lib/python3.7/site-packages/airflow/example_dags/tutorial_etl_dag.py for tasks to queue
[2021-12-10 08:38:48,617] {logging_mixin.py:109} INFO - [2021-12-10 08:38:48,617] {dagbag.py:500} INFO - Filling up the DagBag from /home/airflow/.local/lib/python3.7/site-packages/airflow/example_dags/tutorial_etl_dag.py
[2021-12-10 08:38:48,647] {processor.py:637} INFO - DAG(s) dict_keys(['tutorial_etl_dag']) retrieved from /home/airflow/.local/lib/python3.7/site-packages/airflow/example_dags/tutorial_etl_dag.py
[2021-12-10 08:38:48,657] {logging_mixin.py:109} INFO - [2021-12-10 08:38:48,657] {dag.py:2396} INFO - Sync 1 DAGs
[2021-12-10 08:38:48,673] {logging_mixin.py:109} INFO - [2021-12-10 08:38:48,673] {dag.py:2928} INFO - Setting next_dagrun for tutorial_etl_dag to None
[2021-12-10 08:38:48,682] {processor.py:171} INFO - Processing /home/airflow/.local/lib/python3.7/site-packages/airflow/example_dags/tutorial_etl_dag.py took 0.072 seconds
[2021-12-10 08:39:18,883] {processor.py:163} INFO - Started process (PID=2056) to work on /home/airflow/.local/lib/python3.7/site-packages/airflow/example_dags/tutorial_etl_dag.py
[2021-12-10 08:39:18,884] {processor.py:625} INFO - Processing file /home/airflow/.local/lib/python3.7/site-packages/airflow/example_dags/tutorial_etl_dag.py for tasks to queue
[2021-12-10 08:39:18,885] {logging_mixin.py:109} INFO - [2021-12-10 08:39:18,885] {dagbag.py:500} INFO - Filling up the DagBag from /home/airflow/.local/lib/python3.7/site-packages/airflow/example_dags/tutorial_etl_dag.py
[2021-12-10 08:39:18,914] {processor.py:637} INFO - DAG(s) dict_keys(['tutorial_etl_dag']) retrieved from /home/airflow/.local/lib/python3.7/site-packages/airflow/example_dags/tutorial_etl_dag.py
[2021-12-10 08:39:18,924] {logging_mixin.py:109} INFO - [2021-12-10 08:39:18,924] {dag.py:2396} INFO - Sync 1 DAGs
[2021-12-10 08:39:18,942] {logging_mixin.py:109} INFO - [2021-12-10 08:39:18,942] {dag.py:2928} INFO - Setting next_dagrun for tutorial_etl_dag to None
[2021-12-10 08:39:18,954] {processor.py:171} INFO - Processing /home/airflow/.local/lib/python3.7/site-packages/airflow/example_dags/tutorial_etl_dag.py took 0.075 seconds
[2021-12-10 08:39:49,047] {processor.py:163} INFO - Started process (PID=2119) to work on /home/airflow/.local/lib/python3.7/site-packages/airflow/example_dags/tutorial_etl_dag.py
[2021-12-10 08:39:49,049] {processor.py:625} INFO - Processing file /home/airflow/.local/lib/python3.7/site-packages/airflow/example_dags/tutorial_etl_dag.py for tasks to queue
[2021-12-10 08:39:49,049] {logging_mixin.py:109} INFO - [2021-12-10 08:39:49,049] {dagbag.py:500} INFO - Filling up the DagBag from /home/airflow/.local/lib/python3.7/site-packages/airflow/example_dags/tutorial_etl_dag.py
[2021-12-10 08:39:49,077] {processor.py:637} INFO - DAG(s) dict_keys(['tutorial_etl_dag']) retrieved from /home/airflow/.local/lib/python3.7/site-packages/airflow/example_dags/tutorial_etl_dag.py
[2021-12-10 08:39:49,086] {logging_mixin.py:109} INFO - [2021-12-10 08:39:49,086] {dag.py:2396} INFO - Sync 1 DAGs
[2021-12-10 08:39:49,103] {logging_mixin.py:109} INFO - [2021-12-10 08:39:49,103] {dag.py:2928} INFO - Setting next_dagrun for tutorial_etl_dag to None
[2021-12-10 08:39:49,112] {processor.py:171} INFO - Processing /home/airflow/.local/lib/python3.7/site-packages/airflow/example_dags/tutorial_etl_dag.py took 0.068 seconds
[2021-12-10 08:40:19,785] {processor.py:163} INFO - Started process (PID=2170) to work on /home/airflow/.local/lib/python3.7/site-packages/airflow/example_dags/tutorial_etl_dag.py
[2021-12-10 08:40:19,786] {processor.py:625} INFO - Processing file /home/airflow/.local/lib/python3.7/site-packages/airflow/example_dags/tutorial_etl_dag.py for tasks to queue
[2021-12-10 08:40:19,787] {logging_mixin.py:109} INFO - [2021-12-10 08:40:19,787] {dagbag.py:500} INFO - Filling up the DagBag from /home/airflow/.local/lib/python3.7/site-packages/airflow/example_dags/tutorial_etl_dag.py
[2021-12-10 08:40:19,817] {processor.py:637} INFO - DAG(s) dict_keys(['tutorial_etl_dag']) retrieved from /home/airflow/.local/lib/python3.7/site-packages/airflow/example_dags/tutorial_etl_dag.py
[2021-12-10 08:40:19,827] {logging_mixin.py:109} INFO - [2021-12-10 08:40:19,827] {dag.py:2396} INFO - Sync 1 DAGs
[2021-12-10 08:40:19,844] {logging_mixin.py:109} INFO - [2021-12-10 08:40:19,844] {dag.py:2928} INFO - Setting next_dagrun for tutorial_etl_dag to None
[2021-12-10 08:40:19,854] {processor.py:171} INFO - Processing /home/airflow/.local/lib/python3.7/site-packages/airflow/example_dags/tutorial_etl_dag.py took 0.074 seconds
[2021-12-10 08:40:50,109] {processor.py:163} INFO - Started process (PID=2231) to work on /home/airflow/.local/lib/python3.7/site-packages/airflow/example_dags/tutorial_etl_dag.py
[2021-12-10 08:40:50,111] {processor.py:625} INFO - Processing file /home/airflow/.local/lib/python3.7/site-packages/airflow/example_dags/tutorial_etl_dag.py for tasks to queue
[2021-12-10 08:40:50,112] {logging_mixin.py:109} INFO - [2021-12-10 08:40:50,112] {dagbag.py:500} INFO - Filling up the DagBag from /home/airflow/.local/lib/python3.7/site-packages/airflow/example_dags/tutorial_etl_dag.py
[2021-12-10 08:40:50,144] {processor.py:637} INFO - DAG(s) dict_keys(['tutorial_etl_dag']) retrieved from /home/airflow/.local/lib/python3.7/site-packages/airflow/example_dags/tutorial_etl_dag.py
[2021-12-10 08:40:50,158] {logging_mixin.py:109} INFO - [2021-12-10 08:40:50,157] {dag.py:2396} INFO - Sync 1 DAGs
[2021-12-10 08:40:50,178] {logging_mixin.py:109} INFO - [2021-12-10 08:40:50,178] {dag.py:2928} INFO - Setting next_dagrun for tutorial_etl_dag to None
[2021-12-10 08:40:50,190] {processor.py:171} INFO - Processing /home/airflow/.local/lib/python3.7/site-packages/airflow/example_dags/tutorial_etl_dag.py took 0.085 seconds
[2021-12-10 08:41:20,277] {processor.py:163} INFO - Started process (PID=2284) to work on /home/airflow/.local/lib/python3.7/site-packages/airflow/example_dags/tutorial_etl_dag.py
[2021-12-10 08:41:20,279] {processor.py:625} INFO - Processing file /home/airflow/.local/lib/python3.7/site-packages/airflow/example_dags/tutorial_etl_dag.py for tasks to queue
[2021-12-10 08:41:20,280] {logging_mixin.py:109} INFO - [2021-12-10 08:41:20,280] {dagbag.py:500} INFO - Filling up the DagBag from /home/airflow/.local/lib/python3.7/site-packages/airflow/example_dags/tutorial_etl_dag.py
[2021-12-10 08:41:20,306] {processor.py:637} INFO - DAG(s) dict_keys(['tutorial_etl_dag']) retrieved from /home/airflow/.local/lib/python3.7/site-packages/airflow/example_dags/tutorial_etl_dag.py
[2021-12-10 08:41:20,315] {logging_mixin.py:109} INFO - [2021-12-10 08:41:20,315] {dag.py:2396} INFO - Sync 1 DAGs
[2021-12-10 08:41:20,331] {logging_mixin.py:109} INFO - [2021-12-10 08:41:20,331] {dag.py:2928} INFO - Setting next_dagrun for tutorial_etl_dag to None
[2021-12-10 08:41:20,341] {processor.py:171} INFO - Processing /home/airflow/.local/lib/python3.7/site-packages/airflow/example_dags/tutorial_etl_dag.py took 0.067 seconds
[2021-12-10 08:41:50,657] {processor.py:163} INFO - Started process (PID=2337) to work on /home/airflow/.local/lib/python3.7/site-packages/airflow/example_dags/tutorial_etl_dag.py
[2021-12-10 08:41:50,658] {processor.py:625} INFO - Processing file /home/airflow/.local/lib/python3.7/site-packages/airflow/example_dags/tutorial_etl_dag.py for tasks to queue
[2021-12-10 08:41:50,659] {logging_mixin.py:109} INFO - [2021-12-10 08:41:50,659] {dagbag.py:500} INFO - Filling up the DagBag from /home/airflow/.local/lib/python3.7/site-packages/airflow/example_dags/tutorial_etl_dag.py
[2021-12-10 08:41:50,687] {processor.py:637} INFO - DAG(s) dict_keys(['tutorial_etl_dag']) retrieved from /home/airflow/.local/lib/python3.7/site-packages/airflow/example_dags/tutorial_etl_dag.py
[2021-12-10 08:41:50,700] {logging_mixin.py:109} INFO - [2021-12-10 08:41:50,700] {dag.py:2396} INFO - Sync 1 DAGs
[2021-12-10 08:41:50,720] {logging_mixin.py:109} INFO - [2021-12-10 08:41:50,720] {dag.py:2928} INFO - Setting next_dagrun for tutorial_etl_dag to None
[2021-12-10 08:41:50,733] {processor.py:171} INFO - Processing /home/airflow/.local/lib/python3.7/site-packages/airflow/example_dags/tutorial_etl_dag.py took 0.080 seconds
[2021-12-10 08:42:21,096] {processor.py:163} INFO - Started process (PID=2400) to work on /home/airflow/.local/lib/python3.7/site-packages/airflow/example_dags/tutorial_etl_dag.py
[2021-12-10 08:42:21,097] {processor.py:625} INFO - Processing file /home/airflow/.local/lib/python3.7/site-packages/airflow/example_dags/tutorial_etl_dag.py for tasks to queue
[2021-12-10 08:42:21,098] {logging_mixin.py:109} INFO - [2021-12-10 08:42:21,097] {dagbag.py:500} INFO - Filling up the DagBag from /home/airflow/.local/lib/python3.7/site-packages/airflow/example_dags/tutorial_etl_dag.py
[2021-12-10 08:42:21,125] {processor.py:637} INFO - DAG(s) dict_keys(['tutorial_etl_dag']) retrieved from /home/airflow/.local/lib/python3.7/site-packages/airflow/example_dags/tutorial_etl_dag.py
[2021-12-10 08:42:21,135] {logging_mixin.py:109} INFO - [2021-12-10 08:42:21,135] {dag.py:2396} INFO - Sync 1 DAGs
[2021-12-10 08:42:21,151] {logging_mixin.py:109} INFO - [2021-12-10 08:42:21,151] {dag.py:2928} INFO - Setting next_dagrun for tutorial_etl_dag to None
[2021-12-10 08:42:21,160] {processor.py:171} INFO - Processing /home/airflow/.local/lib/python3.7/site-packages/airflow/example_dags/tutorial_etl_dag.py took 0.067 seconds
[2021-12-10 08:42:51,250] {processor.py:163} INFO - Started process (PID=2452) to work on /home/airflow/.local/lib/python3.7/site-packages/airflow/example_dags/tutorial_etl_dag.py
[2021-12-10 08:42:51,251] {processor.py:625} INFO - Processing file /home/airflow/.local/lib/python3.7/site-packages/airflow/example_dags/tutorial_etl_dag.py for tasks to queue
[2021-12-10 08:42:51,252] {logging_mixin.py:109} INFO - [2021-12-10 08:42:51,252] {dagbag.py:500} INFO - Filling up the DagBag from /home/airflow/.local/lib/python3.7/site-packages/airflow/example_dags/tutorial_etl_dag.py
[2021-12-10 08:42:51,278] {processor.py:637} INFO - DAG(s) dict_keys(['tutorial_etl_dag']) retrieved from /home/airflow/.local/lib/python3.7/site-packages/airflow/example_dags/tutorial_etl_dag.py
[2021-12-10 08:42:51,289] {logging_mixin.py:109} INFO - [2021-12-10 08:42:51,289] {dag.py:2396} INFO - Sync 1 DAGs
[2021-12-10 08:42:51,305] {logging_mixin.py:109} INFO - [2021-12-10 08:42:51,305] {dag.py:2928} INFO - Setting next_dagrun for tutorial_etl_dag to None
[2021-12-10 08:42:51,316] {processor.py:171} INFO - Processing /home/airflow/.local/lib/python3.7/site-packages/airflow/example_dags/tutorial_etl_dag.py took 0.070 seconds
[2021-12-10 08:43:21,608] {processor.py:163} INFO - Started process (PID=2514) to work on /home/airflow/.local/lib/python3.7/site-packages/airflow/example_dags/tutorial_etl_dag.py
[2021-12-10 08:43:21,610] {processor.py:625} INFO - Processing file /home/airflow/.local/lib/python3.7/site-packages/airflow/example_dags/tutorial_etl_dag.py for tasks to queue
[2021-12-10 08:43:21,611] {logging_mixin.py:109} INFO - [2021-12-10 08:43:21,611] {dagbag.py:500} INFO - Filling up the DagBag from /home/airflow/.local/lib/python3.7/site-packages/airflow/example_dags/tutorial_etl_dag.py
[2021-12-10 08:43:21,640] {processor.py:637} INFO - DAG(s) dict_keys(['tutorial_etl_dag']) retrieved from /home/airflow/.local/lib/python3.7/site-packages/airflow/example_dags/tutorial_etl_dag.py
[2021-12-10 08:43:21,650] {logging_mixin.py:109} INFO - [2021-12-10 08:43:21,650] {dag.py:2396} INFO - Sync 1 DAGs
[2021-12-10 08:43:21,667] {logging_mixin.py:109} INFO - [2021-12-10 08:43:21,667] {dag.py:2928} INFO - Setting next_dagrun for tutorial_etl_dag to None
[2021-12-10 08:43:21,677] {processor.py:171} INFO - Processing /home/airflow/.local/lib/python3.7/site-packages/airflow/example_dags/tutorial_etl_dag.py took 0.072 seconds
[2021-12-10 08:43:51,788] {processor.py:163} INFO - Started process (PID=2565) to work on /home/airflow/.local/lib/python3.7/site-packages/airflow/example_dags/tutorial_etl_dag.py
[2021-12-10 08:43:51,789] {processor.py:625} INFO - Processing file /home/airflow/.local/lib/python3.7/site-packages/airflow/example_dags/tutorial_etl_dag.py for tasks to queue
[2021-12-10 08:43:51,790] {logging_mixin.py:109} INFO - [2021-12-10 08:43:51,790] {dagbag.py:500} INFO - Filling up the DagBag from /home/airflow/.local/lib/python3.7/site-packages/airflow/example_dags/tutorial_etl_dag.py
[2021-12-10 08:43:51,819] {processor.py:637} INFO - DAG(s) dict_keys(['tutorial_etl_dag']) retrieved from /home/airflow/.local/lib/python3.7/site-packages/airflow/example_dags/tutorial_etl_dag.py
[2021-12-10 08:43:51,831] {logging_mixin.py:109} INFO - [2021-12-10 08:43:51,831] {dag.py:2396} INFO - Sync 1 DAGs
[2021-12-10 08:43:51,848] {logging_mixin.py:109} INFO - [2021-12-10 08:43:51,848] {dag.py:2928} INFO - Setting next_dagrun for tutorial_etl_dag to None
[2021-12-10 08:43:51,867] {processor.py:171} INFO - Processing /home/airflow/.local/lib/python3.7/site-packages/airflow/example_dags/tutorial_etl_dag.py took 0.083 seconds
[2021-12-10 08:44:22,043] {processor.py:163} INFO - Started process (PID=2625) to work on /home/airflow/.local/lib/python3.7/site-packages/airflow/example_dags/tutorial_etl_dag.py
[2021-12-10 08:44:22,045] {processor.py:625} INFO - Processing file /home/airflow/.local/lib/python3.7/site-packages/airflow/example_dags/tutorial_etl_dag.py for tasks to queue
[2021-12-10 08:44:22,046] {logging_mixin.py:109} INFO - [2021-12-10 08:44:22,046] {dagbag.py:500} INFO - Filling up the DagBag from /home/airflow/.local/lib/python3.7/site-packages/airflow/example_dags/tutorial_etl_dag.py
[2021-12-10 08:44:22,082] {processor.py:637} INFO - DAG(s) dict_keys(['tutorial_etl_dag']) retrieved from /home/airflow/.local/lib/python3.7/site-packages/airflow/example_dags/tutorial_etl_dag.py
[2021-12-10 08:44:22,092] {logging_mixin.py:109} INFO - [2021-12-10 08:44:22,092] {dag.py:2396} INFO - Sync 1 DAGs
[2021-12-10 08:44:22,108] {logging_mixin.py:109} INFO - [2021-12-10 08:44:22,107] {dag.py:2928} INFO - Setting next_dagrun for tutorial_etl_dag to None
[2021-12-10 08:44:22,119] {processor.py:171} INFO - Processing /home/airflow/.local/lib/python3.7/site-packages/airflow/example_dags/tutorial_etl_dag.py took 0.082 seconds
[2021-12-10 08:44:52,180] {processor.py:163} INFO - Started process (PID=2681) to work on /home/airflow/.local/lib/python3.7/site-packages/airflow/example_dags/tutorial_etl_dag.py
[2021-12-10 08:44:52,182] {processor.py:625} INFO - Processing file /home/airflow/.local/lib/python3.7/site-packages/airflow/example_dags/tutorial_etl_dag.py for tasks to queue
[2021-12-10 08:44:52,182] {logging_mixin.py:109} INFO - [2021-12-10 08:44:52,182] {dagbag.py:500} INFO - Filling up the DagBag from /home/airflow/.local/lib/python3.7/site-packages/airflow/example_dags/tutorial_etl_dag.py
[2021-12-10 08:44:52,210] {processor.py:637} INFO - DAG(s) dict_keys(['tutorial_etl_dag']) retrieved from /home/airflow/.local/lib/python3.7/site-packages/airflow/example_dags/tutorial_etl_dag.py
[2021-12-10 08:44:52,220] {logging_mixin.py:109} INFO - [2021-12-10 08:44:52,220] {dag.py:2396} INFO - Sync 1 DAGs
[2021-12-10 08:44:52,235] {logging_mixin.py:109} INFO - [2021-12-10 08:44:52,235] {dag.py:2928} INFO - Setting next_dagrun for tutorial_etl_dag to None
[2021-12-10 08:44:52,245] {processor.py:171} INFO - Processing /home/airflow/.local/lib/python3.7/site-packages/airflow/example_dags/tutorial_etl_dag.py took 0.069 seconds
[2021-12-10 08:45:22,391] {processor.py:163} INFO - Started process (PID=2734) to work on /home/airflow/.local/lib/python3.7/site-packages/airflow/example_dags/tutorial_etl_dag.py
[2021-12-10 08:45:22,392] {processor.py:625} INFO - Processing file /home/airflow/.local/lib/python3.7/site-packages/airflow/example_dags/tutorial_etl_dag.py for tasks to queue
[2021-12-10 08:45:22,393] {logging_mixin.py:109} INFO - [2021-12-10 08:45:22,393] {dagbag.py:500} INFO - Filling up the DagBag from /home/airflow/.local/lib/python3.7/site-packages/airflow/example_dags/tutorial_etl_dag.py
[2021-12-10 08:45:22,424] {processor.py:637} INFO - DAG(s) dict_keys(['tutorial_etl_dag']) retrieved from /home/airflow/.local/lib/python3.7/site-packages/airflow/example_dags/tutorial_etl_dag.py
[2021-12-10 08:45:22,436] {logging_mixin.py:109} INFO - [2021-12-10 08:45:22,436] {dag.py:2396} INFO - Sync 1 DAGs
[2021-12-10 08:45:22,456] {logging_mixin.py:109} INFO - [2021-12-10 08:45:22,455] {dag.py:2928} INFO - Setting next_dagrun for tutorial_etl_dag to None
[2021-12-10 08:45:22,465] {processor.py:171} INFO - Processing /home/airflow/.local/lib/python3.7/site-packages/airflow/example_dags/tutorial_etl_dag.py took 0.078 seconds
[2021-12-10 08:45:52,956] {processor.py:163} INFO - Started process (PID=2795) to work on /home/airflow/.local/lib/python3.7/site-packages/airflow/example_dags/tutorial_etl_dag.py
[2021-12-10 08:45:52,958] {processor.py:625} INFO - Processing file /home/airflow/.local/lib/python3.7/site-packages/airflow/example_dags/tutorial_etl_dag.py for tasks to queue
[2021-12-10 08:45:52,958] {logging_mixin.py:109} INFO - [2021-12-10 08:45:52,958] {dagbag.py:500} INFO - Filling up the DagBag from /home/airflow/.local/lib/python3.7/site-packages/airflow/example_dags/tutorial_etl_dag.py
[2021-12-10 08:45:52,986] {processor.py:637} INFO - DAG(s) dict_keys(['tutorial_etl_dag']) retrieved from /home/airflow/.local/lib/python3.7/site-packages/airflow/example_dags/tutorial_etl_dag.py
[2021-12-10 08:45:52,997] {logging_mixin.py:109} INFO - [2021-12-10 08:45:52,997] {dag.py:2396} INFO - Sync 1 DAGs
[2021-12-10 08:45:53,015] {logging_mixin.py:109} INFO - [2021-12-10 08:45:53,015] {dag.py:2928} INFO - Setting next_dagrun for tutorial_etl_dag to None
[2021-12-10 08:45:53,025] {processor.py:171} INFO - Processing /home/airflow/.local/lib/python3.7/site-packages/airflow/example_dags/tutorial_etl_dag.py took 0.073 seconds
[2021-12-10 08:46:23,065] {processor.py:163} INFO - Started process (PID=2847) to work on /home/airflow/.local/lib/python3.7/site-packages/airflow/example_dags/tutorial_etl_dag.py
[2021-12-10 08:46:23,067] {processor.py:625} INFO - Processing file /home/airflow/.local/lib/python3.7/site-packages/airflow/example_dags/tutorial_etl_dag.py for tasks to queue
[2021-12-10 08:46:23,067] {logging_mixin.py:109} INFO - [2021-12-10 08:46:23,067] {dagbag.py:500} INFO - Filling up the DagBag from /home/airflow/.local/lib/python3.7/site-packages/airflow/example_dags/tutorial_etl_dag.py
[2021-12-10 08:46:23,097] {processor.py:637} INFO - DAG(s) dict_keys(['tutorial_etl_dag']) retrieved from /home/airflow/.local/lib/python3.7/site-packages/airflow/example_dags/tutorial_etl_dag.py
[2021-12-10 08:46:23,110] {logging_mixin.py:109} INFO - [2021-12-10 08:46:23,110] {dag.py:2396} INFO - Sync 1 DAGs
[2021-12-10 08:46:23,134] {logging_mixin.py:109} INFO - [2021-12-10 08:46:23,134] {dag.py:2928} INFO - Setting next_dagrun for tutorial_etl_dag to None
[2021-12-10 08:46:23,254] {processor.py:171} INFO - Processing /home/airflow/.local/lib/python3.7/site-packages/airflow/example_dags/tutorial_etl_dag.py took 0.193 seconds
[2021-12-10 08:46:53,523] {processor.py:163} INFO - Started process (PID=2908) to work on /home/airflow/.local/lib/python3.7/site-packages/airflow/example_dags/tutorial_etl_dag.py
[2021-12-10 08:46:53,525] {processor.py:625} INFO - Processing file /home/airflow/.local/lib/python3.7/site-packages/airflow/example_dags/tutorial_etl_dag.py for tasks to queue
[2021-12-10 08:46:53,526] {logging_mixin.py:109} INFO - [2021-12-10 08:46:53,526] {dagbag.py:500} INFO - Filling up the DagBag from /home/airflow/.local/lib/python3.7/site-packages/airflow/example_dags/tutorial_etl_dag.py
[2021-12-10 08:46:53,557] {processor.py:637} INFO - DAG(s) dict_keys(['tutorial_etl_dag']) retrieved from /home/airflow/.local/lib/python3.7/site-packages/airflow/example_dags/tutorial_etl_dag.py
[2021-12-10 08:46:53,568] {logging_mixin.py:109} INFO - [2021-12-10 08:46:53,568] {dag.py:2396} INFO - Sync 1 DAGs
[2021-12-10 08:46:53,699] {logging_mixin.py:109} INFO - [2021-12-10 08:46:53,699] {dag.py:2928} INFO - Setting next_dagrun for tutorial_etl_dag to None
[2021-12-10 08:46:53,708] {processor.py:171} INFO - Processing /home/airflow/.local/lib/python3.7/site-packages/airflow/example_dags/tutorial_etl_dag.py took 0.188 seconds
[2021-12-10 08:47:24,446] {processor.py:163} INFO - Started process (PID=2960) to work on /home/airflow/.local/lib/python3.7/site-packages/airflow/example_dags/tutorial_etl_dag.py
[2021-12-10 08:47:24,448] {processor.py:625} INFO - Processing file /home/airflow/.local/lib/python3.7/site-packages/airflow/example_dags/tutorial_etl_dag.py for tasks to queue
[2021-12-10 08:47:24,449] {logging_mixin.py:109} INFO - [2021-12-10 08:47:24,449] {dagbag.py:500} INFO - Filling up the DagBag from /home/airflow/.local/lib/python3.7/site-packages/airflow/example_dags/tutorial_etl_dag.py
[2021-12-10 08:47:24,476] {processor.py:637} INFO - DAG(s) dict_keys(['tutorial_etl_dag']) retrieved from /home/airflow/.local/lib/python3.7/site-packages/airflow/example_dags/tutorial_etl_dag.py
[2021-12-10 08:47:24,487] {logging_mixin.py:109} INFO - [2021-12-10 08:47:24,487] {dag.py:2396} INFO - Sync 1 DAGs
[2021-12-10 08:47:24,609] {logging_mixin.py:109} INFO - [2021-12-10 08:47:24,609] {dag.py:2928} INFO - Setting next_dagrun for tutorial_etl_dag to None
[2021-12-10 08:47:24,620] {processor.py:171} INFO - Processing /home/airflow/.local/lib/python3.7/site-packages/airflow/example_dags/tutorial_etl_dag.py took 0.178 seconds
