[2021-12-13 20:43:06,959] {taskinstance.py:1035} INFO - Dependencies all met for <TaskInstance: postgres_operator_dag.get_birth_date manual__2021-12-13T20:43:03.557339+00:00 [queued]>
[2021-12-13 20:43:06,970] {taskinstance.py:1035} INFO - Dependencies all met for <TaskInstance: postgres_operator_dag.get_birth_date manual__2021-12-13T20:43:03.557339+00:00 [queued]>
[2021-12-13 20:43:06,970] {taskinstance.py:1241} INFO - 
--------------------------------------------------------------------------------
[2021-12-13 20:43:06,970] {taskinstance.py:1242} INFO - Starting attempt 1 of 1
[2021-12-13 20:43:06,970] {taskinstance.py:1243} INFO - 
--------------------------------------------------------------------------------
[2021-12-13 20:43:06,982] {taskinstance.py:1262} INFO - Executing <Task(PostgresOperator): get_birth_date> on 2021-12-13 20:43:03.557339+00:00
[2021-12-13 20:43:06,987] {standard_task_runner.py:52} INFO - Started process 3700 to run task
[2021-12-13 20:43:06,991] {standard_task_runner.py:76} INFO - Running: ['***', 'tasks', 'run', 'postgres_operator_dag', 'get_birth_date', 'manual__2021-12-13T20:43:03.557339+00:00', '--job-id', '20', '--raw', '--subdir', 'DAGS_FOLDER/example_postgres.py', '--cfg-path', '/tmp/tmpv9c3cqwz', '--error-file', '/tmp/tmp7umf94pm']
[2021-12-13 20:43:06,991] {standard_task_runner.py:77} INFO - Job 20: Subtask get_birth_date
[2021-12-13 20:43:07,037] {logging_mixin.py:109} INFO - Running <TaskInstance: postgres_operator_dag.get_birth_date manual__2021-12-13T20:43:03.557339+00:00 [running]> on host ef07609851a1
[2021-12-13 20:43:07,098] {taskinstance.py:1429} INFO - Exporting the following env vars:
AIRFLOW_CTX_DAG_OWNER=***
AIRFLOW_CTX_DAG_ID=postgres_operator_dag
AIRFLOW_CTX_TASK_ID=get_birth_date
AIRFLOW_CTX_EXECUTION_DATE=2021-12-13T20:43:03.557339+00:00
AIRFLOW_CTX_DAG_RUN_ID=manual__2021-12-13T20:43:03.557339+00:00
[2021-12-13 20:43:07,107] {base.py:79} INFO - Using connection to: id: postgres_***_db. Host: postgres-***, Port: 5432, Schema: , Login: ***, Password: ***, extra: {}
[2021-12-13 20:43:07,112] {dbapi.py:225} INFO - Running statement: 
            SELECT * FROM pet
            WHERE birth_date
            BETWEEN SYMMETRIC DATE '2020-01-01' AND DATE '2020-12-31';
            , parameters: None
[2021-12-13 20:43:07,113] {dbapi.py:233} INFO - Rows affected: 1
[2021-12-13 20:43:07,125] {taskinstance.py:1280} INFO - Marking task as SUCCESS. dag_id=postgres_operator_dag, task_id=get_birth_date, execution_date=20211213T204303, start_date=20211213T204306, end_date=20211213T204307
[2021-12-13 20:43:07,163] {local_task_job.py:154} INFO - Task exited with return code 0
[2021-12-13 20:43:07,199] {local_task_job.py:264} INFO - 0 downstream tasks scheduled from follow-on schedule check
