[2021-12-14 08:07:32,517] {taskinstance.py:1035} INFO - Dependencies all met for <TaskInstance: postgres_operator_dag.create_pet_table manual__2021-12-14T08:07:31.318104+00:00 [queued]>
[2021-12-14 08:07:32,530] {taskinstance.py:1035} INFO - Dependencies all met for <TaskInstance: postgres_operator_dag.create_pet_table manual__2021-12-14T08:07:31.318104+00:00 [queued]>
[2021-12-14 08:07:32,530] {taskinstance.py:1241} INFO - 
--------------------------------------------------------------------------------
[2021-12-14 08:07:32,531] {taskinstance.py:1242} INFO - Starting attempt 1 of 1
[2021-12-14 08:07:32,531] {taskinstance.py:1243} INFO - 
--------------------------------------------------------------------------------
[2021-12-14 08:07:32,544] {taskinstance.py:1262} INFO - Executing <Task(PostgresOperator): create_pet_table> on 2021-12-14 08:07:31.318104+00:00
[2021-12-14 08:07:32,550] {standard_task_runner.py:52} INFO - Started process 881 to run task
[2021-12-14 08:07:32,553] {standard_task_runner.py:76} INFO - Running: ['***', 'tasks', 'run', 'postgres_operator_dag', 'create_pet_table', 'manual__2021-12-14T08:07:31.318104+00:00', '--job-id', '27', '--raw', '--subdir', 'DAGS_FOLDER/pets_dag.py', '--cfg-path', '/tmp/tmpyxwcxf8u', '--error-file', '/tmp/tmptwrsqsn3']
[2021-12-14 08:07:32,554] {standard_task_runner.py:77} INFO - Job 27: Subtask create_pet_table
[2021-12-14 08:07:32,596] {logging_mixin.py:109} INFO - Running <TaskInstance: postgres_operator_dag.create_pet_table manual__2021-12-14T08:07:31.318104+00:00 [running]> on host 4ee0ea791fc7
[2021-12-14 08:07:32,646] {taskinstance.py:1429} INFO - Exporting the following env vars:
AIRFLOW_CTX_DAG_OWNER=***
AIRFLOW_CTX_DAG_ID=postgres_operator_dag
AIRFLOW_CTX_TASK_ID=create_pet_table
AIRFLOW_CTX_EXECUTION_DATE=2021-12-14T08:07:31.318104+00:00
AIRFLOW_CTX_DAG_RUN_ID=manual__2021-12-14T08:07:31.318104+00:00
[2021-12-14 08:07:32,655] {base.py:79} INFO - Using connection to: id: ***_conn_id. Host: postgres-***, Port: 5432, Schema: , Login: ***, Password: ***, extra: {}
[2021-12-14 08:07:32,660] {dbapi.py:225} INFO - Running statement: -- create hello_world_table
DROP TABLE IF EXISTS pet;
CREATE TABLE pet (
    pet_id SERIAL PRIMARY KEY,
    name VARCHAR NOT NULL,
    pet_type VARCHAR NOT NULL,
    birth_date DATE NOT NULL,
    OWNER VARCHAR NOT NULL
    );, parameters: None
[2021-12-14 08:07:32,691] {taskinstance.py:1280} INFO - Marking task as SUCCESS. dag_id=postgres_operator_dag, task_id=create_pet_table, execution_date=20211214T080731, start_date=20211214T080732, end_date=20211214T080732
[2021-12-14 08:07:32,725] {local_task_job.py:154} INFO - Task exited with return code 0
[2021-12-14 08:07:32,768] {local_task_job.py:264} INFO - 1 downstream tasks scheduled from follow-on schedule check
