[2021-12-16 08:39:16,238] {taskinstance.py:1035} INFO - Dependencies all met for <TaskInstance: pets_dag.create_pet_table manual__2021-12-16T08:39:15.581453+00:00 [queued]>
[2021-12-16 08:39:16,250] {taskinstance.py:1035} INFO - Dependencies all met for <TaskInstance: pets_dag.create_pet_table manual__2021-12-16T08:39:15.581453+00:00 [queued]>
[2021-12-16 08:39:16,250] {taskinstance.py:1241} INFO - 
--------------------------------------------------------------------------------
[2021-12-16 08:39:16,251] {taskinstance.py:1242} INFO - Starting attempt 1 of 1
[2021-12-16 08:39:16,251] {taskinstance.py:1243} INFO - 
--------------------------------------------------------------------------------
[2021-12-16 08:39:16,265] {taskinstance.py:1262} INFO - Executing <Task(PostgresOperator): create_pet_table> on 2021-12-16 08:39:15.581453+00:00
[2021-12-16 08:39:16,271] {standard_task_runner.py:52} INFO - Started process 31576 to run task
[2021-12-16 08:39:16,274] {standard_task_runner.py:76} INFO - Running: ['***', 'tasks', 'run', 'pets_dag', 'create_pet_table', 'manual__2021-12-16T08:39:15.581453+00:00', '--job-id', '49', '--raw', '--subdir', 'DAGS_FOLDER/pets_dag.py', '--cfg-path', '/tmp/tmpmd8cl6jn', '--error-file', '/tmp/tmp0wz4qodi']
[2021-12-16 08:39:16,275] {standard_task_runner.py:77} INFO - Job 49: Subtask create_pet_table
[2021-12-16 08:39:16,320] {logging_mixin.py:109} INFO - Running <TaskInstance: pets_dag.create_pet_table manual__2021-12-16T08:39:15.581453+00:00 [running]> on host 7a5500e9698a
[2021-12-16 08:39:16,374] {taskinstance.py:1429} INFO - Exporting the following env vars:
AIRFLOW_CTX_DAG_OWNER=***
AIRFLOW_CTX_DAG_ID=pets_dag
AIRFLOW_CTX_TASK_ID=create_pet_table
AIRFLOW_CTX_EXECUTION_DATE=2021-12-16T08:39:15.581453+00:00
AIRFLOW_CTX_DAG_RUN_ID=manual__2021-12-16T08:39:15.581453+00:00
[2021-12-16 08:39:16,384] {base.py:79} INFO - Using connection to: id: ***_conn_id. Host: postgres-***, Port: 5432, Schema: , Login: ***, Password: ***, extra: {}
[2021-12-16 08:39:16,388] {dbapi.py:225} INFO - Running statement: -- create hello_world_table
DROP TABLE IF EXISTS pet;
CREATE TABLE pet (
    pet_id SERIAL PRIMARY KEY,
    name VARCHAR NOT NULL,
    pet_type VARCHAR NOT NULL,
    birth_date DATE NOT NULL,
    OWNER VARCHAR NOT NULL
    );, parameters: None
