[2021-12-10 08:23:20,847] {processor.py:163} INFO - Started process (PID=39) to work on /opt/airflow/dags/dummy_dag.py
[2021-12-10 08:23:20,848] {processor.py:625} INFO - Processing file /opt/airflow/dags/dummy_dag.py for tasks to queue
[2021-12-10 08:23:20,849] {logging_mixin.py:109} INFO - [2021-12-10 08:23:20,849] {dagbag.py:500} INFO - Filling up the DagBag from /opt/airflow/dags/dummy_dag.py
[2021-12-10 08:23:20,928] {processor.py:637} INFO - DAG(s) dict_keys(['example_dag']) retrieved from /opt/airflow/dags/dummy_dag.py
[2021-12-10 08:23:25,432] {logging_mixin.py:109} INFO - [2021-12-10 08:23:25,432] {providers_manager.py:156} WARNING - Exception when importing 'airflow.providers.google.leveldb.hooks.leveldb.LevelDBHook' from 'apache-airflow-providers-google' package: No module named 'plyvel'
[2021-12-10 08:23:26,823] {logging_mixin.py:109} INFO - [2021-12-10 08:23:26,822] {providers_manager.py:156} WARNING - Exception when importing 'airflow.providers.google.leveldb.hooks.leveldb.LevelDBHook' from 'apache-airflow-providers-google' package: No module named 'plyvel'
[2021-12-10 08:23:26,844] {logging_mixin.py:109} INFO - [2021-12-10 08:23:26,844] {manager.py:496} INFO - Created Permission View: can read on DAG:example_dag
[2021-12-10 08:23:26,852] {logging_mixin.py:109} INFO - [2021-12-10 08:23:26,852] {manager.py:496} INFO - Created Permission View: can edit on DAG:example_dag
[2021-12-10 08:23:26,853] {logging_mixin.py:109} INFO - [2021-12-10 08:23:26,852] {dag.py:2396} INFO - Sync 1 DAGs
[2021-12-10 08:23:26,859] {logging_mixin.py:109} INFO - [2021-12-10 08:23:26,859] {dag.py:2415} INFO - Creating ORM DAG for example_dag
[2021-12-10 08:23:26,868] {logging_mixin.py:109} INFO - [2021-12-10 08:23:26,868] {dag.py:2928} INFO - Setting next_dagrun for example_dag to 2016-01-01T00:00:00+00:00
[2021-12-10 08:23:26,881] {processor.py:171} INFO - Processing /opt/airflow/dags/dummy_dag.py took 6.038 seconds
[2021-12-10 08:23:57,334] {processor.py:163} INFO - Started process (PID=347) to work on /opt/airflow/dags/dummy_dag.py
[2021-12-10 08:23:57,336] {processor.py:625} INFO - Processing file /opt/airflow/dags/dummy_dag.py for tasks to queue
[2021-12-10 08:23:57,337] {logging_mixin.py:109} INFO - [2021-12-10 08:23:57,337] {dagbag.py:500} INFO - Filling up the DagBag from /opt/airflow/dags/dummy_dag.py
[2021-12-10 08:23:57,367] {processor.py:637} INFO - DAG(s) dict_keys(['example_dag']) retrieved from /opt/airflow/dags/dummy_dag.py
[2021-12-10 08:23:57,379] {logging_mixin.py:109} INFO - [2021-12-10 08:23:57,379] {dag.py:2396} INFO - Sync 1 DAGs
[2021-12-10 08:23:57,396] {logging_mixin.py:109} INFO - [2021-12-10 08:23:57,396] {dag.py:2928} INFO - Setting next_dagrun for example_dag to 2016-01-01T00:00:00+00:00
[2021-12-10 08:23:57,406] {processor.py:171} INFO - Processing /opt/airflow/dags/dummy_dag.py took 0.077 seconds
[2021-12-10 08:24:27,759] {processor.py:163} INFO - Started process (PID=405) to work on /opt/airflow/dags/dummy_dag.py
[2021-12-10 08:24:27,760] {processor.py:625} INFO - Processing file /opt/airflow/dags/dummy_dag.py for tasks to queue
[2021-12-10 08:24:27,760] {logging_mixin.py:109} INFO - [2021-12-10 08:24:27,760] {dagbag.py:500} INFO - Filling up the DagBag from /opt/airflow/dags/dummy_dag.py
[2021-12-10 08:24:27,788] {processor.py:637} INFO - DAG(s) dict_keys(['example_dag']) retrieved from /opt/airflow/dags/dummy_dag.py
[2021-12-10 08:24:27,798] {logging_mixin.py:109} INFO - [2021-12-10 08:24:27,797] {dag.py:2396} INFO - Sync 1 DAGs
[2021-12-10 08:24:27,815] {logging_mixin.py:109} INFO - [2021-12-10 08:24:27,815] {dag.py:2928} INFO - Setting next_dagrun for example_dag to 2016-01-01T00:00:00+00:00
[2021-12-10 08:24:27,824] {processor.py:171} INFO - Processing /opt/airflow/dags/dummy_dag.py took 0.068 seconds
[2021-12-10 08:24:58,178] {processor.py:163} INFO - Started process (PID=457) to work on /opt/airflow/dags/dummy_dag.py
[2021-12-10 08:24:58,180] {processor.py:625} INFO - Processing file /opt/airflow/dags/dummy_dag.py for tasks to queue
[2021-12-10 08:24:58,181] {logging_mixin.py:109} INFO - [2021-12-10 08:24:58,181] {dagbag.py:500} INFO - Filling up the DagBag from /opt/airflow/dags/dummy_dag.py
[2021-12-10 08:24:58,209] {processor.py:637} INFO - DAG(s) dict_keys(['example_dag']) retrieved from /opt/airflow/dags/dummy_dag.py
[2021-12-10 08:24:58,219] {logging_mixin.py:109} INFO - [2021-12-10 08:24:58,218] {dag.py:2396} INFO - Sync 1 DAGs
[2021-12-10 08:24:58,237] {logging_mixin.py:109} INFO - [2021-12-10 08:24:58,237] {dag.py:2928} INFO - Setting next_dagrun for example_dag to 2016-01-01T00:00:00+00:00
[2021-12-10 08:24:58,249] {processor.py:171} INFO - Processing /opt/airflow/dags/dummy_dag.py took 0.075 seconds
[2021-12-10 08:25:28,522] {processor.py:163} INFO - Started process (PID=519) to work on /opt/airflow/dags/dummy_dag.py
[2021-12-10 08:25:28,523] {processor.py:625} INFO - Processing file /opt/airflow/dags/dummy_dag.py for tasks to queue
[2021-12-10 08:25:28,524] {logging_mixin.py:109} INFO - [2021-12-10 08:25:28,524] {dagbag.py:500} INFO - Filling up the DagBag from /opt/airflow/dags/dummy_dag.py
[2021-12-10 08:25:28,551] {processor.py:637} INFO - DAG(s) dict_keys(['example_dag']) retrieved from /opt/airflow/dags/dummy_dag.py
[2021-12-10 08:25:28,561] {logging_mixin.py:109} INFO - [2021-12-10 08:25:28,561] {dag.py:2396} INFO - Sync 1 DAGs
[2021-12-10 08:25:28,578] {logging_mixin.py:109} INFO - [2021-12-10 08:25:28,578] {dag.py:2928} INFO - Setting next_dagrun for example_dag to 2016-01-01T00:00:00+00:00
[2021-12-10 08:25:28,587] {processor.py:171} INFO - Processing /opt/airflow/dags/dummy_dag.py took 0.069 seconds
[2021-12-10 08:25:58,919] {processor.py:163} INFO - Started process (PID=572) to work on /opt/airflow/dags/dummy_dag.py
[2021-12-10 08:25:58,920] {processor.py:625} INFO - Processing file /opt/airflow/dags/dummy_dag.py for tasks to queue
[2021-12-10 08:25:58,921] {logging_mixin.py:109} INFO - [2021-12-10 08:25:58,921] {dagbag.py:500} INFO - Filling up the DagBag from /opt/airflow/dags/dummy_dag.py
[2021-12-10 08:25:58,946] {processor.py:637} INFO - DAG(s) dict_keys(['example_dag']) retrieved from /opt/airflow/dags/dummy_dag.py
[2021-12-10 08:25:58,958] {logging_mixin.py:109} INFO - [2021-12-10 08:25:58,957] {dag.py:2396} INFO - Sync 1 DAGs
[2021-12-10 08:25:58,976] {logging_mixin.py:109} INFO - [2021-12-10 08:25:58,976] {dag.py:2928} INFO - Setting next_dagrun for example_dag to 2016-01-01T00:00:00+00:00
[2021-12-10 08:25:58,985] {processor.py:171} INFO - Processing /opt/airflow/dags/dummy_dag.py took 0.070 seconds
[2021-12-10 08:26:29,432] {processor.py:163} INFO - Started process (PID=633) to work on /opt/airflow/dags/dummy_dag.py
[2021-12-10 08:26:29,433] {processor.py:625} INFO - Processing file /opt/airflow/dags/dummy_dag.py for tasks to queue
[2021-12-10 08:26:29,434] {logging_mixin.py:109} INFO - [2021-12-10 08:26:29,434] {dagbag.py:500} INFO - Filling up the DagBag from /opt/airflow/dags/dummy_dag.py
[2021-12-10 08:26:29,459] {processor.py:637} INFO - DAG(s) dict_keys(['example_dag']) retrieved from /opt/airflow/dags/dummy_dag.py
[2021-12-10 08:26:29,470] {logging_mixin.py:109} INFO - [2021-12-10 08:26:29,469] {dag.py:2396} INFO - Sync 1 DAGs
[2021-12-10 08:26:29,488] {logging_mixin.py:109} INFO - [2021-12-10 08:26:29,488] {dag.py:2928} INFO - Setting next_dagrun for example_dag to 2016-01-01T00:00:00+00:00
[2021-12-10 08:26:29,498] {processor.py:171} INFO - Processing /opt/airflow/dags/dummy_dag.py took 0.069 seconds
[2021-12-10 08:26:59,653] {processor.py:163} INFO - Started process (PID=688) to work on /opt/airflow/dags/dummy_dag.py
[2021-12-10 08:26:59,654] {processor.py:625} INFO - Processing file /opt/airflow/dags/dummy_dag.py for tasks to queue
[2021-12-10 08:26:59,655] {logging_mixin.py:109} INFO - [2021-12-10 08:26:59,655] {dagbag.py:500} INFO - Filling up the DagBag from /opt/airflow/dags/dummy_dag.py
[2021-12-10 08:26:59,681] {processor.py:637} INFO - DAG(s) dict_keys(['example_dag']) retrieved from /opt/airflow/dags/dummy_dag.py
[2021-12-10 08:26:59,691] {logging_mixin.py:109} INFO - [2021-12-10 08:26:59,691] {dag.py:2396} INFO - Sync 1 DAGs
[2021-12-10 08:26:59,709] {logging_mixin.py:109} INFO - [2021-12-10 08:26:59,709] {dag.py:2928} INFO - Setting next_dagrun for example_dag to 2016-01-01T00:00:00+00:00
[2021-12-10 08:26:59,719] {processor.py:171} INFO - Processing /opt/airflow/dags/dummy_dag.py took 0.070 seconds
[2021-12-10 08:27:29,857] {processor.py:163} INFO - Started process (PID=740) to work on /opt/airflow/dags/dummy_dag.py
[2021-12-10 08:27:29,858] {processor.py:625} INFO - Processing file /opt/airflow/dags/dummy_dag.py for tasks to queue
[2021-12-10 08:27:29,859] {logging_mixin.py:109} INFO - [2021-12-10 08:27:29,859] {dagbag.py:500} INFO - Filling up the DagBag from /opt/airflow/dags/dummy_dag.py
[2021-12-10 08:27:29,887] {processor.py:637} INFO - DAG(s) dict_keys(['example_dag']) retrieved from /opt/airflow/dags/dummy_dag.py
[2021-12-10 08:27:29,901] {logging_mixin.py:109} INFO - [2021-12-10 08:27:29,901] {dag.py:2396} INFO - Sync 1 DAGs
[2021-12-10 08:27:29,921] {logging_mixin.py:109} INFO - [2021-12-10 08:27:29,921] {dag.py:2928} INFO - Setting next_dagrun for example_dag to 2016-01-01T00:00:00+00:00
[2021-12-10 08:27:29,932] {processor.py:171} INFO - Processing /opt/airflow/dags/dummy_dag.py took 0.078 seconds
[2021-12-10 08:28:00,063] {processor.py:163} INFO - Started process (PID=802) to work on /opt/airflow/dags/dummy_dag.py
[2021-12-10 08:28:00,064] {processor.py:625} INFO - Processing file /opt/airflow/dags/dummy_dag.py for tasks to queue
[2021-12-10 08:28:00,065] {logging_mixin.py:109} INFO - [2021-12-10 08:28:00,065] {dagbag.py:500} INFO - Filling up the DagBag from /opt/airflow/dags/dummy_dag.py
[2021-12-10 08:28:00,094] {processor.py:637} INFO - DAG(s) dict_keys(['example_dag']) retrieved from /opt/airflow/dags/dummy_dag.py
[2021-12-10 08:28:00,106] {logging_mixin.py:109} INFO - [2021-12-10 08:28:00,106] {dag.py:2396} INFO - Sync 1 DAGs
[2021-12-10 08:28:00,126] {logging_mixin.py:109} INFO - [2021-12-10 08:28:00,126] {dag.py:2928} INFO - Setting next_dagrun for example_dag to 2016-01-01T00:00:00+00:00
[2021-12-10 08:28:00,135] {processor.py:171} INFO - Processing /opt/airflow/dags/dummy_dag.py took 0.076 seconds
[2021-12-10 08:28:30,300] {processor.py:163} INFO - Started process (PID=854) to work on /opt/airflow/dags/dummy_dag.py
[2021-12-10 08:28:30,302] {processor.py:625} INFO - Processing file /opt/airflow/dags/dummy_dag.py for tasks to queue
[2021-12-10 08:28:30,302] {logging_mixin.py:109} INFO - [2021-12-10 08:28:30,302] {dagbag.py:500} INFO - Filling up the DagBag from /opt/airflow/dags/dummy_dag.py
[2021-12-10 08:28:30,337] {processor.py:637} INFO - DAG(s) dict_keys(['example_dag']) retrieved from /opt/airflow/dags/dummy_dag.py
[2021-12-10 08:28:30,349] {logging_mixin.py:109} INFO - [2021-12-10 08:28:30,348] {dag.py:2396} INFO - Sync 1 DAGs
[2021-12-10 08:28:30,372] {logging_mixin.py:109} INFO - [2021-12-10 08:28:30,372] {dag.py:2928} INFO - Setting next_dagrun for example_dag to 2016-01-01T00:00:00+00:00
[2021-12-10 08:28:30,383] {processor.py:171} INFO - Processing /opt/airflow/dags/dummy_dag.py took 0.086 seconds
[2021-12-10 08:29:00,598] {processor.py:163} INFO - Started process (PID=915) to work on /opt/airflow/dags/dummy_dag.py
[2021-12-10 08:29:00,599] {processor.py:625} INFO - Processing file /opt/airflow/dags/dummy_dag.py for tasks to queue
[2021-12-10 08:29:00,600] {logging_mixin.py:109} INFO - [2021-12-10 08:29:00,600] {dagbag.py:500} INFO - Filling up the DagBag from /opt/airflow/dags/dummy_dag.py
[2021-12-10 08:29:00,624] {processor.py:637} INFO - DAG(s) dict_keys(['example_dag']) retrieved from /opt/airflow/dags/dummy_dag.py
[2021-12-10 08:29:00,633] {logging_mixin.py:109} INFO - [2021-12-10 08:29:00,633] {dag.py:2396} INFO - Sync 1 DAGs
[2021-12-10 08:29:00,650] {logging_mixin.py:109} INFO - [2021-12-10 08:29:00,650] {dag.py:2928} INFO - Setting next_dagrun for example_dag to 2016-01-01T00:00:00+00:00
[2021-12-10 08:29:00,660] {processor.py:171} INFO - Processing /opt/airflow/dags/dummy_dag.py took 0.065 seconds
[2021-12-10 08:29:31,384] {processor.py:163} INFO - Started process (PID=966) to work on /opt/airflow/dags/dummy_dag.py
[2021-12-10 08:29:31,386] {processor.py:625} INFO - Processing file /opt/airflow/dags/dummy_dag.py for tasks to queue
[2021-12-10 08:29:31,387] {logging_mixin.py:109} INFO - [2021-12-10 08:29:31,386] {dagbag.py:500} INFO - Filling up the DagBag from /opt/airflow/dags/dummy_dag.py
[2021-12-10 08:29:31,410] {processor.py:637} INFO - DAG(s) dict_keys(['example_dag']) retrieved from /opt/airflow/dags/dummy_dag.py
[2021-12-10 08:29:31,420] {logging_mixin.py:109} INFO - [2021-12-10 08:29:31,420] {dag.py:2396} INFO - Sync 1 DAGs
[2021-12-10 08:29:31,439] {logging_mixin.py:109} INFO - [2021-12-10 08:29:31,438] {dag.py:2928} INFO - Setting next_dagrun for example_dag to 2016-01-01T00:00:00+00:00
[2021-12-10 08:29:31,449] {processor.py:171} INFO - Processing /opt/airflow/dags/dummy_dag.py took 0.068 seconds
[2021-12-10 08:30:01,855] {processor.py:163} INFO - Started process (PID=1019) to work on /opt/airflow/dags/dummy_dag.py
[2021-12-10 08:30:01,856] {processor.py:625} INFO - Processing file /opt/airflow/dags/dummy_dag.py for tasks to queue
[2021-12-10 08:30:01,857] {logging_mixin.py:109} INFO - [2021-12-10 08:30:01,857] {dagbag.py:500} INFO - Filling up the DagBag from /opt/airflow/dags/dummy_dag.py
[2021-12-10 08:30:01,882] {processor.py:637} INFO - DAG(s) dict_keys(['example_dag']) retrieved from /opt/airflow/dags/dummy_dag.py
[2021-12-10 08:30:01,892] {logging_mixin.py:109} INFO - [2021-12-10 08:30:01,891] {dag.py:2396} INFO - Sync 1 DAGs
[2021-12-10 08:30:01,907] {logging_mixin.py:109} INFO - [2021-12-10 08:30:01,907] {dag.py:2928} INFO - Setting next_dagrun for example_dag to 2016-01-01T00:00:00+00:00
[2021-12-10 08:30:01,916] {processor.py:171} INFO - Processing /opt/airflow/dags/dummy_dag.py took 0.065 seconds
[2021-12-10 08:30:32,106] {processor.py:163} INFO - Started process (PID=1081) to work on /opt/airflow/dags/dummy_dag.py
[2021-12-10 08:30:32,107] {processor.py:625} INFO - Processing file /opt/airflow/dags/dummy_dag.py for tasks to queue
[2021-12-10 08:30:32,108] {logging_mixin.py:109} INFO - [2021-12-10 08:30:32,108] {dagbag.py:500} INFO - Filling up the DagBag from /opt/airflow/dags/dummy_dag.py
[2021-12-10 08:30:32,134] {processor.py:637} INFO - DAG(s) dict_keys(['example_dag']) retrieved from /opt/airflow/dags/dummy_dag.py
[2021-12-10 08:30:32,146] {logging_mixin.py:109} INFO - [2021-12-10 08:30:32,146] {dag.py:2396} INFO - Sync 1 DAGs
[2021-12-10 08:30:32,163] {logging_mixin.py:109} INFO - [2021-12-10 08:30:32,163] {dag.py:2928} INFO - Setting next_dagrun for example_dag to 2016-01-01T00:00:00+00:00
[2021-12-10 08:30:32,172] {processor.py:171} INFO - Processing /opt/airflow/dags/dummy_dag.py took 0.070 seconds
[2021-12-10 08:31:02,243] {processor.py:163} INFO - Started process (PID=1132) to work on /opt/airflow/dags/dummy_dag.py
[2021-12-10 08:31:02,245] {processor.py:625} INFO - Processing file /opt/airflow/dags/dummy_dag.py for tasks to queue
[2021-12-10 08:31:02,245] {logging_mixin.py:109} INFO - [2021-12-10 08:31:02,245] {dagbag.py:500} INFO - Filling up the DagBag from /opt/airflow/dags/dummy_dag.py
[2021-12-10 08:31:02,298] {processor.py:637} INFO - DAG(s) dict_keys(['example_dag']) retrieved from /opt/airflow/dags/dummy_dag.py
[2021-12-10 08:31:02,307] {logging_mixin.py:109} INFO - [2021-12-10 08:31:02,307] {dag.py:2396} INFO - Sync 1 DAGs
[2021-12-10 08:31:02,325] {logging_mixin.py:109} INFO - [2021-12-10 08:31:02,325] {dag.py:2928} INFO - Setting next_dagrun for example_dag to 2016-01-01T00:00:00+00:00
[2021-12-10 08:31:02,335] {processor.py:171} INFO - Processing /opt/airflow/dags/dummy_dag.py took 0.095 seconds
[2021-12-10 08:31:32,354] {processor.py:163} INFO - Started process (PID=1194) to work on /opt/airflow/dags/dummy_dag.py
[2021-12-10 08:31:32,355] {processor.py:625} INFO - Processing file /opt/airflow/dags/dummy_dag.py for tasks to queue
[2021-12-10 08:31:32,356] {logging_mixin.py:109} INFO - [2021-12-10 08:31:32,356] {dagbag.py:500} INFO - Filling up the DagBag from /opt/airflow/dags/dummy_dag.py
[2021-12-10 08:31:32,381] {processor.py:637} INFO - DAG(s) dict_keys(['example_dag']) retrieved from /opt/airflow/dags/dummy_dag.py
[2021-12-10 08:31:32,391] {logging_mixin.py:109} INFO - [2021-12-10 08:31:32,390] {dag.py:2396} INFO - Sync 1 DAGs
[2021-12-10 08:31:32,408] {logging_mixin.py:109} INFO - [2021-12-10 08:31:32,408] {dag.py:2928} INFO - Setting next_dagrun for example_dag to 2016-01-01T00:00:00+00:00
[2021-12-10 08:31:32,418] {processor.py:171} INFO - Processing /opt/airflow/dags/dummy_dag.py took 0.068 seconds
[2021-12-10 08:32:02,813] {processor.py:163} INFO - Started process (PID=1247) to work on /opt/airflow/dags/dummy_dag.py
[2021-12-10 08:32:02,815] {processor.py:625} INFO - Processing file /opt/airflow/dags/dummy_dag.py for tasks to queue
[2021-12-10 08:32:02,816] {logging_mixin.py:109} INFO - [2021-12-10 08:32:02,816] {dagbag.py:500} INFO - Filling up the DagBag from /opt/airflow/dags/dummy_dag.py
[2021-12-10 08:32:02,841] {processor.py:637} INFO - DAG(s) dict_keys(['example_dag']) retrieved from /opt/airflow/dags/dummy_dag.py
[2021-12-10 08:32:02,853] {logging_mixin.py:109} INFO - [2021-12-10 08:32:02,853] {dag.py:2396} INFO - Sync 1 DAGs
[2021-12-10 08:32:02,872] {logging_mixin.py:109} INFO - [2021-12-10 08:32:02,871] {dag.py:2928} INFO - Setting next_dagrun for example_dag to 2016-01-01T00:00:00+00:00
[2021-12-10 08:32:02,880] {processor.py:171} INFO - Processing /opt/airflow/dags/dummy_dag.py took 0.070 seconds
[2021-12-10 08:32:33,074] {processor.py:163} INFO - Started process (PID=1300) to work on /opt/airflow/dags/dummy_dag.py
[2021-12-10 08:32:33,076] {processor.py:625} INFO - Processing file /opt/airflow/dags/dummy_dag.py for tasks to queue
[2021-12-10 08:32:33,077] {logging_mixin.py:109} INFO - [2021-12-10 08:32:33,077] {dagbag.py:500} INFO - Filling up the DagBag from /opt/airflow/dags/dummy_dag.py
[2021-12-10 08:32:33,102] {processor.py:637} INFO - DAG(s) dict_keys(['example_dag']) retrieved from /opt/airflow/dags/dummy_dag.py
[2021-12-10 08:32:33,112] {logging_mixin.py:109} INFO - [2021-12-10 08:32:33,112] {dag.py:2396} INFO - Sync 1 DAGs
[2021-12-10 08:32:33,131] {logging_mixin.py:109} INFO - [2021-12-10 08:32:33,131] {dag.py:2928} INFO - Setting next_dagrun for example_dag to 2016-01-01T00:00:00+00:00
[2021-12-10 08:32:33,140] {processor.py:171} INFO - Processing /opt/airflow/dags/dummy_dag.py took 0.070 seconds
[2021-12-10 08:33:03,237] {processor.py:163} INFO - Started process (PID=1361) to work on /opt/airflow/dags/dummy_dag.py
[2021-12-10 08:33:03,238] {processor.py:625} INFO - Processing file /opt/airflow/dags/dummy_dag.py for tasks to queue
[2021-12-10 08:33:03,239] {logging_mixin.py:109} INFO - [2021-12-10 08:33:03,239] {dagbag.py:500} INFO - Filling up the DagBag from /opt/airflow/dags/dummy_dag.py
[2021-12-10 08:33:03,265] {processor.py:637} INFO - DAG(s) dict_keys(['example_dag']) retrieved from /opt/airflow/dags/dummy_dag.py
[2021-12-10 08:33:03,277] {logging_mixin.py:109} INFO - [2021-12-10 08:33:03,277] {dag.py:2396} INFO - Sync 1 DAGs
[2021-12-10 08:33:03,295] {logging_mixin.py:109} INFO - [2021-12-10 08:33:03,295] {dag.py:2928} INFO - Setting next_dagrun for example_dag to 2016-01-01T00:00:00+00:00
[2021-12-10 08:33:03,304] {processor.py:171} INFO - Processing /opt/airflow/dags/dummy_dag.py took 0.071 seconds
[2021-12-10 08:33:33,458] {processor.py:163} INFO - Started process (PID=1413) to work on /opt/airflow/dags/dummy_dag.py
[2021-12-10 08:33:33,459] {processor.py:625} INFO - Processing file /opt/airflow/dags/dummy_dag.py for tasks to queue
[2021-12-10 08:33:33,460] {logging_mixin.py:109} INFO - [2021-12-10 08:33:33,460] {dagbag.py:500} INFO - Filling up the DagBag from /opt/airflow/dags/dummy_dag.py
[2021-12-10 08:33:33,486] {processor.py:637} INFO - DAG(s) dict_keys(['example_dag']) retrieved from /opt/airflow/dags/dummy_dag.py
[2021-12-10 08:33:33,496] {logging_mixin.py:109} INFO - [2021-12-10 08:33:33,496] {dag.py:2396} INFO - Sync 1 DAGs
[2021-12-10 08:33:33,512] {logging_mixin.py:109} INFO - [2021-12-10 08:33:33,512] {dag.py:2928} INFO - Setting next_dagrun for example_dag to 2016-01-01T00:00:00+00:00
[2021-12-10 08:33:33,522] {processor.py:171} INFO - Processing /opt/airflow/dags/dummy_dag.py took 0.068 seconds
[2021-12-10 08:34:03,689] {processor.py:163} INFO - Started process (PID=1475) to work on /opt/airflow/dags/dummy_dag.py
[2021-12-10 08:34:03,691] {processor.py:625} INFO - Processing file /opt/airflow/dags/dummy_dag.py for tasks to queue
[2021-12-10 08:34:03,692] {logging_mixin.py:109} INFO - [2021-12-10 08:34:03,691] {dagbag.py:500} INFO - Filling up the DagBag from /opt/airflow/dags/dummy_dag.py
[2021-12-10 08:34:03,719] {processor.py:637} INFO - DAG(s) dict_keys(['example_dag']) retrieved from /opt/airflow/dags/dummy_dag.py
[2021-12-10 08:34:03,729] {logging_mixin.py:109} INFO - [2021-12-10 08:34:03,729] {dag.py:2396} INFO - Sync 1 DAGs
[2021-12-10 08:34:03,745] {logging_mixin.py:109} INFO - [2021-12-10 08:34:03,745] {dag.py:2928} INFO - Setting next_dagrun for example_dag to 2016-01-01T00:00:00+00:00
[2021-12-10 08:34:03,753] {processor.py:171} INFO - Processing /opt/airflow/dags/dummy_dag.py took 0.067 seconds
[2021-12-10 08:34:34,082] {processor.py:163} INFO - Started process (PID=1527) to work on /opt/airflow/dags/dummy_dag.py
[2021-12-10 08:34:34,084] {processor.py:625} INFO - Processing file /opt/airflow/dags/dummy_dag.py for tasks to queue
[2021-12-10 08:34:34,085] {logging_mixin.py:109} INFO - [2021-12-10 08:34:34,084] {dagbag.py:500} INFO - Filling up the DagBag from /opt/airflow/dags/dummy_dag.py
[2021-12-10 08:34:34,110] {processor.py:637} INFO - DAG(s) dict_keys(['example_dag']) retrieved from /opt/airflow/dags/dummy_dag.py
[2021-12-10 08:34:34,120] {logging_mixin.py:109} INFO - [2021-12-10 08:34:34,120] {dag.py:2396} INFO - Sync 1 DAGs
[2021-12-10 08:34:34,137] {logging_mixin.py:109} INFO - [2021-12-10 08:34:34,137] {dag.py:2928} INFO - Setting next_dagrun for example_dag to 2016-01-01T00:00:00+00:00
[2021-12-10 08:34:34,146] {processor.py:171} INFO - Processing /opt/airflow/dags/dummy_dag.py took 0.068 seconds
[2021-12-10 08:35:04,266] {processor.py:163} INFO - Started process (PID=1578) to work on /opt/airflow/dags/dummy_dag.py
[2021-12-10 08:35:04,268] {processor.py:625} INFO - Processing file /opt/airflow/dags/dummy_dag.py for tasks to queue
[2021-12-10 08:35:04,268] {logging_mixin.py:109} INFO - [2021-12-10 08:35:04,268] {dagbag.py:500} INFO - Filling up the DagBag from /opt/airflow/dags/dummy_dag.py
[2021-12-10 08:35:04,294] {processor.py:637} INFO - DAG(s) dict_keys(['example_dag']) retrieved from /opt/airflow/dags/dummy_dag.py
[2021-12-10 08:35:04,303] {logging_mixin.py:109} INFO - [2021-12-10 08:35:04,303] {dag.py:2396} INFO - Sync 1 DAGs
[2021-12-10 08:35:04,320] {logging_mixin.py:109} INFO - [2021-12-10 08:35:04,319] {dag.py:2928} INFO - Setting next_dagrun for example_dag to 2016-01-01T00:00:00+00:00
[2021-12-10 08:35:04,330] {processor.py:171} INFO - Processing /opt/airflow/dags/dummy_dag.py took 0.068 seconds
[2021-12-10 08:35:34,465] {processor.py:163} INFO - Started process (PID=1641) to work on /opt/airflow/dags/dummy_dag.py
[2021-12-10 08:35:34,467] {processor.py:625} INFO - Processing file /opt/airflow/dags/dummy_dag.py for tasks to queue
[2021-12-10 08:35:34,468] {logging_mixin.py:109} INFO - [2021-12-10 08:35:34,468] {dagbag.py:500} INFO - Filling up the DagBag from /opt/airflow/dags/dummy_dag.py
[2021-12-10 08:35:34,494] {processor.py:637} INFO - DAG(s) dict_keys(['example_dag']) retrieved from /opt/airflow/dags/dummy_dag.py
[2021-12-10 08:35:34,503] {logging_mixin.py:109} INFO - [2021-12-10 08:35:34,503] {dag.py:2396} INFO - Sync 1 DAGs
[2021-12-10 08:35:34,521] {logging_mixin.py:109} INFO - [2021-12-10 08:35:34,521] {dag.py:2928} INFO - Setting next_dagrun for example_dag to 2016-01-01T00:00:00+00:00
[2021-12-10 08:35:34,530] {processor.py:171} INFO - Processing /opt/airflow/dags/dummy_dag.py took 0.068 seconds
[2021-12-10 08:36:04,966] {processor.py:163} INFO - Started process (PID=1694) to work on /opt/airflow/dags/dummy_dag.py
[2021-12-10 08:36:04,968] {processor.py:625} INFO - Processing file /opt/airflow/dags/dummy_dag.py for tasks to queue
[2021-12-10 08:36:04,969] {logging_mixin.py:109} INFO - [2021-12-10 08:36:04,969] {dagbag.py:500} INFO - Filling up the DagBag from /opt/airflow/dags/dummy_dag.py
[2021-12-10 08:36:04,998] {processor.py:637} INFO - DAG(s) dict_keys(['example_dag']) retrieved from /opt/airflow/dags/dummy_dag.py
[2021-12-10 08:36:05,008] {logging_mixin.py:109} INFO - [2021-12-10 08:36:05,008] {dag.py:2396} INFO - Sync 1 DAGs
[2021-12-10 08:36:05,026] {logging_mixin.py:109} INFO - [2021-12-10 08:36:05,026] {dag.py:2928} INFO - Setting next_dagrun for example_dag to 2016-01-01T00:00:00+00:00
[2021-12-10 08:36:05,037] {processor.py:171} INFO - Processing /opt/airflow/dags/dummy_dag.py took 0.074 seconds
[2021-12-10 08:36:35,385] {processor.py:163} INFO - Started process (PID=1756) to work on /opt/airflow/dags/dummy_dag.py
[2021-12-10 08:36:35,387] {processor.py:625} INFO - Processing file /opt/airflow/dags/dummy_dag.py for tasks to queue
[2021-12-10 08:36:35,388] {logging_mixin.py:109} INFO - [2021-12-10 08:36:35,388] {dagbag.py:500} INFO - Filling up the DagBag from /opt/airflow/dags/dummy_dag.py
[2021-12-10 08:36:35,415] {processor.py:637} INFO - DAG(s) dict_keys(['example_dag']) retrieved from /opt/airflow/dags/dummy_dag.py
[2021-12-10 08:36:35,424] {logging_mixin.py:109} INFO - [2021-12-10 08:36:35,424] {dag.py:2396} INFO - Sync 1 DAGs
[2021-12-10 08:36:35,442] {logging_mixin.py:109} INFO - [2021-12-10 08:36:35,442] {dag.py:2928} INFO - Setting next_dagrun for example_dag to 2016-01-01T00:00:00+00:00
[2021-12-10 08:36:35,451] {processor.py:171} INFO - Processing /opt/airflow/dags/dummy_dag.py took 0.069 seconds
[2021-12-10 08:37:05,555] {processor.py:163} INFO - Started process (PID=1809) to work on /opt/airflow/dags/dummy_dag.py
[2021-12-10 08:37:05,556] {processor.py:625} INFO - Processing file /opt/airflow/dags/dummy_dag.py for tasks to queue
[2021-12-10 08:37:05,557] {logging_mixin.py:109} INFO - [2021-12-10 08:37:05,557] {dagbag.py:500} INFO - Filling up the DagBag from /opt/airflow/dags/dummy_dag.py
[2021-12-10 08:37:05,581] {processor.py:637} INFO - DAG(s) dict_keys(['example_dag']) retrieved from /opt/airflow/dags/dummy_dag.py
[2021-12-10 08:37:05,592] {logging_mixin.py:109} INFO - [2021-12-10 08:37:05,591] {dag.py:2396} INFO - Sync 1 DAGs
[2021-12-10 08:37:05,613] {logging_mixin.py:109} INFO - [2021-12-10 08:37:05,613] {dag.py:2928} INFO - Setting next_dagrun for example_dag to 2016-01-01T00:00:00+00:00
[2021-12-10 08:37:05,623] {processor.py:171} INFO - Processing /opt/airflow/dags/dummy_dag.py took 0.072 seconds
[2021-12-10 08:37:36,262] {processor.py:163} INFO - Started process (PID=1859) to work on /opt/airflow/dags/dummy_dag.py
[2021-12-10 08:37:36,264] {processor.py:625} INFO - Processing file /opt/airflow/dags/dummy_dag.py for tasks to queue
[2021-12-10 08:37:36,265] {logging_mixin.py:109} INFO - [2021-12-10 08:37:36,264] {dagbag.py:500} INFO - Filling up the DagBag from /opt/airflow/dags/dummy_dag.py
[2021-12-10 08:37:36,290] {processor.py:637} INFO - DAG(s) dict_keys(['example_dag']) retrieved from /opt/airflow/dags/dummy_dag.py
[2021-12-10 08:37:36,300] {logging_mixin.py:109} INFO - [2021-12-10 08:37:36,300] {dag.py:2396} INFO - Sync 1 DAGs
[2021-12-10 08:37:36,317] {logging_mixin.py:109} INFO - [2021-12-10 08:37:36,317] {dag.py:2928} INFO - Setting next_dagrun for example_dag to 2016-01-01T00:00:00+00:00
[2021-12-10 08:37:36,326] {processor.py:171} INFO - Processing /opt/airflow/dags/dummy_dag.py took 0.068 seconds
[2021-12-10 08:38:06,450] {processor.py:163} INFO - Started process (PID=1920) to work on /opt/airflow/dags/dummy_dag.py
[2021-12-10 08:38:06,452] {processor.py:625} INFO - Processing file /opt/airflow/dags/dummy_dag.py for tasks to queue
[2021-12-10 08:38:06,453] {logging_mixin.py:109} INFO - [2021-12-10 08:38:06,452] {dagbag.py:500} INFO - Filling up the DagBag from /opt/airflow/dags/dummy_dag.py
[2021-12-10 08:38:06,481] {processor.py:637} INFO - DAG(s) dict_keys(['example_dag']) retrieved from /opt/airflow/dags/dummy_dag.py
[2021-12-10 08:38:06,492] {logging_mixin.py:109} INFO - [2021-12-10 08:38:06,491] {dag.py:2396} INFO - Sync 1 DAGs
[2021-12-10 08:38:06,510] {logging_mixin.py:109} INFO - [2021-12-10 08:38:06,509] {dag.py:2928} INFO - Setting next_dagrun for example_dag to 2016-01-01T00:00:00+00:00
[2021-12-10 08:38:06,518] {processor.py:171} INFO - Processing /opt/airflow/dags/dummy_dag.py took 0.072 seconds
[2021-12-10 08:38:36,844] {processor.py:163} INFO - Started process (PID=1972) to work on /opt/airflow/dags/dummy_dag.py
[2021-12-10 08:38:36,846] {processor.py:625} INFO - Processing file /opt/airflow/dags/dummy_dag.py for tasks to queue
[2021-12-10 08:38:36,847] {logging_mixin.py:109} INFO - [2021-12-10 08:38:36,847] {dagbag.py:500} INFO - Filling up the DagBag from /opt/airflow/dags/dummy_dag.py
[2021-12-10 08:38:36,871] {processor.py:637} INFO - DAG(s) dict_keys(['example_dag']) retrieved from /opt/airflow/dags/dummy_dag.py
[2021-12-10 08:38:36,881] {logging_mixin.py:109} INFO - [2021-12-10 08:38:36,881] {dag.py:2396} INFO - Sync 1 DAGs
[2021-12-10 08:38:36,900] {logging_mixin.py:109} INFO - [2021-12-10 08:38:36,900] {dag.py:2928} INFO - Setting next_dagrun for example_dag to 2016-01-01T00:00:00+00:00
[2021-12-10 08:38:36,909] {processor.py:171} INFO - Processing /opt/airflow/dags/dummy_dag.py took 0.068 seconds
[2021-12-10 08:39:07,255] {processor.py:163} INFO - Started process (PID=2033) to work on /opt/airflow/dags/dummy_dag.py
[2021-12-10 08:39:07,257] {processor.py:625} INFO - Processing file /opt/airflow/dags/dummy_dag.py for tasks to queue
[2021-12-10 08:39:07,257] {logging_mixin.py:109} INFO - [2021-12-10 08:39:07,257] {dagbag.py:500} INFO - Filling up the DagBag from /opt/airflow/dags/dummy_dag.py
[2021-12-10 08:39:07,283] {processor.py:637} INFO - DAG(s) dict_keys(['example_dag']) retrieved from /opt/airflow/dags/dummy_dag.py
[2021-12-10 08:39:07,293] {logging_mixin.py:109} INFO - [2021-12-10 08:39:07,293] {dag.py:2396} INFO - Sync 1 DAGs
[2021-12-10 08:39:07,311] {logging_mixin.py:109} INFO - [2021-12-10 08:39:07,311] {dag.py:2928} INFO - Setting next_dagrun for example_dag to 2016-01-01T00:00:00+00:00
[2021-12-10 08:39:07,320] {processor.py:171} INFO - Processing /opt/airflow/dags/dummy_dag.py took 0.070 seconds
[2021-12-10 08:39:37,521] {processor.py:163} INFO - Started process (PID=2086) to work on /opt/airflow/dags/dummy_dag.py
[2021-12-10 08:39:37,522] {processor.py:625} INFO - Processing file /opt/airflow/dags/dummy_dag.py for tasks to queue
[2021-12-10 08:39:37,523] {logging_mixin.py:109} INFO - [2021-12-10 08:39:37,523] {dagbag.py:500} INFO - Filling up the DagBag from /opt/airflow/dags/dummy_dag.py
[2021-12-10 08:39:37,551] {processor.py:637} INFO - DAG(s) dict_keys(['example_dag']) retrieved from /opt/airflow/dags/dummy_dag.py
[2021-12-10 08:39:37,561] {logging_mixin.py:109} INFO - [2021-12-10 08:39:37,561] {dag.py:2396} INFO - Sync 1 DAGs
[2021-12-10 08:39:37,580] {logging_mixin.py:109} INFO - [2021-12-10 08:39:37,580] {dag.py:2928} INFO - Setting next_dagrun for example_dag to 2016-01-01T00:00:00+00:00
[2021-12-10 08:39:37,591] {processor.py:171} INFO - Processing /opt/airflow/dags/dummy_dag.py took 0.075 seconds
[2021-12-10 08:40:07,731] {processor.py:163} INFO - Started process (PID=2140) to work on /opt/airflow/dags/dummy_dag.py
[2021-12-10 08:40:07,733] {processor.py:625} INFO - Processing file /opt/airflow/dags/dummy_dag.py for tasks to queue
[2021-12-10 08:40:07,734] {logging_mixin.py:109} INFO - [2021-12-10 08:40:07,734] {dagbag.py:500} INFO - Filling up the DagBag from /opt/airflow/dags/dummy_dag.py
[2021-12-10 08:40:07,763] {processor.py:637} INFO - DAG(s) dict_keys(['example_dag']) retrieved from /opt/airflow/dags/dummy_dag.py
[2021-12-10 08:40:07,774] {logging_mixin.py:109} INFO - [2021-12-10 08:40:07,774] {dag.py:2396} INFO - Sync 1 DAGs
[2021-12-10 08:40:07,795] {logging_mixin.py:109} INFO - [2021-12-10 08:40:07,795] {dag.py:2928} INFO - Setting next_dagrun for example_dag to 2016-01-01T00:00:00+00:00
[2021-12-10 08:40:07,803] {processor.py:171} INFO - Processing /opt/airflow/dags/dummy_dag.py took 0.076 seconds
[2021-12-10 08:40:37,878] {processor.py:163} INFO - Started process (PID=2201) to work on /opt/airflow/dags/dummy_dag.py
[2021-12-10 08:40:37,879] {processor.py:625} INFO - Processing file /opt/airflow/dags/dummy_dag.py for tasks to queue
[2021-12-10 08:40:37,880] {logging_mixin.py:109} INFO - [2021-12-10 08:40:37,880] {dagbag.py:500} INFO - Filling up the DagBag from /opt/airflow/dags/dummy_dag.py
[2021-12-10 08:40:37,905] {processor.py:637} INFO - DAG(s) dict_keys(['example_dag']) retrieved from /opt/airflow/dags/dummy_dag.py
[2021-12-10 08:40:37,915] {logging_mixin.py:109} INFO - [2021-12-10 08:40:37,915] {dag.py:2396} INFO - Sync 1 DAGs
[2021-12-10 08:40:37,933] {logging_mixin.py:109} INFO - [2021-12-10 08:40:37,932] {dag.py:2928} INFO - Setting next_dagrun for example_dag to 2016-01-01T00:00:00+00:00
[2021-12-10 08:40:37,942] {processor.py:171} INFO - Processing /opt/airflow/dags/dummy_dag.py took 0.068 seconds
[2021-12-10 08:41:08,133] {processor.py:163} INFO - Started process (PID=2254) to work on /opt/airflow/dags/dummy_dag.py
[2021-12-10 08:41:08,135] {processor.py:625} INFO - Processing file /opt/airflow/dags/dummy_dag.py for tasks to queue
[2021-12-10 08:41:08,136] {logging_mixin.py:109} INFO - [2021-12-10 08:41:08,135] {dagbag.py:500} INFO - Filling up the DagBag from /opt/airflow/dags/dummy_dag.py
[2021-12-10 08:41:08,169] {processor.py:637} INFO - DAG(s) dict_keys(['example_dag']) retrieved from /opt/airflow/dags/dummy_dag.py
[2021-12-10 08:41:08,184] {logging_mixin.py:109} INFO - [2021-12-10 08:41:08,183] {dag.py:2396} INFO - Sync 1 DAGs
[2021-12-10 08:41:08,208] {logging_mixin.py:109} INFO - [2021-12-10 08:41:08,208] {dag.py:2928} INFO - Setting next_dagrun for example_dag to 2016-01-01T00:00:00+00:00
[2021-12-10 08:41:08,222] {processor.py:171} INFO - Processing /opt/airflow/dags/dummy_dag.py took 0.092 seconds
[2021-12-10 08:41:38,300] {processor.py:163} INFO - Started process (PID=2316) to work on /opt/airflow/dags/dummy_dag.py
[2021-12-10 08:41:38,302] {processor.py:625} INFO - Processing file /opt/airflow/dags/dummy_dag.py for tasks to queue
[2021-12-10 08:41:38,303] {logging_mixin.py:109} INFO - [2021-12-10 08:41:38,303] {dagbag.py:500} INFO - Filling up the DagBag from /opt/airflow/dags/dummy_dag.py
[2021-12-10 08:41:38,331] {processor.py:637} INFO - DAG(s) dict_keys(['example_dag']) retrieved from /opt/airflow/dags/dummy_dag.py
[2021-12-10 08:41:38,341] {logging_mixin.py:109} INFO - [2021-12-10 08:41:38,341] {dag.py:2396} INFO - Sync 1 DAGs
[2021-12-10 08:41:38,359] {logging_mixin.py:109} INFO - [2021-12-10 08:41:38,359] {dag.py:2928} INFO - Setting next_dagrun for example_dag to 2016-01-01T00:00:00+00:00
[2021-12-10 08:41:38,369] {processor.py:171} INFO - Processing /opt/airflow/dags/dummy_dag.py took 0.072 seconds
[2021-12-10 08:42:08,758] {processor.py:163} INFO - Started process (PID=2370) to work on /opt/airflow/dags/dummy_dag.py
[2021-12-10 08:42:08,760] {processor.py:625} INFO - Processing file /opt/airflow/dags/dummy_dag.py for tasks to queue
[2021-12-10 08:42:08,760] {logging_mixin.py:109} INFO - [2021-12-10 08:42:08,760] {dagbag.py:500} INFO - Filling up the DagBag from /opt/airflow/dags/dummy_dag.py
[2021-12-10 08:42:08,785] {processor.py:637} INFO - DAG(s) dict_keys(['example_dag']) retrieved from /opt/airflow/dags/dummy_dag.py
[2021-12-10 08:42:08,794] {logging_mixin.py:109} INFO - [2021-12-10 08:42:08,794] {dag.py:2396} INFO - Sync 1 DAGs
[2021-12-10 08:42:08,810] {logging_mixin.py:109} INFO - [2021-12-10 08:42:08,810] {dag.py:2928} INFO - Setting next_dagrun for example_dag to 2016-01-01T00:00:00+00:00
[2021-12-10 08:42:08,821] {processor.py:171} INFO - Processing /opt/airflow/dags/dummy_dag.py took 0.066 seconds
[2021-12-10 08:42:38,868] {processor.py:163} INFO - Started process (PID=2422) to work on /opt/airflow/dags/dummy_dag.py
[2021-12-10 08:42:38,870] {processor.py:625} INFO - Processing file /opt/airflow/dags/dummy_dag.py for tasks to queue
[2021-12-10 08:42:38,871] {logging_mixin.py:109} INFO - [2021-12-10 08:42:38,871] {dagbag.py:500} INFO - Filling up the DagBag from /opt/airflow/dags/dummy_dag.py
[2021-12-10 08:42:38,896] {processor.py:637} INFO - DAG(s) dict_keys(['example_dag']) retrieved from /opt/airflow/dags/dummy_dag.py
[2021-12-10 08:42:38,907] {logging_mixin.py:109} INFO - [2021-12-10 08:42:38,907] {dag.py:2396} INFO - Sync 1 DAGs
[2021-12-10 08:42:38,929] {logging_mixin.py:109} INFO - [2021-12-10 08:42:38,929] {dag.py:2928} INFO - Setting next_dagrun for example_dag to 2016-01-01T00:00:00+00:00
[2021-12-10 08:42:38,938] {processor.py:171} INFO - Processing /opt/airflow/dags/dummy_dag.py took 0.073 seconds
[2021-12-10 08:43:09,255] {processor.py:163} INFO - Started process (PID=2484) to work on /opt/airflow/dags/dummy_dag.py
[2021-12-10 08:43:09,256] {processor.py:625} INFO - Processing file /opt/airflow/dags/dummy_dag.py for tasks to queue
[2021-12-10 08:43:09,257] {logging_mixin.py:109} INFO - [2021-12-10 08:43:09,257] {dagbag.py:500} INFO - Filling up the DagBag from /opt/airflow/dags/dummy_dag.py
[2021-12-10 08:43:09,285] {processor.py:637} INFO - DAG(s) dict_keys(['example_dag']) retrieved from /opt/airflow/dags/dummy_dag.py
[2021-12-10 08:43:09,297] {logging_mixin.py:109} INFO - [2021-12-10 08:43:09,297] {dag.py:2396} INFO - Sync 1 DAGs
[2021-12-10 08:43:09,316] {logging_mixin.py:109} INFO - [2021-12-10 08:43:09,316] {dag.py:2928} INFO - Setting next_dagrun for example_dag to 2016-01-01T00:00:00+00:00
[2021-12-10 08:43:09,326] {processor.py:171} INFO - Processing /opt/airflow/dags/dummy_dag.py took 0.076 seconds
[2021-12-10 08:43:39,562] {processor.py:163} INFO - Started process (PID=2535) to work on /opt/airflow/dags/dummy_dag.py
[2021-12-10 08:43:39,564] {processor.py:625} INFO - Processing file /opt/airflow/dags/dummy_dag.py for tasks to queue
[2021-12-10 08:43:39,565] {logging_mixin.py:109} INFO - [2021-12-10 08:43:39,565] {dagbag.py:500} INFO - Filling up the DagBag from /opt/airflow/dags/dummy_dag.py
[2021-12-10 08:43:39,594] {processor.py:637} INFO - DAG(s) dict_keys(['example_dag']) retrieved from /opt/airflow/dags/dummy_dag.py
[2021-12-10 08:43:39,604] {logging_mixin.py:109} INFO - [2021-12-10 08:43:39,604] {dag.py:2396} INFO - Sync 1 DAGs
[2021-12-10 08:43:39,621] {logging_mixin.py:109} INFO - [2021-12-10 08:43:39,621] {dag.py:2928} INFO - Setting next_dagrun for example_dag to 2016-01-01T00:00:00+00:00
[2021-12-10 08:43:39,631] {processor.py:171} INFO - Processing /opt/airflow/dags/dummy_dag.py took 0.073 seconds
[2021-12-10 08:44:09,895] {processor.py:163} INFO - Started process (PID=2597) to work on /opt/airflow/dags/dummy_dag.py
[2021-12-10 08:44:09,896] {processor.py:625} INFO - Processing file /opt/airflow/dags/dummy_dag.py for tasks to queue
[2021-12-10 08:44:09,897] {logging_mixin.py:109} INFO - [2021-12-10 08:44:09,897] {dagbag.py:500} INFO - Filling up the DagBag from /opt/airflow/dags/dummy_dag.py
[2021-12-10 08:44:09,924] {processor.py:637} INFO - DAG(s) dict_keys(['example_dag']) retrieved from /opt/airflow/dags/dummy_dag.py
[2021-12-10 08:44:09,936] {logging_mixin.py:109} INFO - [2021-12-10 08:44:09,936] {dag.py:2396} INFO - Sync 1 DAGs
[2021-12-10 08:44:09,955] {logging_mixin.py:109} INFO - [2021-12-10 08:44:09,955] {dag.py:2928} INFO - Setting next_dagrun for example_dag to 2016-01-01T00:00:00+00:00
[2021-12-10 08:44:09,964] {processor.py:171} INFO - Processing /opt/airflow/dags/dummy_dag.py took 0.073 seconds
[2021-12-10 08:44:40,592] {processor.py:163} INFO - Started process (PID=2650) to work on /opt/airflow/dags/dummy_dag.py
[2021-12-10 08:44:40,594] {processor.py:625} INFO - Processing file /opt/airflow/dags/dummy_dag.py for tasks to queue
[2021-12-10 08:44:40,595] {logging_mixin.py:109} INFO - [2021-12-10 08:44:40,595] {dagbag.py:500} INFO - Filling up the DagBag from /opt/airflow/dags/dummy_dag.py
[2021-12-10 08:44:40,626] {processor.py:637} INFO - DAG(s) dict_keys(['example_dag']) retrieved from /opt/airflow/dags/dummy_dag.py
[2021-12-10 08:44:40,639] {logging_mixin.py:109} INFO - [2021-12-10 08:44:40,639] {dag.py:2396} INFO - Sync 1 DAGs
[2021-12-10 08:44:40,661] {logging_mixin.py:109} INFO - [2021-12-10 08:44:40,661] {dag.py:2928} INFO - Setting next_dagrun for example_dag to 2016-01-01T00:00:00+00:00
[2021-12-10 08:44:40,670] {processor.py:171} INFO - Processing /opt/airflow/dags/dummy_dag.py took 0.082 seconds
[2021-12-10 08:45:11,163] {processor.py:163} INFO - Started process (PID=2703) to work on /opt/airflow/dags/dummy_dag.py
[2021-12-10 08:45:11,166] {processor.py:625} INFO - Processing file /opt/airflow/dags/dummy_dag.py for tasks to queue
[2021-12-10 08:45:11,166] {logging_mixin.py:109} INFO - [2021-12-10 08:45:11,166] {dagbag.py:500} INFO - Filling up the DagBag from /opt/airflow/dags/dummy_dag.py
[2021-12-10 08:45:11,192] {processor.py:637} INFO - DAG(s) dict_keys(['example_dag']) retrieved from /opt/airflow/dags/dummy_dag.py
[2021-12-10 08:45:11,202] {logging_mixin.py:109} INFO - [2021-12-10 08:45:11,202] {dag.py:2396} INFO - Sync 1 DAGs
[2021-12-10 08:45:11,220] {logging_mixin.py:109} INFO - [2021-12-10 08:45:11,220] {dag.py:2928} INFO - Setting next_dagrun for example_dag to 2016-01-01T00:00:00+00:00
[2021-12-10 08:45:11,229] {processor.py:171} INFO - Processing /opt/airflow/dags/dummy_dag.py took 0.070 seconds
[2021-12-10 08:45:41,566] {processor.py:163} INFO - Started process (PID=2765) to work on /opt/airflow/dags/dummy_dag.py
[2021-12-10 08:45:41,568] {processor.py:625} INFO - Processing file /opt/airflow/dags/dummy_dag.py for tasks to queue
[2021-12-10 08:45:41,568] {logging_mixin.py:109} INFO - [2021-12-10 08:45:41,568] {dagbag.py:500} INFO - Filling up the DagBag from /opt/airflow/dags/dummy_dag.py
[2021-12-10 08:45:41,596] {processor.py:637} INFO - DAG(s) dict_keys(['example_dag']) retrieved from /opt/airflow/dags/dummy_dag.py
[2021-12-10 08:45:41,606] {logging_mixin.py:109} INFO - [2021-12-10 08:45:41,606] {dag.py:2396} INFO - Sync 1 DAGs
[2021-12-10 08:45:41,623] {logging_mixin.py:109} INFO - [2021-12-10 08:45:41,623] {dag.py:2928} INFO - Setting next_dagrun for example_dag to 2016-01-01T00:00:00+00:00
[2021-12-10 08:45:41,632] {processor.py:171} INFO - Processing /opt/airflow/dags/dummy_dag.py took 0.070 seconds
[2021-12-10 08:46:11,938] {processor.py:163} INFO - Started process (PID=2817) to work on /opt/airflow/dags/dummy_dag.py
[2021-12-10 08:46:11,940] {processor.py:625} INFO - Processing file /opt/airflow/dags/dummy_dag.py for tasks to queue
[2021-12-10 08:46:11,941] {logging_mixin.py:109} INFO - [2021-12-10 08:46:11,941] {dagbag.py:500} INFO - Filling up the DagBag from /opt/airflow/dags/dummy_dag.py
[2021-12-10 08:46:11,970] {processor.py:637} INFO - DAG(s) dict_keys(['example_dag']) retrieved from /opt/airflow/dags/dummy_dag.py
[2021-12-10 08:46:11,979] {logging_mixin.py:109} INFO - [2021-12-10 08:46:11,979] {dag.py:2396} INFO - Sync 1 DAGs
[2021-12-10 08:46:11,996] {logging_mixin.py:109} INFO - [2021-12-10 08:46:11,996] {dag.py:2928} INFO - Setting next_dagrun for example_dag to 2016-01-01T00:00:00+00:00
[2021-12-10 08:46:12,004] {processor.py:171} INFO - Processing /opt/airflow/dags/dummy_dag.py took 0.070 seconds
[2021-12-10 08:46:42,354] {processor.py:163} INFO - Started process (PID=2878) to work on /opt/airflow/dags/dummy_dag.py
[2021-12-10 08:46:42,356] {processor.py:625} INFO - Processing file /opt/airflow/dags/dummy_dag.py for tasks to queue
[2021-12-10 08:46:42,357] {logging_mixin.py:109} INFO - [2021-12-10 08:46:42,356] {dagbag.py:500} INFO - Filling up the DagBag from /opt/airflow/dags/dummy_dag.py
[2021-12-10 08:46:42,385] {processor.py:637} INFO - DAG(s) dict_keys(['example_dag']) retrieved from /opt/airflow/dags/dummy_dag.py
[2021-12-10 08:46:42,398] {logging_mixin.py:109} INFO - [2021-12-10 08:46:42,397] {dag.py:2396} INFO - Sync 1 DAGs
[2021-12-10 08:46:42,418] {logging_mixin.py:109} INFO - [2021-12-10 08:46:42,417] {dag.py:2928} INFO - Setting next_dagrun for example_dag to 2016-01-01T00:00:00+00:00
[2021-12-10 08:46:42,427] {processor.py:171} INFO - Processing /opt/airflow/dags/dummy_dag.py took 0.076 seconds
[2021-12-10 08:47:13,177] {processor.py:163} INFO - Started process (PID=2930) to work on /opt/airflow/dags/dummy_dag.py
[2021-12-10 08:47:13,179] {processor.py:625} INFO - Processing file /opt/airflow/dags/dummy_dag.py for tasks to queue
[2021-12-10 08:47:13,179] {logging_mixin.py:109} INFO - [2021-12-10 08:47:13,179] {dagbag.py:500} INFO - Filling up the DagBag from /opt/airflow/dags/dummy_dag.py
[2021-12-10 08:47:13,208] {processor.py:637} INFO - DAG(s) dict_keys(['example_dag']) retrieved from /opt/airflow/dags/dummy_dag.py
[2021-12-10 08:47:13,218] {logging_mixin.py:109} INFO - [2021-12-10 08:47:13,218] {dag.py:2396} INFO - Sync 1 DAGs
[2021-12-10 08:47:13,340] {logging_mixin.py:109} INFO - [2021-12-10 08:47:13,340] {dag.py:2928} INFO - Setting next_dagrun for example_dag to 2016-01-01T00:00:00+00:00
[2021-12-10 08:47:13,353] {processor.py:171} INFO - Processing /opt/airflow/dags/dummy_dag.py took 0.180 seconds
