[2021-12-13 19:34:34,566] {taskinstance.py:1035} INFO - Dependencies all met for <TaskInstance: postgres_operator_dag.get_birth_date manual__2021-12-13T19:34:30.593116+00:00 [queued]>
[2021-12-13 19:34:34,578] {taskinstance.py:1035} INFO - Dependencies all met for <TaskInstance: postgres_operator_dag.get_birth_date manual__2021-12-13T19:34:30.593116+00:00 [queued]>
[2021-12-13 19:34:34,578] {taskinstance.py:1241} INFO - 
--------------------------------------------------------------------------------
[2021-12-13 19:34:34,578] {taskinstance.py:1242} INFO - Starting attempt 1 of 1
[2021-12-13 19:34:34,578] {taskinstance.py:1243} INFO - 
--------------------------------------------------------------------------------
[2021-12-13 19:34:34,590] {taskinstance.py:1262} INFO - Executing <Task(PostgresOperator): get_birth_date> on 2021-12-13 19:34:30.593116+00:00
[2021-12-13 19:34:34,595] {standard_task_runner.py:52} INFO - Started process 874 to run task
[2021-12-13 19:34:34,599] {standard_task_runner.py:76} INFO - Running: ['***', 'tasks', 'run', 'postgres_operator_dag', 'get_birth_date', 'manual__2021-12-13T19:34:30.593116+00:00', '--job-id', '10', '--raw', '--subdir', 'DAGS_FOLDER/example_postgres.py', '--cfg-path', '/tmp/tmp9kgv_15f', '--error-file', '/tmp/tmp7ygbk4ua']
[2021-12-13 19:34:34,600] {standard_task_runner.py:77} INFO - Job 10: Subtask get_birth_date
[2021-12-13 19:34:34,643] {logging_mixin.py:109} INFO - Running <TaskInstance: postgres_operator_dag.get_birth_date manual__2021-12-13T19:34:30.593116+00:00 [running]> on host ef07609851a1
[2021-12-13 19:34:34,698] {taskinstance.py:1429} INFO - Exporting the following env vars:
AIRFLOW_CTX_DAG_OWNER=***
AIRFLOW_CTX_DAG_ID=postgres_operator_dag
AIRFLOW_CTX_TASK_ID=get_birth_date
AIRFLOW_CTX_EXECUTION_DATE=2021-12-13T19:34:30.593116+00:00
AIRFLOW_CTX_DAG_RUN_ID=manual__2021-12-13T19:34:30.593116+00:00
[2021-12-13 19:34:34,708] {base.py:79} INFO - Using connection to: id: postgres_***_db. Host: postgres-***, Port: 5432, Schema: , Login: ***, Password: ***, extra: {}
[2021-12-13 19:34:34,712] {dbapi.py:225} INFO - Running statement: 
            SELECT * FROM pet
            WHERE birth_date
            BETWEEN SYMMETRIC DATE '2020-01-01' AND DATE '2020-12-31';
            , parameters: None
[2021-12-13 19:34:34,713] {dbapi.py:233} INFO - Rows affected: 2
[2021-12-13 19:34:34,728] {taskinstance.py:1280} INFO - Marking task as SUCCESS. dag_id=postgres_operator_dag, task_id=get_birth_date, execution_date=20211213T193430, start_date=20211213T193434, end_date=20211213T193434
[2021-12-13 19:34:34,771] {local_task_job.py:154} INFO - Task exited with return code 0
[2021-12-13 19:34:34,802] {local_task_job.py:264} INFO - 0 downstream tasks scheduled from follow-on schedule check
