[2021-12-10 08:23:57,292] {processor.py:163} INFO - Started process (PID=346) to work on /home/airflow/.local/lib/python3.7/site-packages/airflow/example_dags/plugins/workday.py
[2021-12-10 08:23:57,293] {processor.py:625} INFO - Processing file /home/airflow/.local/lib/python3.7/site-packages/airflow/example_dags/plugins/workday.py for tasks to queue
[2021-12-10 08:23:57,293] {logging_mixin.py:109} INFO - [2021-12-10 08:23:57,293] {dagbag.py:500} INFO - Filling up the DagBag from /home/airflow/.local/lib/python3.7/site-packages/airflow/example_dags/plugins/workday.py
[2021-12-10 08:23:57,312] {processor.py:639} WARNING - No viable dags retrieved from /home/airflow/.local/lib/python3.7/site-packages/airflow/example_dags/plugins/workday.py
[2021-12-10 08:23:57,316] {processor.py:171} INFO - Processing /home/airflow/.local/lib/python3.7/site-packages/airflow/example_dags/plugins/workday.py took 0.028 seconds
[2021-12-10 08:24:27,902] {processor.py:163} INFO - Started process (PID=409) to work on /home/airflow/.local/lib/python3.7/site-packages/airflow/example_dags/plugins/workday.py
[2021-12-10 08:24:27,903] {processor.py:625} INFO - Processing file /home/airflow/.local/lib/python3.7/site-packages/airflow/example_dags/plugins/workday.py for tasks to queue
[2021-12-10 08:24:27,903] {logging_mixin.py:109} INFO - [2021-12-10 08:24:27,903] {dagbag.py:500} INFO - Filling up the DagBag from /home/airflow/.local/lib/python3.7/site-packages/airflow/example_dags/plugins/workday.py
[2021-12-10 08:24:27,923] {processor.py:639} WARNING - No viable dags retrieved from /home/airflow/.local/lib/python3.7/site-packages/airflow/example_dags/plugins/workday.py
[2021-12-10 08:24:27,927] {processor.py:171} INFO - Processing /home/airflow/.local/lib/python3.7/site-packages/airflow/example_dags/plugins/workday.py took 0.029 seconds
[2021-12-10 08:24:58,289] {processor.py:163} INFO - Started process (PID=460) to work on /home/airflow/.local/lib/python3.7/site-packages/airflow/example_dags/plugins/workday.py
[2021-12-10 08:24:58,291] {processor.py:625} INFO - Processing file /home/airflow/.local/lib/python3.7/site-packages/airflow/example_dags/plugins/workday.py for tasks to queue
[2021-12-10 08:24:58,292] {logging_mixin.py:109} INFO - [2021-12-10 08:24:58,292] {dagbag.py:500} INFO - Filling up the DagBag from /home/airflow/.local/lib/python3.7/site-packages/airflow/example_dags/plugins/workday.py
[2021-12-10 08:24:58,311] {processor.py:639} WARNING - No viable dags retrieved from /home/airflow/.local/lib/python3.7/site-packages/airflow/example_dags/plugins/workday.py
[2021-12-10 08:24:58,314] {processor.py:171} INFO - Processing /home/airflow/.local/lib/python3.7/site-packages/airflow/example_dags/plugins/workday.py took 0.029 seconds
[2021-12-10 08:25:28,614] {processor.py:163} INFO - Started process (PID=522) to work on /home/airflow/.local/lib/python3.7/site-packages/airflow/example_dags/plugins/workday.py
[2021-12-10 08:25:28,615] {processor.py:625} INFO - Processing file /home/airflow/.local/lib/python3.7/site-packages/airflow/example_dags/plugins/workday.py for tasks to queue
[2021-12-10 08:25:28,616] {logging_mixin.py:109} INFO - [2021-12-10 08:25:28,616] {dagbag.py:500} INFO - Filling up the DagBag from /home/airflow/.local/lib/python3.7/site-packages/airflow/example_dags/plugins/workday.py
[2021-12-10 08:25:28,633] {processor.py:639} WARNING - No viable dags retrieved from /home/airflow/.local/lib/python3.7/site-packages/airflow/example_dags/plugins/workday.py
[2021-12-10 08:25:28,638] {processor.py:171} INFO - Processing /home/airflow/.local/lib/python3.7/site-packages/airflow/example_dags/plugins/workday.py took 0.027 seconds
[2021-12-10 08:25:59,009] {processor.py:163} INFO - Started process (PID=575) to work on /home/airflow/.local/lib/python3.7/site-packages/airflow/example_dags/plugins/workday.py
[2021-12-10 08:25:59,011] {processor.py:625} INFO - Processing file /home/airflow/.local/lib/python3.7/site-packages/airflow/example_dags/plugins/workday.py for tasks to queue
[2021-12-10 08:25:59,011] {logging_mixin.py:109} INFO - [2021-12-10 08:25:59,011] {dagbag.py:500} INFO - Filling up the DagBag from /home/airflow/.local/lib/python3.7/site-packages/airflow/example_dags/plugins/workday.py
[2021-12-10 08:25:59,031] {processor.py:639} WARNING - No viable dags retrieved from /home/airflow/.local/lib/python3.7/site-packages/airflow/example_dags/plugins/workday.py
[2021-12-10 08:25:59,034] {processor.py:171} INFO - Processing /home/airflow/.local/lib/python3.7/site-packages/airflow/example_dags/plugins/workday.py took 0.028 seconds
[2021-12-10 08:26:29,532] {processor.py:163} INFO - Started process (PID=636) to work on /home/airflow/.local/lib/python3.7/site-packages/airflow/example_dags/plugins/workday.py
[2021-12-10 08:26:29,533] {processor.py:625} INFO - Processing file /home/airflow/.local/lib/python3.7/site-packages/airflow/example_dags/plugins/workday.py for tasks to queue
[2021-12-10 08:26:29,534] {logging_mixin.py:109} INFO - [2021-12-10 08:26:29,534] {dagbag.py:500} INFO - Filling up the DagBag from /home/airflow/.local/lib/python3.7/site-packages/airflow/example_dags/plugins/workday.py
[2021-12-10 08:26:29,553] {processor.py:639} WARNING - No viable dags retrieved from /home/airflow/.local/lib/python3.7/site-packages/airflow/example_dags/plugins/workday.py
[2021-12-10 08:26:29,556] {processor.py:171} INFO - Processing /home/airflow/.local/lib/python3.7/site-packages/airflow/example_dags/plugins/workday.py took 0.028 seconds
[2021-12-10 08:26:59,749] {processor.py:163} INFO - Started process (PID=691) to work on /home/airflow/.local/lib/python3.7/site-packages/airflow/example_dags/plugins/workday.py
[2021-12-10 08:26:59,751] {processor.py:625} INFO - Processing file /home/airflow/.local/lib/python3.7/site-packages/airflow/example_dags/plugins/workday.py for tasks to queue
[2021-12-10 08:26:59,752] {logging_mixin.py:109} INFO - [2021-12-10 08:26:59,751] {dagbag.py:500} INFO - Filling up the DagBag from /home/airflow/.local/lib/python3.7/site-packages/airflow/example_dags/plugins/workday.py
[2021-12-10 08:26:59,771] {processor.py:639} WARNING - No viable dags retrieved from /home/airflow/.local/lib/python3.7/site-packages/airflow/example_dags/plugins/workday.py
[2021-12-10 08:26:59,774] {processor.py:171} INFO - Processing /home/airflow/.local/lib/python3.7/site-packages/airflow/example_dags/plugins/workday.py took 0.029 seconds
[2021-12-10 08:27:29,961] {processor.py:163} INFO - Started process (PID=743) to work on /home/airflow/.local/lib/python3.7/site-packages/airflow/example_dags/plugins/workday.py
[2021-12-10 08:27:29,962] {processor.py:625} INFO - Processing file /home/airflow/.local/lib/python3.7/site-packages/airflow/example_dags/plugins/workday.py for tasks to queue
[2021-12-10 08:27:29,963] {logging_mixin.py:109} INFO - [2021-12-10 08:27:29,963] {dagbag.py:500} INFO - Filling up the DagBag from /home/airflow/.local/lib/python3.7/site-packages/airflow/example_dags/plugins/workday.py
[2021-12-10 08:27:29,980] {processor.py:639} WARNING - No viable dags retrieved from /home/airflow/.local/lib/python3.7/site-packages/airflow/example_dags/plugins/workday.py
[2021-12-10 08:27:29,984] {processor.py:171} INFO - Processing /home/airflow/.local/lib/python3.7/site-packages/airflow/example_dags/plugins/workday.py took 0.027 seconds
[2021-12-10 08:28:00,166] {processor.py:163} INFO - Started process (PID=805) to work on /home/airflow/.local/lib/python3.7/site-packages/airflow/example_dags/plugins/workday.py
[2021-12-10 08:28:00,167] {processor.py:625} INFO - Processing file /home/airflow/.local/lib/python3.7/site-packages/airflow/example_dags/plugins/workday.py for tasks to queue
[2021-12-10 08:28:00,168] {logging_mixin.py:109} INFO - [2021-12-10 08:28:00,168] {dagbag.py:500} INFO - Filling up the DagBag from /home/airflow/.local/lib/python3.7/site-packages/airflow/example_dags/plugins/workday.py
[2021-12-10 08:28:00,191] {processor.py:639} WARNING - No viable dags retrieved from /home/airflow/.local/lib/python3.7/site-packages/airflow/example_dags/plugins/workday.py
[2021-12-10 08:28:00,195] {processor.py:171} INFO - Processing /home/airflow/.local/lib/python3.7/site-packages/airflow/example_dags/plugins/workday.py took 0.033 seconds
[2021-12-10 08:28:30,412] {processor.py:163} INFO - Started process (PID=857) to work on /home/airflow/.local/lib/python3.7/site-packages/airflow/example_dags/plugins/workday.py
[2021-12-10 08:28:30,413] {processor.py:625} INFO - Processing file /home/airflow/.local/lib/python3.7/site-packages/airflow/example_dags/plugins/workday.py for tasks to queue
[2021-12-10 08:28:30,414] {logging_mixin.py:109} INFO - [2021-12-10 08:28:30,414] {dagbag.py:500} INFO - Filling up the DagBag from /home/airflow/.local/lib/python3.7/site-packages/airflow/example_dags/plugins/workday.py
[2021-12-10 08:28:30,435] {processor.py:639} WARNING - No viable dags retrieved from /home/airflow/.local/lib/python3.7/site-packages/airflow/example_dags/plugins/workday.py
[2021-12-10 08:28:30,439] {processor.py:171} INFO - Processing /home/airflow/.local/lib/python3.7/site-packages/airflow/example_dags/plugins/workday.py took 0.031 seconds
[2021-12-10 08:29:00,699] {processor.py:163} INFO - Started process (PID=918) to work on /home/airflow/.local/lib/python3.7/site-packages/airflow/example_dags/plugins/workday.py
[2021-12-10 08:29:00,700] {processor.py:625} INFO - Processing file /home/airflow/.local/lib/python3.7/site-packages/airflow/example_dags/plugins/workday.py for tasks to queue
[2021-12-10 08:29:00,701] {logging_mixin.py:109} INFO - [2021-12-10 08:29:00,701] {dagbag.py:500} INFO - Filling up the DagBag from /home/airflow/.local/lib/python3.7/site-packages/airflow/example_dags/plugins/workday.py
[2021-12-10 08:29:00,718] {processor.py:639} WARNING - No viable dags retrieved from /home/airflow/.local/lib/python3.7/site-packages/airflow/example_dags/plugins/workday.py
[2021-12-10 08:29:00,721] {processor.py:171} INFO - Processing /home/airflow/.local/lib/python3.7/site-packages/airflow/example_dags/plugins/workday.py took 0.025 seconds
[2021-12-10 08:29:31,516] {processor.py:163} INFO - Started process (PID=970) to work on /home/airflow/.local/lib/python3.7/site-packages/airflow/example_dags/plugins/workday.py
[2021-12-10 08:29:31,517] {processor.py:625} INFO - Processing file /home/airflow/.local/lib/python3.7/site-packages/airflow/example_dags/plugins/workday.py for tasks to queue
[2021-12-10 08:29:31,518] {logging_mixin.py:109} INFO - [2021-12-10 08:29:31,518] {dagbag.py:500} INFO - Filling up the DagBag from /home/airflow/.local/lib/python3.7/site-packages/airflow/example_dags/plugins/workday.py
[2021-12-10 08:29:31,536] {processor.py:639} WARNING - No viable dags retrieved from /home/airflow/.local/lib/python3.7/site-packages/airflow/example_dags/plugins/workday.py
[2021-12-10 08:29:31,540] {processor.py:171} INFO - Processing /home/airflow/.local/lib/python3.7/site-packages/airflow/example_dags/plugins/workday.py took 0.028 seconds
[2021-12-10 08:30:01,948] {processor.py:163} INFO - Started process (PID=1022) to work on /home/airflow/.local/lib/python3.7/site-packages/airflow/example_dags/plugins/workday.py
[2021-12-10 08:30:01,949] {processor.py:625} INFO - Processing file /home/airflow/.local/lib/python3.7/site-packages/airflow/example_dags/plugins/workday.py for tasks to queue
[2021-12-10 08:30:01,950] {logging_mixin.py:109} INFO - [2021-12-10 08:30:01,950] {dagbag.py:500} INFO - Filling up the DagBag from /home/airflow/.local/lib/python3.7/site-packages/airflow/example_dags/plugins/workday.py
[2021-12-10 08:30:01,968] {processor.py:639} WARNING - No viable dags retrieved from /home/airflow/.local/lib/python3.7/site-packages/airflow/example_dags/plugins/workday.py
[2021-12-10 08:30:01,972] {processor.py:171} INFO - Processing /home/airflow/.local/lib/python3.7/site-packages/airflow/example_dags/plugins/workday.py took 0.028 seconds
[2021-12-10 08:30:32,239] {processor.py:163} INFO - Started process (PID=1085) to work on /home/airflow/.local/lib/python3.7/site-packages/airflow/example_dags/plugins/workday.py
[2021-12-10 08:30:32,240] {processor.py:625} INFO - Processing file /home/airflow/.local/lib/python3.7/site-packages/airflow/example_dags/plugins/workday.py for tasks to queue
[2021-12-10 08:30:32,241] {logging_mixin.py:109} INFO - [2021-12-10 08:30:32,241] {dagbag.py:500} INFO - Filling up the DagBag from /home/airflow/.local/lib/python3.7/site-packages/airflow/example_dags/plugins/workday.py
[2021-12-10 08:30:32,260] {processor.py:639} WARNING - No viable dags retrieved from /home/airflow/.local/lib/python3.7/site-packages/airflow/example_dags/plugins/workday.py
[2021-12-10 08:30:32,263] {processor.py:171} INFO - Processing /home/airflow/.local/lib/python3.7/site-packages/airflow/example_dags/plugins/workday.py took 0.028 seconds
[2021-12-10 08:31:02,604] {processor.py:163} INFO - Started process (PID=1138) to work on /home/airflow/.local/lib/python3.7/site-packages/airflow/example_dags/plugins/workday.py
[2021-12-10 08:31:02,605] {processor.py:625} INFO - Processing file /home/airflow/.local/lib/python3.7/site-packages/airflow/example_dags/plugins/workday.py for tasks to queue
[2021-12-10 08:31:02,606] {logging_mixin.py:109} INFO - [2021-12-10 08:31:02,606] {dagbag.py:500} INFO - Filling up the DagBag from /home/airflow/.local/lib/python3.7/site-packages/airflow/example_dags/plugins/workday.py
[2021-12-10 08:31:02,625] {processor.py:639} WARNING - No viable dags retrieved from /home/airflow/.local/lib/python3.7/site-packages/airflow/example_dags/plugins/workday.py
[2021-12-10 08:31:02,629] {processor.py:171} INFO - Processing /home/airflow/.local/lib/python3.7/site-packages/airflow/example_dags/plugins/workday.py took 0.029 seconds
[2021-12-10 08:31:33,649] {processor.py:163} INFO - Started process (PID=1200) to work on /home/airflow/.local/lib/python3.7/site-packages/airflow/example_dags/plugins/workday.py
[2021-12-10 08:31:33,651] {processor.py:625} INFO - Processing file /home/airflow/.local/lib/python3.7/site-packages/airflow/example_dags/plugins/workday.py for tasks to queue
[2021-12-10 08:31:33,651] {logging_mixin.py:109} INFO - [2021-12-10 08:31:33,651] {dagbag.py:500} INFO - Filling up the DagBag from /home/airflow/.local/lib/python3.7/site-packages/airflow/example_dags/plugins/workday.py
[2021-12-10 08:31:33,669] {processor.py:639} WARNING - No viable dags retrieved from /home/airflow/.local/lib/python3.7/site-packages/airflow/example_dags/plugins/workday.py
[2021-12-10 08:31:33,672] {processor.py:171} INFO - Processing /home/airflow/.local/lib/python3.7/site-packages/airflow/example_dags/plugins/workday.py took 0.027 seconds
[2021-12-10 08:32:04,107] {processor.py:163} INFO - Started process (PID=1253) to work on /home/airflow/.local/lib/python3.7/site-packages/airflow/example_dags/plugins/workday.py
[2021-12-10 08:32:04,109] {processor.py:625} INFO - Processing file /home/airflow/.local/lib/python3.7/site-packages/airflow/example_dags/plugins/workday.py for tasks to queue
[2021-12-10 08:32:04,109] {logging_mixin.py:109} INFO - [2021-12-10 08:32:04,109] {dagbag.py:500} INFO - Filling up the DagBag from /home/airflow/.local/lib/python3.7/site-packages/airflow/example_dags/plugins/workday.py
[2021-12-10 08:32:04,128] {processor.py:639} WARNING - No viable dags retrieved from /home/airflow/.local/lib/python3.7/site-packages/airflow/example_dags/plugins/workday.py
[2021-12-10 08:32:04,131] {processor.py:171} INFO - Processing /home/airflow/.local/lib/python3.7/site-packages/airflow/example_dags/plugins/workday.py took 0.028 seconds
[2021-12-10 08:32:34,264] {processor.py:163} INFO - Started process (PID=1305) to work on /home/airflow/.local/lib/python3.7/site-packages/airflow/example_dags/plugins/workday.py
[2021-12-10 08:32:34,266] {processor.py:625} INFO - Processing file /home/airflow/.local/lib/python3.7/site-packages/airflow/example_dags/plugins/workday.py for tasks to queue
[2021-12-10 08:32:34,267] {logging_mixin.py:109} INFO - [2021-12-10 08:32:34,266] {dagbag.py:500} INFO - Filling up the DagBag from /home/airflow/.local/lib/python3.7/site-packages/airflow/example_dags/plugins/workday.py
[2021-12-10 08:32:34,286] {processor.py:639} WARNING - No viable dags retrieved from /home/airflow/.local/lib/python3.7/site-packages/airflow/example_dags/plugins/workday.py
[2021-12-10 08:32:34,289] {processor.py:171} INFO - Processing /home/airflow/.local/lib/python3.7/site-packages/airflow/example_dags/plugins/workday.py took 0.030 seconds
[2021-12-10 08:33:04,437] {processor.py:163} INFO - Started process (PID=1366) to work on /home/airflow/.local/lib/python3.7/site-packages/airflow/example_dags/plugins/workday.py
[2021-12-10 08:33:04,438] {processor.py:625} INFO - Processing file /home/airflow/.local/lib/python3.7/site-packages/airflow/example_dags/plugins/workday.py for tasks to queue
[2021-12-10 08:33:04,439] {logging_mixin.py:109} INFO - [2021-12-10 08:33:04,439] {dagbag.py:500} INFO - Filling up the DagBag from /home/airflow/.local/lib/python3.7/site-packages/airflow/example_dags/plugins/workday.py
[2021-12-10 08:33:04,458] {processor.py:639} WARNING - No viable dags retrieved from /home/airflow/.local/lib/python3.7/site-packages/airflow/example_dags/plugins/workday.py
[2021-12-10 08:33:04,461] {processor.py:171} INFO - Processing /home/airflow/.local/lib/python3.7/site-packages/airflow/example_dags/plugins/workday.py took 0.028 seconds
[2021-12-10 08:33:34,762] {processor.py:163} INFO - Started process (PID=1419) to work on /home/airflow/.local/lib/python3.7/site-packages/airflow/example_dags/plugins/workday.py
[2021-12-10 08:33:34,764] {processor.py:625} INFO - Processing file /home/airflow/.local/lib/python3.7/site-packages/airflow/example_dags/plugins/workday.py for tasks to queue
[2021-12-10 08:33:34,764] {logging_mixin.py:109} INFO - [2021-12-10 08:33:34,764] {dagbag.py:500} INFO - Filling up the DagBag from /home/airflow/.local/lib/python3.7/site-packages/airflow/example_dags/plugins/workday.py
[2021-12-10 08:33:34,784] {processor.py:639} WARNING - No viable dags retrieved from /home/airflow/.local/lib/python3.7/site-packages/airflow/example_dags/plugins/workday.py
[2021-12-10 08:33:34,787] {processor.py:171} INFO - Processing /home/airflow/.local/lib/python3.7/site-packages/airflow/example_dags/plugins/workday.py took 0.030 seconds
[2021-12-10 08:34:04,880] {processor.py:163} INFO - Started process (PID=1481) to work on /home/airflow/.local/lib/python3.7/site-packages/airflow/example_dags/plugins/workday.py
[2021-12-10 08:34:04,881] {processor.py:625} INFO - Processing file /home/airflow/.local/lib/python3.7/site-packages/airflow/example_dags/plugins/workday.py for tasks to queue
[2021-12-10 08:34:04,882] {logging_mixin.py:109} INFO - [2021-12-10 08:34:04,882] {dagbag.py:500} INFO - Filling up the DagBag from /home/airflow/.local/lib/python3.7/site-packages/airflow/example_dags/plugins/workday.py
[2021-12-10 08:34:04,902] {processor.py:639} WARNING - No viable dags retrieved from /home/airflow/.local/lib/python3.7/site-packages/airflow/example_dags/plugins/workday.py
[2021-12-10 08:34:04,906] {processor.py:171} INFO - Processing /home/airflow/.local/lib/python3.7/site-packages/airflow/example_dags/plugins/workday.py took 0.030 seconds
[2021-12-10 08:34:35,366] {processor.py:163} INFO - Started process (PID=1533) to work on /home/airflow/.local/lib/python3.7/site-packages/airflow/example_dags/plugins/workday.py
[2021-12-10 08:34:35,367] {processor.py:625} INFO - Processing file /home/airflow/.local/lib/python3.7/site-packages/airflow/example_dags/plugins/workday.py for tasks to queue
[2021-12-10 08:34:35,368] {logging_mixin.py:109} INFO - [2021-12-10 08:34:35,368] {dagbag.py:500} INFO - Filling up the DagBag from /home/airflow/.local/lib/python3.7/site-packages/airflow/example_dags/plugins/workday.py
[2021-12-10 08:34:35,387] {processor.py:639} WARNING - No viable dags retrieved from /home/airflow/.local/lib/python3.7/site-packages/airflow/example_dags/plugins/workday.py
[2021-12-10 08:34:35,390] {processor.py:171} INFO - Processing /home/airflow/.local/lib/python3.7/site-packages/airflow/example_dags/plugins/workday.py took 0.028 seconds
[2021-12-10 08:35:05,601] {processor.py:163} INFO - Started process (PID=1585) to work on /home/airflow/.local/lib/python3.7/site-packages/airflow/example_dags/plugins/workday.py
[2021-12-10 08:35:05,603] {processor.py:625} INFO - Processing file /home/airflow/.local/lib/python3.7/site-packages/airflow/example_dags/plugins/workday.py for tasks to queue
[2021-12-10 08:35:05,603] {logging_mixin.py:109} INFO - [2021-12-10 08:35:05,603] {dagbag.py:500} INFO - Filling up the DagBag from /home/airflow/.local/lib/python3.7/site-packages/airflow/example_dags/plugins/workday.py
[2021-12-10 08:35:05,621] {processor.py:639} WARNING - No viable dags retrieved from /home/airflow/.local/lib/python3.7/site-packages/airflow/example_dags/plugins/workday.py
[2021-12-10 08:35:05,624] {processor.py:171} INFO - Processing /home/airflow/.local/lib/python3.7/site-packages/airflow/example_dags/plugins/workday.py took 0.026 seconds
[2021-12-10 08:35:36,076] {processor.py:163} INFO - Started process (PID=1648) to work on /home/airflow/.local/lib/python3.7/site-packages/airflow/example_dags/plugins/workday.py
[2021-12-10 08:35:36,077] {processor.py:625} INFO - Processing file /home/airflow/.local/lib/python3.7/site-packages/airflow/example_dags/plugins/workday.py for tasks to queue
[2021-12-10 08:35:36,078] {logging_mixin.py:109} INFO - [2021-12-10 08:35:36,078] {dagbag.py:500} INFO - Filling up the DagBag from /home/airflow/.local/lib/python3.7/site-packages/airflow/example_dags/plugins/workday.py
[2021-12-10 08:35:36,098] {processor.py:639} WARNING - No viable dags retrieved from /home/airflow/.local/lib/python3.7/site-packages/airflow/example_dags/plugins/workday.py
[2021-12-10 08:35:36,102] {processor.py:171} INFO - Processing /home/airflow/.local/lib/python3.7/site-packages/airflow/example_dags/plugins/workday.py took 0.030 seconds
[2021-12-10 08:36:06,176] {processor.py:163} INFO - Started process (PID=1700) to work on /home/airflow/.local/lib/python3.7/site-packages/airflow/example_dags/plugins/workday.py
[2021-12-10 08:36:06,178] {processor.py:625} INFO - Processing file /home/airflow/.local/lib/python3.7/site-packages/airflow/example_dags/plugins/workday.py for tasks to queue
[2021-12-10 08:36:06,178] {logging_mixin.py:109} INFO - [2021-12-10 08:36:06,178] {dagbag.py:500} INFO - Filling up the DagBag from /home/airflow/.local/lib/python3.7/site-packages/airflow/example_dags/plugins/workday.py
[2021-12-10 08:36:06,196] {processor.py:639} WARNING - No viable dags retrieved from /home/airflow/.local/lib/python3.7/site-packages/airflow/example_dags/plugins/workday.py
[2021-12-10 08:36:06,199] {processor.py:171} INFO - Processing /home/airflow/.local/lib/python3.7/site-packages/airflow/example_dags/plugins/workday.py took 0.026 seconds
[2021-12-10 08:36:36,688] {processor.py:163} INFO - Started process (PID=1762) to work on /home/airflow/.local/lib/python3.7/site-packages/airflow/example_dags/plugins/workday.py
[2021-12-10 08:36:36,690] {processor.py:625} INFO - Processing file /home/airflow/.local/lib/python3.7/site-packages/airflow/example_dags/plugins/workday.py for tasks to queue
[2021-12-10 08:36:36,691] {logging_mixin.py:109} INFO - [2021-12-10 08:36:36,690] {dagbag.py:500} INFO - Filling up the DagBag from /home/airflow/.local/lib/python3.7/site-packages/airflow/example_dags/plugins/workday.py
[2021-12-10 08:36:36,710] {processor.py:639} WARNING - No viable dags retrieved from /home/airflow/.local/lib/python3.7/site-packages/airflow/example_dags/plugins/workday.py
[2021-12-10 08:36:36,712] {processor.py:171} INFO - Processing /home/airflow/.local/lib/python3.7/site-packages/airflow/example_dags/plugins/workday.py took 0.029 seconds
[2021-12-10 08:37:06,766] {processor.py:163} INFO - Started process (PID=1815) to work on /home/airflow/.local/lib/python3.7/site-packages/airflow/example_dags/plugins/workday.py
[2021-12-10 08:37:06,768] {processor.py:625} INFO - Processing file /home/airflow/.local/lib/python3.7/site-packages/airflow/example_dags/plugins/workday.py for tasks to queue
[2021-12-10 08:37:06,768] {logging_mixin.py:109} INFO - [2021-12-10 08:37:06,768] {dagbag.py:500} INFO - Filling up the DagBag from /home/airflow/.local/lib/python3.7/site-packages/airflow/example_dags/plugins/workday.py
[2021-12-10 08:37:06,786] {processor.py:639} WARNING - No viable dags retrieved from /home/airflow/.local/lib/python3.7/site-packages/airflow/example_dags/plugins/workday.py
[2021-12-10 08:37:06,789] {processor.py:171} INFO - Processing /home/airflow/.local/lib/python3.7/site-packages/airflow/example_dags/plugins/workday.py took 0.027 seconds
[2021-12-10 08:37:37,120] {processor.py:163} INFO - Started process (PID=1869) to work on /home/airflow/.local/lib/python3.7/site-packages/airflow/example_dags/plugins/workday.py
[2021-12-10 08:37:37,121] {processor.py:625} INFO - Processing file /home/airflow/.local/lib/python3.7/site-packages/airflow/example_dags/plugins/workday.py for tasks to queue
[2021-12-10 08:37:37,122] {logging_mixin.py:109} INFO - [2021-12-10 08:37:37,122] {dagbag.py:500} INFO - Filling up the DagBag from /home/airflow/.local/lib/python3.7/site-packages/airflow/example_dags/plugins/workday.py
[2021-12-10 08:37:37,139] {processor.py:639} WARNING - No viable dags retrieved from /home/airflow/.local/lib/python3.7/site-packages/airflow/example_dags/plugins/workday.py
[2021-12-10 08:37:37,143] {processor.py:171} INFO - Processing /home/airflow/.local/lib/python3.7/site-packages/airflow/example_dags/plugins/workday.py took 0.027 seconds
[2021-12-10 08:38:08,372] {processor.py:163} INFO - Started process (PID=1930) to work on /home/airflow/.local/lib/python3.7/site-packages/airflow/example_dags/plugins/workday.py
[2021-12-10 08:38:08,374] {processor.py:625} INFO - Processing file /home/airflow/.local/lib/python3.7/site-packages/airflow/example_dags/plugins/workday.py for tasks to queue
[2021-12-10 08:38:08,374] {logging_mixin.py:109} INFO - [2021-12-10 08:38:08,374] {dagbag.py:500} INFO - Filling up the DagBag from /home/airflow/.local/lib/python3.7/site-packages/airflow/example_dags/plugins/workday.py
[2021-12-10 08:38:08,392] {processor.py:639} WARNING - No viable dags retrieved from /home/airflow/.local/lib/python3.7/site-packages/airflow/example_dags/plugins/workday.py
[2021-12-10 08:38:08,395] {processor.py:171} INFO - Processing /home/airflow/.local/lib/python3.7/site-packages/airflow/example_dags/plugins/workday.py took 0.026 seconds
[2021-12-10 08:38:38,760] {processor.py:163} INFO - Started process (PID=1982) to work on /home/airflow/.local/lib/python3.7/site-packages/airflow/example_dags/plugins/workday.py
[2021-12-10 08:38:38,761] {processor.py:625} INFO - Processing file /home/airflow/.local/lib/python3.7/site-packages/airflow/example_dags/plugins/workday.py for tasks to queue
[2021-12-10 08:38:38,762] {logging_mixin.py:109} INFO - [2021-12-10 08:38:38,762] {dagbag.py:500} INFO - Filling up the DagBag from /home/airflow/.local/lib/python3.7/site-packages/airflow/example_dags/plugins/workday.py
[2021-12-10 08:38:38,780] {processor.py:639} WARNING - No viable dags retrieved from /home/airflow/.local/lib/python3.7/site-packages/airflow/example_dags/plugins/workday.py
[2021-12-10 08:38:38,783] {processor.py:171} INFO - Processing /home/airflow/.local/lib/python3.7/site-packages/airflow/example_dags/plugins/workday.py took 0.027 seconds
[2021-12-10 08:39:09,031] {processor.py:163} INFO - Started process (PID=2042) to work on /home/airflow/.local/lib/python3.7/site-packages/airflow/example_dags/plugins/workday.py
[2021-12-10 08:39:09,032] {processor.py:625} INFO - Processing file /home/airflow/.local/lib/python3.7/site-packages/airflow/example_dags/plugins/workday.py for tasks to queue
[2021-12-10 08:39:09,033] {logging_mixin.py:109} INFO - [2021-12-10 08:39:09,033] {dagbag.py:500} INFO - Filling up the DagBag from /home/airflow/.local/lib/python3.7/site-packages/airflow/example_dags/plugins/workday.py
[2021-12-10 08:39:09,052] {processor.py:639} WARNING - No viable dags retrieved from /home/airflow/.local/lib/python3.7/site-packages/airflow/example_dags/plugins/workday.py
[2021-12-10 08:39:09,055] {processor.py:171} INFO - Processing /home/airflow/.local/lib/python3.7/site-packages/airflow/example_dags/plugins/workday.py took 0.028 seconds
[2021-12-10 08:39:40,238] {processor.py:163} INFO - Started process (PID=2096) to work on /home/airflow/.local/lib/python3.7/site-packages/airflow/example_dags/plugins/workday.py
[2021-12-10 08:39:40,239] {processor.py:625} INFO - Processing file /home/airflow/.local/lib/python3.7/site-packages/airflow/example_dags/plugins/workday.py for tasks to queue
[2021-12-10 08:39:40,240] {logging_mixin.py:109} INFO - [2021-12-10 08:39:40,240] {dagbag.py:500} INFO - Filling up the DagBag from /home/airflow/.local/lib/python3.7/site-packages/airflow/example_dags/plugins/workday.py
[2021-12-10 08:39:40,257] {processor.py:639} WARNING - No viable dags retrieved from /home/airflow/.local/lib/python3.7/site-packages/airflow/example_dags/plugins/workday.py
[2021-12-10 08:39:40,260] {processor.py:171} INFO - Processing /home/airflow/.local/lib/python3.7/site-packages/airflow/example_dags/plugins/workday.py took 0.027 seconds
[2021-12-10 08:40:11,407] {processor.py:163} INFO - Started process (PID=2159) to work on /home/airflow/.local/lib/python3.7/site-packages/airflow/example_dags/plugins/workday.py
[2021-12-10 08:40:11,408] {processor.py:625} INFO - Processing file /home/airflow/.local/lib/python3.7/site-packages/airflow/example_dags/plugins/workday.py for tasks to queue
[2021-12-10 08:40:11,409] {logging_mixin.py:109} INFO - [2021-12-10 08:40:11,409] {dagbag.py:500} INFO - Filling up the DagBag from /home/airflow/.local/lib/python3.7/site-packages/airflow/example_dags/plugins/workday.py
[2021-12-10 08:40:11,427] {processor.py:639} WARNING - No viable dags retrieved from /home/airflow/.local/lib/python3.7/site-packages/airflow/example_dags/plugins/workday.py
[2021-12-10 08:40:11,430] {processor.py:171} INFO - Processing /home/airflow/.local/lib/python3.7/site-packages/airflow/example_dags/plugins/workday.py took 0.027 seconds
[2021-12-10 08:40:42,700] {processor.py:163} INFO - Started process (PID=2212) to work on /home/airflow/.local/lib/python3.7/site-packages/airflow/example_dags/plugins/workday.py
[2021-12-10 08:40:42,702] {processor.py:625} INFO - Processing file /home/airflow/.local/lib/python3.7/site-packages/airflow/example_dags/plugins/workday.py for tasks to queue
[2021-12-10 08:40:42,702] {logging_mixin.py:109} INFO - [2021-12-10 08:40:42,702] {dagbag.py:500} INFO - Filling up the DagBag from /home/airflow/.local/lib/python3.7/site-packages/airflow/example_dags/plugins/workday.py
[2021-12-10 08:40:42,721] {processor.py:639} WARNING - No viable dags retrieved from /home/airflow/.local/lib/python3.7/site-packages/airflow/example_dags/plugins/workday.py
[2021-12-10 08:40:42,724] {processor.py:171} INFO - Processing /home/airflow/.local/lib/python3.7/site-packages/airflow/example_dags/plugins/workday.py took 0.028 seconds
[2021-12-10 08:41:13,914] {processor.py:163} INFO - Started process (PID=2276) to work on /home/airflow/.local/lib/python3.7/site-packages/airflow/example_dags/plugins/workday.py
[2021-12-10 08:41:13,917] {processor.py:625} INFO - Processing file /home/airflow/.local/lib/python3.7/site-packages/airflow/example_dags/plugins/workday.py for tasks to queue
[2021-12-10 08:41:13,918] {logging_mixin.py:109} INFO - [2021-12-10 08:41:13,917] {dagbag.py:500} INFO - Filling up the DagBag from /home/airflow/.local/lib/python3.7/site-packages/airflow/example_dags/plugins/workday.py
[2021-12-10 08:41:13,938] {processor.py:639} WARNING - No viable dags retrieved from /home/airflow/.local/lib/python3.7/site-packages/airflow/example_dags/plugins/workday.py
[2021-12-10 08:41:13,942] {processor.py:171} INFO - Processing /home/airflow/.local/lib/python3.7/site-packages/airflow/example_dags/plugins/workday.py took 0.032 seconds
[2021-12-10 08:41:44,384] {processor.py:163} INFO - Started process (PID=2329) to work on /home/airflow/.local/lib/python3.7/site-packages/airflow/example_dags/plugins/workday.py
[2021-12-10 08:41:44,386] {processor.py:625} INFO - Processing file /home/airflow/.local/lib/python3.7/site-packages/airflow/example_dags/plugins/workday.py for tasks to queue
[2021-12-10 08:41:44,386] {logging_mixin.py:109} INFO - [2021-12-10 08:41:44,386] {dagbag.py:500} INFO - Filling up the DagBag from /home/airflow/.local/lib/python3.7/site-packages/airflow/example_dags/plugins/workday.py
[2021-12-10 08:41:44,404] {processor.py:639} WARNING - No viable dags retrieved from /home/airflow/.local/lib/python3.7/site-packages/airflow/example_dags/plugins/workday.py
[2021-12-10 08:41:44,407] {processor.py:171} INFO - Processing /home/airflow/.local/lib/python3.7/site-packages/airflow/example_dags/plugins/workday.py took 0.027 seconds
[2021-12-10 08:42:14,816] {processor.py:163} INFO - Started process (PID=2383) to work on /home/airflow/.local/lib/python3.7/site-packages/airflow/example_dags/plugins/workday.py
[2021-12-10 08:42:14,818] {processor.py:625} INFO - Processing file /home/airflow/.local/lib/python3.7/site-packages/airflow/example_dags/plugins/workday.py for tasks to queue
[2021-12-10 08:42:14,818] {logging_mixin.py:109} INFO - [2021-12-10 08:42:14,818] {dagbag.py:500} INFO - Filling up the DagBag from /home/airflow/.local/lib/python3.7/site-packages/airflow/example_dags/plugins/workday.py
[2021-12-10 08:42:14,835] {processor.py:639} WARNING - No viable dags retrieved from /home/airflow/.local/lib/python3.7/site-packages/airflow/example_dags/plugins/workday.py
[2021-12-10 08:42:14,837] {processor.py:171} INFO - Processing /home/airflow/.local/lib/python3.7/site-packages/airflow/example_dags/plugins/workday.py took 0.025 seconds
[2021-12-10 08:42:45,687] {processor.py:163} INFO - Started process (PID=2444) to work on /home/airflow/.local/lib/python3.7/site-packages/airflow/example_dags/plugins/workday.py
[2021-12-10 08:42:45,688] {processor.py:625} INFO - Processing file /home/airflow/.local/lib/python3.7/site-packages/airflow/example_dags/plugins/workday.py for tasks to queue
[2021-12-10 08:42:45,689] {logging_mixin.py:109} INFO - [2021-12-10 08:42:45,689] {dagbag.py:500} INFO - Filling up the DagBag from /home/airflow/.local/lib/python3.7/site-packages/airflow/example_dags/plugins/workday.py
[2021-12-10 08:42:45,708] {processor.py:639} WARNING - No viable dags retrieved from /home/airflow/.local/lib/python3.7/site-packages/airflow/example_dags/plugins/workday.py
[2021-12-10 08:42:45,710] {processor.py:171} INFO - Processing /home/airflow/.local/lib/python3.7/site-packages/airflow/example_dags/plugins/workday.py took 0.027 seconds
[2021-12-10 08:43:16,290] {processor.py:163} INFO - Started process (PID=2497) to work on /home/airflow/.local/lib/python3.7/site-packages/airflow/example_dags/plugins/workday.py
[2021-12-10 08:43:16,292] {processor.py:625} INFO - Processing file /home/airflow/.local/lib/python3.7/site-packages/airflow/example_dags/plugins/workday.py for tasks to queue
[2021-12-10 08:43:16,292] {logging_mixin.py:109} INFO - [2021-12-10 08:43:16,292] {dagbag.py:500} INFO - Filling up the DagBag from /home/airflow/.local/lib/python3.7/site-packages/airflow/example_dags/plugins/workday.py
[2021-12-10 08:43:16,316] {processor.py:639} WARNING - No viable dags retrieved from /home/airflow/.local/lib/python3.7/site-packages/airflow/example_dags/plugins/workday.py
[2021-12-10 08:43:16,319] {processor.py:171} INFO - Processing /home/airflow/.local/lib/python3.7/site-packages/airflow/example_dags/plugins/workday.py took 0.033 seconds
[2021-12-10 08:43:47,406] {processor.py:163} INFO - Started process (PID=2557) to work on /home/airflow/.local/lib/python3.7/site-packages/airflow/example_dags/plugins/workday.py
[2021-12-10 08:43:47,408] {processor.py:625} INFO - Processing file /home/airflow/.local/lib/python3.7/site-packages/airflow/example_dags/plugins/workday.py for tasks to queue
[2021-12-10 08:43:47,409] {logging_mixin.py:109} INFO - [2021-12-10 08:43:47,409] {dagbag.py:500} INFO - Filling up the DagBag from /home/airflow/.local/lib/python3.7/site-packages/airflow/example_dags/plugins/workday.py
[2021-12-10 08:43:47,433] {processor.py:639} WARNING - No viable dags retrieved from /home/airflow/.local/lib/python3.7/site-packages/airflow/example_dags/plugins/workday.py
[2021-12-10 08:43:47,437] {processor.py:171} INFO - Processing /home/airflow/.local/lib/python3.7/site-packages/airflow/example_dags/plugins/workday.py took 0.035 seconds
[2021-12-10 08:44:18,809] {processor.py:163} INFO - Started process (PID=2611) to work on /home/airflow/.local/lib/python3.7/site-packages/airflow/example_dags/plugins/workday.py
[2021-12-10 08:44:18,810] {processor.py:625} INFO - Processing file /home/airflow/.local/lib/python3.7/site-packages/airflow/example_dags/plugins/workday.py for tasks to queue
[2021-12-10 08:44:18,811] {logging_mixin.py:109} INFO - [2021-12-10 08:44:18,811] {dagbag.py:500} INFO - Filling up the DagBag from /home/airflow/.local/lib/python3.7/site-packages/airflow/example_dags/plugins/workday.py
[2021-12-10 08:44:18,830] {processor.py:639} WARNING - No viable dags retrieved from /home/airflow/.local/lib/python3.7/site-packages/airflow/example_dags/plugins/workday.py
[2021-12-10 08:44:18,832] {processor.py:171} INFO - Processing /home/airflow/.local/lib/python3.7/site-packages/airflow/example_dags/plugins/workday.py took 0.027 seconds
[2021-12-10 08:44:49,573] {processor.py:163} INFO - Started process (PID=2674) to work on /home/airflow/.local/lib/python3.7/site-packages/airflow/example_dags/plugins/workday.py
[2021-12-10 08:44:49,575] {processor.py:625} INFO - Processing file /home/airflow/.local/lib/python3.7/site-packages/airflow/example_dags/plugins/workday.py for tasks to queue
[2021-12-10 08:44:49,576] {logging_mixin.py:109} INFO - [2021-12-10 08:44:49,576] {dagbag.py:500} INFO - Filling up the DagBag from /home/airflow/.local/lib/python3.7/site-packages/airflow/example_dags/plugins/workday.py
[2021-12-10 08:44:49,597] {processor.py:639} WARNING - No viable dags retrieved from /home/airflow/.local/lib/python3.7/site-packages/airflow/example_dags/plugins/workday.py
[2021-12-10 08:44:49,600] {processor.py:171} INFO - Processing /home/airflow/.local/lib/python3.7/site-packages/airflow/example_dags/plugins/workday.py took 0.032 seconds
[2021-12-10 08:45:20,207] {processor.py:163} INFO - Started process (PID=2729) to work on /home/airflow/.local/lib/python3.7/site-packages/airflow/example_dags/plugins/workday.py
[2021-12-10 08:45:20,214] {processor.py:625} INFO - Processing file /home/airflow/.local/lib/python3.7/site-packages/airflow/example_dags/plugins/workday.py for tasks to queue
[2021-12-10 08:45:20,214] {logging_mixin.py:109} INFO - [2021-12-10 08:45:20,214] {dagbag.py:500} INFO - Filling up the DagBag from /home/airflow/.local/lib/python3.7/site-packages/airflow/example_dags/plugins/workday.py
[2021-12-10 08:45:20,234] {processor.py:639} WARNING - No viable dags retrieved from /home/airflow/.local/lib/python3.7/site-packages/airflow/example_dags/plugins/workday.py
[2021-12-10 08:45:20,237] {processor.py:171} INFO - Processing /home/airflow/.local/lib/python3.7/site-packages/airflow/example_dags/plugins/workday.py took 0.034 seconds
[2021-12-10 08:45:50,545] {processor.py:163} INFO - Started process (PID=2789) to work on /home/airflow/.local/lib/python3.7/site-packages/airflow/example_dags/plugins/workday.py
[2021-12-10 08:45:50,547] {processor.py:625} INFO - Processing file /home/airflow/.local/lib/python3.7/site-packages/airflow/example_dags/plugins/workday.py for tasks to queue
[2021-12-10 08:45:50,548] {logging_mixin.py:109} INFO - [2021-12-10 08:45:50,547] {dagbag.py:500} INFO - Filling up the DagBag from /home/airflow/.local/lib/python3.7/site-packages/airflow/example_dags/plugins/workday.py
[2021-12-10 08:45:50,567] {processor.py:639} WARNING - No viable dags retrieved from /home/airflow/.local/lib/python3.7/site-packages/airflow/example_dags/plugins/workday.py
[2021-12-10 08:45:50,570] {processor.py:171} INFO - Processing /home/airflow/.local/lib/python3.7/site-packages/airflow/example_dags/plugins/workday.py took 0.028 seconds
[2021-12-10 08:46:21,450] {processor.py:163} INFO - Started process (PID=2842) to work on /home/airflow/.local/lib/python3.7/site-packages/airflow/example_dags/plugins/workday.py
[2021-12-10 08:46:21,451] {processor.py:625} INFO - Processing file /home/airflow/.local/lib/python3.7/site-packages/airflow/example_dags/plugins/workday.py for tasks to queue
[2021-12-10 08:46:21,452] {logging_mixin.py:109} INFO - [2021-12-10 08:46:21,452] {dagbag.py:500} INFO - Filling up the DagBag from /home/airflow/.local/lib/python3.7/site-packages/airflow/example_dags/plugins/workday.py
[2021-12-10 08:46:21,470] {processor.py:639} WARNING - No viable dags retrieved from /home/airflow/.local/lib/python3.7/site-packages/airflow/example_dags/plugins/workday.py
[2021-12-10 08:46:21,473] {processor.py:171} INFO - Processing /home/airflow/.local/lib/python3.7/site-packages/airflow/example_dags/plugins/workday.py took 0.027 seconds
[2021-12-10 08:46:51,851] {processor.py:163} INFO - Started process (PID=2894) to work on /home/airflow/.local/lib/python3.7/site-packages/airflow/example_dags/plugins/workday.py
[2021-12-10 08:46:51,853] {processor.py:625} INFO - Processing file /home/airflow/.local/lib/python3.7/site-packages/airflow/example_dags/plugins/workday.py for tasks to queue
[2021-12-10 08:46:51,853] {logging_mixin.py:109} INFO - [2021-12-10 08:46:51,853] {dagbag.py:500} INFO - Filling up the DagBag from /home/airflow/.local/lib/python3.7/site-packages/airflow/example_dags/plugins/workday.py
[2021-12-10 08:46:51,875] {processor.py:639} WARNING - No viable dags retrieved from /home/airflow/.local/lib/python3.7/site-packages/airflow/example_dags/plugins/workday.py
[2021-12-10 08:46:51,878] {processor.py:171} INFO - Processing /home/airflow/.local/lib/python3.7/site-packages/airflow/example_dags/plugins/workday.py took 0.030 seconds
[2021-12-10 08:47:23,014] {processor.py:163} INFO - Started process (PID=2956) to work on /home/airflow/.local/lib/python3.7/site-packages/airflow/example_dags/plugins/workday.py
[2021-12-10 08:47:23,016] {processor.py:625} INFO - Processing file /home/airflow/.local/lib/python3.7/site-packages/airflow/example_dags/plugins/workday.py for tasks to queue
[2021-12-10 08:47:23,017] {logging_mixin.py:109} INFO - [2021-12-10 08:47:23,017] {dagbag.py:500} INFO - Filling up the DagBag from /home/airflow/.local/lib/python3.7/site-packages/airflow/example_dags/plugins/workday.py
[2021-12-10 08:47:23,036] {processor.py:639} WARNING - No viable dags retrieved from /home/airflow/.local/lib/python3.7/site-packages/airflow/example_dags/plugins/workday.py
[2021-12-10 08:47:23,039] {processor.py:171} INFO - Processing /home/airflow/.local/lib/python3.7/site-packages/airflow/example_dags/plugins/workday.py took 0.029 seconds
