[2021-12-10 08:23:27,874] {processor.py:163} INFO - Started process (PID=65) to work on /home/airflow/.local/lib/python3.7/site-packages/airflow/example_dags/example_trigger_controller_dag.py
[2021-12-10 08:23:27,875] {processor.py:625} INFO - Processing file /home/airflow/.local/lib/python3.7/site-packages/airflow/example_dags/example_trigger_controller_dag.py for tasks to queue
[2021-12-10 08:23:27,876] {logging_mixin.py:109} INFO - [2021-12-10 08:23:27,876] {dagbag.py:500} INFO - Filling up the DagBag from /home/airflow/.local/lib/python3.7/site-packages/airflow/example_dags/example_trigger_controller_dag.py
[2021-12-10 08:23:27,911] {processor.py:637} INFO - DAG(s) dict_keys(['example_trigger_controller_dag']) retrieved from /home/airflow/.local/lib/python3.7/site-packages/airflow/example_dags/example_trigger_controller_dag.py
[2021-12-10 08:23:29,298] {logging_mixin.py:109} INFO - [2021-12-10 08:23:29,298] {providers_manager.py:156} WARNING - Exception when importing 'airflow.providers.google.leveldb.hooks.leveldb.LevelDBHook' from 'apache-airflow-providers-google' package: No module named 'plyvel'
[2021-12-10 08:23:29,825] {logging_mixin.py:109} INFO - [2021-12-10 08:23:29,825] {providers_manager.py:156} WARNING - Exception when importing 'airflow.providers.google.leveldb.hooks.leveldb.LevelDBHook' from 'apache-airflow-providers-google' package: No module named 'plyvel'
[2021-12-10 08:23:29,852] {logging_mixin.py:109} INFO - [2021-12-10 08:23:29,852] {manager.py:496} INFO - Created Permission View: can read on DAG:example_trigger_controller_dag
[2021-12-10 08:23:29,862] {logging_mixin.py:109} INFO - [2021-12-10 08:23:29,862] {manager.py:496} INFO - Created Permission View: can edit on DAG:example_trigger_controller_dag
[2021-12-10 08:23:29,863] {logging_mixin.py:109} INFO - [2021-12-10 08:23:29,862] {dag.py:2396} INFO - Sync 1 DAGs
[2021-12-10 08:23:29,873] {logging_mixin.py:109} INFO - [2021-12-10 08:23:29,873] {dag.py:2415} INFO - Creating ORM DAG for example_trigger_controller_dag
[2021-12-10 08:23:29,881] {logging_mixin.py:109} INFO - [2021-12-10 08:23:29,881] {dag.py:2928} INFO - Setting next_dagrun for example_trigger_controller_dag to 2021-01-01T00:00:00+00:00
[2021-12-10 08:23:29,894] {processor.py:171} INFO - Processing /home/airflow/.local/lib/python3.7/site-packages/airflow/example_dags/example_trigger_controller_dag.py took 2.024 seconds
[2021-12-10 08:24:00,089] {processor.py:163} INFO - Started process (PID=360) to work on /home/airflow/.local/lib/python3.7/site-packages/airflow/example_dags/example_trigger_controller_dag.py
[2021-12-10 08:24:00,091] {processor.py:625} INFO - Processing file /home/airflow/.local/lib/python3.7/site-packages/airflow/example_dags/example_trigger_controller_dag.py for tasks to queue
[2021-12-10 08:24:00,092] {logging_mixin.py:109} INFO - [2021-12-10 08:24:00,092] {dagbag.py:500} INFO - Filling up the DagBag from /home/airflow/.local/lib/python3.7/site-packages/airflow/example_dags/example_trigger_controller_dag.py
[2021-12-10 08:24:00,119] {processor.py:637} INFO - DAG(s) dict_keys(['example_trigger_controller_dag']) retrieved from /home/airflow/.local/lib/python3.7/site-packages/airflow/example_dags/example_trigger_controller_dag.py
[2021-12-10 08:24:00,128] {logging_mixin.py:109} INFO - [2021-12-10 08:24:00,128] {dag.py:2396} INFO - Sync 1 DAGs
[2021-12-10 08:24:00,143] {logging_mixin.py:109} INFO - [2021-12-10 08:24:00,143] {dag.py:2928} INFO - Setting next_dagrun for example_trigger_controller_dag to 2021-01-01T00:00:00+00:00
[2021-12-10 08:24:00,155] {processor.py:171} INFO - Processing /home/airflow/.local/lib/python3.7/site-packages/airflow/example_dags/example_trigger_controller_dag.py took 0.070 seconds
[2021-12-10 08:24:30,265] {processor.py:163} INFO - Started process (PID=412) to work on /home/airflow/.local/lib/python3.7/site-packages/airflow/example_dags/example_trigger_controller_dag.py
[2021-12-10 08:24:30,266] {processor.py:625} INFO - Processing file /home/airflow/.local/lib/python3.7/site-packages/airflow/example_dags/example_trigger_controller_dag.py for tasks to queue
[2021-12-10 08:24:30,267] {logging_mixin.py:109} INFO - [2021-12-10 08:24:30,266] {dagbag.py:500} INFO - Filling up the DagBag from /home/airflow/.local/lib/python3.7/site-packages/airflow/example_dags/example_trigger_controller_dag.py
[2021-12-10 08:24:30,291] {processor.py:637} INFO - DAG(s) dict_keys(['example_trigger_controller_dag']) retrieved from /home/airflow/.local/lib/python3.7/site-packages/airflow/example_dags/example_trigger_controller_dag.py
[2021-12-10 08:24:30,301] {logging_mixin.py:109} INFO - [2021-12-10 08:24:30,301] {dag.py:2396} INFO - Sync 1 DAGs
[2021-12-10 08:24:30,317] {logging_mixin.py:109} INFO - [2021-12-10 08:24:30,317] {dag.py:2928} INFO - Setting next_dagrun for example_trigger_controller_dag to 2021-01-01T00:00:00+00:00
[2021-12-10 08:24:30,326] {processor.py:171} INFO - Processing /home/airflow/.local/lib/python3.7/site-packages/airflow/example_dags/example_trigger_controller_dag.py took 0.065 seconds
[2021-12-10 08:25:00,717] {processor.py:163} INFO - Started process (PID=473) to work on /home/airflow/.local/lib/python3.7/site-packages/airflow/example_dags/example_trigger_controller_dag.py
[2021-12-10 08:25:00,719] {processor.py:625} INFO - Processing file /home/airflow/.local/lib/python3.7/site-packages/airflow/example_dags/example_trigger_controller_dag.py for tasks to queue
[2021-12-10 08:25:00,720] {logging_mixin.py:109} INFO - [2021-12-10 08:25:00,720] {dagbag.py:500} INFO - Filling up the DagBag from /home/airflow/.local/lib/python3.7/site-packages/airflow/example_dags/example_trigger_controller_dag.py
[2021-12-10 08:25:00,744] {processor.py:637} INFO - DAG(s) dict_keys(['example_trigger_controller_dag']) retrieved from /home/airflow/.local/lib/python3.7/site-packages/airflow/example_dags/example_trigger_controller_dag.py
[2021-12-10 08:25:00,754] {logging_mixin.py:109} INFO - [2021-12-10 08:25:00,753] {dag.py:2396} INFO - Sync 1 DAGs
[2021-12-10 08:25:00,771] {logging_mixin.py:109} INFO - [2021-12-10 08:25:00,770] {dag.py:2928} INFO - Setting next_dagrun for example_trigger_controller_dag to 2021-01-01T00:00:00+00:00
[2021-12-10 08:25:00,780] {processor.py:171} INFO - Processing /home/airflow/.local/lib/python3.7/site-packages/airflow/example_dags/example_trigger_controller_dag.py took 0.066 seconds
[2021-12-10 08:25:31,078] {processor.py:163} INFO - Started process (PID=526) to work on /home/airflow/.local/lib/python3.7/site-packages/airflow/example_dags/example_trigger_controller_dag.py
[2021-12-10 08:25:31,080] {processor.py:625} INFO - Processing file /home/airflow/.local/lib/python3.7/site-packages/airflow/example_dags/example_trigger_controller_dag.py for tasks to queue
[2021-12-10 08:25:31,080] {logging_mixin.py:109} INFO - [2021-12-10 08:25:31,080] {dagbag.py:500} INFO - Filling up the DagBag from /home/airflow/.local/lib/python3.7/site-packages/airflow/example_dags/example_trigger_controller_dag.py
[2021-12-10 08:25:31,114] {processor.py:637} INFO - DAG(s) dict_keys(['example_trigger_controller_dag']) retrieved from /home/airflow/.local/lib/python3.7/site-packages/airflow/example_dags/example_trigger_controller_dag.py
[2021-12-10 08:25:31,125] {logging_mixin.py:109} INFO - [2021-12-10 08:25:31,124] {dag.py:2396} INFO - Sync 1 DAGs
[2021-12-10 08:25:31,141] {logging_mixin.py:109} INFO - [2021-12-10 08:25:31,141] {dag.py:2928} INFO - Setting next_dagrun for example_trigger_controller_dag to 2021-01-01T00:00:00+00:00
[2021-12-10 08:25:31,151] {processor.py:171} INFO - Processing /home/airflow/.local/lib/python3.7/site-packages/airflow/example_dags/example_trigger_controller_dag.py took 0.078 seconds
[2021-12-10 08:26:01,560] {processor.py:163} INFO - Started process (PID=579) to work on /home/airflow/.local/lib/python3.7/site-packages/airflow/example_dags/example_trigger_controller_dag.py
[2021-12-10 08:26:01,562] {processor.py:625} INFO - Processing file /home/airflow/.local/lib/python3.7/site-packages/airflow/example_dags/example_trigger_controller_dag.py for tasks to queue
[2021-12-10 08:26:01,562] {logging_mixin.py:109} INFO - [2021-12-10 08:26:01,562] {dagbag.py:500} INFO - Filling up the DagBag from /home/airflow/.local/lib/python3.7/site-packages/airflow/example_dags/example_trigger_controller_dag.py
[2021-12-10 08:26:01,589] {processor.py:637} INFO - DAG(s) dict_keys(['example_trigger_controller_dag']) retrieved from /home/airflow/.local/lib/python3.7/site-packages/airflow/example_dags/example_trigger_controller_dag.py
[2021-12-10 08:26:01,600] {logging_mixin.py:109} INFO - [2021-12-10 08:26:01,599] {dag.py:2396} INFO - Sync 1 DAGs
[2021-12-10 08:26:01,616] {logging_mixin.py:109} INFO - [2021-12-10 08:26:01,616] {dag.py:2928} INFO - Setting next_dagrun for example_trigger_controller_dag to 2021-01-01T00:00:00+00:00
[2021-12-10 08:26:01,627] {processor.py:171} INFO - Processing /home/airflow/.local/lib/python3.7/site-packages/airflow/example_dags/example_trigger_controller_dag.py took 0.071 seconds
[2021-12-10 08:26:31,776] {processor.py:163} INFO - Started process (PID=640) to work on /home/airflow/.local/lib/python3.7/site-packages/airflow/example_dags/example_trigger_controller_dag.py
[2021-12-10 08:26:31,777] {processor.py:625} INFO - Processing file /home/airflow/.local/lib/python3.7/site-packages/airflow/example_dags/example_trigger_controller_dag.py for tasks to queue
[2021-12-10 08:26:31,778] {logging_mixin.py:109} INFO - [2021-12-10 08:26:31,778] {dagbag.py:500} INFO - Filling up the DagBag from /home/airflow/.local/lib/python3.7/site-packages/airflow/example_dags/example_trigger_controller_dag.py
[2021-12-10 08:26:31,804] {processor.py:637} INFO - DAG(s) dict_keys(['example_trigger_controller_dag']) retrieved from /home/airflow/.local/lib/python3.7/site-packages/airflow/example_dags/example_trigger_controller_dag.py
[2021-12-10 08:26:31,814] {logging_mixin.py:109} INFO - [2021-12-10 08:26:31,814] {dag.py:2396} INFO - Sync 1 DAGs
[2021-12-10 08:26:31,831] {logging_mixin.py:109} INFO - [2021-12-10 08:26:31,831] {dag.py:2928} INFO - Setting next_dagrun for example_trigger_controller_dag to 2021-01-01T00:00:00+00:00
[2021-12-10 08:26:31,841] {processor.py:171} INFO - Processing /home/airflow/.local/lib/python3.7/site-packages/airflow/example_dags/example_trigger_controller_dag.py took 0.068 seconds
[2021-12-10 08:27:01,868] {processor.py:163} INFO - Started process (PID=694) to work on /home/airflow/.local/lib/python3.7/site-packages/airflow/example_dags/example_trigger_controller_dag.py
[2021-12-10 08:27:01,870] {processor.py:625} INFO - Processing file /home/airflow/.local/lib/python3.7/site-packages/airflow/example_dags/example_trigger_controller_dag.py for tasks to queue
[2021-12-10 08:27:01,870] {logging_mixin.py:109} INFO - [2021-12-10 08:27:01,870] {dagbag.py:500} INFO - Filling up the DagBag from /home/airflow/.local/lib/python3.7/site-packages/airflow/example_dags/example_trigger_controller_dag.py
[2021-12-10 08:27:01,897] {processor.py:637} INFO - DAG(s) dict_keys(['example_trigger_controller_dag']) retrieved from /home/airflow/.local/lib/python3.7/site-packages/airflow/example_dags/example_trigger_controller_dag.py
[2021-12-10 08:27:01,909] {logging_mixin.py:109} INFO - [2021-12-10 08:27:01,908] {dag.py:2396} INFO - Sync 1 DAGs
[2021-12-10 08:27:01,928] {logging_mixin.py:109} INFO - [2021-12-10 08:27:01,928] {dag.py:2928} INFO - Setting next_dagrun for example_trigger_controller_dag to 2021-01-01T00:00:00+00:00
[2021-12-10 08:27:01,938] {processor.py:171} INFO - Processing /home/airflow/.local/lib/python3.7/site-packages/airflow/example_dags/example_trigger_controller_dag.py took 0.074 seconds
[2021-12-10 08:27:32,099] {processor.py:163} INFO - Started process (PID=756) to work on /home/airflow/.local/lib/python3.7/site-packages/airflow/example_dags/example_trigger_controller_dag.py
[2021-12-10 08:27:32,100] {processor.py:625} INFO - Processing file /home/airflow/.local/lib/python3.7/site-packages/airflow/example_dags/example_trigger_controller_dag.py for tasks to queue
[2021-12-10 08:27:32,101] {logging_mixin.py:109} INFO - [2021-12-10 08:27:32,101] {dagbag.py:500} INFO - Filling up the DagBag from /home/airflow/.local/lib/python3.7/site-packages/airflow/example_dags/example_trigger_controller_dag.py
[2021-12-10 08:27:32,127] {processor.py:637} INFO - DAG(s) dict_keys(['example_trigger_controller_dag']) retrieved from /home/airflow/.local/lib/python3.7/site-packages/airflow/example_dags/example_trigger_controller_dag.py
[2021-12-10 08:27:32,137] {logging_mixin.py:109} INFO - [2021-12-10 08:27:32,136] {dag.py:2396} INFO - Sync 1 DAGs
[2021-12-10 08:27:32,152] {logging_mixin.py:109} INFO - [2021-12-10 08:27:32,152] {dag.py:2928} INFO - Setting next_dagrun for example_trigger_controller_dag to 2021-01-01T00:00:00+00:00
[2021-12-10 08:27:32,161] {processor.py:171} INFO - Processing /home/airflow/.local/lib/python3.7/site-packages/airflow/example_dags/example_trigger_controller_dag.py took 0.066 seconds
[2021-12-10 08:28:02,312] {processor.py:163} INFO - Started process (PID=808) to work on /home/airflow/.local/lib/python3.7/site-packages/airflow/example_dags/example_trigger_controller_dag.py
[2021-12-10 08:28:02,314] {processor.py:625} INFO - Processing file /home/airflow/.local/lib/python3.7/site-packages/airflow/example_dags/example_trigger_controller_dag.py for tasks to queue
[2021-12-10 08:28:02,314] {logging_mixin.py:109} INFO - [2021-12-10 08:28:02,314] {dagbag.py:500} INFO - Filling up the DagBag from /home/airflow/.local/lib/python3.7/site-packages/airflow/example_dags/example_trigger_controller_dag.py
[2021-12-10 08:28:02,344] {processor.py:637} INFO - DAG(s) dict_keys(['example_trigger_controller_dag']) retrieved from /home/airflow/.local/lib/python3.7/site-packages/airflow/example_dags/example_trigger_controller_dag.py
[2021-12-10 08:28:02,357] {logging_mixin.py:109} INFO - [2021-12-10 08:28:02,357] {dag.py:2396} INFO - Sync 1 DAGs
[2021-12-10 08:28:02,379] {logging_mixin.py:109} INFO - [2021-12-10 08:28:02,379] {dag.py:2928} INFO - Setting next_dagrun for example_trigger_controller_dag to 2021-01-01T00:00:00+00:00
[2021-12-10 08:28:02,390] {processor.py:171} INFO - Processing /home/airflow/.local/lib/python3.7/site-packages/airflow/example_dags/example_trigger_controller_dag.py took 0.082 seconds
[2021-12-10 08:28:32,534] {processor.py:163} INFO - Started process (PID=860) to work on /home/airflow/.local/lib/python3.7/site-packages/airflow/example_dags/example_trigger_controller_dag.py
[2021-12-10 08:28:32,536] {processor.py:625} INFO - Processing file /home/airflow/.local/lib/python3.7/site-packages/airflow/example_dags/example_trigger_controller_dag.py for tasks to queue
[2021-12-10 08:28:32,536] {logging_mixin.py:109} INFO - [2021-12-10 08:28:32,536] {dagbag.py:500} INFO - Filling up the DagBag from /home/airflow/.local/lib/python3.7/site-packages/airflow/example_dags/example_trigger_controller_dag.py
[2021-12-10 08:28:32,563] {processor.py:637} INFO - DAG(s) dict_keys(['example_trigger_controller_dag']) retrieved from /home/airflow/.local/lib/python3.7/site-packages/airflow/example_dags/example_trigger_controller_dag.py
[2021-12-10 08:28:32,573] {logging_mixin.py:109} INFO - [2021-12-10 08:28:32,573] {dag.py:2396} INFO - Sync 1 DAGs
[2021-12-10 08:28:32,592] {logging_mixin.py:109} INFO - [2021-12-10 08:28:32,592] {dag.py:2928} INFO - Setting next_dagrun for example_trigger_controller_dag to 2021-01-01T00:00:00+00:00
[2021-12-10 08:28:32,602] {processor.py:171} INFO - Processing /home/airflow/.local/lib/python3.7/site-packages/airflow/example_dags/example_trigger_controller_dag.py took 0.071 seconds
[2021-12-10 08:29:02,812] {processor.py:163} INFO - Started process (PID=921) to work on /home/airflow/.local/lib/python3.7/site-packages/airflow/example_dags/example_trigger_controller_dag.py
[2021-12-10 08:29:02,813] {processor.py:625} INFO - Processing file /home/airflow/.local/lib/python3.7/site-packages/airflow/example_dags/example_trigger_controller_dag.py for tasks to queue
[2021-12-10 08:29:02,814] {logging_mixin.py:109} INFO - [2021-12-10 08:29:02,814] {dagbag.py:500} INFO - Filling up the DagBag from /home/airflow/.local/lib/python3.7/site-packages/airflow/example_dags/example_trigger_controller_dag.py
[2021-12-10 08:29:02,840] {processor.py:637} INFO - DAG(s) dict_keys(['example_trigger_controller_dag']) retrieved from /home/airflow/.local/lib/python3.7/site-packages/airflow/example_dags/example_trigger_controller_dag.py
[2021-12-10 08:29:02,849] {logging_mixin.py:109} INFO - [2021-12-10 08:29:02,849] {dag.py:2396} INFO - Sync 1 DAGs
[2021-12-10 08:29:02,867] {logging_mixin.py:109} INFO - [2021-12-10 08:29:02,866] {dag.py:2928} INFO - Setting next_dagrun for example_trigger_controller_dag to 2021-01-01T00:00:00+00:00
[2021-12-10 08:29:02,876] {processor.py:171} INFO - Processing /home/airflow/.local/lib/python3.7/site-packages/airflow/example_dags/example_trigger_controller_dag.py took 0.067 seconds
[2021-12-10 08:29:32,945] {processor.py:163} INFO - Started process (PID=973) to work on /home/airflow/.local/lib/python3.7/site-packages/airflow/example_dags/example_trigger_controller_dag.py
[2021-12-10 08:29:32,947] {processor.py:625} INFO - Processing file /home/airflow/.local/lib/python3.7/site-packages/airflow/example_dags/example_trigger_controller_dag.py for tasks to queue
[2021-12-10 08:29:32,948] {logging_mixin.py:109} INFO - [2021-12-10 08:29:32,948] {dagbag.py:500} INFO - Filling up the DagBag from /home/airflow/.local/lib/python3.7/site-packages/airflow/example_dags/example_trigger_controller_dag.py
[2021-12-10 08:29:32,976] {processor.py:637} INFO - DAG(s) dict_keys(['example_trigger_controller_dag']) retrieved from /home/airflow/.local/lib/python3.7/site-packages/airflow/example_dags/example_trigger_controller_dag.py
[2021-12-10 08:29:32,989] {logging_mixin.py:109} INFO - [2021-12-10 08:29:32,989] {dag.py:2396} INFO - Sync 1 DAGs
[2021-12-10 08:29:33,006] {logging_mixin.py:109} INFO - [2021-12-10 08:29:33,006] {dag.py:2928} INFO - Setting next_dagrun for example_trigger_controller_dag to 2021-01-01T00:00:00+00:00
[2021-12-10 08:29:33,015] {processor.py:171} INFO - Processing /home/airflow/.local/lib/python3.7/site-packages/airflow/example_dags/example_trigger_controller_dag.py took 0.073 seconds
[2021-12-10 08:30:03,173] {processor.py:163} INFO - Started process (PID=1026) to work on /home/airflow/.local/lib/python3.7/site-packages/airflow/example_dags/example_trigger_controller_dag.py
[2021-12-10 08:30:03,175] {processor.py:625} INFO - Processing file /home/airflow/.local/lib/python3.7/site-packages/airflow/example_dags/example_trigger_controller_dag.py for tasks to queue
[2021-12-10 08:30:03,175] {logging_mixin.py:109} INFO - [2021-12-10 08:30:03,175] {dagbag.py:500} INFO - Filling up the DagBag from /home/airflow/.local/lib/python3.7/site-packages/airflow/example_dags/example_trigger_controller_dag.py
[2021-12-10 08:30:03,203] {processor.py:637} INFO - DAG(s) dict_keys(['example_trigger_controller_dag']) retrieved from /home/airflow/.local/lib/python3.7/site-packages/airflow/example_dags/example_trigger_controller_dag.py
[2021-12-10 08:30:03,214] {logging_mixin.py:109} INFO - [2021-12-10 08:30:03,214] {dag.py:2396} INFO - Sync 1 DAGs
[2021-12-10 08:30:03,234] {logging_mixin.py:109} INFO - [2021-12-10 08:30:03,234] {dag.py:2928} INFO - Setting next_dagrun for example_trigger_controller_dag to 2021-01-01T00:00:00+00:00
[2021-12-10 08:30:03,245] {processor.py:171} INFO - Processing /home/airflow/.local/lib/python3.7/site-packages/airflow/example_dags/example_trigger_controller_dag.py took 0.076 seconds
[2021-12-10 08:30:33,282] {processor.py:163} INFO - Started process (PID=1087) to work on /home/airflow/.local/lib/python3.7/site-packages/airflow/example_dags/example_trigger_controller_dag.py
[2021-12-10 08:30:33,284] {processor.py:625} INFO - Processing file /home/airflow/.local/lib/python3.7/site-packages/airflow/example_dags/example_trigger_controller_dag.py for tasks to queue
[2021-12-10 08:30:33,285] {logging_mixin.py:109} INFO - [2021-12-10 08:30:33,284] {dagbag.py:500} INFO - Filling up the DagBag from /home/airflow/.local/lib/python3.7/site-packages/airflow/example_dags/example_trigger_controller_dag.py
[2021-12-10 08:30:33,313] {processor.py:637} INFO - DAG(s) dict_keys(['example_trigger_controller_dag']) retrieved from /home/airflow/.local/lib/python3.7/site-packages/airflow/example_dags/example_trigger_controller_dag.py
[2021-12-10 08:30:33,323] {logging_mixin.py:109} INFO - [2021-12-10 08:30:33,323] {dag.py:2396} INFO - Sync 1 DAGs
[2021-12-10 08:30:33,340] {logging_mixin.py:109} INFO - [2021-12-10 08:30:33,340] {dag.py:2928} INFO - Setting next_dagrun for example_trigger_controller_dag to 2021-01-01T00:00:00+00:00
[2021-12-10 08:30:33,349] {processor.py:171} INFO - Processing /home/airflow/.local/lib/python3.7/site-packages/airflow/example_dags/example_trigger_controller_dag.py took 0.070 seconds
[2021-12-10 08:31:03,648] {processor.py:163} INFO - Started process (PID=1139) to work on /home/airflow/.local/lib/python3.7/site-packages/airflow/example_dags/example_trigger_controller_dag.py
[2021-12-10 08:31:03,650] {processor.py:625} INFO - Processing file /home/airflow/.local/lib/python3.7/site-packages/airflow/example_dags/example_trigger_controller_dag.py for tasks to queue
[2021-12-10 08:31:03,651] {logging_mixin.py:109} INFO - [2021-12-10 08:31:03,651] {dagbag.py:500} INFO - Filling up the DagBag from /home/airflow/.local/lib/python3.7/site-packages/airflow/example_dags/example_trigger_controller_dag.py
[2021-12-10 08:31:03,678] {processor.py:637} INFO - DAG(s) dict_keys(['example_trigger_controller_dag']) retrieved from /home/airflow/.local/lib/python3.7/site-packages/airflow/example_dags/example_trigger_controller_dag.py
[2021-12-10 08:31:03,689] {logging_mixin.py:109} INFO - [2021-12-10 08:31:03,689] {dag.py:2396} INFO - Sync 1 DAGs
[2021-12-10 08:31:03,707] {logging_mixin.py:109} INFO - [2021-12-10 08:31:03,707] {dag.py:2928} INFO - Setting next_dagrun for example_trigger_controller_dag to 2021-01-01T00:00:00+00:00
[2021-12-10 08:31:03,716] {processor.py:171} INFO - Processing /home/airflow/.local/lib/python3.7/site-packages/airflow/example_dags/example_trigger_controller_dag.py took 0.071 seconds
[2021-12-10 08:31:33,861] {processor.py:163} INFO - Started process (PID=1201) to work on /home/airflow/.local/lib/python3.7/site-packages/airflow/example_dags/example_trigger_controller_dag.py
[2021-12-10 08:31:33,863] {processor.py:625} INFO - Processing file /home/airflow/.local/lib/python3.7/site-packages/airflow/example_dags/example_trigger_controller_dag.py for tasks to queue
[2021-12-10 08:31:33,864] {logging_mixin.py:109} INFO - [2021-12-10 08:31:33,864] {dagbag.py:500} INFO - Filling up the DagBag from /home/airflow/.local/lib/python3.7/site-packages/airflow/example_dags/example_trigger_controller_dag.py
[2021-12-10 08:31:33,891] {processor.py:637} INFO - DAG(s) dict_keys(['example_trigger_controller_dag']) retrieved from /home/airflow/.local/lib/python3.7/site-packages/airflow/example_dags/example_trigger_controller_dag.py
[2021-12-10 08:31:33,902] {logging_mixin.py:109} INFO - [2021-12-10 08:31:33,902] {dag.py:2396} INFO - Sync 1 DAGs
[2021-12-10 08:31:33,922] {logging_mixin.py:109} INFO - [2021-12-10 08:31:33,922] {dag.py:2928} INFO - Setting next_dagrun for example_trigger_controller_dag to 2021-01-01T00:00:00+00:00
[2021-12-10 08:31:33,932] {processor.py:171} INFO - Processing /home/airflow/.local/lib/python3.7/site-packages/airflow/example_dags/example_trigger_controller_dag.py took 0.074 seconds
[2021-12-10 08:32:04,147] {processor.py:163} INFO - Started process (PID=1254) to work on /home/airflow/.local/lib/python3.7/site-packages/airflow/example_dags/example_trigger_controller_dag.py
[2021-12-10 08:32:04,149] {processor.py:625} INFO - Processing file /home/airflow/.local/lib/python3.7/site-packages/airflow/example_dags/example_trigger_controller_dag.py for tasks to queue
[2021-12-10 08:32:04,149] {logging_mixin.py:109} INFO - [2021-12-10 08:32:04,149] {dagbag.py:500} INFO - Filling up the DagBag from /home/airflow/.local/lib/python3.7/site-packages/airflow/example_dags/example_trigger_controller_dag.py
[2021-12-10 08:32:04,176] {processor.py:637} INFO - DAG(s) dict_keys(['example_trigger_controller_dag']) retrieved from /home/airflow/.local/lib/python3.7/site-packages/airflow/example_dags/example_trigger_controller_dag.py
[2021-12-10 08:32:04,186] {logging_mixin.py:109} INFO - [2021-12-10 08:32:04,185] {dag.py:2396} INFO - Sync 1 DAGs
[2021-12-10 08:32:04,204] {logging_mixin.py:109} INFO - [2021-12-10 08:32:04,204] {dag.py:2928} INFO - Setting next_dagrun for example_trigger_controller_dag to 2021-01-01T00:00:00+00:00
[2021-12-10 08:32:04,214] {processor.py:171} INFO - Processing /home/airflow/.local/lib/python3.7/site-packages/airflow/example_dags/example_trigger_controller_dag.py took 0.071 seconds
[2021-12-10 08:32:34,299] {processor.py:163} INFO - Started process (PID=1306) to work on /home/airflow/.local/lib/python3.7/site-packages/airflow/example_dags/example_trigger_controller_dag.py
[2021-12-10 08:32:34,300] {processor.py:625} INFO - Processing file /home/airflow/.local/lib/python3.7/site-packages/airflow/example_dags/example_trigger_controller_dag.py for tasks to queue
[2021-12-10 08:32:34,301] {logging_mixin.py:109} INFO - [2021-12-10 08:32:34,301] {dagbag.py:500} INFO - Filling up the DagBag from /home/airflow/.local/lib/python3.7/site-packages/airflow/example_dags/example_trigger_controller_dag.py
[2021-12-10 08:32:34,327] {processor.py:637} INFO - DAG(s) dict_keys(['example_trigger_controller_dag']) retrieved from /home/airflow/.local/lib/python3.7/site-packages/airflow/example_dags/example_trigger_controller_dag.py
[2021-12-10 08:32:34,338] {logging_mixin.py:109} INFO - [2021-12-10 08:32:34,338] {dag.py:2396} INFO - Sync 1 DAGs
[2021-12-10 08:32:34,355] {logging_mixin.py:109} INFO - [2021-12-10 08:32:34,355] {dag.py:2928} INFO - Setting next_dagrun for example_trigger_controller_dag to 2021-01-01T00:00:00+00:00
[2021-12-10 08:32:34,365] {processor.py:171} INFO - Processing /home/airflow/.local/lib/python3.7/site-packages/airflow/example_dags/example_trigger_controller_dag.py took 0.070 seconds
[2021-12-10 08:33:04,471] {processor.py:163} INFO - Started process (PID=1367) to work on /home/airflow/.local/lib/python3.7/site-packages/airflow/example_dags/example_trigger_controller_dag.py
[2021-12-10 08:33:04,472] {processor.py:625} INFO - Processing file /home/airflow/.local/lib/python3.7/site-packages/airflow/example_dags/example_trigger_controller_dag.py for tasks to queue
[2021-12-10 08:33:04,473] {logging_mixin.py:109} INFO - [2021-12-10 08:33:04,473] {dagbag.py:500} INFO - Filling up the DagBag from /home/airflow/.local/lib/python3.7/site-packages/airflow/example_dags/example_trigger_controller_dag.py
[2021-12-10 08:33:04,504] {processor.py:637} INFO - DAG(s) dict_keys(['example_trigger_controller_dag']) retrieved from /home/airflow/.local/lib/python3.7/site-packages/airflow/example_dags/example_trigger_controller_dag.py
[2021-12-10 08:33:04,516] {logging_mixin.py:109} INFO - [2021-12-10 08:33:04,516] {dag.py:2396} INFO - Sync 1 DAGs
[2021-12-10 08:33:04,534] {logging_mixin.py:109} INFO - [2021-12-10 08:33:04,534] {dag.py:2928} INFO - Setting next_dagrun for example_trigger_controller_dag to 2021-01-01T00:00:00+00:00
[2021-12-10 08:33:04,544] {processor.py:171} INFO - Processing /home/airflow/.local/lib/python3.7/site-packages/airflow/example_dags/example_trigger_controller_dag.py took 0.077 seconds
[2021-12-10 08:33:34,577] {processor.py:163} INFO - Started process (PID=1417) to work on /home/airflow/.local/lib/python3.7/site-packages/airflow/example_dags/example_trigger_controller_dag.py
[2021-12-10 08:33:34,579] {processor.py:625} INFO - Processing file /home/airflow/.local/lib/python3.7/site-packages/airflow/example_dags/example_trigger_controller_dag.py for tasks to queue
[2021-12-10 08:33:34,579] {logging_mixin.py:109} INFO - [2021-12-10 08:33:34,579] {dagbag.py:500} INFO - Filling up the DagBag from /home/airflow/.local/lib/python3.7/site-packages/airflow/example_dags/example_trigger_controller_dag.py
[2021-12-10 08:33:34,606] {processor.py:637} INFO - DAG(s) dict_keys(['example_trigger_controller_dag']) retrieved from /home/airflow/.local/lib/python3.7/site-packages/airflow/example_dags/example_trigger_controller_dag.py
[2021-12-10 08:33:34,616] {logging_mixin.py:109} INFO - [2021-12-10 08:33:34,616] {dag.py:2396} INFO - Sync 1 DAGs
[2021-12-10 08:33:34,632] {logging_mixin.py:109} INFO - [2021-12-10 08:33:34,632] {dag.py:2928} INFO - Setting next_dagrun for example_trigger_controller_dag to 2021-01-01T00:00:00+00:00
[2021-12-10 08:33:34,641] {processor.py:171} INFO - Processing /home/airflow/.local/lib/python3.7/site-packages/airflow/example_dags/example_trigger_controller_dag.py took 0.068 seconds
[2021-12-10 08:34:04,791] {processor.py:163} INFO - Started process (PID=1479) to work on /home/airflow/.local/lib/python3.7/site-packages/airflow/example_dags/example_trigger_controller_dag.py
[2021-12-10 08:34:04,793] {processor.py:625} INFO - Processing file /home/airflow/.local/lib/python3.7/site-packages/airflow/example_dags/example_trigger_controller_dag.py for tasks to queue
[2021-12-10 08:34:04,794] {logging_mixin.py:109} INFO - [2021-12-10 08:34:04,794] {dagbag.py:500} INFO - Filling up the DagBag from /home/airflow/.local/lib/python3.7/site-packages/airflow/example_dags/example_trigger_controller_dag.py
[2021-12-10 08:34:04,825] {processor.py:637} INFO - DAG(s) dict_keys(['example_trigger_controller_dag']) retrieved from /home/airflow/.local/lib/python3.7/site-packages/airflow/example_dags/example_trigger_controller_dag.py
[2021-12-10 08:34:04,834] {logging_mixin.py:109} INFO - [2021-12-10 08:34:04,834] {dag.py:2396} INFO - Sync 1 DAGs
[2021-12-10 08:34:04,851] {logging_mixin.py:109} INFO - [2021-12-10 08:34:04,851] {dag.py:2928} INFO - Setting next_dagrun for example_trigger_controller_dag to 2021-01-01T00:00:00+00:00
[2021-12-10 08:34:04,862] {processor.py:171} INFO - Processing /home/airflow/.local/lib/python3.7/site-packages/airflow/example_dags/example_trigger_controller_dag.py took 0.074 seconds
[2021-12-10 08:34:35,182] {processor.py:163} INFO - Started process (PID=1531) to work on /home/airflow/.local/lib/python3.7/site-packages/airflow/example_dags/example_trigger_controller_dag.py
[2021-12-10 08:34:35,184] {processor.py:625} INFO - Processing file /home/airflow/.local/lib/python3.7/site-packages/airflow/example_dags/example_trigger_controller_dag.py for tasks to queue
[2021-12-10 08:34:35,184] {logging_mixin.py:109} INFO - [2021-12-10 08:34:35,184] {dagbag.py:500} INFO - Filling up the DagBag from /home/airflow/.local/lib/python3.7/site-packages/airflow/example_dags/example_trigger_controller_dag.py
[2021-12-10 08:34:35,210] {processor.py:637} INFO - DAG(s) dict_keys(['example_trigger_controller_dag']) retrieved from /home/airflow/.local/lib/python3.7/site-packages/airflow/example_dags/example_trigger_controller_dag.py
[2021-12-10 08:34:35,219] {logging_mixin.py:109} INFO - [2021-12-10 08:34:35,219] {dag.py:2396} INFO - Sync 1 DAGs
[2021-12-10 08:34:35,234] {logging_mixin.py:109} INFO - [2021-12-10 08:34:35,234] {dag.py:2928} INFO - Setting next_dagrun for example_trigger_controller_dag to 2021-01-01T00:00:00+00:00
[2021-12-10 08:34:35,242] {processor.py:171} INFO - Processing /home/airflow/.local/lib/python3.7/site-packages/airflow/example_dags/example_trigger_controller_dag.py took 0.064 seconds
[2021-12-10 08:35:05,416] {processor.py:163} INFO - Started process (PID=1583) to work on /home/airflow/.local/lib/python3.7/site-packages/airflow/example_dags/example_trigger_controller_dag.py
[2021-12-10 08:35:05,418] {processor.py:625} INFO - Processing file /home/airflow/.local/lib/python3.7/site-packages/airflow/example_dags/example_trigger_controller_dag.py for tasks to queue
[2021-12-10 08:35:05,418] {logging_mixin.py:109} INFO - [2021-12-10 08:35:05,418] {dagbag.py:500} INFO - Filling up the DagBag from /home/airflow/.local/lib/python3.7/site-packages/airflow/example_dags/example_trigger_controller_dag.py
[2021-12-10 08:35:05,445] {processor.py:637} INFO - DAG(s) dict_keys(['example_trigger_controller_dag']) retrieved from /home/airflow/.local/lib/python3.7/site-packages/airflow/example_dags/example_trigger_controller_dag.py
[2021-12-10 08:35:05,455] {logging_mixin.py:109} INFO - [2021-12-10 08:35:05,455] {dag.py:2396} INFO - Sync 1 DAGs
[2021-12-10 08:35:05,471] {logging_mixin.py:109} INFO - [2021-12-10 08:35:05,470] {dag.py:2928} INFO - Setting next_dagrun for example_trigger_controller_dag to 2021-01-01T00:00:00+00:00
[2021-12-10 08:35:05,480] {processor.py:171} INFO - Processing /home/airflow/.local/lib/python3.7/site-packages/airflow/example_dags/example_trigger_controller_dag.py took 0.068 seconds
[2021-12-10 08:35:35,574] {processor.py:163} INFO - Started process (PID=1645) to work on /home/airflow/.local/lib/python3.7/site-packages/airflow/example_dags/example_trigger_controller_dag.py
[2021-12-10 08:35:35,576] {processor.py:625} INFO - Processing file /home/airflow/.local/lib/python3.7/site-packages/airflow/example_dags/example_trigger_controller_dag.py for tasks to queue
[2021-12-10 08:35:35,576] {logging_mixin.py:109} INFO - [2021-12-10 08:35:35,576] {dagbag.py:500} INFO - Filling up the DagBag from /home/airflow/.local/lib/python3.7/site-packages/airflow/example_dags/example_trigger_controller_dag.py
[2021-12-10 08:35:35,603] {processor.py:637} INFO - DAG(s) dict_keys(['example_trigger_controller_dag']) retrieved from /home/airflow/.local/lib/python3.7/site-packages/airflow/example_dags/example_trigger_controller_dag.py
[2021-12-10 08:35:35,612] {logging_mixin.py:109} INFO - [2021-12-10 08:35:35,612] {dag.py:2396} INFO - Sync 1 DAGs
[2021-12-10 08:35:35,629] {logging_mixin.py:109} INFO - [2021-12-10 08:35:35,629] {dag.py:2928} INFO - Setting next_dagrun for example_trigger_controller_dag to 2021-01-01T00:00:00+00:00
[2021-12-10 08:35:35,638] {processor.py:171} INFO - Processing /home/airflow/.local/lib/python3.7/site-packages/airflow/example_dags/example_trigger_controller_dag.py took 0.067 seconds
[2021-12-10 08:36:06,082] {processor.py:163} INFO - Started process (PID=1698) to work on /home/airflow/.local/lib/python3.7/site-packages/airflow/example_dags/example_trigger_controller_dag.py
[2021-12-10 08:36:06,084] {processor.py:625} INFO - Processing file /home/airflow/.local/lib/python3.7/site-packages/airflow/example_dags/example_trigger_controller_dag.py for tasks to queue
[2021-12-10 08:36:06,084] {logging_mixin.py:109} INFO - [2021-12-10 08:36:06,084] {dagbag.py:500} INFO - Filling up the DagBag from /home/airflow/.local/lib/python3.7/site-packages/airflow/example_dags/example_trigger_controller_dag.py
[2021-12-10 08:36:06,123] {processor.py:637} INFO - DAG(s) dict_keys(['example_trigger_controller_dag']) retrieved from /home/airflow/.local/lib/python3.7/site-packages/airflow/example_dags/example_trigger_controller_dag.py
[2021-12-10 08:36:06,132] {logging_mixin.py:109} INFO - [2021-12-10 08:36:06,132] {dag.py:2396} INFO - Sync 1 DAGs
[2021-12-10 08:36:06,149] {logging_mixin.py:109} INFO - [2021-12-10 08:36:06,149] {dag.py:2928} INFO - Setting next_dagrun for example_trigger_controller_dag to 2021-01-01T00:00:00+00:00
[2021-12-10 08:36:06,159] {processor.py:171} INFO - Processing /home/airflow/.local/lib/python3.7/site-packages/airflow/example_dags/example_trigger_controller_dag.py took 0.081 seconds
[2021-12-10 08:36:36,492] {processor.py:163} INFO - Started process (PID=1760) to work on /home/airflow/.local/lib/python3.7/site-packages/airflow/example_dags/example_trigger_controller_dag.py
[2021-12-10 08:36:36,493] {processor.py:625} INFO - Processing file /home/airflow/.local/lib/python3.7/site-packages/airflow/example_dags/example_trigger_controller_dag.py for tasks to queue
[2021-12-10 08:36:36,494] {logging_mixin.py:109} INFO - [2021-12-10 08:36:36,494] {dagbag.py:500} INFO - Filling up the DagBag from /home/airflow/.local/lib/python3.7/site-packages/airflow/example_dags/example_trigger_controller_dag.py
[2021-12-10 08:36:36,520] {processor.py:637} INFO - DAG(s) dict_keys(['example_trigger_controller_dag']) retrieved from /home/airflow/.local/lib/python3.7/site-packages/airflow/example_dags/example_trigger_controller_dag.py
[2021-12-10 08:36:36,531] {logging_mixin.py:109} INFO - [2021-12-10 08:36:36,530] {dag.py:2396} INFO - Sync 1 DAGs
[2021-12-10 08:36:36,547] {logging_mixin.py:109} INFO - [2021-12-10 08:36:36,547] {dag.py:2928} INFO - Setting next_dagrun for example_trigger_controller_dag to 2021-01-01T00:00:00+00:00
[2021-12-10 08:36:36,557] {processor.py:171} INFO - Processing /home/airflow/.local/lib/python3.7/site-packages/airflow/example_dags/example_trigger_controller_dag.py took 0.069 seconds
[2021-12-10 08:37:06,673] {processor.py:163} INFO - Started process (PID=1813) to work on /home/airflow/.local/lib/python3.7/site-packages/airflow/example_dags/example_trigger_controller_dag.py
[2021-12-10 08:37:06,674] {processor.py:625} INFO - Processing file /home/airflow/.local/lib/python3.7/site-packages/airflow/example_dags/example_trigger_controller_dag.py for tasks to queue
[2021-12-10 08:37:06,675] {logging_mixin.py:109} INFO - [2021-12-10 08:37:06,675] {dagbag.py:500} INFO - Filling up the DagBag from /home/airflow/.local/lib/python3.7/site-packages/airflow/example_dags/example_trigger_controller_dag.py
[2021-12-10 08:37:06,705] {processor.py:637} INFO - DAG(s) dict_keys(['example_trigger_controller_dag']) retrieved from /home/airflow/.local/lib/python3.7/site-packages/airflow/example_dags/example_trigger_controller_dag.py
[2021-12-10 08:37:06,716] {logging_mixin.py:109} INFO - [2021-12-10 08:37:06,716] {dag.py:2396} INFO - Sync 1 DAGs
[2021-12-10 08:37:06,734] {logging_mixin.py:109} INFO - [2021-12-10 08:37:06,734] {dag.py:2928} INFO - Setting next_dagrun for example_trigger_controller_dag to 2021-01-01T00:00:00+00:00
[2021-12-10 08:37:06,744] {processor.py:171} INFO - Processing /home/airflow/.local/lib/python3.7/site-packages/airflow/example_dags/example_trigger_controller_dag.py took 0.075 seconds
[2021-12-10 08:37:36,895] {processor.py:163} INFO - Started process (PID=1867) to work on /home/airflow/.local/lib/python3.7/site-packages/airflow/example_dags/example_trigger_controller_dag.py
[2021-12-10 08:37:36,896] {processor.py:625} INFO - Processing file /home/airflow/.local/lib/python3.7/site-packages/airflow/example_dags/example_trigger_controller_dag.py for tasks to queue
[2021-12-10 08:37:36,897] {logging_mixin.py:109} INFO - [2021-12-10 08:37:36,897] {dagbag.py:500} INFO - Filling up the DagBag from /home/airflow/.local/lib/python3.7/site-packages/airflow/example_dags/example_trigger_controller_dag.py
[2021-12-10 08:37:36,946] {processor.py:637} INFO - DAG(s) dict_keys(['example_trigger_controller_dag']) retrieved from /home/airflow/.local/lib/python3.7/site-packages/airflow/example_dags/example_trigger_controller_dag.py
[2021-12-10 08:37:36,956] {logging_mixin.py:109} INFO - [2021-12-10 08:37:36,956] {dag.py:2396} INFO - Sync 1 DAGs
[2021-12-10 08:37:36,974] {logging_mixin.py:109} INFO - [2021-12-10 08:37:36,974] {dag.py:2928} INFO - Setting next_dagrun for example_trigger_controller_dag to 2021-01-01T00:00:00+00:00
[2021-12-10 08:37:36,985] {processor.py:171} INFO - Processing /home/airflow/.local/lib/python3.7/site-packages/airflow/example_dags/example_trigger_controller_dag.py took 0.094 seconds
[2021-12-10 08:38:07,542] {processor.py:163} INFO - Started process (PID=1923) to work on /home/airflow/.local/lib/python3.7/site-packages/airflow/example_dags/example_trigger_controller_dag.py
[2021-12-10 08:38:07,543] {processor.py:625} INFO - Processing file /home/airflow/.local/lib/python3.7/site-packages/airflow/example_dags/example_trigger_controller_dag.py for tasks to queue
[2021-12-10 08:38:07,544] {logging_mixin.py:109} INFO - [2021-12-10 08:38:07,544] {dagbag.py:500} INFO - Filling up the DagBag from /home/airflow/.local/lib/python3.7/site-packages/airflow/example_dags/example_trigger_controller_dag.py
[2021-12-10 08:38:07,569] {processor.py:637} INFO - DAG(s) dict_keys(['example_trigger_controller_dag']) retrieved from /home/airflow/.local/lib/python3.7/site-packages/airflow/example_dags/example_trigger_controller_dag.py
[2021-12-10 08:38:07,579] {logging_mixin.py:109} INFO - [2021-12-10 08:38:07,579] {dag.py:2396} INFO - Sync 1 DAGs
[2021-12-10 08:38:07,595] {logging_mixin.py:109} INFO - [2021-12-10 08:38:07,594] {dag.py:2928} INFO - Setting next_dagrun for example_trigger_controller_dag to 2021-01-01T00:00:00+00:00
[2021-12-10 08:38:07,603] {processor.py:171} INFO - Processing /home/airflow/.local/lib/python3.7/site-packages/airflow/example_dags/example_trigger_controller_dag.py took 0.065 seconds
[2021-12-10 08:38:37,935] {processor.py:163} INFO - Started process (PID=1975) to work on /home/airflow/.local/lib/python3.7/site-packages/airflow/example_dags/example_trigger_controller_dag.py
[2021-12-10 08:38:37,937] {processor.py:625} INFO - Processing file /home/airflow/.local/lib/python3.7/site-packages/airflow/example_dags/example_trigger_controller_dag.py for tasks to queue
[2021-12-10 08:38:37,938] {logging_mixin.py:109} INFO - [2021-12-10 08:38:37,937] {dagbag.py:500} INFO - Filling up the DagBag from /home/airflow/.local/lib/python3.7/site-packages/airflow/example_dags/example_trigger_controller_dag.py
[2021-12-10 08:38:37,967] {processor.py:637} INFO - DAG(s) dict_keys(['example_trigger_controller_dag']) retrieved from /home/airflow/.local/lib/python3.7/site-packages/airflow/example_dags/example_trigger_controller_dag.py
[2021-12-10 08:38:37,977] {logging_mixin.py:109} INFO - [2021-12-10 08:38:37,977] {dag.py:2396} INFO - Sync 1 DAGs
[2021-12-10 08:38:37,995] {logging_mixin.py:109} INFO - [2021-12-10 08:38:37,995] {dag.py:2928} INFO - Setting next_dagrun for example_trigger_controller_dag to 2021-01-01T00:00:00+00:00
[2021-12-10 08:38:38,004] {processor.py:171} INFO - Processing /home/airflow/.local/lib/python3.7/site-packages/airflow/example_dags/example_trigger_controller_dag.py took 0.073 seconds
[2021-12-10 08:39:08,344] {processor.py:163} INFO - Started process (PID=2036) to work on /home/airflow/.local/lib/python3.7/site-packages/airflow/example_dags/example_trigger_controller_dag.py
[2021-12-10 08:39:08,345] {processor.py:625} INFO - Processing file /home/airflow/.local/lib/python3.7/site-packages/airflow/example_dags/example_trigger_controller_dag.py for tasks to queue
[2021-12-10 08:39:08,346] {logging_mixin.py:109} INFO - [2021-12-10 08:39:08,346] {dagbag.py:500} INFO - Filling up the DagBag from /home/airflow/.local/lib/python3.7/site-packages/airflow/example_dags/example_trigger_controller_dag.py
[2021-12-10 08:39:08,373] {processor.py:637} INFO - DAG(s) dict_keys(['example_trigger_controller_dag']) retrieved from /home/airflow/.local/lib/python3.7/site-packages/airflow/example_dags/example_trigger_controller_dag.py
[2021-12-10 08:39:08,390] {logging_mixin.py:109} INFO - [2021-12-10 08:39:08,390] {dag.py:2396} INFO - Sync 1 DAGs
[2021-12-10 08:39:08,410] {logging_mixin.py:109} INFO - [2021-12-10 08:39:08,410] {dag.py:2928} INFO - Setting next_dagrun for example_trigger_controller_dag to 2021-01-01T00:00:00+00:00
[2021-12-10 08:39:08,422] {processor.py:171} INFO - Processing /home/airflow/.local/lib/python3.7/site-packages/airflow/example_dags/example_trigger_controller_dag.py took 0.082 seconds
[2021-12-10 08:39:38,615] {processor.py:163} INFO - Started process (PID=2089) to work on /home/airflow/.local/lib/python3.7/site-packages/airflow/example_dags/example_trigger_controller_dag.py
[2021-12-10 08:39:38,617] {processor.py:625} INFO - Processing file /home/airflow/.local/lib/python3.7/site-packages/airflow/example_dags/example_trigger_controller_dag.py for tasks to queue
[2021-12-10 08:39:38,617] {logging_mixin.py:109} INFO - [2021-12-10 08:39:38,617] {dagbag.py:500} INFO - Filling up the DagBag from /home/airflow/.local/lib/python3.7/site-packages/airflow/example_dags/example_trigger_controller_dag.py
[2021-12-10 08:39:38,643] {processor.py:637} INFO - DAG(s) dict_keys(['example_trigger_controller_dag']) retrieved from /home/airflow/.local/lib/python3.7/site-packages/airflow/example_dags/example_trigger_controller_dag.py
[2021-12-10 08:39:38,653] {logging_mixin.py:109} INFO - [2021-12-10 08:39:38,653] {dag.py:2396} INFO - Sync 1 DAGs
[2021-12-10 08:39:38,676] {logging_mixin.py:109} INFO - [2021-12-10 08:39:38,676] {dag.py:2928} INFO - Setting next_dagrun for example_trigger_controller_dag to 2021-01-01T00:00:00+00:00
[2021-12-10 08:39:38,692] {processor.py:171} INFO - Processing /home/airflow/.local/lib/python3.7/site-packages/airflow/example_dags/example_trigger_controller_dag.py took 0.081 seconds
[2021-12-10 08:40:08,838] {processor.py:163} INFO - Started process (PID=2143) to work on /home/airflow/.local/lib/python3.7/site-packages/airflow/example_dags/example_trigger_controller_dag.py
[2021-12-10 08:40:08,839] {processor.py:625} INFO - Processing file /home/airflow/.local/lib/python3.7/site-packages/airflow/example_dags/example_trigger_controller_dag.py for tasks to queue
[2021-12-10 08:40:08,840] {logging_mixin.py:109} INFO - [2021-12-10 08:40:08,840] {dagbag.py:500} INFO - Filling up the DagBag from /home/airflow/.local/lib/python3.7/site-packages/airflow/example_dags/example_trigger_controller_dag.py
[2021-12-10 08:40:08,867] {processor.py:637} INFO - DAG(s) dict_keys(['example_trigger_controller_dag']) retrieved from /home/airflow/.local/lib/python3.7/site-packages/airflow/example_dags/example_trigger_controller_dag.py
[2021-12-10 08:40:08,879] {logging_mixin.py:109} INFO - [2021-12-10 08:40:08,879] {dag.py:2396} INFO - Sync 1 DAGs
[2021-12-10 08:40:08,895] {logging_mixin.py:109} INFO - [2021-12-10 08:40:08,895] {dag.py:2928} INFO - Setting next_dagrun for example_trigger_controller_dag to 2021-01-01T00:00:00+00:00
[2021-12-10 08:40:08,905] {processor.py:171} INFO - Processing /home/airflow/.local/lib/python3.7/site-packages/airflow/example_dags/example_trigger_controller_dag.py took 0.070 seconds
[2021-12-10 08:40:38,967] {processor.py:163} INFO - Started process (PID=2204) to work on /home/airflow/.local/lib/python3.7/site-packages/airflow/example_dags/example_trigger_controller_dag.py
[2021-12-10 08:40:38,968] {processor.py:625} INFO - Processing file /home/airflow/.local/lib/python3.7/site-packages/airflow/example_dags/example_trigger_controller_dag.py for tasks to queue
[2021-12-10 08:40:38,969] {logging_mixin.py:109} INFO - [2021-12-10 08:40:38,969] {dagbag.py:500} INFO - Filling up the DagBag from /home/airflow/.local/lib/python3.7/site-packages/airflow/example_dags/example_trigger_controller_dag.py
[2021-12-10 08:40:38,996] {processor.py:637} INFO - DAG(s) dict_keys(['example_trigger_controller_dag']) retrieved from /home/airflow/.local/lib/python3.7/site-packages/airflow/example_dags/example_trigger_controller_dag.py
[2021-12-10 08:40:39,005] {logging_mixin.py:109} INFO - [2021-12-10 08:40:39,005] {dag.py:2396} INFO - Sync 1 DAGs
[2021-12-10 08:40:39,022] {logging_mixin.py:109} INFO - [2021-12-10 08:40:39,022] {dag.py:2928} INFO - Setting next_dagrun for example_trigger_controller_dag to 2021-01-01T00:00:00+00:00
[2021-12-10 08:40:39,031] {processor.py:171} INFO - Processing /home/airflow/.local/lib/python3.7/site-packages/airflow/example_dags/example_trigger_controller_dag.py took 0.069 seconds
[2021-12-10 08:41:09,247] {processor.py:163} INFO - Started process (PID=2257) to work on /home/airflow/.local/lib/python3.7/site-packages/airflow/example_dags/example_trigger_controller_dag.py
[2021-12-10 08:41:09,249] {processor.py:625} INFO - Processing file /home/airflow/.local/lib/python3.7/site-packages/airflow/example_dags/example_trigger_controller_dag.py for tasks to queue
[2021-12-10 08:41:09,250] {logging_mixin.py:109} INFO - [2021-12-10 08:41:09,250] {dagbag.py:500} INFO - Filling up the DagBag from /home/airflow/.local/lib/python3.7/site-packages/airflow/example_dags/example_trigger_controller_dag.py
[2021-12-10 08:41:09,283] {processor.py:637} INFO - DAG(s) dict_keys(['example_trigger_controller_dag']) retrieved from /home/airflow/.local/lib/python3.7/site-packages/airflow/example_dags/example_trigger_controller_dag.py
[2021-12-10 08:41:09,294] {logging_mixin.py:109} INFO - [2021-12-10 08:41:09,294] {dag.py:2396} INFO - Sync 1 DAGs
[2021-12-10 08:41:09,312] {logging_mixin.py:109} INFO - [2021-12-10 08:41:09,312] {dag.py:2928} INFO - Setting next_dagrun for example_trigger_controller_dag to 2021-01-01T00:00:00+00:00
[2021-12-10 08:41:09,321] {processor.py:171} INFO - Processing /home/airflow/.local/lib/python3.7/site-packages/airflow/example_dags/example_trigger_controller_dag.py took 0.078 seconds
[2021-12-10 08:41:39,392] {processor.py:163} INFO - Started process (PID=2319) to work on /home/airflow/.local/lib/python3.7/site-packages/airflow/example_dags/example_trigger_controller_dag.py
[2021-12-10 08:41:39,393] {processor.py:625} INFO - Processing file /home/airflow/.local/lib/python3.7/site-packages/airflow/example_dags/example_trigger_controller_dag.py for tasks to queue
[2021-12-10 08:41:39,394] {logging_mixin.py:109} INFO - [2021-12-10 08:41:39,394] {dagbag.py:500} INFO - Filling up the DagBag from /home/airflow/.local/lib/python3.7/site-packages/airflow/example_dags/example_trigger_controller_dag.py
[2021-12-10 08:41:39,423] {processor.py:637} INFO - DAG(s) dict_keys(['example_trigger_controller_dag']) retrieved from /home/airflow/.local/lib/python3.7/site-packages/airflow/example_dags/example_trigger_controller_dag.py
[2021-12-10 08:41:39,433] {logging_mixin.py:109} INFO - [2021-12-10 08:41:39,433] {dag.py:2396} INFO - Sync 1 DAGs
[2021-12-10 08:41:39,451] {logging_mixin.py:109} INFO - [2021-12-10 08:41:39,451] {dag.py:2928} INFO - Setting next_dagrun for example_trigger_controller_dag to 2021-01-01T00:00:00+00:00
[2021-12-10 08:41:39,460] {processor.py:171} INFO - Processing /home/airflow/.local/lib/python3.7/site-packages/airflow/example_dags/example_trigger_controller_dag.py took 0.072 seconds
[2021-12-10 08:42:09,846] {processor.py:163} INFO - Started process (PID=2373) to work on /home/airflow/.local/lib/python3.7/site-packages/airflow/example_dags/example_trigger_controller_dag.py
[2021-12-10 08:42:09,848] {processor.py:625} INFO - Processing file /home/airflow/.local/lib/python3.7/site-packages/airflow/example_dags/example_trigger_controller_dag.py for tasks to queue
[2021-12-10 08:42:09,849] {logging_mixin.py:109} INFO - [2021-12-10 08:42:09,849] {dagbag.py:500} INFO - Filling up the DagBag from /home/airflow/.local/lib/python3.7/site-packages/airflow/example_dags/example_trigger_controller_dag.py
[2021-12-10 08:42:09,876] {processor.py:637} INFO - DAG(s) dict_keys(['example_trigger_controller_dag']) retrieved from /home/airflow/.local/lib/python3.7/site-packages/airflow/example_dags/example_trigger_controller_dag.py
[2021-12-10 08:42:09,886] {logging_mixin.py:109} INFO - [2021-12-10 08:42:09,886] {dag.py:2396} INFO - Sync 1 DAGs
[2021-12-10 08:42:09,902] {logging_mixin.py:109} INFO - [2021-12-10 08:42:09,902] {dag.py:2928} INFO - Setting next_dagrun for example_trigger_controller_dag to 2021-01-01T00:00:00+00:00
[2021-12-10 08:42:09,911] {processor.py:171} INFO - Processing /home/airflow/.local/lib/python3.7/site-packages/airflow/example_dags/example_trigger_controller_dag.py took 0.069 seconds
[2021-12-10 08:42:39,963] {processor.py:163} INFO - Started process (PID=2425) to work on /home/airflow/.local/lib/python3.7/site-packages/airflow/example_dags/example_trigger_controller_dag.py
[2021-12-10 08:42:39,965] {processor.py:625} INFO - Processing file /home/airflow/.local/lib/python3.7/site-packages/airflow/example_dags/example_trigger_controller_dag.py for tasks to queue
[2021-12-10 08:42:39,966] {logging_mixin.py:109} INFO - [2021-12-10 08:42:39,965] {dagbag.py:500} INFO - Filling up the DagBag from /home/airflow/.local/lib/python3.7/site-packages/airflow/example_dags/example_trigger_controller_dag.py
[2021-12-10 08:42:39,996] {processor.py:637} INFO - DAG(s) dict_keys(['example_trigger_controller_dag']) retrieved from /home/airflow/.local/lib/python3.7/site-packages/airflow/example_dags/example_trigger_controller_dag.py
[2021-12-10 08:42:40,006] {logging_mixin.py:109} INFO - [2021-12-10 08:42:40,006] {dag.py:2396} INFO - Sync 1 DAGs
[2021-12-10 08:42:40,022] {logging_mixin.py:109} INFO - [2021-12-10 08:42:40,022] {dag.py:2928} INFO - Setting next_dagrun for example_trigger_controller_dag to 2021-01-01T00:00:00+00:00
[2021-12-10 08:42:40,032] {processor.py:171} INFO - Processing /home/airflow/.local/lib/python3.7/site-packages/airflow/example_dags/example_trigger_controller_dag.py took 0.074 seconds
[2021-12-10 08:43:10,350] {processor.py:163} INFO - Started process (PID=2487) to work on /home/airflow/.local/lib/python3.7/site-packages/airflow/example_dags/example_trigger_controller_dag.py
[2021-12-10 08:43:10,352] {processor.py:625} INFO - Processing file /home/airflow/.local/lib/python3.7/site-packages/airflow/example_dags/example_trigger_controller_dag.py for tasks to queue
[2021-12-10 08:43:10,352] {logging_mixin.py:109} INFO - [2021-12-10 08:43:10,352] {dagbag.py:500} INFO - Filling up the DagBag from /home/airflow/.local/lib/python3.7/site-packages/airflow/example_dags/example_trigger_controller_dag.py
[2021-12-10 08:43:10,381] {processor.py:637} INFO - DAG(s) dict_keys(['example_trigger_controller_dag']) retrieved from /home/airflow/.local/lib/python3.7/site-packages/airflow/example_dags/example_trigger_controller_dag.py
[2021-12-10 08:43:10,392] {logging_mixin.py:109} INFO - [2021-12-10 08:43:10,391] {dag.py:2396} INFO - Sync 1 DAGs
[2021-12-10 08:43:10,407] {logging_mixin.py:109} INFO - [2021-12-10 08:43:10,407] {dag.py:2928} INFO - Setting next_dagrun for example_trigger_controller_dag to 2021-01-01T00:00:00+00:00
[2021-12-10 08:43:10,416] {processor.py:171} INFO - Processing /home/airflow/.local/lib/python3.7/site-packages/airflow/example_dags/example_trigger_controller_dag.py took 0.070 seconds
[2021-12-10 08:43:40,656] {processor.py:163} INFO - Started process (PID=2538) to work on /home/airflow/.local/lib/python3.7/site-packages/airflow/example_dags/example_trigger_controller_dag.py
[2021-12-10 08:43:40,658] {processor.py:625} INFO - Processing file /home/airflow/.local/lib/python3.7/site-packages/airflow/example_dags/example_trigger_controller_dag.py for tasks to queue
[2021-12-10 08:43:40,659] {logging_mixin.py:109} INFO - [2021-12-10 08:43:40,658] {dagbag.py:500} INFO - Filling up the DagBag from /home/airflow/.local/lib/python3.7/site-packages/airflow/example_dags/example_trigger_controller_dag.py
[2021-12-10 08:43:40,686] {processor.py:637} INFO - DAG(s) dict_keys(['example_trigger_controller_dag']) retrieved from /home/airflow/.local/lib/python3.7/site-packages/airflow/example_dags/example_trigger_controller_dag.py
[2021-12-10 08:43:40,697] {logging_mixin.py:109} INFO - [2021-12-10 08:43:40,697] {dag.py:2396} INFO - Sync 1 DAGs
[2021-12-10 08:43:40,716] {logging_mixin.py:109} INFO - [2021-12-10 08:43:40,716] {dag.py:2928} INFO - Setting next_dagrun for example_trigger_controller_dag to 2021-01-01T00:00:00+00:00
[2021-12-10 08:43:40,725] {processor.py:171} INFO - Processing /home/airflow/.local/lib/python3.7/site-packages/airflow/example_dags/example_trigger_controller_dag.py took 0.074 seconds
[2021-12-10 08:44:10,990] {processor.py:163} INFO - Started process (PID=2600) to work on /home/airflow/.local/lib/python3.7/site-packages/airflow/example_dags/example_trigger_controller_dag.py
[2021-12-10 08:44:10,992] {processor.py:625} INFO - Processing file /home/airflow/.local/lib/python3.7/site-packages/airflow/example_dags/example_trigger_controller_dag.py for tasks to queue
[2021-12-10 08:44:10,993] {logging_mixin.py:109} INFO - [2021-12-10 08:44:10,992] {dagbag.py:500} INFO - Filling up the DagBag from /home/airflow/.local/lib/python3.7/site-packages/airflow/example_dags/example_trigger_controller_dag.py
[2021-12-10 08:44:11,023] {processor.py:637} INFO - DAG(s) dict_keys(['example_trigger_controller_dag']) retrieved from /home/airflow/.local/lib/python3.7/site-packages/airflow/example_dags/example_trigger_controller_dag.py
[2021-12-10 08:44:11,033] {logging_mixin.py:109} INFO - [2021-12-10 08:44:11,033] {dag.py:2396} INFO - Sync 1 DAGs
[2021-12-10 08:44:11,050] {logging_mixin.py:109} INFO - [2021-12-10 08:44:11,050] {dag.py:2928} INFO - Setting next_dagrun for example_trigger_controller_dag to 2021-01-01T00:00:00+00:00
[2021-12-10 08:44:11,060] {processor.py:171} INFO - Processing /home/airflow/.local/lib/python3.7/site-packages/airflow/example_dags/example_trigger_controller_dag.py took 0.075 seconds
[2021-12-10 08:44:41,693] {processor.py:163} INFO - Started process (PID=2653) to work on /home/airflow/.local/lib/python3.7/site-packages/airflow/example_dags/example_trigger_controller_dag.py
[2021-12-10 08:44:41,695] {processor.py:625} INFO - Processing file /home/airflow/.local/lib/python3.7/site-packages/airflow/example_dags/example_trigger_controller_dag.py for tasks to queue
[2021-12-10 08:44:41,695] {logging_mixin.py:109} INFO - [2021-12-10 08:44:41,695] {dagbag.py:500} INFO - Filling up the DagBag from /home/airflow/.local/lib/python3.7/site-packages/airflow/example_dags/example_trigger_controller_dag.py
[2021-12-10 08:44:41,722] {processor.py:637} INFO - DAG(s) dict_keys(['example_trigger_controller_dag']) retrieved from /home/airflow/.local/lib/python3.7/site-packages/airflow/example_dags/example_trigger_controller_dag.py
[2021-12-10 08:44:41,734] {logging_mixin.py:109} INFO - [2021-12-10 08:44:41,733] {dag.py:2396} INFO - Sync 1 DAGs
[2021-12-10 08:44:41,753] {logging_mixin.py:109} INFO - [2021-12-10 08:44:41,753] {dag.py:2928} INFO - Setting next_dagrun for example_trigger_controller_dag to 2021-01-01T00:00:00+00:00
[2021-12-10 08:44:41,763] {processor.py:171} INFO - Processing /home/airflow/.local/lib/python3.7/site-packages/airflow/example_dags/example_trigger_controller_dag.py took 0.073 seconds
[2021-12-10 08:45:12,262] {processor.py:163} INFO - Started process (PID=2706) to work on /home/airflow/.local/lib/python3.7/site-packages/airflow/example_dags/example_trigger_controller_dag.py
[2021-12-10 08:45:12,263] {processor.py:625} INFO - Processing file /home/airflow/.local/lib/python3.7/site-packages/airflow/example_dags/example_trigger_controller_dag.py for tasks to queue
[2021-12-10 08:45:12,264] {logging_mixin.py:109} INFO - [2021-12-10 08:45:12,264] {dagbag.py:500} INFO - Filling up the DagBag from /home/airflow/.local/lib/python3.7/site-packages/airflow/example_dags/example_trigger_controller_dag.py
[2021-12-10 08:45:12,290] {processor.py:637} INFO - DAG(s) dict_keys(['example_trigger_controller_dag']) retrieved from /home/airflow/.local/lib/python3.7/site-packages/airflow/example_dags/example_trigger_controller_dag.py
[2021-12-10 08:45:12,300] {logging_mixin.py:109} INFO - [2021-12-10 08:45:12,300] {dag.py:2396} INFO - Sync 1 DAGs
[2021-12-10 08:45:12,319] {logging_mixin.py:109} INFO - [2021-12-10 08:45:12,319] {dag.py:2928} INFO - Setting next_dagrun for example_trigger_controller_dag to 2021-01-01T00:00:00+00:00
[2021-12-10 08:45:12,331] {processor.py:171} INFO - Processing /home/airflow/.local/lib/python3.7/site-packages/airflow/example_dags/example_trigger_controller_dag.py took 0.072 seconds
[2021-12-10 08:45:42,657] {processor.py:163} INFO - Started process (PID=2768) to work on /home/airflow/.local/lib/python3.7/site-packages/airflow/example_dags/example_trigger_controller_dag.py
[2021-12-10 08:45:42,659] {processor.py:625} INFO - Processing file /home/airflow/.local/lib/python3.7/site-packages/airflow/example_dags/example_trigger_controller_dag.py for tasks to queue
[2021-12-10 08:45:42,659] {logging_mixin.py:109} INFO - [2021-12-10 08:45:42,659] {dagbag.py:500} INFO - Filling up the DagBag from /home/airflow/.local/lib/python3.7/site-packages/airflow/example_dags/example_trigger_controller_dag.py
[2021-12-10 08:45:42,687] {processor.py:637} INFO - DAG(s) dict_keys(['example_trigger_controller_dag']) retrieved from /home/airflow/.local/lib/python3.7/site-packages/airflow/example_dags/example_trigger_controller_dag.py
[2021-12-10 08:45:42,698] {logging_mixin.py:109} INFO - [2021-12-10 08:45:42,697] {dag.py:2396} INFO - Sync 1 DAGs
[2021-12-10 08:45:42,716] {logging_mixin.py:109} INFO - [2021-12-10 08:45:42,716] {dag.py:2928} INFO - Setting next_dagrun for example_trigger_controller_dag to 2021-01-01T00:00:00+00:00
[2021-12-10 08:45:42,728] {processor.py:171} INFO - Processing /home/airflow/.local/lib/python3.7/site-packages/airflow/example_dags/example_trigger_controller_dag.py took 0.074 seconds
[2021-12-10 08:46:13,030] {processor.py:163} INFO - Started process (PID=2820) to work on /home/airflow/.local/lib/python3.7/site-packages/airflow/example_dags/example_trigger_controller_dag.py
[2021-12-10 08:46:13,031] {processor.py:625} INFO - Processing file /home/airflow/.local/lib/python3.7/site-packages/airflow/example_dags/example_trigger_controller_dag.py for tasks to queue
[2021-12-10 08:46:13,032] {logging_mixin.py:109} INFO - [2021-12-10 08:46:13,032] {dagbag.py:500} INFO - Filling up the DagBag from /home/airflow/.local/lib/python3.7/site-packages/airflow/example_dags/example_trigger_controller_dag.py
[2021-12-10 08:46:13,060] {processor.py:637} INFO - DAG(s) dict_keys(['example_trigger_controller_dag']) retrieved from /home/airflow/.local/lib/python3.7/site-packages/airflow/example_dags/example_trigger_controller_dag.py
[2021-12-10 08:46:13,071] {logging_mixin.py:109} INFO - [2021-12-10 08:46:13,071] {dag.py:2396} INFO - Sync 1 DAGs
[2021-12-10 08:46:13,089] {logging_mixin.py:109} INFO - [2021-12-10 08:46:13,089] {dag.py:2928} INFO - Setting next_dagrun for example_trigger_controller_dag to 2021-01-01T00:00:00+00:00
[2021-12-10 08:46:13,099] {processor.py:171} INFO - Processing /home/airflow/.local/lib/python3.7/site-packages/airflow/example_dags/example_trigger_controller_dag.py took 0.073 seconds
[2021-12-10 08:46:43,454] {processor.py:163} INFO - Started process (PID=2881) to work on /home/airflow/.local/lib/python3.7/site-packages/airflow/example_dags/example_trigger_controller_dag.py
[2021-12-10 08:46:43,456] {processor.py:625} INFO - Processing file /home/airflow/.local/lib/python3.7/site-packages/airflow/example_dags/example_trigger_controller_dag.py for tasks to queue
[2021-12-10 08:46:43,457] {logging_mixin.py:109} INFO - [2021-12-10 08:46:43,457] {dagbag.py:500} INFO - Filling up the DagBag from /home/airflow/.local/lib/python3.7/site-packages/airflow/example_dags/example_trigger_controller_dag.py
[2021-12-10 08:46:43,484] {processor.py:637} INFO - DAG(s) dict_keys(['example_trigger_controller_dag']) retrieved from /home/airflow/.local/lib/python3.7/site-packages/airflow/example_dags/example_trigger_controller_dag.py
[2021-12-10 08:46:43,495] {logging_mixin.py:109} INFO - [2021-12-10 08:46:43,495] {dag.py:2396} INFO - Sync 1 DAGs
[2021-12-10 08:46:43,515] {logging_mixin.py:109} INFO - [2021-12-10 08:46:43,515] {dag.py:2928} INFO - Setting next_dagrun for example_trigger_controller_dag to 2021-01-01T00:00:00+00:00
[2021-12-10 08:46:43,526] {processor.py:171} INFO - Processing /home/airflow/.local/lib/python3.7/site-packages/airflow/example_dags/example_trigger_controller_dag.py took 0.075 seconds
[2021-12-10 08:47:14,381] {processor.py:163} INFO - Started process (PID=2933) to work on /home/airflow/.local/lib/python3.7/site-packages/airflow/example_dags/example_trigger_controller_dag.py
[2021-12-10 08:47:14,382] {processor.py:625} INFO - Processing file /home/airflow/.local/lib/python3.7/site-packages/airflow/example_dags/example_trigger_controller_dag.py for tasks to queue
[2021-12-10 08:47:14,383] {logging_mixin.py:109} INFO - [2021-12-10 08:47:14,383] {dagbag.py:500} INFO - Filling up the DagBag from /home/airflow/.local/lib/python3.7/site-packages/airflow/example_dags/example_trigger_controller_dag.py
[2021-12-10 08:47:14,408] {processor.py:637} INFO - DAG(s) dict_keys(['example_trigger_controller_dag']) retrieved from /home/airflow/.local/lib/python3.7/site-packages/airflow/example_dags/example_trigger_controller_dag.py
[2021-12-10 08:47:14,418] {logging_mixin.py:109} INFO - [2021-12-10 08:47:14,418] {dag.py:2396} INFO - Sync 1 DAGs
[2021-12-10 08:47:14,541] {logging_mixin.py:109} INFO - [2021-12-10 08:47:14,541] {dag.py:2928} INFO - Setting next_dagrun for example_trigger_controller_dag to 2021-01-01T00:00:00+00:00
[2021-12-10 08:47:14,550] {processor.py:171} INFO - Processing /home/airflow/.local/lib/python3.7/site-packages/airflow/example_dags/example_trigger_controller_dag.py took 0.173 seconds
