[2021-12-10 08:23:40,320] {processor.py:163} INFO - Started process (PID=182) to work on /home/airflow/.local/lib/python3.7/site-packages/airflow/example_dags/example_xcomargs.py
[2021-12-10 08:23:40,321] {processor.py:625} INFO - Processing file /home/airflow/.local/lib/python3.7/site-packages/airflow/example_dags/example_xcomargs.py for tasks to queue
[2021-12-10 08:23:40,321] {logging_mixin.py:109} INFO - [2021-12-10 08:23:40,321] {dagbag.py:500} INFO - Filling up the DagBag from /home/airflow/.local/lib/python3.7/site-packages/airflow/example_dags/example_xcomargs.py
[2021-12-10 08:23:40,355] {processor.py:637} INFO - DAG(s) dict_keys(['example_xcom_args', 'example_xcom_args_with_operators']) retrieved from /home/airflow/.local/lib/python3.7/site-packages/airflow/example_dags/example_xcomargs.py
[2021-12-10 08:23:41,635] {logging_mixin.py:109} INFO - [2021-12-10 08:23:41,635] {providers_manager.py:156} WARNING - Exception when importing 'airflow.providers.google.leveldb.hooks.leveldb.LevelDBHook' from 'apache-airflow-providers-google' package: No module named 'plyvel'
[2021-12-10 08:23:42,103] {logging_mixin.py:109} INFO - [2021-12-10 08:23:42,103] {providers_manager.py:156} WARNING - Exception when importing 'airflow.providers.google.leveldb.hooks.leveldb.LevelDBHook' from 'apache-airflow-providers-google' package: No module named 'plyvel'
[2021-12-10 08:23:42,124] {logging_mixin.py:109} INFO - [2021-12-10 08:23:42,124] {manager.py:496} INFO - Created Permission View: can read on DAG:example_xcom_args
[2021-12-10 08:23:42,132] {logging_mixin.py:109} INFO - [2021-12-10 08:23:42,132] {manager.py:496} INFO - Created Permission View: can edit on DAG:example_xcom_args
[2021-12-10 08:23:42,150] {logging_mixin.py:109} INFO - [2021-12-10 08:23:42,149] {manager.py:496} INFO - Created Permission View: can read on DAG:example_xcom_args_with_operators
[2021-12-10 08:23:42,158] {logging_mixin.py:109} INFO - [2021-12-10 08:23:42,158] {manager.py:496} INFO - Created Permission View: can edit on DAG:example_xcom_args_with_operators
[2021-12-10 08:23:42,158] {logging_mixin.py:109} INFO - [2021-12-10 08:23:42,158] {dag.py:2396} INFO - Sync 2 DAGs
[2021-12-10 08:23:42,165] {logging_mixin.py:109} INFO - [2021-12-10 08:23:42,165] {dag.py:2415} INFO - Creating ORM DAG for example_xcom_args
[2021-12-10 08:23:42,166] {logging_mixin.py:109} INFO - [2021-12-10 08:23:42,166] {dag.py:2415} INFO - Creating ORM DAG for example_xcom_args_with_operators
[2021-12-10 08:23:42,173] {logging_mixin.py:109} INFO - [2021-12-10 08:23:42,173] {dag.py:2928} INFO - Setting next_dagrun for example_xcom_args to None
[2021-12-10 08:23:42,173] {logging_mixin.py:109} INFO - [2021-12-10 08:23:42,173] {dag.py:2928} INFO - Setting next_dagrun for example_xcom_args_with_operators to None
[2021-12-10 08:23:42,185] {processor.py:171} INFO - Processing /home/airflow/.local/lib/python3.7/site-packages/airflow/example_dags/example_xcomargs.py took 1.868 seconds
[2021-12-10 08:24:12,580] {processor.py:163} INFO - Started process (PID=381) to work on /home/airflow/.local/lib/python3.7/site-packages/airflow/example_dags/example_xcomargs.py
[2021-12-10 08:24:12,581] {processor.py:625} INFO - Processing file /home/airflow/.local/lib/python3.7/site-packages/airflow/example_dags/example_xcomargs.py for tasks to queue
[2021-12-10 08:24:12,582] {logging_mixin.py:109} INFO - [2021-12-10 08:24:12,582] {dagbag.py:500} INFO - Filling up the DagBag from /home/airflow/.local/lib/python3.7/site-packages/airflow/example_dags/example_xcomargs.py
[2021-12-10 08:24:12,623] {processor.py:637} INFO - DAG(s) dict_keys(['example_xcom_args', 'example_xcom_args_with_operators']) retrieved from /home/airflow/.local/lib/python3.7/site-packages/airflow/example_dags/example_xcomargs.py
[2021-12-10 08:24:12,964] {logging_mixin.py:109} INFO - [2021-12-10 08:24:12,964] {dag.py:2396} INFO - Sync 2 DAGs
[2021-12-10 08:24:12,983] {logging_mixin.py:109} INFO - [2021-12-10 08:24:12,983] {dag.py:2928} INFO - Setting next_dagrun for example_xcom_args to None
[2021-12-10 08:24:12,984] {logging_mixin.py:109} INFO - [2021-12-10 08:24:12,983] {dag.py:2928} INFO - Setting next_dagrun for example_xcom_args_with_operators to None
[2021-12-10 08:24:12,996] {processor.py:171} INFO - Processing /home/airflow/.local/lib/python3.7/site-packages/airflow/example_dags/example_xcomargs.py took 0.420 seconds
[2021-12-10 08:24:43,206] {processor.py:163} INFO - Started process (PID=433) to work on /home/airflow/.local/lib/python3.7/site-packages/airflow/example_dags/example_xcomargs.py
[2021-12-10 08:24:43,208] {processor.py:625} INFO - Processing file /home/airflow/.local/lib/python3.7/site-packages/airflow/example_dags/example_xcomargs.py for tasks to queue
[2021-12-10 08:24:43,208] {logging_mixin.py:109} INFO - [2021-12-10 08:24:43,208] {dagbag.py:500} INFO - Filling up the DagBag from /home/airflow/.local/lib/python3.7/site-packages/airflow/example_dags/example_xcomargs.py
[2021-12-10 08:24:43,245] {processor.py:637} INFO - DAG(s) dict_keys(['example_xcom_args', 'example_xcom_args_with_operators']) retrieved from /home/airflow/.local/lib/python3.7/site-packages/airflow/example_dags/example_xcomargs.py
[2021-12-10 08:24:43,562] {logging_mixin.py:109} INFO - [2021-12-10 08:24:43,562] {dag.py:2396} INFO - Sync 2 DAGs
[2021-12-10 08:24:43,576] {logging_mixin.py:109} INFO - [2021-12-10 08:24:43,576] {dag.py:2928} INFO - Setting next_dagrun for example_xcom_args to None
[2021-12-10 08:24:43,577] {logging_mixin.py:109} INFO - [2021-12-10 08:24:43,577] {dag.py:2928} INFO - Setting next_dagrun for example_xcom_args_with_operators to None
[2021-12-10 08:24:43,587] {processor.py:171} INFO - Processing /home/airflow/.local/lib/python3.7/site-packages/airflow/example_dags/example_xcomargs.py took 0.385 seconds
[2021-12-10 08:25:14,212] {processor.py:163} INFO - Started process (PID=495) to work on /home/airflow/.local/lib/python3.7/site-packages/airflow/example_dags/example_xcomargs.py
[2021-12-10 08:25:14,213] {processor.py:625} INFO - Processing file /home/airflow/.local/lib/python3.7/site-packages/airflow/example_dags/example_xcomargs.py for tasks to queue
[2021-12-10 08:25:14,214] {logging_mixin.py:109} INFO - [2021-12-10 08:25:14,214] {dagbag.py:500} INFO - Filling up the DagBag from /home/airflow/.local/lib/python3.7/site-packages/airflow/example_dags/example_xcomargs.py
[2021-12-10 08:25:14,251] {processor.py:637} INFO - DAG(s) dict_keys(['example_xcom_args', 'example_xcom_args_with_operators']) retrieved from /home/airflow/.local/lib/python3.7/site-packages/airflow/example_dags/example_xcomargs.py
[2021-12-10 08:25:14,588] {logging_mixin.py:109} INFO - [2021-12-10 08:25:14,588] {dag.py:2396} INFO - Sync 2 DAGs
[2021-12-10 08:25:14,604] {logging_mixin.py:109} INFO - [2021-12-10 08:25:14,604] {dag.py:2928} INFO - Setting next_dagrun for example_xcom_args to None
[2021-12-10 08:25:14,605] {logging_mixin.py:109} INFO - [2021-12-10 08:25:14,605] {dag.py:2928} INFO - Setting next_dagrun for example_xcom_args_with_operators to None
[2021-12-10 08:25:14,617] {processor.py:171} INFO - Processing /home/airflow/.local/lib/python3.7/site-packages/airflow/example_dags/example_xcomargs.py took 0.409 seconds
[2021-12-10 08:25:45,595] {processor.py:163} INFO - Started process (PID=548) to work on /home/airflow/.local/lib/python3.7/site-packages/airflow/example_dags/example_xcomargs.py
[2021-12-10 08:25:45,597] {processor.py:625} INFO - Processing file /home/airflow/.local/lib/python3.7/site-packages/airflow/example_dags/example_xcomargs.py for tasks to queue
[2021-12-10 08:25:45,598] {logging_mixin.py:109} INFO - [2021-12-10 08:25:45,598] {dagbag.py:500} INFO - Filling up the DagBag from /home/airflow/.local/lib/python3.7/site-packages/airflow/example_dags/example_xcomargs.py
[2021-12-10 08:25:45,641] {processor.py:637} INFO - DAG(s) dict_keys(['example_xcom_args', 'example_xcom_args_with_operators']) retrieved from /home/airflow/.local/lib/python3.7/site-packages/airflow/example_dags/example_xcomargs.py
[2021-12-10 08:25:45,975] {logging_mixin.py:109} INFO - [2021-12-10 08:25:45,975] {dag.py:2396} INFO - Sync 2 DAGs
[2021-12-10 08:25:45,990] {logging_mixin.py:109} INFO - [2021-12-10 08:25:45,990] {dag.py:2928} INFO - Setting next_dagrun for example_xcom_args to None
[2021-12-10 08:25:45,991] {logging_mixin.py:109} INFO - [2021-12-10 08:25:45,991] {dag.py:2928} INFO - Setting next_dagrun for example_xcom_args_with_operators to None
[2021-12-10 08:25:46,008] {processor.py:171} INFO - Processing /home/airflow/.local/lib/python3.7/site-packages/airflow/example_dags/example_xcomargs.py took 0.417 seconds
[2021-12-10 08:26:16,121] {processor.py:163} INFO - Started process (PID=609) to work on /home/airflow/.local/lib/python3.7/site-packages/airflow/example_dags/example_xcomargs.py
[2021-12-10 08:26:16,123] {processor.py:625} INFO - Processing file /home/airflow/.local/lib/python3.7/site-packages/airflow/example_dags/example_xcomargs.py for tasks to queue
[2021-12-10 08:26:16,123] {logging_mixin.py:109} INFO - [2021-12-10 08:26:16,123] {dagbag.py:500} INFO - Filling up the DagBag from /home/airflow/.local/lib/python3.7/site-packages/airflow/example_dags/example_xcomargs.py
[2021-12-10 08:26:16,163] {processor.py:637} INFO - DAG(s) dict_keys(['example_xcom_args', 'example_xcom_args_with_operators']) retrieved from /home/airflow/.local/lib/python3.7/site-packages/airflow/example_dags/example_xcomargs.py
[2021-12-10 08:26:16,516] {logging_mixin.py:109} INFO - [2021-12-10 08:26:16,516] {dag.py:2396} INFO - Sync 2 DAGs
[2021-12-10 08:26:16,533] {logging_mixin.py:109} INFO - [2021-12-10 08:26:16,532] {dag.py:2928} INFO - Setting next_dagrun for example_xcom_args to None
[2021-12-10 08:26:16,533] {logging_mixin.py:109} INFO - [2021-12-10 08:26:16,533] {dag.py:2928} INFO - Setting next_dagrun for example_xcom_args_with_operators to None
[2021-12-10 08:26:16,545] {processor.py:171} INFO - Processing /home/airflow/.local/lib/python3.7/site-packages/airflow/example_dags/example_xcomargs.py took 0.428 seconds
[2021-12-10 08:26:47,264] {processor.py:163} INFO - Started process (PID=662) to work on /home/airflow/.local/lib/python3.7/site-packages/airflow/example_dags/example_xcomargs.py
[2021-12-10 08:26:47,265] {processor.py:625} INFO - Processing file /home/airflow/.local/lib/python3.7/site-packages/airflow/example_dags/example_xcomargs.py for tasks to queue
[2021-12-10 08:26:47,265] {logging_mixin.py:109} INFO - [2021-12-10 08:26:47,265] {dagbag.py:500} INFO - Filling up the DagBag from /home/airflow/.local/lib/python3.7/site-packages/airflow/example_dags/example_xcomargs.py
[2021-12-10 08:26:47,301] {processor.py:637} INFO - DAG(s) dict_keys(['example_xcom_args', 'example_xcom_args_with_operators']) retrieved from /home/airflow/.local/lib/python3.7/site-packages/airflow/example_dags/example_xcomargs.py
[2021-12-10 08:26:47,628] {logging_mixin.py:109} INFO - [2021-12-10 08:26:47,628] {dag.py:2396} INFO - Sync 2 DAGs
[2021-12-10 08:26:47,643] {logging_mixin.py:109} INFO - [2021-12-10 08:26:47,643] {dag.py:2928} INFO - Setting next_dagrun for example_xcom_args to None
[2021-12-10 08:26:47,643] {logging_mixin.py:109} INFO - [2021-12-10 08:26:47,643] {dag.py:2928} INFO - Setting next_dagrun for example_xcom_args_with_operators to None
[2021-12-10 08:26:47,654] {processor.py:171} INFO - Processing /home/airflow/.local/lib/python3.7/site-packages/airflow/example_dags/example_xcomargs.py took 0.394 seconds
[2021-12-10 08:27:18,297] {processor.py:163} INFO - Started process (PID=716) to work on /home/airflow/.local/lib/python3.7/site-packages/airflow/example_dags/example_xcomargs.py
[2021-12-10 08:27:18,298] {processor.py:625} INFO - Processing file /home/airflow/.local/lib/python3.7/site-packages/airflow/example_dags/example_xcomargs.py for tasks to queue
[2021-12-10 08:27:18,299] {logging_mixin.py:109} INFO - [2021-12-10 08:27:18,299] {dagbag.py:500} INFO - Filling up the DagBag from /home/airflow/.local/lib/python3.7/site-packages/airflow/example_dags/example_xcomargs.py
[2021-12-10 08:27:18,336] {processor.py:637} INFO - DAG(s) dict_keys(['example_xcom_args', 'example_xcom_args_with_operators']) retrieved from /home/airflow/.local/lib/python3.7/site-packages/airflow/example_dags/example_xcomargs.py
[2021-12-10 08:27:18,688] {logging_mixin.py:109} INFO - [2021-12-10 08:27:18,688] {dag.py:2396} INFO - Sync 2 DAGs
[2021-12-10 08:27:18,703] {logging_mixin.py:109} INFO - [2021-12-10 08:27:18,703] {dag.py:2928} INFO - Setting next_dagrun for example_xcom_args to None
[2021-12-10 08:27:18,703] {logging_mixin.py:109} INFO - [2021-12-10 08:27:18,703] {dag.py:2928} INFO - Setting next_dagrun for example_xcom_args_with_operators to None
[2021-12-10 08:27:18,714] {processor.py:171} INFO - Processing /home/airflow/.local/lib/python3.7/site-packages/airflow/example_dags/example_xcomargs.py took 0.421 seconds
[2021-12-10 08:27:49,664] {processor.py:163} INFO - Started process (PID=778) to work on /home/airflow/.local/lib/python3.7/site-packages/airflow/example_dags/example_xcomargs.py
[2021-12-10 08:27:49,665] {processor.py:625} INFO - Processing file /home/airflow/.local/lib/python3.7/site-packages/airflow/example_dags/example_xcomargs.py for tasks to queue
[2021-12-10 08:27:49,666] {logging_mixin.py:109} INFO - [2021-12-10 08:27:49,666] {dagbag.py:500} INFO - Filling up the DagBag from /home/airflow/.local/lib/python3.7/site-packages/airflow/example_dags/example_xcomargs.py
[2021-12-10 08:27:49,702] {processor.py:637} INFO - DAG(s) dict_keys(['example_xcom_args', 'example_xcom_args_with_operators']) retrieved from /home/airflow/.local/lib/python3.7/site-packages/airflow/example_dags/example_xcomargs.py
[2021-12-10 08:27:50,011] {logging_mixin.py:109} INFO - [2021-12-10 08:27:50,011] {dag.py:2396} INFO - Sync 2 DAGs
[2021-12-10 08:27:50,024] {logging_mixin.py:109} INFO - [2021-12-10 08:27:50,024] {dag.py:2928} INFO - Setting next_dagrun for example_xcom_args to None
[2021-12-10 08:27:50,024] {logging_mixin.py:109} INFO - [2021-12-10 08:27:50,024] {dag.py:2928} INFO - Setting next_dagrun for example_xcom_args_with_operators to None
[2021-12-10 08:27:50,035] {processor.py:171} INFO - Processing /home/airflow/.local/lib/python3.7/site-packages/airflow/example_dags/example_xcomargs.py took 0.375 seconds
[2021-12-10 08:28:20,747] {processor.py:163} INFO - Started process (PID=830) to work on /home/airflow/.local/lib/python3.7/site-packages/airflow/example_dags/example_xcomargs.py
[2021-12-10 08:28:20,749] {processor.py:625} INFO - Processing file /home/airflow/.local/lib/python3.7/site-packages/airflow/example_dags/example_xcomargs.py for tasks to queue
[2021-12-10 08:28:20,750] {logging_mixin.py:109} INFO - [2021-12-10 08:28:20,749] {dagbag.py:500} INFO - Filling up the DagBag from /home/airflow/.local/lib/python3.7/site-packages/airflow/example_dags/example_xcomargs.py
[2021-12-10 08:28:20,780] {processor.py:637} INFO - DAG(s) dict_keys(['example_xcom_args', 'example_xcom_args_with_operators']) retrieved from /home/airflow/.local/lib/python3.7/site-packages/airflow/example_dags/example_xcomargs.py
[2021-12-10 08:28:21,104] {logging_mixin.py:109} INFO - [2021-12-10 08:28:21,104] {dag.py:2396} INFO - Sync 2 DAGs
[2021-12-10 08:28:21,118] {logging_mixin.py:109} INFO - [2021-12-10 08:28:21,118] {dag.py:2928} INFO - Setting next_dagrun for example_xcom_args to None
[2021-12-10 08:28:21,118] {logging_mixin.py:109} INFO - [2021-12-10 08:28:21,118] {dag.py:2928} INFO - Setting next_dagrun for example_xcom_args_with_operators to None
[2021-12-10 08:28:21,129] {processor.py:171} INFO - Processing /home/airflow/.local/lib/python3.7/site-packages/airflow/example_dags/example_xcomargs.py took 0.385 seconds
[2021-12-10 08:28:51,151] {processor.py:163} INFO - Started process (PID=891) to work on /home/airflow/.local/lib/python3.7/site-packages/airflow/example_dags/example_xcomargs.py
[2021-12-10 08:28:51,152] {processor.py:625} INFO - Processing file /home/airflow/.local/lib/python3.7/site-packages/airflow/example_dags/example_xcomargs.py for tasks to queue
[2021-12-10 08:28:51,152] {logging_mixin.py:109} INFO - [2021-12-10 08:28:51,152] {dagbag.py:500} INFO - Filling up the DagBag from /home/airflow/.local/lib/python3.7/site-packages/airflow/example_dags/example_xcomargs.py
[2021-12-10 08:28:51,187] {processor.py:637} INFO - DAG(s) dict_keys(['example_xcom_args', 'example_xcom_args_with_operators']) retrieved from /home/airflow/.local/lib/python3.7/site-packages/airflow/example_dags/example_xcomargs.py
[2021-12-10 08:28:51,534] {logging_mixin.py:109} INFO - [2021-12-10 08:28:51,534] {dag.py:2396} INFO - Sync 2 DAGs
[2021-12-10 08:28:51,550] {logging_mixin.py:109} INFO - [2021-12-10 08:28:51,550] {dag.py:2928} INFO - Setting next_dagrun for example_xcom_args to None
[2021-12-10 08:28:51,551] {logging_mixin.py:109} INFO - [2021-12-10 08:28:51,551] {dag.py:2928} INFO - Setting next_dagrun for example_xcom_args_with_operators to None
[2021-12-10 08:28:51,563] {processor.py:171} INFO - Processing /home/airflow/.local/lib/python3.7/site-packages/airflow/example_dags/example_xcomargs.py took 0.415 seconds
[2021-12-10 08:29:22,299] {processor.py:163} INFO - Started process (PID=943) to work on /home/airflow/.local/lib/python3.7/site-packages/airflow/example_dags/example_xcomargs.py
[2021-12-10 08:29:22,302] {processor.py:625} INFO - Processing file /home/airflow/.local/lib/python3.7/site-packages/airflow/example_dags/example_xcomargs.py for tasks to queue
[2021-12-10 08:29:22,302] {logging_mixin.py:109} INFO - [2021-12-10 08:29:22,302] {dagbag.py:500} INFO - Filling up the DagBag from /home/airflow/.local/lib/python3.7/site-packages/airflow/example_dags/example_xcomargs.py
[2021-12-10 08:29:22,341] {processor.py:637} INFO - DAG(s) dict_keys(['example_xcom_args', 'example_xcom_args_with_operators']) retrieved from /home/airflow/.local/lib/python3.7/site-packages/airflow/example_dags/example_xcomargs.py
[2021-12-10 08:29:22,694] {logging_mixin.py:109} INFO - [2021-12-10 08:29:22,694] {dag.py:2396} INFO - Sync 2 DAGs
[2021-12-10 08:29:22,708] {logging_mixin.py:109} INFO - [2021-12-10 08:29:22,708] {dag.py:2928} INFO - Setting next_dagrun for example_xcom_args to None
[2021-12-10 08:29:22,709] {logging_mixin.py:109} INFO - [2021-12-10 08:29:22,709] {dag.py:2928} INFO - Setting next_dagrun for example_xcom_args_with_operators to None
[2021-12-10 08:29:22,719] {processor.py:171} INFO - Processing /home/airflow/.local/lib/python3.7/site-packages/airflow/example_dags/example_xcomargs.py took 0.424 seconds
[2021-12-10 08:29:53,547] {processor.py:163} INFO - Started process (PID=1005) to work on /home/airflow/.local/lib/python3.7/site-packages/airflow/example_dags/example_xcomargs.py
[2021-12-10 08:29:53,548] {processor.py:625} INFO - Processing file /home/airflow/.local/lib/python3.7/site-packages/airflow/example_dags/example_xcomargs.py for tasks to queue
[2021-12-10 08:29:53,548] {logging_mixin.py:109} INFO - [2021-12-10 08:29:53,548] {dagbag.py:500} INFO - Filling up the DagBag from /home/airflow/.local/lib/python3.7/site-packages/airflow/example_dags/example_xcomargs.py
[2021-12-10 08:29:53,584] {processor.py:637} INFO - DAG(s) dict_keys(['example_xcom_args', 'example_xcom_args_with_operators']) retrieved from /home/airflow/.local/lib/python3.7/site-packages/airflow/example_dags/example_xcomargs.py
[2021-12-10 08:29:53,901] {logging_mixin.py:109} INFO - [2021-12-10 08:29:53,901] {dag.py:2396} INFO - Sync 2 DAGs
[2021-12-10 08:29:53,917] {logging_mixin.py:109} INFO - [2021-12-10 08:29:53,917] {dag.py:2928} INFO - Setting next_dagrun for example_xcom_args to None
[2021-12-10 08:29:53,917] {logging_mixin.py:109} INFO - [2021-12-10 08:29:53,917] {dag.py:2928} INFO - Setting next_dagrun for example_xcom_args_with_operators to None
[2021-12-10 08:29:53,929] {processor.py:171} INFO - Processing /home/airflow/.local/lib/python3.7/site-packages/airflow/example_dags/example_xcomargs.py took 0.386 seconds
[2021-12-10 08:30:24,673] {processor.py:163} INFO - Started process (PID=1057) to work on /home/airflow/.local/lib/python3.7/site-packages/airflow/example_dags/example_xcomargs.py
[2021-12-10 08:30:24,676] {processor.py:625} INFO - Processing file /home/airflow/.local/lib/python3.7/site-packages/airflow/example_dags/example_xcomargs.py for tasks to queue
[2021-12-10 08:30:24,676] {logging_mixin.py:109} INFO - [2021-12-10 08:30:24,676] {dagbag.py:500} INFO - Filling up the DagBag from /home/airflow/.local/lib/python3.7/site-packages/airflow/example_dags/example_xcomargs.py
[2021-12-10 08:30:24,718] {processor.py:637} INFO - DAG(s) dict_keys(['example_xcom_args', 'example_xcom_args_with_operators']) retrieved from /home/airflow/.local/lib/python3.7/site-packages/airflow/example_dags/example_xcomargs.py
[2021-12-10 08:30:25,054] {logging_mixin.py:109} INFO - [2021-12-10 08:30:25,054] {dag.py:2396} INFO - Sync 2 DAGs
[2021-12-10 08:30:25,068] {logging_mixin.py:109} INFO - [2021-12-10 08:30:25,068] {dag.py:2928} INFO - Setting next_dagrun for example_xcom_args to None
[2021-12-10 08:30:25,068] {logging_mixin.py:109} INFO - [2021-12-10 08:30:25,068] {dag.py:2928} INFO - Setting next_dagrun for example_xcom_args_with_operators to None
[2021-12-10 08:30:25,080] {processor.py:171} INFO - Processing /home/airflow/.local/lib/python3.7/site-packages/airflow/example_dags/example_xcomargs.py took 0.411 seconds
[2021-12-10 08:30:55,971] {processor.py:163} INFO - Started process (PID=1119) to work on /home/airflow/.local/lib/python3.7/site-packages/airflow/example_dags/example_xcomargs.py
[2021-12-10 08:30:55,972] {processor.py:625} INFO - Processing file /home/airflow/.local/lib/python3.7/site-packages/airflow/example_dags/example_xcomargs.py for tasks to queue
[2021-12-10 08:30:55,973] {logging_mixin.py:109} INFO - [2021-12-10 08:30:55,973] {dagbag.py:500} INFO - Filling up the DagBag from /home/airflow/.local/lib/python3.7/site-packages/airflow/example_dags/example_xcomargs.py
[2021-12-10 08:30:56,010] {processor.py:637} INFO - DAG(s) dict_keys(['example_xcom_args', 'example_xcom_args_with_operators']) retrieved from /home/airflow/.local/lib/python3.7/site-packages/airflow/example_dags/example_xcomargs.py
[2021-12-10 08:30:56,333] {logging_mixin.py:109} INFO - [2021-12-10 08:30:56,333] {dag.py:2396} INFO - Sync 2 DAGs
[2021-12-10 08:30:56,349] {logging_mixin.py:109} INFO - [2021-12-10 08:30:56,349] {dag.py:2928} INFO - Setting next_dagrun for example_xcom_args to None
[2021-12-10 08:30:56,350] {logging_mixin.py:109} INFO - [2021-12-10 08:30:56,349] {dag.py:2928} INFO - Setting next_dagrun for example_xcom_args_with_operators to None
[2021-12-10 08:30:56,363] {processor.py:171} INFO - Processing /home/airflow/.local/lib/python3.7/site-packages/airflow/example_dags/example_xcomargs.py took 0.396 seconds
[2021-12-10 08:31:27,186] {processor.py:163} INFO - Started process (PID=1171) to work on /home/airflow/.local/lib/python3.7/site-packages/airflow/example_dags/example_xcomargs.py
[2021-12-10 08:31:27,188] {processor.py:625} INFO - Processing file /home/airflow/.local/lib/python3.7/site-packages/airflow/example_dags/example_xcomargs.py for tasks to queue
[2021-12-10 08:31:27,188] {logging_mixin.py:109} INFO - [2021-12-10 08:31:27,188] {dagbag.py:500} INFO - Filling up the DagBag from /home/airflow/.local/lib/python3.7/site-packages/airflow/example_dags/example_xcomargs.py
[2021-12-10 08:31:27,223] {processor.py:637} INFO - DAG(s) dict_keys(['example_xcom_args', 'example_xcom_args_with_operators']) retrieved from /home/airflow/.local/lib/python3.7/site-packages/airflow/example_dags/example_xcomargs.py
[2021-12-10 08:31:27,548] {logging_mixin.py:109} INFO - [2021-12-10 08:31:27,548] {dag.py:2396} INFO - Sync 2 DAGs
[2021-12-10 08:31:27,563] {logging_mixin.py:109} INFO - [2021-12-10 08:31:27,563] {dag.py:2928} INFO - Setting next_dagrun for example_xcom_args to None
[2021-12-10 08:31:27,563] {logging_mixin.py:109} INFO - [2021-12-10 08:31:27,563] {dag.py:2928} INFO - Setting next_dagrun for example_xcom_args_with_operators to None
[2021-12-10 08:31:27,575] {processor.py:171} INFO - Processing /home/airflow/.local/lib/python3.7/site-packages/airflow/example_dags/example_xcomargs.py took 0.392 seconds
[2021-12-10 08:31:58,438] {processor.py:163} INFO - Started process (PID=1234) to work on /home/airflow/.local/lib/python3.7/site-packages/airflow/example_dags/example_xcomargs.py
[2021-12-10 08:31:58,440] {processor.py:625} INFO - Processing file /home/airflow/.local/lib/python3.7/site-packages/airflow/example_dags/example_xcomargs.py for tasks to queue
[2021-12-10 08:31:58,441] {logging_mixin.py:109} INFO - [2021-12-10 08:31:58,440] {dagbag.py:500} INFO - Filling up the DagBag from /home/airflow/.local/lib/python3.7/site-packages/airflow/example_dags/example_xcomargs.py
[2021-12-10 08:31:58,478] {processor.py:637} INFO - DAG(s) dict_keys(['example_xcom_args', 'example_xcom_args_with_operators']) retrieved from /home/airflow/.local/lib/python3.7/site-packages/airflow/example_dags/example_xcomargs.py
[2021-12-10 08:31:58,840] {logging_mixin.py:109} INFO - [2021-12-10 08:31:58,840] {dag.py:2396} INFO - Sync 2 DAGs
[2021-12-10 08:31:58,860] {logging_mixin.py:109} INFO - [2021-12-10 08:31:58,860] {dag.py:2928} INFO - Setting next_dagrun for example_xcom_args to None
[2021-12-10 08:31:58,860] {logging_mixin.py:109} INFO - [2021-12-10 08:31:58,860] {dag.py:2928} INFO - Setting next_dagrun for example_xcom_args_with_operators to None
[2021-12-10 08:31:58,878] {processor.py:171} INFO - Processing /home/airflow/.local/lib/python3.7/site-packages/airflow/example_dags/example_xcomargs.py took 0.443 seconds
[2021-12-10 08:32:29,247] {processor.py:163} INFO - Started process (PID=1287) to work on /home/airflow/.local/lib/python3.7/site-packages/airflow/example_dags/example_xcomargs.py
[2021-12-10 08:32:29,249] {processor.py:625} INFO - Processing file /home/airflow/.local/lib/python3.7/site-packages/airflow/example_dags/example_xcomargs.py for tasks to queue
[2021-12-10 08:32:29,250] {logging_mixin.py:109} INFO - [2021-12-10 08:32:29,250] {dagbag.py:500} INFO - Filling up the DagBag from /home/airflow/.local/lib/python3.7/site-packages/airflow/example_dags/example_xcomargs.py
[2021-12-10 08:32:29,286] {processor.py:637} INFO - DAG(s) dict_keys(['example_xcom_args', 'example_xcom_args_with_operators']) retrieved from /home/airflow/.local/lib/python3.7/site-packages/airflow/example_dags/example_xcomargs.py
[2021-12-10 08:32:29,620] {logging_mixin.py:109} INFO - [2021-12-10 08:32:29,619] {dag.py:2396} INFO - Sync 2 DAGs
[2021-12-10 08:32:29,635] {logging_mixin.py:109} INFO - [2021-12-10 08:32:29,635] {dag.py:2928} INFO - Setting next_dagrun for example_xcom_args to None
[2021-12-10 08:32:29,635] {logging_mixin.py:109} INFO - [2021-12-10 08:32:29,635] {dag.py:2928} INFO - Setting next_dagrun for example_xcom_args_with_operators to None
[2021-12-10 08:32:29,646] {processor.py:171} INFO - Processing /home/airflow/.local/lib/python3.7/site-packages/airflow/example_dags/example_xcomargs.py took 0.402 seconds
[2021-12-10 08:32:59,715] {processor.py:163} INFO - Started process (PID=1343) to work on /home/airflow/.local/lib/python3.7/site-packages/airflow/example_dags/example_xcomargs.py
[2021-12-10 08:32:59,717] {processor.py:625} INFO - Processing file /home/airflow/.local/lib/python3.7/site-packages/airflow/example_dags/example_xcomargs.py for tasks to queue
[2021-12-10 08:32:59,717] {logging_mixin.py:109} INFO - [2021-12-10 08:32:59,717] {dagbag.py:500} INFO - Filling up the DagBag from /home/airflow/.local/lib/python3.7/site-packages/airflow/example_dags/example_xcomargs.py
[2021-12-10 08:32:59,754] {processor.py:637} INFO - DAG(s) dict_keys(['example_xcom_args', 'example_xcom_args_with_operators']) retrieved from /home/airflow/.local/lib/python3.7/site-packages/airflow/example_dags/example_xcomargs.py
[2021-12-10 08:33:00,078] {logging_mixin.py:109} INFO - [2021-12-10 08:33:00,078] {dag.py:2396} INFO - Sync 2 DAGs
[2021-12-10 08:33:00,094] {logging_mixin.py:109} INFO - [2021-12-10 08:33:00,094] {dag.py:2928} INFO - Setting next_dagrun for example_xcom_args to None
[2021-12-10 08:33:00,095] {logging_mixin.py:109} INFO - [2021-12-10 08:33:00,095] {dag.py:2928} INFO - Setting next_dagrun for example_xcom_args_with_operators to None
[2021-12-10 08:33:00,105] {processor.py:171} INFO - Processing /home/airflow/.local/lib/python3.7/site-packages/airflow/example_dags/example_xcomargs.py took 0.393 seconds
[2021-12-10 08:33:30,138] {processor.py:163} INFO - Started process (PID=1407) to work on /home/airflow/.local/lib/python3.7/site-packages/airflow/example_dags/example_xcomargs.py
[2021-12-10 08:33:30,140] {processor.py:625} INFO - Processing file /home/airflow/.local/lib/python3.7/site-packages/airflow/example_dags/example_xcomargs.py for tasks to queue
[2021-12-10 08:33:30,141] {logging_mixin.py:109} INFO - [2021-12-10 08:33:30,141] {dagbag.py:500} INFO - Filling up the DagBag from /home/airflow/.local/lib/python3.7/site-packages/airflow/example_dags/example_xcomargs.py
[2021-12-10 08:33:30,175] {processor.py:637} INFO - DAG(s) dict_keys(['example_xcom_args', 'example_xcom_args_with_operators']) retrieved from /home/airflow/.local/lib/python3.7/site-packages/airflow/example_dags/example_xcomargs.py
[2021-12-10 08:33:30,493] {logging_mixin.py:109} INFO - [2021-12-10 08:33:30,493] {dag.py:2396} INFO - Sync 2 DAGs
[2021-12-10 08:33:30,511] {logging_mixin.py:109} INFO - [2021-12-10 08:33:30,511] {dag.py:2928} INFO - Setting next_dagrun for example_xcom_args to None
[2021-12-10 08:33:30,511] {logging_mixin.py:109} INFO - [2021-12-10 08:33:30,511] {dag.py:2928} INFO - Setting next_dagrun for example_xcom_args_with_operators to None
[2021-12-10 08:33:30,522] {processor.py:171} INFO - Processing /home/airflow/.local/lib/python3.7/site-packages/airflow/example_dags/example_xcomargs.py took 0.387 seconds
[2021-12-10 08:34:00,592] {processor.py:163} INFO - Started process (PID=1461) to work on /home/airflow/.local/lib/python3.7/site-packages/airflow/example_dags/example_xcomargs.py
[2021-12-10 08:34:00,593] {processor.py:625} INFO - Processing file /home/airflow/.local/lib/python3.7/site-packages/airflow/example_dags/example_xcomargs.py for tasks to queue
[2021-12-10 08:34:00,594] {logging_mixin.py:109} INFO - [2021-12-10 08:34:00,593] {dagbag.py:500} INFO - Filling up the DagBag from /home/airflow/.local/lib/python3.7/site-packages/airflow/example_dags/example_xcomargs.py
[2021-12-10 08:34:00,629] {processor.py:637} INFO - DAG(s) dict_keys(['example_xcom_args', 'example_xcom_args_with_operators']) retrieved from /home/airflow/.local/lib/python3.7/site-packages/airflow/example_dags/example_xcomargs.py
[2021-12-10 08:34:00,939] {logging_mixin.py:109} INFO - [2021-12-10 08:34:00,939] {dag.py:2396} INFO - Sync 2 DAGs
[2021-12-10 08:34:00,952] {logging_mixin.py:109} INFO - [2021-12-10 08:34:00,952] {dag.py:2928} INFO - Setting next_dagrun for example_xcom_args to None
[2021-12-10 08:34:00,952] {logging_mixin.py:109} INFO - [2021-12-10 08:34:00,952] {dag.py:2928} INFO - Setting next_dagrun for example_xcom_args_with_operators to None
[2021-12-10 08:34:00,968] {processor.py:171} INFO - Processing /home/airflow/.local/lib/python3.7/site-packages/airflow/example_dags/example_xcomargs.py took 0.380 seconds
[2021-12-10 08:34:31,602] {processor.py:163} INFO - Started process (PID=1523) to work on /home/airflow/.local/lib/python3.7/site-packages/airflow/example_dags/example_xcomargs.py
[2021-12-10 08:34:31,603] {processor.py:625} INFO - Processing file /home/airflow/.local/lib/python3.7/site-packages/airflow/example_dags/example_xcomargs.py for tasks to queue
[2021-12-10 08:34:31,604] {logging_mixin.py:109} INFO - [2021-12-10 08:34:31,604] {dagbag.py:500} INFO - Filling up the DagBag from /home/airflow/.local/lib/python3.7/site-packages/airflow/example_dags/example_xcomargs.py
[2021-12-10 08:34:31,638] {processor.py:637} INFO - DAG(s) dict_keys(['example_xcom_args', 'example_xcom_args_with_operators']) retrieved from /home/airflow/.local/lib/python3.7/site-packages/airflow/example_dags/example_xcomargs.py
[2021-12-10 08:34:31,949] {logging_mixin.py:109} INFO - [2021-12-10 08:34:31,948] {dag.py:2396} INFO - Sync 2 DAGs
[2021-12-10 08:34:31,962] {logging_mixin.py:109} INFO - [2021-12-10 08:34:31,962] {dag.py:2928} INFO - Setting next_dagrun for example_xcom_args to None
[2021-12-10 08:34:31,962] {logging_mixin.py:109} INFO - [2021-12-10 08:34:31,962] {dag.py:2928} INFO - Setting next_dagrun for example_xcom_args_with_operators to None
[2021-12-10 08:34:31,972] {processor.py:171} INFO - Processing /home/airflow/.local/lib/python3.7/site-packages/airflow/example_dags/example_xcomargs.py took 0.374 seconds
[2021-12-10 08:35:02,167] {processor.py:163} INFO - Started process (PID=1575) to work on /home/airflow/.local/lib/python3.7/site-packages/airflow/example_dags/example_xcomargs.py
[2021-12-10 08:35:02,169] {processor.py:625} INFO - Processing file /home/airflow/.local/lib/python3.7/site-packages/airflow/example_dags/example_xcomargs.py for tasks to queue
[2021-12-10 08:35:02,169] {logging_mixin.py:109} INFO - [2021-12-10 08:35:02,169] {dagbag.py:500} INFO - Filling up the DagBag from /home/airflow/.local/lib/python3.7/site-packages/airflow/example_dags/example_xcomargs.py
[2021-12-10 08:35:02,205] {processor.py:637} INFO - DAG(s) dict_keys(['example_xcom_args', 'example_xcom_args_with_operators']) retrieved from /home/airflow/.local/lib/python3.7/site-packages/airflow/example_dags/example_xcomargs.py
[2021-12-10 08:35:02,520] {logging_mixin.py:109} INFO - [2021-12-10 08:35:02,520] {dag.py:2396} INFO - Sync 2 DAGs
[2021-12-10 08:35:02,534] {logging_mixin.py:109} INFO - [2021-12-10 08:35:02,534] {dag.py:2928} INFO - Setting next_dagrun for example_xcom_args to None
[2021-12-10 08:35:02,534] {logging_mixin.py:109} INFO - [2021-12-10 08:35:02,534] {dag.py:2928} INFO - Setting next_dagrun for example_xcom_args_with_operators to None
[2021-12-10 08:35:02,544] {processor.py:171} INFO - Processing /home/airflow/.local/lib/python3.7/site-packages/airflow/example_dags/example_xcomargs.py took 0.381 seconds
[2021-12-10 08:35:32,990] {processor.py:163} INFO - Started process (PID=1638) to work on /home/airflow/.local/lib/python3.7/site-packages/airflow/example_dags/example_xcomargs.py
[2021-12-10 08:35:32,992] {processor.py:625} INFO - Processing file /home/airflow/.local/lib/python3.7/site-packages/airflow/example_dags/example_xcomargs.py for tasks to queue
[2021-12-10 08:35:32,993] {logging_mixin.py:109} INFO - [2021-12-10 08:35:32,992] {dagbag.py:500} INFO - Filling up the DagBag from /home/airflow/.local/lib/python3.7/site-packages/airflow/example_dags/example_xcomargs.py
[2021-12-10 08:35:33,028] {processor.py:637} INFO - DAG(s) dict_keys(['example_xcom_args', 'example_xcom_args_with_operators']) retrieved from /home/airflow/.local/lib/python3.7/site-packages/airflow/example_dags/example_xcomargs.py
[2021-12-10 08:35:33,350] {logging_mixin.py:109} INFO - [2021-12-10 08:35:33,350] {dag.py:2396} INFO - Sync 2 DAGs
[2021-12-10 08:35:33,364] {logging_mixin.py:109} INFO - [2021-12-10 08:35:33,364] {dag.py:2928} INFO - Setting next_dagrun for example_xcom_args to None
[2021-12-10 08:35:33,364] {logging_mixin.py:109} INFO - [2021-12-10 08:35:33,364] {dag.py:2928} INFO - Setting next_dagrun for example_xcom_args_with_operators to None
[2021-12-10 08:35:33,376] {processor.py:171} INFO - Processing /home/airflow/.local/lib/python3.7/site-packages/airflow/example_dags/example_xcomargs.py took 0.390 seconds
[2021-12-10 08:36:03,464] {processor.py:163} INFO - Started process (PID=1691) to work on /home/airflow/.local/lib/python3.7/site-packages/airflow/example_dags/example_xcomargs.py
[2021-12-10 08:36:03,466] {processor.py:625} INFO - Processing file /home/airflow/.local/lib/python3.7/site-packages/airflow/example_dags/example_xcomargs.py for tasks to queue
[2021-12-10 08:36:03,466] {logging_mixin.py:109} INFO - [2021-12-10 08:36:03,466] {dagbag.py:500} INFO - Filling up the DagBag from /home/airflow/.local/lib/python3.7/site-packages/airflow/example_dags/example_xcomargs.py
[2021-12-10 08:36:03,499] {processor.py:637} INFO - DAG(s) dict_keys(['example_xcom_args', 'example_xcom_args_with_operators']) retrieved from /home/airflow/.local/lib/python3.7/site-packages/airflow/example_dags/example_xcomargs.py
[2021-12-10 08:36:03,821] {logging_mixin.py:109} INFO - [2021-12-10 08:36:03,821] {dag.py:2396} INFO - Sync 2 DAGs
[2021-12-10 08:36:03,836] {logging_mixin.py:109} INFO - [2021-12-10 08:36:03,835] {dag.py:2928} INFO - Setting next_dagrun for example_xcom_args to None
[2021-12-10 08:36:03,836] {logging_mixin.py:109} INFO - [2021-12-10 08:36:03,836] {dag.py:2928} INFO - Setting next_dagrun for example_xcom_args_with_operators to None
[2021-12-10 08:36:03,849] {processor.py:171} INFO - Processing /home/airflow/.local/lib/python3.7/site-packages/airflow/example_dags/example_xcomargs.py took 0.388 seconds
[2021-12-10 08:36:33,891] {processor.py:163} INFO - Started process (PID=1744) to work on /home/airflow/.local/lib/python3.7/site-packages/airflow/example_dags/example_xcomargs.py
[2021-12-10 08:36:33,892] {processor.py:625} INFO - Processing file /home/airflow/.local/lib/python3.7/site-packages/airflow/example_dags/example_xcomargs.py for tasks to queue
[2021-12-10 08:36:33,892] {logging_mixin.py:109} INFO - [2021-12-10 08:36:33,892] {dagbag.py:500} INFO - Filling up the DagBag from /home/airflow/.local/lib/python3.7/site-packages/airflow/example_dags/example_xcomargs.py
[2021-12-10 08:36:33,927] {processor.py:637} INFO - DAG(s) dict_keys(['example_xcom_args', 'example_xcom_args_with_operators']) retrieved from /home/airflow/.local/lib/python3.7/site-packages/airflow/example_dags/example_xcomargs.py
[2021-12-10 08:36:34,246] {logging_mixin.py:109} INFO - [2021-12-10 08:36:34,246] {dag.py:2396} INFO - Sync 2 DAGs
[2021-12-10 08:36:34,260] {logging_mixin.py:109} INFO - [2021-12-10 08:36:34,260] {dag.py:2928} INFO - Setting next_dagrun for example_xcom_args to None
[2021-12-10 08:36:34,260] {logging_mixin.py:109} INFO - [2021-12-10 08:36:34,260] {dag.py:2928} INFO - Setting next_dagrun for example_xcom_args_with_operators to None
[2021-12-10 08:36:34,271] {processor.py:171} INFO - Processing /home/airflow/.local/lib/python3.7/site-packages/airflow/example_dags/example_xcomargs.py took 0.384 seconds
[2021-12-10 08:37:05,060] {processor.py:163} INFO - Started process (PID=1806) to work on /home/airflow/.local/lib/python3.7/site-packages/airflow/example_dags/example_xcomargs.py
[2021-12-10 08:37:05,062] {processor.py:625} INFO - Processing file /home/airflow/.local/lib/python3.7/site-packages/airflow/example_dags/example_xcomargs.py for tasks to queue
[2021-12-10 08:37:05,063] {logging_mixin.py:109} INFO - [2021-12-10 08:37:05,063] {dagbag.py:500} INFO - Filling up the DagBag from /home/airflow/.local/lib/python3.7/site-packages/airflow/example_dags/example_xcomargs.py
[2021-12-10 08:37:05,104] {processor.py:637} INFO - DAG(s) dict_keys(['example_xcom_args', 'example_xcom_args_with_operators']) retrieved from /home/airflow/.local/lib/python3.7/site-packages/airflow/example_dags/example_xcomargs.py
[2021-12-10 08:37:05,438] {logging_mixin.py:109} INFO - [2021-12-10 08:37:05,438] {dag.py:2396} INFO - Sync 2 DAGs
[2021-12-10 08:37:05,455] {logging_mixin.py:109} INFO - [2021-12-10 08:37:05,455] {dag.py:2928} INFO - Setting next_dagrun for example_xcom_args to None
[2021-12-10 08:37:05,456] {logging_mixin.py:109} INFO - [2021-12-10 08:37:05,456] {dag.py:2928} INFO - Setting next_dagrun for example_xcom_args_with_operators to None
[2021-12-10 08:37:05,466] {processor.py:171} INFO - Processing /home/airflow/.local/lib/python3.7/site-packages/airflow/example_dags/example_xcomargs.py took 0.410 seconds
[2021-12-10 08:37:36,357] {processor.py:163} INFO - Started process (PID=1862) to work on /home/airflow/.local/lib/python3.7/site-packages/airflow/example_dags/example_xcomargs.py
[2021-12-10 08:37:36,359] {processor.py:625} INFO - Processing file /home/airflow/.local/lib/python3.7/site-packages/airflow/example_dags/example_xcomargs.py for tasks to queue
[2021-12-10 08:37:36,359] {logging_mixin.py:109} INFO - [2021-12-10 08:37:36,359] {dagbag.py:500} INFO - Filling up the DagBag from /home/airflow/.local/lib/python3.7/site-packages/airflow/example_dags/example_xcomargs.py
[2021-12-10 08:37:36,396] {processor.py:637} INFO - DAG(s) dict_keys(['example_xcom_args', 'example_xcom_args_with_operators']) retrieved from /home/airflow/.local/lib/python3.7/site-packages/airflow/example_dags/example_xcomargs.py
[2021-12-10 08:37:36,724] {logging_mixin.py:109} INFO - [2021-12-10 08:37:36,724] {dag.py:2396} INFO - Sync 2 DAGs
[2021-12-10 08:37:36,738] {logging_mixin.py:109} INFO - [2021-12-10 08:37:36,738] {dag.py:2928} INFO - Setting next_dagrun for example_xcom_args to None
[2021-12-10 08:37:36,738] {logging_mixin.py:109} INFO - [2021-12-10 08:37:36,738] {dag.py:2928} INFO - Setting next_dagrun for example_xcom_args_with_operators to None
[2021-12-10 08:37:36,749] {processor.py:171} INFO - Processing /home/airflow/.local/lib/python3.7/site-packages/airflow/example_dags/example_xcomargs.py took 0.395 seconds
[2021-12-10 08:38:08,013] {processor.py:163} INFO - Started process (PID=1925) to work on /home/airflow/.local/lib/python3.7/site-packages/airflow/example_dags/example_xcomargs.py
[2021-12-10 08:38:08,015] {processor.py:625} INFO - Processing file /home/airflow/.local/lib/python3.7/site-packages/airflow/example_dags/example_xcomargs.py for tasks to queue
[2021-12-10 08:38:08,015] {logging_mixin.py:109} INFO - [2021-12-10 08:38:08,015] {dagbag.py:500} INFO - Filling up the DagBag from /home/airflow/.local/lib/python3.7/site-packages/airflow/example_dags/example_xcomargs.py
[2021-12-10 08:38:08,049] {processor.py:637} INFO - DAG(s) dict_keys(['example_xcom_args', 'example_xcom_args_with_operators']) retrieved from /home/airflow/.local/lib/python3.7/site-packages/airflow/example_dags/example_xcomargs.py
[2021-12-10 08:38:08,372] {logging_mixin.py:109} INFO - [2021-12-10 08:38:08,372] {dag.py:2396} INFO - Sync 2 DAGs
[2021-12-10 08:38:08,386] {logging_mixin.py:109} INFO - [2021-12-10 08:38:08,386] {dag.py:2928} INFO - Setting next_dagrun for example_xcom_args to None
[2021-12-10 08:38:08,387] {logging_mixin.py:109} INFO - [2021-12-10 08:38:08,387] {dag.py:2928} INFO - Setting next_dagrun for example_xcom_args_with_operators to None
[2021-12-10 08:38:08,397] {processor.py:171} INFO - Processing /home/airflow/.local/lib/python3.7/site-packages/airflow/example_dags/example_xcomargs.py took 0.388 seconds
[2021-12-10 08:38:38,427] {processor.py:163} INFO - Started process (PID=1977) to work on /home/airflow/.local/lib/python3.7/site-packages/airflow/example_dags/example_xcomargs.py
[2021-12-10 08:38:38,429] {processor.py:625} INFO - Processing file /home/airflow/.local/lib/python3.7/site-packages/airflow/example_dags/example_xcomargs.py for tasks to queue
[2021-12-10 08:38:38,430] {logging_mixin.py:109} INFO - [2021-12-10 08:38:38,429] {dagbag.py:500} INFO - Filling up the DagBag from /home/airflow/.local/lib/python3.7/site-packages/airflow/example_dags/example_xcomargs.py
[2021-12-10 08:38:38,464] {processor.py:637} INFO - DAG(s) dict_keys(['example_xcom_args', 'example_xcom_args_with_operators']) retrieved from /home/airflow/.local/lib/python3.7/site-packages/airflow/example_dags/example_xcomargs.py
[2021-12-10 08:38:38,793] {logging_mixin.py:109} INFO - [2021-12-10 08:38:38,792] {dag.py:2396} INFO - Sync 2 DAGs
[2021-12-10 08:38:38,806] {logging_mixin.py:109} INFO - [2021-12-10 08:38:38,806] {dag.py:2928} INFO - Setting next_dagrun for example_xcom_args to None
[2021-12-10 08:38:38,806] {logging_mixin.py:109} INFO - [2021-12-10 08:38:38,806] {dag.py:2928} INFO - Setting next_dagrun for example_xcom_args_with_operators to None
[2021-12-10 08:38:38,817] {processor.py:171} INFO - Processing /home/airflow/.local/lib/python3.7/site-packages/airflow/example_dags/example_xcomargs.py took 0.394 seconds
[2021-12-10 08:39:09,067] {processor.py:163} INFO - Started process (PID=2043) to work on /home/airflow/.local/lib/python3.7/site-packages/airflow/example_dags/example_xcomargs.py
[2021-12-10 08:39:09,069] {processor.py:625} INFO - Processing file /home/airflow/.local/lib/python3.7/site-packages/airflow/example_dags/example_xcomargs.py for tasks to queue
[2021-12-10 08:39:09,069] {logging_mixin.py:109} INFO - [2021-12-10 08:39:09,069] {dagbag.py:500} INFO - Filling up the DagBag from /home/airflow/.local/lib/python3.7/site-packages/airflow/example_dags/example_xcomargs.py
[2021-12-10 08:39:09,104] {processor.py:637} INFO - DAG(s) dict_keys(['example_xcom_args', 'example_xcom_args_with_operators']) retrieved from /home/airflow/.local/lib/python3.7/site-packages/airflow/example_dags/example_xcomargs.py
[2021-12-10 08:39:09,430] {logging_mixin.py:109} INFO - [2021-12-10 08:39:09,430] {dag.py:2396} INFO - Sync 2 DAGs
[2021-12-10 08:39:09,445] {logging_mixin.py:109} INFO - [2021-12-10 08:39:09,445] {dag.py:2928} INFO - Setting next_dagrun for example_xcom_args to None
[2021-12-10 08:39:09,445] {logging_mixin.py:109} INFO - [2021-12-10 08:39:09,445] {dag.py:2928} INFO - Setting next_dagrun for example_xcom_args_with_operators to None
[2021-12-10 08:39:09,457] {processor.py:171} INFO - Processing /home/airflow/.local/lib/python3.7/site-packages/airflow/example_dags/example_xcomargs.py took 0.393 seconds
[2021-12-10 08:39:39,708] {processor.py:163} INFO - Started process (PID=2091) to work on /home/airflow/.local/lib/python3.7/site-packages/airflow/example_dags/example_xcomargs.py
[2021-12-10 08:39:39,712] {processor.py:625} INFO - Processing file /home/airflow/.local/lib/python3.7/site-packages/airflow/example_dags/example_xcomargs.py for tasks to queue
[2021-12-10 08:39:39,712] {logging_mixin.py:109} INFO - [2021-12-10 08:39:39,712] {dagbag.py:500} INFO - Filling up the DagBag from /home/airflow/.local/lib/python3.7/site-packages/airflow/example_dags/example_xcomargs.py
[2021-12-10 08:39:39,748] {processor.py:637} INFO - DAG(s) dict_keys(['example_xcom_args', 'example_xcom_args_with_operators']) retrieved from /home/airflow/.local/lib/python3.7/site-packages/airflow/example_dags/example_xcomargs.py
[2021-12-10 08:39:40,065] {logging_mixin.py:109} INFO - [2021-12-10 08:39:40,065] {dag.py:2396} INFO - Sync 2 DAGs
[2021-12-10 08:39:40,079] {logging_mixin.py:109} INFO - [2021-12-10 08:39:40,079] {dag.py:2928} INFO - Setting next_dagrun for example_xcom_args to None
[2021-12-10 08:39:40,079] {logging_mixin.py:109} INFO - [2021-12-10 08:39:40,079] {dag.py:2928} INFO - Setting next_dagrun for example_xcom_args_with_operators to None
[2021-12-10 08:39:40,090] {processor.py:171} INFO - Processing /home/airflow/.local/lib/python3.7/site-packages/airflow/example_dags/example_xcomargs.py took 0.385 seconds
[2021-12-10 08:40:10,856] {processor.py:163} INFO - Started process (PID=2154) to work on /home/airflow/.local/lib/python3.7/site-packages/airflow/example_dags/example_xcomargs.py
[2021-12-10 08:40:10,858] {processor.py:625} INFO - Processing file /home/airflow/.local/lib/python3.7/site-packages/airflow/example_dags/example_xcomargs.py for tasks to queue
[2021-12-10 08:40:10,858] {logging_mixin.py:109} INFO - [2021-12-10 08:40:10,858] {dagbag.py:500} INFO - Filling up the DagBag from /home/airflow/.local/lib/python3.7/site-packages/airflow/example_dags/example_xcomargs.py
[2021-12-10 08:40:10,896] {processor.py:637} INFO - DAG(s) dict_keys(['example_xcom_args', 'example_xcom_args_with_operators']) retrieved from /home/airflow/.local/lib/python3.7/site-packages/airflow/example_dags/example_xcomargs.py
[2021-12-10 08:40:11,230] {logging_mixin.py:109} INFO - [2021-12-10 08:40:11,230] {dag.py:2396} INFO - Sync 2 DAGs
[2021-12-10 08:40:11,246] {logging_mixin.py:109} INFO - [2021-12-10 08:40:11,246] {dag.py:2928} INFO - Setting next_dagrun for example_xcom_args to None
[2021-12-10 08:40:11,246] {logging_mixin.py:109} INFO - [2021-12-10 08:40:11,246] {dag.py:2928} INFO - Setting next_dagrun for example_xcom_args_with_operators to None
[2021-12-10 08:40:11,262] {processor.py:171} INFO - Processing /home/airflow/.local/lib/python3.7/site-packages/airflow/example_dags/example_xcomargs.py took 0.410 seconds
[2021-12-10 08:40:42,151] {processor.py:163} INFO - Started process (PID=2207) to work on /home/airflow/.local/lib/python3.7/site-packages/airflow/example_dags/example_xcomargs.py
[2021-12-10 08:40:42,152] {processor.py:625} INFO - Processing file /home/airflow/.local/lib/python3.7/site-packages/airflow/example_dags/example_xcomargs.py for tasks to queue
[2021-12-10 08:40:42,153] {logging_mixin.py:109} INFO - [2021-12-10 08:40:42,153] {dagbag.py:500} INFO - Filling up the DagBag from /home/airflow/.local/lib/python3.7/site-packages/airflow/example_dags/example_xcomargs.py
[2021-12-10 08:40:42,190] {processor.py:637} INFO - DAG(s) dict_keys(['example_xcom_args', 'example_xcom_args_with_operators']) retrieved from /home/airflow/.local/lib/python3.7/site-packages/airflow/example_dags/example_xcomargs.py
[2021-12-10 08:40:42,521] {logging_mixin.py:109} INFO - [2021-12-10 08:40:42,521] {dag.py:2396} INFO - Sync 2 DAGs
[2021-12-10 08:40:42,537] {logging_mixin.py:109} INFO - [2021-12-10 08:40:42,537] {dag.py:2928} INFO - Setting next_dagrun for example_xcom_args to None
[2021-12-10 08:40:42,537] {logging_mixin.py:109} INFO - [2021-12-10 08:40:42,537] {dag.py:2928} INFO - Setting next_dagrun for example_xcom_args_with_operators to None
[2021-12-10 08:40:42,547] {processor.py:171} INFO - Processing /home/airflow/.local/lib/python3.7/site-packages/airflow/example_dags/example_xcomargs.py took 0.401 seconds
[2021-12-10 08:41:13,551] {processor.py:163} INFO - Started process (PID=2271) to work on /home/airflow/.local/lib/python3.7/site-packages/airflow/example_dags/example_xcomargs.py
[2021-12-10 08:41:13,553] {processor.py:625} INFO - Processing file /home/airflow/.local/lib/python3.7/site-packages/airflow/example_dags/example_xcomargs.py for tasks to queue
[2021-12-10 08:41:13,553] {logging_mixin.py:109} INFO - [2021-12-10 08:41:13,553] {dagbag.py:500} INFO - Filling up the DagBag from /home/airflow/.local/lib/python3.7/site-packages/airflow/example_dags/example_xcomargs.py
[2021-12-10 08:41:13,590] {processor.py:637} INFO - DAG(s) dict_keys(['example_xcom_args', 'example_xcom_args_with_operators']) retrieved from /home/airflow/.local/lib/python3.7/site-packages/airflow/example_dags/example_xcomargs.py
[2021-12-10 08:41:13,935] {logging_mixin.py:109} INFO - [2021-12-10 08:41:13,935] {dag.py:2396} INFO - Sync 2 DAGs
[2021-12-10 08:41:13,950] {logging_mixin.py:109} INFO - [2021-12-10 08:41:13,950] {dag.py:2928} INFO - Setting next_dagrun for example_xcom_args to None
[2021-12-10 08:41:13,950] {logging_mixin.py:109} INFO - [2021-12-10 08:41:13,950] {dag.py:2928} INFO - Setting next_dagrun for example_xcom_args_with_operators to None
[2021-12-10 08:41:13,961] {processor.py:171} INFO - Processing /home/airflow/.local/lib/python3.7/site-packages/airflow/example_dags/example_xcomargs.py took 0.414 seconds
[2021-12-10 08:41:44,032] {processor.py:163} INFO - Started process (PID=2324) to work on /home/airflow/.local/lib/python3.7/site-packages/airflow/example_dags/example_xcomargs.py
[2021-12-10 08:41:44,033] {processor.py:625} INFO - Processing file /home/airflow/.local/lib/python3.7/site-packages/airflow/example_dags/example_xcomargs.py for tasks to queue
[2021-12-10 08:41:44,034] {logging_mixin.py:109} INFO - [2021-12-10 08:41:44,034] {dagbag.py:500} INFO - Filling up the DagBag from /home/airflow/.local/lib/python3.7/site-packages/airflow/example_dags/example_xcomargs.py
[2021-12-10 08:41:44,081] {processor.py:637} INFO - DAG(s) dict_keys(['example_xcom_args', 'example_xcom_args_with_operators']) retrieved from /home/airflow/.local/lib/python3.7/site-packages/airflow/example_dags/example_xcomargs.py
[2021-12-10 08:41:44,403] {logging_mixin.py:109} INFO - [2021-12-10 08:41:44,403] {dag.py:2396} INFO - Sync 2 DAGs
[2021-12-10 08:41:44,419] {logging_mixin.py:109} INFO - [2021-12-10 08:41:44,418] {dag.py:2928} INFO - Setting next_dagrun for example_xcom_args to None
[2021-12-10 08:41:44,419] {logging_mixin.py:109} INFO - [2021-12-10 08:41:44,419] {dag.py:2928} INFO - Setting next_dagrun for example_xcom_args_with_operators to None
[2021-12-10 08:41:44,430] {processor.py:171} INFO - Processing /home/airflow/.local/lib/python3.7/site-packages/airflow/example_dags/example_xcomargs.py took 0.403 seconds
[2021-12-10 08:42:14,485] {processor.py:163} INFO - Started process (PID=2378) to work on /home/airflow/.local/lib/python3.7/site-packages/airflow/example_dags/example_xcomargs.py
[2021-12-10 08:42:14,487] {processor.py:625} INFO - Processing file /home/airflow/.local/lib/python3.7/site-packages/airflow/example_dags/example_xcomargs.py for tasks to queue
[2021-12-10 08:42:14,488] {logging_mixin.py:109} INFO - [2021-12-10 08:42:14,487] {dagbag.py:500} INFO - Filling up the DagBag from /home/airflow/.local/lib/python3.7/site-packages/airflow/example_dags/example_xcomargs.py
[2021-12-10 08:42:14,522] {processor.py:637} INFO - DAG(s) dict_keys(['example_xcom_args', 'example_xcom_args_with_operators']) retrieved from /home/airflow/.local/lib/python3.7/site-packages/airflow/example_dags/example_xcomargs.py
[2021-12-10 08:42:14,833] {logging_mixin.py:109} INFO - [2021-12-10 08:42:14,833] {dag.py:2396} INFO - Sync 2 DAGs
[2021-12-10 08:42:14,846] {logging_mixin.py:109} INFO - [2021-12-10 08:42:14,846] {dag.py:2928} INFO - Setting next_dagrun for example_xcom_args to None
[2021-12-10 08:42:14,847] {logging_mixin.py:109} INFO - [2021-12-10 08:42:14,847] {dag.py:2928} INFO - Setting next_dagrun for example_xcom_args_with_operators to None
[2021-12-10 08:42:14,857] {processor.py:171} INFO - Processing /home/airflow/.local/lib/python3.7/site-packages/airflow/example_dags/example_xcomargs.py took 0.375 seconds
[2021-12-10 08:42:45,166] {processor.py:163} INFO - Started process (PID=2439) to work on /home/airflow/.local/lib/python3.7/site-packages/airflow/example_dags/example_xcomargs.py
[2021-12-10 08:42:45,168] {processor.py:625} INFO - Processing file /home/airflow/.local/lib/python3.7/site-packages/airflow/example_dags/example_xcomargs.py for tasks to queue
[2021-12-10 08:42:45,168] {logging_mixin.py:109} INFO - [2021-12-10 08:42:45,168] {dagbag.py:500} INFO - Filling up the DagBag from /home/airflow/.local/lib/python3.7/site-packages/airflow/example_dags/example_xcomargs.py
[2021-12-10 08:42:45,203] {processor.py:637} INFO - DAG(s) dict_keys(['example_xcom_args', 'example_xcom_args_with_operators']) retrieved from /home/airflow/.local/lib/python3.7/site-packages/airflow/example_dags/example_xcomargs.py
[2021-12-10 08:42:45,516] {logging_mixin.py:109} INFO - [2021-12-10 08:42:45,516] {dag.py:2396} INFO - Sync 2 DAGs
[2021-12-10 08:42:45,530] {logging_mixin.py:109} INFO - [2021-12-10 08:42:45,530] {dag.py:2928} INFO - Setting next_dagrun for example_xcom_args to None
[2021-12-10 08:42:45,530] {logging_mixin.py:109} INFO - [2021-12-10 08:42:45,530] {dag.py:2928} INFO - Setting next_dagrun for example_xcom_args_with_operators to None
[2021-12-10 08:42:45,541] {processor.py:171} INFO - Processing /home/airflow/.local/lib/python3.7/site-packages/airflow/example_dags/example_xcomargs.py took 0.378 seconds
[2021-12-10 08:43:15,953] {processor.py:163} INFO - Started process (PID=2492) to work on /home/airflow/.local/lib/python3.7/site-packages/airflow/example_dags/example_xcomargs.py
[2021-12-10 08:43:15,955] {processor.py:625} INFO - Processing file /home/airflow/.local/lib/python3.7/site-packages/airflow/example_dags/example_xcomargs.py for tasks to queue
[2021-12-10 08:43:15,955] {logging_mixin.py:109} INFO - [2021-12-10 08:43:15,955] {dagbag.py:500} INFO - Filling up the DagBag from /home/airflow/.local/lib/python3.7/site-packages/airflow/example_dags/example_xcomargs.py
[2021-12-10 08:43:15,991] {processor.py:637} INFO - DAG(s) dict_keys(['example_xcom_args', 'example_xcom_args_with_operators']) retrieved from /home/airflow/.local/lib/python3.7/site-packages/airflow/example_dags/example_xcomargs.py
[2021-12-10 08:43:16,321] {logging_mixin.py:109} INFO - [2021-12-10 08:43:16,321] {dag.py:2396} INFO - Sync 2 DAGs
[2021-12-10 08:43:16,335] {logging_mixin.py:109} INFO - [2021-12-10 08:43:16,335] {dag.py:2928} INFO - Setting next_dagrun for example_xcom_args to None
[2021-12-10 08:43:16,336] {logging_mixin.py:109} INFO - [2021-12-10 08:43:16,336] {dag.py:2928} INFO - Setting next_dagrun for example_xcom_args_with_operators to None
[2021-12-10 08:43:16,346] {processor.py:171} INFO - Processing /home/airflow/.local/lib/python3.7/site-packages/airflow/example_dags/example_xcomargs.py took 0.396 seconds
[2021-12-10 08:43:46,857] {processor.py:163} INFO - Started process (PID=2552) to work on /home/airflow/.local/lib/python3.7/site-packages/airflow/example_dags/example_xcomargs.py
[2021-12-10 08:43:46,859] {processor.py:625} INFO - Processing file /home/airflow/.local/lib/python3.7/site-packages/airflow/example_dags/example_xcomargs.py for tasks to queue
[2021-12-10 08:43:46,860] {logging_mixin.py:109} INFO - [2021-12-10 08:43:46,860] {dagbag.py:500} INFO - Filling up the DagBag from /home/airflow/.local/lib/python3.7/site-packages/airflow/example_dags/example_xcomargs.py
[2021-12-10 08:43:46,895] {processor.py:637} INFO - DAG(s) dict_keys(['example_xcom_args', 'example_xcom_args_with_operators']) retrieved from /home/airflow/.local/lib/python3.7/site-packages/airflow/example_dags/example_xcomargs.py
[2021-12-10 08:43:47,226] {logging_mixin.py:109} INFO - [2021-12-10 08:43:47,226] {dag.py:2396} INFO - Sync 2 DAGs
[2021-12-10 08:43:47,240] {logging_mixin.py:109} INFO - [2021-12-10 08:43:47,240] {dag.py:2928} INFO - Setting next_dagrun for example_xcom_args to None
[2021-12-10 08:43:47,241] {logging_mixin.py:109} INFO - [2021-12-10 08:43:47,241] {dag.py:2928} INFO - Setting next_dagrun for example_xcom_args_with_operators to None
[2021-12-10 08:43:47,251] {processor.py:171} INFO - Processing /home/airflow/.local/lib/python3.7/site-packages/airflow/example_dags/example_xcomargs.py took 0.398 seconds
[2021-12-10 08:44:18,278] {processor.py:163} INFO - Started process (PID=2606) to work on /home/airflow/.local/lib/python3.7/site-packages/airflow/example_dags/example_xcomargs.py
[2021-12-10 08:44:18,280] {processor.py:625} INFO - Processing file /home/airflow/.local/lib/python3.7/site-packages/airflow/example_dags/example_xcomargs.py for tasks to queue
[2021-12-10 08:44:18,281] {logging_mixin.py:109} INFO - [2021-12-10 08:44:18,281] {dagbag.py:500} INFO - Filling up the DagBag from /home/airflow/.local/lib/python3.7/site-packages/airflow/example_dags/example_xcomargs.py
[2021-12-10 08:44:18,316] {processor.py:637} INFO - DAG(s) dict_keys(['example_xcom_args', 'example_xcom_args_with_operators']) retrieved from /home/airflow/.local/lib/python3.7/site-packages/airflow/example_dags/example_xcomargs.py
[2021-12-10 08:44:18,636] {logging_mixin.py:109} INFO - [2021-12-10 08:44:18,636] {dag.py:2396} INFO - Sync 2 DAGs
[2021-12-10 08:44:18,651] {logging_mixin.py:109} INFO - [2021-12-10 08:44:18,651] {dag.py:2928} INFO - Setting next_dagrun for example_xcom_args to None
[2021-12-10 08:44:18,651] {logging_mixin.py:109} INFO - [2021-12-10 08:44:18,651] {dag.py:2928} INFO - Setting next_dagrun for example_xcom_args_with_operators to None
[2021-12-10 08:44:18,663] {processor.py:171} INFO - Processing /home/airflow/.local/lib/python3.7/site-packages/airflow/example_dags/example_xcomargs.py took 0.389 seconds
[2021-12-10 08:44:49,004] {processor.py:163} INFO - Started process (PID=2669) to work on /home/airflow/.local/lib/python3.7/site-packages/airflow/example_dags/example_xcomargs.py
[2021-12-10 08:44:49,006] {processor.py:625} INFO - Processing file /home/airflow/.local/lib/python3.7/site-packages/airflow/example_dags/example_xcomargs.py for tasks to queue
[2021-12-10 08:44:49,006] {logging_mixin.py:109} INFO - [2021-12-10 08:44:49,006] {dagbag.py:500} INFO - Filling up the DagBag from /home/airflow/.local/lib/python3.7/site-packages/airflow/example_dags/example_xcomargs.py
[2021-12-10 08:44:49,049] {processor.py:637} INFO - DAG(s) dict_keys(['example_xcom_args', 'example_xcom_args_with_operators']) retrieved from /home/airflow/.local/lib/python3.7/site-packages/airflow/example_dags/example_xcomargs.py
[2021-12-10 08:44:49,388] {logging_mixin.py:109} INFO - [2021-12-10 08:44:49,388] {dag.py:2396} INFO - Sync 2 DAGs
[2021-12-10 08:44:49,403] {logging_mixin.py:109} INFO - [2021-12-10 08:44:49,403] {dag.py:2928} INFO - Setting next_dagrun for example_xcom_args to None
[2021-12-10 08:44:49,404] {logging_mixin.py:109} INFO - [2021-12-10 08:44:49,404] {dag.py:2928} INFO - Setting next_dagrun for example_xcom_args_with_operators to None
[2021-12-10 08:44:49,418] {processor.py:171} INFO - Processing /home/airflow/.local/lib/python3.7/site-packages/airflow/example_dags/example_xcomargs.py took 0.417 seconds
[2021-12-10 08:45:19,565] {processor.py:163} INFO - Started process (PID=2722) to work on /home/airflow/.local/lib/python3.7/site-packages/airflow/example_dags/example_xcomargs.py
[2021-12-10 08:45:19,566] {processor.py:625} INFO - Processing file /home/airflow/.local/lib/python3.7/site-packages/airflow/example_dags/example_xcomargs.py for tasks to queue
[2021-12-10 08:45:19,567] {logging_mixin.py:109} INFO - [2021-12-10 08:45:19,567] {dagbag.py:500} INFO - Filling up the DagBag from /home/airflow/.local/lib/python3.7/site-packages/airflow/example_dags/example_xcomargs.py
[2021-12-10 08:45:19,606] {processor.py:637} INFO - DAG(s) dict_keys(['example_xcom_args', 'example_xcom_args_with_operators']) retrieved from /home/airflow/.local/lib/python3.7/site-packages/airflow/example_dags/example_xcomargs.py
[2021-12-10 08:45:19,926] {logging_mixin.py:109} INFO - [2021-12-10 08:45:19,926] {dag.py:2396} INFO - Sync 2 DAGs
[2021-12-10 08:45:19,941] {logging_mixin.py:109} INFO - [2021-12-10 08:45:19,940] {dag.py:2928} INFO - Setting next_dagrun for example_xcom_args to None
[2021-12-10 08:45:19,941] {logging_mixin.py:109} INFO - [2021-12-10 08:45:19,941] {dag.py:2928} INFO - Setting next_dagrun for example_xcom_args_with_operators to None
[2021-12-10 08:45:19,952] {processor.py:171} INFO - Processing /home/airflow/.local/lib/python3.7/site-packages/airflow/example_dags/example_xcomargs.py took 0.391 seconds
[2021-12-10 08:45:50,300] {processor.py:163} INFO - Started process (PID=2785) to work on /home/airflow/.local/lib/python3.7/site-packages/airflow/example_dags/example_xcomargs.py
[2021-12-10 08:45:50,302] {processor.py:625} INFO - Processing file /home/airflow/.local/lib/python3.7/site-packages/airflow/example_dags/example_xcomargs.py for tasks to queue
[2021-12-10 08:45:50,303] {logging_mixin.py:109} INFO - [2021-12-10 08:45:50,303] {dagbag.py:500} INFO - Filling up the DagBag from /home/airflow/.local/lib/python3.7/site-packages/airflow/example_dags/example_xcomargs.py
[2021-12-10 08:45:50,342] {processor.py:637} INFO - DAG(s) dict_keys(['example_xcom_args', 'example_xcom_args_with_operators']) retrieved from /home/airflow/.local/lib/python3.7/site-packages/airflow/example_dags/example_xcomargs.py
[2021-12-10 08:45:50,672] {logging_mixin.py:109} INFO - [2021-12-10 08:45:50,672] {dag.py:2396} INFO - Sync 2 DAGs
[2021-12-10 08:45:50,689] {logging_mixin.py:109} INFO - [2021-12-10 08:45:50,689] {dag.py:2928} INFO - Setting next_dagrun for example_xcom_args to None
[2021-12-10 08:45:50,689] {logging_mixin.py:109} INFO - [2021-12-10 08:45:50,689] {dag.py:2928} INFO - Setting next_dagrun for example_xcom_args_with_operators to None
[2021-12-10 08:45:50,700] {processor.py:171} INFO - Processing /home/airflow/.local/lib/python3.7/site-packages/airflow/example_dags/example_xcomargs.py took 0.404 seconds
[2021-12-10 08:46:21,045] {processor.py:163} INFO - Started process (PID=2838) to work on /home/airflow/.local/lib/python3.7/site-packages/airflow/example_dags/example_xcomargs.py
[2021-12-10 08:46:21,046] {processor.py:625} INFO - Processing file /home/airflow/.local/lib/python3.7/site-packages/airflow/example_dags/example_xcomargs.py for tasks to queue
[2021-12-10 08:46:21,047] {logging_mixin.py:109} INFO - [2021-12-10 08:46:21,047] {dagbag.py:500} INFO - Filling up the DagBag from /home/airflow/.local/lib/python3.7/site-packages/airflow/example_dags/example_xcomargs.py
[2021-12-10 08:46:21,082] {processor.py:637} INFO - DAG(s) dict_keys(['example_xcom_args', 'example_xcom_args_with_operators']) retrieved from /home/airflow/.local/lib/python3.7/site-packages/airflow/example_dags/example_xcomargs.py
[2021-12-10 08:46:21,402] {logging_mixin.py:109} INFO - [2021-12-10 08:46:21,402] {dag.py:2396} INFO - Sync 2 DAGs
[2021-12-10 08:46:21,417] {logging_mixin.py:109} INFO - [2021-12-10 08:46:21,417] {dag.py:2928} INFO - Setting next_dagrun for example_xcom_args to None
[2021-12-10 08:46:21,417] {logging_mixin.py:109} INFO - [2021-12-10 08:46:21,417] {dag.py:2928} INFO - Setting next_dagrun for example_xcom_args_with_operators to None
[2021-12-10 08:46:21,431] {processor.py:171} INFO - Processing /home/airflow/.local/lib/python3.7/site-packages/airflow/example_dags/example_xcomargs.py took 0.390 seconds
[2021-12-10 08:46:51,558] {processor.py:163} INFO - Started process (PID=2891) to work on /home/airflow/.local/lib/python3.7/site-packages/airflow/example_dags/example_xcomargs.py
[2021-12-10 08:46:51,559] {processor.py:625} INFO - Processing file /home/airflow/.local/lib/python3.7/site-packages/airflow/example_dags/example_xcomargs.py for tasks to queue
[2021-12-10 08:46:51,560] {logging_mixin.py:109} INFO - [2021-12-10 08:46:51,560] {dagbag.py:500} INFO - Filling up the DagBag from /home/airflow/.local/lib/python3.7/site-packages/airflow/example_dags/example_xcomargs.py
[2021-12-10 08:46:51,597] {processor.py:637} INFO - DAG(s) dict_keys(['example_xcom_args', 'example_xcom_args_with_operators']) retrieved from /home/airflow/.local/lib/python3.7/site-packages/airflow/example_dags/example_xcomargs.py
[2021-12-10 08:46:51,923] {logging_mixin.py:109} INFO - [2021-12-10 08:46:51,922] {dag.py:2396} INFO - Sync 2 DAGs
[2021-12-10 08:46:51,942] {logging_mixin.py:109} INFO - [2021-12-10 08:46:51,942] {dag.py:2928} INFO - Setting next_dagrun for example_xcom_args to None
[2021-12-10 08:46:51,943] {logging_mixin.py:109} INFO - [2021-12-10 08:46:51,943] {dag.py:2928} INFO - Setting next_dagrun for example_xcom_args_with_operators to None
[2021-12-10 08:46:51,955] {processor.py:171} INFO - Processing /home/airflow/.local/lib/python3.7/site-packages/airflow/example_dags/example_xcomargs.py took 0.401 seconds
[2021-12-10 08:47:22,391] {processor.py:163} INFO - Started process (PID=2952) to work on /home/airflow/.local/lib/python3.7/site-packages/airflow/example_dags/example_xcomargs.py
[2021-12-10 08:47:22,393] {processor.py:625} INFO - Processing file /home/airflow/.local/lib/python3.7/site-packages/airflow/example_dags/example_xcomargs.py for tasks to queue
[2021-12-10 08:47:22,393] {logging_mixin.py:109} INFO - [2021-12-10 08:47:22,393] {dagbag.py:500} INFO - Filling up the DagBag from /home/airflow/.local/lib/python3.7/site-packages/airflow/example_dags/example_xcomargs.py
[2021-12-10 08:47:22,429] {processor.py:637} INFO - DAG(s) dict_keys(['example_xcom_args', 'example_xcom_args_with_operators']) retrieved from /home/airflow/.local/lib/python3.7/site-packages/airflow/example_dags/example_xcomargs.py
[2021-12-10 08:47:22,755] {logging_mixin.py:109} INFO - [2021-12-10 08:47:22,755] {dag.py:2396} INFO - Sync 2 DAGs
[2021-12-10 08:47:22,772] {logging_mixin.py:109} INFO - [2021-12-10 08:47:22,772] {dag.py:2928} INFO - Setting next_dagrun for example_xcom_args to None
[2021-12-10 08:47:22,772] {logging_mixin.py:109} INFO - [2021-12-10 08:47:22,772] {dag.py:2928} INFO - Setting next_dagrun for example_xcom_args_with_operators to None
[2021-12-10 08:47:22,783] {processor.py:171} INFO - Processing /home/airflow/.local/lib/python3.7/site-packages/airflow/example_dags/example_xcomargs.py took 0.396 seconds
