[2021-12-10 08:23:41,415] {processor.py:163} INFO - Started process (PID=192) to work on /home/airflow/.local/lib/python3.7/site-packages/airflow/example_dags/example_kubernetes_executor.py
[2021-12-10 08:23:41,416] {processor.py:625} INFO - Processing file /home/airflow/.local/lib/python3.7/site-packages/airflow/example_dags/example_kubernetes_executor.py for tasks to queue
[2021-12-10 08:23:41,417] {logging_mixin.py:109} INFO - [2021-12-10 08:23:41,417] {dagbag.py:500} INFO - Filling up the DagBag from /home/airflow/.local/lib/python3.7/site-packages/airflow/example_dags/example_kubernetes_executor.py
[2021-12-10 08:23:41,445] {processor.py:637} INFO - DAG(s) dict_keys(['example_kubernetes_executor']) retrieved from /home/airflow/.local/lib/python3.7/site-packages/airflow/example_dags/example_kubernetes_executor.py
[2021-12-10 08:23:42,753] {logging_mixin.py:109} INFO - [2021-12-10 08:23:42,752] {providers_manager.py:156} WARNING - Exception when importing 'airflow.providers.google.leveldb.hooks.leveldb.LevelDBHook' from 'apache-airflow-providers-google' package: No module named 'plyvel'
[2021-12-10 08:23:43,228] {logging_mixin.py:109} INFO - [2021-12-10 08:23:43,227] {providers_manager.py:156} WARNING - Exception when importing 'airflow.providers.google.leveldb.hooks.leveldb.LevelDBHook' from 'apache-airflow-providers-google' package: No module named 'plyvel'
[2021-12-10 08:23:43,249] {logging_mixin.py:109} INFO - [2021-12-10 08:23:43,249] {manager.py:496} INFO - Created Permission View: can read on DAG:example_kubernetes_executor
[2021-12-10 08:23:43,263] {logging_mixin.py:109} INFO - [2021-12-10 08:23:43,263] {manager.py:496} INFO - Created Permission View: can edit on DAG:example_kubernetes_executor
[2021-12-10 08:23:43,264] {logging_mixin.py:109} INFO - [2021-12-10 08:23:43,263] {dag.py:2396} INFO - Sync 1 DAGs
[2021-12-10 08:23:43,273] {logging_mixin.py:109} INFO - [2021-12-10 08:23:43,272] {dag.py:2415} INFO - Creating ORM DAG for example_kubernetes_executor
[2021-12-10 08:23:43,281] {logging_mixin.py:109} INFO - [2021-12-10 08:23:43,281] {dag.py:2928} INFO - Setting next_dagrun for example_kubernetes_executor to None
[2021-12-10 08:23:43,302] {processor.py:171} INFO - Processing /home/airflow/.local/lib/python3.7/site-packages/airflow/example_dags/example_kubernetes_executor.py took 1.890 seconds
[2021-12-10 08:24:13,891] {processor.py:163} INFO - Started process (PID=382) to work on /home/airflow/.local/lib/python3.7/site-packages/airflow/example_dags/example_kubernetes_executor.py
[2021-12-10 08:24:13,892] {processor.py:625} INFO - Processing file /home/airflow/.local/lib/python3.7/site-packages/airflow/example_dags/example_kubernetes_executor.py for tasks to queue
[2021-12-10 08:24:13,893] {logging_mixin.py:109} INFO - [2021-12-10 08:24:13,893] {dagbag.py:500} INFO - Filling up the DagBag from /home/airflow/.local/lib/python3.7/site-packages/airflow/example_dags/example_kubernetes_executor.py
[2021-12-10 08:24:13,921] {processor.py:637} INFO - DAG(s) dict_keys(['example_kubernetes_executor']) retrieved from /home/airflow/.local/lib/python3.7/site-packages/airflow/example_dags/example_kubernetes_executor.py
[2021-12-10 08:24:13,931] {logging_mixin.py:109} INFO - [2021-12-10 08:24:13,931] {dag.py:2396} INFO - Sync 1 DAGs
[2021-12-10 08:24:13,949] {logging_mixin.py:109} INFO - [2021-12-10 08:24:13,948] {dag.py:2928} INFO - Setting next_dagrun for example_kubernetes_executor to None
[2021-12-10 08:24:13,958] {processor.py:171} INFO - Processing /home/airflow/.local/lib/python3.7/site-packages/airflow/example_dags/example_kubernetes_executor.py took 0.070 seconds
[2021-12-10 08:24:44,212] {processor.py:163} INFO - Started process (PID=434) to work on /home/airflow/.local/lib/python3.7/site-packages/airflow/example_dags/example_kubernetes_executor.py
[2021-12-10 08:24:44,214] {processor.py:625} INFO - Processing file /home/airflow/.local/lib/python3.7/site-packages/airflow/example_dags/example_kubernetes_executor.py for tasks to queue
[2021-12-10 08:24:44,215] {logging_mixin.py:109} INFO - [2021-12-10 08:24:44,214] {dagbag.py:500} INFO - Filling up the DagBag from /home/airflow/.local/lib/python3.7/site-packages/airflow/example_dags/example_kubernetes_executor.py
[2021-12-10 08:24:44,245] {processor.py:637} INFO - DAG(s) dict_keys(['example_kubernetes_executor']) retrieved from /home/airflow/.local/lib/python3.7/site-packages/airflow/example_dags/example_kubernetes_executor.py
[2021-12-10 08:24:44,257] {logging_mixin.py:109} INFO - [2021-12-10 08:24:44,257] {dag.py:2396} INFO - Sync 1 DAGs
[2021-12-10 08:24:44,275] {logging_mixin.py:109} INFO - [2021-12-10 08:24:44,275] {dag.py:2928} INFO - Setting next_dagrun for example_kubernetes_executor to None
[2021-12-10 08:24:44,285] {processor.py:171} INFO - Processing /home/airflow/.local/lib/python3.7/site-packages/airflow/example_dags/example_kubernetes_executor.py took 0.076 seconds
[2021-12-10 08:25:14,638] {processor.py:163} INFO - Started process (PID=496) to work on /home/airflow/.local/lib/python3.7/site-packages/airflow/example_dags/example_kubernetes_executor.py
[2021-12-10 08:25:14,640] {processor.py:625} INFO - Processing file /home/airflow/.local/lib/python3.7/site-packages/airflow/example_dags/example_kubernetes_executor.py for tasks to queue
[2021-12-10 08:25:14,640] {logging_mixin.py:109} INFO - [2021-12-10 08:25:14,640] {dagbag.py:500} INFO - Filling up the DagBag from /home/airflow/.local/lib/python3.7/site-packages/airflow/example_dags/example_kubernetes_executor.py
[2021-12-10 08:25:14,674] {processor.py:637} INFO - DAG(s) dict_keys(['example_kubernetes_executor']) retrieved from /home/airflow/.local/lib/python3.7/site-packages/airflow/example_dags/example_kubernetes_executor.py
[2021-12-10 08:25:14,684] {logging_mixin.py:109} INFO - [2021-12-10 08:25:14,684] {dag.py:2396} INFO - Sync 1 DAGs
[2021-12-10 08:25:14,702] {logging_mixin.py:109} INFO - [2021-12-10 08:25:14,702] {dag.py:2928} INFO - Setting next_dagrun for example_kubernetes_executor to None
[2021-12-10 08:25:14,714] {processor.py:171} INFO - Processing /home/airflow/.local/lib/python3.7/site-packages/airflow/example_dags/example_kubernetes_executor.py took 0.080 seconds
[2021-12-10 08:25:45,985] {processor.py:163} INFO - Started process (PID=549) to work on /home/airflow/.local/lib/python3.7/site-packages/airflow/example_dags/example_kubernetes_executor.py
[2021-12-10 08:25:45,987] {processor.py:625} INFO - Processing file /home/airflow/.local/lib/python3.7/site-packages/airflow/example_dags/example_kubernetes_executor.py for tasks to queue
[2021-12-10 08:25:45,988] {logging_mixin.py:109} INFO - [2021-12-10 08:25:45,988] {dagbag.py:500} INFO - Filling up the DagBag from /home/airflow/.local/lib/python3.7/site-packages/airflow/example_dags/example_kubernetes_executor.py
[2021-12-10 08:25:46,022] {processor.py:637} INFO - DAG(s) dict_keys(['example_kubernetes_executor']) retrieved from /home/airflow/.local/lib/python3.7/site-packages/airflow/example_dags/example_kubernetes_executor.py
[2021-12-10 08:25:46,034] {logging_mixin.py:109} INFO - [2021-12-10 08:25:46,033] {dag.py:2396} INFO - Sync 1 DAGs
[2021-12-10 08:25:46,052] {logging_mixin.py:109} INFO - [2021-12-10 08:25:46,052] {dag.py:2928} INFO - Setting next_dagrun for example_kubernetes_executor to None
[2021-12-10 08:25:46,061] {processor.py:171} INFO - Processing /home/airflow/.local/lib/python3.7/site-packages/airflow/example_dags/example_kubernetes_executor.py took 0.080 seconds
[2021-12-10 08:26:16,549] {processor.py:163} INFO - Started process (PID=610) to work on /home/airflow/.local/lib/python3.7/site-packages/airflow/example_dags/example_kubernetes_executor.py
[2021-12-10 08:26:16,550] {processor.py:625} INFO - Processing file /home/airflow/.local/lib/python3.7/site-packages/airflow/example_dags/example_kubernetes_executor.py for tasks to queue
[2021-12-10 08:26:16,551] {logging_mixin.py:109} INFO - [2021-12-10 08:26:16,551] {dagbag.py:500} INFO - Filling up the DagBag from /home/airflow/.local/lib/python3.7/site-packages/airflow/example_dags/example_kubernetes_executor.py
[2021-12-10 08:26:16,580] {processor.py:637} INFO - DAG(s) dict_keys(['example_kubernetes_executor']) retrieved from /home/airflow/.local/lib/python3.7/site-packages/airflow/example_dags/example_kubernetes_executor.py
[2021-12-10 08:26:16,591] {logging_mixin.py:109} INFO - [2021-12-10 08:26:16,591] {dag.py:2396} INFO - Sync 1 DAGs
[2021-12-10 08:26:16,608] {logging_mixin.py:109} INFO - [2021-12-10 08:26:16,607] {dag.py:2928} INFO - Setting next_dagrun for example_kubernetes_executor to None
[2021-12-10 08:26:16,617] {processor.py:171} INFO - Processing /home/airflow/.local/lib/python3.7/site-packages/airflow/example_dags/example_kubernetes_executor.py took 0.072 seconds
[2021-12-10 08:26:47,648] {processor.py:163} INFO - Started process (PID=663) to work on /home/airflow/.local/lib/python3.7/site-packages/airflow/example_dags/example_kubernetes_executor.py
[2021-12-10 08:26:47,649] {processor.py:625} INFO - Processing file /home/airflow/.local/lib/python3.7/site-packages/airflow/example_dags/example_kubernetes_executor.py for tasks to queue
[2021-12-10 08:26:47,650] {logging_mixin.py:109} INFO - [2021-12-10 08:26:47,650] {dagbag.py:500} INFO - Filling up the DagBag from /home/airflow/.local/lib/python3.7/site-packages/airflow/example_dags/example_kubernetes_executor.py
[2021-12-10 08:26:47,677] {processor.py:637} INFO - DAG(s) dict_keys(['example_kubernetes_executor']) retrieved from /home/airflow/.local/lib/python3.7/site-packages/airflow/example_dags/example_kubernetes_executor.py
[2021-12-10 08:26:47,688] {logging_mixin.py:109} INFO - [2021-12-10 08:26:47,688] {dag.py:2396} INFO - Sync 1 DAGs
[2021-12-10 08:26:47,705] {logging_mixin.py:109} INFO - [2021-12-10 08:26:47,705] {dag.py:2928} INFO - Setting next_dagrun for example_kubernetes_executor to None
[2021-12-10 08:26:47,714] {processor.py:171} INFO - Processing /home/airflow/.local/lib/python3.7/site-packages/airflow/example_dags/example_kubernetes_executor.py took 0.070 seconds
[2021-12-10 08:27:18,708] {processor.py:163} INFO - Started process (PID=717) to work on /home/airflow/.local/lib/python3.7/site-packages/airflow/example_dags/example_kubernetes_executor.py
[2021-12-10 08:27:18,709] {processor.py:625} INFO - Processing file /home/airflow/.local/lib/python3.7/site-packages/airflow/example_dags/example_kubernetes_executor.py for tasks to queue
[2021-12-10 08:27:18,710] {logging_mixin.py:109} INFO - [2021-12-10 08:27:18,710] {dagbag.py:500} INFO - Filling up the DagBag from /home/airflow/.local/lib/python3.7/site-packages/airflow/example_dags/example_kubernetes_executor.py
[2021-12-10 08:27:18,741] {processor.py:637} INFO - DAG(s) dict_keys(['example_kubernetes_executor']) retrieved from /home/airflow/.local/lib/python3.7/site-packages/airflow/example_dags/example_kubernetes_executor.py
[2021-12-10 08:27:18,752] {logging_mixin.py:109} INFO - [2021-12-10 08:27:18,751] {dag.py:2396} INFO - Sync 1 DAGs
[2021-12-10 08:27:18,770] {logging_mixin.py:109} INFO - [2021-12-10 08:27:18,770] {dag.py:2928} INFO - Setting next_dagrun for example_kubernetes_executor to None
[2021-12-10 08:27:18,779] {processor.py:171} INFO - Processing /home/airflow/.local/lib/python3.7/site-packages/airflow/example_dags/example_kubernetes_executor.py took 0.075 seconds
[2021-12-10 08:27:50,041] {processor.py:163} INFO - Started process (PID=779) to work on /home/airflow/.local/lib/python3.7/site-packages/airflow/example_dags/example_kubernetes_executor.py
[2021-12-10 08:27:50,043] {processor.py:625} INFO - Processing file /home/airflow/.local/lib/python3.7/site-packages/airflow/example_dags/example_kubernetes_executor.py for tasks to queue
[2021-12-10 08:27:50,043] {logging_mixin.py:109} INFO - [2021-12-10 08:27:50,043] {dagbag.py:500} INFO - Filling up the DagBag from /home/airflow/.local/lib/python3.7/site-packages/airflow/example_dags/example_kubernetes_executor.py
[2021-12-10 08:27:50,070] {processor.py:637} INFO - DAG(s) dict_keys(['example_kubernetes_executor']) retrieved from /home/airflow/.local/lib/python3.7/site-packages/airflow/example_dags/example_kubernetes_executor.py
[2021-12-10 08:27:50,080] {logging_mixin.py:109} INFO - [2021-12-10 08:27:50,080] {dag.py:2396} INFO - Sync 1 DAGs
[2021-12-10 08:27:50,096] {logging_mixin.py:109} INFO - [2021-12-10 08:27:50,096] {dag.py:2928} INFO - Setting next_dagrun for example_kubernetes_executor to None
[2021-12-10 08:27:50,106] {processor.py:171} INFO - Processing /home/airflow/.local/lib/python3.7/site-packages/airflow/example_dags/example_kubernetes_executor.py took 0.069 seconds
[2021-12-10 08:28:21,143] {processor.py:163} INFO - Started process (PID=831) to work on /home/airflow/.local/lib/python3.7/site-packages/airflow/example_dags/example_kubernetes_executor.py
[2021-12-10 08:28:21,145] {processor.py:625} INFO - Processing file /home/airflow/.local/lib/python3.7/site-packages/airflow/example_dags/example_kubernetes_executor.py for tasks to queue
[2021-12-10 08:28:21,145] {logging_mixin.py:109} INFO - [2021-12-10 08:28:21,145] {dagbag.py:500} INFO - Filling up the DagBag from /home/airflow/.local/lib/python3.7/site-packages/airflow/example_dags/example_kubernetes_executor.py
[2021-12-10 08:28:21,173] {processor.py:637} INFO - DAG(s) dict_keys(['example_kubernetes_executor']) retrieved from /home/airflow/.local/lib/python3.7/site-packages/airflow/example_dags/example_kubernetes_executor.py
[2021-12-10 08:28:21,184] {logging_mixin.py:109} INFO - [2021-12-10 08:28:21,184] {dag.py:2396} INFO - Sync 1 DAGs
[2021-12-10 08:28:21,200] {logging_mixin.py:109} INFO - [2021-12-10 08:28:21,200] {dag.py:2928} INFO - Setting next_dagrun for example_kubernetes_executor to None
[2021-12-10 08:28:21,211] {processor.py:171} INFO - Processing /home/airflow/.local/lib/python3.7/site-packages/airflow/example_dags/example_kubernetes_executor.py took 0.071 seconds
[2021-12-10 08:28:51,586] {processor.py:163} INFO - Started process (PID=892) to work on /home/airflow/.local/lib/python3.7/site-packages/airflow/example_dags/example_kubernetes_executor.py
[2021-12-10 08:28:51,587] {processor.py:625} INFO - Processing file /home/airflow/.local/lib/python3.7/site-packages/airflow/example_dags/example_kubernetes_executor.py for tasks to queue
[2021-12-10 08:28:51,588] {logging_mixin.py:109} INFO - [2021-12-10 08:28:51,588] {dagbag.py:500} INFO - Filling up the DagBag from /home/airflow/.local/lib/python3.7/site-packages/airflow/example_dags/example_kubernetes_executor.py
[2021-12-10 08:28:51,621] {processor.py:637} INFO - DAG(s) dict_keys(['example_kubernetes_executor']) retrieved from /home/airflow/.local/lib/python3.7/site-packages/airflow/example_dags/example_kubernetes_executor.py
[2021-12-10 08:28:51,632] {logging_mixin.py:109} INFO - [2021-12-10 08:28:51,632] {dag.py:2396} INFO - Sync 1 DAGs
[2021-12-10 08:28:51,650] {logging_mixin.py:109} INFO - [2021-12-10 08:28:51,650] {dag.py:2928} INFO - Setting next_dagrun for example_kubernetes_executor to None
[2021-12-10 08:28:51,661] {processor.py:171} INFO - Processing /home/airflow/.local/lib/python3.7/site-packages/airflow/example_dags/example_kubernetes_executor.py took 0.080 seconds
[2021-12-10 08:29:22,705] {processor.py:163} INFO - Started process (PID=944) to work on /home/airflow/.local/lib/python3.7/site-packages/airflow/example_dags/example_kubernetes_executor.py
[2021-12-10 08:29:22,707] {processor.py:625} INFO - Processing file /home/airflow/.local/lib/python3.7/site-packages/airflow/example_dags/example_kubernetes_executor.py for tasks to queue
[2021-12-10 08:29:22,708] {logging_mixin.py:109} INFO - [2021-12-10 08:29:22,708] {dagbag.py:500} INFO - Filling up the DagBag from /home/airflow/.local/lib/python3.7/site-packages/airflow/example_dags/example_kubernetes_executor.py
[2021-12-10 08:29:22,737] {processor.py:637} INFO - DAG(s) dict_keys(['example_kubernetes_executor']) retrieved from /home/airflow/.local/lib/python3.7/site-packages/airflow/example_dags/example_kubernetes_executor.py
[2021-12-10 08:29:22,747] {logging_mixin.py:109} INFO - [2021-12-10 08:29:22,747] {dag.py:2396} INFO - Sync 1 DAGs
[2021-12-10 08:29:22,763] {logging_mixin.py:109} INFO - [2021-12-10 08:29:22,763] {dag.py:2928} INFO - Setting next_dagrun for example_kubernetes_executor to None
[2021-12-10 08:29:22,772] {processor.py:171} INFO - Processing /home/airflow/.local/lib/python3.7/site-packages/airflow/example_dags/example_kubernetes_executor.py took 0.071 seconds
[2021-12-10 08:29:53,942] {processor.py:163} INFO - Started process (PID=1006) to work on /home/airflow/.local/lib/python3.7/site-packages/airflow/example_dags/example_kubernetes_executor.py
[2021-12-10 08:29:53,943] {processor.py:625} INFO - Processing file /home/airflow/.local/lib/python3.7/site-packages/airflow/example_dags/example_kubernetes_executor.py for tasks to queue
[2021-12-10 08:29:53,944] {logging_mixin.py:109} INFO - [2021-12-10 08:29:53,943] {dagbag.py:500} INFO - Filling up the DagBag from /home/airflow/.local/lib/python3.7/site-packages/airflow/example_dags/example_kubernetes_executor.py
[2021-12-10 08:29:53,971] {processor.py:637} INFO - DAG(s) dict_keys(['example_kubernetes_executor']) retrieved from /home/airflow/.local/lib/python3.7/site-packages/airflow/example_dags/example_kubernetes_executor.py
[2021-12-10 08:29:53,981] {logging_mixin.py:109} INFO - [2021-12-10 08:29:53,981] {dag.py:2396} INFO - Sync 1 DAGs
[2021-12-10 08:29:53,998] {logging_mixin.py:109} INFO - [2021-12-10 08:29:53,998] {dag.py:2928} INFO - Setting next_dagrun for example_kubernetes_executor to None
[2021-12-10 08:29:54,007] {processor.py:171} INFO - Processing /home/airflow/.local/lib/python3.7/site-packages/airflow/example_dags/example_kubernetes_executor.py took 0.069 seconds
[2021-12-10 08:30:25,092] {processor.py:163} INFO - Started process (PID=1058) to work on /home/airflow/.local/lib/python3.7/site-packages/airflow/example_dags/example_kubernetes_executor.py
[2021-12-10 08:30:25,093] {processor.py:625} INFO - Processing file /home/airflow/.local/lib/python3.7/site-packages/airflow/example_dags/example_kubernetes_executor.py for tasks to queue
[2021-12-10 08:30:25,093] {logging_mixin.py:109} INFO - [2021-12-10 08:30:25,093] {dagbag.py:500} INFO - Filling up the DagBag from /home/airflow/.local/lib/python3.7/site-packages/airflow/example_dags/example_kubernetes_executor.py
[2021-12-10 08:30:25,124] {processor.py:637} INFO - DAG(s) dict_keys(['example_kubernetes_executor']) retrieved from /home/airflow/.local/lib/python3.7/site-packages/airflow/example_dags/example_kubernetes_executor.py
[2021-12-10 08:30:25,136] {logging_mixin.py:109} INFO - [2021-12-10 08:30:25,136] {dag.py:2396} INFO - Sync 1 DAGs
[2021-12-10 08:30:25,155] {logging_mixin.py:109} INFO - [2021-12-10 08:30:25,155] {dag.py:2928} INFO - Setting next_dagrun for example_kubernetes_executor to None
[2021-12-10 08:30:25,165] {processor.py:171} INFO - Processing /home/airflow/.local/lib/python3.7/site-packages/airflow/example_dags/example_kubernetes_executor.py took 0.078 seconds
[2021-12-10 08:30:56,372] {processor.py:163} INFO - Started process (PID=1120) to work on /home/airflow/.local/lib/python3.7/site-packages/airflow/example_dags/example_kubernetes_executor.py
[2021-12-10 08:30:56,374] {processor.py:625} INFO - Processing file /home/airflow/.local/lib/python3.7/site-packages/airflow/example_dags/example_kubernetes_executor.py for tasks to queue
[2021-12-10 08:30:56,374] {logging_mixin.py:109} INFO - [2021-12-10 08:30:56,374] {dagbag.py:500} INFO - Filling up the DagBag from /home/airflow/.local/lib/python3.7/site-packages/airflow/example_dags/example_kubernetes_executor.py
[2021-12-10 08:30:56,402] {processor.py:637} INFO - DAG(s) dict_keys(['example_kubernetes_executor']) retrieved from /home/airflow/.local/lib/python3.7/site-packages/airflow/example_dags/example_kubernetes_executor.py
[2021-12-10 08:30:56,412] {logging_mixin.py:109} INFO - [2021-12-10 08:30:56,412] {dag.py:2396} INFO - Sync 1 DAGs
[2021-12-10 08:30:56,429] {logging_mixin.py:109} INFO - [2021-12-10 08:30:56,429] {dag.py:2928} INFO - Setting next_dagrun for example_kubernetes_executor to None
[2021-12-10 08:30:56,443] {processor.py:171} INFO - Processing /home/airflow/.local/lib/python3.7/site-packages/airflow/example_dags/example_kubernetes_executor.py took 0.074 seconds
[2021-12-10 08:31:27,581] {processor.py:163} INFO - Started process (PID=1172) to work on /home/airflow/.local/lib/python3.7/site-packages/airflow/example_dags/example_kubernetes_executor.py
[2021-12-10 08:31:27,583] {processor.py:625} INFO - Processing file /home/airflow/.local/lib/python3.7/site-packages/airflow/example_dags/example_kubernetes_executor.py for tasks to queue
[2021-12-10 08:31:27,583] {logging_mixin.py:109} INFO - [2021-12-10 08:31:27,583] {dagbag.py:500} INFO - Filling up the DagBag from /home/airflow/.local/lib/python3.7/site-packages/airflow/example_dags/example_kubernetes_executor.py
[2021-12-10 08:31:27,612] {processor.py:637} INFO - DAG(s) dict_keys(['example_kubernetes_executor']) retrieved from /home/airflow/.local/lib/python3.7/site-packages/airflow/example_dags/example_kubernetes_executor.py
[2021-12-10 08:31:27,622] {logging_mixin.py:109} INFO - [2021-12-10 08:31:27,622] {dag.py:2396} INFO - Sync 1 DAGs
[2021-12-10 08:31:27,639] {logging_mixin.py:109} INFO - [2021-12-10 08:31:27,639] {dag.py:2928} INFO - Setting next_dagrun for example_kubernetes_executor to None
[2021-12-10 08:31:27,649] {processor.py:171} INFO - Processing /home/airflow/.local/lib/python3.7/site-packages/airflow/example_dags/example_kubernetes_executor.py took 0.072 seconds
[2021-12-10 08:31:58,851] {processor.py:163} INFO - Started process (PID=1235) to work on /home/airflow/.local/lib/python3.7/site-packages/airflow/example_dags/example_kubernetes_executor.py
[2021-12-10 08:31:58,853] {processor.py:625} INFO - Processing file /home/airflow/.local/lib/python3.7/site-packages/airflow/example_dags/example_kubernetes_executor.py for tasks to queue
[2021-12-10 08:31:58,854] {logging_mixin.py:109} INFO - [2021-12-10 08:31:58,854] {dagbag.py:500} INFO - Filling up the DagBag from /home/airflow/.local/lib/python3.7/site-packages/airflow/example_dags/example_kubernetes_executor.py
[2021-12-10 08:31:58,887] {processor.py:637} INFO - DAG(s) dict_keys(['example_kubernetes_executor']) retrieved from /home/airflow/.local/lib/python3.7/site-packages/airflow/example_dags/example_kubernetes_executor.py
[2021-12-10 08:31:58,899] {logging_mixin.py:109} INFO - [2021-12-10 08:31:58,899] {dag.py:2396} INFO - Sync 1 DAGs
[2021-12-10 08:31:58,918] {logging_mixin.py:109} INFO - [2021-12-10 08:31:58,918] {dag.py:2928} INFO - Setting next_dagrun for example_kubernetes_executor to None
[2021-12-10 08:31:58,927] {processor.py:171} INFO - Processing /home/airflow/.local/lib/python3.7/site-packages/airflow/example_dags/example_kubernetes_executor.py took 0.082 seconds
[2021-12-10 08:32:29,252] {processor.py:163} INFO - Started process (PID=1288) to work on /home/airflow/.local/lib/python3.7/site-packages/airflow/example_dags/example_kubernetes_executor.py
[2021-12-10 08:32:29,254] {processor.py:625} INFO - Processing file /home/airflow/.local/lib/python3.7/site-packages/airflow/example_dags/example_kubernetes_executor.py for tasks to queue
[2021-12-10 08:32:29,255] {logging_mixin.py:109} INFO - [2021-12-10 08:32:29,255] {dagbag.py:500} INFO - Filling up the DagBag from /home/airflow/.local/lib/python3.7/site-packages/airflow/example_dags/example_kubernetes_executor.py
[2021-12-10 08:32:29,286] {processor.py:637} INFO - DAG(s) dict_keys(['example_kubernetes_executor']) retrieved from /home/airflow/.local/lib/python3.7/site-packages/airflow/example_dags/example_kubernetes_executor.py
[2021-12-10 08:32:29,297] {logging_mixin.py:109} INFO - [2021-12-10 08:32:29,297] {dag.py:2396} INFO - Sync 1 DAGs
[2021-12-10 08:32:29,313] {logging_mixin.py:109} INFO - [2021-12-10 08:32:29,313] {dag.py:2928} INFO - Setting next_dagrun for example_kubernetes_executor to None
[2021-12-10 08:32:29,322] {processor.py:171} INFO - Processing /home/airflow/.local/lib/python3.7/site-packages/airflow/example_dags/example_kubernetes_executor.py took 0.075 seconds
[2021-12-10 08:32:59,362] {processor.py:163} INFO - Started process (PID=1339) to work on /home/airflow/.local/lib/python3.7/site-packages/airflow/example_dags/example_kubernetes_executor.py
[2021-12-10 08:32:59,364] {processor.py:625} INFO - Processing file /home/airflow/.local/lib/python3.7/site-packages/airflow/example_dags/example_kubernetes_executor.py for tasks to queue
[2021-12-10 08:32:59,365] {logging_mixin.py:109} INFO - [2021-12-10 08:32:59,365] {dagbag.py:500} INFO - Filling up the DagBag from /home/airflow/.local/lib/python3.7/site-packages/airflow/example_dags/example_kubernetes_executor.py
[2021-12-10 08:32:59,395] {processor.py:637} INFO - DAG(s) dict_keys(['example_kubernetes_executor']) retrieved from /home/airflow/.local/lib/python3.7/site-packages/airflow/example_dags/example_kubernetes_executor.py
[2021-12-10 08:32:59,406] {logging_mixin.py:109} INFO - [2021-12-10 08:32:59,406] {dag.py:2396} INFO - Sync 1 DAGs
[2021-12-10 08:32:59,422] {logging_mixin.py:109} INFO - [2021-12-10 08:32:59,422] {dag.py:2928} INFO - Setting next_dagrun for example_kubernetes_executor to None
[2021-12-10 08:32:59,431] {processor.py:171} INFO - Processing /home/airflow/.local/lib/python3.7/site-packages/airflow/example_dags/example_kubernetes_executor.py took 0.073 seconds
[2021-12-10 08:33:29,499] {processor.py:163} INFO - Started process (PID=1399) to work on /home/airflow/.local/lib/python3.7/site-packages/airflow/example_dags/example_kubernetes_executor.py
[2021-12-10 08:33:29,501] {processor.py:625} INFO - Processing file /home/airflow/.local/lib/python3.7/site-packages/airflow/example_dags/example_kubernetes_executor.py for tasks to queue
[2021-12-10 08:33:29,502] {logging_mixin.py:109} INFO - [2021-12-10 08:33:29,501] {dagbag.py:500} INFO - Filling up the DagBag from /home/airflow/.local/lib/python3.7/site-packages/airflow/example_dags/example_kubernetes_executor.py
[2021-12-10 08:33:29,531] {processor.py:637} INFO - DAG(s) dict_keys(['example_kubernetes_executor']) retrieved from /home/airflow/.local/lib/python3.7/site-packages/airflow/example_dags/example_kubernetes_executor.py
[2021-12-10 08:33:29,541] {logging_mixin.py:109} INFO - [2021-12-10 08:33:29,541] {dag.py:2396} INFO - Sync 1 DAGs
[2021-12-10 08:33:29,558] {logging_mixin.py:109} INFO - [2021-12-10 08:33:29,558] {dag.py:2928} INFO - Setting next_dagrun for example_kubernetes_executor to None
[2021-12-10 08:33:29,567] {processor.py:171} INFO - Processing /home/airflow/.local/lib/python3.7/site-packages/airflow/example_dags/example_kubernetes_executor.py took 0.071 seconds
[2021-12-10 08:33:59,678] {processor.py:163} INFO - Started process (PID=1451) to work on /home/airflow/.local/lib/python3.7/site-packages/airflow/example_dags/example_kubernetes_executor.py
[2021-12-10 08:33:59,680] {processor.py:625} INFO - Processing file /home/airflow/.local/lib/python3.7/site-packages/airflow/example_dags/example_kubernetes_executor.py for tasks to queue
[2021-12-10 08:33:59,681] {logging_mixin.py:109} INFO - [2021-12-10 08:33:59,681] {dagbag.py:500} INFO - Filling up the DagBag from /home/airflow/.local/lib/python3.7/site-packages/airflow/example_dags/example_kubernetes_executor.py
[2021-12-10 08:33:59,712] {processor.py:637} INFO - DAG(s) dict_keys(['example_kubernetes_executor']) retrieved from /home/airflow/.local/lib/python3.7/site-packages/airflow/example_dags/example_kubernetes_executor.py
[2021-12-10 08:33:59,722] {logging_mixin.py:109} INFO - [2021-12-10 08:33:59,722] {dag.py:2396} INFO - Sync 1 DAGs
[2021-12-10 08:33:59,740] {logging_mixin.py:109} INFO - [2021-12-10 08:33:59,740] {dag.py:2928} INFO - Setting next_dagrun for example_kubernetes_executor to None
[2021-12-10 08:33:59,750] {processor.py:171} INFO - Processing /home/airflow/.local/lib/python3.7/site-packages/airflow/example_dags/example_kubernetes_executor.py took 0.076 seconds
[2021-12-10 08:34:29,856] {processor.py:163} INFO - Started process (PID=1513) to work on /home/airflow/.local/lib/python3.7/site-packages/airflow/example_dags/example_kubernetes_executor.py
[2021-12-10 08:34:29,858] {processor.py:625} INFO - Processing file /home/airflow/.local/lib/python3.7/site-packages/airflow/example_dags/example_kubernetes_executor.py for tasks to queue
[2021-12-10 08:34:29,858] {logging_mixin.py:109} INFO - [2021-12-10 08:34:29,858] {dagbag.py:500} INFO - Filling up the DagBag from /home/airflow/.local/lib/python3.7/site-packages/airflow/example_dags/example_kubernetes_executor.py
[2021-12-10 08:34:29,891] {processor.py:637} INFO - DAG(s) dict_keys(['example_kubernetes_executor']) retrieved from /home/airflow/.local/lib/python3.7/site-packages/airflow/example_dags/example_kubernetes_executor.py
[2021-12-10 08:34:29,902] {logging_mixin.py:109} INFO - [2021-12-10 08:34:29,901] {dag.py:2396} INFO - Sync 1 DAGs
[2021-12-10 08:34:29,918] {logging_mixin.py:109} INFO - [2021-12-10 08:34:29,918] {dag.py:2928} INFO - Setting next_dagrun for example_kubernetes_executor to None
[2021-12-10 08:34:29,930] {processor.py:171} INFO - Processing /home/airflow/.local/lib/python3.7/site-packages/airflow/example_dags/example_kubernetes_executor.py took 0.077 seconds
[2021-12-10 08:35:00,305] {processor.py:163} INFO - Started process (PID=1565) to work on /home/airflow/.local/lib/python3.7/site-packages/airflow/example_dags/example_kubernetes_executor.py
[2021-12-10 08:35:00,308] {processor.py:625} INFO - Processing file /home/airflow/.local/lib/python3.7/site-packages/airflow/example_dags/example_kubernetes_executor.py for tasks to queue
[2021-12-10 08:35:00,309] {logging_mixin.py:109} INFO - [2021-12-10 08:35:00,309] {dagbag.py:500} INFO - Filling up the DagBag from /home/airflow/.local/lib/python3.7/site-packages/airflow/example_dags/example_kubernetes_executor.py
[2021-12-10 08:35:00,347] {processor.py:637} INFO - DAG(s) dict_keys(['example_kubernetes_executor']) retrieved from /home/airflow/.local/lib/python3.7/site-packages/airflow/example_dags/example_kubernetes_executor.py
[2021-12-10 08:35:00,361] {logging_mixin.py:109} INFO - [2021-12-10 08:35:00,360] {dag.py:2396} INFO - Sync 1 DAGs
[2021-12-10 08:35:00,380] {logging_mixin.py:109} INFO - [2021-12-10 08:35:00,380] {dag.py:2928} INFO - Setting next_dagrun for example_kubernetes_executor to None
[2021-12-10 08:35:00,391] {processor.py:171} INFO - Processing /home/airflow/.local/lib/python3.7/site-packages/airflow/example_dags/example_kubernetes_executor.py took 0.089 seconds
[2021-12-10 08:35:30,482] {processor.py:163} INFO - Started process (PID=1618) to work on /home/airflow/.local/lib/python3.7/site-packages/airflow/example_dags/example_kubernetes_executor.py
[2021-12-10 08:35:30,484] {processor.py:625} INFO - Processing file /home/airflow/.local/lib/python3.7/site-packages/airflow/example_dags/example_kubernetes_executor.py for tasks to queue
[2021-12-10 08:35:30,485] {logging_mixin.py:109} INFO - [2021-12-10 08:35:30,484] {dagbag.py:500} INFO - Filling up the DagBag from /home/airflow/.local/lib/python3.7/site-packages/airflow/example_dags/example_kubernetes_executor.py
[2021-12-10 08:35:30,515] {processor.py:637} INFO - DAG(s) dict_keys(['example_kubernetes_executor']) retrieved from /home/airflow/.local/lib/python3.7/site-packages/airflow/example_dags/example_kubernetes_executor.py
[2021-12-10 08:35:30,532] {logging_mixin.py:109} INFO - [2021-12-10 08:35:30,532] {dag.py:2396} INFO - Sync 1 DAGs
[2021-12-10 08:35:30,559] {logging_mixin.py:109} INFO - [2021-12-10 08:35:30,559] {dag.py:2928} INFO - Setting next_dagrun for example_kubernetes_executor to None
[2021-12-10 08:35:30,570] {processor.py:171} INFO - Processing /home/airflow/.local/lib/python3.7/site-packages/airflow/example_dags/example_kubernetes_executor.py took 0.091 seconds
[2021-12-10 08:36:01,070] {processor.py:163} INFO - Started process (PID=1681) to work on /home/airflow/.local/lib/python3.7/site-packages/airflow/example_dags/example_kubernetes_executor.py
[2021-12-10 08:36:01,072] {processor.py:625} INFO - Processing file /home/airflow/.local/lib/python3.7/site-packages/airflow/example_dags/example_kubernetes_executor.py for tasks to queue
[2021-12-10 08:36:01,072] {logging_mixin.py:109} INFO - [2021-12-10 08:36:01,072] {dagbag.py:500} INFO - Filling up the DagBag from /home/airflow/.local/lib/python3.7/site-packages/airflow/example_dags/example_kubernetes_executor.py
[2021-12-10 08:36:01,103] {processor.py:637} INFO - DAG(s) dict_keys(['example_kubernetes_executor']) retrieved from /home/airflow/.local/lib/python3.7/site-packages/airflow/example_dags/example_kubernetes_executor.py
[2021-12-10 08:36:01,116] {logging_mixin.py:109} INFO - [2021-12-10 08:36:01,116] {dag.py:2396} INFO - Sync 1 DAGs
[2021-12-10 08:36:01,138] {logging_mixin.py:109} INFO - [2021-12-10 08:36:01,138] {dag.py:2928} INFO - Setting next_dagrun for example_kubernetes_executor to None
[2021-12-10 08:36:01,148] {processor.py:171} INFO - Processing /home/airflow/.local/lib/python3.7/site-packages/airflow/example_dags/example_kubernetes_executor.py took 0.081 seconds
[2021-12-10 08:36:31,184] {processor.py:163} INFO - Started process (PID=1734) to work on /home/airflow/.local/lib/python3.7/site-packages/airflow/example_dags/example_kubernetes_executor.py
[2021-12-10 08:36:31,186] {processor.py:625} INFO - Processing file /home/airflow/.local/lib/python3.7/site-packages/airflow/example_dags/example_kubernetes_executor.py for tasks to queue
[2021-12-10 08:36:31,186] {logging_mixin.py:109} INFO - [2021-12-10 08:36:31,186] {dagbag.py:500} INFO - Filling up the DagBag from /home/airflow/.local/lib/python3.7/site-packages/airflow/example_dags/example_kubernetes_executor.py
[2021-12-10 08:36:31,220] {processor.py:637} INFO - DAG(s) dict_keys(['example_kubernetes_executor']) retrieved from /home/airflow/.local/lib/python3.7/site-packages/airflow/example_dags/example_kubernetes_executor.py
[2021-12-10 08:36:31,230] {logging_mixin.py:109} INFO - [2021-12-10 08:36:31,230] {dag.py:2396} INFO - Sync 1 DAGs
[2021-12-10 08:36:31,247] {logging_mixin.py:109} INFO - [2021-12-10 08:36:31,247] {dag.py:2928} INFO - Setting next_dagrun for example_kubernetes_executor to None
[2021-12-10 08:36:31,257] {processor.py:171} INFO - Processing /home/airflow/.local/lib/python3.7/site-packages/airflow/example_dags/example_kubernetes_executor.py took 0.078 seconds
[2021-12-10 08:37:01,644] {processor.py:163} INFO - Started process (PID=1796) to work on /home/airflow/.local/lib/python3.7/site-packages/airflow/example_dags/example_kubernetes_executor.py
[2021-12-10 08:37:01,646] {processor.py:625} INFO - Processing file /home/airflow/.local/lib/python3.7/site-packages/airflow/example_dags/example_kubernetes_executor.py for tasks to queue
[2021-12-10 08:37:01,647] {logging_mixin.py:109} INFO - [2021-12-10 08:37:01,646] {dagbag.py:500} INFO - Filling up the DagBag from /home/airflow/.local/lib/python3.7/site-packages/airflow/example_dags/example_kubernetes_executor.py
[2021-12-10 08:37:01,681] {processor.py:637} INFO - DAG(s) dict_keys(['example_kubernetes_executor']) retrieved from /home/airflow/.local/lib/python3.7/site-packages/airflow/example_dags/example_kubernetes_executor.py
[2021-12-10 08:37:01,692] {logging_mixin.py:109} INFO - [2021-12-10 08:37:01,692] {dag.py:2396} INFO - Sync 1 DAGs
[2021-12-10 08:37:01,709] {logging_mixin.py:109} INFO - [2021-12-10 08:37:01,709] {dag.py:2928} INFO - Setting next_dagrun for example_kubernetes_executor to None
[2021-12-10 08:37:01,719] {processor.py:171} INFO - Processing /home/airflow/.local/lib/python3.7/site-packages/airflow/example_dags/example_kubernetes_executor.py took 0.079 seconds
[2021-12-10 08:37:31,767] {processor.py:163} INFO - Started process (PID=1850) to work on /home/airflow/.local/lib/python3.7/site-packages/airflow/example_dags/example_kubernetes_executor.py
[2021-12-10 08:37:31,768] {processor.py:625} INFO - Processing file /home/airflow/.local/lib/python3.7/site-packages/airflow/example_dags/example_kubernetes_executor.py for tasks to queue
[2021-12-10 08:37:31,769] {logging_mixin.py:109} INFO - [2021-12-10 08:37:31,769] {dagbag.py:500} INFO - Filling up the DagBag from /home/airflow/.local/lib/python3.7/site-packages/airflow/example_dags/example_kubernetes_executor.py
[2021-12-10 08:37:31,799] {processor.py:637} INFO - DAG(s) dict_keys(['example_kubernetes_executor']) retrieved from /home/airflow/.local/lib/python3.7/site-packages/airflow/example_dags/example_kubernetes_executor.py
[2021-12-10 08:37:31,811] {logging_mixin.py:109} INFO - [2021-12-10 08:37:31,811] {dag.py:2396} INFO - Sync 1 DAGs
[2021-12-10 08:37:31,830] {logging_mixin.py:109} INFO - [2021-12-10 08:37:31,830] {dag.py:2928} INFO - Setting next_dagrun for example_kubernetes_executor to None
[2021-12-10 08:37:31,840] {processor.py:171} INFO - Processing /home/airflow/.local/lib/python3.7/site-packages/airflow/example_dags/example_kubernetes_executor.py took 0.077 seconds
[2021-12-10 08:38:02,032] {processor.py:163} INFO - Started process (PID=1902) to work on /home/airflow/.local/lib/python3.7/site-packages/airflow/example_dags/example_kubernetes_executor.py
[2021-12-10 08:38:02,034] {processor.py:625} INFO - Processing file /home/airflow/.local/lib/python3.7/site-packages/airflow/example_dags/example_kubernetes_executor.py for tasks to queue
[2021-12-10 08:38:02,035] {logging_mixin.py:109} INFO - [2021-12-10 08:38:02,035] {dagbag.py:500} INFO - Filling up the DagBag from /home/airflow/.local/lib/python3.7/site-packages/airflow/example_dags/example_kubernetes_executor.py
[2021-12-10 08:38:02,067] {processor.py:637} INFO - DAG(s) dict_keys(['example_kubernetes_executor']) retrieved from /home/airflow/.local/lib/python3.7/site-packages/airflow/example_dags/example_kubernetes_executor.py
[2021-12-10 08:38:02,081] {logging_mixin.py:109} INFO - [2021-12-10 08:38:02,081] {dag.py:2396} INFO - Sync 1 DAGs
[2021-12-10 08:38:02,099] {logging_mixin.py:109} INFO - [2021-12-10 08:38:02,099] {dag.py:2928} INFO - Setting next_dagrun for example_kubernetes_executor to None
[2021-12-10 08:38:02,109] {processor.py:171} INFO - Processing /home/airflow/.local/lib/python3.7/site-packages/airflow/example_dags/example_kubernetes_executor.py took 0.080 seconds
[2021-12-10 08:38:32,438] {processor.py:163} INFO - Started process (PID=1963) to work on /home/airflow/.local/lib/python3.7/site-packages/airflow/example_dags/example_kubernetes_executor.py
[2021-12-10 08:38:32,440] {processor.py:625} INFO - Processing file /home/airflow/.local/lib/python3.7/site-packages/airflow/example_dags/example_kubernetes_executor.py for tasks to queue
[2021-12-10 08:38:32,441] {logging_mixin.py:109} INFO - [2021-12-10 08:38:32,441] {dagbag.py:500} INFO - Filling up the DagBag from /home/airflow/.local/lib/python3.7/site-packages/airflow/example_dags/example_kubernetes_executor.py
[2021-12-10 08:38:32,477] {processor.py:637} INFO - DAG(s) dict_keys(['example_kubernetes_executor']) retrieved from /home/airflow/.local/lib/python3.7/site-packages/airflow/example_dags/example_kubernetes_executor.py
[2021-12-10 08:38:32,489] {logging_mixin.py:109} INFO - [2021-12-10 08:38:32,489] {dag.py:2396} INFO - Sync 1 DAGs
[2021-12-10 08:38:32,513] {logging_mixin.py:109} INFO - [2021-12-10 08:38:32,513] {dag.py:2928} INFO - Setting next_dagrun for example_kubernetes_executor to None
[2021-12-10 08:38:32,525] {processor.py:171} INFO - Processing /home/airflow/.local/lib/python3.7/site-packages/airflow/example_dags/example_kubernetes_executor.py took 0.092 seconds
[2021-12-10 08:39:02,763] {processor.py:163} INFO - Started process (PID=2015) to work on /home/airflow/.local/lib/python3.7/site-packages/airflow/example_dags/example_kubernetes_executor.py
[2021-12-10 08:39:02,765] {processor.py:625} INFO - Processing file /home/airflow/.local/lib/python3.7/site-packages/airflow/example_dags/example_kubernetes_executor.py for tasks to queue
[2021-12-10 08:39:02,766] {logging_mixin.py:109} INFO - [2021-12-10 08:39:02,765] {dagbag.py:500} INFO - Filling up the DagBag from /home/airflow/.local/lib/python3.7/site-packages/airflow/example_dags/example_kubernetes_executor.py
[2021-12-10 08:39:02,793] {processor.py:637} INFO - DAG(s) dict_keys(['example_kubernetes_executor']) retrieved from /home/airflow/.local/lib/python3.7/site-packages/airflow/example_dags/example_kubernetes_executor.py
[2021-12-10 08:39:02,804] {logging_mixin.py:109} INFO - [2021-12-10 08:39:02,803] {dag.py:2396} INFO - Sync 1 DAGs
[2021-12-10 08:39:02,819] {logging_mixin.py:109} INFO - [2021-12-10 08:39:02,819] {dag.py:2928} INFO - Setting next_dagrun for example_kubernetes_executor to None
[2021-12-10 08:39:02,829] {processor.py:171} INFO - Processing /home/airflow/.local/lib/python3.7/site-packages/airflow/example_dags/example_kubernetes_executor.py took 0.069 seconds
[2021-12-10 08:39:33,031] {processor.py:163} INFO - Started process (PID=2077) to work on /home/airflow/.local/lib/python3.7/site-packages/airflow/example_dags/example_kubernetes_executor.py
[2021-12-10 08:39:33,034] {processor.py:625} INFO - Processing file /home/airflow/.local/lib/python3.7/site-packages/airflow/example_dags/example_kubernetes_executor.py for tasks to queue
[2021-12-10 08:39:33,035] {logging_mixin.py:109} INFO - [2021-12-10 08:39:33,034] {dagbag.py:500} INFO - Filling up the DagBag from /home/airflow/.local/lib/python3.7/site-packages/airflow/example_dags/example_kubernetes_executor.py
[2021-12-10 08:39:33,067] {processor.py:637} INFO - DAG(s) dict_keys(['example_kubernetes_executor']) retrieved from /home/airflow/.local/lib/python3.7/site-packages/airflow/example_dags/example_kubernetes_executor.py
[2021-12-10 08:39:33,077] {logging_mixin.py:109} INFO - [2021-12-10 08:39:33,077] {dag.py:2396} INFO - Sync 1 DAGs
[2021-12-10 08:39:33,094] {logging_mixin.py:109} INFO - [2021-12-10 08:39:33,094] {dag.py:2928} INFO - Setting next_dagrun for example_kubernetes_executor to None
[2021-12-10 08:39:33,103] {processor.py:171} INFO - Processing /home/airflow/.local/lib/python3.7/site-packages/airflow/example_dags/example_kubernetes_executor.py took 0.076 seconds
[2021-12-10 08:40:03,163] {processor.py:163} INFO - Started process (PID=2131) to work on /home/airflow/.local/lib/python3.7/site-packages/airflow/example_dags/example_kubernetes_executor.py
[2021-12-10 08:40:03,165] {processor.py:625} INFO - Processing file /home/airflow/.local/lib/python3.7/site-packages/airflow/example_dags/example_kubernetes_executor.py for tasks to queue
[2021-12-10 08:40:03,166] {logging_mixin.py:109} INFO - [2021-12-10 08:40:03,166] {dagbag.py:500} INFO - Filling up the DagBag from /home/airflow/.local/lib/python3.7/site-packages/airflow/example_dags/example_kubernetes_executor.py
[2021-12-10 08:40:03,197] {processor.py:637} INFO - DAG(s) dict_keys(['example_kubernetes_executor']) retrieved from /home/airflow/.local/lib/python3.7/site-packages/airflow/example_dags/example_kubernetes_executor.py
[2021-12-10 08:40:03,208] {logging_mixin.py:109} INFO - [2021-12-10 08:40:03,208] {dag.py:2396} INFO - Sync 1 DAGs
[2021-12-10 08:40:03,225] {logging_mixin.py:109} INFO - [2021-12-10 08:40:03,225] {dag.py:2928} INFO - Setting next_dagrun for example_kubernetes_executor to None
[2021-12-10 08:40:03,235] {processor.py:171} INFO - Processing /home/airflow/.local/lib/python3.7/site-packages/airflow/example_dags/example_kubernetes_executor.py took 0.076 seconds
[2021-12-10 08:40:33,345] {processor.py:163} INFO - Started process (PID=2183) to work on /home/airflow/.local/lib/python3.7/site-packages/airflow/example_dags/example_kubernetes_executor.py
[2021-12-10 08:40:33,346] {processor.py:625} INFO - Processing file /home/airflow/.local/lib/python3.7/site-packages/airflow/example_dags/example_kubernetes_executor.py for tasks to queue
[2021-12-10 08:40:33,347] {logging_mixin.py:109} INFO - [2021-12-10 08:40:33,347] {dagbag.py:500} INFO - Filling up the DagBag from /home/airflow/.local/lib/python3.7/site-packages/airflow/example_dags/example_kubernetes_executor.py
[2021-12-10 08:40:33,380] {processor.py:637} INFO - DAG(s) dict_keys(['example_kubernetes_executor']) retrieved from /home/airflow/.local/lib/python3.7/site-packages/airflow/example_dags/example_kubernetes_executor.py
[2021-12-10 08:40:33,391] {logging_mixin.py:109} INFO - [2021-12-10 08:40:33,391] {dag.py:2396} INFO - Sync 1 DAGs
[2021-12-10 08:40:33,410] {logging_mixin.py:109} INFO - [2021-12-10 08:40:33,410] {dag.py:2928} INFO - Setting next_dagrun for example_kubernetes_executor to None
[2021-12-10 08:40:33,424] {processor.py:171} INFO - Processing /home/airflow/.local/lib/python3.7/site-packages/airflow/example_dags/example_kubernetes_executor.py took 0.084 seconds
[2021-12-10 08:41:03,604] {processor.py:163} INFO - Started process (PID=2245) to work on /home/airflow/.local/lib/python3.7/site-packages/airflow/example_dags/example_kubernetes_executor.py
[2021-12-10 08:41:03,606] {processor.py:625} INFO - Processing file /home/airflow/.local/lib/python3.7/site-packages/airflow/example_dags/example_kubernetes_executor.py for tasks to queue
[2021-12-10 08:41:03,607] {logging_mixin.py:109} INFO - [2021-12-10 08:41:03,607] {dagbag.py:500} INFO - Filling up the DagBag from /home/airflow/.local/lib/python3.7/site-packages/airflow/example_dags/example_kubernetes_executor.py
[2021-12-10 08:41:03,668] {processor.py:637} INFO - DAG(s) dict_keys(['example_kubernetes_executor']) retrieved from /home/airflow/.local/lib/python3.7/site-packages/airflow/example_dags/example_kubernetes_executor.py
[2021-12-10 08:41:03,680] {logging_mixin.py:109} INFO - [2021-12-10 08:41:03,680] {dag.py:2396} INFO - Sync 1 DAGs
[2021-12-10 08:41:03,696] {logging_mixin.py:109} INFO - [2021-12-10 08:41:03,696] {dag.py:2928} INFO - Setting next_dagrun for example_kubernetes_executor to None
[2021-12-10 08:41:03,707] {processor.py:171} INFO - Processing /home/airflow/.local/lib/python3.7/site-packages/airflow/example_dags/example_kubernetes_executor.py took 0.107 seconds
[2021-12-10 08:41:33,747] {processor.py:163} INFO - Started process (PID=2297) to work on /home/airflow/.local/lib/python3.7/site-packages/airflow/example_dags/example_kubernetes_executor.py
[2021-12-10 08:41:33,748] {processor.py:625} INFO - Processing file /home/airflow/.local/lib/python3.7/site-packages/airflow/example_dags/example_kubernetes_executor.py for tasks to queue
[2021-12-10 08:41:33,749] {logging_mixin.py:109} INFO - [2021-12-10 08:41:33,749] {dagbag.py:500} INFO - Filling up the DagBag from /home/airflow/.local/lib/python3.7/site-packages/airflow/example_dags/example_kubernetes_executor.py
[2021-12-10 08:41:33,778] {processor.py:637} INFO - DAG(s) dict_keys(['example_kubernetes_executor']) retrieved from /home/airflow/.local/lib/python3.7/site-packages/airflow/example_dags/example_kubernetes_executor.py
[2021-12-10 08:41:33,789] {logging_mixin.py:109} INFO - [2021-12-10 08:41:33,789] {dag.py:2396} INFO - Sync 1 DAGs
[2021-12-10 08:41:33,806] {logging_mixin.py:109} INFO - [2021-12-10 08:41:33,806] {dag.py:2928} INFO - Setting next_dagrun for example_kubernetes_executor to None
[2021-12-10 08:41:33,815] {processor.py:171} INFO - Processing /home/airflow/.local/lib/python3.7/site-packages/airflow/example_dags/example_kubernetes_executor.py took 0.072 seconds
[2021-12-10 08:42:04,271] {processor.py:163} INFO - Started process (PID=2361) to work on /home/airflow/.local/lib/python3.7/site-packages/airflow/example_dags/example_kubernetes_executor.py
[2021-12-10 08:42:04,273] {processor.py:625} INFO - Processing file /home/airflow/.local/lib/python3.7/site-packages/airflow/example_dags/example_kubernetes_executor.py for tasks to queue
[2021-12-10 08:42:04,274] {logging_mixin.py:109} INFO - [2021-12-10 08:42:04,274] {dagbag.py:500} INFO - Filling up the DagBag from /home/airflow/.local/lib/python3.7/site-packages/airflow/example_dags/example_kubernetes_executor.py
[2021-12-10 08:42:04,307] {processor.py:637} INFO - DAG(s) dict_keys(['example_kubernetes_executor']) retrieved from /home/airflow/.local/lib/python3.7/site-packages/airflow/example_dags/example_kubernetes_executor.py
[2021-12-10 08:42:04,319] {logging_mixin.py:109} INFO - [2021-12-10 08:42:04,319] {dag.py:2396} INFO - Sync 1 DAGs
[2021-12-10 08:42:04,339] {logging_mixin.py:109} INFO - [2021-12-10 08:42:04,339] {dag.py:2928} INFO - Setting next_dagrun for example_kubernetes_executor to None
[2021-12-10 08:42:04,352] {processor.py:171} INFO - Processing /home/airflow/.local/lib/python3.7/site-packages/airflow/example_dags/example_kubernetes_executor.py took 0.085 seconds
[2021-12-10 08:42:34,392] {processor.py:163} INFO - Started process (PID=2413) to work on /home/airflow/.local/lib/python3.7/site-packages/airflow/example_dags/example_kubernetes_executor.py
[2021-12-10 08:42:34,394] {processor.py:625} INFO - Processing file /home/airflow/.local/lib/python3.7/site-packages/airflow/example_dags/example_kubernetes_executor.py for tasks to queue
[2021-12-10 08:42:34,394] {logging_mixin.py:109} INFO - [2021-12-10 08:42:34,394] {dagbag.py:500} INFO - Filling up the DagBag from /home/airflow/.local/lib/python3.7/site-packages/airflow/example_dags/example_kubernetes_executor.py
[2021-12-10 08:42:34,423] {processor.py:637} INFO - DAG(s) dict_keys(['example_kubernetes_executor']) retrieved from /home/airflow/.local/lib/python3.7/site-packages/airflow/example_dags/example_kubernetes_executor.py
[2021-12-10 08:42:34,433] {logging_mixin.py:109} INFO - [2021-12-10 08:42:34,433] {dag.py:2396} INFO - Sync 1 DAGs
[2021-12-10 08:42:34,451] {logging_mixin.py:109} INFO - [2021-12-10 08:42:34,451] {dag.py:2928} INFO - Setting next_dagrun for example_kubernetes_executor to None
[2021-12-10 08:42:34,462] {processor.py:171} INFO - Processing /home/airflow/.local/lib/python3.7/site-packages/airflow/example_dags/example_kubernetes_executor.py took 0.074 seconds
[2021-12-10 08:43:04,725] {processor.py:163} INFO - Started process (PID=2466) to work on /home/airflow/.local/lib/python3.7/site-packages/airflow/example_dags/example_kubernetes_executor.py
[2021-12-10 08:43:04,727] {processor.py:625} INFO - Processing file /home/airflow/.local/lib/python3.7/site-packages/airflow/example_dags/example_kubernetes_executor.py for tasks to queue
[2021-12-10 08:43:04,727] {logging_mixin.py:109} INFO - [2021-12-10 08:43:04,727] {dagbag.py:500} INFO - Filling up the DagBag from /home/airflow/.local/lib/python3.7/site-packages/airflow/example_dags/example_kubernetes_executor.py
[2021-12-10 08:43:04,760] {processor.py:637} INFO - DAG(s) dict_keys(['example_kubernetes_executor']) retrieved from /home/airflow/.local/lib/python3.7/site-packages/airflow/example_dags/example_kubernetes_executor.py
[2021-12-10 08:43:04,775] {logging_mixin.py:109} INFO - [2021-12-10 08:43:04,775] {dag.py:2396} INFO - Sync 1 DAGs
[2021-12-10 08:43:04,793] {logging_mixin.py:109} INFO - [2021-12-10 08:43:04,793] {dag.py:2928} INFO - Setting next_dagrun for example_kubernetes_executor to None
[2021-12-10 08:43:04,803] {processor.py:171} INFO - Processing /home/airflow/.local/lib/python3.7/site-packages/airflow/example_dags/example_kubernetes_executor.py took 0.081 seconds
[2021-12-10 08:43:35,165] {processor.py:163} INFO - Started process (PID=2526) to work on /home/airflow/.local/lib/python3.7/site-packages/airflow/example_dags/example_kubernetes_executor.py
[2021-12-10 08:43:35,167] {processor.py:625} INFO - Processing file /home/airflow/.local/lib/python3.7/site-packages/airflow/example_dags/example_kubernetes_executor.py for tasks to queue
[2021-12-10 08:43:35,167] {logging_mixin.py:109} INFO - [2021-12-10 08:43:35,167] {dagbag.py:500} INFO - Filling up the DagBag from /home/airflow/.local/lib/python3.7/site-packages/airflow/example_dags/example_kubernetes_executor.py
[2021-12-10 08:43:35,197] {processor.py:637} INFO - DAG(s) dict_keys(['example_kubernetes_executor']) retrieved from /home/airflow/.local/lib/python3.7/site-packages/airflow/example_dags/example_kubernetes_executor.py
[2021-12-10 08:43:35,208] {logging_mixin.py:109} INFO - [2021-12-10 08:43:35,207] {dag.py:2396} INFO - Sync 1 DAGs
[2021-12-10 08:43:35,225] {logging_mixin.py:109} INFO - [2021-12-10 08:43:35,225] {dag.py:2928} INFO - Setting next_dagrun for example_kubernetes_executor to None
[2021-12-10 08:43:35,235] {processor.py:171} INFO - Processing /home/airflow/.local/lib/python3.7/site-packages/airflow/example_dags/example_kubernetes_executor.py took 0.074 seconds
[2021-12-10 08:44:05,382] {processor.py:163} INFO - Started process (PID=2578) to work on /home/airflow/.local/lib/python3.7/site-packages/airflow/example_dags/example_kubernetes_executor.py
[2021-12-10 08:44:05,384] {processor.py:625} INFO - Processing file /home/airflow/.local/lib/python3.7/site-packages/airflow/example_dags/example_kubernetes_executor.py for tasks to queue
[2021-12-10 08:44:05,384] {logging_mixin.py:109} INFO - [2021-12-10 08:44:05,384] {dagbag.py:500} INFO - Filling up the DagBag from /home/airflow/.local/lib/python3.7/site-packages/airflow/example_dags/example_kubernetes_executor.py
[2021-12-10 08:44:05,434] {processor.py:637} INFO - DAG(s) dict_keys(['example_kubernetes_executor']) retrieved from /home/airflow/.local/lib/python3.7/site-packages/airflow/example_dags/example_kubernetes_executor.py
[2021-12-10 08:44:05,444] {logging_mixin.py:109} INFO - [2021-12-10 08:44:05,444] {dag.py:2396} INFO - Sync 1 DAGs
[2021-12-10 08:44:05,461] {logging_mixin.py:109} INFO - [2021-12-10 08:44:05,461] {dag.py:2928} INFO - Setting next_dagrun for example_kubernetes_executor to None
[2021-12-10 08:44:05,476] {processor.py:171} INFO - Processing /home/airflow/.local/lib/python3.7/site-packages/airflow/example_dags/example_kubernetes_executor.py took 0.097 seconds
[2021-12-10 08:44:35,583] {processor.py:163} INFO - Started process (PID=2640) to work on /home/airflow/.local/lib/python3.7/site-packages/airflow/example_dags/example_kubernetes_executor.py
[2021-12-10 08:44:35,585] {processor.py:625} INFO - Processing file /home/airflow/.local/lib/python3.7/site-packages/airflow/example_dags/example_kubernetes_executor.py for tasks to queue
[2021-12-10 08:44:35,586] {logging_mixin.py:109} INFO - [2021-12-10 08:44:35,586] {dagbag.py:500} INFO - Filling up the DagBag from /home/airflow/.local/lib/python3.7/site-packages/airflow/example_dags/example_kubernetes_executor.py
[2021-12-10 08:44:35,615] {processor.py:637} INFO - DAG(s) dict_keys(['example_kubernetes_executor']) retrieved from /home/airflow/.local/lib/python3.7/site-packages/airflow/example_dags/example_kubernetes_executor.py
[2021-12-10 08:44:35,626] {logging_mixin.py:109} INFO - [2021-12-10 08:44:35,625] {dag.py:2396} INFO - Sync 1 DAGs
[2021-12-10 08:44:35,643] {logging_mixin.py:109} INFO - [2021-12-10 08:44:35,643] {dag.py:2928} INFO - Setting next_dagrun for example_kubernetes_executor to None
[2021-12-10 08:44:35,653] {processor.py:171} INFO - Processing /home/airflow/.local/lib/python3.7/site-packages/airflow/example_dags/example_kubernetes_executor.py took 0.073 seconds
[2021-12-10 08:45:06,648] {processor.py:163} INFO - Started process (PID=2693) to work on /home/airflow/.local/lib/python3.7/site-packages/airflow/example_dags/example_kubernetes_executor.py
[2021-12-10 08:45:06,650] {processor.py:625} INFO - Processing file /home/airflow/.local/lib/python3.7/site-packages/airflow/example_dags/example_kubernetes_executor.py for tasks to queue
[2021-12-10 08:45:06,651] {logging_mixin.py:109} INFO - [2021-12-10 08:45:06,651] {dagbag.py:500} INFO - Filling up the DagBag from /home/airflow/.local/lib/python3.7/site-packages/airflow/example_dags/example_kubernetes_executor.py
[2021-12-10 08:45:06,680] {processor.py:637} INFO - DAG(s) dict_keys(['example_kubernetes_executor']) retrieved from /home/airflow/.local/lib/python3.7/site-packages/airflow/example_dags/example_kubernetes_executor.py
[2021-12-10 08:45:06,690] {logging_mixin.py:109} INFO - [2021-12-10 08:45:06,690] {dag.py:2396} INFO - Sync 1 DAGs
[2021-12-10 08:45:06,707] {logging_mixin.py:109} INFO - [2021-12-10 08:45:06,707] {dag.py:2928} INFO - Setting next_dagrun for example_kubernetes_executor to None
[2021-12-10 08:45:06,716] {processor.py:171} INFO - Processing /home/airflow/.local/lib/python3.7/site-packages/airflow/example_dags/example_kubernetes_executor.py took 0.072 seconds
[2021-12-10 08:45:36,863] {processor.py:163} INFO - Started process (PID=2746) to work on /home/airflow/.local/lib/python3.7/site-packages/airflow/example_dags/example_kubernetes_executor.py
[2021-12-10 08:45:36,865] {processor.py:625} INFO - Processing file /home/airflow/.local/lib/python3.7/site-packages/airflow/example_dags/example_kubernetes_executor.py for tasks to queue
[2021-12-10 08:45:36,866] {logging_mixin.py:109} INFO - [2021-12-10 08:45:36,866] {dagbag.py:500} INFO - Filling up the DagBag from /home/airflow/.local/lib/python3.7/site-packages/airflow/example_dags/example_kubernetes_executor.py
[2021-12-10 08:45:36,895] {processor.py:637} INFO - DAG(s) dict_keys(['example_kubernetes_executor']) retrieved from /home/airflow/.local/lib/python3.7/site-packages/airflow/example_dags/example_kubernetes_executor.py
[2021-12-10 08:45:36,908] {logging_mixin.py:109} INFO - [2021-12-10 08:45:36,908] {dag.py:2396} INFO - Sync 1 DAGs
[2021-12-10 08:45:36,926] {logging_mixin.py:109} INFO - [2021-12-10 08:45:36,926] {dag.py:2928} INFO - Setting next_dagrun for example_kubernetes_executor to None
[2021-12-10 08:45:36,937] {processor.py:171} INFO - Processing /home/airflow/.local/lib/python3.7/site-packages/airflow/example_dags/example_kubernetes_executor.py took 0.077 seconds
[2021-12-10 08:46:07,504] {processor.py:163} INFO - Started process (PID=2807) to work on /home/airflow/.local/lib/python3.7/site-packages/airflow/example_dags/example_kubernetes_executor.py
[2021-12-10 08:46:07,507] {processor.py:625} INFO - Processing file /home/airflow/.local/lib/python3.7/site-packages/airflow/example_dags/example_kubernetes_executor.py for tasks to queue
[2021-12-10 08:46:07,507] {logging_mixin.py:109} INFO - [2021-12-10 08:46:07,507] {dagbag.py:500} INFO - Filling up the DagBag from /home/airflow/.local/lib/python3.7/site-packages/airflow/example_dags/example_kubernetes_executor.py
[2021-12-10 08:46:07,537] {processor.py:637} INFO - DAG(s) dict_keys(['example_kubernetes_executor']) retrieved from /home/airflow/.local/lib/python3.7/site-packages/airflow/example_dags/example_kubernetes_executor.py
[2021-12-10 08:46:07,549] {logging_mixin.py:109} INFO - [2021-12-10 08:46:07,549] {dag.py:2396} INFO - Sync 1 DAGs
[2021-12-10 08:46:07,569] {logging_mixin.py:109} INFO - [2021-12-10 08:46:07,569] {dag.py:2928} INFO - Setting next_dagrun for example_kubernetes_executor to None
[2021-12-10 08:46:07,685] {processor.py:171} INFO - Processing /home/airflow/.local/lib/python3.7/site-packages/airflow/example_dags/example_kubernetes_executor.py took 0.185 seconds
[2021-12-10 08:46:38,317] {processor.py:163} INFO - Started process (PID=2859) to work on /home/airflow/.local/lib/python3.7/site-packages/airflow/example_dags/example_kubernetes_executor.py
[2021-12-10 08:46:38,319] {processor.py:625} INFO - Processing file /home/airflow/.local/lib/python3.7/site-packages/airflow/example_dags/example_kubernetes_executor.py for tasks to queue
[2021-12-10 08:46:38,320] {logging_mixin.py:109} INFO - [2021-12-10 08:46:38,319] {dagbag.py:500} INFO - Filling up the DagBag from /home/airflow/.local/lib/python3.7/site-packages/airflow/example_dags/example_kubernetes_executor.py
[2021-12-10 08:46:38,349] {processor.py:637} INFO - DAG(s) dict_keys(['example_kubernetes_executor']) retrieved from /home/airflow/.local/lib/python3.7/site-packages/airflow/example_dags/example_kubernetes_executor.py
[2021-12-10 08:46:38,360] {logging_mixin.py:109} INFO - [2021-12-10 08:46:38,360] {dag.py:2396} INFO - Sync 1 DAGs
[2021-12-10 08:46:38,498] {logging_mixin.py:109} INFO - [2021-12-10 08:46:38,498] {dag.py:2928} INFO - Setting next_dagrun for example_kubernetes_executor to None
[2021-12-10 08:46:38,509] {processor.py:171} INFO - Processing /home/airflow/.local/lib/python3.7/site-packages/airflow/example_dags/example_kubernetes_executor.py took 0.195 seconds
[2021-12-10 08:47:09,190] {processor.py:163} INFO - Started process (PID=2920) to work on /home/airflow/.local/lib/python3.7/site-packages/airflow/example_dags/example_kubernetes_executor.py
[2021-12-10 08:47:09,192] {processor.py:625} INFO - Processing file /home/airflow/.local/lib/python3.7/site-packages/airflow/example_dags/example_kubernetes_executor.py for tasks to queue
[2021-12-10 08:47:09,193] {logging_mixin.py:109} INFO - [2021-12-10 08:47:09,193] {dagbag.py:500} INFO - Filling up the DagBag from /home/airflow/.local/lib/python3.7/site-packages/airflow/example_dags/example_kubernetes_executor.py
[2021-12-10 08:47:09,221] {processor.py:637} INFO - DAG(s) dict_keys(['example_kubernetes_executor']) retrieved from /home/airflow/.local/lib/python3.7/site-packages/airflow/example_dags/example_kubernetes_executor.py
[2021-12-10 08:47:09,231] {logging_mixin.py:109} INFO - [2021-12-10 08:47:09,231] {dag.py:2396} INFO - Sync 1 DAGs
[2021-12-10 08:47:09,353] {logging_mixin.py:109} INFO - [2021-12-10 08:47:09,353] {dag.py:2928} INFO - Setting next_dagrun for example_kubernetes_executor to None
[2021-12-10 08:47:09,362] {processor.py:171} INFO - Processing /home/airflow/.local/lib/python3.7/site-packages/airflow/example_dags/example_kubernetes_executor.py took 0.176 seconds
