[2021-12-13 19:34:33,361] {taskinstance.py:1035} INFO - Dependencies all met for <TaskInstance: postgres_operator_dag.get_all_pets manual__2021-12-13T19:34:30.593116+00:00 [queued]>
[2021-12-13 19:34:33,372] {taskinstance.py:1035} INFO - Dependencies all met for <TaskInstance: postgres_operator_dag.get_all_pets manual__2021-12-13T19:34:30.593116+00:00 [queued]>
[2021-12-13 19:34:33,372] {taskinstance.py:1241} INFO - 
--------------------------------------------------------------------------------
[2021-12-13 19:34:33,372] {taskinstance.py:1242} INFO - Starting attempt 1 of 1
[2021-12-13 19:34:33,372] {taskinstance.py:1243} INFO - 
--------------------------------------------------------------------------------
[2021-12-13 19:34:33,385] {taskinstance.py:1262} INFO - Executing <Task(PostgresOperator): get_all_pets> on 2021-12-13 19:34:30.593116+00:00
[2021-12-13 19:34:33,390] {standard_task_runner.py:52} INFO - Started process 872 to run task
[2021-12-13 19:34:33,393] {standard_task_runner.py:76} INFO - Running: ['***', 'tasks', 'run', 'postgres_operator_dag', 'get_all_pets', 'manual__2021-12-13T19:34:30.593116+00:00', '--job-id', '9', '--raw', '--subdir', 'DAGS_FOLDER/example_postgres.py', '--cfg-path', '/tmp/tmp6yfec3ol', '--error-file', '/tmp/tmpi6n4bwrm']
[2021-12-13 19:34:33,394] {standard_task_runner.py:77} INFO - Job 9: Subtask get_all_pets
[2021-12-13 19:34:33,432] {logging_mixin.py:109} INFO - Running <TaskInstance: postgres_operator_dag.get_all_pets manual__2021-12-13T19:34:30.593116+00:00 [running]> on host ef07609851a1
[2021-12-13 19:34:33,481] {taskinstance.py:1429} INFO - Exporting the following env vars:
AIRFLOW_CTX_DAG_OWNER=***
AIRFLOW_CTX_DAG_ID=postgres_operator_dag
AIRFLOW_CTX_TASK_ID=get_all_pets
AIRFLOW_CTX_EXECUTION_DATE=2021-12-13T19:34:30.593116+00:00
AIRFLOW_CTX_DAG_RUN_ID=manual__2021-12-13T19:34:30.593116+00:00
[2021-12-13 19:34:33,491] {base.py:79} INFO - Using connection to: id: postgres_***_db. Host: postgres-***, Port: 5432, Schema: , Login: ***, Password: ***, extra: {}
[2021-12-13 19:34:33,495] {dbapi.py:225} INFO - Running statement: SELECT * FROM pet;, parameters: None
[2021-12-13 19:34:33,496] {dbapi.py:233} INFO - Rows affected: 8
[2021-12-13 19:34:33,511] {taskinstance.py:1280} INFO - Marking task as SUCCESS. dag_id=postgres_operator_dag, task_id=get_all_pets, execution_date=20211213T193430, start_date=20211213T193433, end_date=20211213T193433
[2021-12-13 19:34:33,565] {local_task_job.py:154} INFO - Task exited with return code 0
[2021-12-13 19:34:33,603] {local_task_job.py:264} INFO - 1 downstream tasks scheduled from follow-on schedule check
